
Abstract Syntax:
[ 1:]
void main( ):
[ 2:] $2{c} := 1
[ 3:] while [ 4:] ( true ) do
[ 5:]   $1{x} := $2{c}
[ 6:]   while [ 7:] ( $1{x} > 0 ) do
[ 8:]     $1{x} := $1{x} - 1
[ 9:]     $2{c} := $2{c} + 1
[10:]
        od
[11:]
      od
[12:]

Property: $1{x} <= 0 && $1{x} >= 0

Forward Analysis:
[ 1:]: top
[ 2:]: top
[ 3:]: $2{c} == 1
[ 4:]: $2{c} >= 1
[ 5:]: $2{c} >= 1
[ 6:]: $1{x} >= 1 && -$1{x}+$2{c} == 0
[ 7:]: $1{x}+$2{c} >= 2 && -$1{x}+$2{c} >= 0
[ 8:]: $1{x} >= 1 && -$1{x}+$2{c} >= 0
[ 9:]: $1{x} >= 0 && -$1{x}+$2{c} >= 1
[10:]: $1{x} >= 0 && -$1{x}+$2{c} >= 2
[11:]: $1{x}+$2{c} >= 2 && -$1{x} >= 0
[12:]: bottom

Backward Analysis:
[ 1:]:
-$1{x} >= 1 ? 5
$1{x} == 0 ? 0.
$1{x} >= 1 ? 5

[ 2:]:
-$1{x} >= 1 ? 5
$1{x} == 0 ? 0.
$1{x} >= 1 ? 5

[ 3:]:
-$2{c} >= 1 && -$1{x} >= 1 ? bottom
-$2{c} >= 1 && $1{x} == 0 ? 0.
$1{x} >= 1 && -$2{c} >= 1 ? bottom
-$1{x} >= 1 && $2{c} == 0 ? 2
$1{x} == 0 && $2{c} == 0 ? 0.
$1{x} >= 1 && $2{c} == 0 ? 2
-$1{x} >= 1 && $2{c} == 1 ? 4
$1{x} == 0 && $2{c} == 1 ? 0.
$1{x} >= 1 && $2{c} == 1 ? 4
-$1{x} >= 1 && $2{c} == 2 ? 7
$1{x} == 0 && $2{c} == 2 ? 0.
$1{x} >= 1 && $2{c} == 2 ? 7
$2{c} >= 3 && -$1{x} >= 1 ? 3$2{c}+1
$2{c} >= 3 && $1{x} == 0 ? 0.
$1{x} >= 1 && $2{c} >= 3 ? 3$2{c}+1

[ 4:]:
-$2{c} >= 1 && -$1{x} >= 1 ? bottom
-$2{c} >= 1 && $1{x} == 0 ? 0.
$1{x} >= 1 && -$2{c} >= 1 ? bottom
-$1{x} >= 1 && $2{c} == 0 ? 2
$1{x} == 0 && $2{c} == 0 ? 0.
$1{x} >= 1 && $2{c} == 0 ? 2
-$1{x} >= 1 && $2{c} == 1 ? 4
$1{x} == 0 && $2{c} == 1 ? 0.
$1{x} >= 1 && $2{c} == 1 ? 4
-$1{x} >= 1 && $2{c} == 2 ? 7
$1{x} == 0 && $2{c} == 2 ? 0.
$1{x} >= 1 && $2{c} == 2 ? 7
$2{c} >= 3 && -$1{x} >= 1 ? 3$2{c}+1
$2{c} >= 3 && $1{x} == 0 ? 0.
$1{x} >= 1 && $2{c} >= 3 ? 3$2{c}+1

[ 5:]:
-$2{c} >= 2 && -$1{x} >= 1 ? bottom
-$2{c} >= 2 && $1{x} == 0 ? 0.
$1{x} >= 1 && -$2{c} >= 2 ? bottom
-$1{x} >= 1 && $2{c} == -1 ? bottom
$1{x} == 0 && $2{c} == -1 ? 0.
$1{x} >= 1 && $2{c} == -1 ? bottom
-$1{x} >= 1 && $2{c} == 0 ? 1
$1{x} == 0 && $2{c} == 0 ? 0.
$1{x} >= 1 && $2{c} == 0 ? 1
-$1{x} >= 1 && $2{c} == 1 ? 3
$1{x} == 0 && $2{c} == 1 ? 0.
$1{x} >= 1 && $2{c} == 1 ? 3
-$1{x} >= 1 && $2{c} == 2 ? 6
$1{x} == 0 && $2{c} == 2 ? 0.
$1{x} >= 1 && $2{c} == 2 ? 6
$2{c} >= 3 && -$1{x} >= 1 ? 3$2{c}+0
$2{c} >= 3 && $1{x} == 0 ? 0.
$1{x} >= 1 && $2{c} >= 3 ? 3$2{c}+0

[ 6:]:
-$2{c} >= 2 && -$1{x} >= 1 ? bottom
-$2{c} >= 2 && $1{x} == 0 ? 0.
$1{x} >= 1 && -$2{c} >= 2 ? 3$1{x}-1
-$1{x} >= 1 && $2{c} == -1 ? bottom
$1{x} == 0 && $2{c} == -1 ? 0.
$1{x} >= 1 && $2{c} == -1 ? 3$1{x}-1
-$1{x} >= 1 && $2{c} == 0 ? 3
$1{x} == 0 && $2{c} == 0 ? 0.
$1{x} >= 1 && $2{c} == 0 ? 3$1{x}-1
-$1{x} >= 1 && $2{c} == 1 ? 5
$1{x} == 0 && $2{c} == 1 ? 0.
$1{x} >= 1 && $2{c} == 1 ? 3$1{x}-1
-$1{x} >= 1 && $2{c} == 2 ? 8
$1{x} == 0 && $2{c} == 2 ? 0.
$1{x} >= 1 && $2{c} == 2 ? 3$1{x}-1
$2{c} >= 3 && -$1{x} >= 1 ? 3$2{c}+2
$2{c} >= 3 && $1{x} == 0 ? 0.
$1{x} >= 1 && $2{c} >= 3 ? 3$1{x}-1

[ 7:]:
-$2{c} >= 2 && -$1{x} >= 1 ? bottom
-$2{c} >= 2 && $1{x} == 0 ? 0
$1{x} >= 1 && -$2{c} >= 2 ? 3$1{x}-1
-$1{x} >= 1 && $2{c} == -1 ? bottom
$1{x} == 0 && $2{c} == -1 ? 0
$1{x} >= 1 && $2{c} == -1 ? 3$1{x}-1
-$1{x} >= 1 && $2{c} == 0 ? 3
$1{x} == 0 && $2{c} == 0 ? 0
$1{x} >= 1 && $2{c} == 0 ? 3$1{x}-1
-$1{x} >= 1 && $2{c} == 1 ? 5
$1{x} == 0 && $2{c} == 1 ? 0
$1{x} >= 1 && $2{c} == 1 ? 3$1{x}-1
-$1{x} >= 1 && $2{c} == 2 ? 8
$1{x} == 0 && $2{c} == 2 ? 0
$1{x} >= 1 && $2{c} == 2 ? 3$1{x}-1
$2{c} >= 3 && -$1{x} >= 1 ? 3$2{c}+2
$2{c} >= 3 && $1{x} == 0 ? 0
$1{x} >= 1 && $2{c} >= 3 ? 3$1{x}-1

[ 8:]:
-$2{c} >= 3 && -$1{x} >= 1 ? bottom
-$2{c} >= 3 && $1{x} == 0 ? 0.
$1{x} >= 1 && -$2{c} >= 3 ? 3$1{x}-2
-$1{x} >= 1 && $2{c} == -2 ? bottom
$1{x} == 0 && $2{c} == -2 ? 0.
$1{x} >= 1 && $2{c} == -2 ? 3$1{x}-2
-$1{x} >= 1 && $2{c} == -1 ? 5
$1{x} == 0 && $2{c} == -1 ? 0.
$1{x} >= 1 && $2{c} == -1 ? 3$1{x}-2
-$1{x} >= 1 && $2{c} == 0 ? 7
$1{x} == 0 && $2{c} == 0 ? 0.
$1{x} >= 1 && $2{c} == 0 ? 3$1{x}-2
-$1{x} >= 1 && $2{c} == 1 ? 10
$1{x} == 0 && $2{c} == 1 ? 0.
$1{x} >= 1 && $2{c} == 1 ? 3$1{x}-2
$2{c} >= 2 && -$1{x} >= 1 ? 3$2{c}+7
$2{c} >= 2 && $1{x} == 0 ? 0.
$1{x} >= 1 && $2{c} >= 2 ? 3$1{x}-2

[ 9:]:
-$2{c} >= 3 && -$1{x} >= 1 ? bottom
$1{x} >= 0 && -$2{c} >= 3 ? 3$1{x}+0
-$1{x} >= 1 && $2{c} == -2 ? bottom
$1{x} >= 0 && $2{c} == -2 ? 3$1{x}+0
-$1{x} >= 1 && $2{c} == -1 ? 4
$1{x} >= 0 && $2{c} == -1 ? 3$1{x}+0
$2{c} >= 0 && -$1{x} >= 1 ? 3$2{c}+6
$1{x} >= 0 && $2{c} >= 0 ? 3$1{x}+0

[10:]:
-$2{c} >= 2 && -$1{x} >= 1 ? bottom
-$2{c} >= 2 && $1{x} == 0 ? 0.
$1{x} >= 1 && -$2{c} >= 2 ? 3$1{x}-1
-$1{x} >= 1 && $2{c} == -1 ? bottom
$1{x} == 0 && $2{c} == -1 ? 0.
$1{x} >= 1 && $2{c} == -1 ? 3$1{x}-1
-$1{x} >= 1 && $2{c} == 0 ? 3
$1{x} == 0 && $2{c} == 0 ? 0.
$1{x} >= 1 && $2{c} == 0 ? 3$1{x}-1
-$1{x} >= 1 && $2{c} == 1 ? 5
$1{x} == 0 && $2{c} == 1 ? 0.
$1{x} >= 1 && $2{c} == 1 ? 3$1{x}-1
-$1{x} >= 1 && $2{c} == 2 ? 8
$1{x} == 0 && $2{c} == 2 ? 0.
$1{x} >= 1 && $2{c} == 2 ? 3$1{x}-1
$2{c} >= 3 && -$1{x} >= 1 ? 3$2{c}+2
$2{c} >= 3 && $1{x} == 0 ? 0.
$1{x} >= 1 && $2{c} >= 3 ? 3$1{x}-1

[11:]:
-$2{c} >= 1 && -$1{x} >= 1 ? bottom
-$2{c} >= 1 && $1{x} == 0 ? 0.
$1{x} >= 1 && -$2{c} >= 1 ? bottom
-$1{x} >= 1 && $2{c} == 0 ? 2
$1{x} == 0 && $2{c} == 0 ? 0.
$1{x} >= 1 && $2{c} == 0 ? 2
-$1{x} >= 1 && $2{c} == 1 ? 4
$1{x} == 0 && $2{c} == 1 ? 0.
$1{x} >= 1 && $2{c} == 1 ? 4
-$1{x} >= 1 && $2{c} == 2 ? 7
$1{x} == 0 && $2{c} == 2 ? 0.
$1{x} >= 1 && $2{c} == 2 ? 7
$2{c} >= 3 && -$1{x} >= 1 ? 3$2{c}+1
$2{c} >= 3 && $1{x} == 0 ? 0.
$1{x} >= 1 && $2{c} >= 3 ? 3$2{c}+1

[12:]:
-$1{x} >= 1 ? bottom
$1{x} == 0 ? 0.
$1{x} >= 1 ? bottom

Analysis Result: TRUE

Done.
