
Abstract Syntax:
[ 1:]
int main( ):
[ 2:] $3{count} := 0
[ 3:] $4{enable} := 0
[ 4:] while [ 5:] ( 1 < 0 || 1 > 0 ) do
[ 6:]   $2{ch4} := ?
[ 7:]   if ( $2{ch4} <= 12000 ) then
[ 8:]     $4{enable} := 1
[ 9:]     $3{count} := 15
[10:]
        else
[11:]     if ( $2{ch4} > 12000 && $2{ch4} < 60000 ) then
[12:]       if ( $3{count} < 0 ) then
[13:]         $4{enable} := 0
[14:]
            else
[15:]         $3{count} := $3{count} - 1
[16:]
            endif
[17:]
          else
[18:]
          endif
[19:]
        endif
[20:]
      od
[21:]

Property: $4{enable} <= 0 && $4{enable} >= 0

Forward Analysis:
[ 1:]: top
[ 2:]: top
[ 3:]: $3{count} == 0
[ 4:]: $3{count} == 0 && $4{enable} == 0
[ 5:]: $4{enable} >= 0 && -$3{count}+15$4{enable} >= 0
[ 6:]: $4{enable} >= 0 && -$3{count}+15$4{enable} >= 0
[ 7:]: $4{enable} >= 0 && -$3{count}+15$4{enable} >= 0
[ 8:]: $4{enable} >= 0 && -$3{count}+15$4{enable} >= 0 && -$2{ch4} >= -12000
[ 9:]: -$2{ch4} >= -12000 && $4{enable} == 1
[10:]: -$2{ch4} >= -12000 && $3{count} == 15 && $4{enable} == 1
[11:]: $2{ch4} >= 12001 && $4{enable} >= 0 && -$3{count}+15$4{enable} >= 0
[12:]: $2{ch4} >= 12001 && $4{enable} >= 0 && -$3{count}+15$4{enable} >= 0 && -$2{ch4} >= -59999
[13:]: $2{ch4} >= 12001 && $4{enable} >= 0 && -$3{count} >= 1 && -$2{ch4} >= -59999
[14:]: $2{ch4} >= 12001 && -$3{count} >= 1 && -$2{ch4} >= -59999 && $4{enable} == 0
[15:]: $2{ch4} >= 12001 && $3{count} >= 0 && -$3{count}+15$4{enable} >= 0 && -$2{ch4} >= -59999
[16:]: $2{ch4} >= 12001 && $3{count} >= -1 && -$3{count}+15$4{enable} >= 1 && -$2{ch4} >= -59999
[17:]: $2{ch4} >= 12001 && $4{enable} >= 0 && -$3{count}+15$4{enable} >= 1 && -$2{ch4} >= -59999
[18:]: $2{ch4} >= 60000 && $4{enable} >= 0 && -$3{count}+15$4{enable} >= 0
[19:]: $2{ch4} >= 12001 && $2{ch4}-47999$3{count}+719985$4{enable} >= 60000 && $4{enable} >= 0 && -$3{count}+15$4{enable} >= 0
[20:]: $4{enable} >= 0 && -$3{count}+15$4{enable} >= 0
[21:]: bottom

Backward Analysis:
[ 1:]:
-$4{enable} >= 1 ? 2
$4{enable} == 0 ? 0.
$4{enable} >= 1 ? 2

[ 2:]:
-$4{enable} >= 1 ? 2
$4{enable} == 0 ? 0.
$4{enable} >= 1 ? 2

[ 3:]:
-$4{enable} >= 1 ? 1
$4{enable} == 0 ? 0.
$4{enable} >= 1 ? 1

[ 4:]:
-$4{enable} >= 1 ? bottom
$4{enable} == 0 ? 0.
$4{enable} >= 1 ? bottom

[ 5:]:
-$4{enable} >= 1 ? bottom
$4{enable} == 0 ? 0.
$4{enable} >= 1 ? bottom

[ 6:]:
-$4{enable} >= 1 ? bottom
$4{enable} == 0 ? 0.
$4{enable} >= 1 ? bottom

[ 7:]:
-$4{enable} >= 1 && -$2{ch4} >= -12000 ? bottom
$2{ch4} >= 12001 && -$4{enable} >= 1 && -$2{ch4} >= -59999 ? 4
$2{ch4} >= 60000 && -$4{enable} >= 1 ? bottom
$4{enable} == 0 ? 0.
$4{enable} >= 1 && -$2{ch4} >= -12000 ? bottom
$2{ch4} >= 12001 && $4{enable} >= 1 && -$2{ch4} >= -59999 ? 4
$2{ch4} >= 60000 && $4{enable} >= 1 ? bottom

[ 8:]:
-$4{enable} >= 1 ? bottom
$4{enable} == 0 ? 0.
$4{enable} >= 1 ? bottom

[ 9:]:
-$4{enable} >= 1 ? bottom
$4{enable} == 0 ? 0.
$4{enable} >= 1 ? bottom

[10:]:
-$4{enable} >= 1 ? bottom
$4{enable} == 0 ? 0.
$4{enable} >= 1 ? bottom

[11:]:
-$4{enable} >= 1 && -$2{ch4} >= -12000 ? bottom
$2{ch4} >= 12001 && -$4{enable} >= 1 && -$2{ch4} >= -59999 ? 3
$2{ch4} >= 60000 && -$4{enable} >= 1 ? bottom
$4{enable} == 0 ? 0.
$4{enable} >= 1 && -$2{ch4} >= -12000 ? bottom
$2{ch4} >= 12001 && $4{enable} >= 1 && -$2{ch4} >= -59999 ? 3
$2{ch4} >= 60000 && $4{enable} >= 1 ? bottom

[12:]:
-$4{enable} >= 1 && -$3{count} >= 1 ? 2
$3{count} >= 0 && -$4{enable} >= 1 ? bottom
$4{enable} == 0 ? 0.
$4{enable} >= 1 && -$3{count} >= 1 ? 2
$3{count} >= 0 && $4{enable} >= 1 ? bottom

[13:]:
-$4{enable} >= 1 ? 1
$4{enable} == 0 ? 0.
$4{enable} >= 1 ? 1

[14:]:
-$4{enable} >= 1 ? bottom
$4{enable} == 0 ? 0.
$4{enable} >= 1 ? bottom

[15:]:
-$4{enable} >= 1 ? bottom
$4{enable} == 0 ? 0.
$4{enable} >= 1 ? bottom

[16:]:
-$4{enable} >= 1 ? bottom
$4{enable} == 0 ? 0.
$4{enable} >= 1 ? bottom

[17:]:
-$4{enable} >= 1 ? bottom
$4{enable} == 0 ? 0.
$4{enable} >= 1 ? bottom

[18:]:
-$4{enable} >= 1 ? bottom
$4{enable} == 0 ? 0.
$4{enable} >= 1 ? bottom

[19:]:
-$4{enable} >= 1 ? bottom
$4{enable} == 0 ? 0.
$4{enable} >= 1 ? bottom

[20:]:
-$4{enable} >= 1 ? bottom
$4{enable} == 0 ? 0.
$4{enable} >= 1 ? bottom

[21:]:
-$4{enable} >= 1 ? bottom
$4{enable} == 0 ? 0.
$4{enable} >= 1 ? bottom

Analysis Result: TRUE

Done.
