
CFG:
List of variables:
  $1{x}:int at tests/pingpong.c:11.5-6
  $2{y}:int at tests/pingpong.c:11.12-13
  $3{z}:int at tests/pingpong.c:11.19-20

List of functions:
  1: main() -> void at tests/pingpong.c:10.0-130.1, entry: 60, exit: 59, calls:

List of nodes:
  60: at :0:-1, in: out:1 
  59: at :0:-1, in: 2 out:
  1: at tests/pingpong.c:10:0, in: 60 out:4 
  2: at tests/pingpong.c:130:1, in: 46 55 53 52 44 42 41 33 30 22 18 16 15 out:59 
  3: at tests/pingpong.c:11:25, in: 5 out:6 7 
  4: at tests/pingpong.c:11:24, in: 1 out:5 
  5: at tests/pingpong.c:11:17, in: 4 out:3 
  6: at tests/pingpong.c:58:8, in: 3 out:24 
  7: at tests/pingpong.c:19:12, in: 3 out:8 9 
  8: at tests/pingpong.c:49:9, in: 7 out:20 
  9: at tests/pingpong.c:25:9, in: 7 out:10 
  10: at tests/pingpong.c:26:9, in: 9 out:11 12 
  11: at tests/pingpong.c:42:10, in: 10 out:17 
  12: at tests/pingpong.c:31:14, in: 10 out:13 14 
  13: at tests/pingpong.c:38:11, in: 12 out:16 
  14: at tests/pingpong.c:35:11, in: 12 out:15 
  15: at tests/pingpong.c:36:11, in: 14 out:2 
  16: at tests/pingpong.c:39:11, in: 13 out:2 
  17: at tests/pingpong.c:43:10, in: 19 11 out:18 19 
  18: at tests/pingpong.c:46:19, in: 17 out:2 
  19: at tests/pingpong.c:46:18, in: 17 out:17 
  20: at tests/pingpong.c:50:9, in: 8 out:21 
  21: at tests/pingpong.c:54:9, in: 23 20 out:22 23 
  22: at tests/pingpong.c:55:18, in: 21 out:2 
  23: at tests/pingpong.c:55:17, in: 21 out:21 
  24: at tests/pingpong.c:59:8, in: 6 out:25 26 
  25: at tests/pingpong.c:79:9, in: 24 out:35 36 
  26: at tests/pingpong.c:65:22, in: 24 out:27 28 
  27: at tests/pingpong.c:72:10, in: 26 out:32 
  28: at tests/pingpong.c:66:10, in: 26 out:29 
  29: at tests/pingpong.c:67:10, in: 31 28 out:30 31 
  30: at tests/pingpong.c:70:19, in: 29 out:2 
  31: at tests/pingpong.c:70:18, in: 29 out:29 
  32: at tests/pingpong.c:73:10, in: 34 27 out:33 34 
  33: at tests/pingpong.c:76:19, in: 32 out:2 
  34: at tests/pingpong.c:76:18, in: 32 out:32 
  35: at tests/pingpong.c:102:9, in: 25 out:46 47 
  36: at tests/pingpong.c:79:20, in: 25 out:37 38 
  37: at tests/pingpong.c:95:10, in: 36 out:43 
  38: at tests/pingpong.c:84:14, in: 36 out:39 40 
  39: at tests/pingpong.c:91:11, in: 38 out:42 
  40: at tests/pingpong.c:88:11, in: 38 out:41 
  41: at tests/pingpong.c:89:11, in: 40 out:2 
  42: at tests/pingpong.c:92:11, in: 39 out:2 
  43: at tests/pingpong.c:96:10, in: 45 37 out:44 45 
  44: at tests/pingpong.c:99:19, in: 43 out:2 
  45: at tests/pingpong.c:99:18, in: 43 out:43 
  46: at tests/pingpong.c:125:9, in: 35 out:2 
  47: at tests/pingpong.c:102:20, in: 35 out:48 49 
  48: at tests/pingpong.c:118:10, in: 47 out:54 
  49: at tests/pingpong.c:107:14, in: 47 out:50 51 
  50: at tests/pingpong.c:114:11, in: 49 out:53 
  51: at tests/pingpong.c:111:11, in: 49 out:52 
  52: at tests/pingpong.c:112:11, in: 51 out:2 
  53: at tests/pingpong.c:115:11, in: 50 out:2 
  54: at tests/pingpong.c:119:10, in: 56 48 out:55 56 
  55: at tests/pingpong.c:122:19, in: 54 out:2 
  56: at tests/pingpong.c:122:18, in: 54 out:54 
  57: at tests/pingpong.c:10:0, in: out:58 
  58: at tests/pingpong.c:130:1, in: 57 out:

List of arcs:
  60 -> 1: label entry
  2 -> 59: label exit
  1 -> 4: $3{z} = 0
  4 -> 5: $2{y} = 0
  5 -> 3: $1{x} = 0
  3 -> 7: $1{x} > 0 ?
  3 -> 6: ! ($1{x} > 0) ?
  7 -> 9: brand ?
  7 -> 8: ! (brand) ?
  9 -> 10: $1{x} = 1
  10 -> 12: $2{y} > 0 ?
  10 -> 11: ! ($2{y} > 0) ?
  12 -> 14: brand ?
  12 -> 13: ! (brand) ?
  14 -> 15: $3{z} = 1
  15 -> 2: $2{y} = 1
  13 -> 16: $2{y} = 1
  16 -> 2: $3{z} = 1
  11 -> 17: $2{y} = 1
  17 -> 19: $2{y} <= 0 ?
  17 -> 18: ! ($2{y} <= 0) ?
  19 -> 17: skip
  18 -> 2: $3{z} = 1
  8 -> 20: $2{y} = 1
  20 -> 21: $1{x} = 1
  21 -> 23: $2{y} <= 0 ?
  21 -> 22: ! ($2{y} <= 0) ?
  23 -> 21: skip
  22 -> 2: $3{z} = 1
  6 -> 24: $1{x} = 1
  24 -> 26: $1{x} > 0 && $2{y} > 0 ?
  24 -> 25: ! ($1{x} > 0 && $2{y} > 0) ?
  26 -> 28: brand ?
  26 -> 27: ! (brand) ?
  28 -> 29: $3{z} = 1
  29 -> 31: $1{x} <= 0 ?
  29 -> 30: ! ($1{x} <= 0) ?
  31 -> 29: skip
  30 -> 2: $2{y} = 1
  27 -> 32: $2{y} = 1
  32 -> 34: $2{y} <= 0 ?
  32 -> 33: ! ($2{y} <= 0) ?
  34 -> 32: skip
  33 -> 2: $3{z} = 1
  25 -> 36: $1{x} > 0 ?
  25 -> 35: ! ($1{x} > 0) ?
  36 -> 38: $2{y} > 0 ?
  36 -> 37: ! ($2{y} > 0) ?
  38 -> 40: brand ?
  38 -> 39: ! (brand) ?
  40 -> 41: $3{z} = 1
  41 -> 2: $2{y} = 1
  39 -> 42: $2{y} = 1
  42 -> 2: $3{z} = 1
  37 -> 43: $2{y} = 1
  43 -> 45: $2{y} <= 0 ?
  43 -> 44: ! ($2{y} <= 0) ?
  45 -> 43: skip
  44 -> 2: $3{z} = 1
  35 -> 47: $2{y} > 0 ?
  35 -> 46: ! ($2{y} > 0) ?
  47 -> 49: $1{x} > 0 ?
  47 -> 48: ! ($1{x} > 0) ?
  49 -> 51: brand ?
  49 -> 50: ! (brand) ?
  51 -> 52: $3{z} = 1
  52 -> 2: $2{y} = 1
  50 -> 53: $2{y} = 1
  53 -> 2: $3{z} = 1
  48 -> 54: $3{z} = 1
  54 -> 56: $1{x} <= 0 ?
  54 -> 55: ! ($1{x} <= 0) ?
  56 -> 54: skip
  55 -> 2: $2{y} = 1
  46 -> 2: skip
  57 -> 58: skip


Property: $3{z} == 1

[1:]:
-$3{z} >= 0 ? bottom
$3{z} == 1 ? 0.
$3{z} >= 2 ? bottom

[2:]:
-$3{z} >= 0 ? bottom
$3{z} == 1 ? 0.
$3{z} >= 2 ? bottom

[3:]:
-$3{z} >= 0 ? bottom
$3{z} == 1 ? 0.
$3{z} >= 2 ? bottom

[4:]:
-$3{z} >= 0 ? bottom
$3{z} == 1 ? 0.
$3{z} >= 2 ? bottom

[5:]:
-$3{z} >= 0 ? bottom
$3{z} == 1 ? 0.
$3{z} >= 2 ? bottom

[6:]:
-$3{z} >= 0 ? bottom
$3{z} == 1 ? 0.
$3{z} >= 2 ? bottom

[7:]:
-$3{z} >= 0 ? bottom
$3{z} == 1 ? 0.
$3{z} >= 2 ? bottom

[8:]:
-$3{z} >= 0 ? bottom
$3{z} == 1 ? 0.
$3{z} >= 2 ? bottom

[9:]:
-$3{z} >= 0 ? bottom
$3{z} == 1 ? 0.
$3{z} >= 2 ? bottom

[10:]:
-$3{z} >= 0 ? bottom
$3{z} == 1 ? 0.
$3{z} >= 2 ? bottom

[11:]:
-$3{z} >= 0 ? bottom
$3{z} == 1 ? 0.
$3{z} >= 2 ? bottom

[12:]:
-$3{z} >= 0 ? bottom
$3{z} == 1 ? 0.
$3{z} >= 2 ? bottom

[13:]:
-$3{z} >= 0 ? bottom
$3{z} == 1 ? 0.
$3{z} >= 2 ? bottom

[14:]:
-$3{z} >= 0 ? bottom
$3{z} == 1 ? 0.
$3{z} >= 2 ? bottom

[15:]:
-$3{z} >= 0 ? bottom
$3{z} == 1 ? 0.
$3{z} >= 2 ? bottom

[16:]:
-$3{z} >= 0 ? bottom
$3{z} == 1 ? 0.
$3{z} >= 2 ? bottom

[17:]:
-$3{z} >= 0 ? bottom
$3{z} == 1 ? 0.
$3{z} >= 2 ? bottom

[18:]:
-$3{z} >= 0 ? bottom
$3{z} == 1 ? 0.
$3{z} >= 2 ? bottom

[19:]:
-$3{z} >= 0 ? bottom
$3{z} == 1 ? 0.
$3{z} >= 2 ? bottom

[20:]:
-$3{z} >= 0 ? bottom
$3{z} == 1 ? 0.
$3{z} >= 2 ? bottom

[21:]:
-$3{z} >= 0 ? bottom
$3{z} == 1 ? 0.
$3{z} >= 2 ? bottom

[22:]:
-$3{z} >= 0 ? bottom
$3{z} == 1 ? 0.
$3{z} >= 2 ? bottom

[23:]:
-$3{z} >= 0 ? bottom
$3{z} == 1 ? 0.
$3{z} >= 2 ? bottom

[24:]:
-$3{z} >= 0 ? bottom
$3{z} == 1 ? 0.
$3{z} >= 2 ? bottom

[25:]:
-$3{z} >= 0 ? bottom
$3{z} == 1 ? 0.
$3{z} >= 2 ? bottom

[26:]:
-$3{z} >= 0 ? bottom
$3{z} == 1 ? 0.
$3{z} >= 2 ? bottom

[27:]:
-$3{z} >= 0 ? bottom
$3{z} == 1 ? 0.
$3{z} >= 2 ? bottom

[28:]:
-$3{z} >= 0 ? bottom
$3{z} == 1 ? 0.
$3{z} >= 2 ? bottom

[29:]:
-$3{z} >= 0 ? bottom
$3{z} == 1 ? 0.
$3{z} >= 2 ? bottom

[30:]:
-$3{z} >= 0 ? bottom
$3{z} == 1 ? 0.
$3{z} >= 2 ? bottom

[31:]:
-$3{z} >= 0 ? bottom
$3{z} == 1 ? 0.
$3{z} >= 2 ? bottom

[32:]:
-$3{z} >= 0 ? bottom
$3{z} == 1 ? 0.
$3{z} >= 2 ? bottom

[33:]:
-$3{z} >= 0 ? bottom
$3{z} == 1 ? 0.
$3{z} >= 2 ? bottom

[34:]:
-$3{z} >= 0 ? bottom
$3{z} == 1 ? 0.
$3{z} >= 2 ? bottom

[35:]:
-$3{z} >= 0 ? bottom
$3{z} == 1 ? 0.
$3{z} >= 2 ? bottom

[36:]:
-$3{z} >= 0 ? bottom
$3{z} == 1 ? 0.
$3{z} >= 2 ? bottom

[37:]:
-$3{z} >= 0 ? bottom
$3{z} == 1 ? 0.
$3{z} >= 2 ? bottom

[38:]:
-$3{z} >= 0 ? bottom
$3{z} == 1 ? 0.
$3{z} >= 2 ? bottom

[39:]:
-$3{z} >= 0 ? bottom
$3{z} == 1 ? 0.
$3{z} >= 2 ? bottom

[40:]:
-$3{z} >= 0 ? bottom
$3{z} == 1 ? 0.
$3{z} >= 2 ? bottom

[41:]:
-$3{z} >= 0 ? bottom
$3{z} == 1 ? 0.
$3{z} >= 2 ? bottom

[42:]:
-$3{z} >= 0 ? bottom
$3{z} == 1 ? 0.
$3{z} >= 2 ? bottom

[43:]:
-$3{z} >= 0 ? bottom
$3{z} == 1 ? 0.
$3{z} >= 2 ? bottom

[44:]:
-$3{z} >= 0 ? bottom
$3{z} == 1 ? 0.
$3{z} >= 2 ? bottom

[45:]:
-$3{z} >= 0 ? bottom
$3{z} == 1 ? 0.
$3{z} >= 2 ? bottom

[46:]:
-$3{z} >= 0 ? bottom
$3{z} == 1 ? 0.
$3{z} >= 2 ? bottom

[47:]:
-$3{z} >= 0 ? bottom
$3{z} == 1 ? 0.
$3{z} >= 2 ? bottom

[48:]:
-$3{z} >= 0 ? bottom
$3{z} == 1 ? 0.
$3{z} >= 2 ? bottom

[49:]:
-$3{z} >= 0 ? bottom
$3{z} == 1 ? 0.
$3{z} >= 2 ? bottom

[50:]:
-$3{z} >= 0 ? bottom
$3{z} == 1 ? 0.
$3{z} >= 2 ? bottom

[51:]:
-$3{z} >= 0 ? bottom
$3{z} == 1 ? 0.
$3{z} >= 2 ? bottom

[52:]:
-$3{z} >= 0 ? bottom
$3{z} == 1 ? 0.
$3{z} >= 2 ? bottom

[53:]:
-$3{z} >= 0 ? bottom
$3{z} == 1 ? 0.
$3{z} >= 2 ? bottom

[54:]:
-$3{z} >= 0 ? bottom
$3{z} == 1 ? 0.
$3{z} >= 2 ? bottom

[55:]:
-$3{z} >= 0 ? bottom
$3{z} == 1 ? 0.
$3{z} >= 2 ? bottom

[56:]:
-$3{z} >= 0 ? bottom
$3{z} == 1 ? 0.
$3{z} >= 2 ? bottom

[57:]:
-$3{z} >= 0 ? bottom
$3{z} == 1 ? 0.
$3{z} >= 2 ? bottom

[58:]:
-$3{z} >= 0 ? bottom
$3{z} == 1 ? 0.
$3{z} >= 2 ? bottom

[59:]:
-$3{z} >= 0 ? bottom
$3{z} == 1 ? 0.
$3{z} >= 2 ? bottom

[60:]:
-$3{z} >= 0 ? bottom
$3{z} == 1 ? 0.
$3{z} >= 2 ? bottom

Property: AF{$3{z} == 1}

[1:]:
-$3{z} >= 0 ? 11
$3{z} == 1 ? 0.
$3{z} >= 2 ? 11

[2:]:
-$3{z} >= 0 ? bottom
$3{z} == 1 ? 0.
$3{z} >= 2 ? bottom

[3:]:
-$3{z} >= 0 && -$1{x} >= 0 ? 8
$1{x} >= 1 && -$3{z} >= 0 ? 7
$3{z} == 1 ? 0.
$3{z} >= 2 && -$1{x} >= 0 ? 8
$1{x} >= 1 && $3{z} >= 2 ? 7

[4:]:
-$3{z} >= 0 ? 10
$3{z} == 1 ? 0.
$3{z} >= 2 ? 10

[5:]:
-$3{z} >= 0 && -$2{y} >= 0 ? 9
$2{y} >= 1 && -$3{z} >= 0 ? 8
$3{z} == 1 ? 0.
$3{z} >= 2 && -$2{y} >= 0 ? 9
$2{y} >= 1 && $3{z} >= 2 ? 8

[6:]:
-$3{z} >= 0 && -$2{y} >= 0 ? 7
$2{y} >= 1 && -$3{z} >= 0 ? 6
$3{z} == 1 ? 0.
$3{z} >= 2 && -$2{y} >= 0 ? 7
$2{y} >= 1 && $3{z} >= 2 ? 6

[7:]:
-$3{z} >= 0 ? 6
$3{z} == 1 ? 0.
$3{z} >= 2 ? 6

[8:]:
-$3{z} >= 0 ? 4
$3{z} == 1 ? 0.
$3{z} >= 2 ? 4

[9:]:
-$3{z} >= 0 ? 5
$3{z} == 1 ? 0.
$3{z} >= 2 ? 5

[10:]:
-$3{z} >= 0 ? 4
$3{z} == 1 ? 0.
$3{z} >= 2 ? 4

[11:]:
-$3{z} >= 0 ? 3
$3{z} == 1 ? 0.
$3{z} >= 2 ? 3

[12:]:
-$3{z} >= 0 ? 3
$3{z} == 1 ? 0.
$3{z} >= 2 ? 3

[13:]:
-$3{z} >= 0 ? 2
$3{z} == 1 ? 0.
$3{z} >= 2 ? 2

[14:]:
-$3{z} >= 0 ? 1
$3{z} == 1 ? 0.
$3{z} >= 2 ? 1

[15:]:
-$3{z} >= 0 ? bottom
$3{z} == 1 ? 0.
$3{z} >= 2 ? bottom

[16:]:
-$3{z} >= 0 ? 1
$3{z} == 1 ? 0.
$3{z} >= 2 ? 1

[17:]:
-$3{z} >= 0 && -$2{y} >= 0 ? bottom
$2{y} >= 1 && -$3{z} >= 0 ? 2
$3{z} == 1 ? 0.
$3{z} >= 2 && -$2{y} >= 0 ? bottom
$2{y} >= 1 && $3{z} >= 2 ? 2

[18:]:
-$3{z} >= 0 ? 1
$3{z} == 1 ? 0.
$3{z} >= 2 ? 1

[19:]:
-$3{z} >= 0 && -$2{y} >= 0 ? bottom
$2{y} >= 1 && -$3{z} >= 0 ? 2
$3{z} == 1 ? 0.
$3{z} >= 2 && -$2{y} >= 0 ? bottom
$2{y} >= 1 && $3{z} >= 2 ? 2

[20:]:
-$3{z} >= 0 && -$2{y} >= 0 ? bottom
$2{y} >= 1 && -$3{z} >= 0 ? 3
$3{z} == 1 ? 0.
$3{z} >= 2 && -$2{y} >= 0 ? bottom
$2{y} >= 1 && $3{z} >= 2 ? 3

[21:]:
-$3{z} >= 0 && -$2{y} >= 0 ? bottom
$2{y} >= 1 && -$3{z} >= 0 ? 2
$3{z} == 1 ? 0.
$3{z} >= 2 && -$2{y} >= 0 ? bottom
$2{y} >= 1 && $3{z} >= 2 ? 2

[22:]:
-$3{z} >= 0 ? 1
$3{z} == 1 ? 0.
$3{z} >= 2 ? 1

[23:]:
-$3{z} >= 0 && -$2{y} >= 0 ? bottom
$2{y} >= 1 && -$3{z} >= 0 ? 2
$3{z} == 1 ? 0.
$3{z} >= 2 && -$2{y} >= 0 ? bottom
$2{y} >= 1 && $3{z} >= 2 ? 2

[24:]:
-$3{z} >= 0 && -$2{y} >= 0 && -$1{x} >= 0 ? bottom
$1{x} >= 1 && -$3{z} >= 0 && -$2{y} >= 0 ? 6
$2{y} >= 1 && -$3{z} >= 0 ? 5
$3{z} == 1 ? 0.
$3{z} >= 2 && -$2{y} >= 0 && -$1{x} >= 0 ? bottom
$1{x} >= 1 && $3{z} >= 2 && -$2{y} >= 0 ? 6
$2{y} >= 1 && $3{z} >= 2 ? 5

[25:]:
-$3{z} >= 0 && -$2{y} >= 0 && -$1{x} >= 0 ? bottom
$1{x} >= 1 && -$3{z} >= 0 && -$2{y} >= 0 ? 5
$2{y} >= 1 && -$3{z} >= 0 && -$1{x} >= 0 ? 4
$1{x} >= 1 && $2{y} >= 1 && -$3{z} >= 0 ? 5
$3{z} == 1 ? 0.
$3{z} >= 2 && -$2{y} >= 0 && -$1{x} >= 0 ? bottom
$1{x} >= 1 && $3{z} >= 2 && -$2{y} >= 0 ? 5
$2{y} >= 1 && $3{z} >= 2 && -$1{x} >= 0 ? 4
$1{x} >= 1 && $2{y} >= 1 && $3{z} >= 2 ? 5

[26:]:
-$3{z} >= 0 ? 4
$3{z} == 1 ? 0.
$3{z} >= 2 ? 4

[27:]:
-$3{z} >= 0 ? 3
$3{z} == 1 ? 0.
$3{z} >= 2 ? 3

[28:]:
-$3{z} >= 0 ? 1
$3{z} == 1 ? 0.
$3{z} >= 2 ? 1

[29:]:
-$3{z} >= 0 ? bottom
$3{z} == 1 ? 0.
$3{z} >= 2 ? bottom

[30:]:
-$3{z} >= 0 ? bottom
$3{z} == 1 ? 0.
$3{z} >= 2 ? bottom

[31:]:
-$3{z} >= 0 ? bottom
$3{z} == 1 ? 0.
$3{z} >= 2 ? bottom

[32:]:
-$3{z} >= 0 && -$2{y} >= 0 ? bottom
$2{y} >= 1 && -$3{z} >= 0 ? 2
$3{z} == 1 ? 0.
$3{z} >= 2 && -$2{y} >= 0 ? bottom
$2{y} >= 1 && $3{z} >= 2 ? 2

[33:]:
-$3{z} >= 0 ? 1
$3{z} == 1 ? 0.
$3{z} >= 2 ? 1

[34:]:
-$3{z} >= 0 && -$2{y} >= 0 ? bottom
$2{y} >= 1 && -$3{z} >= 0 ? 2
$3{z} == 1 ? 0.
$3{z} >= 2 && -$2{y} >= 0 ? bottom
$2{y} >= 1 && $3{z} >= 2 ? 2

[35:]:
-$3{z} >= 0 && -$2{y} >= 0 ? bottom
$2{y} >= 1 && -$3{z} >= 0 && -$1{x} >= 0 ? 3
$1{x} >= 1 && $2{y} >= 1 && -$3{z} >= 0 ? 5
$3{z} == 1 ? 0.
$3{z} >= 2 && -$2{y} >= 0 ? bottom
$2{y} >= 1 && $3{z} >= 2 && -$1{x} >= 0 ? 3
$1{x} >= 1 && $2{y} >= 1 && $3{z} >= 2 ? 5

[36:]:
-$3{z} >= 0 ? 4
$3{z} == 1 ? 0.
$3{z} >= 2 ? 4

[37:]:
-$3{z} >= 0 ? 3
$3{z} == 1 ? 0.
$3{z} >= 2 ? 3

[38:]:
-$3{z} >= 0 ? 3
$3{z} == 1 ? 0.
$3{z} >= 2 ? 3

[39:]:
-$3{z} >= 0 ? 2
$3{z} == 1 ? 0.
$3{z} >= 2 ? 2

[40:]:
-$3{z} >= 0 ? 1
$3{z} == 1 ? 0.
$3{z} >= 2 ? 1

[41:]:
-$3{z} >= 0 ? bottom
$3{z} == 1 ? 0.
$3{z} >= 2 ? bottom

[42:]:
-$3{z} >= 0 ? 1
$3{z} == 1 ? 0.
$3{z} >= 2 ? 1

[43:]:
-$3{z} >= 0 && -$2{y} >= 0 ? bottom
$2{y} >= 1 && -$3{z} >= 0 ? 2
$3{z} == 1 ? 0.
$3{z} >= 2 && -$2{y} >= 0 ? bottom
$2{y} >= 1 && $3{z} >= 2 ? 2

[44:]:
-$3{z} >= 0 ? 1
$3{z} == 1 ? 0.
$3{z} >= 2 ? 1

[45:]:
-$3{z} >= 0 && -$2{y} >= 0 ? bottom
$2{y} >= 1 && -$3{z} >= 0 ? 2
$3{z} == 1 ? 0.
$3{z} >= 2 && -$2{y} >= 0 ? bottom
$2{y} >= 1 && $3{z} >= 2 ? 2

[46:]:
-$3{z} >= 0 ? bottom
$3{z} == 1 ? 0.
$3{z} >= 2 ? bottom

[47:]:
-$3{z} >= 0 && -$1{x} >= 0 ? 2
$1{x} >= 1 && -$3{z} >= 0 ? 4
$3{z} == 1 ? 0.
$3{z} >= 2 && -$1{x} >= 0 ? 2
$1{x} >= 1 && $3{z} >= 2 ? 4

[48:]:
-$3{z} >= 0 ? 1
$3{z} == 1 ? 0.
$3{z} >= 2 ? 1

[49:]:
-$3{z} >= 0 ? 3
$3{z} == 1 ? 0.
$3{z} >= 2 ? 3

[50:]:
-$3{z} >= 0 ? 2
$3{z} == 1 ? 0.
$3{z} >= 2 ? 2

[51:]:
-$3{z} >= 0 ? 1
$3{z} == 1 ? 0.
$3{z} >= 2 ? 1

[52:]:
-$3{z} >= 0 ? bottom
$3{z} == 1 ? 0.
$3{z} >= 2 ? bottom

[53:]:
-$3{z} >= 0 ? 1
$3{z} == 1 ? 0.
$3{z} >= 2 ? 1

[54:]:
-$3{z} >= 0 ? bottom
$3{z} == 1 ? 0.
$3{z} >= 2 ? bottom

[55:]:
-$3{z} >= 0 ? bottom
$3{z} == 1 ? 0.
$3{z} >= 2 ? bottom

[56:]:
-$3{z} >= 0 ? bottom
$3{z} == 1 ? 0.
$3{z} >= 2 ? bottom

[57:]:
top ? bottom

[58:]:
top ? bottom

[59:]:
-$3{z} >= 0 ? bottom
$3{z} == 1 ? 0.
$3{z} >= 2 ? bottom

[60:]:
-$3{z} >= 0 ? 11
$3{z} == 1 ? 0.
$3{z} >= 2 ? 11


Analysis Result: TRUE
