
Abstract Syntax:
[ 1:]
void main( ):
[ 2:] $1{x} := 0
[ 3:] $2{y} := 0
[ 4:] $3{z} := 0
[ 5:] if ( $1{x} > 0 ) then
[ 6:]   if ( ? ) then
[ 7:]     $1{x} := 1
[ 8:]     if ( $2{y} > 0 ) then
[ 9:]       if ( ? ) then
[10:]         $3{z} := 1
[11:]         $2{y} := 1
[12:]
            else
[13:]         $2{y} := 1
[14:]         $3{z} := 1
[15:]
            endif
[16:]
          else
[17:]       $2{y} := 1
[18:]       while [19:] ( $2{y} <= 0 ) do
[20:]
            od
[21:]       $3{z} := 1
[22:]
          endif
[23:]
        else
[24:]     $2{y} := 1
[25:]     $1{x} := 1
[26:]     while [27:] ( $2{y} <= 0 ) do
[28:]
          od
[29:]     $3{z} := 1
[30:]
        endif
[31:]
      else
[32:]   $1{x} := 1
[33:]   if ( $1{x} > 0 && $2{y} > 0 ) then
[34:]     if ( ? ) then
[35:]       $3{z} := 1
[36:]       while [37:] ( $1{x} <= 0 ) do
[38:]
            od
[39:]       $2{y} := 1
[40:]
          else
[41:]       $2{y} := 1
[42:]       while [43:] ( $2{y} <= 0 ) do
[44:]
            od
[45:]       $3{z} := 1
[46:]
          endif
[47:]
        else
[48:]     if ( $1{x} > 0 ) then
[49:]       if ( $2{y} > 0 ) then
[50:]         if ( ? ) then
[51:]           $3{z} := 1
[52:]           $2{y} := 1
[53:]
              else
[54:]           $2{y} := 1
[55:]           $3{z} := 1
[56:]
              endif
[57:]
            else
[58:]         $2{y} := 1
[59:]         while [60:] ( $2{y} <= 0 ) do
[61:]
              od
[62:]         $3{z} := 1
[63:]
            endif
[64:]
          else
[65:]       if ( $2{y} > 0 ) then
[66:]         if ( $1{x} > 0 ) then
[67:]           if ( ? ) then
[68:]             $3{z} := 1
[69:]             $2{y} := 1
[70:]
                else
[71:]             $2{y} := 1
[72:]             $3{z} := 1
[73:]
                endif
[74:]
              else
[75:]           $3{z} := 1
[76:]           while [77:] ( $1{x} <= 0 ) do
[78:]
                od
[79:]           $2{y} := 1
[80:]
              endif
[81:]
            else
[82:]
            endif
[83:]
          endif
[84:]
        endif
[85:]
      endif
[86:]

Property: $3{z} <= 1 && $3{z} >= 1

Forward Analysis:
[ 1:]: top
[ 2:]: top
[ 3:]: $1{x} == 0
[ 4:]: $1{x} == 0 && $2{y} == 0
[ 5:]: $1{x} == 0 && $2{y} == 0 && $3{z} == 0
[ 6:]: bottom
[ 7:]: bottom
[ 8:]: bottom
[ 9:]: bottom
[10:]: bottom
[11:]: bottom
[12:]: bottom
[13:]: bottom
[14:]: bottom
[15:]: bottom
[16:]: bottom
[17:]: bottom
[18:]: bottom
[19:]: bottom
[20:]: bottom
[21:]: bottom
[22:]: bottom
[23:]: bottom
[24:]: bottom
[25:]: bottom
[26:]: bottom
[27:]: bottom
[28:]: bottom
[29:]: bottom
[30:]: bottom
[31:]: bottom
[32:]: $1{x} == 0 && $2{y} == 0 && $3{z} == 0
[33:]: $1{x} == 1 && $2{y} == 0 && $3{z} == 0
[34:]: bottom
[35:]: bottom
[36:]: bottom
[37:]: bottom
[38:]: bottom
[39:]: bottom
[40:]: bottom
[41:]: bottom
[42:]: bottom
[43:]: bottom
[44:]: bottom
[45:]: bottom
[46:]: bottom
[47:]: bottom
[48:]: $1{x} == 1 && $2{y} == 0 && $3{z} == 0
[49:]: $1{x} == 1 && $2{y} == 0 && $3{z} == 0
[50:]: bottom
[51:]: bottom
[52:]: bottom
[53:]: bottom
[54:]: bottom
[55:]: bottom
[56:]: bottom
[57:]: bottom
[58:]: $1{x} == 1 && $2{y} == 0 && $3{z} == 0
[59:]: $1{x} == 1 && $2{y} == 1 && $3{z} == 0
[60:]: $1{x} == 1 && $2{y} == 1 && $3{z} == 0
[61:]: bottom
[62:]: $1{x} == 1 && $2{y} == 1 && $3{z} == 0
[63:]: $1{x} == 1 && $2{y} == 1 && $3{z} == 1
[64:]: $1{x} == 1 && $2{y} == 1 && $3{z} == 1
[65:]: bottom
[66:]: bottom
[67:]: bottom
[68:]: bottom
[69:]: bottom
[70:]: bottom
[71:]: bottom
[72:]: bottom
[73:]: bottom
[74:]: bottom
[75:]: bottom
[76:]: bottom
[77:]: bottom
[78:]: bottom
[79:]: bottom
[80:]: bottom
[81:]: bottom
[82:]: bottom
[83:]: bottom
[84:]: $1{x} == 1 && $2{y} == 1 && $3{z} == 1
[85:]: $1{x} == 1 && $2{y} == 1 && $3{z} == 1
[86:]: $1{x} == 1 && $2{y} == 1 && $3{z} == 1

Backward Analysis:
[ 1:]:
-$3{z} >= 0 ? 11
$3{z} == 1 ? 0.
$3{z} >= 2 ? 11

[ 2:]:
-$3{z} >= 0 ? 11
$3{z} == 1 ? 0.
$3{z} >= 2 ? 11

[ 3:]:
-$3{z} >= 0 && -$1{x} >= 0 ? 10
$1{x} >= 1 && -$3{z} >= 0 ? 9
$3{z} == 1 ? 0.
$3{z} >= 2 && -$1{x} >= 0 ? 10
$1{x} >= 1 && $3{z} >= 2 ? 9

[ 4:]:
-$3{z} >= 0 && -$1{x} >= 0 ? 9
$1{x} >= 1 && -$3{z} >= 0 ? 8
$3{z} == 1 ? 0.
$3{z} >= 2 && -$1{x} >= 0 ? 9
$1{x} >= 1 && $3{z} >= 2 ? 8

[ 5:]:
-$3{z} >= 0 && -$1{x} >= 0 ? 8
$1{x} >= 1 && -$3{z} >= 0 ? 7
$3{z} == 1 ? 0.
$3{z} >= 2 && -$1{x} >= 0 ? 8
$1{x} >= 1 && $3{z} >= 2 ? 7

[ 6:]:
-$3{z} >= 0 ? 6
$3{z} == 1 ? 0.
$3{z} >= 2 ? 6

[ 7:]:
-$3{z} >= 0 ? 5
$3{z} == 1 ? 0.
$3{z} >= 2 ? 5

[ 8:]:
-$3{z} >= 0 ? 4
$3{z} == 1 ? 0.
$3{z} >= 2 ? 4

[ 9:]:
-$3{z} >= 0 ? 3
$3{z} == 1 ? 0.
$3{z} >= 2 ? 3

[10:]:
-$3{z} >= 0 ? 1
$3{z} == 1 ? 0.
$3{z} >= 2 ? 1

[11:]:
-$3{z} >= 0 ? bottom
$3{z} == 1 ? 0.
$3{z} >= 2 ? bottom

[12:]:
-$3{z} >= 0 ? bottom
$3{z} == 1 ? 0.
$3{z} >= 2 ? bottom

[13:]:
-$3{z} >= 0 ? 2
$3{z} == 1 ? 0.
$3{z} >= 2 ? 2

[14:]:
-$3{z} >= 0 ? 1
$3{z} == 1 ? 0.
$3{z} >= 2 ? 1

[15:]:
-$3{z} >= 0 ? bottom
$3{z} == 1 ? 0.
$3{z} >= 2 ? bottom

[16:]:
-$3{z} >= 0 ? bottom
$3{z} == 1 ? 0.
$3{z} >= 2 ? bottom

[17:]:
-$3{z} >= 0 ? 3
$3{z} == 1 ? 0.
$3{z} >= 2 ? 3

[18:]:
-$3{z} >= 0 && -$2{y} >= 0 ? bottom
$2{y} >= 1 && -$3{z} >= 0 ? 2
$3{z} == 1 ? 0.
$3{z} >= 2 && -$2{y} >= 0 ? bottom
$2{y} >= 1 && $3{z} >= 2 ? 2

[19:]:
-$3{z} >= 0 && -$2{y} >= 0 ? bottom
$2{y} >= 1 && -$3{z} >= 0 ? 2
$3{z} == 1 ? 0.
$3{z} >= 2 && -$2{y} >= 0 ? bottom
$2{y} >= 1 && $3{z} >= 2 ? 2

[20:]:
-$3{z} >= 0 && -$2{y} >= 0 ? bottom
$2{y} >= 1 && -$3{z} >= 0 ? 2
$3{z} == 1 ? 0.
$3{z} >= 2 && -$2{y} >= 0 ? bottom
$2{y} >= 1 && $3{z} >= 2 ? 2

[21:]:
-$3{z} >= 0 ? 1
$3{z} == 1 ? 0.
$3{z} >= 2 ? 1

[22:]:
-$3{z} >= 0 ? bottom
$3{z} == 1 ? 0.
$3{z} >= 2 ? bottom

[23:]:
-$3{z} >= 0 ? bottom
$3{z} == 1 ? 0.
$3{z} >= 2 ? bottom

[24:]:
-$3{z} >= 0 ? 4
$3{z} == 1 ? 0.
$3{z} >= 2 ? 4

[25:]:
-$3{z} >= 0 && -$2{y} >= 0 ? bottom
$2{y} >= 1 && -$3{z} >= 0 ? 3
$3{z} == 1 ? 0.
$3{z} >= 2 && -$2{y} >= 0 ? bottom
$2{y} >= 1 && $3{z} >= 2 ? 3

[26:]:
-$3{z} >= 0 && -$2{y} >= 0 ? bottom
$2{y} >= 1 && -$3{z} >= 0 ? 2
$3{z} == 1 ? 0.
$3{z} >= 2 && -$2{y} >= 0 ? bottom
$2{y} >= 1 && $3{z} >= 2 ? 2

[27:]:
-$3{z} >= 0 && -$2{y} >= 0 ? bottom
$2{y} >= 1 && -$3{z} >= 0 ? 2
$3{z} == 1 ? 0.
$3{z} >= 2 && -$2{y} >= 0 ? bottom
$2{y} >= 1 && $3{z} >= 2 ? 2

[28:]:
-$3{z} >= 0 && -$2{y} >= 0 ? bottom
$2{y} >= 1 && -$3{z} >= 0 ? 2
$3{z} == 1 ? 0.
$3{z} >= 2 && -$2{y} >= 0 ? bottom
$2{y} >= 1 && $3{z} >= 2 ? 2

[29:]:
-$3{z} >= 0 ? 1
$3{z} == 1 ? 0.
$3{z} >= 2 ? 1

[30:]:
-$3{z} >= 0 ? bottom
$3{z} == 1 ? 0.
$3{z} >= 2 ? bottom

[31:]:
-$3{z} >= 0 ? bottom
$3{z} == 1 ? 0.
$3{z} >= 2 ? bottom

[32:]:
-$3{z} >= 0 && -$2{y} >= 0 ? 7
$2{y} >= 1 && -$3{z} >= 0 ? 6
$3{z} == 1 ? 0.
$3{z} >= 2 && -$2{y} >= 0 ? 7
$2{y} >= 1 && $3{z} >= 2 ? 6

[33:]:
-$3{z} >= 0 && -$2{y} >= 0 && -$1{x} >= 0 ? bottom
$1{x} >= 1 && -$3{z} >= 0 && -$2{y} >= 0 ? 6
$2{y} >= 1 && -$3{z} >= 0 ? 5
$3{z} == 1 ? 0.
$3{z} >= 2 && -$2{y} >= 0 && -$1{x} >= 0 ? bottom
$1{x} >= 1 && $3{z} >= 2 && -$2{y} >= 0 ? 6
$2{y} >= 1 && $3{z} >= 2 ? 5

[34:]:
-$3{z} >= 0 ? 4
$3{z} == 1 ? 0.
$3{z} >= 2 ? 4

[35:]:
-$3{z} >= 0 ? 1
$3{z} == 1 ? 0.
$3{z} >= 2 ? 1

[36:]:
-$3{z} >= 0 ? bottom
$3{z} == 1 ? 0.
$3{z} >= 2 ? bottom

[37:]:
-$3{z} >= 0 ? bottom
$3{z} == 1 ? 0.
$3{z} >= 2 ? bottom

[38:]:
-$3{z} >= 0 ? bottom
$3{z} == 1 ? 0.
$3{z} >= 2 ? bottom

[39:]:
-$3{z} >= 0 ? bottom
$3{z} == 1 ? 0.
$3{z} >= 2 ? bottom

[40:]:
-$3{z} >= 0 ? bottom
$3{z} == 1 ? 0.
$3{z} >= 2 ? bottom

[41:]:
-$3{z} >= 0 ? 3
$3{z} == 1 ? 0.
$3{z} >= 2 ? 3

[42:]:
-$3{z} >= 0 && -$2{y} >= 0 ? bottom
$2{y} >= 1 && -$3{z} >= 0 ? 2
$3{z} == 1 ? 0.
$3{z} >= 2 && -$2{y} >= 0 ? bottom
$2{y} >= 1 && $3{z} >= 2 ? 2

[43:]:
-$3{z} >= 0 && -$2{y} >= 0 ? bottom
$2{y} >= 1 && -$3{z} >= 0 ? 2
$3{z} == 1 ? 0.
$3{z} >= 2 && -$2{y} >= 0 ? bottom
$2{y} >= 1 && $3{z} >= 2 ? 2

[44:]:
-$3{z} >= 0 && -$2{y} >= 0 ? bottom
$2{y} >= 1 && -$3{z} >= 0 ? 2
$3{z} == 1 ? 0.
$3{z} >= 2 && -$2{y} >= 0 ? bottom
$2{y} >= 1 && $3{z} >= 2 ? 2

[45:]:
-$3{z} >= 0 ? 1
$3{z} == 1 ? 0.
$3{z} >= 2 ? 1

[46:]:
-$3{z} >= 0 ? bottom
$3{z} == 1 ? 0.
$3{z} >= 2 ? bottom

[47:]:
-$3{z} >= 0 ? bottom
$3{z} == 1 ? 0.
$3{z} >= 2 ? bottom

[48:]:
-$3{z} >= 0 && -$2{y} >= 0 && -$1{x} >= 0 ? bottom
$1{x} >= 1 && -$3{z} >= 0 && -$2{y} >= 0 ? 5
$2{y} >= 1 && -$3{z} >= 0 && -$1{x} >= 0 ? 4
$1{x} >= 1 && $2{y} >= 1 && -$3{z} >= 0 ? 5
$3{z} == 1 ? 0.
$3{z} >= 2 && -$2{y} >= 0 && -$1{x} >= 0 ? bottom
$1{x} >= 1 && $3{z} >= 2 && -$2{y} >= 0 ? 5
$2{y} >= 1 && $3{z} >= 2 && -$1{x} >= 0 ? 4
$1{x} >= 1 && $2{y} >= 1 && $3{z} >= 2 ? 5

[49:]:
-$3{z} >= 0 ? 4
$3{z} == 1 ? 0.
$3{z} >= 2 ? 4

[50:]:
-$3{z} >= 0 ? 3
$3{z} == 1 ? 0.
$3{z} >= 2 ? 3

[51:]:
-$3{z} >= 0 ? 1
$3{z} == 1 ? 0.
$3{z} >= 2 ? 1

[52:]:
-$3{z} >= 0 ? bottom
$3{z} == 1 ? 0.
$3{z} >= 2 ? bottom

[53:]:
-$3{z} >= 0 ? bottom
$3{z} == 1 ? 0.
$3{z} >= 2 ? bottom

[54:]:
-$3{z} >= 0 ? 2
$3{z} == 1 ? 0.
$3{z} >= 2 ? 2

[55:]:
-$3{z} >= 0 ? 1
$3{z} == 1 ? 0.
$3{z} >= 2 ? 1

[56:]:
-$3{z} >= 0 ? bottom
$3{z} == 1 ? 0.
$3{z} >= 2 ? bottom

[57:]:
-$3{z} >= 0 ? bottom
$3{z} == 1 ? 0.
$3{z} >= 2 ? bottom

[58:]:
-$3{z} >= 0 ? 3
$3{z} == 1 ? 0.
$3{z} >= 2 ? 3

[59:]:
-$3{z} >= 0 && -$2{y} >= 0 ? bottom
$2{y} >= 1 && -$3{z} >= 0 ? 2
$3{z} == 1 ? 0.
$3{z} >= 2 && -$2{y} >= 0 ? bottom
$2{y} >= 1 && $3{z} >= 2 ? 2

[60:]:
-$3{z} >= 0 && -$2{y} >= 0 ? bottom
$2{y} >= 1 && -$3{z} >= 0 ? 2
$3{z} == 1 ? 0.
$3{z} >= 2 && -$2{y} >= 0 ? bottom
$2{y} >= 1 && $3{z} >= 2 ? 2

[61:]:
-$3{z} >= 0 && -$2{y} >= 0 ? bottom
$2{y} >= 1 && -$3{z} >= 0 ? 2
$3{z} == 1 ? 0.
$3{z} >= 2 && -$2{y} >= 0 ? bottom
$2{y} >= 1 && $3{z} >= 2 ? 2

[62:]:
-$3{z} >= 0 ? 1
$3{z} == 1 ? 0.
$3{z} >= 2 ? 1

[63:]:
-$3{z} >= 0 ? bottom
$3{z} == 1 ? 0.
$3{z} >= 2 ? bottom

[64:]:
-$3{z} >= 0 ? bottom
$3{z} == 1 ? 0.
$3{z} >= 2 ? bottom

[65:]:
-$3{z} >= 0 && -$2{y} >= 0 ? bottom
$2{y} >= 1 && -$3{z} >= 0 && -$1{x} >= 0 ? 3
$1{x} >= 1 && $2{y} >= 1 && -$3{z} >= 0 ? 5
$3{z} == 1 ? 0.
$3{z} >= 2 && -$2{y} >= 0 ? bottom
$2{y} >= 1 && $3{z} >= 2 && -$1{x} >= 0 ? 3
$1{x} >= 1 && $2{y} >= 1 && $3{z} >= 2 ? 5

[66:]:
-$3{z} >= 0 && -$1{x} >= 0 ? 2
$1{x} >= 1 && -$3{z} >= 0 ? 4
$3{z} == 1 ? 0.
$3{z} >= 2 && -$1{x} >= 0 ? 2
$1{x} >= 1 && $3{z} >= 2 ? 4

[67:]:
-$3{z} >= 0 ? 3
$3{z} == 1 ? 0.
$3{z} >= 2 ? 3

[68:]:
-$3{z} >= 0 ? 1
$3{z} == 1 ? 0.
$3{z} >= 2 ? 1

[69:]:
-$3{z} >= 0 ? bottom
$3{z} == 1 ? 0.
$3{z} >= 2 ? bottom

[70:]:
-$3{z} >= 0 ? bottom
$3{z} == 1 ? 0.
$3{z} >= 2 ? bottom

[71:]:
-$3{z} >= 0 ? 2
$3{z} == 1 ? 0.
$3{z} >= 2 ? 2

[72:]:
-$3{z} >= 0 ? 1
$3{z} == 1 ? 0.
$3{z} >= 2 ? 1

[73:]:
-$3{z} >= 0 ? bottom
$3{z} == 1 ? 0.
$3{z} >= 2 ? bottom

[74:]:
-$3{z} >= 0 ? bottom
$3{z} == 1 ? 0.
$3{z} >= 2 ? bottom

[75:]:
-$3{z} >= 0 ? 1
$3{z} == 1 ? 0.
$3{z} >= 2 ? 1

[76:]:
-$3{z} >= 0 ? bottom
$3{z} == 1 ? 0.
$3{z} >= 2 ? bottom

[77:]:
-$3{z} >= 0 ? bottom
$3{z} == 1 ? 0.
$3{z} >= 2 ? bottom

[78:]:
-$3{z} >= 0 ? bottom
$3{z} == 1 ? 0.
$3{z} >= 2 ? bottom

[79:]:
-$3{z} >= 0 ? bottom
$3{z} == 1 ? 0.
$3{z} >= 2 ? bottom

[80:]:
-$3{z} >= 0 ? bottom
$3{z} == 1 ? 0.
$3{z} >= 2 ? bottom

[81:]:
-$3{z} >= 0 ? bottom
$3{z} == 1 ? 0.
$3{z} >= 2 ? bottom

[82:]:
-$3{z} >= 0 ? bottom
$3{z} == 1 ? 0.
$3{z} >= 2 ? bottom

[83:]:
-$3{z} >= 0 ? bottom
$3{z} == 1 ? 0.
$3{z} >= 2 ? bottom

[84:]:
-$3{z} >= 0 ? bottom
$3{z} == 1 ? 0.
$3{z} >= 2 ? bottom

[85:]:
-$3{z} >= 0 ? bottom
$3{z} == 1 ? 0.
$3{z} >= 2 ? bottom

[86:]:
-$3{z} >= 0 ? bottom
$3{z} == 1 ? 0.
$3{z} >= 2 ? bottom

Analysis Result: TRUE

Done.
