
CFG:
List of variables:
  $1{A}:int at tests/ctl/koskinen/acqrel.c:18.4-5
  $2{R}:int at tests/ctl/koskinen/acqrel.c:19.4-5
  $3{n}:int at tests/ctl/koskinen/acqrel.c:22.6-7
  $4{x}:int at tests/ctl/koskinen/acqrel.c:33.17-18

List of functions:
  1: main() -> void at tests/ctl/koskinen/acqrel.c:21.0-34.1, entry: 18, exit: 17, calls:

List of nodes:
  18: at :0:-1, in: out:1 
  17: at :0:-1, in: 2 out:
  1: at tests/ctl/koskinen/acqrel.c:21:0, in: 18 out:3 
  2: at tests/ctl/koskinen/acqrel.c:34:1, in: 4 out:17 
  3: at tests/ctl/koskinen/acqrel.c:22:8, in: 11 1 out:4 5 
  4: at tests/ctl/koskinen/acqrel.c:32:3, in: 13 3 out:2 12 
  5: at tests/ctl/koskinen/acqrel.c:23:11, in: 3 out:6 
  6: at tests/ctl/koskinen/acqrel.c:24:10, in: 5 out:7 
  7: at tests/ctl/koskinen/acqrel.c:25:10, in: 6 out:8 
  8: at tests/ctl/koskinen/acqrel.c:26:10, in: 10 7 out:9 10 
  9: at tests/ctl/koskinen/acqrel.c:29:5, in: 8 out:11 
  10: at tests/ctl/koskinen/acqrel.c:27:15, in: 8 out:8 
  11: at tests/ctl/koskinen/acqrel.c:30:10, in: 9 out:3 
  12: at tests/ctl/koskinen/acqrel.c:33:11, in: 4 out:13 
  13: at tests/ctl/koskinen/acqrel.c:33:19, in: 12 out:4 
  14: at tests/ctl/koskinen/acqrel.c:18:0, in: out:16 
  15: at tests/ctl/koskinen/acqrel.c:34:1, in: 16 out:
  16: at tests/ctl/koskinen/acqrel.c:18:9, in: 14 out:15 

List of arcs:
  18 -> 1: label entry
  2 -> 17: label exit
  1 -> 3: skip
  3 -> 5: brand ?
  3 -> 4: ! (brand) ?
  5 -> 6: $1{A} = 1
  6 -> 7: $1{A} = 0
  7 -> 8: $3{n} = ?
  8 -> 10: $3{n} > 0 ?
  8 -> 9: ! ($3{n} > 0) ?
  10 -> 8: $3{n} = $3{n} + -1
  9 -> 11: $2{R} = 1
  11 -> 3: $2{R} = 0
  4 -> 12: 1 != 0 ?
  4 -> 2: ! (1 != 0) ?
  12 -> 13: skip
  13 -> 4: $4{x} = $4{x}
  14 -> 16: $1{A} = 0
  16 -> 15: $2{R} = 0


Property: $2{R} == 1

[1:]:
-$2{R} >= 0 ? bottom
$2{R} == 1 ? 0.
$2{R} >= 2 ? bottom

[2:]:
-$2{R} >= 0 ? bottom
$2{R} == 1 ? 0.
$2{R} >= 2 ? bottom

[3:]:
-$2{R} >= 0 ? bottom
$2{R} == 1 ? 0.
$2{R} >= 2 ? bottom

[4:]:
-$2{R} >= 0 ? bottom
$2{R} == 1 ? 0.
$2{R} >= 2 ? bottom

[5:]:
-$2{R} >= 0 ? bottom
$2{R} == 1 ? 0.
$2{R} >= 2 ? bottom

[6:]:
-$2{R} >= 0 ? bottom
$2{R} == 1 ? 0.
$2{R} >= 2 ? bottom

[7:]:
-$2{R} >= 0 ? bottom
$2{R} == 1 ? 0.
$2{R} >= 2 ? bottom

[8:]:
-$2{R} >= 0 ? bottom
$2{R} == 1 ? 0.
$2{R} >= 2 ? bottom

[9:]:
-$2{R} >= 0 ? bottom
$2{R} == 1 ? 0.
$2{R} >= 2 ? bottom

[10:]:
-$2{R} >= 0 ? bottom
$2{R} == 1 ? 0.
$2{R} >= 2 ? bottom

[11:]:
-$2{R} >= 0 ? bottom
$2{R} == 1 ? 0.
$2{R} >= 2 ? bottom

[12:]:
-$2{R} >= 0 ? bottom
$2{R} == 1 ? 0.
$2{R} >= 2 ? bottom

[13:]:
-$2{R} >= 0 ? bottom
$2{R} == 1 ? 0.
$2{R} >= 2 ? bottom

[14:]:
-$2{R} >= 0 ? bottom
$2{R} == 1 ? 0.
$2{R} >= 2 ? bottom

[15:]:
-$2{R} >= 0 ? bottom
$2{R} == 1 ? 0.
$2{R} >= 2 ? bottom

[16:]:
-$2{R} >= 0 ? bottom
$2{R} == 1 ? 0.
$2{R} >= 2 ? bottom

[17:]:
-$2{R} >= 0 ? bottom
$2{R} == 1 ? 0.
$2{R} >= 2 ? bottom

[18:]:
-$2{R} >= 0 ? bottom
$2{R} == 1 ? 0.
$2{R} >= 2 ? bottom

Property: AF{$2{R} == 1}

[1:]:
top ? bottom

[2:]:
-$2{R} >= 0 ? bottom
$2{R} == 1 ? 0.
$2{R} >= 2 ? bottom

[3:]:
top ? bottom

[4:]:
-$2{R} >= 0 ? bottom
$2{R} == 1 ? 0.
$2{R} >= 2 ? bottom

[5:]:
top ? bottom

[6:]:
top ? bottom

[7:]:
top ? bottom

[8:]:
top ? bottom

[9:]:
top ? bottom

[10:]:
top ? bottom

[11:]:
top ? bottom

[12:]:
-$2{R} >= 0 ? bottom
$2{R} == 1 ? 0.
$2{R} >= 2 ? bottom

[13:]:
-$2{R} >= 0 ? bottom
$2{R} == 1 ? 0.
$2{R} >= 2 ? bottom

[14:]:
top ? bottom

[15:]:
top ? bottom

[16:]:
top ? bottom

[17:]:
-$2{R} >= 0 ? bottom
$2{R} == 1 ? 0.
$2{R} >= 2 ? bottom

[18:]:
top ? bottom

Property: $1{A} != 1

[1:]:
-$1{A} >= 0 ? 0.
$1{A} == 1 ? bottom
$1{A} >= 2 ? 0.

[2:]:
-$1{A} >= 0 ? 0.
$1{A} == 1 ? bottom
$1{A} >= 2 ? 0.

[3:]:
-$1{A} >= 0 ? 0.
$1{A} == 1 ? bottom
$1{A} >= 2 ? 0.

[4:]:
-$1{A} >= 0 ? 0.
$1{A} == 1 ? bottom
$1{A} >= 2 ? 0.

[5:]:
-$1{A} >= 0 ? 0.
$1{A} == 1 ? bottom
$1{A} >= 2 ? 0.

[6:]:
-$1{A} >= 0 ? 0.
$1{A} == 1 ? bottom
$1{A} >= 2 ? 0.

[7:]:
-$1{A} >= 0 ? 0.
$1{A} == 1 ? bottom
$1{A} >= 2 ? 0.

[8:]:
-$1{A} >= 0 ? 0.
$1{A} == 1 ? bottom
$1{A} >= 2 ? 0.

[9:]:
-$1{A} >= 0 ? 0.
$1{A} == 1 ? bottom
$1{A} >= 2 ? 0.

[10:]:
-$1{A} >= 0 ? 0.
$1{A} == 1 ? bottom
$1{A} >= 2 ? 0.

[11:]:
-$1{A} >= 0 ? 0.
$1{A} == 1 ? bottom
$1{A} >= 2 ? 0.

[12:]:
-$1{A} >= 0 ? 0.
$1{A} == 1 ? bottom
$1{A} >= 2 ? 0.

[13:]:
-$1{A} >= 0 ? 0.
$1{A} == 1 ? bottom
$1{A} >= 2 ? 0.

[14:]:
-$1{A} >= 0 ? 0.
$1{A} == 1 ? bottom
$1{A} >= 2 ? 0.

[15:]:
-$1{A} >= 0 ? 0.
$1{A} == 1 ? bottom
$1{A} >= 2 ? 0.

[16:]:
-$1{A} >= 0 ? 0.
$1{A} == 1 ? bottom
$1{A} >= 2 ? 0.

[17:]:
-$1{A} >= 0 ? 0.
$1{A} == 1 ? bottom
$1{A} >= 2 ? 0.

[18:]:
-$1{A} >= 0 ? 0.
$1{A} == 1 ? bottom
$1{A} >= 2 ? 0.

Property: OR{$1{A} != 1}{AF{$2{R} == 1}}

[1:]:
-$1{A} >= 0 ? 0.
$1{A} == 1 ? bottom
$1{A} >= 2 ? 0.

[2:]:
-$2{R} >= -1 && -$1{A} >= 0 ? 0.
-$2{R} >= -1 && $1{A} == 1 ? bottom
$1{A} >= 2 && -$2{R} >= -1 ? 0
$2{R} >= 2 && -$1{A} >= 0 ? 0.
$2{R} >= 2 && $1{A} == 1 ? bottom
$1{A} >= 2 && $2{R} >= 2 ? 0.

[3:]:
-$1{A} >= 0 ? 0.
$1{A} == 1 ? bottom
$1{A} >= 2 ? 0.

[4:]:
-$2{R} >= -1 && -$1{A} >= 0 ? 0.
-$2{R} >= -1 && $1{A} == 1 ? bottom
$1{A} >= 2 && -$2{R} >= -1 ? 0
$2{R} >= 2 && -$1{A} >= 0 ? 0.
$2{R} >= 2 && $1{A} == 1 ? bottom
$1{A} >= 2 && $2{R} >= 2 ? 0.

[5:]:
-$1{A} >= 0 ? 0.
$1{A} == 1 ? bottom
$1{A} >= 2 ? 0.

[6:]:
-$1{A} >= 0 ? 0.
$1{A} == 1 ? bottom
$1{A} >= 2 ? 0.

[7:]:
-$1{A} >= 0 ? 0.
$1{A} == 1 ? bottom
$1{A} >= 2 ? 0.

[8:]:
-$1{A} >= 0 ? 0.
$1{A} == 1 ? bottom
$1{A} >= 2 ? 0.

[9:]:
-$1{A} >= 0 ? 0.
$1{A} == 1 ? bottom
$1{A} >= 2 ? 0.

[10:]:
-$1{A} >= 0 ? 0.
$1{A} == 1 ? bottom
$1{A} >= 2 ? 0.

[11:]:
-$1{A} >= 0 ? 0.
$1{A} == 1 ? bottom
$1{A} >= 2 ? 0.

[12:]:
-$2{R} >= -1 && -$1{A} >= 0 ? 0.
-$2{R} >= -1 && $1{A} == 1 ? bottom
$1{A} >= 2 && -$2{R} >= -1 ? 0
$2{R} >= 2 && -$1{A} >= 0 ? 0.
$2{R} >= 2 && $1{A} == 1 ? bottom
$1{A} >= 2 && $2{R} >= 2 ? 0.

[13:]:
-$2{R} >= -1 && -$1{A} >= 0 ? 0.
-$2{R} >= -1 && $1{A} == 1 ? bottom
$1{A} >= 2 && -$2{R} >= -1 ? 0
$2{R} >= 2 && -$1{A} >= 0 ? 0.
$2{R} >= 2 && $1{A} == 1 ? bottom
$1{A} >= 2 && $2{R} >= 2 ? 0.

[14:]:
-$1{A} >= 0 ? 0.
$1{A} == 1 ? bottom
$1{A} >= 2 ? 0.

[15:]:
-$1{A} >= 0 ? 0.
$1{A} == 1 ? bottom
$1{A} >= 2 ? 0.

[16:]:
-$1{A} >= 0 ? 0.
$1{A} == 1 ? bottom
$1{A} >= 2 ? 0.

[17:]:
-$2{R} >= -1 && -$1{A} >= 0 ? 0.
-$2{R} >= -1 && $1{A} == 1 ? bottom
$1{A} >= 2 && -$2{R} >= -1 ? 0
$2{R} >= 2 && -$1{A} >= 0 ? 0.
$2{R} >= 2 && $1{A} == 1 ? bottom
$1{A} >= 2 && $2{R} >= 2 ? 0.

[18:]:
-$1{A} >= 0 ? 0.
$1{A} == 1 ? bottom
$1{A} >= 2 ? 0.

Property: AG{OR{$1{A} != 1}{AF{$2{R} == 1}}}

[1:]:
-$1{A} >= 0 ? 0.
$1{A} == 1 ? bottom
$1{A} >= 2 ? 0.

[2:]:
top ? bottom

[3:]:
-$1{A} >= 0 ? 0.
$1{A} == 1 ? bottom
$1{A} >= 2 ? 0.

[4:]:
-$2{R} >= -1 && -$1{A} >= 0 ? 0.
-$2{R} >= -1 && $1{A} == 1 ? bottom
$1{A} >= 2 && -$2{R} >= -1 ? 0
$2{R} >= 2 && -$1{A} >= 0 ? 0.
$2{R} >= 2 && $1{A} == 1 ? bottom
$1{A} >= 2 && $2{R} >= 2 ? 0.

[5:]:
-$1{A} >= 0 ? 0.
$1{A} == 1 ? bottom
$1{A} >= 2 ? 0.

[6:]:
-$1{A} >= 0 ? 0.
$1{A} == 1 ? bottom
$1{A} >= 2 ? 0.

[7:]:
-$1{A} >= 0 ? 0.
$1{A} == 1 ? bottom
$1{A} >= 2 ? 0.

[8:]:
-$1{A} >= 0 ? 0.
$1{A} == 1 ? bottom
$1{A} >= 2 ? 0.

[9:]:
-$1{A} >= 0 ? 0.
$1{A} == 1 ? bottom
$1{A} >= 2 ? 0.

[10:]:
-$1{A} >= 0 ? 0.
$1{A} == 1 ? bottom
$1{A} >= 2 ? 0.

[11:]:
-$1{A} >= 0 ? 0.
$1{A} == 1 ? bottom
$1{A} >= 2 ? 0.

[12:]:
-$2{R} >= -1 && -$1{A} >= 0 ? 0.
-$2{R} >= -1 && $1{A} == 1 ? bottom
$1{A} >= 2 && -$2{R} >= -1 ? 0
$2{R} >= 2 && -$1{A} >= 0 ? 0.
$2{R} >= 2 && $1{A} == 1 ? bottom
$1{A} >= 2 && $2{R} >= 2 ? 0.

[13:]:
-$2{R} >= -1 && -$1{A} >= 0 ? 0.
-$2{R} >= -1 && $1{A} == 1 ? bottom
$1{A} >= 2 && -$2{R} >= -1 ? 0
$2{R} >= 2 && -$1{A} >= 0 ? 0.
$2{R} >= 2 && $1{A} == 1 ? bottom
$1{A} >= 2 && $2{R} >= 2 ? 0.

[14:]:
-$1{A} >= 0 ? 0.
$1{A} == 1 ? bottom
$1{A} >= 2 ? 0.

[15:]:
-$1{A} >= 0 ? 0.
$1{A} == 1 ? bottom
$1{A} >= 2 ? 0.

[16:]:
-$1{A} >= 0 ? 0.
$1{A} == 1 ? bottom
$1{A} >= 2 ? 0.

[17:]:
top ? bottom

[18:]:
-$1{A} >= 0 ? 0.
$1{A} == 1 ? bottom
$1{A} >= 2 ? 0.


Analysis Result: TRUE
