
Abstract Syntax:
[ 1:] $1{A} := 0
[ 2:] $2{R} := 0
[ 3:]
void main( ):
[ 4:] while [ 5:] ( ? ) do
[ 6:]   $1{A} := 1
[ 7:]   $1{A} := 0
[ 8:]   $3{n} := ?
[ 9:]   while [10:] ( $3{n} > 0 ) do
[11:]     $3{n} := $3{n} - 1
[12:]
        od
[13:]   $2{R} := 1
[14:]   $2{R} := 0
[15:]
      od
[16:] while [17:] ( 1 < 0 || 1 > 0 ) do
[18:]   $4{x} := $4{x}
[19:]
      od
[20:]

Property: $2{R} <= 1 && $2{R} >= 1

[ -1:]:
-$2{R} >= 0 ? bottom
$2{R} == 1 ? 0.
$2{R} >= 2 ? bottom

[ 4:]:
-$2{R} >= 0 ? bottom
$2{R} == 1 ? 0.
$2{R} >= 2 ? bottom

[ 5:]:
-$2{R} >= 0 ? bottom
$2{R} == 1 ? 0.
$2{R} >= 2 ? bottom

[ 6:]:
-$2{R} >= 0 ? bottom
$2{R} == 1 ? 0.
$2{R} >= 2 ? bottom

[ 7:]:
-$2{R} >= 0 ? bottom
$2{R} == 1 ? 0.
$2{R} >= 2 ? bottom

[ 8:]:
-$2{R} >= 0 ? bottom
$2{R} == 1 ? 0.
$2{R} >= 2 ? bottom

[ 9:]:
-$2{R} >= 0 ? bottom
$2{R} == 1 ? 0.
$2{R} >= 2 ? bottom

[10:]:
-$2{R} >= 0 ? bottom
$2{R} == 1 ? 0.
$2{R} >= 2 ? bottom

[11:]:
-$2{R} >= 0 ? bottom
$2{R} == 1 ? 0.
$2{R} >= 2 ? bottom

[12:]:
-$2{R} >= 0 ? bottom
$2{R} == 1 ? 0.
$2{R} >= 2 ? bottom

[13:]:
-$2{R} >= 0 ? bottom
$2{R} == 1 ? 0.
$2{R} >= 2 ? bottom

[14:]:
-$2{R} >= 0 ? bottom
$2{R} == 1 ? 0.
$2{R} >= 2 ? bottom

[15:]:
-$2{R} >= 0 ? bottom
$2{R} == 1 ? 0.
$2{R} >= 2 ? bottom

[16:]:
-$2{R} >= 0 ? bottom
$2{R} == 1 ? 0.
$2{R} >= 2 ? bottom

[17:]:
-$2{R} >= 0 ? bottom
$2{R} == 1 ? 0.
$2{R} >= 2 ? bottom

[18:]:
-$2{R} >= 0 ? bottom
$2{R} == 1 ? 0.
$2{R} >= 2 ? bottom

[19:]:
-$2{R} >= 0 ? bottom
$2{R} == 1 ? 0.
$2{R} >= 2 ? bottom

[20:]:
-$2{R} >= 0 ? bottom
$2{R} == 1 ? 0.
$2{R} >= 2 ? bottom

Property: AF{$2{R} <= 1 && $2{R} >= 1}

[ -1:]:
-$2{R} >= 0 ? bottom
$2{R} == 1 ? 0.
$2{R} >= 2 ? bottom

[ 4:]:
-$2{R} >= 0 ? bottom
$2{R} == 1 ? 0.
$2{R} >= 2 ? bottom

[ 5:]:
-$2{R} >= 0 ? bottom
$2{R} == 1 ? 0.
$2{R} >= 2 ? bottom

[ 6:]:
-$2{R} >= 0 ?  (1)⍵ + 7
$2{R} == 1 ? 0.
$2{R} >= 2 ?  (1)⍵ + 7

[ 7:]:
-$2{R} >= 0 ?  (1)⍵ + 6
$2{R} == 1 ? 0.
$2{R} >= 2 ?  (1)⍵ + 6

[ 8:]:
-$2{R} >= 0 ?  (1)⍵ + 5
$2{R} == 1 ? 0.
$2{R} >= 2 ?  (1)⍵ + 5

[ 9:]:
-$3{n} >= 0 && -$2{R} >= 0 ? 2
-$3{n} >= 0 && $2{R} == 1 ? 0.
$2{R} >= 2 && -$3{n} >= 0 ? 2
-$2{R} >= 0 && $3{n} == 1 ? 4
$2{R} == 1 && $3{n} == 1 ? 0.
$2{R} >= 2 && $3{n} == 1 ? 4
$3{n} >= 2 && -$2{R} >= 0 ? 2$3{n}+2
$3{n} >= 2 && $2{R} == 1 ? 0.
$2{R} >= 2 && $3{n} >= 2 ? 2$3{n}+2

[10:]:
-$3{n} >= 0 && -$2{R} >= 0 ? 2
-$3{n} >= 0 && $2{R} == 1 ? 0
$2{R} >= 2 && -$3{n} >= 0 ? 2
-$2{R} >= 0 && $3{n} == 1 ? 4
$2{R} == 1 && $3{n} == 1 ? 0
$2{R} >= 2 && $3{n} == 1 ? 4
$3{n} >= 2 && -$2{R} >= 0 ? 2$3{n}+2
$3{n} >= 2 && $2{R} == 1 ? 0
$2{R} >= 2 && $3{n} >= 2 ? 2$3{n}+2

[11:]:
-$3{n} >= -1 && -$2{R} >= 0 ? 3
-$3{n} >= -1 && $2{R} == 1 ? 0.
$2{R} >= 2 && -$3{n} >= -1 ? 3
-$2{R} >= 0 && $3{n} == 2 ? 5
$2{R} == 1 && $3{n} == 2 ? 0.
$2{R} >= 2 && $3{n} == 2 ? 5
$3{n} >= 3 && -$2{R} >= 0 ? 2$3{n}+1
$3{n} >= 3 && $2{R} == 1 ? 0.
$2{R} >= 2 && $3{n} >= 3 ? 2$3{n}+1

[12:]:
-$3{n} >= 0 && -$2{R} >= 0 ? 2
-$3{n} >= 0 && $2{R} == 1 ? 0.
$2{R} >= 2 && -$3{n} >= 0 ? 2
-$2{R} >= 0 && $3{n} == 1 ? 4
$2{R} == 1 && $3{n} == 1 ? 0.
$2{R} >= 2 && $3{n} == 1 ? 4
$3{n} >= 2 && -$2{R} >= 0 ? 2$3{n}+2
$3{n} >= 2 && $2{R} == 1 ? 0.
$2{R} >= 2 && $3{n} >= 2 ? 2$3{n}+2

[13:]:
-$2{R} >= 0 ? 1
$2{R} == 1 ? 0.
$2{R} >= 2 ? 1

[14:]:
-$2{R} >= 0 ? bottom
$2{R} == 1 ? 0.
$2{R} >= 2 ? bottom

[15:]:
-$2{R} >= 0 ? bottom
$2{R} == 1 ? 0.
$2{R} >= 2 ? bottom

[16:]:
-$2{R} >= 0 ? bottom
$2{R} == 1 ? 0.
$2{R} >= 2 ? bottom

[17:]:
-$2{R} >= 0 ? bottom
$2{R} == 1 ? 0.
$2{R} >= 2 ? bottom

[18:]:
-$2{R} >= 0 ? bottom
$2{R} == 1 ? 0.
$2{R} >= 2 ? bottom

[19:]:
-$2{R} >= 0 ? bottom
$2{R} == 1 ? 0.
$2{R} >= 2 ? bottom

[20:]:
-$2{R} >= 0 ? bottom
$2{R} == 1 ? 0.
$2{R} >= 2 ? bottom

Property: $1{A} < 1 || $1{A} > 1

[ -1:]:
-$1{A} >= 0 ? 0.
$1{A} == 1 ? bottom
$1{A} >= 2 ? 0.

[ 4:]:
-$1{A} >= 0 ? 0.
$1{A} == 1 ? bottom
$1{A} >= 2 ? 0.

[ 5:]:
-$1{A} >= 0 ? 0.
$1{A} == 1 ? bottom
$1{A} >= 2 ? 0.

[ 6:]:
-$1{A} >= 0 ? 0.
$1{A} == 1 ? bottom
$1{A} >= 2 ? 0.

[ 7:]:
-$1{A} >= 0 ? 0.
$1{A} == 1 ? bottom
$1{A} >= 2 ? 0.

[ 8:]:
-$1{A} >= 0 ? 0.
$1{A} == 1 ? bottom
$1{A} >= 2 ? 0.

[ 9:]:
-$1{A} >= 0 ? 0.
$1{A} == 1 ? bottom
$1{A} >= 2 ? 0.

[10:]:
-$1{A} >= 0 ? 0.
$1{A} == 1 ? bottom
$1{A} >= 2 ? 0.

[11:]:
-$1{A} >= 0 ? 0.
$1{A} == 1 ? bottom
$1{A} >= 2 ? 0.

[12:]:
-$1{A} >= 0 ? 0.
$1{A} == 1 ? bottom
$1{A} >= 2 ? 0.

[13:]:
-$1{A} >= 0 ? 0.
$1{A} == 1 ? bottom
$1{A} >= 2 ? 0.

[14:]:
-$1{A} >= 0 ? 0.
$1{A} == 1 ? bottom
$1{A} >= 2 ? 0.

[15:]:
-$1{A} >= 0 ? 0.
$1{A} == 1 ? bottom
$1{A} >= 2 ? 0.

[16:]:
-$1{A} >= 0 ? 0.
$1{A} == 1 ? bottom
$1{A} >= 2 ? 0.

[17:]:
-$1{A} >= 0 ? 0.
$1{A} == 1 ? bottom
$1{A} >= 2 ? 0.

[18:]:
-$1{A} >= 0 ? 0.
$1{A} == 1 ? bottom
$1{A} >= 2 ? 0.

[19:]:
-$1{A} >= 0 ? 0.
$1{A} == 1 ? bottom
$1{A} >= 2 ? 0.

[20:]:
-$1{A} >= 0 ? 0.
$1{A} == 1 ? bottom
$1{A} >= 2 ? 0.

Property: OR{$1{A} < 1 || $1{A} > 1}{AF{$2{R} <= 1 && $2{R} >= 1}}

[ -1:]:
-$2{R} >= -1 && -$1{A} >= 0 ? 0.
-$2{R} >= -1 && $1{A} == 1 ? bottom
$1{A} >= 2 && -$2{R} >= -1 ? 0
$2{R} >= 2 && -$1{A} >= 0 ? 0.
$2{R} >= 2 && $1{A} == 1 ? bottom
$1{A} >= 2 && $2{R} >= 2 ? 0.

[ 4:]:
-$2{R} >= -1 && -$1{A} >= 0 ? 0.
-$2{R} >= -1 && $1{A} == 1 ? bottom
$1{A} >= 2 && -$2{R} >= -1 ? 0
$2{R} >= 2 && -$1{A} >= 0 ? 0.
$2{R} >= 2 && $1{A} == 1 ? bottom
$1{A} >= 2 && $2{R} >= 2 ? 0.

[ 5:]:
-$2{R} >= -1 && -$1{A} >= 0 ? 0.
-$2{R} >= -1 && $1{A} == 1 ? bottom
$1{A} >= 2 && -$2{R} >= -1 ? 0
$2{R} >= 2 && -$1{A} >= 0 ? 0.
$2{R} >= 2 && $1{A} == 1 ? bottom
$1{A} >= 2 && $2{R} >= 2 ? 0.

[ 6:]:
-$2{R} >= 0 ?  (1)⍵ + 7
$2{R} == 1 ? 0
$2{R} >= 2 ?  (1)⍵ + 7

[ 7:]:
-$2{R} >= 0 ?  (1)⍵ + 6
$2{R} == 1 ? 0
$2{R} >= 2 ?  (1)⍵ + 6

[ 8:]:
-$2{R} >= 0 ?  (1)⍵ + 5
$2{R} == 1 ? 0
$2{R} >= 2 ?  (1)⍵ + 5

[ 9:]:
-$3{n} >= 0 && -$2{R} >= 0 ? 2
-$3{n} >= 0 && $2{R} == 1 ? 0
$2{R} >= 2 && -$3{n} >= 0 ? 2
-$2{R} >= 0 && $3{n} == 1 ? 4
$2{R} == 1 && $3{n} == 1 ? 0
$2{R} >= 2 && $3{n} == 1 ? 4
$3{n} >= 2 && -$2{R} >= 0 ? 2$3{n}+2
$3{n} >= 2 && $2{R} == 1 ? 0
$2{R} >= 2 && $3{n} >= 2 ? 2$3{n}+2

[10:]:
-$3{n} >= 0 && -$2{R} >= 0 ? 2
-$3{n} >= 0 && $2{R} == 1 ? 0
$2{R} >= 2 && -$3{n} >= 0 ? 2
-$2{R} >= 0 && $3{n} == 1 ? 4
$2{R} == 1 && $3{n} == 1 ? 0
$2{R} >= 2 && $3{n} == 1 ? 4
$3{n} >= 2 && -$2{R} >= 0 ? 2$3{n}+2
$3{n} >= 2 && $2{R} == 1 ? 0
$2{R} >= 2 && $3{n} >= 2 ? 2$3{n}+2

[11:]:
-$3{n} >= -1 && -$2{R} >= 0 ? 3
-$3{n} >= -1 && $2{R} == 1 ? 0
$2{R} >= 2 && -$3{n} >= -1 ? 3
-$2{R} >= 0 && $3{n} == 2 ? 5
$2{R} == 1 && $3{n} == 2 ? 0
$2{R} >= 2 && $3{n} == 2 ? 5
$3{n} >= 3 && -$2{R} >= 0 ? 2$3{n}+1
$3{n} >= 3 && $2{R} == 1 ? 0
$2{R} >= 2 && $3{n} >= 3 ? 2$3{n}+1

[12:]:
-$3{n} >= 0 && -$2{R} >= 0 ? 2
-$3{n} >= 0 && $2{R} == 1 ? 0
$2{R} >= 2 && -$3{n} >= 0 ? 2
-$2{R} >= 0 && $3{n} == 1 ? 4
$2{R} == 1 && $3{n} == 1 ? 0
$2{R} >= 2 && $3{n} == 1 ? 4
$3{n} >= 2 && -$2{R} >= 0 ? 2$3{n}+2
$3{n} >= 2 && $2{R} == 1 ? 0
$2{R} >= 2 && $3{n} >= 2 ? 2$3{n}+2

[13:]:
-$2{R} >= 0 ? 1
$2{R} == 1 ? 0
$2{R} >= 2 ? 1

[14:]:
-$2{R} >= -1 && -$1{A} >= 0 ? 0.
-$2{R} >= -1 && $1{A} == 1 ? bottom
$1{A} >= 2 && -$2{R} >= -1 ? 0
$2{R} >= 2 && -$1{A} >= 0 ? 0.
$2{R} >= 2 && $1{A} == 1 ? bottom
$1{A} >= 2 && $2{R} >= 2 ? 0.

[15:]:
-$2{R} >= -1 && -$1{A} >= 0 ? 0.
-$2{R} >= -1 && $1{A} == 1 ? bottom
$1{A} >= 2 && -$2{R} >= -1 ? 0
$2{R} >= 2 && -$1{A} >= 0 ? 0.
$2{R} >= 2 && $1{A} == 1 ? bottom
$1{A} >= 2 && $2{R} >= 2 ? 0.

[16:]:
-$2{R} >= -1 && -$1{A} >= 0 ? 0.
-$2{R} >= -1 && $1{A} == 1 ? bottom
$1{A} >= 2 && -$2{R} >= -1 ? 0
$2{R} >= 2 && -$1{A} >= 0 ? 0.
$2{R} >= 2 && $1{A} == 1 ? bottom
$1{A} >= 2 && $2{R} >= 2 ? 0.

[17:]:
-$2{R} >= -1 && -$1{A} >= 0 ? 0.
-$2{R} >= -1 && $1{A} == 1 ? bottom
$1{A} >= 2 && -$2{R} >= -1 ? 0
$2{R} >= 2 && -$1{A} >= 0 ? 0.
$2{R} >= 2 && $1{A} == 1 ? bottom
$1{A} >= 2 && $2{R} >= 2 ? 0.

[18:]:
-$2{R} >= -1 && -$1{A} >= 0 ? 0.
-$2{R} >= -1 && $1{A} == 1 ? bottom
$1{A} >= 2 && -$2{R} >= -1 ? 0
$2{R} >= 2 && -$1{A} >= 0 ? 0.
$2{R} >= 2 && $1{A} == 1 ? bottom
$1{A} >= 2 && $2{R} >= 2 ? 0.

[19:]:
-$2{R} >= -1 && -$1{A} >= 0 ? 0.
-$2{R} >= -1 && $1{A} == 1 ? bottom
$1{A} >= 2 && -$2{R} >= -1 ? 0
$2{R} >= 2 && -$1{A} >= 0 ? 0.
$2{R} >= 2 && $1{A} == 1 ? bottom
$1{A} >= 2 && $2{R} >= 2 ? 0.

[20:]:
-$2{R} >= -1 && -$1{A} >= 0 ? 0.
-$2{R} >= -1 && $1{A} == 1 ? bottom
$1{A} >= 2 && -$2{R} >= -1 ? 0
$2{R} >= 2 && -$1{A} >= 0 ? 0.
$2{R} >= 2 && $1{A} == 1 ? bottom
$1{A} >= 2 && $2{R} >= 2 ? 0.

Property: AG{OR{$1{A} < 1 || $1{A} > 1}{AF{$2{R} <= 1 && $2{R} >= 1}}}

[ -1:]:
top ? bottom

[ 4:]:
-$2{R} >= -1 && -$1{A} >= 0 ? 0.
-$2{R} >= -1 && $1{A} == 1 ? bottom
$1{A} >= 2 && -$2{R} >= -1 ? 0
$2{R} >= 2 && -$1{A} >= 0 ? 0.
$2{R} >= 2 && $1{A} == 1 ? bottom
$1{A} >= 2 && $2{R} >= 2 ? 0.

[ 5:]:
-$2{R} >= -1 && -$1{A} >= 0 ? 0.
-$2{R} >= -1 && $1{A} == 1 ? bottom
$1{A} >= 2 && -$2{R} >= -1 ? 0
$2{R} >= 2 && -$1{A} >= 0 ? 0.
$2{R} >= 2 && $1{A} == 1 ? bottom
$1{A} >= 2 && $2{R} >= 2 ? 0.

[ 6:]:
-$2{R} >= 0 ?  (1)⍵ + 7
$2{R} == 1 ? 0
$2{R} >= 2 ?  (1)⍵ + 7

[ 7:]:
-$2{R} >= 0 ?  (1)⍵ + 6
$2{R} == 1 ? 0
$2{R} >= 2 ?  (1)⍵ + 6

[ 8:]:
-$2{R} >= 0 && -$1{A} >= 0 ?  (1)⍵ + 5
-$2{R} >= 0 && $1{A} == 1 ? bottom
$1{A} >= 2 && -$2{R} >= 0 ?  (1)⍵ + 5
-$1{A} >= 0 && $2{R} == 1 ? 0
$1{A} == 1 && $2{R} == 1 ? bottom
$1{A} >= 2 && $2{R} == 1 ? 0
$2{R} >= 2 && -$1{A} >= 0 ?  (1)⍵ + 5
$2{R} >= 2 && $1{A} == 1 ? bottom
$1{A} >= 2 && $2{R} >= 2 ?  (1)⍵ + 5

[ 9:]:
-$3{n} >= 0 && -$2{R} >= 0 && -$1{A} >= 0 ? 2
-$3{n} >= 0 && -$2{R} >= 0 && $1{A} == 1 ? bottom
$1{A} >= 2 && -$3{n} >= 0 && -$2{R} >= 0 ? 2
-$3{n} >= 0 && -$1{A} >= 0 && $2{R} == 1 ? 0
-$3{n} >= 0 && $1{A} == 1 && $2{R} == 1 ? bottom
$1{A} >= 2 && -$3{n} >= 0 && $2{R} == 1 ? 0
$2{R} >= 2 && -$3{n} >= 0 && -$1{A} >= 0 ? 2
$2{R} >= 2 && -$3{n} >= 0 && $1{A} == 1 ? bottom
$1{A} >= 2 && $2{R} >= 2 && -$3{n} >= 0 ? 2
-$2{R} >= 0 && -$1{A} >= 0 && $3{n} == 1 ? 4
-$2{R} >= 0 && $1{A} == 1 && $3{n} == 1 ? bottom
$1{A} >= 2 && -$2{R} >= 0 && $3{n} == 1 ? 4
-$1{A} >= 0 && $2{R} == 1 && $3{n} == 1 ? 0
$1{A} == 1 && $2{R} == 1 && $3{n} == 1 ? bottom
$1{A} >= 2 && $2{R} == 1 && $3{n} == 1 ? 0
$2{R} >= 2 && -$1{A} >= 0 && $3{n} == 1 ? 4
$2{R} >= 2 && $1{A} == 1 && $3{n} == 1 ? bottom
$1{A} >= 2 && $2{R} >= 2 && $3{n} == 1 ? 4
-$2{R} >= 0 && -$1{A} >= 0 && $3{n} == 2 ? 2$3{n}+2
-$2{R} >= 0 && $1{A} == 1 && $3{n} == 2 ? bottom
$1{A} >= 2 && -$2{R} >= 0 && $3{n} == 2 ? 2$3{n}+2
-$1{A} >= 0 && $2{R} == 1 && $3{n} == 2 ? 0
$1{A} == 1 && $2{R} == 1 && $3{n} == 2 ? bottom
$1{A} >= 2 && $2{R} == 1 && $3{n} == 2 ? 0
$2{R} >= 2 && -$1{A} >= 0 && $3{n} == 2 ? 2$3{n}+2
$2{R} >= 2 && $1{A} == 1 && $3{n} == 2 ? bottom
$1{A} >= 2 && $2{R} >= 2 && $3{n} == 2 ? 2$3{n}+2
-$2{R} >= 0 && -$1{A} >= 0 && $3{n} == 3 ? 2$3{n}+2
-$2{R} >= 0 && $1{A} == 1 && $3{n} == 3 ? bottom
$1{A} >= 2 && -$2{R} >= 0 && $3{n} == 3 ? 2$3{n}+2
-$1{A} >= 0 && $2{R} == 1 && $3{n} == 3 ? 0
$1{A} == 1 && $2{R} == 1 && $3{n} == 3 ? bottom
$1{A} >= 2 && $2{R} == 1 && $3{n} == 3 ? 0
$2{R} >= 2 && -$1{A} >= 0 && $3{n} == 3 ? 2$3{n}+2
$2{R} >= 2 && $1{A} == 1 && $3{n} == 3 ? bottom
$1{A} >= 2 && $2{R} >= 2 && $3{n} == 3 ? 2$3{n}+2
$3{n} >= 4 && -$2{R} >= 0 && -$1{A} >= 0 ? 2$3{n}+2
$3{n} >= 4 && -$2{R} >= 0 && $1{A} == 1 ? bottom
$1{A} >= 2 && $3{n} >= 4 && -$2{R} >= 0 ? 2$3{n}+2
$3{n} >= 4 && -$1{A} >= 0 && $2{R} == 1 ? 0
$3{n} >= 4 && $1{A} == 1 && $2{R} == 1 ? bottom
$1{A} >= 2 && $3{n} >= 4 && $2{R} == 1 ? 0
$2{R} >= 2 && $3{n} >= 4 && -$1{A} >= 0 ? 2$3{n}+2
$2{R} >= 2 && $3{n} >= 4 && $1{A} == 1 ? bottom
$1{A} >= 2 && $2{R} >= 2 && $3{n} >= 4 ? 2$3{n}+2

[10:]:
-$3{n} >= 0 && -$2{R} >= 0 && -$1{A} >= 0 ? 2
-$3{n} >= 0 && -$2{R} >= 0 && $1{A} == 1 ? bottom
$1{A} >= 2 && -$3{n} >= 0 && -$2{R} >= 0 ? 2
-$3{n} >= 0 && -$1{A} >= 0 && $2{R} == 1 ? 0
-$3{n} >= 0 && $1{A} == 1 && $2{R} == 1 ? bottom
$1{A} >= 2 && -$3{n} >= 0 && $2{R} == 1 ? 0
$2{R} >= 2 && -$3{n} >= 0 && -$1{A} >= 0 ? 2
$2{R} >= 2 && -$3{n} >= 0 && $1{A} == 1 ? bottom
$1{A} >= 2 && $2{R} >= 2 && -$3{n} >= 0 ? 2
-$2{R} >= 0 && -$1{A} >= 0 && $3{n} == 1 ? 4
-$2{R} >= 0 && $1{A} == 1 && $3{n} == 1 ? bottom
$1{A} >= 2 && -$2{R} >= 0 && $3{n} == 1 ? 4
-$1{A} >= 0 && $2{R} == 1 && $3{n} == 1 ? 0
$1{A} == 1 && $2{R} == 1 && $3{n} == 1 ? bottom
$1{A} >= 2 && $2{R} == 1 && $3{n} == 1 ? 0
$2{R} >= 2 && -$1{A} >= 0 && $3{n} == 1 ? 4
$2{R} >= 2 && $1{A} == 1 && $3{n} == 1 ? bottom
$1{A} >= 2 && $2{R} >= 2 && $3{n} == 1 ? 4
-$2{R} >= 0 && -$1{A} >= 0 && $3{n} == 2 ? 2$3{n}+2
-$2{R} >= 0 && $1{A} == 1 && $3{n} == 2 ? bottom
$1{A} >= 2 && -$2{R} >= 0 && $3{n} == 2 ? 2$3{n}+2
-$1{A} >= 0 && $2{R} == 1 && $3{n} == 2 ? 0
$1{A} == 1 && $2{R} == 1 && $3{n} == 2 ? bottom
$1{A} >= 2 && $2{R} == 1 && $3{n} == 2 ? 0
$2{R} >= 2 && -$1{A} >= 0 && $3{n} == 2 ? 2$3{n}+2
$2{R} >= 2 && $1{A} == 1 && $3{n} == 2 ? bottom
$1{A} >= 2 && $2{R} >= 2 && $3{n} == 2 ? 2$3{n}+2
-$2{R} >= 0 && -$1{A} >= 0 && $3{n} == 3 ? 2$3{n}+2
-$2{R} >= 0 && $1{A} == 1 && $3{n} == 3 ? bottom
$1{A} >= 2 && -$2{R} >= 0 && $3{n} == 3 ? 2$3{n}+2
-$1{A} >= 0 && $2{R} == 1 && $3{n} == 3 ? 0
$1{A} == 1 && $2{R} == 1 && $3{n} == 3 ? bottom
$1{A} >= 2 && $2{R} == 1 && $3{n} == 3 ? 0
$2{R} >= 2 && -$1{A} >= 0 && $3{n} == 3 ? 2$3{n}+2
$2{R} >= 2 && $1{A} == 1 && $3{n} == 3 ? bottom
$1{A} >= 2 && $2{R} >= 2 && $3{n} == 3 ? 2$3{n}+2
$3{n} >= 4 && -$2{R} >= 0 && -$1{A} >= 0 ? 2$3{n}+2
$3{n} >= 4 && -$2{R} >= 0 && $1{A} == 1 ? bottom
$1{A} >= 2 && $3{n} >= 4 && -$2{R} >= 0 ? 2$3{n}+2
$3{n} >= 4 && -$1{A} >= 0 && $2{R} == 1 ? 0
$3{n} >= 4 && $1{A} == 1 && $2{R} == 1 ? bottom
$1{A} >= 2 && $3{n} >= 4 && $2{R} == 1 ? 0
$2{R} >= 2 && $3{n} >= 4 && -$1{A} >= 0 ? 2$3{n}+2
$2{R} >= 2 && $3{n} >= 4 && $1{A} == 1 ? bottom
$1{A} >= 2 && $2{R} >= 2 && $3{n} >= 4 ? 2$3{n}+2

[11:]:
-$3{n} >= -1 && -$2{R} >= 0 && -$1{A} >= 0 ? 3
-$3{n} >= -1 && -$2{R} >= 0 && $1{A} == 1 ? bottom
$1{A} >= 2 && -$3{n} >= -1 && -$2{R} >= 0 ? 3
-$3{n} >= -1 && -$1{A} >= 0 && $2{R} == 1 ? 0
-$3{n} >= -1 && $1{A} == 1 && $2{R} == 1 ? bottom
$1{A} >= 2 && -$3{n} >= -1 && $2{R} == 1 ? 0
$2{R} >= 2 && -$3{n} >= -1 && -$1{A} >= 0 ? 3
$2{R} >= 2 && -$3{n} >= -1 && $1{A} == 1 ? bottom
$1{A} >= 2 && $2{R} >= 2 && -$3{n} >= -1 ? 3
-$2{R} >= 0 && -$1{A} >= 0 && $3{n} == 2 ? 5
-$2{R} >= 0 && $1{A} == 1 && $3{n} == 2 ? bottom
$1{A} >= 2 && -$2{R} >= 0 && $3{n} == 2 ? 5
-$1{A} >= 0 && $2{R} == 1 && $3{n} == 2 ? 0
$1{A} == 1 && $2{R} == 1 && $3{n} == 2 ? bottom
$1{A} >= 2 && $2{R} == 1 && $3{n} == 2 ? 0
$2{R} >= 2 && -$1{A} >= 0 && $3{n} == 2 ? 5
$2{R} >= 2 && $1{A} == 1 && $3{n} == 2 ? bottom
$1{A} >= 2 && $2{R} >= 2 && $3{n} == 2 ? 5
-$2{R} >= 0 && -$1{A} >= 0 && $3{n} == 3 ? 2$3{n}+1
-$2{R} >= 0 && $1{A} == 1 && $3{n} == 3 ? bottom
$1{A} >= 2 && -$2{R} >= 0 && $3{n} == 3 ? 2$3{n}+1
-$1{A} >= 0 && $2{R} == 1 && $3{n} == 3 ? 0
$1{A} == 1 && $2{R} == 1 && $3{n} == 3 ? bottom
$1{A} >= 2 && $2{R} == 1 && $3{n} == 3 ? 0
$2{R} >= 2 && -$1{A} >= 0 && $3{n} == 3 ? 2$3{n}+1
$2{R} >= 2 && $1{A} == 1 && $3{n} == 3 ? bottom
$1{A} >= 2 && $2{R} >= 2 && $3{n} == 3 ? 2$3{n}+1
-$2{R} >= 0 && -$1{A} >= 0 && $3{n} == 4 ? 2$3{n}+1
-$2{R} >= 0 && $1{A} == 1 && $3{n} == 4 ? bottom
$1{A} >= 2 && -$2{R} >= 0 && $3{n} == 4 ? 2$3{n}+1
-$1{A} >= 0 && $2{R} == 1 && $3{n} == 4 ? 0
$1{A} == 1 && $2{R} == 1 && $3{n} == 4 ? bottom
$1{A} >= 2 && $2{R} == 1 && $3{n} == 4 ? 0
$2{R} >= 2 && -$1{A} >= 0 && $3{n} == 4 ? 2$3{n}+1
$2{R} >= 2 && $1{A} == 1 && $3{n} == 4 ? bottom
$1{A} >= 2 && $2{R} >= 2 && $3{n} == 4 ? 2$3{n}+1
$3{n} >= 5 && -$2{R} >= 0 && -$1{A} >= 0 ? 2$3{n}+1
$3{n} >= 5 && -$2{R} >= 0 && $1{A} == 1 ? bottom
$1{A} >= 2 && $3{n} >= 5 && -$2{R} >= 0 ? 2$3{n}+1
$3{n} >= 5 && -$1{A} >= 0 && $2{R} == 1 ? 0
$3{n} >= 5 && $1{A} == 1 && $2{R} == 1 ? bottom
$1{A} >= 2 && $3{n} >= 5 && $2{R} == 1 ? 0
$2{R} >= 2 && $3{n} >= 5 && -$1{A} >= 0 ? 2$3{n}+1
$2{R} >= 2 && $3{n} >= 5 && $1{A} == 1 ? bottom
$1{A} >= 2 && $2{R} >= 2 && $3{n} >= 5 ? 2$3{n}+1

[12:]:
-$3{n} >= 0 && -$2{R} >= 0 && -$1{A} >= 0 ? 2
-$3{n} >= 0 && -$2{R} >= 0 && $1{A} == 1 ? bottom
$1{A} >= 2 && -$3{n} >= 0 && -$2{R} >= 0 ? 2
-$3{n} >= 0 && -$1{A} >= 0 && $2{R} == 1 ? 0
-$3{n} >= 0 && $1{A} == 1 && $2{R} == 1 ? bottom
$1{A} >= 2 && -$3{n} >= 0 && $2{R} == 1 ? 0
$2{R} >= 2 && -$3{n} >= 0 && -$1{A} >= 0 ? 2
$2{R} >= 2 && -$3{n} >= 0 && $1{A} == 1 ? bottom
$1{A} >= 2 && $2{R} >= 2 && -$3{n} >= 0 ? 2
-$2{R} >= 0 && -$1{A} >= 0 && $3{n} == 1 ? 4
-$2{R} >= 0 && $1{A} == 1 && $3{n} == 1 ? bottom
$1{A} >= 2 && -$2{R} >= 0 && $3{n} == 1 ? 4
-$1{A} >= 0 && $2{R} == 1 && $3{n} == 1 ? 0
$1{A} == 1 && $2{R} == 1 && $3{n} == 1 ? bottom
$1{A} >= 2 && $2{R} == 1 && $3{n} == 1 ? 0
$2{R} >= 2 && -$1{A} >= 0 && $3{n} == 1 ? 4
$2{R} >= 2 && $1{A} == 1 && $3{n} == 1 ? bottom
$1{A} >= 2 && $2{R} >= 2 && $3{n} == 1 ? 4
-$2{R} >= 0 && -$1{A} >= 0 && $3{n} == 2 ? 2$3{n}+2
-$2{R} >= 0 && $1{A} == 1 && $3{n} == 2 ? bottom
$1{A} >= 2 && -$2{R} >= 0 && $3{n} == 2 ? 2$3{n}+2
-$1{A} >= 0 && $2{R} == 1 && $3{n} == 2 ? 0
$1{A} == 1 && $2{R} == 1 && $3{n} == 2 ? bottom
$1{A} >= 2 && $2{R} == 1 && $3{n} == 2 ? 0
$2{R} >= 2 && -$1{A} >= 0 && $3{n} == 2 ? 2$3{n}+2
$2{R} >= 2 && $1{A} == 1 && $3{n} == 2 ? bottom
$1{A} >= 2 && $2{R} >= 2 && $3{n} == 2 ? 2$3{n}+2
-$2{R} >= 0 && -$1{A} >= 0 && $3{n} == 3 ? 2$3{n}+2
-$2{R} >= 0 && $1{A} == 1 && $3{n} == 3 ? bottom
$1{A} >= 2 && -$2{R} >= 0 && $3{n} == 3 ? 2$3{n}+2
-$1{A} >= 0 && $2{R} == 1 && $3{n} == 3 ? 0
$1{A} == 1 && $2{R} == 1 && $3{n} == 3 ? bottom
$1{A} >= 2 && $2{R} == 1 && $3{n} == 3 ? 0
$2{R} >= 2 && -$1{A} >= 0 && $3{n} == 3 ? 2$3{n}+2
$2{R} >= 2 && $1{A} == 1 && $3{n} == 3 ? bottom
$1{A} >= 2 && $2{R} >= 2 && $3{n} == 3 ? 2$3{n}+2
$3{n} >= 4 && -$2{R} >= 0 && -$1{A} >= 0 ? 2$3{n}+2
$3{n} >= 4 && -$2{R} >= 0 && $1{A} == 1 ? bottom
$1{A} >= 2 && $3{n} >= 4 && -$2{R} >= 0 ? 2$3{n}+2
$3{n} >= 4 && -$1{A} >= 0 && $2{R} == 1 ? 0
$3{n} >= 4 && $1{A} == 1 && $2{R} == 1 ? bottom
$1{A} >= 2 && $3{n} >= 4 && $2{R} == 1 ? 0
$2{R} >= 2 && $3{n} >= 4 && -$1{A} >= 0 ? 2$3{n}+2
$2{R} >= 2 && $3{n} >= 4 && $1{A} == 1 ? bottom
$1{A} >= 2 && $2{R} >= 2 && $3{n} >= 4 ? 2$3{n}+2

[13:]:
-$2{R} >= 0 && -$1{A} >= 0 ? 1
-$2{R} >= 0 && $1{A} == 1 ? bottom
$1{A} >= 2 && -$2{R} >= 0 ? 1
-$1{A} >= 0 && $2{R} == 1 ? 0
$1{A} == 1 && $2{R} == 1 ? bottom
$1{A} >= 2 && $2{R} == 1 ? 0
$2{R} >= 2 && -$1{A} >= 0 ? 1
$2{R} >= 2 && $1{A} == 1 ? bottom
$1{A} >= 2 && $2{R} >= 2 ? 1

[14:]:
-$2{R} >= 0 && -$1{A} >= 0 ? 0.
-$2{R} >= 0 && $1{A} == 1 ? bottom
$1{A} >= 2 && -$2{R} >= 0 ? 0.
-$1{A} >= 0 && $2{R} == 1 ? 0
$1{A} == 1 && $2{R} == 1 ? bottom
$1{A} >= 2 && $2{R} == 1 ? 0
$2{R} >= 2 && -$1{A} >= 0 ? 0.
$2{R} >= 2 && $1{A} == 1 ? bottom
$1{A} >= 2 && $2{R} >= 2 ? 0.

[15:]:
-$2{R} >= -1 && -$1{A} >= 0 ? 0.
-$2{R} >= -1 && $1{A} == 1 ? bottom
$1{A} >= 2 && -$2{R} >= -1 ? 0
$2{R} >= 2 && -$1{A} >= 0 ? 0.
$2{R} >= 2 && $1{A} == 1 ? bottom
$1{A} >= 2 && $2{R} >= 2 ? 0.

[16:]:
-$2{R} >= -1 && -$1{A} >= 0 ? 0.
-$2{R} >= -1 && $1{A} == 1 ? bottom
$1{A} >= 2 && -$2{R} >= -1 ? 0
$2{R} >= 2 && -$1{A} >= 0 ? 0.
$2{R} >= 2 && $1{A} == 1 ? bottom
$1{A} >= 2 && $2{R} >= 2 ? 0.

[17:]:
-$2{R} >= -1 && -$1{A} >= 0 ? 0.
-$2{R} >= -1 && $1{A} == 1 ? bottom
$1{A} >= 2 && -$2{R} >= -1 ? 0
$2{R} >= 2 && -$1{A} >= 0 ? 0.
$2{R} >= 2 && $1{A} == 1 ? bottom
$1{A} >= 2 && $2{R} >= 2 ? 0.

[18:]:
-$2{R} >= -1 && -$1{A} >= 0 ? 0.
-$2{R} >= -1 && $1{A} == 1 ? bottom
$1{A} >= 2 && -$2{R} >= -1 ? 0
$2{R} >= 2 && -$1{A} >= 0 ? 0.
$2{R} >= 2 && $1{A} == 1 ? bottom
$1{A} >= 2 && $2{R} >= 2 ? 0.

[19:]:
-$2{R} >= -1 && -$1{A} >= 0 ? 0.
-$2{R} >= -1 && $1{A} == 1 ? bottom
$1{A} >= 2 && -$2{R} >= -1 ? 0
$2{R} >= 2 && -$1{A} >= 0 ? 0.
$2{R} >= 2 && $1{A} == 1 ? bottom
$1{A} >= 2 && $2{R} >= 2 ? 0.

[20:]:
top ? bottom


Analysis Result: TRUE
