
Abstract Syntax:
[ 1:]
int main( ):
[ 2:] $7{r} := 0
[ 3:] $4{m} := $5{m_init}
[ 4:] while [ 5:] ( $4{m} > 0 ) do
[ 6:]   $6{a} := 1
[ 7:]   $6{a} := 0
[ 8:]   $2{n} := $3{n_init}
[ 9:]   while [10:] ( $2{n} > 0 ) do
[11:]     $2{n} := $2{n} - 1
[12:]
        od
[13:]   $7{r} := 1
[14:]   $7{r} := 0
[15:]
      od
[16:] while [17:] ( true ) do
[18:]
      od
[19:]

Property: $7{r} <= 1 && $7{r} >= 1

[ -1:]:
-$7{r} >= 0 ? bottom
$7{r} == 1 ? 0.
$7{r} >= 2 ? bottom

[ 2:]:
-$7{r} >= 0 ? bottom
$7{r} == 1 ? 0.
$7{r} >= 2 ? bottom

[ 3:]:
-$7{r} >= 0 ? bottom
$7{r} == 1 ? 0.
$7{r} >= 2 ? bottom

[ 4:]:
-$7{r} >= 0 ? bottom
$7{r} == 1 ? 0.
$7{r} >= 2 ? bottom

[ 5:]:
-$7{r} >= 0 ? bottom
$7{r} == 1 ? 0.
$7{r} >= 2 ? bottom

[ 6:]:
-$7{r} >= 0 ? bottom
$7{r} == 1 ? 0.
$7{r} >= 2 ? bottom

[ 7:]:
-$7{r} >= 0 ? bottom
$7{r} == 1 ? 0.
$7{r} >= 2 ? bottom

[ 8:]:
-$7{r} >= 0 ? bottom
$7{r} == 1 ? 0.
$7{r} >= 2 ? bottom

[ 9:]:
-$7{r} >= 0 ? bottom
$7{r} == 1 ? 0.
$7{r} >= 2 ? bottom

[10:]:
-$7{r} >= 0 ? bottom
$7{r} == 1 ? 0.
$7{r} >= 2 ? bottom

[11:]:
-$7{r} >= 0 ? bottom
$7{r} == 1 ? 0.
$7{r} >= 2 ? bottom

[12:]:
-$7{r} >= 0 ? bottom
$7{r} == 1 ? 0.
$7{r} >= 2 ? bottom

[13:]:
-$7{r} >= 0 ? bottom
$7{r} == 1 ? 0.
$7{r} >= 2 ? bottom

[14:]:
-$7{r} >= 0 ? bottom
$7{r} == 1 ? 0.
$7{r} >= 2 ? bottom

[15:]:
-$7{r} >= 0 ? bottom
$7{r} == 1 ? 0.
$7{r} >= 2 ? bottom

[16:]:
-$7{r} >= 0 ? bottom
$7{r} == 1 ? 0.
$7{r} >= 2 ? bottom

[17:]:
-$7{r} >= 0 ? bottom
$7{r} == 1 ? 0.
$7{r} >= 2 ? bottom

[18:]:
-$7{r} >= 0 ? bottom
$7{r} == 1 ? 0.
$7{r} >= 2 ? bottom

[19:]:
-$7{r} >= 0 ? bottom
$7{r} == 1 ? 0.
$7{r} >= 2 ? bottom

Property: AF{$7{r} <= 1 && $7{r} >= 1}

[ -1:]:
-$7{r} >= 0 ? bottom
$7{r} == 1 ? 0.
$7{r} >= 2 ? bottom

[ 2:]:
-$7{r} >= 0 && -$5{m_init} >= 0 ? bottom
$5{m_init} >= 1 && -$7{r} >= 0 && -$3{n_init} >= 0 ? 8
$3{n_init} >= 1 && $5{m_init} >= 1 && -$7{r} >= 0 ? 2$3{n_init}+8
$7{r} == 1 ? 0.
$7{r} >= 2 && -$5{m_init} >= 0 ? bottom
$5{m_init} >= 1 && $7{r} >= 2 && -$3{n_init} >= 0 ? 8
$3{n_init} >= 1 && $5{m_init} >= 1 && $7{r} >= 2 ? 2$3{n_init}+8

[ 3:]:
-$7{r} >= 0 && -$5{m_init} >= 0 ? bottom
$5{m_init} >= 1 && -$7{r} >= 0 && -$3{n_init} >= 0 ? 7
$3{n_init} >= 1 && $5{m_init} >= 1 && -$7{r} >= 0 ? 2$3{n_init}+7
$7{r} == 1 ? 0.
$7{r} >= 2 && -$5{m_init} >= 0 ? bottom
$5{m_init} >= 1 && $7{r} >= 2 && -$3{n_init} >= 0 ? 7
$3{n_init} >= 1 && $5{m_init} >= 1 && $7{r} >= 2 ? 2$3{n_init}+7

[ 4:]:
-$7{r} >= 0 && -$4{m} >= 0 ? bottom
$4{m} >= 1 && -$7{r} >= 0 && -$3{n_init} >= 0 ? 6
$3{n_init} >= 1 && $4{m} >= 1 && -$7{r} >= 0 ? 2$3{n_init}+6
$7{r} == 1 ? 0.
$7{r} >= 2 && -$4{m} >= 0 ? bottom
$4{m} >= 1 && $7{r} >= 2 && -$3{n_init} >= 0 ? 6
$3{n_init} >= 1 && $4{m} >= 1 && $7{r} >= 2 ? 2$3{n_init}+6

[ 5:]:
-$7{r} >= 0 && -$4{m} >= 0 ? bottom
$4{m} >= 1 && -$7{r} >= 0 && -$3{n_init} >= 0 ? 6
$3{n_init} >= 1 && $4{m} >= 1 && -$7{r} >= 0 ? 2$3{n_init}+6
$7{r} == 1 ? 0.
$7{r} >= 2 && -$4{m} >= 0 ? bottom
$4{m} >= 1 && $7{r} >= 2 && -$3{n_init} >= 0 ? 6
$3{n_init} >= 1 && $4{m} >= 1 && $7{r} >= 2 ? 2$3{n_init}+6

[ 6:]:
-$7{r} >= 0 && -$4{m} >= 0 && -$3{n_init} >= 0 ? 5
$3{n_init} >= 1 && -$7{r} >= 0 && -$4{m} >= 0 ? 2$3{n_init}+5
$4{m} >= 1 && -$7{r} >= 0 && -$3{n_init} >= 0 ? 5
$3{n_init} >= 1 && $4{m} >= 1 && -$7{r} >= 0 ? 2$3{n_init}+5
$7{r} == 1 ? 0.
$7{r} >= 2 && -$4{m} >= 0 && -$3{n_init} >= 0 ? 5
$3{n_init} >= 1 && $7{r} >= 2 && -$4{m} >= 0 ? 2$3{n_init}+5
$4{m} >= 1 && $7{r} >= 2 && -$3{n_init} >= 0 ? 5
$3{n_init} >= 1 && $4{m} >= 1 && $7{r} >= 2 ? 2$3{n_init}+5

[ 7:]:
-$7{r} >= 0 && -$4{m} >= 0 && -$3{n_init} >= 0 ? 4
$3{n_init} >= 1 && -$7{r} >= 0 && -$4{m} >= 0 ? 2$3{n_init}+4
$4{m} >= 1 && -$7{r} >= 0 && -$3{n_init} >= 0 ? 4
$3{n_init} >= 1 && $4{m} >= 1 && -$7{r} >= 0 ? 2$3{n_init}+4
$7{r} == 1 ? 0.
$7{r} >= 2 && -$4{m} >= 0 && -$3{n_init} >= 0 ? 4
$3{n_init} >= 1 && $7{r} >= 2 && -$4{m} >= 0 ? 2$3{n_init}+4
$4{m} >= 1 && $7{r} >= 2 && -$3{n_init} >= 0 ? 4
$3{n_init} >= 1 && $4{m} >= 1 && $7{r} >= 2 ? 2$3{n_init}+4

[ 8:]:
-$7{r} >= 0 && -$4{m} >= 0 && -$3{n_init} >= 0 ? 3
$3{n_init} >= 1 && -$7{r} >= 0 && -$4{m} >= 0 ? 2$3{n_init}+3
$4{m} >= 1 && -$7{r} >= 0 && -$3{n_init} >= 0 ? 3
$3{n_init} >= 1 && $4{m} >= 1 && -$7{r} >= 0 ? 2$3{n_init}+3
$7{r} == 1 ? 0.
$7{r} >= 2 && -$4{m} >= 0 && -$3{n_init} >= 0 ? 3
$3{n_init} >= 1 && $7{r} >= 2 && -$4{m} >= 0 ? 2$3{n_init}+3
$4{m} >= 1 && $7{r} >= 2 && -$3{n_init} >= 0 ? 3
$3{n_init} >= 1 && $4{m} >= 1 && $7{r} >= 2 ? 2$3{n_init}+3

[ 9:]:
-$7{r} >= 0 && -$4{m} >= 0 && -$2{n} >= 0 ? 2
$2{n} >= 1 && -$7{r} >= 0 && -$4{m} >= 0 ? 2$2{n}+2
$4{m} >= 1 && -$7{r} >= 0 && -$3{n_init} >= 0 && -$2{n} >= 0 ? 2
$2{n} >= 1 && $4{m} >= 1 && -$7{r} >= 0 && -$3{n_init} >= 0 ? 2$2{n}+2
$3{n_init} >= 1 && $4{m} >= 1 && -$7{r} >= 0 && -$2{n} >= 0 ? 2
$2{n} >= 1 && $3{n_init} >= 1 && $4{m} >= 1 && -$7{r} >= 0 ? 2$2{n}+2
$7{r} == 1 ? 0.
$7{r} >= 2 && -$4{m} >= 0 && -$2{n} >= 0 ? 2
$2{n} >= 1 && $7{r} >= 2 && -$4{m} >= 0 ? 2$2{n}+2
$4{m} >= 1 && $7{r} >= 2 && -$3{n_init} >= 0 && -$2{n} >= 0 ? 2
$2{n} >= 1 && $4{m} >= 1 && $7{r} >= 2 && -$3{n_init} >= 0 ? 2$2{n}+2
$3{n_init} >= 1 && $4{m} >= 1 && $7{r} >= 2 && -$2{n} >= 0 ? 2
$2{n} >= 1 && $3{n_init} >= 1 && $4{m} >= 1 && $7{r} >= 2 ? 2$2{n}+2

[10:]:
-$7{r} >= 0 && -$4{m} >= 0 && -$2{n} >= 0 ? 2
$2{n} >= 1 && -$7{r} >= 0 && -$4{m} >= 0 ? 2$2{n}+2
$4{m} >= 1 && -$7{r} >= 0 && -$3{n_init} >= 0 && -$2{n} >= 0 ? 2
$2{n} >= 1 && $4{m} >= 1 && -$7{r} >= 0 && -$3{n_init} >= 0 ? 2$2{n}+2
$3{n_init} >= 1 && $4{m} >= 1 && -$7{r} >= 0 && -$2{n} >= 0 ? 2
$2{n} >= 1 && $3{n_init} >= 1 && $4{m} >= 1 && -$7{r} >= 0 ? 2$2{n}+2
$7{r} == 1 ? 0
$7{r} >= 2 && -$4{m} >= 0 && -$2{n} >= 0 ? 2
$2{n} >= 1 && $7{r} >= 2 && -$4{m} >= 0 ? 2$2{n}+2
$4{m} >= 1 && $7{r} >= 2 && -$3{n_init} >= 0 && -$2{n} >= 0 ? 2
$2{n} >= 1 && $4{m} >= 1 && $7{r} >= 2 && -$3{n_init} >= 0 ? 2$2{n}+2
$3{n_init} >= 1 && $4{m} >= 1 && $7{r} >= 2 && -$2{n} >= 0 ? 2
$2{n} >= 1 && $3{n_init} >= 1 && $4{m} >= 1 && $7{r} >= 2 ? 2$2{n}+2

[11:]:
-$7{r} >= 0 && -$4{m} >= 0 && -$2{n} >= -1 ? 3
$2{n} >= 2 && -$7{r} >= 0 && -$4{m} >= 0 ? 2$2{n}+1
$4{m} >= 1 && -$7{r} >= 0 && -$3{n_init} >= 0 && -$2{n} >= -1 ? 3
$2{n} >= 2 && $4{m} >= 1 && -$7{r} >= 0 && -$3{n_init} >= 0 ? 2$2{n}+1
$3{n_init} >= 1 && $4{m} >= 1 && -$7{r} >= 0 && -$2{n} >= -1 ? 3
$2{n} >= 2 && $3{n_init} >= 1 && $4{m} >= 1 && -$7{r} >= 0 ? 2$2{n}+1
$7{r} == 1 ? 0.
$7{r} >= 2 && -$4{m} >= 0 && -$2{n} >= -1 ? 3
$2{n} >= 2 && $7{r} >= 2 && -$4{m} >= 0 ? 2$2{n}+1
$4{m} >= 1 && $7{r} >= 2 && -$3{n_init} >= 0 && -$2{n} >= -1 ? 3
$2{n} >= 2 && $4{m} >= 1 && $7{r} >= 2 && -$3{n_init} >= 0 ? 2$2{n}+1
$3{n_init} >= 1 && $4{m} >= 1 && $7{r} >= 2 && -$2{n} >= -1 ? 3
$2{n} >= 2 && $3{n_init} >= 1 && $4{m} >= 1 && $7{r} >= 2 ? 2$2{n}+1

[12:]:
-$7{r} >= 0 && -$4{m} >= 0 && -$2{n} >= 0 ? 2
$2{n} >= 1 && -$7{r} >= 0 && -$4{m} >= 0 ? 2$2{n}+2
$4{m} >= 1 && -$7{r} >= 0 && -$3{n_init} >= 0 && -$2{n} >= 0 ? 2
$2{n} >= 1 && $4{m} >= 1 && -$7{r} >= 0 && -$3{n_init} >= 0 ? 2$2{n}+2
$3{n_init} >= 1 && $4{m} >= 1 && -$7{r} >= 0 && -$2{n} >= 0 ? 2
$2{n} >= 1 && $3{n_init} >= 1 && $4{m} >= 1 && -$7{r} >= 0 ? 2$2{n}+2
$7{r} == 1 ? 0.
$7{r} >= 2 && -$4{m} >= 0 && -$2{n} >= 0 ? 2
$2{n} >= 1 && $7{r} >= 2 && -$4{m} >= 0 ? 2$2{n}+2
$4{m} >= 1 && $7{r} >= 2 && -$3{n_init} >= 0 && -$2{n} >= 0 ? 2
$2{n} >= 1 && $4{m} >= 1 && $7{r} >= 2 && -$3{n_init} >= 0 ? 2$2{n}+2
$3{n_init} >= 1 && $4{m} >= 1 && $7{r} >= 2 && -$2{n} >= 0 ? 2
$2{n} >= 1 && $3{n_init} >= 1 && $4{m} >= 1 && $7{r} >= 2 ? 2$2{n}+2

[13:]:
-$7{r} >= 0 ? 1
$7{r} == 1 ? 0.
$7{r} >= 2 ? 1

[14:]:
-$7{r} >= 0 && -$4{m} >= 0 ? bottom
$4{m} >= 1 && -$7{r} >= 0 && -$3{n_init} >= 0 ? 7
$3{n_init} >= 1 && $4{m} >= 1 && -$7{r} >= 0 ? 2$3{n_init}+7
$7{r} == 1 ? 0.
$7{r} >= 2 && -$4{m} >= 0 ? bottom
$4{m} >= 1 && $7{r} >= 2 && -$3{n_init} >= 0 ? 7
$3{n_init} >= 1 && $4{m} >= 1 && $7{r} >= 2 ? 2$3{n_init}+7

[15:]:
-$7{r} >= 0 && -$4{m} >= 0 ? bottom
$4{m} >= 1 && -$7{r} >= 0 && -$3{n_init} >= 0 ? 6
$3{n_init} >= 1 && $4{m} >= 1 && -$7{r} >= 0 ? 2$3{n_init}+6
$7{r} == 1 ? 0.
$7{r} >= 2 && -$4{m} >= 0 ? bottom
$4{m} >= 1 && $7{r} >= 2 && -$3{n_init} >= 0 ? 6
$3{n_init} >= 1 && $4{m} >= 1 && $7{r} >= 2 ? 2$3{n_init}+6

[16:]:
-$7{r} >= 0 ? bottom
$7{r} == 1 ? 0.
$7{r} >= 2 ? bottom

[17:]:
-$7{r} >= 0 ? bottom
$7{r} == 1 ? 0.
$7{r} >= 2 ? bottom

[18:]:
-$7{r} >= 0 ? bottom
$7{r} == 1 ? 0.
$7{r} >= 2 ? bottom

[19:]:
-$7{r} >= 0 ? bottom
$7{r} == 1 ? 0.
$7{r} >= 2 ? bottom

Property: $6{a} < 1 || $6{a} > 1

[ -1:]:
-$6{a} >= 0 ? 0.
$6{a} == 1 ? bottom
$6{a} >= 2 ? 0.

[ 2:]:
-$6{a} >= 0 ? 0.
$6{a} == 1 ? bottom
$6{a} >= 2 ? 0.

[ 3:]:
-$6{a} >= 0 ? 0.
$6{a} == 1 ? bottom
$6{a} >= 2 ? 0.

[ 4:]:
-$6{a} >= 0 ? 0.
$6{a} == 1 ? bottom
$6{a} >= 2 ? 0.

[ 5:]:
-$6{a} >= 0 ? 0.
$6{a} == 1 ? bottom
$6{a} >= 2 ? 0.

[ 6:]:
-$6{a} >= 0 ? 0.
$6{a} == 1 ? bottom
$6{a} >= 2 ? 0.

[ 7:]:
-$6{a} >= 0 ? 0.
$6{a} == 1 ? bottom
$6{a} >= 2 ? 0.

[ 8:]:
-$6{a} >= 0 ? 0.
$6{a} == 1 ? bottom
$6{a} >= 2 ? 0.

[ 9:]:
-$6{a} >= 0 ? 0.
$6{a} == 1 ? bottom
$6{a} >= 2 ? 0.

[10:]:
-$6{a} >= 0 ? 0.
$6{a} == 1 ? bottom
$6{a} >= 2 ? 0.

[11:]:
-$6{a} >= 0 ? 0.
$6{a} == 1 ? bottom
$6{a} >= 2 ? 0.

[12:]:
-$6{a} >= 0 ? 0.
$6{a} == 1 ? bottom
$6{a} >= 2 ? 0.

[13:]:
-$6{a} >= 0 ? 0.
$6{a} == 1 ? bottom
$6{a} >= 2 ? 0.

[14:]:
-$6{a} >= 0 ? 0.
$6{a} == 1 ? bottom
$6{a} >= 2 ? 0.

[15:]:
-$6{a} >= 0 ? 0.
$6{a} == 1 ? bottom
$6{a} >= 2 ? 0.

[16:]:
-$6{a} >= 0 ? 0.
$6{a} == 1 ? bottom
$6{a} >= 2 ? 0.

[17:]:
-$6{a} >= 0 ? 0.
$6{a} == 1 ? bottom
$6{a} >= 2 ? 0.

[18:]:
-$6{a} >= 0 ? 0.
$6{a} == 1 ? bottom
$6{a} >= 2 ? 0.

[19:]:
-$6{a} >= 0 ? 0.
$6{a} == 1 ? bottom
$6{a} >= 2 ? 0.

Property: OR{$6{a} < 1 || $6{a} > 1}{AF{$7{r} <= 1 && $7{r} >= 1}}

[ -1:]:
-$7{r} >= -1 && -$6{a} >= 0 ? 0.
-$7{r} >= -1 && $6{a} == 1 ? bottom
$6{a} >= 2 && -$7{r} >= -1 ? 0
$7{r} >= 2 && -$6{a} >= 0 ? 0.
$7{r} >= 2 && $6{a} == 1 ? bottom
$6{a} >= 2 && $7{r} >= 2 ? 0.

[ 2:]:
-$7{r} >= 0 && -$6{a} >= 0 && -$5{m_init} >= 0 ? 0.
$5{m_init} >= 1 && -$7{r} >= 0 && -$6{a} >= 0 && -$3{n_init} >= 0 ? 8
$3{n_init} >= 1 && $5{m_init} >= 1 && -$7{r} >= 0 && -$6{a} >= 0 ? 2$3{n_init}+8
-$7{r} >= 0 && -$5{m_init} >= 0 && $6{a} == 1 ? bottom
$5{m_init} >= 1 && -$7{r} >= 0 && -$3{n_init} >= 0 && $6{a} == 1 ? 8
$3{n_init} >= 1 && $5{m_init} >= 1 && -$7{r} >= 0 && $6{a} == 1 ? 2$3{n_init}+8
$6{a} >= 2 && -$7{r} >= 0 && -$5{m_init} >= 0 ? 0.
$5{m_init} >= 1 && $6{a} >= 2 && -$7{r} >= 0 && -$3{n_init} >= 0 ? 8
$3{n_init} >= 1 && $5{m_init} >= 1 && $6{a} >= 2 && -$7{r} >= 0 ? 2$3{n_init}+8
$7{r} == 1 ? 0
$7{r} >= 2 && -$6{a} >= 0 && -$5{m_init} >= 0 ? 0.
$5{m_init} >= 1 && $7{r} >= 2 && -$6{a} >= 0 && -$3{n_init} >= 0 ? 8
$3{n_init} >= 1 && $5{m_init} >= 1 && $7{r} >= 2 && -$6{a} >= 0 ? 2$3{n_init}+8
$7{r} >= 2 && -$5{m_init} >= 0 && $6{a} == 1 ? bottom
$5{m_init} >= 1 && $7{r} >= 2 && -$3{n_init} >= 0 && $6{a} == 1 ? 8
$3{n_init} >= 1 && $5{m_init} >= 1 && $7{r} >= 2 && $6{a} == 1 ? 2$3{n_init}+8
$6{a} >= 2 && $7{r} >= 2 && -$5{m_init} >= 0 ? 0.
$5{m_init} >= 1 && $6{a} >= 2 && $7{r} >= 2 && -$3{n_init} >= 0 ? 8
$3{n_init} >= 1 && $5{m_init} >= 1 && $6{a} >= 2 && $7{r} >= 2 ? 2$3{n_init}+8

[ 3:]:
-$7{r} >= 0 && -$6{a} >= 0 && -$5{m_init} >= 0 ? 0.
$5{m_init} >= 1 && -$7{r} >= 0 && -$6{a} >= 0 && -$3{n_init} >= 0 ? 7
$3{n_init} >= 1 && $5{m_init} >= 1 && -$7{r} >= 0 && -$6{a} >= 0 ? 2$3{n_init}+7
-$7{r} >= 0 && -$5{m_init} >= 0 && $6{a} == 1 ? bottom
$5{m_init} >= 1 && -$7{r} >= 0 && -$3{n_init} >= 0 && $6{a} == 1 ? 7
$3{n_init} >= 1 && $5{m_init} >= 1 && -$7{r} >= 0 && $6{a} == 1 ? 2$3{n_init}+7
$6{a} >= 2 && -$7{r} >= 0 && -$5{m_init} >= 0 ? 0.
$5{m_init} >= 1 && $6{a} >= 2 && -$7{r} >= 0 && -$3{n_init} >= 0 ? 7
$3{n_init} >= 1 && $5{m_init} >= 1 && $6{a} >= 2 && -$7{r} >= 0 ? 2$3{n_init}+7
$7{r} == 1 ? 0
$7{r} >= 2 && -$6{a} >= 0 && -$5{m_init} >= 0 ? 0.
$5{m_init} >= 1 && $7{r} >= 2 && -$6{a} >= 0 && -$3{n_init} >= 0 ? 7
$3{n_init} >= 1 && $5{m_init} >= 1 && $7{r} >= 2 && -$6{a} >= 0 ? 2$3{n_init}+7
$7{r} >= 2 && -$5{m_init} >= 0 && $6{a} == 1 ? bottom
$5{m_init} >= 1 && $7{r} >= 2 && -$3{n_init} >= 0 && $6{a} == 1 ? 7
$3{n_init} >= 1 && $5{m_init} >= 1 && $7{r} >= 2 && $6{a} == 1 ? 2$3{n_init}+7
$6{a} >= 2 && $7{r} >= 2 && -$5{m_init} >= 0 ? 0.
$5{m_init} >= 1 && $6{a} >= 2 && $7{r} >= 2 && -$3{n_init} >= 0 ? 7
$3{n_init} >= 1 && $5{m_init} >= 1 && $6{a} >= 2 && $7{r} >= 2 ? 2$3{n_init}+7

[ 4:]:
-$7{r} >= 0 && -$6{a} >= 0 && -$4{m} >= 0 ? 0.
$4{m} >= 1 && -$7{r} >= 0 && -$6{a} >= 0 && -$3{n_init} >= 0 ? 6
$3{n_init} >= 1 && $4{m} >= 1 && -$7{r} >= 0 && -$6{a} >= 0 ? 2$3{n_init}+6
-$7{r} >= 0 && -$4{m} >= 0 && $6{a} == 1 ? bottom
$4{m} >= 1 && -$7{r} >= 0 && -$3{n_init} >= 0 && $6{a} == 1 ? 6
$3{n_init} >= 1 && $4{m} >= 1 && -$7{r} >= 0 && $6{a} == 1 ? 2$3{n_init}+6
$6{a} >= 2 && -$7{r} >= 0 && -$4{m} >= 0 ? 0.
$4{m} >= 1 && $6{a} >= 2 && -$7{r} >= 0 && -$3{n_init} >= 0 ? 6
$3{n_init} >= 1 && $4{m} >= 1 && $6{a} >= 2 && -$7{r} >= 0 ? 2$3{n_init}+6
$7{r} == 1 ? 0
$7{r} >= 2 && -$6{a} >= 0 && -$4{m} >= 0 ? 0.
$4{m} >= 1 && $7{r} >= 2 && -$6{a} >= 0 && -$3{n_init} >= 0 ? 6
$3{n_init} >= 1 && $4{m} >= 1 && $7{r} >= 2 && -$6{a} >= 0 ? 2$3{n_init}+6
$7{r} >= 2 && -$4{m} >= 0 && $6{a} == 1 ? bottom
$4{m} >= 1 && $7{r} >= 2 && -$3{n_init} >= 0 && $6{a} == 1 ? 6
$3{n_init} >= 1 && $4{m} >= 1 && $7{r} >= 2 && $6{a} == 1 ? 2$3{n_init}+6
$6{a} >= 2 && $7{r} >= 2 && -$4{m} >= 0 ? 0.
$4{m} >= 1 && $6{a} >= 2 && $7{r} >= 2 && -$3{n_init} >= 0 ? 6
$3{n_init} >= 1 && $4{m} >= 1 && $6{a} >= 2 && $7{r} >= 2 ? 2$3{n_init}+6

[ 5:]:
-$7{r} >= 0 && -$6{a} >= 0 && -$4{m} >= 0 ? 0.
$4{m} >= 1 && -$7{r} >= 0 && -$6{a} >= 0 && -$3{n_init} >= 0 ? 6
$3{n_init} >= 1 && $4{m} >= 1 && -$7{r} >= 0 && -$6{a} >= 0 ? 2$3{n_init}+6
-$7{r} >= 0 && -$4{m} >= 0 && $6{a} == 1 ? bottom
$4{m} >= 1 && -$7{r} >= 0 && -$3{n_init} >= 0 && $6{a} == 1 ? 6
$3{n_init} >= 1 && $4{m} >= 1 && -$7{r} >= 0 && $6{a} == 1 ? 2$3{n_init}+6
$6{a} >= 2 && -$7{r} >= 0 && -$4{m} >= 0 ? 0.
$4{m} >= 1 && $6{a} >= 2 && -$7{r} >= 0 && -$3{n_init} >= 0 ? 6
$3{n_init} >= 1 && $4{m} >= 1 && $6{a} >= 2 && -$7{r} >= 0 ? 2$3{n_init}+6
$7{r} == 1 ? 0
$7{r} >= 2 && -$6{a} >= 0 && -$4{m} >= 0 ? 0.
$4{m} >= 1 && $7{r} >= 2 && -$6{a} >= 0 && -$3{n_init} >= 0 ? 6
$3{n_init} >= 1 && $4{m} >= 1 && $7{r} >= 2 && -$6{a} >= 0 ? 2$3{n_init}+6
$7{r} >= 2 && -$4{m} >= 0 && $6{a} == 1 ? bottom
$4{m} >= 1 && $7{r} >= 2 && -$3{n_init} >= 0 && $6{a} == 1 ? 6
$3{n_init} >= 1 && $4{m} >= 1 && $7{r} >= 2 && $6{a} == 1 ? 2$3{n_init}+6
$6{a} >= 2 && $7{r} >= 2 && -$4{m} >= 0 ? 0.
$4{m} >= 1 && $6{a} >= 2 && $7{r} >= 2 && -$3{n_init} >= 0 ? 6
$3{n_init} >= 1 && $4{m} >= 1 && $6{a} >= 2 && $7{r} >= 2 ? 2$3{n_init}+6

[ 6:]:
-$7{r} >= 0 && -$6{a} >= 0 && -$4{m} >= 0 && -$3{n_init} >= 0 ? 5
$3{n_init} >= 1 && -$7{r} >= 0 && -$6{a} >= 0 && -$4{m} >= 0 ? 2$3{n_init}+5
$4{m} >= 1 && -$7{r} >= 0 && -$6{a} >= 0 && -$3{n_init} >= 0 ? 5
$3{n_init} >= 1 && $4{m} >= 1 && -$7{r} >= 0 && -$6{a} >= 0 ? 2$3{n_init}+5
-$7{r} >= 0 && -$4{m} >= 0 && -$3{n_init} >= 0 && $6{a} == 1 ? 5
$3{n_init} >= 1 && -$7{r} >= 0 && -$4{m} >= 0 && $6{a} == 1 ? 2$3{n_init}+5
$4{m} >= 1 && -$7{r} >= 0 && -$3{n_init} >= 0 && $6{a} == 1 ? 5
$3{n_init} >= 1 && $4{m} >= 1 && -$7{r} >= 0 && $6{a} == 1 ? 2$3{n_init}+5
$6{a} >= 2 && -$7{r} >= 0 && -$4{m} >= 0 && -$3{n_init} >= 0 ? 5
$3{n_init} >= 1 && $6{a} >= 2 && -$7{r} >= 0 && -$4{m} >= 0 ? 2$3{n_init}+5
$4{m} >= 1 && $6{a} >= 2 && -$7{r} >= 0 && -$3{n_init} >= 0 ? 5
$3{n_init} >= 1 && $4{m} >= 1 && $6{a} >= 2 && -$7{r} >= 0 ? 2$3{n_init}+5
$7{r} == 1 ? 0
$7{r} >= 2 && -$6{a} >= 0 && -$4{m} >= 0 && -$3{n_init} >= 0 ? 5
$3{n_init} >= 1 && $7{r} >= 2 && -$6{a} >= 0 && -$4{m} >= 0 ? 2$3{n_init}+5
$4{m} >= 1 && $7{r} >= 2 && -$6{a} >= 0 && -$3{n_init} >= 0 ? 5
$3{n_init} >= 1 && $4{m} >= 1 && $7{r} >= 2 && -$6{a} >= 0 ? 2$3{n_init}+5
$7{r} >= 2 && -$4{m} >= 0 && -$3{n_init} >= 0 && $6{a} == 1 ? 5
$3{n_init} >= 1 && $7{r} >= 2 && -$4{m} >= 0 && $6{a} == 1 ? 2$3{n_init}+5
$4{m} >= 1 && $7{r} >= 2 && -$3{n_init} >= 0 && $6{a} == 1 ? 5
$3{n_init} >= 1 && $4{m} >= 1 && $7{r} >= 2 && $6{a} == 1 ? 2$3{n_init}+5
$6{a} >= 2 && $7{r} >= 2 && -$4{m} >= 0 && -$3{n_init} >= 0 ? 5
$3{n_init} >= 1 && $6{a} >= 2 && $7{r} >= 2 && -$4{m} >= 0 ? 2$3{n_init}+5
$4{m} >= 1 && $6{a} >= 2 && $7{r} >= 2 && -$3{n_init} >= 0 ? 5
$3{n_init} >= 1 && $4{m} >= 1 && $6{a} >= 2 && $7{r} >= 2 ? 2$3{n_init}+5

[ 7:]:
-$7{r} >= 0 && -$6{a} >= 0 && -$4{m} >= 0 && -$3{n_init} >= 0 ? 4
$3{n_init} >= 1 && -$7{r} >= 0 && -$6{a} >= 0 && -$4{m} >= 0 ? 2$3{n_init}+4
$4{m} >= 1 && -$7{r} >= 0 && -$6{a} >= 0 && -$3{n_init} >= 0 ? 4
$3{n_init} >= 1 && $4{m} >= 1 && -$7{r} >= 0 && -$6{a} >= 0 ? 2$3{n_init}+4
-$7{r} >= 0 && -$4{m} >= 0 && -$3{n_init} >= 0 && $6{a} == 1 ? 4
$3{n_init} >= 1 && -$7{r} >= 0 && -$4{m} >= 0 && $6{a} == 1 ? 2$3{n_init}+4
$4{m} >= 1 && -$7{r} >= 0 && -$3{n_init} >= 0 && $6{a} == 1 ? 4
$3{n_init} >= 1 && $4{m} >= 1 && -$7{r} >= 0 && $6{a} == 1 ? 2$3{n_init}+4
$6{a} >= 2 && -$7{r} >= 0 && -$4{m} >= 0 && -$3{n_init} >= 0 ? 4
$3{n_init} >= 1 && $6{a} >= 2 && -$7{r} >= 0 && -$4{m} >= 0 ? 2$3{n_init}+4
$4{m} >= 1 && $6{a} >= 2 && -$7{r} >= 0 && -$3{n_init} >= 0 ? 4
$3{n_init} >= 1 && $4{m} >= 1 && $6{a} >= 2 && -$7{r} >= 0 ? 2$3{n_init}+4
$7{r} == 1 ? 0
$7{r} >= 2 && -$6{a} >= 0 && -$4{m} >= 0 && -$3{n_init} >= 0 ? 4
$3{n_init} >= 1 && $7{r} >= 2 && -$6{a} >= 0 && -$4{m} >= 0 ? 2$3{n_init}+4
$4{m} >= 1 && $7{r} >= 2 && -$6{a} >= 0 && -$3{n_init} >= 0 ? 4
$3{n_init} >= 1 && $4{m} >= 1 && $7{r} >= 2 && -$6{a} >= 0 ? 2$3{n_init}+4
$7{r} >= 2 && -$4{m} >= 0 && -$3{n_init} >= 0 && $6{a} == 1 ? 4
$3{n_init} >= 1 && $7{r} >= 2 && -$4{m} >= 0 && $6{a} == 1 ? 2$3{n_init}+4
$4{m} >= 1 && $7{r} >= 2 && -$3{n_init} >= 0 && $6{a} == 1 ? 4
$3{n_init} >= 1 && $4{m} >= 1 && $7{r} >= 2 && $6{a} == 1 ? 2$3{n_init}+4
$6{a} >= 2 && $7{r} >= 2 && -$4{m} >= 0 && -$3{n_init} >= 0 ? 4
$3{n_init} >= 1 && $6{a} >= 2 && $7{r} >= 2 && -$4{m} >= 0 ? 2$3{n_init}+4
$4{m} >= 1 && $6{a} >= 2 && $7{r} >= 2 && -$3{n_init} >= 0 ? 4
$3{n_init} >= 1 && $4{m} >= 1 && $6{a} >= 2 && $7{r} >= 2 ? 2$3{n_init}+4

[ 8:]:
-$7{r} >= 0 && -$6{a} >= 0 && -$4{m} >= 0 && -$3{n_init} >= 0 ? 3
$3{n_init} >= 1 && -$7{r} >= 0 && -$6{a} >= 0 && -$4{m} >= 0 ? 2$3{n_init}+3
$4{m} >= 1 && -$7{r} >= 0 && -$6{a} >= 0 && -$3{n_init} >= 0 ? 3
$3{n_init} >= 1 && $4{m} >= 1 && -$7{r} >= 0 && -$6{a} >= 0 ? 2$3{n_init}+3
-$7{r} >= 0 && -$4{m} >= 0 && -$3{n_init} >= 0 && $6{a} == 1 ? 3
$3{n_init} >= 1 && -$7{r} >= 0 && -$4{m} >= 0 && $6{a} == 1 ? 2$3{n_init}+3
$4{m} >= 1 && -$7{r} >= 0 && -$3{n_init} >= 0 && $6{a} == 1 ? 3
$3{n_init} >= 1 && $4{m} >= 1 && -$7{r} >= 0 && $6{a} == 1 ? 2$3{n_init}+3
$6{a} >= 2 && -$7{r} >= 0 && -$4{m} >= 0 && -$3{n_init} >= 0 ? 3
$3{n_init} >= 1 && $6{a} >= 2 && -$7{r} >= 0 && -$4{m} >= 0 ? 2$3{n_init}+3
$4{m} >= 1 && $6{a} >= 2 && -$7{r} >= 0 && -$3{n_init} >= 0 ? 3
$3{n_init} >= 1 && $4{m} >= 1 && $6{a} >= 2 && -$7{r} >= 0 ? 2$3{n_init}+3
$7{r} == 1 ? 0
$7{r} >= 2 && -$6{a} >= 0 && -$4{m} >= 0 && -$3{n_init} >= 0 ? 3
$3{n_init} >= 1 && $7{r} >= 2 && -$6{a} >= 0 && -$4{m} >= 0 ? 2$3{n_init}+3
$4{m} >= 1 && $7{r} >= 2 && -$6{a} >= 0 && -$3{n_init} >= 0 ? 3
$3{n_init} >= 1 && $4{m} >= 1 && $7{r} >= 2 && -$6{a} >= 0 ? 2$3{n_init}+3
$7{r} >= 2 && -$4{m} >= 0 && -$3{n_init} >= 0 && $6{a} == 1 ? 3
$3{n_init} >= 1 && $7{r} >= 2 && -$4{m} >= 0 && $6{a} == 1 ? 2$3{n_init}+3
$4{m} >= 1 && $7{r} >= 2 && -$3{n_init} >= 0 && $6{a} == 1 ? 3
$3{n_init} >= 1 && $4{m} >= 1 && $7{r} >= 2 && $6{a} == 1 ? 2$3{n_init}+3
$6{a} >= 2 && $7{r} >= 2 && -$4{m} >= 0 && -$3{n_init} >= 0 ? 3
$3{n_init} >= 1 && $6{a} >= 2 && $7{r} >= 2 && -$4{m} >= 0 ? 2$3{n_init}+3
$4{m} >= 1 && $6{a} >= 2 && $7{r} >= 2 && -$3{n_init} >= 0 ? 3
$3{n_init} >= 1 && $4{m} >= 1 && $6{a} >= 2 && $7{r} >= 2 ? 2$3{n_init}+3

[ 9:]:
-$7{r} >= 0 && -$6{a} >= 0 && -$4{m} >= 0 && -$2{n} >= 0 ? 2
$2{n} >= 1 && -$7{r} >= 0 && -$6{a} >= 0 && -$4{m} >= 0 ? 2$2{n}+2
$4{m} >= 1 && -$7{r} >= 0 && -$6{a} >= 0 && -$3{n_init} >= 0 && -$2{n} >= 0 ? 2
$2{n} >= 1 && $4{m} >= 1 && -$7{r} >= 0 && -$6{a} >= 0 && -$3{n_init} >= 0 ? 2$2{n}+2
$3{n_init} >= 1 && $4{m} >= 1 && -$7{r} >= 0 && -$6{a} >= 0 && -$2{n} >= 0 ? 2
$2{n} >= 1 && $3{n_init} >= 1 && $4{m} >= 1 && -$7{r} >= 0 && -$6{a} >= 0 ? 2$2{n}+2
-$7{r} >= 0 && -$4{m} >= 0 && -$2{n} >= 0 && $6{a} == 1 ? 2
$2{n} >= 1 && -$7{r} >= 0 && -$4{m} >= 0 && $6{a} == 1 ? 2$2{n}+2
$4{m} >= 1 && -$7{r} >= 0 && -$3{n_init} >= 0 && -$2{n} >= 0 && $6{a} == 1 ? 2
$2{n} >= 1 && $4{m} >= 1 && -$7{r} >= 0 && -$3{n_init} >= 0 && $6{a} == 1 ? 2$2{n}+2
$3{n_init} >= 1 && $4{m} >= 1 && -$7{r} >= 0 && -$2{n} >= 0 && $6{a} == 1 ? 2
$2{n} >= 1 && $3{n_init} >= 1 && $4{m} >= 1 && -$7{r} >= 0 && $6{a} == 1 ? 2$2{n}+2
$6{a} >= 2 && -$7{r} >= 0 && -$4{m} >= 0 && -$2{n} >= 0 ? 2
$2{n} >= 1 && $6{a} >= 2 && -$7{r} >= 0 && -$4{m} >= 0 ? 2$2{n}+2
$4{m} >= 1 && $6{a} >= 2 && -$7{r} >= 0 && -$3{n_init} >= 0 && -$2{n} >= 0 ? 2
$2{n} >= 1 && $4{m} >= 1 && $6{a} >= 2 && -$7{r} >= 0 && -$3{n_init} >= 0 ? 2$2{n}+2
$3{n_init} >= 1 && $4{m} >= 1 && $6{a} >= 2 && -$7{r} >= 0 && -$2{n} >= 0 ? 2
$2{n} >= 1 && $3{n_init} >= 1 && $4{m} >= 1 && $6{a} >= 2 && -$7{r} >= 0 ? 2$2{n}+2
$7{r} == 1 ? 0
$7{r} >= 2 && -$6{a} >= 0 && -$4{m} >= 0 && -$2{n} >= 0 ? 2
$2{n} >= 1 && $7{r} >= 2 && -$6{a} >= 0 && -$4{m} >= 0 ? 2$2{n}+2
$4{m} >= 1 && $7{r} >= 2 && -$6{a} >= 0 && -$3{n_init} >= 0 && -$2{n} >= 0 ? 2
$2{n} >= 1 && $4{m} >= 1 && $7{r} >= 2 && -$6{a} >= 0 && -$3{n_init} >= 0 ? 2$2{n}+2
$3{n_init} >= 1 && $4{m} >= 1 && $7{r} >= 2 && -$6{a} >= 0 && -$2{n} >= 0 ? 2
$2{n} >= 1 && $3{n_init} >= 1 && $4{m} >= 1 && $7{r} >= 2 && -$6{a} >= 0 ? 2$2{n}+2
$7{r} >= 2 && -$4{m} >= 0 && -$2{n} >= 0 && $6{a} == 1 ? 2
$2{n} >= 1 && $7{r} >= 2 && -$4{m} >= 0 && $6{a} == 1 ? 2$2{n}+2
$4{m} >= 1 && $7{r} >= 2 && -$3{n_init} >= 0 && -$2{n} >= 0 && $6{a} == 1 ? 2
$2{n} >= 1 && $4{m} >= 1 && $7{r} >= 2 && -$3{n_init} >= 0 && $6{a} == 1 ? 2$2{n}+2
$3{n_init} >= 1 && $4{m} >= 1 && $7{r} >= 2 && -$2{n} >= 0 && $6{a} == 1 ? 2
$2{n} >= 1 && $3{n_init} >= 1 && $4{m} >= 1 && $7{r} >= 2 && $6{a} == 1 ? 2$2{n}+2
$6{a} >= 2 && $7{r} >= 2 && -$4{m} >= 0 && -$2{n} >= 0 ? 2
$2{n} >= 1 && $6{a} >= 2 && $7{r} >= 2 && -$4{m} >= 0 ? 2$2{n}+2
$4{m} >= 1 && $6{a} >= 2 && $7{r} >= 2 && -$3{n_init} >= 0 && -$2{n} >= 0 ? 2
$2{n} >= 1 && $4{m} >= 1 && $6{a} >= 2 && $7{r} >= 2 && -$3{n_init} >= 0 ? 2$2{n}+2
$3{n_init} >= 1 && $4{m} >= 1 && $6{a} >= 2 && $7{r} >= 2 && -$2{n} >= 0 ? 2
$2{n} >= 1 && $3{n_init} >= 1 && $4{m} >= 1 && $6{a} >= 2 && $7{r} >= 2 ? 2$2{n}+2

[10:]:
-$7{r} >= 0 && -$6{a} >= 0 && -$4{m} >= 0 && -$2{n} >= 0 ? 2
$2{n} >= 1 && -$7{r} >= 0 && -$6{a} >= 0 && -$4{m} >= 0 ? 2$2{n}+2
$4{m} >= 1 && -$7{r} >= 0 && -$6{a} >= 0 && -$3{n_init} >= 0 && -$2{n} >= 0 ? 2
$2{n} >= 1 && $4{m} >= 1 && -$7{r} >= 0 && -$6{a} >= 0 && -$3{n_init} >= 0 ? 2$2{n}+2
$3{n_init} >= 1 && $4{m} >= 1 && -$7{r} >= 0 && -$6{a} >= 0 && -$2{n} >= 0 ? 2
$2{n} >= 1 && $3{n_init} >= 1 && $4{m} >= 1 && -$7{r} >= 0 && -$6{a} >= 0 ? 2$2{n}+2
-$7{r} >= 0 && -$4{m} >= 0 && -$2{n} >= 0 && $6{a} == 1 ? 2
$2{n} >= 1 && -$7{r} >= 0 && -$4{m} >= 0 && $6{a} == 1 ? 2$2{n}+2
$4{m} >= 1 && -$7{r} >= 0 && -$3{n_init} >= 0 && -$2{n} >= 0 && $6{a} == 1 ? 2
$2{n} >= 1 && $4{m} >= 1 && -$7{r} >= 0 && -$3{n_init} >= 0 && $6{a} == 1 ? 2$2{n}+2
$3{n_init} >= 1 && $4{m} >= 1 && -$7{r} >= 0 && -$2{n} >= 0 && $6{a} == 1 ? 2
$2{n} >= 1 && $3{n_init} >= 1 && $4{m} >= 1 && -$7{r} >= 0 && $6{a} == 1 ? 2$2{n}+2
$6{a} >= 2 && -$7{r} >= 0 && -$4{m} >= 0 && -$2{n} >= 0 ? 2
$2{n} >= 1 && $6{a} >= 2 && -$7{r} >= 0 && -$4{m} >= 0 ? 2$2{n}+2
$4{m} >= 1 && $6{a} >= 2 && -$7{r} >= 0 && -$3{n_init} >= 0 && -$2{n} >= 0 ? 2
$2{n} >= 1 && $4{m} >= 1 && $6{a} >= 2 && -$7{r} >= 0 && -$3{n_init} >= 0 ? 2$2{n}+2
$3{n_init} >= 1 && $4{m} >= 1 && $6{a} >= 2 && -$7{r} >= 0 && -$2{n} >= 0 ? 2
$2{n} >= 1 && $3{n_init} >= 1 && $4{m} >= 1 && $6{a} >= 2 && -$7{r} >= 0 ? 2$2{n}+2
$7{r} == 1 ? 0
$7{r} >= 2 && -$6{a} >= 0 && -$4{m} >= 0 && -$2{n} >= 0 ? 2
$2{n} >= 1 && $7{r} >= 2 && -$6{a} >= 0 && -$4{m} >= 0 ? 2$2{n}+2
$4{m} >= 1 && $7{r} >= 2 && -$6{a} >= 0 && -$3{n_init} >= 0 && -$2{n} >= 0 ? 2
$2{n} >= 1 && $4{m} >= 1 && $7{r} >= 2 && -$6{a} >= 0 && -$3{n_init} >= 0 ? 2$2{n}+2
$3{n_init} >= 1 && $4{m} >= 1 && $7{r} >= 2 && -$6{a} >= 0 && -$2{n} >= 0 ? 2
$2{n} >= 1 && $3{n_init} >= 1 && $4{m} >= 1 && $7{r} >= 2 && -$6{a} >= 0 ? 2$2{n}+2
$7{r} >= 2 && -$4{m} >= 0 && -$2{n} >= 0 && $6{a} == 1 ? 2
$2{n} >= 1 && $7{r} >= 2 && -$4{m} >= 0 && $6{a} == 1 ? 2$2{n}+2
$4{m} >= 1 && $7{r} >= 2 && -$3{n_init} >= 0 && -$2{n} >= 0 && $6{a} == 1 ? 2
$2{n} >= 1 && $4{m} >= 1 && $7{r} >= 2 && -$3{n_init} >= 0 && $6{a} == 1 ? 2$2{n}+2
$3{n_init} >= 1 && $4{m} >= 1 && $7{r} >= 2 && -$2{n} >= 0 && $6{a} == 1 ? 2
$2{n} >= 1 && $3{n_init} >= 1 && $4{m} >= 1 && $7{r} >= 2 && $6{a} == 1 ? 2$2{n}+2
$6{a} >= 2 && $7{r} >= 2 && -$4{m} >= 0 && -$2{n} >= 0 ? 2
$2{n} >= 1 && $6{a} >= 2 && $7{r} >= 2 && -$4{m} >= 0 ? 2$2{n}+2
$4{m} >= 1 && $6{a} >= 2 && $7{r} >= 2 && -$3{n_init} >= 0 && -$2{n} >= 0 ? 2
$2{n} >= 1 && $4{m} >= 1 && $6{a} >= 2 && $7{r} >= 2 && -$3{n_init} >= 0 ? 2$2{n}+2
$3{n_init} >= 1 && $4{m} >= 1 && $6{a} >= 2 && $7{r} >= 2 && -$2{n} >= 0 ? 2
$2{n} >= 1 && $3{n_init} >= 1 && $4{m} >= 1 && $6{a} >= 2 && $7{r} >= 2 ? 2$2{n}+2

[11:]:
-$7{r} >= 0 && -$6{a} >= 0 && -$4{m} >= 0 && -$2{n} >= -1 ? 3
$2{n} >= 2 && -$7{r} >= 0 && -$6{a} >= 0 && -$4{m} >= 0 ? 2$2{n}+1
$4{m} >= 1 && -$7{r} >= 0 && -$6{a} >= 0 && -$3{n_init} >= 0 && -$2{n} >= -1 ? 3
$2{n} >= 2 && $4{m} >= 1 && -$7{r} >= 0 && -$6{a} >= 0 && -$3{n_init} >= 0 ? 2$2{n}+1
$3{n_init} >= 1 && $4{m} >= 1 && -$7{r} >= 0 && -$6{a} >= 0 && -$2{n} >= -1 ? 3
$2{n} >= 2 && $3{n_init} >= 1 && $4{m} >= 1 && -$7{r} >= 0 && -$6{a} >= 0 ? 2$2{n}+1
-$7{r} >= 0 && -$4{m} >= 0 && -$2{n} >= -1 && $6{a} == 1 ? 3
$2{n} >= 2 && -$7{r} >= 0 && -$4{m} >= 0 && $6{a} == 1 ? 2$2{n}+1
$4{m} >= 1 && -$7{r} >= 0 && -$3{n_init} >= 0 && -$2{n} >= -1 && $6{a} == 1 ? 3
$2{n} >= 2 && $4{m} >= 1 && -$7{r} >= 0 && -$3{n_init} >= 0 && $6{a} == 1 ? 2$2{n}+1
$3{n_init} >= 1 && $4{m} >= 1 && -$7{r} >= 0 && -$2{n} >= -1 && $6{a} == 1 ? 3
$2{n} >= 2 && $3{n_init} >= 1 && $4{m} >= 1 && -$7{r} >= 0 && $6{a} == 1 ? 2$2{n}+1
$6{a} >= 2 && -$7{r} >= 0 && -$4{m} >= 0 && -$2{n} >= -1 ? 3
$2{n} >= 2 && $6{a} >= 2 && -$7{r} >= 0 && -$4{m} >= 0 ? 2$2{n}+1
$4{m} >= 1 && $6{a} >= 2 && -$7{r} >= 0 && -$3{n_init} >= 0 && -$2{n} >= -1 ? 3
$2{n} >= 2 && $4{m} >= 1 && $6{a} >= 2 && -$7{r} >= 0 && -$3{n_init} >= 0 ? 2$2{n}+1
$3{n_init} >= 1 && $4{m} >= 1 && $6{a} >= 2 && -$7{r} >= 0 && -$2{n} >= -1 ? 3
$2{n} >= 2 && $3{n_init} >= 1 && $4{m} >= 1 && $6{a} >= 2 && -$7{r} >= 0 ? 2$2{n}+1
$7{r} == 1 ? 0
$7{r} >= 2 && -$6{a} >= 0 && -$4{m} >= 0 && -$2{n} >= -1 ? 3
$2{n} >= 2 && $7{r} >= 2 && -$6{a} >= 0 && -$4{m} >= 0 ? 2$2{n}+1
$4{m} >= 1 && $7{r} >= 2 && -$6{a} >= 0 && -$3{n_init} >= 0 && -$2{n} >= -1 ? 3
$2{n} >= 2 && $4{m} >= 1 && $7{r} >= 2 && -$6{a} >= 0 && -$3{n_init} >= 0 ? 2$2{n}+1
$3{n_init} >= 1 && $4{m} >= 1 && $7{r} >= 2 && -$6{a} >= 0 && -$2{n} >= -1 ? 3
$2{n} >= 2 && $3{n_init} >= 1 && $4{m} >= 1 && $7{r} >= 2 && -$6{a} >= 0 ? 2$2{n}+1
$7{r} >= 2 && -$4{m} >= 0 && -$2{n} >= -1 && $6{a} == 1 ? 3
$2{n} >= 2 && $7{r} >= 2 && -$4{m} >= 0 && $6{a} == 1 ? 2$2{n}+1
$4{m} >= 1 && $7{r} >= 2 && -$3{n_init} >= 0 && -$2{n} >= -1 && $6{a} == 1 ? 3
$2{n} >= 2 && $4{m} >= 1 && $7{r} >= 2 && -$3{n_init} >= 0 && $6{a} == 1 ? 2$2{n}+1
$3{n_init} >= 1 && $4{m} >= 1 && $7{r} >= 2 && -$2{n} >= -1 && $6{a} == 1 ? 3
$2{n} >= 2 && $3{n_init} >= 1 && $4{m} >= 1 && $7{r} >= 2 && $6{a} == 1 ? 2$2{n}+1
$6{a} >= 2 && $7{r} >= 2 && -$4{m} >= 0 && -$2{n} >= -1 ? 3
$2{n} >= 2 && $6{a} >= 2 && $7{r} >= 2 && -$4{m} >= 0 ? 2$2{n}+1
$4{m} >= 1 && $6{a} >= 2 && $7{r} >= 2 && -$3{n_init} >= 0 && -$2{n} >= -1 ? 3
$2{n} >= 2 && $4{m} >= 1 && $6{a} >= 2 && $7{r} >= 2 && -$3{n_init} >= 0 ? 2$2{n}+1
$3{n_init} >= 1 && $4{m} >= 1 && $6{a} >= 2 && $7{r} >= 2 && -$2{n} >= -1 ? 3
$2{n} >= 2 && $3{n_init} >= 1 && $4{m} >= 1 && $6{a} >= 2 && $7{r} >= 2 ? 2$2{n}+1

[12:]:
-$7{r} >= 0 && -$6{a} >= 0 && -$4{m} >= 0 && -$2{n} >= 0 ? 2
$2{n} >= 1 && -$7{r} >= 0 && -$6{a} >= 0 && -$4{m} >= 0 ? 2$2{n}+2
$4{m} >= 1 && -$7{r} >= 0 && -$6{a} >= 0 && -$3{n_init} >= 0 && -$2{n} >= 0 ? 2
$2{n} >= 1 && $4{m} >= 1 && -$7{r} >= 0 && -$6{a} >= 0 && -$3{n_init} >= 0 ? 2$2{n}+2
$3{n_init} >= 1 && $4{m} >= 1 && -$7{r} >= 0 && -$6{a} >= 0 && -$2{n} >= 0 ? 2
$2{n} >= 1 && $3{n_init} >= 1 && $4{m} >= 1 && -$7{r} >= 0 && -$6{a} >= 0 ? 2$2{n}+2
-$7{r} >= 0 && -$4{m} >= 0 && -$2{n} >= 0 && $6{a} == 1 ? 2
$2{n} >= 1 && -$7{r} >= 0 && -$4{m} >= 0 && $6{a} == 1 ? 2$2{n}+2
$4{m} >= 1 && -$7{r} >= 0 && -$3{n_init} >= 0 && -$2{n} >= 0 && $6{a} == 1 ? 2
$2{n} >= 1 && $4{m} >= 1 && -$7{r} >= 0 && -$3{n_init} >= 0 && $6{a} == 1 ? 2$2{n}+2
$3{n_init} >= 1 && $4{m} >= 1 && -$7{r} >= 0 && -$2{n} >= 0 && $6{a} == 1 ? 2
$2{n} >= 1 && $3{n_init} >= 1 && $4{m} >= 1 && -$7{r} >= 0 && $6{a} == 1 ? 2$2{n}+2
$6{a} >= 2 && -$7{r} >= 0 && -$4{m} >= 0 && -$2{n} >= 0 ? 2
$2{n} >= 1 && $6{a} >= 2 && -$7{r} >= 0 && -$4{m} >= 0 ? 2$2{n}+2
$4{m} >= 1 && $6{a} >= 2 && -$7{r} >= 0 && -$3{n_init} >= 0 && -$2{n} >= 0 ? 2
$2{n} >= 1 && $4{m} >= 1 && $6{a} >= 2 && -$7{r} >= 0 && -$3{n_init} >= 0 ? 2$2{n}+2
$3{n_init} >= 1 && $4{m} >= 1 && $6{a} >= 2 && -$7{r} >= 0 && -$2{n} >= 0 ? 2
$2{n} >= 1 && $3{n_init} >= 1 && $4{m} >= 1 && $6{a} >= 2 && -$7{r} >= 0 ? 2$2{n}+2
$7{r} == 1 ? 0
$7{r} >= 2 && -$6{a} >= 0 && -$4{m} >= 0 && -$2{n} >= 0 ? 2
$2{n} >= 1 && $7{r} >= 2 && -$6{a} >= 0 && -$4{m} >= 0 ? 2$2{n}+2
$4{m} >= 1 && $7{r} >= 2 && -$6{a} >= 0 && -$3{n_init} >= 0 && -$2{n} >= 0 ? 2
$2{n} >= 1 && $4{m} >= 1 && $7{r} >= 2 && -$6{a} >= 0 && -$3{n_init} >= 0 ? 2$2{n}+2
$3{n_init} >= 1 && $4{m} >= 1 && $7{r} >= 2 && -$6{a} >= 0 && -$2{n} >= 0 ? 2
$2{n} >= 1 && $3{n_init} >= 1 && $4{m} >= 1 && $7{r} >= 2 && -$6{a} >= 0 ? 2$2{n}+2
$7{r} >= 2 && -$4{m} >= 0 && -$2{n} >= 0 && $6{a} == 1 ? 2
$2{n} >= 1 && $7{r} >= 2 && -$4{m} >= 0 && $6{a} == 1 ? 2$2{n}+2
$4{m} >= 1 && $7{r} >= 2 && -$3{n_init} >= 0 && -$2{n} >= 0 && $6{a} == 1 ? 2
$2{n} >= 1 && $4{m} >= 1 && $7{r} >= 2 && -$3{n_init} >= 0 && $6{a} == 1 ? 2$2{n}+2
$3{n_init} >= 1 && $4{m} >= 1 && $7{r} >= 2 && -$2{n} >= 0 && $6{a} == 1 ? 2
$2{n} >= 1 && $3{n_init} >= 1 && $4{m} >= 1 && $7{r} >= 2 && $6{a} == 1 ? 2$2{n}+2
$6{a} >= 2 && $7{r} >= 2 && -$4{m} >= 0 && -$2{n} >= 0 ? 2
$2{n} >= 1 && $6{a} >= 2 && $7{r} >= 2 && -$4{m} >= 0 ? 2$2{n}+2
$4{m} >= 1 && $6{a} >= 2 && $7{r} >= 2 && -$3{n_init} >= 0 && -$2{n} >= 0 ? 2
$2{n} >= 1 && $4{m} >= 1 && $6{a} >= 2 && $7{r} >= 2 && -$3{n_init} >= 0 ? 2$2{n}+2
$3{n_init} >= 1 && $4{m} >= 1 && $6{a} >= 2 && $7{r} >= 2 && -$2{n} >= 0 ? 2
$2{n} >= 1 && $3{n_init} >= 1 && $4{m} >= 1 && $6{a} >= 2 && $7{r} >= 2 ? 2$2{n}+2

[13:]:
-$7{r} >= 0 ? 1
$7{r} == 1 ? 0
$7{r} >= 2 ? 1

[14:]:
-$7{r} >= 0 && -$6{a} >= 0 && -$4{m} >= 0 ? 0.
$4{m} >= 1 && -$7{r} >= 0 && -$6{a} >= 0 && -$3{n_init} >= 0 ? 7
$3{n_init} >= 1 && $4{m} >= 1 && -$7{r} >= 0 && -$6{a} >= 0 ? 2$3{n_init}+7
-$7{r} >= 0 && -$4{m} >= 0 && $6{a} == 1 ? bottom
$4{m} >= 1 && -$7{r} >= 0 && -$3{n_init} >= 0 && $6{a} == 1 ? 7
$3{n_init} >= 1 && $4{m} >= 1 && -$7{r} >= 0 && $6{a} == 1 ? 2$3{n_init}+7
$6{a} >= 2 && -$7{r} >= 0 && -$4{m} >= 0 ? 0.
$4{m} >= 1 && $6{a} >= 2 && -$7{r} >= 0 && -$3{n_init} >= 0 ? 7
$3{n_init} >= 1 && $4{m} >= 1 && $6{a} >= 2 && -$7{r} >= 0 ? 2$3{n_init}+7
$7{r} == 1 ? 0
$7{r} >= 2 && -$6{a} >= 0 && -$4{m} >= 0 ? 0.
$4{m} >= 1 && $7{r} >= 2 && -$6{a} >= 0 && -$3{n_init} >= 0 ? 7
$3{n_init} >= 1 && $4{m} >= 1 && $7{r} >= 2 && -$6{a} >= 0 ? 2$3{n_init}+7
$7{r} >= 2 && -$4{m} >= 0 && $6{a} == 1 ? bottom
$4{m} >= 1 && $7{r} >= 2 && -$3{n_init} >= 0 && $6{a} == 1 ? 7
$3{n_init} >= 1 && $4{m} >= 1 && $7{r} >= 2 && $6{a} == 1 ? 2$3{n_init}+7
$6{a} >= 2 && $7{r} >= 2 && -$4{m} >= 0 ? 0.
$4{m} >= 1 && $6{a} >= 2 && $7{r} >= 2 && -$3{n_init} >= 0 ? 7
$3{n_init} >= 1 && $4{m} >= 1 && $6{a} >= 2 && $7{r} >= 2 ? 2$3{n_init}+7

[15:]:
-$7{r} >= 0 && -$6{a} >= 0 && -$4{m} >= 0 ? 0.
$4{m} >= 1 && -$7{r} >= 0 && -$6{a} >= 0 && -$3{n_init} >= 0 ? 6
$3{n_init} >= 1 && $4{m} >= 1 && -$7{r} >= 0 && -$6{a} >= 0 ? 2$3{n_init}+6
-$7{r} >= 0 && -$4{m} >= 0 && $6{a} == 1 ? bottom
$4{m} >= 1 && -$7{r} >= 0 && -$3{n_init} >= 0 && $6{a} == 1 ? 6
$3{n_init} >= 1 && $4{m} >= 1 && -$7{r} >= 0 && $6{a} == 1 ? 2$3{n_init}+6
$6{a} >= 2 && -$7{r} >= 0 && -$4{m} >= 0 ? 0.
$4{m} >= 1 && $6{a} >= 2 && -$7{r} >= 0 && -$3{n_init} >= 0 ? 6
$3{n_init} >= 1 && $4{m} >= 1 && $6{a} >= 2 && -$7{r} >= 0 ? 2$3{n_init}+6
$7{r} == 1 ? 0
$7{r} >= 2 && -$6{a} >= 0 && -$4{m} >= 0 ? 0.
$4{m} >= 1 && $7{r} >= 2 && -$6{a} >= 0 && -$3{n_init} >= 0 ? 6
$3{n_init} >= 1 && $4{m} >= 1 && $7{r} >= 2 && -$6{a} >= 0 ? 2$3{n_init}+6
$7{r} >= 2 && -$4{m} >= 0 && $6{a} == 1 ? bottom
$4{m} >= 1 && $7{r} >= 2 && -$3{n_init} >= 0 && $6{a} == 1 ? 6
$3{n_init} >= 1 && $4{m} >= 1 && $7{r} >= 2 && $6{a} == 1 ? 2$3{n_init}+6
$6{a} >= 2 && $7{r} >= 2 && -$4{m} >= 0 ? 0.
$4{m} >= 1 && $6{a} >= 2 && $7{r} >= 2 && -$3{n_init} >= 0 ? 6
$3{n_init} >= 1 && $4{m} >= 1 && $6{a} >= 2 && $7{r} >= 2 ? 2$3{n_init}+6

[16:]:
-$7{r} >= -1 && -$6{a} >= 0 ? 0.
-$7{r} >= -1 && $6{a} == 1 ? bottom
$6{a} >= 2 && -$7{r} >= -1 ? 0
$7{r} >= 2 && -$6{a} >= 0 ? 0.
$7{r} >= 2 && $6{a} == 1 ? bottom
$6{a} >= 2 && $7{r} >= 2 ? 0.

[17:]:
-$7{r} >= -1 && -$6{a} >= 0 ? 0.
-$7{r} >= -1 && $6{a} == 1 ? bottom
$6{a} >= 2 && -$7{r} >= -1 ? 0
$7{r} >= 2 && -$6{a} >= 0 ? 0.
$7{r} >= 2 && $6{a} == 1 ? bottom
$6{a} >= 2 && $7{r} >= 2 ? 0.

[18:]:
-$7{r} >= -1 && -$6{a} >= 0 ? 0.
-$7{r} >= -1 && $6{a} == 1 ? bottom
$6{a} >= 2 && -$7{r} >= -1 ? 0
$7{r} >= 2 && -$6{a} >= 0 ? 0.
$7{r} >= 2 && $6{a} == 1 ? bottom
$6{a} >= 2 && $7{r} >= 2 ? 0.

[19:]:
-$7{r} >= -1 && -$6{a} >= 0 ? 0.
-$7{r} >= -1 && $6{a} == 1 ? bottom
$6{a} >= 2 && -$7{r} >= -1 ? 0
$7{r} >= 2 && -$6{a} >= 0 ? 0.
$7{r} >= 2 && $6{a} == 1 ? bottom
$6{a} >= 2 && $7{r} >= 2 ? 0.

Property: AG{OR{$6{a} < 1 || $6{a} > 1}{AF{$7{r} <= 1 && $7{r} >= 1}}}

[ -1:]:
top ? bottom

[ 2:]:
-$7{r} >= 0 && -$6{a} >= 0 && -$5{m_init} >= 0 ? 0.
$5{m_init} >= 1 && -$7{r} >= 0 && -$6{a} >= 0 && -$3{n_init} >= 0 ? 8
$3{n_init} >= 1 && $5{m_init} >= 1 && -$7{r} >= 0 && -$6{a} >= 0 ? 2$3{n_init}+8
-$7{r} >= 0 && -$5{m_init} >= 0 && $6{a} == 1 ? bottom
$5{m_init} >= 1 && -$7{r} >= 0 && -$3{n_init} >= 0 && $6{a} == 1 ? 8
$3{n_init} >= 1 && $5{m_init} >= 1 && -$7{r} >= 0 && $6{a} == 1 ? 2$3{n_init}+8
$6{a} >= 2 && -$7{r} >= 0 && -$5{m_init} >= 0 ? 0.
$5{m_init} >= 1 && $6{a} >= 2 && -$7{r} >= 0 && -$3{n_init} >= 0 ? 8
$3{n_init} >= 1 && $5{m_init} >= 1 && $6{a} >= 2 && -$7{r} >= 0 ? 2$3{n_init}+8
-$6{a} >= 0 && $7{r} == 1 ? 0
-$5{m_init} >= 0 && $6{a} == 1 && $7{r} == 1 ? bottom
$5{m_init} >= 1 && $6{a} == 1 && $7{r} == 1 ? 0.
$6{a} >= 2 && $7{r} == 1 ? 0
$7{r} >= 2 && -$6{a} >= 0 && -$5{m_init} >= 0 ? 0.
$5{m_init} >= 1 && $7{r} >= 2 && -$6{a} >= 0 && -$3{n_init} >= 0 ? 8
$3{n_init} >= 1 && $5{m_init} >= 1 && $7{r} >= 2 && -$6{a} >= 0 ? 2$3{n_init}+8
$7{r} >= 2 && -$5{m_init} >= 0 && $6{a} == 1 ? bottom
$5{m_init} >= 1 && $7{r} >= 2 && -$3{n_init} >= 0 && $6{a} == 1 ? 8
$3{n_init} >= 1 && $5{m_init} >= 1 && $7{r} >= 2 && $6{a} == 1 ? 2$3{n_init}+8
$6{a} >= 2 && $7{r} >= 2 && -$5{m_init} >= 0 ? 0.
$5{m_init} >= 1 && $6{a} >= 2 && $7{r} >= 2 && -$3{n_init} >= 0 ? 8
$3{n_init} >= 1 && $5{m_init} >= 1 && $6{a} >= 2 && $7{r} >= 2 ? 2$3{n_init}+8

[ 3:]:
-$7{r} >= 0 && -$6{a} >= 0 && -$5{m_init} >= 0 ? 0.
$5{m_init} >= 1 && -$7{r} >= 0 && -$6{a} >= 0 && -$3{n_init} >= 0 ? 7
$3{n_init} >= 1 && $5{m_init} >= 1 && -$7{r} >= 0 && -$6{a} >= 0 ? 2$3{n_init}+7
-$7{r} >= 0 && -$5{m_init} >= 0 && $6{a} == 1 ? bottom
$5{m_init} >= 1 && -$7{r} >= 0 && -$3{n_init} >= 0 && $6{a} == 1 ? 7
$3{n_init} >= 1 && $5{m_init} >= 1 && -$7{r} >= 0 && $6{a} == 1 ? 2$3{n_init}+7
$6{a} >= 2 && -$7{r} >= 0 && -$5{m_init} >= 0 ? 0.
$5{m_init} >= 1 && $6{a} >= 2 && -$7{r} >= 0 && -$3{n_init} >= 0 ? 7
$3{n_init} >= 1 && $5{m_init} >= 1 && $6{a} >= 2 && -$7{r} >= 0 ? 2$3{n_init}+7
$7{r} == 1 ? 0
$7{r} >= 2 && -$6{a} >= 0 && -$5{m_init} >= 0 ? 0.
$5{m_init} >= 1 && $7{r} >= 2 && -$6{a} >= 0 && -$3{n_init} >= 0 ? 7
$3{n_init} >= 1 && $5{m_init} >= 1 && $7{r} >= 2 && -$6{a} >= 0 ? 2$3{n_init}+7
$7{r} >= 2 && -$5{m_init} >= 0 && $6{a} == 1 ? bottom
$5{m_init} >= 1 && $7{r} >= 2 && -$3{n_init} >= 0 && $6{a} == 1 ? 7
$3{n_init} >= 1 && $5{m_init} >= 1 && $7{r} >= 2 && $6{a} == 1 ? 2$3{n_init}+7
$6{a} >= 2 && $7{r} >= 2 && -$5{m_init} >= 0 ? 0.
$5{m_init} >= 1 && $6{a} >= 2 && $7{r} >= 2 && -$3{n_init} >= 0 ? 7
$3{n_init} >= 1 && $5{m_init} >= 1 && $6{a} >= 2 && $7{r} >= 2 ? 2$3{n_init}+7

[ 4:]:
-$7{r} >= 0 && -$6{a} >= 0 && -$4{m} >= 0 ? 0.
$4{m} >= 1 && -$7{r} >= 0 && -$6{a} >= 0 && -$3{n_init} >= 0 ? 6
$3{n_init} >= 1 && $4{m} >= 1 && -$7{r} >= 0 && -$6{a} >= 0 ? 2$3{n_init}+6
-$7{r} >= 0 && -$4{m} >= 0 && $6{a} == 1 ? bottom
$4{m} >= 1 && -$7{r} >= 0 && -$3{n_init} >= 0 && $6{a} == 1 ? 6
$3{n_init} >= 1 && $4{m} >= 1 && -$7{r} >= 0 && $6{a} == 1 ? 2$3{n_init}+6
$6{a} >= 2 && -$7{r} >= 0 && -$4{m} >= 0 ? 0.
$4{m} >= 1 && $6{a} >= 2 && -$7{r} >= 0 && -$3{n_init} >= 0 ? 6
$3{n_init} >= 1 && $4{m} >= 1 && $6{a} >= 2 && -$7{r} >= 0 ? 2$3{n_init}+6
$7{r} == 1 ? 0
$7{r} >= 2 && -$6{a} >= 0 && -$4{m} >= 0 ? 0.
$4{m} >= 1 && $7{r} >= 2 && -$6{a} >= 0 && -$3{n_init} >= 0 ? 6
$3{n_init} >= 1 && $4{m} >= 1 && $7{r} >= 2 && -$6{a} >= 0 ? 2$3{n_init}+6
$7{r} >= 2 && -$4{m} >= 0 && $6{a} == 1 ? bottom
$4{m} >= 1 && $7{r} >= 2 && -$3{n_init} >= 0 && $6{a} == 1 ? 6
$3{n_init} >= 1 && $4{m} >= 1 && $7{r} >= 2 && $6{a} == 1 ? 2$3{n_init}+6
$6{a} >= 2 && $7{r} >= 2 && -$4{m} >= 0 ? 0.
$4{m} >= 1 && $6{a} >= 2 && $7{r} >= 2 && -$3{n_init} >= 0 ? 6
$3{n_init} >= 1 && $4{m} >= 1 && $6{a} >= 2 && $7{r} >= 2 ? 2$3{n_init}+6

[ 5:]:
-$7{r} >= 0 && -$6{a} >= 0 && -$4{m} >= 0 ? 0.
$4{m} >= 1 && -$7{r} >= 0 && -$6{a} >= 0 && -$3{n_init} >= 0 ? 6
$3{n_init} >= 1 && $4{m} >= 1 && -$7{r} >= 0 && -$6{a} >= 0 ? 2$3{n_init}+6
-$7{r} >= 0 && -$4{m} >= 0 && $6{a} == 1 ? bottom
$4{m} >= 1 && -$7{r} >= 0 && -$3{n_init} >= 0 && $6{a} == 1 ? 6
$3{n_init} >= 1 && $4{m} >= 1 && -$7{r} >= 0 && $6{a} == 1 ? 2$3{n_init}+6
$6{a} >= 2 && -$7{r} >= 0 && -$4{m} >= 0 ? 0.
$4{m} >= 1 && $6{a} >= 2 && -$7{r} >= 0 && -$3{n_init} >= 0 ? 6
$3{n_init} >= 1 && $4{m} >= 1 && $6{a} >= 2 && -$7{r} >= 0 ? 2$3{n_init}+6
$7{r} == 1 ? 0
$7{r} >= 2 && -$6{a} >= 0 && -$4{m} >= 0 ? 0.
$4{m} >= 1 && $7{r} >= 2 && -$6{a} >= 0 && -$3{n_init} >= 0 ? 6
$3{n_init} >= 1 && $4{m} >= 1 && $7{r} >= 2 && -$6{a} >= 0 ? 2$3{n_init}+6
$7{r} >= 2 && -$4{m} >= 0 && $6{a} == 1 ? bottom
$4{m} >= 1 && $7{r} >= 2 && -$3{n_init} >= 0 && $6{a} == 1 ? 6
$3{n_init} >= 1 && $4{m} >= 1 && $7{r} >= 2 && $6{a} == 1 ? 2$3{n_init}+6
$6{a} >= 2 && $7{r} >= 2 && -$4{m} >= 0 ? 0.
$4{m} >= 1 && $6{a} >= 2 && $7{r} >= 2 && -$3{n_init} >= 0 ? 6
$3{n_init} >= 1 && $4{m} >= 1 && $6{a} >= 2 && $7{r} >= 2 ? 2$3{n_init}+6

[ 6:]:
-$7{r} >= 0 && -$6{a} >= 0 && -$4{m} >= 0 && -$3{n_init} >= 0 ? 5
$3{n_init} >= 1 && -$7{r} >= 0 && -$6{a} >= 0 && -$4{m} >= 0 ? 2$3{n_init}+5
$4{m} >= 1 && -$7{r} >= 0 && -$6{a} >= 0 && -$3{n_init} >= 0 ? 5
$3{n_init} >= 1 && $4{m} >= 1 && -$7{r} >= 0 && -$6{a} >= 0 ? 2$3{n_init}+5
-$7{r} >= 0 && -$4{m} >= 0 && -$3{n_init} >= 0 && $6{a} == 1 ? 5
$3{n_init} >= 1 && -$7{r} >= 0 && -$4{m} >= 0 && $6{a} == 1 ? 2$3{n_init}+5
$4{m} >= 1 && -$7{r} >= 0 && -$3{n_init} >= 0 && $6{a} == 1 ? 5
$3{n_init} >= 1 && $4{m} >= 1 && -$7{r} >= 0 && $6{a} == 1 ? 2$3{n_init}+5
$6{a} >= 2 && -$7{r} >= 0 && -$4{m} >= 0 && -$3{n_init} >= 0 ? 5
$3{n_init} >= 1 && $6{a} >= 2 && -$7{r} >= 0 && -$4{m} >= 0 ? 2$3{n_init}+5
$4{m} >= 1 && $6{a} >= 2 && -$7{r} >= 0 && -$3{n_init} >= 0 ? 5
$3{n_init} >= 1 && $4{m} >= 1 && $6{a} >= 2 && -$7{r} >= 0 ? 2$3{n_init}+5
$7{r} == 1 ? 0
$7{r} >= 2 && -$6{a} >= 0 && -$4{m} >= 0 && -$3{n_init} >= 0 ? 5
$3{n_init} >= 1 && $7{r} >= 2 && -$6{a} >= 0 && -$4{m} >= 0 ? 2$3{n_init}+5
$4{m} >= 1 && $7{r} >= 2 && -$6{a} >= 0 && -$3{n_init} >= 0 ? 5
$3{n_init} >= 1 && $4{m} >= 1 && $7{r} >= 2 && -$6{a} >= 0 ? 2$3{n_init}+5
$7{r} >= 2 && -$4{m} >= 0 && -$3{n_init} >= 0 && $6{a} == 1 ? 5
$3{n_init} >= 1 && $7{r} >= 2 && -$4{m} >= 0 && $6{a} == 1 ? 2$3{n_init}+5
$4{m} >= 1 && $7{r} >= 2 && -$3{n_init} >= 0 && $6{a} == 1 ? 5
$3{n_init} >= 1 && $4{m} >= 1 && $7{r} >= 2 && $6{a} == 1 ? 2$3{n_init}+5
$6{a} >= 2 && $7{r} >= 2 && -$4{m} >= 0 && -$3{n_init} >= 0 ? 5
$3{n_init} >= 1 && $6{a} >= 2 && $7{r} >= 2 && -$4{m} >= 0 ? 2$3{n_init}+5
$4{m} >= 1 && $6{a} >= 2 && $7{r} >= 2 && -$3{n_init} >= 0 ? 5
$3{n_init} >= 1 && $4{m} >= 1 && $6{a} >= 2 && $7{r} >= 2 ? 2$3{n_init}+5

[ 7:]:
-$7{r} >= 0 && -$6{a} >= 0 && -$4{m} >= 0 && -$3{n_init} >= 0 ? 4
$3{n_init} >= 1 && -$7{r} >= 0 && -$6{a} >= 0 && -$4{m} >= 0 ? 2$3{n_init}+4
$4{m} >= 1 && -$7{r} >= 0 && -$6{a} >= 0 && -$3{n_init} >= 0 ? 4
$3{n_init} >= 1 && $4{m} >= 1 && -$7{r} >= 0 && -$6{a} >= 0 ? 2$3{n_init}+4
-$7{r} >= 0 && -$4{m} >= 0 && -$3{n_init} >= 0 && $6{a} == 1 ? 4
$3{n_init} >= 1 && -$7{r} >= 0 && -$4{m} >= 0 && $6{a} == 1 ? 2$3{n_init}+4
$4{m} >= 1 && -$7{r} >= 0 && -$3{n_init} >= 0 && $6{a} == 1 ? 4
$3{n_init} >= 1 && $4{m} >= 1 && -$7{r} >= 0 && $6{a} == 1 ? 2$3{n_init}+4
$6{a} >= 2 && -$7{r} >= 0 && -$4{m} >= 0 && -$3{n_init} >= 0 ? 4
$3{n_init} >= 1 && $6{a} >= 2 && -$7{r} >= 0 && -$4{m} >= 0 ? 2$3{n_init}+4
$4{m} >= 1 && $6{a} >= 2 && -$7{r} >= 0 && -$3{n_init} >= 0 ? 4
$3{n_init} >= 1 && $4{m} >= 1 && $6{a} >= 2 && -$7{r} >= 0 ? 2$3{n_init}+4
$7{r} == 1 ? 0
$7{r} >= 2 && -$6{a} >= 0 && -$4{m} >= 0 && -$3{n_init} >= 0 ? 4
$3{n_init} >= 1 && $7{r} >= 2 && -$6{a} >= 0 && -$4{m} >= 0 ? 2$3{n_init}+4
$4{m} >= 1 && $7{r} >= 2 && -$6{a} >= 0 && -$3{n_init} >= 0 ? 4
$3{n_init} >= 1 && $4{m} >= 1 && $7{r} >= 2 && -$6{a} >= 0 ? 2$3{n_init}+4
$7{r} >= 2 && -$4{m} >= 0 && -$3{n_init} >= 0 && $6{a} == 1 ? 4
$3{n_init} >= 1 && $7{r} >= 2 && -$4{m} >= 0 && $6{a} == 1 ? 2$3{n_init}+4
$4{m} >= 1 && $7{r} >= 2 && -$3{n_init} >= 0 && $6{a} == 1 ? 4
$3{n_init} >= 1 && $4{m} >= 1 && $7{r} >= 2 && $6{a} == 1 ? 2$3{n_init}+4
$6{a} >= 2 && $7{r} >= 2 && -$4{m} >= 0 && -$3{n_init} >= 0 ? 4
$3{n_init} >= 1 && $6{a} >= 2 && $7{r} >= 2 && -$4{m} >= 0 ? 2$3{n_init}+4
$4{m} >= 1 && $6{a} >= 2 && $7{r} >= 2 && -$3{n_init} >= 0 ? 4
$3{n_init} >= 1 && $4{m} >= 1 && $6{a} >= 2 && $7{r} >= 2 ? 2$3{n_init}+4

[ 8:]:
-$7{r} >= 0 && -$6{a} >= 0 && -$4{m} >= 0 && -$3{n_init} >= 0 ? 3
$3{n_init} >= 1 && -$7{r} >= 0 && -$6{a} >= 0 && -$4{m} >= 0 ? 2$3{n_init}+3
$4{m} >= 1 && -$7{r} >= 0 && -$6{a} >= 0 && -$3{n_init} >= 0 ? 3
$3{n_init} >= 1 && $4{m} >= 1 && -$7{r} >= 0 && -$6{a} >= 0 ? 2$3{n_init}+3
-$7{r} >= 0 && -$4{m} >= 0 && $6{a} == 1 ? bottom
$4{m} >= 1 && -$7{r} >= 0 && -$3{n_init} >= 0 && $6{a} == 1 ? 3
$3{n_init} >= 1 && $4{m} >= 1 && -$7{r} >= 0 && $6{a} == 1 ? 2$3{n_init}+3
$6{a} >= 2 && -$7{r} >= 0 && -$4{m} >= 0 && -$3{n_init} >= 0 ? 3
$3{n_init} >= 1 && $6{a} >= 2 && -$7{r} >= 0 && -$4{m} >= 0 ? 2$3{n_init}+3
$4{m} >= 1 && $6{a} >= 2 && -$7{r} >= 0 && -$3{n_init} >= 0 ? 3
$3{n_init} >= 1 && $4{m} >= 1 && $6{a} >= 2 && -$7{r} >= 0 ? 2$3{n_init}+3
-$6{a} >= 0 && $7{r} == 1 ? 0
-$4{m} >= 0 && $6{a} == 1 && $7{r} == 1 ? bottom
$4{m} >= 1 && $6{a} == 1 && $7{r} == 1 ? 0.
$6{a} >= 2 && $7{r} == 1 ? 0
$7{r} >= 2 && -$6{a} >= 0 && -$4{m} >= 0 && -$3{n_init} >= 0 ? 3
$3{n_init} >= 1 && $7{r} >= 2 && -$6{a} >= 0 && -$4{m} >= 0 ? 2$3{n_init}+3
$4{m} >= 1 && $7{r} >= 2 && -$6{a} >= 0 && -$3{n_init} >= 0 ? 3
$3{n_init} >= 1 && $4{m} >= 1 && $7{r} >= 2 && -$6{a} >= 0 ? 2$3{n_init}+3
$7{r} >= 2 && -$4{m} >= 0 && $6{a} == 1 ? bottom
$4{m} >= 1 && $7{r} >= 2 && -$3{n_init} >= 0 && $6{a} == 1 ? 3
$3{n_init} >= 1 && $4{m} >= 1 && $7{r} >= 2 && $6{a} == 1 ? 2$3{n_init}+3
$6{a} >= 2 && $7{r} >= 2 && -$4{m} >= 0 && -$3{n_init} >= 0 ? 3
$3{n_init} >= 1 && $6{a} >= 2 && $7{r} >= 2 && -$4{m} >= 0 ? 2$3{n_init}+3
$4{m} >= 1 && $6{a} >= 2 && $7{r} >= 2 && -$3{n_init} >= 0 ? 3
$3{n_init} >= 1 && $4{m} >= 1 && $6{a} >= 2 && $7{r} >= 2 ? 2$3{n_init}+3

[ 9:]:
-$7{r} >= 0 && -$6{a} >= 0 && -$4{m} >= 0 && -$2{n} >= 0 ? 2
$2{n} >= 1 && -$7{r} >= 0 && -$6{a} >= 0 && -$4{m} >= 0 ? 2$2{n}+2
$4{m} >= 1 && -$7{r} >= 0 && -$6{a} >= 0 && -$3{n_init} >= 0 && -$2{n} >= 0 ? 2
$2{n} >= 1 && $4{m} >= 1 && -$7{r} >= 0 && -$6{a} >= 0 && -$3{n_init} >= 0 ? 2$2{n}+2
$3{n_init} >= 1 && $4{m} >= 1 && -$7{r} >= 0 && -$6{a} >= 0 && -$2{n} >= 0 ? 2
$2{n} >= 1 && $3{n_init} >= 1 && $4{m} >= 1 && -$7{r} >= 0 && -$6{a} >= 0 ? 2$2{n}+2
-$7{r} >= 0 && -$4{m} >= 0 && $6{a} == 1 ? bottom
$4{m} >= 1 && -$7{r} >= 0 && -$3{n_init} >= 0 && -$2{n} >= 0 && $6{a} == 1 ? 2
$2{n} >= 1 && $4{m} >= 1 && -$7{r} >= 0 && -$3{n_init} >= 0 && $6{a} == 1 ? 2$2{n}+2
$3{n_init} >= 1 && $4{m} >= 1 && -$7{r} >= 0 && -$2{n} >= 0 && $6{a} == 1 ? 2
$2{n} >= 1 && $3{n_init} >= 1 && $4{m} >= 1 && -$7{r} >= 0 && $6{a} == 1 ? 2$2{n}+2
$6{a} >= 2 && -$7{r} >= 0 && -$4{m} >= 0 && -$2{n} >= 0 ? 2
$2{n} >= 1 && $6{a} >= 2 && -$7{r} >= 0 && -$4{m} >= 0 ? 2$2{n}+2
$4{m} >= 1 && $6{a} >= 2 && -$7{r} >= 0 && -$3{n_init} >= 0 && -$2{n} >= 0 ? 2
$2{n} >= 1 && $4{m} >= 1 && $6{a} >= 2 && -$7{r} >= 0 && -$3{n_init} >= 0 ? 2$2{n}+2
$3{n_init} >= 1 && $4{m} >= 1 && $6{a} >= 2 && -$7{r} >= 0 && -$2{n} >= 0 ? 2
$2{n} >= 1 && $3{n_init} >= 1 && $4{m} >= 1 && $6{a} >= 2 && -$7{r} >= 0 ? 2$2{n}+2
-$6{a} >= 0 && $7{r} == 1 ? 0
-$4{m} >= 0 && $6{a} == 1 && $7{r} == 1 ? bottom
$4{m} >= 1 && $6{a} == 1 && $7{r} == 1 ? 0.
$6{a} >= 2 && $7{r} == 1 ? 0
$7{r} >= 2 && -$6{a} >= 0 && -$4{m} >= 0 && -$2{n} >= 0 ? 2
$2{n} >= 1 && $7{r} >= 2 && -$6{a} >= 0 && -$4{m} >= 0 ? 2$2{n}+2
$4{m} >= 1 && $7{r} >= 2 && -$6{a} >= 0 && -$3{n_init} >= 0 && -$2{n} >= 0 ? 2
$2{n} >= 1 && $4{m} >= 1 && $7{r} >= 2 && -$6{a} >= 0 && -$3{n_init} >= 0 ? 2$2{n}+2
$3{n_init} >= 1 && $4{m} >= 1 && $7{r} >= 2 && -$6{a} >= 0 && -$2{n} >= 0 ? 2
$2{n} >= 1 && $3{n_init} >= 1 && $4{m} >= 1 && $7{r} >= 2 && -$6{a} >= 0 ? 2$2{n}+2
$7{r} >= 2 && -$4{m} >= 0 && $6{a} == 1 ? bottom
$4{m} >= 1 && $7{r} >= 2 && -$3{n_init} >= 0 && -$2{n} >= 0 && $6{a} == 1 ? 2
$2{n} >= 1 && $4{m} >= 1 && $7{r} >= 2 && -$3{n_init} >= 0 && $6{a} == 1 ? 2$2{n}+2
$3{n_init} >= 1 && $4{m} >= 1 && $7{r} >= 2 && -$2{n} >= 0 && $6{a} == 1 ? 2
$2{n} >= 1 && $3{n_init} >= 1 && $4{m} >= 1 && $7{r} >= 2 && $6{a} == 1 ? 2$2{n}+2
$6{a} >= 2 && $7{r} >= 2 && -$4{m} >= 0 && -$2{n} >= 0 ? 2
$2{n} >= 1 && $6{a} >= 2 && $7{r} >= 2 && -$4{m} >= 0 ? 2$2{n}+2
$4{m} >= 1 && $6{a} >= 2 && $7{r} >= 2 && -$3{n_init} >= 0 && -$2{n} >= 0 ? 2
$2{n} >= 1 && $4{m} >= 1 && $6{a} >= 2 && $7{r} >= 2 && -$3{n_init} >= 0 ? 2$2{n}+2
$3{n_init} >= 1 && $4{m} >= 1 && $6{a} >= 2 && $7{r} >= 2 && -$2{n} >= 0 ? 2
$2{n} >= 1 && $3{n_init} >= 1 && $4{m} >= 1 && $6{a} >= 2 && $7{r} >= 2 ? 2$2{n}+2

[10:]:
-$7{r} >= 0 && -$6{a} >= 0 && -$4{m} >= 0 && -$2{n} >= 0 ? 2
$2{n} >= 1 && -$7{r} >= 0 && -$6{a} >= 0 && -$4{m} >= 0 ? 2$2{n}+2
$4{m} >= 1 && -$7{r} >= 0 && -$6{a} >= 0 && -$3{n_init} >= 0 && -$2{n} >= 0 ? 2
$2{n} >= 1 && $4{m} >= 1 && -$7{r} >= 0 && -$6{a} >= 0 && -$3{n_init} >= 0 ? 2$2{n}+2
$3{n_init} >= 1 && $4{m} >= 1 && -$7{r} >= 0 && -$6{a} >= 0 && -$2{n} >= 0 ? 2
$2{n} >= 1 && $3{n_init} >= 1 && $4{m} >= 1 && -$7{r} >= 0 && -$6{a} >= 0 ? 2$2{n}+2
-$7{r} >= 0 && -$4{m} >= 0 && $6{a} == 1 ? bottom
$4{m} >= 1 && -$7{r} >= 0 && -$3{n_init} >= 0 && -$2{n} >= 0 && $6{a} == 1 ? 2
$2{n} >= 1 && $4{m} >= 1 && -$7{r} >= 0 && -$3{n_init} >= 0 && $6{a} == 1 ? 2$2{n}+2
$3{n_init} >= 1 && $4{m} >= 1 && -$7{r} >= 0 && -$2{n} >= 0 && $6{a} == 1 ? 2
$2{n} >= 1 && $3{n_init} >= 1 && $4{m} >= 1 && -$7{r} >= 0 && $6{a} == 1 ? 2$2{n}+2
$6{a} >= 2 && -$7{r} >= 0 && -$4{m} >= 0 && -$2{n} >= 0 ? 2
$2{n} >= 1 && $6{a} >= 2 && -$7{r} >= 0 && -$4{m} >= 0 ? 2$2{n}+2
$4{m} >= 1 && $6{a} >= 2 && -$7{r} >= 0 && -$3{n_init} >= 0 && -$2{n} >= 0 ? 2
$2{n} >= 1 && $4{m} >= 1 && $6{a} >= 2 && -$7{r} >= 0 && -$3{n_init} >= 0 ? 2$2{n}+2
$3{n_init} >= 1 && $4{m} >= 1 && $6{a} >= 2 && -$7{r} >= 0 && -$2{n} >= 0 ? 2
$2{n} >= 1 && $3{n_init} >= 1 && $4{m} >= 1 && $6{a} >= 2 && -$7{r} >= 0 ? 2$2{n}+2
-$6{a} >= 0 && $7{r} == 1 ? 0
-$4{m} >= 0 && $6{a} == 1 && $7{r} == 1 ? bottom
$4{m} >= 1 && $6{a} == 1 && $7{r} == 1 ? 0.
$6{a} >= 2 && $7{r} == 1 ? 0
$7{r} >= 2 && -$6{a} >= 0 && -$4{m} >= 0 && -$2{n} >= 0 ? 2
$2{n} >= 1 && $7{r} >= 2 && -$6{a} >= 0 && -$4{m} >= 0 ? 2$2{n}+2
$4{m} >= 1 && $7{r} >= 2 && -$6{a} >= 0 && -$3{n_init} >= 0 && -$2{n} >= 0 ? 2
$2{n} >= 1 && $4{m} >= 1 && $7{r} >= 2 && -$6{a} >= 0 && -$3{n_init} >= 0 ? 2$2{n}+2
$3{n_init} >= 1 && $4{m} >= 1 && $7{r} >= 2 && -$6{a} >= 0 && -$2{n} >= 0 ? 2
$2{n} >= 1 && $3{n_init} >= 1 && $4{m} >= 1 && $7{r} >= 2 && -$6{a} >= 0 ? 2$2{n}+2
$7{r} >= 2 && -$4{m} >= 0 && $6{a} == 1 ? bottom
$4{m} >= 1 && $7{r} >= 2 && -$3{n_init} >= 0 && -$2{n} >= 0 && $6{a} == 1 ? 2
$2{n} >= 1 && $4{m} >= 1 && $7{r} >= 2 && -$3{n_init} >= 0 && $6{a} == 1 ? 2$2{n}+2
$3{n_init} >= 1 && $4{m} >= 1 && $7{r} >= 2 && -$2{n} >= 0 && $6{a} == 1 ? 2
$2{n} >= 1 && $3{n_init} >= 1 && $4{m} >= 1 && $7{r} >= 2 && $6{a} == 1 ? 2$2{n}+2
$6{a} >= 2 && $7{r} >= 2 && -$4{m} >= 0 && -$2{n} >= 0 ? 2
$2{n} >= 1 && $6{a} >= 2 && $7{r} >= 2 && -$4{m} >= 0 ? 2$2{n}+2
$4{m} >= 1 && $6{a} >= 2 && $7{r} >= 2 && -$3{n_init} >= 0 && -$2{n} >= 0 ? 2
$2{n} >= 1 && $4{m} >= 1 && $6{a} >= 2 && $7{r} >= 2 && -$3{n_init} >= 0 ? 2$2{n}+2
$3{n_init} >= 1 && $4{m} >= 1 && $6{a} >= 2 && $7{r} >= 2 && -$2{n} >= 0 ? 2
$2{n} >= 1 && $3{n_init} >= 1 && $4{m} >= 1 && $6{a} >= 2 && $7{r} >= 2 ? 2$2{n}+2

[11:]:
-$7{r} >= 0 && -$6{a} >= 0 && -$4{m} >= 0 && -$2{n} >= -1 ? 3
$2{n} >= 2 && -$7{r} >= 0 && -$6{a} >= 0 && -$4{m} >= 0 ? 2$2{n}+1
$4{m} >= 1 && -$7{r} >= 0 && -$6{a} >= 0 && -$3{n_init} >= 0 && -$2{n} >= -1 ? 3
$2{n} >= 2 && $4{m} >= 1 && -$7{r} >= 0 && -$6{a} >= 0 && -$3{n_init} >= 0 ? 2$2{n}+1
$3{n_init} >= 1 && $4{m} >= 1 && -$7{r} >= 0 && -$6{a} >= 0 && -$2{n} >= -1 ? 3
$2{n} >= 2 && $3{n_init} >= 1 && $4{m} >= 1 && -$7{r} >= 0 && -$6{a} >= 0 ? 2$2{n}+1
-$7{r} >= 0 && -$4{m} >= 0 && $6{a} == 1 ? bottom
$4{m} >= 1 && -$7{r} >= 0 && -$3{n_init} >= 0 && -$2{n} >= -1 && $6{a} == 1 ? 3
$2{n} >= 2 && $4{m} >= 1 && -$7{r} >= 0 && -$3{n_init} >= 0 && $6{a} == 1 ? 2$2{n}+1
$3{n_init} >= 1 && $4{m} >= 1 && -$7{r} >= 0 && -$2{n} >= -1 && $6{a} == 1 ? 3
$2{n} >= 2 && $3{n_init} >= 1 && $4{m} >= 1 && -$7{r} >= 0 && $6{a} == 1 ? 2$2{n}+1
$6{a} >= 2 && -$7{r} >= 0 && -$4{m} >= 0 && -$2{n} >= -1 ? 3
$2{n} >= 2 && $6{a} >= 2 && -$7{r} >= 0 && -$4{m} >= 0 ? 2$2{n}+1
$4{m} >= 1 && $6{a} >= 2 && -$7{r} >= 0 && -$3{n_init} >= 0 && -$2{n} >= -1 ? 3
$2{n} >= 2 && $4{m} >= 1 && $6{a} >= 2 && -$7{r} >= 0 && -$3{n_init} >= 0 ? 2$2{n}+1
$3{n_init} >= 1 && $4{m} >= 1 && $6{a} >= 2 && -$7{r} >= 0 && -$2{n} >= -1 ? 3
$2{n} >= 2 && $3{n_init} >= 1 && $4{m} >= 1 && $6{a} >= 2 && -$7{r} >= 0 ? 2$2{n}+1
-$6{a} >= 0 && $7{r} == 1 ? 0
-$4{m} >= 0 && $6{a} == 1 && $7{r} == 1 ? bottom
$4{m} >= 1 && $6{a} == 1 && $7{r} == 1 ? 0.
$6{a} >= 2 && $7{r} == 1 ? 0
$7{r} >= 2 && -$6{a} >= 0 && -$4{m} >= 0 && -$2{n} >= -1 ? 3
$2{n} >= 2 && $7{r} >= 2 && -$6{a} >= 0 && -$4{m} >= 0 ? 2$2{n}+1
$4{m} >= 1 && $7{r} >= 2 && -$6{a} >= 0 && -$3{n_init} >= 0 && -$2{n} >= -1 ? 3
$2{n} >= 2 && $4{m} >= 1 && $7{r} >= 2 && -$6{a} >= 0 && -$3{n_init} >= 0 ? 2$2{n}+1
$3{n_init} >= 1 && $4{m} >= 1 && $7{r} >= 2 && -$6{a} >= 0 && -$2{n} >= -1 ? 3
$2{n} >= 2 && $3{n_init} >= 1 && $4{m} >= 1 && $7{r} >= 2 && -$6{a} >= 0 ? 2$2{n}+1
$7{r} >= 2 && -$4{m} >= 0 && $6{a} == 1 ? bottom
$4{m} >= 1 && $7{r} >= 2 && -$3{n_init} >= 0 && -$2{n} >= -1 && $6{a} == 1 ? 3
$2{n} >= 2 && $4{m} >= 1 && $7{r} >= 2 && -$3{n_init} >= 0 && $6{a} == 1 ? 2$2{n}+1
$3{n_init} >= 1 && $4{m} >= 1 && $7{r} >= 2 && -$2{n} >= -1 && $6{a} == 1 ? 3
$2{n} >= 2 && $3{n_init} >= 1 && $4{m} >= 1 && $7{r} >= 2 && $6{a} == 1 ? 2$2{n}+1
$6{a} >= 2 && $7{r} >= 2 && -$4{m} >= 0 && -$2{n} >= -1 ? 3
$2{n} >= 2 && $6{a} >= 2 && $7{r} >= 2 && -$4{m} >= 0 ? 2$2{n}+1
$4{m} >= 1 && $6{a} >= 2 && $7{r} >= 2 && -$3{n_init} >= 0 && -$2{n} >= -1 ? 3
$2{n} >= 2 && $4{m} >= 1 && $6{a} >= 2 && $7{r} >= 2 && -$3{n_init} >= 0 ? 2$2{n}+1
$3{n_init} >= 1 && $4{m} >= 1 && $6{a} >= 2 && $7{r} >= 2 && -$2{n} >= -1 ? 3
$2{n} >= 2 && $3{n_init} >= 1 && $4{m} >= 1 && $6{a} >= 2 && $7{r} >= 2 ? 2$2{n}+1

[12:]:
-$7{r} >= 0 && -$6{a} >= 0 && -$4{m} >= 0 && -$2{n} >= 0 ? 2
$2{n} >= 1 && -$7{r} >= 0 && -$6{a} >= 0 && -$4{m} >= 0 ? 2$2{n}+2
$4{m} >= 1 && -$7{r} >= 0 && -$6{a} >= 0 && -$3{n_init} >= 0 && -$2{n} >= 0 ? 2
$2{n} >= 1 && $4{m} >= 1 && -$7{r} >= 0 && -$6{a} >= 0 && -$3{n_init} >= 0 ? 2$2{n}+2
$3{n_init} >= 1 && $4{m} >= 1 && -$7{r} >= 0 && -$6{a} >= 0 && -$2{n} >= 0 ? 2
$2{n} >= 1 && $3{n_init} >= 1 && $4{m} >= 1 && -$7{r} >= 0 && -$6{a} >= 0 ? 2$2{n}+2
-$7{r} >= 0 && -$4{m} >= 0 && $6{a} == 1 ? bottom
$4{m} >= 1 && -$7{r} >= 0 && -$3{n_init} >= 0 && -$2{n} >= 0 && $6{a} == 1 ? 2
$2{n} >= 1 && $4{m} >= 1 && -$7{r} >= 0 && -$3{n_init} >= 0 && $6{a} == 1 ? 2$2{n}+2
$3{n_init} >= 1 && $4{m} >= 1 && -$7{r} >= 0 && -$2{n} >= 0 && $6{a} == 1 ? 2
$2{n} >= 1 && $3{n_init} >= 1 && $4{m} >= 1 && -$7{r} >= 0 && $6{a} == 1 ? 2$2{n}+2
$6{a} >= 2 && -$7{r} >= 0 && -$4{m} >= 0 && -$2{n} >= 0 ? 2
$2{n} >= 1 && $6{a} >= 2 && -$7{r} >= 0 && -$4{m} >= 0 ? 2$2{n}+2
$4{m} >= 1 && $6{a} >= 2 && -$7{r} >= 0 && -$3{n_init} >= 0 && -$2{n} >= 0 ? 2
$2{n} >= 1 && $4{m} >= 1 && $6{a} >= 2 && -$7{r} >= 0 && -$3{n_init} >= 0 ? 2$2{n}+2
$3{n_init} >= 1 && $4{m} >= 1 && $6{a} >= 2 && -$7{r} >= 0 && -$2{n} >= 0 ? 2
$2{n} >= 1 && $3{n_init} >= 1 && $4{m} >= 1 && $6{a} >= 2 && -$7{r} >= 0 ? 2$2{n}+2
-$6{a} >= 0 && $7{r} == 1 ? 0
-$4{m} >= 0 && $6{a} == 1 && $7{r} == 1 ? bottom
$4{m} >= 1 && $6{a} == 1 && $7{r} == 1 ? 0.
$6{a} >= 2 && $7{r} == 1 ? 0
$7{r} >= 2 && -$6{a} >= 0 && -$4{m} >= 0 && -$2{n} >= 0 ? 2
$2{n} >= 1 && $7{r} >= 2 && -$6{a} >= 0 && -$4{m} >= 0 ? 2$2{n}+2
$4{m} >= 1 && $7{r} >= 2 && -$6{a} >= 0 && -$3{n_init} >= 0 && -$2{n} >= 0 ? 2
$2{n} >= 1 && $4{m} >= 1 && $7{r} >= 2 && -$6{a} >= 0 && -$3{n_init} >= 0 ? 2$2{n}+2
$3{n_init} >= 1 && $4{m} >= 1 && $7{r} >= 2 && -$6{a} >= 0 && -$2{n} >= 0 ? 2
$2{n} >= 1 && $3{n_init} >= 1 && $4{m} >= 1 && $7{r} >= 2 && -$6{a} >= 0 ? 2$2{n}+2
$7{r} >= 2 && -$4{m} >= 0 && $6{a} == 1 ? bottom
$4{m} >= 1 && $7{r} >= 2 && -$3{n_init} >= 0 && -$2{n} >= 0 && $6{a} == 1 ? 2
$2{n} >= 1 && $4{m} >= 1 && $7{r} >= 2 && -$3{n_init} >= 0 && $6{a} == 1 ? 2$2{n}+2
$3{n_init} >= 1 && $4{m} >= 1 && $7{r} >= 2 && -$2{n} >= 0 && $6{a} == 1 ? 2
$2{n} >= 1 && $3{n_init} >= 1 && $4{m} >= 1 && $7{r} >= 2 && $6{a} == 1 ? 2$2{n}+2
$6{a} >= 2 && $7{r} >= 2 && -$4{m} >= 0 && -$2{n} >= 0 ? 2
$2{n} >= 1 && $6{a} >= 2 && $7{r} >= 2 && -$4{m} >= 0 ? 2$2{n}+2
$4{m} >= 1 && $6{a} >= 2 && $7{r} >= 2 && -$3{n_init} >= 0 && -$2{n} >= 0 ? 2
$2{n} >= 1 && $4{m} >= 1 && $6{a} >= 2 && $7{r} >= 2 && -$3{n_init} >= 0 ? 2$2{n}+2
$3{n_init} >= 1 && $4{m} >= 1 && $6{a} >= 2 && $7{r} >= 2 && -$2{n} >= 0 ? 2
$2{n} >= 1 && $3{n_init} >= 1 && $4{m} >= 1 && $6{a} >= 2 && $7{r} >= 2 ? 2$2{n}+2

[13:]:
-$7{r} >= 0 && -$6{a} >= 0 ? 1
-$7{r} >= 0 && -$4{m} >= 0 && $6{a} == 1 ? bottom
$4{m} >= 1 && -$7{r} >= 0 && $6{a} == 1 ? 1
$6{a} >= 2 && -$7{r} >= 0 ? 1
-$6{a} >= 0 && $7{r} == 1 ? 0
-$4{m} >= 0 && $6{a} == 1 && $7{r} == 1 ? bottom
$4{m} >= 1 && $6{a} == 1 && $7{r} == 1 ? 0.
$6{a} >= 2 && $7{r} == 1 ? 0
$7{r} >= 2 && -$6{a} >= 0 ? 1
$7{r} >= 2 && -$4{m} >= 0 && $6{a} == 1 ? bottom
$4{m} >= 1 && $7{r} >= 2 && $6{a} == 1 ? 1
$6{a} >= 2 && $7{r} >= 2 ? 1

[14:]:
-$7{r} >= 0 && -$6{a} >= 0 && -$4{m} >= 0 ? 0.
$4{m} >= 1 && -$7{r} >= 0 && -$6{a} >= 0 && -$3{n_init} >= 0 ? 7
$3{n_init} >= 1 && $4{m} >= 1 && -$7{r} >= 0 && -$6{a} >= 0 ? 2$3{n_init}+7
-$7{r} >= 0 && -$4{m} >= 0 && $6{a} == 1 ? bottom
$4{m} >= 1 && -$7{r} >= 0 && -$3{n_init} >= 0 && $6{a} == 1 ? 7
$3{n_init} >= 1 && $4{m} >= 1 && -$7{r} >= 0 && $6{a} == 1 ? 2$3{n_init}+7
$6{a} >= 2 && -$7{r} >= 0 && -$4{m} >= 0 ? 0.
$4{m} >= 1 && $6{a} >= 2 && -$7{r} >= 0 && -$3{n_init} >= 0 ? 7
$3{n_init} >= 1 && $4{m} >= 1 && $6{a} >= 2 && -$7{r} >= 0 ? 2$3{n_init}+7
-$6{a} >= 0 && $7{r} == 1 ? 0
-$4{m} >= 0 && $6{a} == 1 && $7{r} == 1 ? bottom
$4{m} >= 1 && $6{a} == 1 && $7{r} == 1 ? 0.
$6{a} >= 2 && $7{r} == 1 ? 0
$7{r} >= 2 && -$6{a} >= 0 && -$4{m} >= 0 ? 0.
$4{m} >= 1 && $7{r} >= 2 && -$6{a} >= 0 && -$3{n_init} >= 0 ? 7
$3{n_init} >= 1 && $4{m} >= 1 && $7{r} >= 2 && -$6{a} >= 0 ? 2$3{n_init}+7
$7{r} >= 2 && -$4{m} >= 0 && $6{a} == 1 ? bottom
$4{m} >= 1 && $7{r} >= 2 && -$3{n_init} >= 0 && $6{a} == 1 ? 7
$3{n_init} >= 1 && $4{m} >= 1 && $7{r} >= 2 && $6{a} == 1 ? 2$3{n_init}+7
$6{a} >= 2 && $7{r} >= 2 && -$4{m} >= 0 ? 0.
$4{m} >= 1 && $6{a} >= 2 && $7{r} >= 2 && -$3{n_init} >= 0 ? 7
$3{n_init} >= 1 && $4{m} >= 1 && $6{a} >= 2 && $7{r} >= 2 ? 2$3{n_init}+7

[15:]:
-$7{r} >= 0 && -$6{a} >= 0 && -$4{m} >= 0 ? 0.
$4{m} >= 1 && -$7{r} >= 0 && -$6{a} >= 0 && -$3{n_init} >= 0 ? 6
$3{n_init} >= 1 && $4{m} >= 1 && -$7{r} >= 0 && -$6{a} >= 0 ? 2$3{n_init}+6
-$7{r} >= 0 && -$4{m} >= 0 && $6{a} == 1 ? bottom
$4{m} >= 1 && -$7{r} >= 0 && -$3{n_init} >= 0 && $6{a} == 1 ? 6
$3{n_init} >= 1 && $4{m} >= 1 && -$7{r} >= 0 && $6{a} == 1 ? 2$3{n_init}+6
$6{a} >= 2 && -$7{r} >= 0 && -$4{m} >= 0 ? 0.
$4{m} >= 1 && $6{a} >= 2 && -$7{r} >= 0 && -$3{n_init} >= 0 ? 6
$3{n_init} >= 1 && $4{m} >= 1 && $6{a} >= 2 && -$7{r} >= 0 ? 2$3{n_init}+6
$7{r} == 1 ? 0
$7{r} >= 2 && -$6{a} >= 0 && -$4{m} >= 0 ? 0.
$4{m} >= 1 && $7{r} >= 2 && -$6{a} >= 0 && -$3{n_init} >= 0 ? 6
$3{n_init} >= 1 && $4{m} >= 1 && $7{r} >= 2 && -$6{a} >= 0 ? 2$3{n_init}+6
$7{r} >= 2 && -$4{m} >= 0 && $6{a} == 1 ? bottom
$4{m} >= 1 && $7{r} >= 2 && -$3{n_init} >= 0 && $6{a} == 1 ? 6
$3{n_init} >= 1 && $4{m} >= 1 && $7{r} >= 2 && $6{a} == 1 ? 2$3{n_init}+6
$6{a} >= 2 && $7{r} >= 2 && -$4{m} >= 0 ? 0.
$4{m} >= 1 && $6{a} >= 2 && $7{r} >= 2 && -$3{n_init} >= 0 ? 6
$3{n_init} >= 1 && $4{m} >= 1 && $6{a} >= 2 && $7{r} >= 2 ? 2$3{n_init}+6

[16:]:
-$7{r} >= -1 && -$6{a} >= 0 ? 0.
-$7{r} >= -1 && $6{a} == 1 ? bottom
$6{a} >= 2 && -$7{r} >= -1 ? 0
$7{r} >= 2 && -$6{a} >= 0 ? 0.
$7{r} >= 2 && $6{a} == 1 ? bottom
$6{a} >= 2 && $7{r} >= 2 ? 0.

[17:]:
-$7{r} >= -1 && -$6{a} >= 0 ? 0.
-$7{r} >= -1 && $6{a} == 1 ? bottom
$6{a} >= 2 && -$7{r} >= -1 ? 0
$7{r} >= 2 && -$6{a} >= 0 ? 0.
$7{r} >= 2 && $6{a} == 1 ? bottom
$6{a} >= 2 && $7{r} >= 2 ? 0.

[18:]:
-$7{r} >= -1 && -$6{a} >= 0 ? 0.
-$7{r} >= -1 && $6{a} == 1 ? bottom
$6{a} >= 2 && -$7{r} >= -1 ? 0
$7{r} >= 2 && -$6{a} >= 0 ? 0.
$7{r} >= 2 && $6{a} == 1 ? bottom
$6{a} >= 2 && $7{r} >= 2 ? 0.

[19:]:
top ? bottom


Analysis Result: TRUE
