
CFG:
List of variables:
  $1{__return_main}:int at tests/ctl/sv_comp/Bangalore_false-no-overflow.c:11.0-23.1
  $2{x}:int at tests/ctl/sv_comp/Bangalore_false-no-overflow.c:13.8-9
  $3{y}:int at tests/ctl/sv_comp/Bangalore_false-no-overflow.c:14.8-9

List of functions:
  1: main() -> $1{__return_main}:int at tests/ctl/sv_comp/Bangalore_false-no-overflow.c:11.0-23.1, entry: 13, exit: 12, calls:

List of nodes:
  13: at :0:-1, in: out:1 
  12: at :0:-1, in: 2 out:
  1: at tests/ctl/sv_comp/Bangalore_false-no-overflow.c:11:0, in: 13 out:3 
  2: at tests/ctl/sv_comp/Bangalore_false-no-overflow.c:23:1, in: 7 out:12 
  3: at tests/ctl/sv_comp/Bangalore_false-no-overflow.c:13:10, in: 1 out:4 
  4: at tests/ctl/sv_comp/Bangalore_false-no-overflow.c:14:10, in: 3 out:5 
  5: at tests/ctl/sv_comp/Bangalore_false-no-overflow.c:15:32, in: 4 out:6 
  6: at tests/ctl/sv_comp/Bangalore_false-no-overflow.c:16:32, in: 5 out:7 8 
  7: at tests/ctl/sv_comp/Bangalore_false-no-overflow.c:21:2, in: 8 6 out:2 
  8: at tests/ctl/sv_comp/Bangalore_false-no-overflow.c:17:12, in: 9 6 out:7 9 
  9: at tests/ctl/sv_comp/Bangalore_false-no-overflow.c:18:20, in: 8 out:8 
  10: at tests/ctl/sv_comp/Bangalore_false-no-overflow.c:11:0, in: out:11 
  11: at tests/ctl/sv_comp/Bangalore_false-no-overflow.c:23:1, in: 10 out:

List of arcs:
  13 -> 1: label entry
  2 -> 12: label exit
  1 -> 3: skip
  3 -> 4: skip
  4 -> 5: $2{x} = ?
  5 -> 6: $3{y} = ?
  6 -> 8: $3{y} < 1 ?
  6 -> 7: ! ($3{y} < 1) ?
  8 -> 9: $2{x} >= 0 ?
  8 -> 7: ! ($2{x} >= 0) ?
  9 -> 8: $2{x} = $2{x} - $3{y}
  7 -> 2: $1{__return_main} = 0
  10 -> 11: skip


Property: $2{x} < 0

[1:]:
-$2{x} >= 1 ? 0.
$2{x} >= 0 ? bottom

[2:]:
-$2{x} >= 1 ? 0.
$2{x} >= 0 ? bottom

[3:]:
-$2{x} >= 1 ? 0.
$2{x} >= 0 ? bottom

[4:]:
-$2{x} >= 1 ? 0.
$2{x} >= 0 ? bottom

[5:]:
-$2{x} >= 1 ? 0.
$2{x} >= 0 ? bottom

[6:]:
-$2{x} >= 1 ? 0.
$2{x} >= 0 ? bottom

[7:]:
-$2{x} >= 1 ? 0.
$2{x} >= 0 ? bottom

[8:]:
-$2{x} >= 1 ? 0.
$2{x} >= 0 ? bottom

[9:]:
-$2{x} >= 1 ? 0.
$2{x} >= 0 ? bottom

[10:]:
-$2{x} >= 1 ? 0.
$2{x} >= 0 ? bottom

[11:]:
-$2{x} >= 1 ? 0.
$2{x} >= 0 ? bottom

[12:]:
-$2{x} >= 1 ? 0.
$2{x} >= 0 ? bottom

[13:]:
-$2{x} >= 1 ? 0.
$2{x} >= 0 ? bottom

Property: EF{$2{x} < 0}

[1:]:
-$2{x} >= 1 ? 0.
$2{x} >= 0 ? bottom

[2:]:
-$2{x} >= 1 ? 0.
$2{x} >= 0 ? bottom

[3:]:
-$2{x} >= 1 ? 0.
$2{x} >= 0 ? bottom

[4:]:
-$2{x} >= 1 ? 0.
$2{x} >= 0 ? bottom

[5:]:
-$2{x} >= 1 ? 0.
$2{x} >= 0 ? bottom

[6:]:
-$3{y} >= 0 && -$2{x}+2$3{y} >= 1 ? 0.
$2{x}-2$3{y} >= 0 && -$2{x}+$3{y} >= 1 ? 0.
$2{x}-$3{y} >= 0 && -$2{x} >= 1 ? 0.
$2{x} >= 0 && -$3{y} >= 0 ? top
$3{y} >= 1 && -$2{x} >= 1 ? 0.
$2{x} >= 0 && $3{y} >= 1 ? bottom

[7:]:
-$2{x} >= 1 ? 0.
$2{x} >= 0 ? bottom

[8:]:
-$2{x}+3$3{y} >= 1 && -$2{x} >= 1 ? 0.
$2{x} >= 0 && -$2{x}+$3{y} >= 1 ? 2
$2{x}-$3{y} >= 0 && -$2{x}+2$3{y} >= 1 ? 4
$2{x}-2$3{y} >= 0 && -$2{x}+3$3{y} >= 1 ? 6
$2{x}-3$3{y} >= 0 && -$2{x}+2$3{y} >= 1 ? 0.
$2{x}-2$3{y} >= 0 && -$2{x}+$3{y} >= 1 ? 0.
$2{x}-$3{y} >= 0 && -$2{x} >= 1 ? 0.
$2{x} >= 0 && $2{x}-3$3{y} >= 0 ? top

[9:]:
-$2{x}+3$3{y} >= 1 && -$2{x} >= 1 ? 0.
$2{x} >= 0 && -$2{x}+$3{y} >= 1 ? 1
$2{x}-$3{y} >= 0 && -$2{x}+2$3{y} >= 1 ? 3
$2{x}-2$3{y} >= 0 && -$2{x}+3$3{y} >= 1 ? 5
$2{x}-3$3{y} >= 0 && -$2{x}+2$3{y} >= 1 ? 0.
$2{x}-2$3{y} >= 0 && -$2{x}+$3{y} >= 1 ? 0.
$2{x}-$3{y} >= 0 && -$2{x} >= 1 ? 0.
$2{x} >= 0 && $2{x}-3$3{y} >= 0 ? top

[10:]:
top ? bottom

[11:]:
top ? bottom

[12:]:
-$2{x} >= 1 ? 0.
$2{x} >= 0 ? bottom

[13:]:
-$2{x} >= 1 ? 0.
$2{x} >= 0 ? bottom


Analysis Result: UNKNOWN
