
Abstract Syntax:
[ 1:]
int main( ):
[ 2:] $2{x} := ?
[ 3:] $3{y} := ?
[ 4:] if ( $3{y} < 1 ) then
[ 5:]   while [ 6:] ( $2{x} >= 0 ) do
[ 7:]     $2{x} := $2{x} - $3{y}
[ 8:]
        od
[ 9:]
      else
[10:]
      endif
[11:] $1{$1} := 0
[12:] return
[13:]

Property: $2{x} < 0

[ -2:]:
-$2{x} >= 1 ? 0.
$2{x} >= 0 ? bottom

[ -1:]:
-$2{x} >= 1 ? 0.
$2{x} >= 0 ? bottom

[ 2:]:
-$2{x} >= 1 ? 0.
$2{x} >= 0 ? bottom

[ 3:]:
-$2{x} >= 1 ? 0.
$2{x} >= 0 ? bottom

[ 4:]:
-$2{x} >= 1 ? 0.
$2{x} >= 0 ? bottom

[ 5:]:
-$2{x} >= 1 ? 0.
$2{x} >= 0 ? bottom

[ 6:]:
-$2{x} >= 1 ? 0.
$2{x} >= 0 ? bottom

[ 7:]:
-$2{x} >= 1 ? 0.
$2{x} >= 0 ? bottom

[ 8:]:
-$2{x} >= 1 ? 0.
$2{x} >= 0 ? bottom

[ 9:]:
-$2{x} >= 1 ? 0.
$2{x} >= 0 ? bottom

[10:]:
-$2{x} >= 1 ? 0.
$2{x} >= 0 ? bottom

[11:]:
-$2{x} >= 1 ? 0.
$2{x} >= 0 ? bottom

[12:]:
-$2{x} >= 1 ? 0.
$2{x} >= 0 ? bottom

[13:]:
-$2{x} >= 1 ? 0.
$2{x} >= 0 ? bottom

Property: EF{$2{x} < 0}

[ -2:]:
-$2{x} >= 1 ? 0.
$2{x} >= 0 ? bottom

[ -1:]:
-$2{x} >= 1 ? 0.
$2{x} >= 0 ? bottom

[ 2:]:
-$2{x} >= 1 ? 0.
$2{x} >= 0 ? bottom

[ 3:]:
-$2{x} >= 1 ? 0.
$2{x} >= 0 ? bottom

[ 4:]:
-$3{y} >= 0 && -$2{x}+2$3{y} >= 1 ? 0.
$2{x}-2$3{y} >= 0 && -$2{x}+$3{y} >= 1 ? 0.
$2{x}-$3{y} >= 0 && -$2{x} >= 1 ? 0.
$2{x} >= 0 && -$3{y} >= 0 ? top
$3{y} >= 1 && -$2{x} >= 1 ? 0.
$2{x} >= 0 && $3{y} >= 1 ? bottom

[ 5:]:
-$2{x}+2$3{y} >= 1 && -$2{x} >= 1 ? 0.
$2{x} >= 0 && -$2{x}+$3{y} >= 1 ? 2
$2{x}-$3{y} >= 0 && -$2{x}+2$3{y} >= 1 ? 4
$2{x}-2$3{y} >= 0 && -$2{x}+$3{y} >= 1 ? 0.
$2{x}-$3{y} >= 0 && -$2{x} >= 1 ? 0.
$2{x} >= 0 && $2{x}-2$3{y} >= 0 ? top

[ 6:]:
-$2{x}+2$3{y} >= 1 && -$2{x} >= 1 ? 0
$2{x} >= 0 && -$2{x}+$3{y} >= 1 ? 2
$2{x}-$3{y} >= 0 && -$2{x}+2$3{y} >= 1 ? 4
$2{x}-2$3{y} >= 0 && -$2{x}+$3{y} >= 1 ? 0
$2{x}-$3{y} >= 0 && -$2{x} >= 1 ? 0
$2{x} >= 0 && $2{x}-2$3{y} >= 0 ? top

[ 7:]:
-$2{x}+3$3{y} >= 1 && -$2{x} >= 1 ? 0.
$2{x} >= 0 && -$2{x}+$3{y} >= 1 ? 1
$2{x}-$3{y} >= 0 && -$2{x}+2$3{y} >= 1 ? 3
$2{x}-2$3{y} >= 0 && -$2{x}+3$3{y} >= 1 ? 5
$2{x}-3$3{y} >= 0 && -$2{x}+2$3{y} >= 1 ? 0.
$2{x}-2$3{y} >= 0 && -$2{x}+$3{y} >= 1 ? 0.
$2{x}-$3{y} >= 0 && -$2{x} >= 1 ? 0.
$2{x} >= 0 && $2{x}-3$3{y} >= 0 ? top

[ 8:]:
-$2{x}+2$3{y} >= 1 && -$2{x} >= 1 ? 0.
$2{x} >= 0 && -$2{x}+$3{y} >= 1 ? 2
$2{x}-$3{y} >= 0 && -$2{x}+2$3{y} >= 1 ? 4
$2{x}-2$3{y} >= 0 && -$2{x}+$3{y} >= 1 ? 0.
$2{x}-$3{y} >= 0 && -$2{x} >= 1 ? 0.
$2{x} >= 0 && $2{x}-2$3{y} >= 0 ? top

[ 9:]:
-$2{x} >= 1 ? 0.
$2{x} >= 0 ? bottom

[10:]:
-$2{x} >= 1 ? 0.
$2{x} >= 0 ? bottom

[11:]:
-$2{x} >= 1 ? 0.
$2{x} >= 0 ? bottom

[12:]:
-$2{x} >= 1 ? 0.
$2{x} >= 0 ? bottom

[13:]:
-$2{x} >= 1 ? 0.
$2{x} >= 0 ? bottom


Analysis Result: UNKNOWN
