
CFG:
List of variables:
  $1{loop_counter}:int at tests/ctl/ltl_automizer/Bug_NoLoopAtEndForTerminatingPrograms_safe.c:6.4-16
  $2{ap}:int at tests/ctl/ltl_automizer/Bug_NoLoopAtEndForTerminatingPrograms_safe.c:7.4-6
  $3{__return_main}:int at tests/ctl/ltl_automizer/Bug_NoLoopAtEndForTerminatingPrograms_safe.c:9.0-19.1

List of functions:
  1: main() -> $3{__return_main}:int at tests/ctl/ltl_automizer/Bug_NoLoopAtEndForTerminatingPrograms_safe.c:9.0-19.1, entry: 10, exit: 9, calls:

List of nodes:
  10: at :0:-1, in: out:1 
  9: at :0:-1, in: 2 out:
  1: at tests/ctl/ltl_automizer/Bug_NoLoopAtEndForTerminatingPrograms_safe.c:9:0, in: 10 out:3 
  2: at tests/ctl/ltl_automizer/Bug_NoLoopAtEndForTerminatingPrograms_safe.c:19:1, in: 4 out:9 
  3: at tests/ctl/ltl_automizer/Bug_NoLoopAtEndForTerminatingPrograms_safe.c:11:9, in: 1 out:4 
  4: at tests/ctl/ltl_automizer/Bug_NoLoopAtEndForTerminatingPrograms_safe.c:13:19, in: 6 3 out:2 5 
  5: at tests/ctl/ltl_automizer/Bug_NoLoopAtEndForTerminatingPrograms_safe.c:15:26, in: 4 out:6 
  6: at tests/ctl/ltl_automizer/Bug_NoLoopAtEndForTerminatingPrograms_safe.c:16:18, in: 5 out:4 
  7: at tests/ctl/ltl_automizer/Bug_NoLoopAtEndForTerminatingPrograms_safe.c:6:0, in: out:8 
  8: at tests/ctl/ltl_automizer/Bug_NoLoopAtEndForTerminatingPrograms_safe.c:19:1, in: 7 out:

List of arcs:
  10 -> 1: label entry
  2 -> 9: label exit
  1 -> 3: $2{ap} = 0
  3 -> 4: $1{loop_counter} = 1
  4 -> 5: $1{loop_counter} > 0 ?
  4 -> 2: ! ($1{loop_counter} > 0) ?
  5 -> 6: $1{loop_counter} = $1{loop_counter} + -1
  6 -> 4: $2{ap} = $2{ap} + 1
  7 -> 8: skip


Property: $2{ap} > 2

[1:]:
-$2{ap} >= -2 ? bottom
$2{ap} >= 3 ? 0.

[2:]:
-$2{ap} >= -2 ? bottom
$2{ap} >= 3 ? 0.

[3:]:
-$2{ap} >= -2 ? bottom
$2{ap} >= 3 ? 0.

[4:]:
-$2{ap} >= -2 ? bottom
$2{ap} >= 3 ? 0.

[5:]:
-$2{ap} >= -2 ? bottom
$2{ap} >= 3 ? 0.

[6:]:
-$2{ap} >= -2 ? bottom
$2{ap} >= 3 ? 0.

[7:]:
-$2{ap} >= -2 ? bottom
$2{ap} >= 3 ? 0.

[8:]:
-$2{ap} >= -2 ? bottom
$2{ap} >= 3 ? 0.

[9:]:
-$2{ap} >= -2 ? bottom
$2{ap} >= 3 ? 0.

[10:]:
-$2{ap} >= -2 ? bottom
$2{ap} >= 3 ? 0.

Property: AF{$2{ap} > 2}

[1:]:
-$2{ap} >= -2 ? bottom
$2{ap} >= 3 ? 0.

[2:]:
-$2{ap} >= -2 ? bottom
$2{ap} >= 3 ? 0.

[3:]:
-$2{ap} >= -1 ? bottom
$2{ap} == 2 ? 4
$2{ap} >= 3 ? 0.

[4:]:
-$2{ap} >= 1 && -$1{loop_counter} >= -3 ? bottom
$1{loop_counter} >= 4 && -$2{ap} >= 1 ? top
-$1{loop_counter} >= -2 && $2{ap} == 0 ? bottom
$1{loop_counter} >= 3 && $2{ap} == 0 ? 9
-$1{loop_counter} >= -1 && $2{ap} == 1 ? bottom
$1{loop_counter} >= 2 && $2{ap} == 1 ? 6
-$1{loop_counter} >= 0 && $2{ap} == 2 ? bottom
$1{loop_counter} >= 1 && $2{ap} == 2 ? 3
$2{ap} >= 3 ? 0.

[5:]:
-$2{ap} >= 1 && -$1{loop_counter} >= -3 ? bottom
$1{loop_counter} >= 4 && -$2{ap} >= 1 ? top
-$1{loop_counter} >= -2 && $2{ap} == 0 ? bottom
$1{loop_counter} >= 3 && $2{ap} == 0 ? 8
-$1{loop_counter} >= -1 && $2{ap} == 1 ? bottom
$1{loop_counter} >= 2 && $2{ap} == 1 ? 5
$2{ap} == 2 ? 2
$2{ap} >= 3 ? 0.

[6:]:
-$2{ap} >= 1 && -$1{loop_counter} >= -2 ? bottom
$1{loop_counter} >= 3 && -$2{ap} >= 1 ? top
-$1{loop_counter} >= -1 && $2{ap} == 0 ? bottom
$1{loop_counter} >= 2 && $2{ap} == 0 ? 7
-$1{loop_counter} >= 0 && $2{ap} == 1 ? bottom
$1{loop_counter} >= 1 && $2{ap} == 1 ? 4
$2{ap} == 2 ? 1
$2{ap} >= 3 ? 0.

[7:]:
top ? bottom

[8:]:
top ? bottom

[9:]:
-$2{ap} >= -2 ? bottom
$2{ap} >= 3 ? 0.

[10:]:
-$2{ap} >= -2 ? bottom
$2{ap} >= 3 ? 0.

Property: NOT{AF{$2{ap} > 2}}

[1:]:
-$2{ap} >= -2 ? 0.
$2{ap} >= 3 ? bottom

[2:]:
-$2{ap} >= -2 ? 0.
$2{ap} >= 3 ? bottom

[3:]:
-$2{ap} >= -1 ? 0.
$2{ap} >= 2 ? bottom

[4:]:
-$2{ap} >= 1 && -$1{loop_counter} >= -3 ? 0.
$1{loop_counter} >= 4 && -$2{ap} >= 1 ? top
-$1{loop_counter} >= -2 && $2{ap} == 0 ? 0.
$1{loop_counter} >= 3 && $2{ap} == 0 ? bottom
-$1{loop_counter} >= -1 && $2{ap} == 1 ? 0.
$1{loop_counter} >= 2 && $2{ap} == 1 ? bottom
-$1{loop_counter} >= 0 && $2{ap} == 2 ? 0.
$1{loop_counter} >= 1 && $2{ap} == 2 ? bottom
$2{ap} >= 3 ? bottom

[5:]:
-$2{ap} >= 1 && -$1{loop_counter} >= -3 ? 0.
$1{loop_counter} >= 4 && -$2{ap} >= 1 ? top
-$1{loop_counter} >= -2 && $2{ap} == 0 ? 0.
$1{loop_counter} >= 3 && $2{ap} == 0 ? bottom
-$1{loop_counter} >= -1 && $2{ap} == 1 ? 0.
$1{loop_counter} >= 2 && $2{ap} == 1 ? bottom
$2{ap} >= 2 ? bottom

[6:]:
-$2{ap} >= 1 && -$1{loop_counter} >= -2 ? 0.
$1{loop_counter} >= 3 && -$2{ap} >= 1 ? top
-$1{loop_counter} >= -1 && $2{ap} == 0 ? 0.
$1{loop_counter} >= 2 && $2{ap} == 0 ? bottom
-$1{loop_counter} >= 0 && $2{ap} == 1 ? 0.
$1{loop_counter} >= 1 && $2{ap} == 1 ? bottom
$2{ap} >= 2 ? bottom

[7:]:
top ? 0.

[8:]:
top ? 0.

[9:]:
-$2{ap} >= -2 ? 0.
$2{ap} >= 3 ? bottom

[10:]:
-$2{ap} >= -2 ? 0.
$2{ap} >= 3 ? bottom


Analysis Result: TRUE
