
Abstract Syntax:
[ 1:]
int main( ):
[ 2:] while [ 3:] ( true ) do
[ 4:]   $1{x} := ?
[ 5:]   $2{y} := 1
[ 6:]   while [ 7:] ( $1{x} > 0 ) do
[ 8:]     $1{x} := $1{x} - 1
[ 9:]     if ( $1{x} <= 1 ) then
[10:]       $2{y} := 0
[11:]
          else
[12:]
          endif
[13:]
        od
[14:]
      od
[15:]

Property: $2{y} <= 0 && $2{y} >= 0

[ -1:]:
-$2{y} >= 1 ? bottom
$2{y} == 0 ? 0.
$2{y} >= 1 ? bottom

[ 2:]:
-$2{y} >= 1 ? bottom
$2{y} == 0 ? 0.
$2{y} >= 1 ? bottom

[ 3:]:
-$2{y} >= 1 ? bottom
$2{y} == 0 ? 0.
$2{y} >= 1 ? bottom

[ 4:]:
-$2{y} >= 1 ? bottom
$2{y} == 0 ? 0.
$2{y} >= 1 ? bottom

[ 5:]:
-$2{y} >= 1 ? bottom
$2{y} == 0 ? 0.
$2{y} >= 1 ? bottom

[ 6:]:
-$2{y} >= 1 ? bottom
$2{y} == 0 ? 0.
$2{y} >= 1 ? bottom

[ 7:]:
-$2{y} >= 1 ? bottom
$2{y} == 0 ? 0.
$2{y} >= 1 ? bottom

[ 8:]:
-$2{y} >= 1 ? bottom
$2{y} == 0 ? 0.
$2{y} >= 1 ? bottom

[ 9:]:
-$2{y} >= 1 ? bottom
$2{y} == 0 ? 0.
$2{y} >= 1 ? bottom

[10:]:
-$2{y} >= 1 ? bottom
$2{y} == 0 ? 0.
$2{y} >= 1 ? bottom

[11:]:
-$2{y} >= 1 ? bottom
$2{y} == 0 ? 0.
$2{y} >= 1 ? bottom

[12:]:
-$2{y} >= 1 ? bottom
$2{y} == 0 ? 0.
$2{y} >= 1 ? bottom

[13:]:
-$2{y} >= 1 ? bottom
$2{y} == 0 ? 0.
$2{y} >= 1 ? bottom

[14:]:
-$2{y} >= 1 ? bottom
$2{y} == 0 ? 0.
$2{y} >= 1 ? bottom

[15:]:
-$2{y} >= 1 ? bottom
$2{y} == 0 ? 0.
$2{y} >= 1 ? bottom

Property: AF{$2{y} <= 0 && $2{y} >= 0}

[ -1:]:
-$2{y} >= 1 ? bottom
$2{y} == 0 ? 0.
$2{y} >= 1 ? bottom

[ 2:]:
-$2{y} >= 1 ? bottom
$2{y} == 0 ? 0.
$2{y} >= 1 ? bottom

[ 3:]:
-$2{y} >= 1 ? bottom
$2{y} == 0 ? 0.
$2{y} >= 1 ? bottom

[ 4:]:
-$2{y} >= 1 ? bottom
$2{y} == 0 ? 0.
$2{y} >= 1 ? bottom

[ 5:]:
-$2{y} >= 1 && -$1{x} >= 0 ? bottom
$1{x} >= 1 && -$2{y} >= 1 && -$1{x} >= -2 ? 5
$1{x} >= 3 && -$2{y} >= 1 ? 3$1{x}-1
$2{y} == 0 ? 0.
$2{y} >= 1 && -$1{x} >= 0 ? bottom
$1{x} >= 1 && $2{y} >= 1 && -$1{x} >= -2 ? 5
$1{x} >= 3 && $2{y} >= 1 ? 3$1{x}-1

[ 6:]:
-$2{y} >= 1 && -$1{x} >= 0 ? bottom
$1{x} >= 1 && -$2{y} >= 1 && -$1{x} >= -2 ? 4
$1{x} >= 3 && -$2{y} >= 1 ? 3$1{x}-2
$2{y} == 0 ? 0.
$2{y} >= 1 && -$1{x} >= 0 ? bottom
$1{x} >= 1 && $2{y} >= 1 && -$1{x} >= -2 ? 4
$1{x} >= 3 && $2{y} >= 1 ? 3$1{x}-2

[ 7:]:
-$2{y} >= 1 && -$1{x} >= 0 ? bottom
$1{x} >= 1 && -$2{y} >= 1 && -$1{x} >= -2 ? 4
$1{x} >= 3 && -$2{y} >= 1 ? 3$1{x}-2
$2{y} == 0 ? 0
$2{y} >= 1 && -$1{x} >= 0 ? bottom
$1{x} >= 1 && $2{y} >= 1 && -$1{x} >= -2 ? 4
$1{x} >= 3 && $2{y} >= 1 ? 3$1{x}-2

[ 8:]:
-$2{y} >= 1 && -$1{x} >= -2 ? 3
$1{x} >= 3 && -$2{y} >= 1 ? 3$1{x}-3
$2{y} == 0 ? 0.
$2{y} >= 1 && -$1{x} >= -2 ? 3
$1{x} >= 3 && $2{y} >= 1 ? 3$1{x}-3

[ 9:]:
-$2{y} >= 1 && -$1{x} >= -1 ? 2
$1{x} >= 2 && -$2{y} >= 1 ? 3$1{x}-1
$2{y} == 0 ? 0.
$2{y} >= 1 && -$1{x} >= -1 ? 2
$1{x} >= 2 && $2{y} >= 1 ? 3$1{x}-1

[10:]:
-$2{y} >= 1 ? 1
$2{y} == 0 ? 0.
$2{y} >= 1 ? 1

[11:]:
-$2{y} >= 1 && -$1{x} >= 0 ? bottom
$1{x} >= 1 && -$2{y} >= 1 && -$1{x} >= -2 ? 4
$1{x} >= 3 && -$2{y} >= 1 ? 3$1{x}-2
$2{y} == 0 ? 0.
$2{y} >= 1 && -$1{x} >= 0 ? bottom
$1{x} >= 1 && $2{y} >= 1 && -$1{x} >= -2 ? 4
$1{x} >= 3 && $2{y} >= 1 ? 3$1{x}-2

[12:]:
-$2{y} >= 1 && -$1{x} >= 0 ? bottom
$1{x} >= 1 && -$2{y} >= 1 && -$1{x} >= -2 ? 4
$1{x} >= 3 && -$2{y} >= 1 ? 3$1{x}-2
$2{y} == 0 ? 0.
$2{y} >= 1 && -$1{x} >= 0 ? bottom
$1{x} >= 1 && $2{y} >= 1 && -$1{x} >= -2 ? 4
$1{x} >= 3 && $2{y} >= 1 ? 3$1{x}-2

[13:]:
-$2{y} >= 1 && -$1{x} >= 0 ? bottom
$1{x} >= 1 && -$2{y} >= 1 && -$1{x} >= -2 ? 4
$1{x} >= 3 && -$2{y} >= 1 ? 3$1{x}-2
$2{y} == 0 ? 0.
$2{y} >= 1 && -$1{x} >= 0 ? bottom
$1{x} >= 1 && $2{y} >= 1 && -$1{x} >= -2 ? 4
$1{x} >= 3 && $2{y} >= 1 ? 3$1{x}-2

[14:]:
-$2{y} >= 1 ? bottom
$2{y} == 0 ? 0.
$2{y} >= 1 ? bottom

[15:]:
-$2{y} >= 1 ? bottom
$2{y} == 0 ? 0.
$2{y} >= 1 ? bottom

Property: $1{x} <= 0

[ -1:]:
-$1{x} >= 0 ? 0.
$1{x} >= 1 ? bottom

[ 2:]:
-$1{x} >= 0 ? 0.
$1{x} >= 1 ? bottom

[ 3:]:
-$1{x} >= 0 ? 0.
$1{x} >= 1 ? bottom

[ 4:]:
-$1{x} >= 0 ? 0.
$1{x} >= 1 ? bottom

[ 5:]:
-$1{x} >= 0 ? 0.
$1{x} >= 1 ? bottom

[ 6:]:
-$1{x} >= 0 ? 0.
$1{x} >= 1 ? bottom

[ 7:]:
-$1{x} >= 0 ? 0.
$1{x} >= 1 ? bottom

[ 8:]:
-$1{x} >= 0 ? 0.
$1{x} >= 1 ? bottom

[ 9:]:
-$1{x} >= 0 ? 0.
$1{x} >= 1 ? bottom

[10:]:
-$1{x} >= 0 ? 0.
$1{x} >= 1 ? bottom

[11:]:
-$1{x} >= 0 ? 0.
$1{x} >= 1 ? bottom

[12:]:
-$1{x} >= 0 ? 0.
$1{x} >= 1 ? bottom

[13:]:
-$1{x} >= 0 ? 0.
$1{x} >= 1 ? bottom

[14:]:
-$1{x} >= 0 ? 0.
$1{x} >= 1 ? bottom

[15:]:
-$1{x} >= 0 ? 0.
$1{x} >= 1 ? bottom

Property: OR{$1{x} <= 0}{AF{$2{y} <= 0 && $2{y} >= 0}}

[ -1:]:
-$2{y} >= 1 && -$1{x} >= 0 ? 0.
$1{x} >= 1 && -$2{y} >= 1 ? bottom
$2{y} == 0 ? 0
$2{y} >= 1 && -$1{x} >= 0 ? 0.
$1{x} >= 1 && $2{y} >= 1 ? bottom

[ 2:]:
-$2{y} >= 1 && -$1{x} >= 0 ? 0.
$1{x} >= 1 && -$2{y} >= 1 ? bottom
$2{y} == 0 ? 0
$2{y} >= 1 && -$1{x} >= 0 ? 0.
$1{x} >= 1 && $2{y} >= 1 ? bottom

[ 3:]:
-$2{y} >= 1 && -$1{x} >= 0 ? 0.
$1{x} >= 1 && -$2{y} >= 1 ? bottom
$2{y} == 0 ? 0
$2{y} >= 1 && -$1{x} >= 0 ? 0.
$1{x} >= 1 && $2{y} >= 1 ? bottom

[ 4:]:
-$2{y} >= 1 && -$1{x} >= 0 ? 0.
$1{x} >= 1 && -$2{y} >= 1 ? bottom
$2{y} == 0 ? 0
$2{y} >= 1 && -$1{x} >= 0 ? 0.
$1{x} >= 1 && $2{y} >= 1 ? bottom

[ 5:]:
-$2{y} >= 1 && -$1{x} >= 0 ? 0.
$1{x} >= 1 && -$2{y} >= 1 && -$1{x} >= -2 ? 5
$1{x} >= 3 && -$2{y} >= 1 ? 3$1{x}-1
$2{y} == 0 ? 0
$2{y} >= 1 && -$1{x} >= 0 ? 0.
$1{x} >= 1 && $2{y} >= 1 && -$1{x} >= -2 ? 5
$1{x} >= 3 && $2{y} >= 1 ? 3$1{x}-1

[ 6:]:
-$2{y} >= 1 && -$1{x} >= 0 ? 0.
$1{x} >= 1 && -$2{y} >= 1 && -$1{x} >= -2 ? 4
$1{x} >= 3 && -$2{y} >= 1 ? 3$1{x}-2
$2{y} == 0 ? 0
$2{y} >= 1 && -$1{x} >= 0 ? 0.
$1{x} >= 1 && $2{y} >= 1 && -$1{x} >= -2 ? 4
$1{x} >= 3 && $2{y} >= 1 ? 3$1{x}-2

[ 7:]:
-$2{y} >= 1 && -$1{x} >= 0 ? 0.
$1{x} >= 1 && -$2{y} >= 1 && -$1{x} >= -2 ? 4
$1{x} >= 3 && -$2{y} >= 1 ? 3$1{x}-2
$2{y} == 0 ? 0
$2{y} >= 1 && -$1{x} >= 0 ? 0.
$1{x} >= 1 && $2{y} >= 1 && -$1{x} >= -2 ? 4
$1{x} >= 3 && $2{y} >= 1 ? 3$1{x}-2

[ 8:]:
-$2{y} >= 1 && -$1{x} >= -2 ? 3
$1{x} >= 3 && -$2{y} >= 1 ? 3$1{x}-3
$2{y} == 0 ? 0
$2{y} >= 1 && -$1{x} >= -2 ? 3
$1{x} >= 3 && $2{y} >= 1 ? 3$1{x}-3

[ 9:]:
-$2{y} >= 1 && -$1{x} >= -1 ? 2
$1{x} >= 2 && -$2{y} >= 1 ? 3$1{x}-1
$2{y} == 0 ? 0
$2{y} >= 1 && -$1{x} >= -1 ? 2
$1{x} >= 2 && $2{y} >= 1 ? 3$1{x}-1

[10:]:
-$2{y} >= 1 ? 1
$2{y} == 0 ? 0
$2{y} >= 1 ? 1

[11:]:
-$2{y} >= 1 && -$1{x} >= 0 ? 0.
$1{x} >= 1 && -$2{y} >= 1 && -$1{x} >= -2 ? 4
$1{x} >= 3 && -$2{y} >= 1 ? 3$1{x}-2
$2{y} == 0 ? 0
$2{y} >= 1 && -$1{x} >= 0 ? 0.
$1{x} >= 1 && $2{y} >= 1 && -$1{x} >= -2 ? 4
$1{x} >= 3 && $2{y} >= 1 ? 3$1{x}-2

[12:]:
-$2{y} >= 1 && -$1{x} >= 0 ? 0.
$1{x} >= 1 && -$2{y} >= 1 && -$1{x} >= -2 ? 4
$1{x} >= 3 && -$2{y} >= 1 ? 3$1{x}-2
$2{y} == 0 ? 0
$2{y} >= 1 && -$1{x} >= 0 ? 0.
$1{x} >= 1 && $2{y} >= 1 && -$1{x} >= -2 ? 4
$1{x} >= 3 && $2{y} >= 1 ? 3$1{x}-2

[13:]:
-$2{y} >= 1 && -$1{x} >= 0 ? 0.
$1{x} >= 1 && -$2{y} >= 1 && -$1{x} >= -2 ? 4
$1{x} >= 3 && -$2{y} >= 1 ? 3$1{x}-2
$2{y} == 0 ? 0
$2{y} >= 1 && -$1{x} >= 0 ? 0.
$1{x} >= 1 && $2{y} >= 1 && -$1{x} >= -2 ? 4
$1{x} >= 3 && $2{y} >= 1 ? 3$1{x}-2

[14:]:
-$2{y} >= 1 && -$1{x} >= 0 ? 0.
$1{x} >= 1 && -$2{y} >= 1 ? bottom
$2{y} == 0 ? 0
$2{y} >= 1 && -$1{x} >= 0 ? 0.
$1{x} >= 1 && $2{y} >= 1 ? bottom

[15:]:
-$2{y} >= 1 && -$1{x} >= 0 ? 0.
$1{x} >= 1 && -$2{y} >= 1 ? bottom
$2{y} == 0 ? 0
$2{y} >= 1 && -$1{x} >= 0 ? 0.
$1{x} >= 1 && $2{y} >= 1 ? bottom

Property: AG{OR{$1{x} <= 0}{AF{$2{y} <= 0 && $2{y} >= 0}}}

[ -1:]:
top ? bottom

[ 2:]:
-$2{y} >= 1 && -$1{x} >= 0 ? 0.
$1{x} >= 1 && -$2{y} >= 1 ? bottom
$2{y} == 0 ? 0
$2{y} >= 1 && -$1{x} >= 0 ? 0.
$1{x} >= 1 && $2{y} >= 1 ? bottom

[ 3:]:
-$2{y} >= 1 && -$1{x} >= 0 ? 0.
$1{x} >= 1 && -$2{y} >= 1 ? bottom
$2{y} == 0 ? 0
$2{y} >= 1 && -$1{x} >= 0 ? 0.
$1{x} >= 1 && $2{y} >= 1 ? bottom

[ 4:]:
-$2{y} >= 1 && -$1{x} >= 0 ? 0.
$1{x} >= 1 && -$2{y} >= 1 ? bottom
$2{y} == 0 ? 0
$2{y} >= 1 && -$1{x} >= 0 ? 0.
$1{x} >= 1 && $2{y} >= 1 ? bottom

[ 5:]:
-$2{y} >= 1 && -$1{x} >= 0 ? 0.
$1{x} >= 1 && -$2{y} >= 1 && -$1{x} >= -2 ? 5
$1{x} >= 3 && -$2{y} >= 1 ? 3$1{x}-1
$2{y} == 0 ? 0
$2{y} >= 1 && -$1{x} >= 0 ? 0.
$1{x} >= 1 && $2{y} >= 1 && -$1{x} >= -2 ? 5
$1{x} >= 3 && $2{y} >= 1 ? 3$1{x}-1

[ 6:]:
-$2{y} >= 1 && -$1{x} >= 0 ? 0.
$1{x} >= 1 && -$2{y} >= 1 && -$1{x} >= -2 ? 4
$1{x} >= 3 && -$2{y} >= 1 ? 3$1{x}-2
$2{y} == 0 ? 0
$2{y} >= 1 && -$1{x} >= 0 ? 0.
$1{x} >= 1 && $2{y} >= 1 && -$1{x} >= -2 ? 4
$1{x} >= 3 && $2{y} >= 1 ? 3$1{x}-2

[ 7:]:
-$2{y} >= 1 && -$1{x} >= 0 ? 0.
$1{x} >= 1 && -$2{y} >= 1 && -$1{x} >= -2 ? 4
$1{x} >= 3 && -$2{y} >= 1 ? 3$1{x}-2
$2{y} == 0 ? 0
$2{y} >= 1 && -$1{x} >= 0 ? 0.
$1{x} >= 1 && $2{y} >= 1 && -$1{x} >= -2 ? 4
$1{x} >= 3 && $2{y} >= 1 ? 3$1{x}-2

[ 8:]:
-$2{y} >= 1 && -$1{x} >= -2 ? 3
$1{x} >= 3 && -$2{y} >= 1 ? 3$1{x}-3
$2{y} == 0 ? 0
$2{y} >= 1 && -$1{x} >= -2 ? 3
$1{x} >= 3 && $2{y} >= 1 ? 3$1{x}-3

[ 9:]:
-$2{y} >= 1 && -$1{x} >= -1 ? 2
$1{x} >= 2 && -$2{y} >= 1 ? 3$1{x}-1
$2{y} == 0 ? 0
$2{y} >= 1 && -$1{x} >= -1 ? 2
$1{x} >= 2 && $2{y} >= 1 ? 3$1{x}-1

[10:]:
-$2{y} >= 1 ? 1
$2{y} == 0 ? 0
$2{y} >= 1 ? 1

[11:]:
-$2{y} >= 1 && -$1{x} >= 0 ? 0.
$1{x} >= 1 && -$2{y} >= 1 && -$1{x} >= -2 ? 4
$1{x} >= 3 && -$2{y} >= 1 ? 3$1{x}-2
$2{y} == 0 ? 0
$2{y} >= 1 && -$1{x} >= 0 ? 0.
$1{x} >= 1 && $2{y} >= 1 && -$1{x} >= -2 ? 4
$1{x} >= 3 && $2{y} >= 1 ? 3$1{x}-2

[12:]:
-$2{y} >= 1 && -$1{x} >= 0 ? 0.
$1{x} >= 1 && -$2{y} >= 1 && -$1{x} >= -2 ? 4
$1{x} >= 3 && -$2{y} >= 1 ? 3$1{x}-2
$2{y} == 0 ? 0
$2{y} >= 1 && -$1{x} >= 0 ? 0.
$1{x} >= 1 && $2{y} >= 1 && -$1{x} >= -2 ? 4
$1{x} >= 3 && $2{y} >= 1 ? 3$1{x}-2

[13:]:
-$2{y} >= 1 && -$1{x} >= 0 ? 0.
$1{x} >= 1 && -$2{y} >= 1 && -$1{x} >= -2 ? 4
$1{x} >= 3 && -$2{y} >= 1 ? 3$1{x}-2
$2{y} == 0 ? 0
$2{y} >= 1 && -$1{x} >= 0 ? 0.
$1{x} >= 1 && $2{y} >= 1 && -$1{x} >= -2 ? 4
$1{x} >= 3 && $2{y} >= 1 ? 3$1{x}-2

[14:]:
-$2{y} >= 1 && -$1{x} >= 0 ? 0.
$1{x} >= 1 && -$2{y} >= 1 ? bottom
$2{y} == 0 ? 0
$2{y} >= 1 && -$1{x} >= 0 ? 0.
$1{x} >= 1 && $2{y} >= 1 ? bottom

[15:]:
top ? bottom


Analysis Result: TRUE
