
Abstract Syntax:
[ 1:] $8{otime} := 0
[ 2:] $9{time} := 0
[ 3:]
void coolantControl( ):
[ 4:] while [ 5:] ( 1 < 0 || 1 > 0 ) do
[ 6:]   $8{otime} := $9{time}
[ 7:]   $9{time} := $8{otime} + 1
[ 8:]   $4{tempIn} := ?
[ 9:]   $15{kelvin} := $4{tempIn}
[10:]   if ( $7{temp} < 0 ) then
[11:]     $1{error} := 1
[12:]     $12{tempdiff} := $15{kelvin} - 273
[13:]     $13{warning} := $1{error}
[14:]     $2{tempDisplay} := $12{tempdiff}
[15:]     $3{warnLED} := $13{warning}
[16:]
        else
[17:]
        endif
[18:]   $14{$14} := $15{kelvin} - 273
[19:]   $7{temp} := $14{$14}
[20:]   if ( $7{temp} > $10{limit} ) then
[21:]     $5{chainBroken} := 1
[22:]
        else
[23:]
        endif
[24:]
      od
[25:]
void display( int $12{tempdiff}; int $13{warning}; ):
[26:] $2{tempDisplay} := $12{tempdiff}
[27:] $3{warnLED} := $13{warning}
[28:]
int main( ):
[29:] $11{init} := 0
[30:] $2{tempDisplay} := 0
[31:] $3{warnLED} := 1
[32:] $4{tempIn} := 0
[33:] $1{error} := 0
[34:] $5{chainBroken} := 0
[35:] $6{warnLight} := 0
[36:] $7{temp} := 0
[37:] $10{limit} := 8
[38:] $11{init} := 1
[39:] $17{try} := 0
[40:] while [41:] ( 1 < 0 || 1 > 0 ) do
[42:]   $18{limit} := ?
[43:]   if ( $18{limit} < 10 && $18{limit} > -273 ) then
[44:]     $1{error} := 0
[45:]     $12{tempdiff} := 0
[46:]     $13{warning} := $1{error}
[47:]     $2{tempDisplay} := $12{tempdiff}
[48:]     $3{warnLED} := $13{warning}
[49:]     return
[50:]
        else
[51:]     $1{error} := 1
[52:]     $12{tempdiff} := 0
[53:]     $13{warning} := $1{error}
[54:]     $2{tempDisplay} := $12{tempdiff}
[55:]     $3{warnLED} := $13{warning}
[56:]
        endif
[57:]   if ( $17{try} >= 3 ) then
[58:]     $18{limit} := 7
[59:]     return
[60:]
        else
[61:]
        endif
[62:]   $17{try} := $17{try} + 1
[63:]
      od
[64:] $11{init} := 3
[65:] while [66:] ( 1 < 0 || 1 > 0 ) do
[67:]   $8{otime} := $9{time}
[68:]   $9{time} := $8{otime} + 1
[69:]   $4{tempIn} := ?
[70:]   $15{kelvin} := $4{tempIn}
[71:]   if ( $7{temp} < 0 ) then
[72:]     $1{error} := 1
[73:]     $12{tempdiff} := $15{kelvin} - 273
[74:]     $13{warning} := $1{error}
[75:]     $2{tempDisplay} := $12{tempdiff}
[76:]     $3{warnLED} := $13{warning}
[77:]
        else
[78:]
        endif
[79:]   $14{$14} := $15{kelvin} - 273
[80:]   $7{temp} := $14{$14}
[81:]   if ( $7{temp} > $10{limit} ) then
[82:]     $5{chainBroken} := 1
[83:]
        else
[84:]
        endif
[85:]
      od
[86:]
int vinToCels( int $15{kelvin}; ):
[87:] if ( $7{temp} < 0 ) then
[88:]   $1{error} := 1
[89:]   $12{tempdiff} := $15{kelvin} - 273
[90:]   $13{warning} := $1{error}
[91:]   $2{tempDisplay} := $12{tempdiff}
[92:]   $3{warnLED} := $13{warning}
[93:]
      else
[94:]
      endif
[95:] $14{$14} := $15{kelvin} - 273
[96:] return
[97:]

Property: $8{otime} < $9{time}

[ -1:]:
-$8{otime}+$9{time} >= 1 ? 0.
$8{otime}-$9{time} >= 0 ? bottom

[29:]:
-$8{otime}+$9{time} >= 1 ? 0.
$8{otime}-$9{time} >= 0 ? bottom

[30:]:
-$8{otime}+$9{time} >= 1 ? 0.
$8{otime}-$9{time} >= 0 ? bottom

[31:]:
-$8{otime}+$9{time} >= 1 ? 0.
$8{otime}-$9{time} >= 0 ? bottom

[32:]:
-$8{otime}+$9{time} >= 1 ? 0.
$8{otime}-$9{time} >= 0 ? bottom

[33:]:
-$8{otime}+$9{time} >= 1 ? 0.
$8{otime}-$9{time} >= 0 ? bottom

[34:]:
-$8{otime}+$9{time} >= 1 ? 0.
$8{otime}-$9{time} >= 0 ? bottom

[35:]:
-$8{otime}+$9{time} >= 1 ? 0.
$8{otime}-$9{time} >= 0 ? bottom

[36:]:
-$8{otime}+$9{time} >= 1 ? 0.
$8{otime}-$9{time} >= 0 ? bottom

[37:]:
-$8{otime}+$9{time} >= 1 ? 0.
$8{otime}-$9{time} >= 0 ? bottom

[38:]:
-$8{otime}+$9{time} >= 1 ? 0.
$8{otime}-$9{time} >= 0 ? bottom

[39:]:
-$8{otime}+$9{time} >= 1 ? 0.
$8{otime}-$9{time} >= 0 ? bottom

[40:]:
-$8{otime}+$9{time} >= 1 ? 0.
$8{otime}-$9{time} >= 0 ? bottom

[41:]:
-$8{otime}+$9{time} >= 1 ? 0.
$8{otime}-$9{time} >= 0 ? bottom

[42:]:
-$8{otime}+$9{time} >= 1 ? 0.
$8{otime}-$9{time} >= 0 ? bottom

[43:]:
-$8{otime}+$9{time} >= 1 ? 0.
$8{otime}-$9{time} >= 0 ? bottom

[44:]:
-$8{otime}+$9{time} >= 1 ? 0.
$8{otime}-$9{time} >= 0 ? bottom

[45:]:
-$8{otime}+$9{time} >= 1 ? 0.
$8{otime}-$9{time} >= 0 ? bottom

[46:]:
-$8{otime}+$9{time} >= 1 ? 0.
$8{otime}-$9{time} >= 0 ? bottom

[47:]:
-$8{otime}+$9{time} >= 1 ? 0.
$8{otime}-$9{time} >= 0 ? bottom

[48:]:
-$8{otime}+$9{time} >= 1 ? 0.
$8{otime}-$9{time} >= 0 ? bottom

[49:]:
-$8{otime}+$9{time} >= 1 ? 0.
$8{otime}-$9{time} >= 0 ? bottom

[50:]:
-$8{otime}+$9{time} >= 1 ? 0.
$8{otime}-$9{time} >= 0 ? bottom

[51:]:
-$8{otime}+$9{time} >= 1 ? 0.
$8{otime}-$9{time} >= 0 ? bottom

[52:]:
-$8{otime}+$9{time} >= 1 ? 0.
$8{otime}-$9{time} >= 0 ? bottom

[53:]:
-$8{otime}+$9{time} >= 1 ? 0.
$8{otime}-$9{time} >= 0 ? bottom

[54:]:
-$8{otime}+$9{time} >= 1 ? 0.
$8{otime}-$9{time} >= 0 ? bottom

[55:]:
-$8{otime}+$9{time} >= 1 ? 0.
$8{otime}-$9{time} >= 0 ? bottom

[56:]:
-$8{otime}+$9{time} >= 1 ? 0.
$8{otime}-$9{time} >= 0 ? bottom

[57:]:
-$8{otime}+$9{time} >= 1 ? 0.
$8{otime}-$9{time} >= 0 ? bottom

[58:]:
-$8{otime}+$9{time} >= 1 ? 0.
$8{otime}-$9{time} >= 0 ? bottom

[59:]:
-$8{otime}+$9{time} >= 1 ? 0.
$8{otime}-$9{time} >= 0 ? bottom

[60:]:
-$8{otime}+$9{time} >= 1 ? 0.
$8{otime}-$9{time} >= 0 ? bottom

[61:]:
-$8{otime}+$9{time} >= 1 ? 0.
$8{otime}-$9{time} >= 0 ? bottom

[62:]:
-$8{otime}+$9{time} >= 1 ? 0.
$8{otime}-$9{time} >= 0 ? bottom

[63:]:
-$8{otime}+$9{time} >= 1 ? 0.
$8{otime}-$9{time} >= 0 ? bottom

[64:]:
-$8{otime}+$9{time} >= 1 ? 0.
$8{otime}-$9{time} >= 0 ? bottom

[65:]:
-$8{otime}+$9{time} >= 1 ? 0.
$8{otime}-$9{time} >= 0 ? bottom

[66:]:
-$8{otime}+$9{time} >= 1 ? 0.
$8{otime}-$9{time} >= 0 ? bottom

[67:]:
-$8{otime}+$9{time} >= 1 ? 0.
$8{otime}-$9{time} >= 0 ? bottom

[68:]:
-$8{otime}+$9{time} >= 1 ? 0.
$8{otime}-$9{time} >= 0 ? bottom

[69:]:
-$8{otime}+$9{time} >= 1 ? 0.
$8{otime}-$9{time} >= 0 ? bottom

[70:]:
-$8{otime}+$9{time} >= 1 ? 0.
$8{otime}-$9{time} >= 0 ? bottom

[71:]:
-$8{otime}+$9{time} >= 1 ? 0.
$8{otime}-$9{time} >= 0 ? bottom

[72:]:
-$8{otime}+$9{time} >= 1 ? 0.
$8{otime}-$9{time} >= 0 ? bottom

[73:]:
-$8{otime}+$9{time} >= 1 ? 0.
$8{otime}-$9{time} >= 0 ? bottom

[74:]:
-$8{otime}+$9{time} >= 1 ? 0.
$8{otime}-$9{time} >= 0 ? bottom

[75:]:
-$8{otime}+$9{time} >= 1 ? 0.
$8{otime}-$9{time} >= 0 ? bottom

[76:]:
-$8{otime}+$9{time} >= 1 ? 0.
$8{otime}-$9{time} >= 0 ? bottom

[77:]:
-$8{otime}+$9{time} >= 1 ? 0.
$8{otime}-$9{time} >= 0 ? bottom

[78:]:
-$8{otime}+$9{time} >= 1 ? 0.
$8{otime}-$9{time} >= 0 ? bottom

[79:]:
-$8{otime}+$9{time} >= 1 ? 0.
$8{otime}-$9{time} >= 0 ? bottom

[80:]:
-$8{otime}+$9{time} >= 1 ? 0.
$8{otime}-$9{time} >= 0 ? bottom

[81:]:
-$8{otime}+$9{time} >= 1 ? 0.
$8{otime}-$9{time} >= 0 ? bottom

[82:]:
-$8{otime}+$9{time} >= 1 ? 0.
$8{otime}-$9{time} >= 0 ? bottom

[83:]:
-$8{otime}+$9{time} >= 1 ? 0.
$8{otime}-$9{time} >= 0 ? bottom

[84:]:
-$8{otime}+$9{time} >= 1 ? 0.
$8{otime}-$9{time} >= 0 ? bottom

[85:]:
-$8{otime}+$9{time} >= 1 ? 0.
$8{otime}-$9{time} >= 0 ? bottom

[86:]:
-$8{otime}+$9{time} >= 1 ? 0.
$8{otime}-$9{time} >= 0 ? bottom

Property: AF{$8{otime} < $9{time}}

[ -1:]:
-$8{otime}+$9{time} >= 1 ? 0.
$8{otime}-$9{time} >= 0 ? bottom

[29:]:
-$8{otime}+$9{time} >= 1 ? 0.
$8{otime}-$9{time} >= 0 ? bottom

[30:]:
-$8{otime}+$9{time} >= 1 ? 0.
$8{otime}-$9{time} >= 0 ? bottom

[31:]:
-$8{otime}+$9{time} >= 1 ? 0.
$8{otime}-$9{time} >= 0 ? bottom

[32:]:
-$8{otime}+$9{time} >= 1 ? 0.
$8{otime}-$9{time} >= 0 ? bottom

[33:]:
-$8{otime}+$9{time} >= 1 ? 0.
$8{otime}-$9{time} >= 0 ? bottom

[34:]:
-$8{otime}+$9{time} >= 1 ? 0.
$8{otime}-$9{time} >= 0 ? bottom

[35:]:
-$8{otime}+$9{time} >= 1 ? 0.
$8{otime}-$9{time} >= 0 ? bottom

[36:]:
-$8{otime}+$9{time} >= 1 ? 0.
$8{otime}-$9{time} >= 0 ? bottom

[37:]:
-$8{otime}+$9{time} >= 1 ? 0.
$8{otime}-$9{time} >= 0 ? bottom

[38:]:
-$8{otime}+$9{time} >= 1 ? 0.
$8{otime}-$9{time} >= 0 ? bottom

[39:]:
-$8{otime}+$9{time} >= 1 ? 0.
$8{otime}-$9{time} >= 0 ? bottom

[40:]:
-$8{otime}+$9{time} >= 1 ? 0.
$8{otime}-$9{time} >= 0 ? bottom

[41:]:
-$8{otime}+$9{time} >= 1 ? 0.
$8{otime}-$9{time} >= 0 ? bottom

[42:]:
-$8{otime}+$9{time} >= 1 ? 0.
$8{otime}-$9{time} >= 0 ? bottom

[43:]:
-$8{otime}+$9{time} >= 1 ? 0.
$8{otime}-$9{time} >= 0 ? bottom

[44:]:
-$8{otime}+$9{time} >= 1 ? 0.
$8{otime}-$9{time} >= 0 ? bottom

[45:]:
-$8{otime}+$9{time} >= 1 ? 0.
$8{otime}-$9{time} >= 0 ? bottom

[46:]:
-$8{otime}+$9{time} >= 1 ? 0.
$8{otime}-$9{time} >= 0 ? bottom

[47:]:
-$8{otime}+$9{time} >= 1 ? 0.
$8{otime}-$9{time} >= 0 ? bottom

[48:]:
-$8{otime}+$9{time} >= 1 ? 0.
$8{otime}-$9{time} >= 0 ? bottom

[49:]:
-$8{otime}+$9{time} >= 1 ? 0.
$8{otime}-$9{time} >= 0 ? bottom

[50:]:
-$8{otime}+$9{time} >= 1 ? 0.
$8{otime}-$9{time} >= 0 ? bottom

[51:]:
-$8{otime}+$9{time} >= 1 ? 0.
$8{otime}-$9{time} >= 0 ? bottom

[52:]:
-$8{otime}+$9{time} >= 1 ? 0.
$8{otime}-$9{time} >= 0 ? bottom

[53:]:
-$8{otime}+$9{time} >= 1 ? 0.
$8{otime}-$9{time} >= 0 ? bottom

[54:]:
-$8{otime}+$9{time} >= 1 ? 0.
$8{otime}-$9{time} >= 0 ? bottom

[55:]:
-$8{otime}+$9{time} >= 1 ? 0.
$8{otime}-$9{time} >= 0 ? bottom

[56:]:
-$8{otime}+$9{time} >= 1 ? 0.
$8{otime}-$9{time} >= 0 ? bottom

[57:]:
-$8{otime}+$9{time} >= 1 ? 0.
$8{otime}-$9{time} >= 0 ? bottom

[58:]:
-$8{otime}+$9{time} >= 1 ? 0.
$8{otime}-$9{time} >= 0 ? bottom

[59:]:
-$8{otime}+$9{time} >= 1 ? 0.
$8{otime}-$9{time} >= 0 ? bottom

[60:]:
-$8{otime}+$9{time} >= 1 ? 0.
$8{otime}-$9{time} >= 0 ? bottom

[61:]:
-$8{otime}+$9{time} >= 1 ? 0.
$8{otime}-$9{time} >= 0 ? bottom

[62:]:
-$8{otime}+$9{time} >= 1 ? 0.
$8{otime}-$9{time} >= 0 ? bottom

[63:]:
-$8{otime}+$9{time} >= 1 ? 0.
$8{otime}-$9{time} >= 0 ? bottom

[64:]:
-$8{otime}+$9{time} >= 1 ? 0.
$8{otime}-$9{time} >= 0 ? 4

[65:]:
-$8{otime}+$9{time} >= 1 ? 0.
$8{otime}-$9{time} >= 0 ? 3

[66:]:
-$8{otime}+$9{time} >= 1 ? 0.
$8{otime}-$9{time} >= 0 ? 3

[67:]:
-$8{otime}+$9{time} >= 1 ? 0.
$8{otime}-$9{time} >= 0 ? 2

[68:]:
-$8{otime}+$9{time} >= 1 ? 0.
$8{otime}-$9{time} >= 0 ? 1

[69:]:
-$8{otime}+$9{time} >= 1 ? 0.
$8{otime}-$9{time} >= 0 && -$7{temp} >= 1 ? 15
$7{temp} >= 0 && $8{otime}-$9{time} >= 0 ? 10

[70:]:
-$8{otime}+$9{time} >= 1 ? 0.
$8{otime}-$9{time} >= 0 && -$7{temp} >= 1 && -$4{tempIn} >= -272 && -$10{limit}+$4{tempIn} >= 274 ? 14
$10{limit}-$4{tempIn} >= -273 && $8{otime}-$9{time} >= 0 && -$7{temp} >= 1 && -$4{tempIn} >= -272 ? 13
$4{tempIn} >= 273 && $8{otime}-$9{time} >= 0 && -$7{temp} >= 1 && -$10{limit}+$4{tempIn} >= 274 ? 14
$10{limit}-$4{tempIn} >= -273 && $4{tempIn} >= 273 && $8{otime}-$9{time} >= 0 && -$7{temp} >= 1 ? 13
$7{temp} >= 0 && $8{otime}-$9{time} >= 0 && -$4{tempIn} >= -272 && -$10{limit}+$4{tempIn} >= 274 ? 9
$10{limit}-$4{tempIn} >= -273 && $7{temp} >= 0 && $8{otime}-$9{time} >= 0 && -$4{tempIn} >= -272 ? 8
$4{tempIn} >= 273 && $7{temp} >= 0 && $8{otime}-$9{time} >= 0 && -$10{limit}+$4{tempIn} >= 274 ? 9
$10{limit}-$4{tempIn} >= -273 && $4{tempIn} >= 273 && $7{temp} >= 0 && $8{otime}-$9{time} >= 0 ? 8

[71:]:
-$8{otime}+$9{time} >= 1 ? 0.
$8{otime}-$9{time} >= 0 && -$7{temp} >= 1 && -$15{kelvin} >= -272 && -$10{limit}+$15{kelvin} >= 274 ? 13
$10{limit}-$15{kelvin} >= -273 && $8{otime}-$9{time} >= 0 && -$7{temp} >= 1 && -$15{kelvin} >= -272 ? 12
$15{kelvin} >= 273 && $8{otime}-$9{time} >= 0 && -$7{temp} >= 1 && -$10{limit}+$15{kelvin} >= 274 ? 13
$10{limit}-$15{kelvin} >= -273 && $15{kelvin} >= 273 && $8{otime}-$9{time} >= 0 && -$7{temp} >= 1 ? 12
$7{temp} >= 0 && $8{otime}-$9{time} >= 0 && -$15{kelvin} >= -272 && -$10{limit}+$15{kelvin} >= 274 ? 8
$10{limit}-$15{kelvin} >= -273 && $7{temp} >= 0 && $8{otime}-$9{time} >= 0 && -$15{kelvin} >= -272 ? 7
$15{kelvin} >= 273 && $7{temp} >= 0 && $8{otime}-$9{time} >= 0 && -$10{limit}+$15{kelvin} >= 274 ? 8
$10{limit}-$15{kelvin} >= -273 && $15{kelvin} >= 273 && $7{temp} >= 0 && $8{otime}-$9{time} >= 0 ? 7

[72:]:
-$8{otime}+$9{time} >= 1 ? 0.
$8{otime}-$9{time} >= 0 && -$15{kelvin} >= -272 && -$10{limit}+$15{kelvin} >= 274 ? 12
$10{limit}-$15{kelvin} >= -273 && $8{otime}-$9{time} >= 0 && -$15{kelvin} >= -272 ? 11
$15{kelvin} >= 273 && $8{otime}-$9{time} >= 0 && -$10{limit}+$15{kelvin} >= 274 ? 12
$10{limit}-$15{kelvin} >= -273 && $15{kelvin} >= 273 && $8{otime}-$9{time} >= 0 ? 11

[73:]:
-$8{otime}+$9{time} >= 1 ? 0.
$8{otime}-$9{time} >= 0 && -$15{kelvin} >= -272 && -$10{limit}+$15{kelvin} >= 274 ? 11
$10{limit}-$15{kelvin} >= -273 && $8{otime}-$9{time} >= 0 && -$15{kelvin} >= -272 ? 10
$15{kelvin} >= 273 && $8{otime}-$9{time} >= 0 && -$10{limit}+$15{kelvin} >= 274 ? 11
$10{limit}-$15{kelvin} >= -273 && $15{kelvin} >= 273 && $8{otime}-$9{time} >= 0 ? 10

[74:]:
-$8{otime}+$9{time} >= 1 ? 0.
$8{otime}-$9{time} >= 0 && -$15{kelvin} >= -272 && -$10{limit}+$15{kelvin} >= 274 ? 10
$10{limit}-$15{kelvin} >= -273 && $8{otime}-$9{time} >= 0 && -$15{kelvin} >= -272 ? 9
$15{kelvin} >= 273 && $8{otime}-$9{time} >= 0 && -$10{limit}+$15{kelvin} >= 274 ? 10
$10{limit}-$15{kelvin} >= -273 && $15{kelvin} >= 273 && $8{otime}-$9{time} >= 0 ? 9

[75:]:
-$8{otime}+$9{time} >= 1 ? 0.
$8{otime}-$9{time} >= 0 && -$15{kelvin} >= -272 && -$10{limit}+$15{kelvin} >= 274 ? 9
$10{limit}-$15{kelvin} >= -273 && $8{otime}-$9{time} >= 0 && -$15{kelvin} >= -272 ? 8
$15{kelvin} >= 273 && $8{otime}-$9{time} >= 0 && -$10{limit}+$15{kelvin} >= 274 ? 9
$10{limit}-$15{kelvin} >= -273 && $15{kelvin} >= 273 && $8{otime}-$9{time} >= 0 ? 8

[76:]:
-$8{otime}+$9{time} >= 1 ? 0.
$8{otime}-$9{time} >= 0 && -$15{kelvin} >= -272 && -$10{limit}+$15{kelvin} >= 274 ? 8
$10{limit}-$15{kelvin} >= -273 && $8{otime}-$9{time} >= 0 && -$15{kelvin} >= -272 ? 7
$15{kelvin} >= 273 && $8{otime}-$9{time} >= 0 && -$10{limit}+$15{kelvin} >= 274 ? 8
$10{limit}-$15{kelvin} >= -273 && $15{kelvin} >= 273 && $8{otime}-$9{time} >= 0 ? 7

[77:]:
-$8{otime}+$9{time} >= 1 ? 0.
$8{otime}-$9{time} >= 0 && -$15{kelvin} >= -272 && -$10{limit}+$15{kelvin} >= 274 ? 7
$10{limit}-$15{kelvin} >= -273 && $8{otime}-$9{time} >= 0 && -$15{kelvin} >= -272 ? 6
$15{kelvin} >= 273 && $8{otime}-$9{time} >= 0 && -$10{limit}+$15{kelvin} >= 274 ? 7
$10{limit}-$15{kelvin} >= -273 && $15{kelvin} >= 273 && $8{otime}-$9{time} >= 0 ? 6

[78:]:
-$8{otime}+$9{time} >= 1 ? 0.
$8{otime}-$9{time} >= 0 && -$15{kelvin} >= -272 && -$10{limit}+$15{kelvin} >= 274 ? 7
$10{limit}-$15{kelvin} >= -273 && $8{otime}-$9{time} >= 0 && -$15{kelvin} >= -272 ? 6
$15{kelvin} >= 273 && $8{otime}-$9{time} >= 0 && -$10{limit}+$15{kelvin} >= 274 ? 7
$10{limit}-$15{kelvin} >= -273 && $15{kelvin} >= 273 && $8{otime}-$9{time} >= 0 ? 6

[79:]:
-$8{otime}+$9{time} >= 1 ? 0.
$8{otime}-$9{time} >= 0 && -$15{kelvin} >= -272 && -$10{limit}+$15{kelvin} >= 274 ? 7
$10{limit}-$15{kelvin} >= -273 && $8{otime}-$9{time} >= 0 && -$15{kelvin} >= -272 ? 6
$15{kelvin} >= 273 && $8{otime}-$9{time} >= 0 && -$10{limit}+$15{kelvin} >= 274 ? 7
$10{limit}-$15{kelvin} >= -273 && $15{kelvin} >= 273 && $8{otime}-$9{time} >= 0 ? 6

[80:]:
-$8{otime}+$9{time} >= 1 ? 0.
$8{otime}-$9{time} >= 0 && -$14{$14} >= 1 && -$10{limit}+$14{$14} >= 1 ? 6
$10{limit}-$14{$14} >= 0 && $8{otime}-$9{time} >= 0 && -$14{$14} >= 1 ? 5
$14{$14} >= 0 && $8{otime}-$9{time} >= 0 && -$10{limit}+$14{$14} >= 1 ? 6
$10{limit}-$14{$14} >= 0 && $14{$14} >= 0 && $8{otime}-$9{time} >= 0 ? 5

[81:]:
-$8{otime}+$9{time} >= 1 ? 0.
$8{otime}-$9{time} >= 0 && -$7{temp} >= 1 && -$10{limit}+$7{temp} >= 1 ? 5
$10{limit}-$7{temp} >= 0 && $8{otime}-$9{time} >= 0 && -$7{temp} >= 1 ? 4
$7{temp} >= 0 && $8{otime}-$9{time} >= 0 && -$10{limit}+$7{temp} >= 1 ? 5
$10{limit}-$7{temp} >= 0 && $7{temp} >= 0 && $8{otime}-$9{time} >= 0 ? 4

[82:]:
-$8{otime}+$9{time} >= 1 ? 0.
$8{otime}-$9{time} >= 0 ? 4

[83:]:
-$8{otime}+$9{time} >= 1 ? 0.
$8{otime}-$9{time} >= 0 ? 3

[84:]:
-$8{otime}+$9{time} >= 1 ? 0.
$8{otime}-$9{time} >= 0 ? 3

[85:]:
-$8{otime}+$9{time} >= 1 ? 0.
$8{otime}-$9{time} >= 0 ? 3

[86:]:
-$8{otime}+$9{time} >= 1 ? 0.
$8{otime}-$9{time} >= 0 ? bottom

Property: AG{AF{$8{otime} < $9{time}}}

[ -1:]:
top ? bottom

[29:]:
top ? bottom

[30:]:
top ? bottom

[31:]:
top ? bottom

[32:]:
top ? bottom

[33:]:
top ? bottom

[34:]:
top ? bottom

[35:]:
top ? bottom

[36:]:
top ? bottom

[37:]:
top ? bottom

[38:]:
top ? bottom

[39:]:
top ? bottom

[40:]:
top ? bottom

[41:]:
top ? bottom

[42:]:
top ? bottom

[43:]:
top ? bottom

[44:]:
top ? bottom

[45:]:
top ? bottom

[46:]:
top ? bottom

[47:]:
top ? bottom

[48:]:
top ? bottom

[49:]:
top ? bottom

[50:]:
top ? bottom

[51:]:
top ? bottom

[52:]:
top ? bottom

[53:]:
top ? bottom

[54:]:
top ? bottom

[55:]:
top ? bottom

[56:]:
top ? bottom

[57:]:
top ? bottom

[58:]:
top ? bottom

[59:]:
top ? bottom

[60:]:
top ? bottom

[61:]:
top ? bottom

[62:]:
top ? bottom

[63:]:
top ? bottom

[64:]:
-$8{otime}+$9{time} >= 1 ? 0.
$8{otime}-$9{time} >= 0 ? 4

[65:]:
-$8{otime}+$9{time} >= 1 ? 0.
$8{otime}-$9{time} >= 0 ? 3

[66:]:
-$8{otime}+$9{time} >= 1 ? 0.
$8{otime}-$9{time} >= 0 ? 3

[67:]:
-$8{otime}+$9{time} >= 1 ? 0.
$8{otime}-$9{time} >= 0 ? 2

[68:]:
-$8{otime}+$9{time} >= 1 ? 0.
$8{otime}-$9{time} >= 0 ? 1

[69:]:
-$8{otime}+$9{time} >= 1 ? 0.
$8{otime}-$9{time} >= 0 && -$7{temp} >= 1 ? 15
$7{temp} >= 0 && $8{otime}-$9{time} >= 0 ? 10

[70:]:
-$8{otime}+$9{time} >= 1 ? 0.
$8{otime}-$9{time} >= 0 && -$7{temp} >= 1 && -$4{tempIn} >= -272 && -$10{limit}+$4{tempIn} >= 274 ? 14
$10{limit}-$4{tempIn} >= -273 && $8{otime}-$9{time} >= 0 && -$7{temp} >= 1 && -$4{tempIn} >= -272 ? 13
$4{tempIn} >= 273 && $8{otime}-$9{time} >= 0 && -$7{temp} >= 1 && -$10{limit}+$4{tempIn} >= 274 ? 14
$10{limit}-$4{tempIn} >= -273 && $4{tempIn} >= 273 && $8{otime}-$9{time} >= 0 && -$7{temp} >= 1 ? 13
$7{temp} >= 0 && $8{otime}-$9{time} >= 0 && -$4{tempIn} >= -272 && -$10{limit}+$4{tempIn} >= 274 ? 9
$10{limit}-$4{tempIn} >= -273 && $7{temp} >= 0 && $8{otime}-$9{time} >= 0 && -$4{tempIn} >= -272 ? 8
$4{tempIn} >= 273 && $7{temp} >= 0 && $8{otime}-$9{time} >= 0 && -$10{limit}+$4{tempIn} >= 274 ? 9
$10{limit}-$4{tempIn} >= -273 && $4{tempIn} >= 273 && $7{temp} >= 0 && $8{otime}-$9{time} >= 0 ? 8

[71:]:
-$8{otime}+$9{time} >= 1 ? 0.
$8{otime}-$9{time} >= 0 && -$7{temp} >= 1 && -$15{kelvin} >= -272 && -$10{limit}+$15{kelvin} >= 274 ? 13
$10{limit}-$15{kelvin} >= -273 && $8{otime}-$9{time} >= 0 && -$7{temp} >= 1 && -$15{kelvin} >= -272 ? 12
$15{kelvin} >= 273 && $8{otime}-$9{time} >= 0 && -$7{temp} >= 1 && -$10{limit}+$15{kelvin} >= 274 ? 13
$10{limit}-$15{kelvin} >= -273 && $15{kelvin} >= 273 && $8{otime}-$9{time} >= 0 && -$7{temp} >= 1 ? 12
$7{temp} >= 0 && $8{otime}-$9{time} >= 0 && -$15{kelvin} >= -272 && -$10{limit}+$15{kelvin} >= 274 ? 8
$10{limit}-$15{kelvin} >= -273 && $7{temp} >= 0 && $8{otime}-$9{time} >= 0 && -$15{kelvin} >= -272 ? 7
$15{kelvin} >= 273 && $7{temp} >= 0 && $8{otime}-$9{time} >= 0 && -$10{limit}+$15{kelvin} >= 274 ? 8
$10{limit}-$15{kelvin} >= -273 && $15{kelvin} >= 273 && $7{temp} >= 0 && $8{otime}-$9{time} >= 0 ? 7

[72:]:
-$8{otime}+$9{time} >= 1 ? 0.
$8{otime}-$9{time} >= 0 && -$15{kelvin} >= -272 && -$10{limit}+$15{kelvin} >= 274 ? 12
$10{limit}-$15{kelvin} >= -273 && $8{otime}-$9{time} >= 0 && -$15{kelvin} >= -272 ? 11
$15{kelvin} >= 273 && $8{otime}-$9{time} >= 0 && -$10{limit}+$15{kelvin} >= 274 ? 12
$10{limit}-$15{kelvin} >= -273 && $15{kelvin} >= 273 && $8{otime}-$9{time} >= 0 ? 11

[73:]:
-$8{otime}+$9{time} >= 1 ? 0.
$8{otime}-$9{time} >= 0 && -$15{kelvin} >= -272 && -$10{limit}+$15{kelvin} >= 274 ? 11
$10{limit}-$15{kelvin} >= -273 && $8{otime}-$9{time} >= 0 && -$15{kelvin} >= -272 ? 10
$15{kelvin} >= 273 && $8{otime}-$9{time} >= 0 && -$10{limit}+$15{kelvin} >= 274 ? 11
$10{limit}-$15{kelvin} >= -273 && $15{kelvin} >= 273 && $8{otime}-$9{time} >= 0 ? 10

[74:]:
-$8{otime}+$9{time} >= 1 ? 0.
$8{otime}-$9{time} >= 0 && -$15{kelvin} >= -272 && -$10{limit}+$15{kelvin} >= 274 ? 10
$10{limit}-$15{kelvin} >= -273 && $8{otime}-$9{time} >= 0 && -$15{kelvin} >= -272 ? 9
$15{kelvin} >= 273 && $8{otime}-$9{time} >= 0 && -$10{limit}+$15{kelvin} >= 274 ? 10
$10{limit}-$15{kelvin} >= -273 && $15{kelvin} >= 273 && $8{otime}-$9{time} >= 0 ? 9

[75:]:
-$8{otime}+$9{time} >= 1 ? 0.
$8{otime}-$9{time} >= 0 && -$15{kelvin} >= -272 && -$10{limit}+$15{kelvin} >= 274 ? 9
$10{limit}-$15{kelvin} >= -273 && $8{otime}-$9{time} >= 0 && -$15{kelvin} >= -272 ? 8
$15{kelvin} >= 273 && $8{otime}-$9{time} >= 0 && -$10{limit}+$15{kelvin} >= 274 ? 9
$10{limit}-$15{kelvin} >= -273 && $15{kelvin} >= 273 && $8{otime}-$9{time} >= 0 ? 8

[76:]:
-$8{otime}+$9{time} >= 1 ? 0.
$8{otime}-$9{time} >= 0 && -$15{kelvin} >= -272 && -$10{limit}+$15{kelvin} >= 274 ? 8
$10{limit}-$15{kelvin} >= -273 && $8{otime}-$9{time} >= 0 && -$15{kelvin} >= -272 ? 7
$15{kelvin} >= 273 && $8{otime}-$9{time} >= 0 && -$10{limit}+$15{kelvin} >= 274 ? 8
$10{limit}-$15{kelvin} >= -273 && $15{kelvin} >= 273 && $8{otime}-$9{time} >= 0 ? 7

[77:]:
-$8{otime}+$9{time} >= 1 ? 0.
$8{otime}-$9{time} >= 0 && -$15{kelvin} >= -272 && -$10{limit}+$15{kelvin} >= 274 ? 7
$10{limit}-$15{kelvin} >= -273 && $8{otime}-$9{time} >= 0 && -$15{kelvin} >= -272 ? 6
$15{kelvin} >= 273 && $8{otime}-$9{time} >= 0 && -$10{limit}+$15{kelvin} >= 274 ? 7
$10{limit}-$15{kelvin} >= -273 && $15{kelvin} >= 273 && $8{otime}-$9{time} >= 0 ? 6

[78:]:
-$8{otime}+$9{time} >= 1 ? 0.
$8{otime}-$9{time} >= 0 && -$15{kelvin} >= -272 && -$10{limit}+$15{kelvin} >= 274 ? 7
$10{limit}-$15{kelvin} >= -273 && $8{otime}-$9{time} >= 0 && -$15{kelvin} >= -272 ? 6
$15{kelvin} >= 273 && $8{otime}-$9{time} >= 0 && -$10{limit}+$15{kelvin} >= 274 ? 7
$10{limit}-$15{kelvin} >= -273 && $15{kelvin} >= 273 && $8{otime}-$9{time} >= 0 ? 6

[79:]:
-$8{otime}+$9{time} >= 1 ? 0.
$8{otime}-$9{time} >= 0 && -$15{kelvin} >= -272 && -$10{limit}+$15{kelvin} >= 274 ? 7
$10{limit}-$15{kelvin} >= -273 && $8{otime}-$9{time} >= 0 && -$15{kelvin} >= -272 ? 6
$15{kelvin} >= 273 && $8{otime}-$9{time} >= 0 && -$10{limit}+$15{kelvin} >= 274 ? 7
$10{limit}-$15{kelvin} >= -273 && $15{kelvin} >= 273 && $8{otime}-$9{time} >= 0 ? 6

[80:]:
-$8{otime}+$9{time} >= 1 ? 0.
$8{otime}-$9{time} >= 0 && -$14{$14} >= 1 && -$10{limit}+$14{$14} >= 1 ? 6
$10{limit}-$14{$14} >= 0 && $8{otime}-$9{time} >= 0 && -$14{$14} >= 1 ? 5
$14{$14} >= 0 && $8{otime}-$9{time} >= 0 && -$10{limit}+$14{$14} >= 1 ? 6
$10{limit}-$14{$14} >= 0 && $14{$14} >= 0 && $8{otime}-$9{time} >= 0 ? 5

[81:]:
-$8{otime}+$9{time} >= 1 ? 0.
$8{otime}-$9{time} >= 0 && -$7{temp} >= 1 && -$10{limit}+$7{temp} >= 1 ? 5
$10{limit}-$7{temp} >= 0 && $8{otime}-$9{time} >= 0 && -$7{temp} >= 1 ? 4
$7{temp} >= 0 && $8{otime}-$9{time} >= 0 && -$10{limit}+$7{temp} >= 1 ? 5
$10{limit}-$7{temp} >= 0 && $7{temp} >= 0 && $8{otime}-$9{time} >= 0 ? 4

[82:]:
-$8{otime}+$9{time} >= 1 ? 0.
$8{otime}-$9{time} >= 0 ? 4

[83:]:
-$8{otime}+$9{time} >= 1 ? 0.
$8{otime}-$9{time} >= 0 ? 3

[84:]:
-$8{otime}+$9{time} >= 1 ? 0.
$8{otime}-$9{time} >= 0 ? 3

[85:]:
-$8{otime}+$9{time} >= 1 ? 0.
$8{otime}-$9{time} >= 0 ? 3

[86:]:
top ? bottom


Analysis Result: UNKNOWN
