
Abstract Syntax:
[ 1:]
void coolantControl( ):
[ 2:] $15{time} := 0
[ 3:] while [ 4:] ( 1 < 0 || 1 > 0 ) do
[ 5:]   $14{otime} := $15{time}
[ 6:]   $15{time} := $14{otime} + 1
[ 7:]   $4{tempIn} := ?
[ 8:]   $13{kelvin} := $4{tempIn}
[ 9:]   if ( $7{temp} < 0 ) then
[10:]     $1{error} := 1
[11:]     $10{tempdiff} := $13{kelvin} - 273
[12:]     $11{warning} := $1{error}
[13:]     $2{tempDisplay} := $10{tempdiff}
[14:]     $3{warnLED} := $11{warning}
[15:]
        else
[16:]
        endif
[17:]   $12{$12} := $13{kelvin} - 273
[18:]   $7{temp} := $12{$12}
[19:]   if ( $7{temp} > $8{limit} ) then
[20:]     $5{chainBroken} := 1
[21:]
        else
[22:]
        endif
[23:]
      od
[24:]
void display( int $10{tempdiff}; int $11{warning}; ):
[25:] $2{tempDisplay} := $10{tempdiff}
[26:] $3{warnLED} := $11{warning}
[27:]
int main( ):
[28:] $9{init} := 0
[29:] $2{tempDisplay} := 0
[30:] $3{warnLED} := 1
[31:] $4{tempIn} := 0
[32:] $1{error} := 0
[33:] $5{chainBroken} := 0
[34:] $6{warnLight} := 0
[35:] $7{temp} := 0
[36:] $8{limit} := 8
[37:] $9{init} := 1
[38:] $17{try} := 0
[39:] while [40:] ( 1 < 0 || 1 > 0 ) do
[41:]   $18{limit} := ?
[42:]   if ( $18{limit} < 10 && $18{limit} > -273 ) then
[43:]     $1{error} := 0
[44:]     $10{tempdiff} := 0
[45:]     $11{warning} := $1{error}
[46:]     $2{tempDisplay} := $10{tempdiff}
[47:]     $3{warnLED} := $11{warning}
[48:]     return
[49:]
        else
[50:]     $1{error} := 1
[51:]     $10{tempdiff} := 0
[52:]     $11{warning} := $1{error}
[53:]     $2{tempDisplay} := $10{tempdiff}
[54:]     $3{warnLED} := $11{warning}
[55:]
        endif
[56:]   if ( $17{try} >= 3 ) then
[57:]     $18{limit} := 7
[58:]     return
[59:]
        else
[60:]
        endif
[61:]   $17{try} := $17{try} + 1
[62:]
      od
[63:] $9{init} := 3
[64:] $15{time} := 0
[65:] while [66:] ( 1 < 0 || 1 > 0 ) do
[67:]   $14{otime} := $15{time}
[68:]   $15{time} := $14{otime} + 1
[69:]   $4{tempIn} := ?
[70:]   $13{kelvin} := $4{tempIn}
[71:]   if ( $7{temp} < 0 ) then
[72:]     $1{error} := 1
[73:]     $10{tempdiff} := $13{kelvin} - 273
[74:]     $11{warning} := $1{error}
[75:]     $2{tempDisplay} := $10{tempdiff}
[76:]     $3{warnLED} := $11{warning}
[77:]
        else
[78:]
        endif
[79:]   $12{$12} := $13{kelvin} - 273
[80:]   $7{temp} := $12{$12}
[81:]   if ( $7{temp} > $8{limit} ) then
[82:]     $5{chainBroken} := 1
[83:]
        else
[84:]
        endif
[85:]
      od
[86:]
int vinToCels( int $13{kelvin}; ):
[87:] if ( $7{temp} < 0 ) then
[88:]   $1{error} := 1
[89:]   $10{tempdiff} := $13{kelvin} - 273
[90:]   $11{warning} := $1{error}
[91:]   $2{tempDisplay} := $10{tempdiff}
[92:]   $3{warnLED} := $11{warning}
[93:]
      else
[94:]
      endif
[95:] $12{$12} := $13{kelvin} - 273
[96:] return
[97:]

Property: $5{chainBroken} <= 1 && $5{chainBroken} >= 1

[ -1:]:
-$5{chainBroken} >= 0 ? bottom
$5{chainBroken} == 1 ? 0.
$5{chainBroken} >= 2 ? bottom

[28:]:
-$5{chainBroken} >= 0 ? bottom
$5{chainBroken} == 1 ? 0.
$5{chainBroken} >= 2 ? bottom

[29:]:
-$5{chainBroken} >= 0 ? bottom
$5{chainBroken} == 1 ? 0.
$5{chainBroken} >= 2 ? bottom

[30:]:
-$5{chainBroken} >= 0 ? bottom
$5{chainBroken} == 1 ? 0.
$5{chainBroken} >= 2 ? bottom

[31:]:
-$5{chainBroken} >= 0 ? bottom
$5{chainBroken} == 1 ? 0.
$5{chainBroken} >= 2 ? bottom

[32:]:
-$5{chainBroken} >= 0 ? bottom
$5{chainBroken} == 1 ? 0.
$5{chainBroken} >= 2 ? bottom

[33:]:
-$5{chainBroken} >= 0 ? bottom
$5{chainBroken} == 1 ? 0.
$5{chainBroken} >= 2 ? bottom

[34:]:
-$5{chainBroken} >= 0 ? bottom
$5{chainBroken} == 1 ? 0.
$5{chainBroken} >= 2 ? bottom

[35:]:
-$5{chainBroken} >= 0 ? bottom
$5{chainBroken} == 1 ? 0.
$5{chainBroken} >= 2 ? bottom

[36:]:
-$5{chainBroken} >= 0 ? bottom
$5{chainBroken} == 1 ? 0.
$5{chainBroken} >= 2 ? bottom

[37:]:
-$5{chainBroken} >= 0 ? bottom
$5{chainBroken} == 1 ? 0.
$5{chainBroken} >= 2 ? bottom

[38:]:
-$5{chainBroken} >= 0 ? bottom
$5{chainBroken} == 1 ? 0.
$5{chainBroken} >= 2 ? bottom

[39:]:
-$5{chainBroken} >= 0 ? bottom
$5{chainBroken} == 1 ? 0.
$5{chainBroken} >= 2 ? bottom

[40:]:
-$5{chainBroken} >= 0 ? bottom
$5{chainBroken} == 1 ? 0.
$5{chainBroken} >= 2 ? bottom

[41:]:
-$5{chainBroken} >= 0 ? bottom
$5{chainBroken} == 1 ? 0.
$5{chainBroken} >= 2 ? bottom

[42:]:
-$5{chainBroken} >= 0 ? bottom
$5{chainBroken} == 1 ? 0.
$5{chainBroken} >= 2 ? bottom

[43:]:
-$5{chainBroken} >= 0 ? bottom
$5{chainBroken} == 1 ? 0.
$5{chainBroken} >= 2 ? bottom

[44:]:
-$5{chainBroken} >= 0 ? bottom
$5{chainBroken} == 1 ? 0.
$5{chainBroken} >= 2 ? bottom

[45:]:
-$5{chainBroken} >= 0 ? bottom
$5{chainBroken} == 1 ? 0.
$5{chainBroken} >= 2 ? bottom

[46:]:
-$5{chainBroken} >= 0 ? bottom
$5{chainBroken} == 1 ? 0.
$5{chainBroken} >= 2 ? bottom

[47:]:
-$5{chainBroken} >= 0 ? bottom
$5{chainBroken} == 1 ? 0.
$5{chainBroken} >= 2 ? bottom

[48:]:
-$5{chainBroken} >= 0 ? bottom
$5{chainBroken} == 1 ? 0.
$5{chainBroken} >= 2 ? bottom

[49:]:
-$5{chainBroken} >= 0 ? bottom
$5{chainBroken} == 1 ? 0.
$5{chainBroken} >= 2 ? bottom

[50:]:
-$5{chainBroken} >= 0 ? bottom
$5{chainBroken} == 1 ? 0.
$5{chainBroken} >= 2 ? bottom

[51:]:
-$5{chainBroken} >= 0 ? bottom
$5{chainBroken} == 1 ? 0.
$5{chainBroken} >= 2 ? bottom

[52:]:
-$5{chainBroken} >= 0 ? bottom
$5{chainBroken} == 1 ? 0.
$5{chainBroken} >= 2 ? bottom

[53:]:
-$5{chainBroken} >= 0 ? bottom
$5{chainBroken} == 1 ? 0.
$5{chainBroken} >= 2 ? bottom

[54:]:
-$5{chainBroken} >= 0 ? bottom
$5{chainBroken} == 1 ? 0.
$5{chainBroken} >= 2 ? bottom

[55:]:
-$5{chainBroken} >= 0 ? bottom
$5{chainBroken} == 1 ? 0.
$5{chainBroken} >= 2 ? bottom

[56:]:
-$5{chainBroken} >= 0 ? bottom
$5{chainBroken} == 1 ? 0.
$5{chainBroken} >= 2 ? bottom

[57:]:
-$5{chainBroken} >= 0 ? bottom
$5{chainBroken} == 1 ? 0.
$5{chainBroken} >= 2 ? bottom

[58:]:
-$5{chainBroken} >= 0 ? bottom
$5{chainBroken} == 1 ? 0.
$5{chainBroken} >= 2 ? bottom

[59:]:
-$5{chainBroken} >= 0 ? bottom
$5{chainBroken} == 1 ? 0.
$5{chainBroken} >= 2 ? bottom

[60:]:
-$5{chainBroken} >= 0 ? bottom
$5{chainBroken} == 1 ? 0.
$5{chainBroken} >= 2 ? bottom

[61:]:
-$5{chainBroken} >= 0 ? bottom
$5{chainBroken} == 1 ? 0.
$5{chainBroken} >= 2 ? bottom

[62:]:
-$5{chainBroken} >= 0 ? bottom
$5{chainBroken} == 1 ? 0.
$5{chainBroken} >= 2 ? bottom

[63:]:
-$5{chainBroken} >= 0 ? bottom
$5{chainBroken} == 1 ? 0.
$5{chainBroken} >= 2 ? bottom

[64:]:
-$5{chainBroken} >= 0 ? bottom
$5{chainBroken} == 1 ? 0.
$5{chainBroken} >= 2 ? bottom

[65:]:
-$5{chainBroken} >= 0 ? bottom
$5{chainBroken} == 1 ? 0.
$5{chainBroken} >= 2 ? bottom

[66:]:
-$5{chainBroken} >= 0 ? bottom
$5{chainBroken} == 1 ? 0.
$5{chainBroken} >= 2 ? bottom

[67:]:
-$5{chainBroken} >= 0 ? bottom
$5{chainBroken} == 1 ? 0.
$5{chainBroken} >= 2 ? bottom

[68:]:
-$5{chainBroken} >= 0 ? bottom
$5{chainBroken} == 1 ? 0.
$5{chainBroken} >= 2 ? bottom

[69:]:
-$5{chainBroken} >= 0 ? bottom
$5{chainBroken} == 1 ? 0.
$5{chainBroken} >= 2 ? bottom

[70:]:
-$5{chainBroken} >= 0 ? bottom
$5{chainBroken} == 1 ? 0.
$5{chainBroken} >= 2 ? bottom

[71:]:
-$5{chainBroken} >= 0 ? bottom
$5{chainBroken} == 1 ? 0.
$5{chainBroken} >= 2 ? bottom

[72:]:
-$5{chainBroken} >= 0 ? bottom
$5{chainBroken} == 1 ? 0.
$5{chainBroken} >= 2 ? bottom

[73:]:
-$5{chainBroken} >= 0 ? bottom
$5{chainBroken} == 1 ? 0.
$5{chainBroken} >= 2 ? bottom

[74:]:
-$5{chainBroken} >= 0 ? bottom
$5{chainBroken} == 1 ? 0.
$5{chainBroken} >= 2 ? bottom

[75:]:
-$5{chainBroken} >= 0 ? bottom
$5{chainBroken} == 1 ? 0.
$5{chainBroken} >= 2 ? bottom

[76:]:
-$5{chainBroken} >= 0 ? bottom
$5{chainBroken} == 1 ? 0.
$5{chainBroken} >= 2 ? bottom

[77:]:
-$5{chainBroken} >= 0 ? bottom
$5{chainBroken} == 1 ? 0.
$5{chainBroken} >= 2 ? bottom

[78:]:
-$5{chainBroken} >= 0 ? bottom
$5{chainBroken} == 1 ? 0.
$5{chainBroken} >= 2 ? bottom

[79:]:
-$5{chainBroken} >= 0 ? bottom
$5{chainBroken} == 1 ? 0.
$5{chainBroken} >= 2 ? bottom

[80:]:
-$5{chainBroken} >= 0 ? bottom
$5{chainBroken} == 1 ? 0.
$5{chainBroken} >= 2 ? bottom

[81:]:
-$5{chainBroken} >= 0 ? bottom
$5{chainBroken} == 1 ? 0.
$5{chainBroken} >= 2 ? bottom

[82:]:
-$5{chainBroken} >= 0 ? bottom
$5{chainBroken} == 1 ? 0.
$5{chainBroken} >= 2 ? bottom

[83:]:
-$5{chainBroken} >= 0 ? bottom
$5{chainBroken} == 1 ? 0.
$5{chainBroken} >= 2 ? bottom

[84:]:
-$5{chainBroken} >= 0 ? bottom
$5{chainBroken} == 1 ? 0.
$5{chainBroken} >= 2 ? bottom

[85:]:
-$5{chainBroken} >= 0 ? bottom
$5{chainBroken} == 1 ? 0.
$5{chainBroken} >= 2 ? bottom

[86:]:
-$5{chainBroken} >= 0 ? bottom
$5{chainBroken} == 1 ? 0.
$5{chainBroken} >= 2 ? bottom

Property: AG{$5{chainBroken} <= 1 && $5{chainBroken} >= 1}

[ -1:]:
top ? bottom

[28:]:
top ? bottom

[29:]:
top ? bottom

[30:]:
top ? bottom

[31:]:
top ? bottom

[32:]:
top ? bottom

[33:]:
top ? bottom

[34:]:
top ? bottom

[35:]:
top ? bottom

[36:]:
top ? bottom

[37:]:
top ? bottom

[38:]:
top ? bottom

[39:]:
top ? bottom

[40:]:
top ? bottom

[41:]:
top ? bottom

[42:]:
top ? bottom

[43:]:
top ? bottom

[44:]:
top ? bottom

[45:]:
top ? bottom

[46:]:
top ? bottom

[47:]:
top ? bottom

[48:]:
top ? bottom

[49:]:
top ? bottom

[50:]:
top ? bottom

[51:]:
top ? bottom

[52:]:
top ? bottom

[53:]:
top ? bottom

[54:]:
top ? bottom

[55:]:
top ? bottom

[56:]:
top ? bottom

[57:]:
top ? bottom

[58:]:
top ? bottom

[59:]:
top ? bottom

[60:]:
top ? bottom

[61:]:
top ? bottom

[62:]:
top ? bottom

[63:]:
-$5{chainBroken} >= 0 ? bottom
$5{chainBroken} == 1 ? 0.
$5{chainBroken} >= 2 ? bottom

[64:]:
-$5{chainBroken} >= 0 ? bottom
$5{chainBroken} == 1 ? 0.
$5{chainBroken} >= 2 ? bottom

[65:]:
-$5{chainBroken} >= 0 ? bottom
$5{chainBroken} == 1 ? 0.
$5{chainBroken} >= 2 ? bottom

[66:]:
-$5{chainBroken} >= 0 ? bottom
$5{chainBroken} == 1 ? 0.
$5{chainBroken} >= 2 ? bottom

[67:]:
-$7{temp} >= 1 && -$5{chainBroken} >= 0 ? bottom
-$7{temp} >= 1 && $5{chainBroken} == 1 ? 0.
$5{chainBroken} >= 2 && -$7{temp} >= 1 ? bottom
$7{temp} >= 0 && -$5{chainBroken} >= 0 ? bottom
$7{temp} >= 0 && $5{chainBroken} == 1 ? 0.
$5{chainBroken} >= 2 && $7{temp} >= 0 ? bottom

[68:]:
-$7{temp} >= 1 && -$5{chainBroken} >= 0 ? bottom
-$7{temp} >= 1 && $5{chainBroken} == 1 ? 0.
$5{chainBroken} >= 2 && -$7{temp} >= 1 ? bottom
$7{temp} >= 0 && -$5{chainBroken} >= 0 ? bottom
$7{temp} >= 0 && $5{chainBroken} == 1 ? 0.
$5{chainBroken} >= 2 && $7{temp} >= 0 ? bottom

[69:]:
-$7{temp} >= 1 && -$5{chainBroken} >= 0 ? bottom
-$7{temp} >= 1 && $5{chainBroken} == 1 ? 0.
$5{chainBroken} >= 2 && -$7{temp} >= 1 ? bottom
$7{temp} >= 0 && -$5{chainBroken} >= 0 ? bottom
$7{temp} >= 0 && $5{chainBroken} == 1 ? 0.
$5{chainBroken} >= 2 && $7{temp} >= 0 ? bottom

[70:]:
-$7{temp} >= 1 && -$5{chainBroken} >= 0 ? bottom
-$7{temp} >= 1 && $5{chainBroken} == 1 ? 0.
$5{chainBroken} >= 2 && -$7{temp} >= 1 ? bottom
$7{temp} >= 0 && -$5{chainBroken} >= 0 ? bottom
$7{temp} >= 0 && $5{chainBroken} == 1 ? 0.
$5{chainBroken} >= 2 && $7{temp} >= 0 ? bottom

[71:]:
-$7{temp} >= 1 && -$5{chainBroken} >= 0 ? bottom
-$7{temp} >= 1 && $5{chainBroken} == 1 ? 0.
$5{chainBroken} >= 2 && -$7{temp} >= 1 ? bottom
$7{temp} >= 0 && -$5{chainBroken} >= 0 ? bottom
$7{temp} >= 0 && $5{chainBroken} == 1 ? 0.
$5{chainBroken} >= 2 && $7{temp} >= 0 ? bottom

[72:]:
-$5{chainBroken} >= 0 ? bottom
$5{chainBroken} == 1 ? 0.
$5{chainBroken} >= 2 ? bottom

[73:]:
-$5{chainBroken} >= 0 ? bottom
$5{chainBroken} == 1 ? 0.
$5{chainBroken} >= 2 ? bottom

[74:]:
-$5{chainBroken} >= 0 ? bottom
$5{chainBroken} == 1 ? 0.
$5{chainBroken} >= 2 ? bottom

[75:]:
-$5{chainBroken} >= 0 ? bottom
$5{chainBroken} == 1 ? 0.
$5{chainBroken} >= 2 ? bottom

[76:]:
-$5{chainBroken} >= 0 ? bottom
$5{chainBroken} == 1 ? 0.
$5{chainBroken} >= 2 ? bottom

[77:]:
-$5{chainBroken} >= 0 ? bottom
$5{chainBroken} == 1 ? 0.
$5{chainBroken} >= 2 ? bottom

[78:]:
-$5{chainBroken} >= 0 ? bottom
$5{chainBroken} == 1 ? 0.
$5{chainBroken} >= 2 ? bottom

[79:]:
-$5{chainBroken} >= 0 ? bottom
$5{chainBroken} == 1 ? 0.
$5{chainBroken} >= 2 ? bottom

[80:]:
-$5{chainBroken} >= 0 ? bottom
$5{chainBroken} == 1 ? 0.
$5{chainBroken} >= 2 ? bottom

[81:]:
-$7{temp}+$8{limit} >= 0 && -$5{chainBroken} >= 0 ? bottom
-$7{temp}+$8{limit} >= 0 && $5{chainBroken} == 1 ? 0.
$5{chainBroken} >= 2 && -$7{temp}+$8{limit} >= 0 ? bottom
$7{temp}-$8{limit} >= 1 && -$5{chainBroken} >= 0 ? bottom
$7{temp}-$8{limit} >= 1 && $5{chainBroken} == 1 ? 0.
$5{chainBroken} >= 2 && $7{temp}-$8{limit} >= 1 ? bottom

[82:]:
-$5{chainBroken} >= 0 ? bottom
$5{chainBroken} == 1 ? 0.
$5{chainBroken} >= 2 ? bottom

[83:]:
-$5{chainBroken} >= 0 ? bottom
$5{chainBroken} == 1 ? 0.
$5{chainBroken} >= 2 ? bottom

[84:]:
-$5{chainBroken} >= 0 ? bottom
$5{chainBroken} == 1 ? 0.
$5{chainBroken} >= 2 ? bottom

[85:]:
-$5{chainBroken} >= 0 ? bottom
$5{chainBroken} == 1 ? 0.
$5{chainBroken} >= 2 ? bottom

[86:]:
top ? bottom

Property: $5{chainBroken} < 1 || $5{chainBroken} > 1

[ -1:]:
-$5{chainBroken} >= 0 ? 0.
$5{chainBroken} == 1 ? bottom
$5{chainBroken} >= 2 ? 0.

[28:]:
-$5{chainBroken} >= 0 ? 0.
$5{chainBroken} == 1 ? bottom
$5{chainBroken} >= 2 ? 0.

[29:]:
-$5{chainBroken} >= 0 ? 0.
$5{chainBroken} == 1 ? bottom
$5{chainBroken} >= 2 ? 0.

[30:]:
-$5{chainBroken} >= 0 ? 0.
$5{chainBroken} == 1 ? bottom
$5{chainBroken} >= 2 ? 0.

[31:]:
-$5{chainBroken} >= 0 ? 0.
$5{chainBroken} == 1 ? bottom
$5{chainBroken} >= 2 ? 0.

[32:]:
-$5{chainBroken} >= 0 ? 0.
$5{chainBroken} == 1 ? bottom
$5{chainBroken} >= 2 ? 0.

[33:]:
-$5{chainBroken} >= 0 ? 0.
$5{chainBroken} == 1 ? bottom
$5{chainBroken} >= 2 ? 0.

[34:]:
-$5{chainBroken} >= 0 ? 0.
$5{chainBroken} == 1 ? bottom
$5{chainBroken} >= 2 ? 0.

[35:]:
-$5{chainBroken} >= 0 ? 0.
$5{chainBroken} == 1 ? bottom
$5{chainBroken} >= 2 ? 0.

[36:]:
-$5{chainBroken} >= 0 ? 0.
$5{chainBroken} == 1 ? bottom
$5{chainBroken} >= 2 ? 0.

[37:]:
-$5{chainBroken} >= 0 ? 0.
$5{chainBroken} == 1 ? bottom
$5{chainBroken} >= 2 ? 0.

[38:]:
-$5{chainBroken} >= 0 ? 0.
$5{chainBroken} == 1 ? bottom
$5{chainBroken} >= 2 ? 0.

[39:]:
-$5{chainBroken} >= 0 ? 0.
$5{chainBroken} == 1 ? bottom
$5{chainBroken} >= 2 ? 0.

[40:]:
-$5{chainBroken} >= 0 ? 0.
$5{chainBroken} == 1 ? bottom
$5{chainBroken} >= 2 ? 0.

[41:]:
-$5{chainBroken} >= 0 ? 0.
$5{chainBroken} == 1 ? bottom
$5{chainBroken} >= 2 ? 0.

[42:]:
-$5{chainBroken} >= 0 ? 0.
$5{chainBroken} == 1 ? bottom
$5{chainBroken} >= 2 ? 0.

[43:]:
-$5{chainBroken} >= 0 ? 0.
$5{chainBroken} == 1 ? bottom
$5{chainBroken} >= 2 ? 0.

[44:]:
-$5{chainBroken} >= 0 ? 0.
$5{chainBroken} == 1 ? bottom
$5{chainBroken} >= 2 ? 0.

[45:]:
-$5{chainBroken} >= 0 ? 0.
$5{chainBroken} == 1 ? bottom
$5{chainBroken} >= 2 ? 0.

[46:]:
-$5{chainBroken} >= 0 ? 0.
$5{chainBroken} == 1 ? bottom
$5{chainBroken} >= 2 ? 0.

[47:]:
-$5{chainBroken} >= 0 ? 0.
$5{chainBroken} == 1 ? bottom
$5{chainBroken} >= 2 ? 0.

[48:]:
-$5{chainBroken} >= 0 ? 0.
$5{chainBroken} == 1 ? bottom
$5{chainBroken} >= 2 ? 0.

[49:]:
-$5{chainBroken} >= 0 ? 0.
$5{chainBroken} == 1 ? bottom
$5{chainBroken} >= 2 ? 0.

[50:]:
-$5{chainBroken} >= 0 ? 0.
$5{chainBroken} == 1 ? bottom
$5{chainBroken} >= 2 ? 0.

[51:]:
-$5{chainBroken} >= 0 ? 0.
$5{chainBroken} == 1 ? bottom
$5{chainBroken} >= 2 ? 0.

[52:]:
-$5{chainBroken} >= 0 ? 0.
$5{chainBroken} == 1 ? bottom
$5{chainBroken} >= 2 ? 0.

[53:]:
-$5{chainBroken} >= 0 ? 0.
$5{chainBroken} == 1 ? bottom
$5{chainBroken} >= 2 ? 0.

[54:]:
-$5{chainBroken} >= 0 ? 0.
$5{chainBroken} == 1 ? bottom
$5{chainBroken} >= 2 ? 0.

[55:]:
-$5{chainBroken} >= 0 ? 0.
$5{chainBroken} == 1 ? bottom
$5{chainBroken} >= 2 ? 0.

[56:]:
-$5{chainBroken} >= 0 ? 0.
$5{chainBroken} == 1 ? bottom
$5{chainBroken} >= 2 ? 0.

[57:]:
-$5{chainBroken} >= 0 ? 0.
$5{chainBroken} == 1 ? bottom
$5{chainBroken} >= 2 ? 0.

[58:]:
-$5{chainBroken} >= 0 ? 0.
$5{chainBroken} == 1 ? bottom
$5{chainBroken} >= 2 ? 0.

[59:]:
-$5{chainBroken} >= 0 ? 0.
$5{chainBroken} == 1 ? bottom
$5{chainBroken} >= 2 ? 0.

[60:]:
-$5{chainBroken} >= 0 ? 0.
$5{chainBroken} == 1 ? bottom
$5{chainBroken} >= 2 ? 0.

[61:]:
-$5{chainBroken} >= 0 ? 0.
$5{chainBroken} == 1 ? bottom
$5{chainBroken} >= 2 ? 0.

[62:]:
-$5{chainBroken} >= 0 ? 0.
$5{chainBroken} == 1 ? bottom
$5{chainBroken} >= 2 ? 0.

[63:]:
-$5{chainBroken} >= 0 ? 0.
$5{chainBroken} == 1 ? bottom
$5{chainBroken} >= 2 ? 0.

[64:]:
-$5{chainBroken} >= 0 ? 0.
$5{chainBroken} == 1 ? bottom
$5{chainBroken} >= 2 ? 0.

[65:]:
-$5{chainBroken} >= 0 ? 0.
$5{chainBroken} == 1 ? bottom
$5{chainBroken} >= 2 ? 0.

[66:]:
-$5{chainBroken} >= 0 ? 0.
$5{chainBroken} == 1 ? bottom
$5{chainBroken} >= 2 ? 0.

[67:]:
-$5{chainBroken} >= 0 ? 0.
$5{chainBroken} == 1 ? bottom
$5{chainBroken} >= 2 ? 0.

[68:]:
-$5{chainBroken} >= 0 ? 0.
$5{chainBroken} == 1 ? bottom
$5{chainBroken} >= 2 ? 0.

[69:]:
-$5{chainBroken} >= 0 ? 0.
$5{chainBroken} == 1 ? bottom
$5{chainBroken} >= 2 ? 0.

[70:]:
-$5{chainBroken} >= 0 ? 0.
$5{chainBroken} == 1 ? bottom
$5{chainBroken} >= 2 ? 0.

[71:]:
-$5{chainBroken} >= 0 ? 0.
$5{chainBroken} == 1 ? bottom
$5{chainBroken} >= 2 ? 0.

[72:]:
-$5{chainBroken} >= 0 ? 0.
$5{chainBroken} == 1 ? bottom
$5{chainBroken} >= 2 ? 0.

[73:]:
-$5{chainBroken} >= 0 ? 0.
$5{chainBroken} == 1 ? bottom
$5{chainBroken} >= 2 ? 0.

[74:]:
-$5{chainBroken} >= 0 ? 0.
$5{chainBroken} == 1 ? bottom
$5{chainBroken} >= 2 ? 0.

[75:]:
-$5{chainBroken} >= 0 ? 0.
$5{chainBroken} == 1 ? bottom
$5{chainBroken} >= 2 ? 0.

[76:]:
-$5{chainBroken} >= 0 ? 0.
$5{chainBroken} == 1 ? bottom
$5{chainBroken} >= 2 ? 0.

[77:]:
-$5{chainBroken} >= 0 ? 0.
$5{chainBroken} == 1 ? bottom
$5{chainBroken} >= 2 ? 0.

[78:]:
-$5{chainBroken} >= 0 ? 0.
$5{chainBroken} == 1 ? bottom
$5{chainBroken} >= 2 ? 0.

[79:]:
-$5{chainBroken} >= 0 ? 0.
$5{chainBroken} == 1 ? bottom
$5{chainBroken} >= 2 ? 0.

[80:]:
-$5{chainBroken} >= 0 ? 0.
$5{chainBroken} == 1 ? bottom
$5{chainBroken} >= 2 ? 0.

[81:]:
-$5{chainBroken} >= 0 ? 0.
$5{chainBroken} == 1 ? bottom
$5{chainBroken} >= 2 ? 0.

[82:]:
-$5{chainBroken} >= 0 ? 0.
$5{chainBroken} == 1 ? bottom
$5{chainBroken} >= 2 ? 0.

[83:]:
-$5{chainBroken} >= 0 ? 0.
$5{chainBroken} == 1 ? bottom
$5{chainBroken} >= 2 ? 0.

[84:]:
-$5{chainBroken} >= 0 ? 0.
$5{chainBroken} == 1 ? bottom
$5{chainBroken} >= 2 ? 0.

[85:]:
-$5{chainBroken} >= 0 ? 0.
$5{chainBroken} == 1 ? bottom
$5{chainBroken} >= 2 ? 0.

[86:]:
-$5{chainBroken} >= 0 ? 0.
$5{chainBroken} == 1 ? bottom
$5{chainBroken} >= 2 ? 0.

Property: OR{$5{chainBroken} < 1 || $5{chainBroken} > 1}{AG{$5{chainBroken} <= 1 && $5{chainBroken} >= 1}}

[ -1:]:
-$5{chainBroken} >= 0 ? 0.
$5{chainBroken} == 1 ? bottom
$5{chainBroken} >= 2 ? 0.

[28:]:
-$5{chainBroken} >= 0 ? 0.
$5{chainBroken} == 1 ? bottom
$5{chainBroken} >= 2 ? 0.

[29:]:
-$5{chainBroken} >= 0 ? 0.
$5{chainBroken} == 1 ? bottom
$5{chainBroken} >= 2 ? 0.

[30:]:
-$5{chainBroken} >= 0 ? 0.
$5{chainBroken} == 1 ? bottom
$5{chainBroken} >= 2 ? 0.

[31:]:
-$5{chainBroken} >= 0 ? 0.
$5{chainBroken} == 1 ? bottom
$5{chainBroken} >= 2 ? 0.

[32:]:
-$5{chainBroken} >= 0 ? 0.
$5{chainBroken} == 1 ? bottom
$5{chainBroken} >= 2 ? 0.

[33:]:
-$5{chainBroken} >= 0 ? 0.
$5{chainBroken} == 1 ? bottom
$5{chainBroken} >= 2 ? 0.

[34:]:
-$5{chainBroken} >= 0 ? 0.
$5{chainBroken} == 1 ? bottom
$5{chainBroken} >= 2 ? 0.

[35:]:
-$5{chainBroken} >= 0 ? 0.
$5{chainBroken} == 1 ? bottom
$5{chainBroken} >= 2 ? 0.

[36:]:
-$5{chainBroken} >= 0 ? 0.
$5{chainBroken} == 1 ? bottom
$5{chainBroken} >= 2 ? 0.

[37:]:
-$5{chainBroken} >= 0 ? 0.
$5{chainBroken} == 1 ? bottom
$5{chainBroken} >= 2 ? 0.

[38:]:
-$5{chainBroken} >= 0 ? 0.
$5{chainBroken} == 1 ? bottom
$5{chainBroken} >= 2 ? 0.

[39:]:
-$5{chainBroken} >= 0 ? 0.
$5{chainBroken} == 1 ? bottom
$5{chainBroken} >= 2 ? 0.

[40:]:
-$5{chainBroken} >= 0 ? 0.
$5{chainBroken} == 1 ? bottom
$5{chainBroken} >= 2 ? 0.

[41:]:
-$5{chainBroken} >= 0 ? 0.
$5{chainBroken} == 1 ? bottom
$5{chainBroken} >= 2 ? 0.

[42:]:
-$5{chainBroken} >= 0 ? 0.
$5{chainBroken} == 1 ? bottom
$5{chainBroken} >= 2 ? 0.

[43:]:
-$5{chainBroken} >= 0 ? 0.
$5{chainBroken} == 1 ? bottom
$5{chainBroken} >= 2 ? 0.

[44:]:
-$5{chainBroken} >= 0 ? 0.
$5{chainBroken} == 1 ? bottom
$5{chainBroken} >= 2 ? 0.

[45:]:
-$5{chainBroken} >= 0 ? 0.
$5{chainBroken} == 1 ? bottom
$5{chainBroken} >= 2 ? 0.

[46:]:
-$5{chainBroken} >= 0 ? 0.
$5{chainBroken} == 1 ? bottom
$5{chainBroken} >= 2 ? 0.

[47:]:
-$5{chainBroken} >= 0 ? 0.
$5{chainBroken} == 1 ? bottom
$5{chainBroken} >= 2 ? 0.

[48:]:
-$5{chainBroken} >= 0 ? 0.
$5{chainBroken} == 1 ? bottom
$5{chainBroken} >= 2 ? 0.

[49:]:
-$5{chainBroken} >= 0 ? 0.
$5{chainBroken} == 1 ? bottom
$5{chainBroken} >= 2 ? 0.

[50:]:
-$5{chainBroken} >= 0 ? 0.
$5{chainBroken} == 1 ? bottom
$5{chainBroken} >= 2 ? 0.

[51:]:
-$5{chainBroken} >= 0 ? 0.
$5{chainBroken} == 1 ? bottom
$5{chainBroken} >= 2 ? 0.

[52:]:
-$5{chainBroken} >= 0 ? 0.
$5{chainBroken} == 1 ? bottom
$5{chainBroken} >= 2 ? 0.

[53:]:
-$5{chainBroken} >= 0 ? 0.
$5{chainBroken} == 1 ? bottom
$5{chainBroken} >= 2 ? 0.

[54:]:
-$5{chainBroken} >= 0 ? 0.
$5{chainBroken} == 1 ? bottom
$5{chainBroken} >= 2 ? 0.

[55:]:
-$5{chainBroken} >= 0 ? 0.
$5{chainBroken} == 1 ? bottom
$5{chainBroken} >= 2 ? 0.

[56:]:
-$5{chainBroken} >= 0 ? 0.
$5{chainBroken} == 1 ? bottom
$5{chainBroken} >= 2 ? 0.

[57:]:
-$5{chainBroken} >= 0 ? 0.
$5{chainBroken} == 1 ? bottom
$5{chainBroken} >= 2 ? 0.

[58:]:
-$5{chainBroken} >= 0 ? 0.
$5{chainBroken} == 1 ? bottom
$5{chainBroken} >= 2 ? 0.

[59:]:
-$5{chainBroken} >= 0 ? 0.
$5{chainBroken} == 1 ? bottom
$5{chainBroken} >= 2 ? 0.

[60:]:
-$5{chainBroken} >= 0 ? 0.
$5{chainBroken} == 1 ? bottom
$5{chainBroken} >= 2 ? 0.

[61:]:
-$5{chainBroken} >= 0 ? 0.
$5{chainBroken} == 1 ? bottom
$5{chainBroken} >= 2 ? 0.

[62:]:
-$5{chainBroken} >= 0 ? 0.
$5{chainBroken} == 1 ? bottom
$5{chainBroken} >= 2 ? 0.

[63:]:
top ? 0.

[64:]:
top ? 0.

[65:]:
top ? 0.

[66:]:
top ? 0.

[67:]:
top ? 0.

[68:]:
top ? 0.

[69:]:
top ? 0.

[70:]:
top ? 0.

[71:]:
top ? 0.

[72:]:
top ? 0.

[73:]:
top ? 0.

[74:]:
top ? 0.

[75:]:
top ? 0.

[76:]:
top ? 0.

[77:]:
top ? 0.

[78:]:
top ? 0.

[79:]:
top ? 0.

[80:]:
top ? 0.

[81:]:
top ? 0.

[82:]:
top ? 0.

[83:]:
top ? 0.

[84:]:
top ? 0.

[85:]:
top ? 0.

[86:]:
-$5{chainBroken} >= 0 ? 0.
$5{chainBroken} == 1 ? bottom
$5{chainBroken} >= 2 ? 0.

Property: AG{OR{$5{chainBroken} < 1 || $5{chainBroken} > 1}{AG{$5{chainBroken} <= 1 && $5{chainBroken} >= 1}}}

[ -1:]:
top ? bottom

[28:]:
top ? bottom

[29:]:
top ? bottom

[30:]:
top ? bottom

[31:]:
top ? bottom

[32:]:
top ? bottom

[33:]:
top ? bottom

[34:]:
top ? bottom

[35:]:
top ? bottom

[36:]:
top ? bottom

[37:]:
top ? bottom

[38:]:
top ? bottom

[39:]:
top ? bottom

[40:]:
top ? bottom

[41:]:
top ? bottom

[42:]:
top ? bottom

[43:]:
top ? bottom

[44:]:
top ? bottom

[45:]:
top ? bottom

[46:]:
top ? bottom

[47:]:
top ? bottom

[48:]:
top ? bottom

[49:]:
top ? bottom

[50:]:
top ? bottom

[51:]:
top ? bottom

[52:]:
top ? bottom

[53:]:
top ? bottom

[54:]:
top ? bottom

[55:]:
top ? bottom

[56:]:
top ? bottom

[57:]:
top ? bottom

[58:]:
top ? bottom

[59:]:
top ? bottom

[60:]:
top ? bottom

[61:]:
top ? bottom

[62:]:
top ? bottom

[63:]:
top ? 0.

[64:]:
top ? 0.

[65:]:
top ? 0.

[66:]:
top ? 0.

[67:]:
top ? 0.

[68:]:
top ? 0.

[69:]:
top ? 0.

[70:]:
top ? 0.

[71:]:
top ? 0.

[72:]:
top ? 0.

[73:]:
top ? 0.

[74:]:
top ? 0.

[75:]:
top ? 0.

[76:]:
top ? 0.

[77:]:
top ? 0.

[78:]:
top ? 0.

[79:]:
top ? 0.

[80:]:
top ? 0.

[81:]:
top ? 0.

[82:]:
top ? 0.

[83:]:
top ? 0.

[84:]:
top ? 0.

[85:]:
top ? 0.

[86:]:
top ? bottom


Analysis Result: UNKNOWN
