
CFG:
List of variables:
  $1{error}:int at tests/ctl/ltl_automizer/coolant_basis_3_unsafe_sfty.c:11.4-9
  $2{tempDisplay}:int at tests/ctl/ltl_automizer/coolant_basis_3_unsafe_sfty.c:11.11-22
  $3{warnLED}:int at tests/ctl/ltl_automizer/coolant_basis_3_unsafe_sfty.c:11.24-31
  $4{tempIn}:int at tests/ctl/ltl_automizer/coolant_basis_3_unsafe_sfty.c:11.33-39
  $5{chainBroken}:int at tests/ctl/ltl_automizer/coolant_basis_3_unsafe_sfty.c:11.41-52
  $6{warnLight}:int at tests/ctl/ltl_automizer/coolant_basis_3_unsafe_sfty.c:12.0-9
  $7{temp}:int at tests/ctl/ltl_automizer/coolant_basis_3_unsafe_sfty.c:12.11-15
  $8{otime}:int at tests/ctl/ltl_automizer/coolant_basis_3_unsafe_sfty.c:12.17-22
  $9{time}:int at tests/ctl/ltl_automizer/coolant_basis_3_unsafe_sfty.c:12.28-32
  $10{limit}:int at tests/ctl/ltl_automizer/coolant_basis_3_unsafe_sfty.c:12.38-43
  $11{init}:int at tests/ctl/ltl_automizer/coolant_basis_3_unsafe_sfty.c:12.45-49
  $12{tempdiff}:int at tests/ctl/ltl_automizer/coolant_basis_3_unsafe_sfty.c:15.17-25
  $13{warning}:int at tests/ctl/ltl_automizer/coolant_basis_3_unsafe_sfty.c:15.31-38
  $14{kelvin}:int at tests/ctl/ltl_automizer/coolant_basis_3_unsafe_sfty.c:21.18-24
  $15{__return_vinToCels}:int at tests/ctl/ltl_automizer/coolant_basis_3_unsafe_sfty.c:21.0-29.1
  $16{__ret_vinToCels}:int at tests/ctl/ltl_automizer/coolant_basis_3_unsafe_sfty.c:39.9-18
  $17{__return_main}:int at tests/ctl/ltl_automizer/coolant_basis_3_unsafe_sfty.c:47.0-76.1
  $18{limit}:int at tests/ctl/ltl_automizer/coolant_basis_3_unsafe_sfty.c:62.6-11

List of functions:
  3: coolantControl() -> void at tests/ctl/ltl_automizer/coolant_basis_3_unsafe_sfty.c:31.0-45.1, entry: 11, exit: 12, calls: 46->23
  1: display($12{tempdiff}:int,$13{warning}:int) -> void at tests/ctl/ltl_automizer/coolant_basis_3_unsafe_sfty.c:15.0-19.1, entry: 1, exit: 2, calls: 45->33 42->40 10->6
  4: main() -> $17{__return_main}:int at tests/ctl/ltl_automizer/coolant_basis_3_unsafe_sfty.c:47.0-76.1, entry: 51, exit: 50, calls:
  2: vinToCels($14{kelvin}:int) -> $15{__return_vinToCels}:int at tests/ctl/ltl_automizer/coolant_basis_3_unsafe_sfty.c:21.0-29.1, entry: 4, exit: 5, calls: 18->19

List of nodes:
  51: at :0:-1, in: out:22 
  50: at :0:-1, in: 23 out:
  1: at tests/ctl/ltl_automizer/coolant_basis_3_unsafe_sfty.c:15:0, in: out:3 
  2: at tests/ctl/ltl_automizer/coolant_basis_3_unsafe_sfty.c:19:1, in: 3 out:
  3: at tests/ctl/ltl_automizer/coolant_basis_3_unsafe_sfty.c:17:24, in: 1 out:2 
  4: at tests/ctl/ltl_automizer/coolant_basis_3_unsafe_sfty.c:21:0, in: out:6 7 
  5: at tests/ctl/ltl_automizer/coolant_basis_3_unsafe_sfty.c:29:1, in: 6 out:
  6: at tests/ctl/ltl_automizer/coolant_basis_3_unsafe_sfty.c:27:2, in: 53 4 out:5 
  7: at tests/ctl/ltl_automizer/coolant_basis_3_unsafe_sfty.c:24:1, in: 4 out:8 
  8: at tests/ctl/ltl_automizer/coolant_basis_3_unsafe_sfty.c:25:12, in: 7 out:9 
  9: at tests/ctl/ltl_automizer/coolant_basis_3_unsafe_sfty.c:26:29, in: 8 out:10 
  10: at tests/ctl/ltl_automizer/coolant_basis_3_unsafe_sfty.c:26:22, in: 9 out:52 
  11: at tests/ctl/ltl_automizer/coolant_basis_3_unsafe_sfty.c:31:0, in: 21 17 out:12 13 
  12: at tests/ctl/ltl_automizer/coolant_basis_3_unsafe_sfty.c:45:1, in: 11 out:
  13: at tests/ctl/ltl_automizer/coolant_basis_3_unsafe_sfty.c:34:1, in: 11 out:14 
  14: at tests/ctl/ltl_automizer/coolant_basis_3_unsafe_sfty.c:35:15, in: 13 out:15 
  15: at tests/ctl/ltl_automizer/coolant_basis_3_unsafe_sfty.c:37:15, in: 14 out:16 
  16: at tests/ctl/ltl_automizer/coolant_basis_3_unsafe_sfty.c:38:35, in: 15 out:18 
  17: at tests/ctl/ltl_automizer/coolant_basis_3_unsafe_sfty.c:39:27, in: 20 out:11 21 
  18: at tests/ctl/ltl_automizer/coolant_basis_3_unsafe_sfty.c:39:25, in: 16 out:61 
  19: at tests/ctl/ltl_automizer/coolant_basis_3_unsafe_sfty.c:39:18, in: 62 out:20 
  20: at tests/ctl/ltl_automizer/coolant_basis_3_unsafe_sfty.c:39:18, in: 19 out:17 
  21: at tests/ctl/ltl_automizer/coolant_basis_3_unsafe_sfty.c:41:2, in: 17 out:11 
  22: at tests/ctl/ltl_automizer/coolant_basis_3_unsafe_sfty.c:47:0, in: 51 out:24 
  23: at tests/ctl/ltl_automizer/coolant_basis_3_unsafe_sfty.c:76:1, in: 72 out:50 
  24: at tests/ctl/ltl_automizer/coolant_basis_3_unsafe_sfty.c:49:13, in: 22 out:25 
  25: at tests/ctl/ltl_automizer/coolant_basis_3_unsafe_sfty.c:50:20, in: 24 out:26 
  26: at tests/ctl/ltl_automizer/coolant_basis_3_unsafe_sfty.c:51:16, in: 25 out:27 
  27: at tests/ctl/ltl_automizer/coolant_basis_3_unsafe_sfty.c:52:15, in: 26 out:28 
  28: at tests/ctl/ltl_automizer/coolant_basis_3_unsafe_sfty.c:53:14, in: 27 out:29 
  29: at tests/ctl/ltl_automizer/coolant_basis_3_unsafe_sfty.c:54:20, in: 28 out:30 
  30: at tests/ctl/ltl_automizer/coolant_basis_3_unsafe_sfty.c:55:18, in: 29 out:31 
  31: at tests/ctl/ltl_automizer/coolant_basis_3_unsafe_sfty.c:56:13, in: 30 out:32 
  32: at tests/ctl/ltl_automizer/coolant_basis_3_unsafe_sfty.c:57:14, in: 31 out:33 
  33: at tests/ctl/ltl_automizer/coolant_basis_3_unsafe_sfty.c:58:13, in: 59 32 out:34 35 
  34: at tests/ctl/ltl_automizer/coolant_basis_3_unsafe_sfty.c:72:2, in: 40 33 out:46 
  35: at tests/ctl/ltl_automizer/coolant_basis_3_unsafe_sfty.c:61:1, in: 33 out:36 
  36: at tests/ctl/ltl_automizer/coolant_basis_3_unsafe_sfty.c:62:38, in: 35 out:37 38 
  37: at tests/ctl/ltl_automizer/coolant_basis_3_unsafe_sfty.c:68:9, in: 36 out:43 
  38: at tests/ctl/ltl_automizer/coolant_basis_3_unsafe_sfty.c:64:2, in: 36 out:39 
  39: at tests/ctl/ltl_automizer/coolant_basis_3_unsafe_sfty.c:65:13, in: 38 out:41 
  40: at tests/ctl/ltl_automizer/coolant_basis_3_unsafe_sfty.c:66:21, in: 56 out:34 
  41: at tests/ctl/ltl_automizer/coolant_basis_3_unsafe_sfty.c:66:19, in: 39 out:42 
  42: at tests/ctl/ltl_automizer/coolant_basis_3_unsafe_sfty.c:66:12, in: 41 out:55 
  43: at tests/ctl/ltl_automizer/coolant_basis_3_unsafe_sfty.c:69:13, in: 37 out:44 
  44: at tests/ctl/ltl_automizer/coolant_basis_3_unsafe_sfty.c:70:19, in: 43 out:45 
  45: at tests/ctl/ltl_automizer/coolant_basis_3_unsafe_sfty.c:70:12, in: 44 out:58 
  46: at tests/ctl/ltl_automizer/coolant_basis_3_unsafe_sfty.c:74:10, in: 34 out:71 
  47: at tests/ctl/ltl_automizer/coolant_basis_3_unsafe_sfty.c:11:0, in: out:49 
  48: at tests/ctl/ltl_automizer/coolant_basis_3_unsafe_sfty.c:76:1, in: 49 out:
  49: at tests/ctl/ltl_automizer/coolant_basis_3_unsafe_sfty.c:12:36, in: 47 out:48 
  52: at tests/ctl/ltl_automizer/coolant_basis_3_unsafe_sfty.c:15:0, in: 10 out:54 
  53: at tests/ctl/ltl_automizer/coolant_basis_3_unsafe_sfty.c:19:1, in: 54 out:6 
  54: at tests/ctl/ltl_automizer/coolant_basis_3_unsafe_sfty.c:17:24, in: 52 out:53 
  55: at tests/ctl/ltl_automizer/coolant_basis_3_unsafe_sfty.c:15:0, in: 42 out:57 
  56: at tests/ctl/ltl_automizer/coolant_basis_3_unsafe_sfty.c:19:1, in: 57 out:40 
  57: at tests/ctl/ltl_automizer/coolant_basis_3_unsafe_sfty.c:17:24, in: 55 out:56 
  58: at tests/ctl/ltl_automizer/coolant_basis_3_unsafe_sfty.c:15:0, in: 45 out:60 
  59: at tests/ctl/ltl_automizer/coolant_basis_3_unsafe_sfty.c:19:1, in: 60 out:33 
  60: at tests/ctl/ltl_automizer/coolant_basis_3_unsafe_sfty.c:17:24, in: 58 out:59 
  61: at tests/ctl/ltl_automizer/coolant_basis_3_unsafe_sfty.c:21:0, in: 18 out:63 64 
  62: at tests/ctl/ltl_automizer/coolant_basis_3_unsafe_sfty.c:29:1, in: 63 out:19 
  63: at tests/ctl/ltl_automizer/coolant_basis_3_unsafe_sfty.c:27:2, in: 69 61 out:62 
  64: at tests/ctl/ltl_automizer/coolant_basis_3_unsafe_sfty.c:24:1, in: 61 out:65 
  65: at tests/ctl/ltl_automizer/coolant_basis_3_unsafe_sfty.c:25:12, in: 64 out:66 
  66: at tests/ctl/ltl_automizer/coolant_basis_3_unsafe_sfty.c:26:29, in: 65 out:67 
  67: at tests/ctl/ltl_automizer/coolant_basis_3_unsafe_sfty.c:26:22, in: 66 out:68 
  68: at tests/ctl/ltl_automizer/coolant_basis_3_unsafe_sfty.c:15:0, in: 67 out:70 
  69: at tests/ctl/ltl_automizer/coolant_basis_3_unsafe_sfty.c:19:1, in: 70 out:63 
  70: at tests/ctl/ltl_automizer/coolant_basis_3_unsafe_sfty.c:17:24, in: 68 out:69 
  71: at tests/ctl/ltl_automizer/coolant_basis_3_unsafe_sfty.c:31:0, in: 46 81 77 out:72 73 
  72: at tests/ctl/ltl_automizer/coolant_basis_3_unsafe_sfty.c:45:1, in: 71 out:23 
  73: at tests/ctl/ltl_automizer/coolant_basis_3_unsafe_sfty.c:34:1, in: 71 out:74 
  74: at tests/ctl/ltl_automizer/coolant_basis_3_unsafe_sfty.c:35:15, in: 73 out:75 
  75: at tests/ctl/ltl_automizer/coolant_basis_3_unsafe_sfty.c:37:15, in: 74 out:76 
  76: at tests/ctl/ltl_automizer/coolant_basis_3_unsafe_sfty.c:38:35, in: 75 out:78 
  77: at tests/ctl/ltl_automizer/coolant_basis_3_unsafe_sfty.c:39:27, in: 80 out:71 81 
  78: at tests/ctl/ltl_automizer/coolant_basis_3_unsafe_sfty.c:39:25, in: 76 out:82 
  79: at tests/ctl/ltl_automizer/coolant_basis_3_unsafe_sfty.c:39:18, in: 83 out:80 
  80: at tests/ctl/ltl_automizer/coolant_basis_3_unsafe_sfty.c:39:18, in: 79 out:77 
  81: at tests/ctl/ltl_automizer/coolant_basis_3_unsafe_sfty.c:41:2, in: 77 out:71 
  82: at tests/ctl/ltl_automizer/coolant_basis_3_unsafe_sfty.c:21:0, in: 78 out:84 85 
  83: at tests/ctl/ltl_automizer/coolant_basis_3_unsafe_sfty.c:29:1, in: 84 out:79 
  84: at tests/ctl/ltl_automizer/coolant_basis_3_unsafe_sfty.c:27:2, in: 90 82 out:83 
  85: at tests/ctl/ltl_automizer/coolant_basis_3_unsafe_sfty.c:24:1, in: 82 out:86 
  86: at tests/ctl/ltl_automizer/coolant_basis_3_unsafe_sfty.c:25:12, in: 85 out:87 
  87: at tests/ctl/ltl_automizer/coolant_basis_3_unsafe_sfty.c:26:29, in: 86 out:88 
  88: at tests/ctl/ltl_automizer/coolant_basis_3_unsafe_sfty.c:26:22, in: 87 out:89 
  89: at tests/ctl/ltl_automizer/coolant_basis_3_unsafe_sfty.c:15:0, in: 88 out:91 
  90: at tests/ctl/ltl_automizer/coolant_basis_3_unsafe_sfty.c:19:1, in: 91 out:84 
  91: at tests/ctl/ltl_automizer/coolant_basis_3_unsafe_sfty.c:17:24, in: 89 out:90 

List of arcs:
  72 -> 23: return: coolantControl
  46 -> 71: call: coolantControl
  62 -> 19: return: vinToCels
  18 -> 61: call: vinToCels
  59 -> 33: return: display
  45 -> 58: call: display
  56 -> 40: return: display
  42 -> 55: call: display
  53 -> 6: return: display
  10 -> 52: call: display
  51 -> 22: label entry
  23 -> 50: label exit
  1 -> 3: $2{tempDisplay} = $12{tempdiff}
  3 -> 2: $3{warnLED} = $13{warning}
  4 -> 7: $7{temp} < 0 ?
  4 -> 6: ! ($7{temp} < 0) ?
  7 -> 8: $1{error} = 1
  8 -> 9: $13{warning} = $1{error}
  9 -> 10: $12{tempdiff} = $14{kelvin} - 273
  6 -> 5: $15{__return_vinToCels} = $14{kelvin} - 273
  11 -> 13: 1 != 0 ?
  11 -> 12: ! (1 != 0) ?
  13 -> 14: $8{otime} = $9{time}
  14 -> 15: $9{time} = $8{otime}
  15 -> 16: $4{tempIn} = ?
  16 -> 18: $14{kelvin} = $4{tempIn}
  19 -> 20: $16{__ret_vinToCels} = $15{__return_vinToCels}
  20 -> 17: $7{temp} = $16{__ret_vinToCels}
  17 -> 21: $7{temp} > $10{limit} ?
  17 -> 11: ! ($7{temp} > $10{limit}) ?
  21 -> 11: $5{chainBroken} = 1
  22 -> 24: $11{init} = 0
  24 -> 25: $2{tempDisplay} = 0
  25 -> 26: $3{warnLED} = 1
  26 -> 27: $4{tempIn} = 0
  27 -> 28: $1{error} = 0
  28 -> 29: $5{chainBroken} = 0
  29 -> 30: $6{warnLight} = 0
  30 -> 31: $7{temp} = 0
  31 -> 32: $10{limit} = 8
  32 -> 33: $11{init} = 1
  33 -> 35: 1 != 0 ?
  33 -> 34: ! (1 != 0) ?
  35 -> 36: $18{limit} = ?
  36 -> 38: $18{limit} < 10 && $18{limit} > - 273 ?
  36 -> 37: ! ($18{limit} < 10 && $18{limit} > - 273) ?
  38 -> 39: $1{error} = 0
  39 -> 41: $13{warning} = $1{error}
  41 -> 42: $12{tempdiff} = 0
  40 -> 34: skip: break
  37 -> 43: $1{error} = 1
  43 -> 44: $13{warning} = $1{error}
  44 -> 45: $12{tempdiff} = 0
  34 -> 46: $11{init} = 3
  47 -> 49: $9{time} = 0
  49 -> 48: $8{otime} = 0
  52 -> 54: $2{tempDisplay} = $12{tempdiff}
  54 -> 53: $3{warnLED} = $13{warning}
  55 -> 57: $2{tempDisplay} = $12{tempdiff}
  57 -> 56: $3{warnLED} = $13{warning}
  58 -> 60: $2{tempDisplay} = $12{tempdiff}
  60 -> 59: $3{warnLED} = $13{warning}
  61 -> 63: ! ($7{temp} < 0) ?
  61 -> 64: $7{temp} < 0 ?
  63 -> 62: $15{__return_vinToCels} = $14{kelvin} - 273
  64 -> 65: $1{error} = 1
  65 -> 66: $13{warning} = $1{error}
  66 -> 67: $12{tempdiff} = $14{kelvin} - 273
  67 -> 68: call: display
  68 -> 70: $2{tempDisplay} = $12{tempdiff}
  69 -> 63: return: display
  70 -> 69: $3{warnLED} = $13{warning}
  71 -> 72: ! (1 != 0) ?
  71 -> 73: 1 != 0 ?
  73 -> 74: $8{otime} = $9{time}
  74 -> 75: $9{time} = $8{otime}
  75 -> 76: $4{tempIn} = ?
  76 -> 78: $14{kelvin} = $4{tempIn}
  77 -> 71: ! ($7{temp} > $10{limit}) ?
  77 -> 81: $7{temp} > $10{limit} ?
  78 -> 82: call: vinToCels
  79 -> 80: $16{__ret_vinToCels} = $15{__return_vinToCels}
  80 -> 77: $7{temp} = $16{__ret_vinToCels}
  81 -> 71: $5{chainBroken} = 1
  82 -> 84: ! ($7{temp} < 0) ?
  82 -> 85: $7{temp} < 0 ?
  83 -> 79: return: vinToCels
  84 -> 83: $15{__return_vinToCels} = $14{kelvin} - 273
  85 -> 86: $1{error} = 1
  86 -> 87: $13{warning} = $1{error}
  87 -> 88: $12{tempdiff} = $14{kelvin} - 273
  88 -> 89: call: display
  89 -> 91: $2{tempDisplay} = $12{tempdiff}
  90 -> 84: return: display
  91 -> 90: $3{warnLED} = $13{warning}


Property: $9{time} > $8{otime}

[1:]:
-$8{otime}+$9{time} >= 1 ? 0.
$8{otime}-$9{time} >= 0 ? bottom

[2:]:
-$8{otime}+$9{time} >= 1 ? 0.
$8{otime}-$9{time} >= 0 ? bottom

[3:]:
-$8{otime}+$9{time} >= 1 ? 0.
$8{otime}-$9{time} >= 0 ? bottom

[4:]:
-$8{otime}+$9{time} >= 1 ? 0.
$8{otime}-$9{time} >= 0 ? bottom

[5:]:
-$8{otime}+$9{time} >= 1 ? 0.
$8{otime}-$9{time} >= 0 ? bottom

[6:]:
-$8{otime}+$9{time} >= 1 ? 0.
$8{otime}-$9{time} >= 0 ? bottom

[7:]:
-$8{otime}+$9{time} >= 1 ? 0.
$8{otime}-$9{time} >= 0 ? bottom

[8:]:
-$8{otime}+$9{time} >= 1 ? 0.
$8{otime}-$9{time} >= 0 ? bottom

[9:]:
-$8{otime}+$9{time} >= 1 ? 0.
$8{otime}-$9{time} >= 0 ? bottom

[10:]:
-$8{otime}+$9{time} >= 1 ? 0.
$8{otime}-$9{time} >= 0 ? bottom

[11:]:
-$8{otime}+$9{time} >= 1 ? 0.
$8{otime}-$9{time} >= 0 ? bottom

[12:]:
-$8{otime}+$9{time} >= 1 ? 0.
$8{otime}-$9{time} >= 0 ? bottom

[13:]:
-$8{otime}+$9{time} >= 1 ? 0.
$8{otime}-$9{time} >= 0 ? bottom

[14:]:
-$8{otime}+$9{time} >= 1 ? 0.
$8{otime}-$9{time} >= 0 ? bottom

[15:]:
-$8{otime}+$9{time} >= 1 ? 0.
$8{otime}-$9{time} >= 0 ? bottom

[16:]:
-$8{otime}+$9{time} >= 1 ? 0.
$8{otime}-$9{time} >= 0 ? bottom

[17:]:
-$8{otime}+$9{time} >= 1 ? 0.
$8{otime}-$9{time} >= 0 ? bottom

[18:]:
-$8{otime}+$9{time} >= 1 ? 0.
$8{otime}-$9{time} >= 0 ? bottom

[19:]:
-$8{otime}+$9{time} >= 1 ? 0.
$8{otime}-$9{time} >= 0 ? bottom

[20:]:
-$8{otime}+$9{time} >= 1 ? 0.
$8{otime}-$9{time} >= 0 ? bottom

[21:]:
-$8{otime}+$9{time} >= 1 ? 0.
$8{otime}-$9{time} >= 0 ? bottom

[22:]:
-$8{otime}+$9{time} >= 1 ? 0.
$8{otime}-$9{time} >= 0 ? bottom

[23:]:
-$8{otime}+$9{time} >= 1 ? 0.
$8{otime}-$9{time} >= 0 ? bottom

[24:]:
-$8{otime}+$9{time} >= 1 ? 0.
$8{otime}-$9{time} >= 0 ? bottom

[25:]:
-$8{otime}+$9{time} >= 1 ? 0.
$8{otime}-$9{time} >= 0 ? bottom

[26:]:
-$8{otime}+$9{time} >= 1 ? 0.
$8{otime}-$9{time} >= 0 ? bottom

[27:]:
-$8{otime}+$9{time} >= 1 ? 0.
$8{otime}-$9{time} >= 0 ? bottom

[28:]:
-$8{otime}+$9{time} >= 1 ? 0.
$8{otime}-$9{time} >= 0 ? bottom

[29:]:
-$8{otime}+$9{time} >= 1 ? 0.
$8{otime}-$9{time} >= 0 ? bottom

[30:]:
-$8{otime}+$9{time} >= 1 ? 0.
$8{otime}-$9{time} >= 0 ? bottom

[31:]:
-$8{otime}+$9{time} >= 1 ? 0.
$8{otime}-$9{time} >= 0 ? bottom

[32:]:
-$8{otime}+$9{time} >= 1 ? 0.
$8{otime}-$9{time} >= 0 ? bottom

[33:]:
-$8{otime}+$9{time} >= 1 ? 0.
$8{otime}-$9{time} >= 0 ? bottom

[34:]:
-$8{otime}+$9{time} >= 1 ? 0.
$8{otime}-$9{time} >= 0 ? bottom

[35:]:
-$8{otime}+$9{time} >= 1 ? 0.
$8{otime}-$9{time} >= 0 ? bottom

[36:]:
-$8{otime}+$9{time} >= 1 ? 0.
$8{otime}-$9{time} >= 0 ? bottom

[37:]:
-$8{otime}+$9{time} >= 1 ? 0.
$8{otime}-$9{time} >= 0 ? bottom

[38:]:
-$8{otime}+$9{time} >= 1 ? 0.
$8{otime}-$9{time} >= 0 ? bottom

[39:]:
-$8{otime}+$9{time} >= 1 ? 0.
$8{otime}-$9{time} >= 0 ? bottom

[40:]:
-$8{otime}+$9{time} >= 1 ? 0.
$8{otime}-$9{time} >= 0 ? bottom

[41:]:
-$8{otime}+$9{time} >= 1 ? 0.
$8{otime}-$9{time} >= 0 ? bottom

[42:]:
-$8{otime}+$9{time} >= 1 ? 0.
$8{otime}-$9{time} >= 0 ? bottom

[43:]:
-$8{otime}+$9{time} >= 1 ? 0.
$8{otime}-$9{time} >= 0 ? bottom

[44:]:
-$8{otime}+$9{time} >= 1 ? 0.
$8{otime}-$9{time} >= 0 ? bottom

[45:]:
-$8{otime}+$9{time} >= 1 ? 0.
$8{otime}-$9{time} >= 0 ? bottom

[46:]:
-$8{otime}+$9{time} >= 1 ? 0.
$8{otime}-$9{time} >= 0 ? bottom

[47:]:
-$8{otime}+$9{time} >= 1 ? 0.
$8{otime}-$9{time} >= 0 ? bottom

[48:]:
-$8{otime}+$9{time} >= 1 ? 0.
$8{otime}-$9{time} >= 0 ? bottom

[49:]:
-$8{otime}+$9{time} >= 1 ? 0.
$8{otime}-$9{time} >= 0 ? bottom

[50:]:
-$8{otime}+$9{time} >= 1 ? 0.
$8{otime}-$9{time} >= 0 ? bottom

[51:]:
-$8{otime}+$9{time} >= 1 ? 0.
$8{otime}-$9{time} >= 0 ? bottom

[52:]:
-$8{otime}+$9{time} >= 1 ? 0.
$8{otime}-$9{time} >= 0 ? bottom

[53:]:
-$8{otime}+$9{time} >= 1 ? 0.
$8{otime}-$9{time} >= 0 ? bottom

[54:]:
-$8{otime}+$9{time} >= 1 ? 0.
$8{otime}-$9{time} >= 0 ? bottom

[55:]:
-$8{otime}+$9{time} >= 1 ? 0.
$8{otime}-$9{time} >= 0 ? bottom

[56:]:
-$8{otime}+$9{time} >= 1 ? 0.
$8{otime}-$9{time} >= 0 ? bottom

[57:]:
-$8{otime}+$9{time} >= 1 ? 0.
$8{otime}-$9{time} >= 0 ? bottom

[58:]:
-$8{otime}+$9{time} >= 1 ? 0.
$8{otime}-$9{time} >= 0 ? bottom

[59:]:
-$8{otime}+$9{time} >= 1 ? 0.
$8{otime}-$9{time} >= 0 ? bottom

[60:]:
-$8{otime}+$9{time} >= 1 ? 0.
$8{otime}-$9{time} >= 0 ? bottom

[61:]:
-$8{otime}+$9{time} >= 1 ? 0.
$8{otime}-$9{time} >= 0 ? bottom

[62:]:
-$8{otime}+$9{time} >= 1 ? 0.
$8{otime}-$9{time} >= 0 ? bottom

[63:]:
-$8{otime}+$9{time} >= 1 ? 0.
$8{otime}-$9{time} >= 0 ? bottom

[64:]:
-$8{otime}+$9{time} >= 1 ? 0.
$8{otime}-$9{time} >= 0 ? bottom

[65:]:
-$8{otime}+$9{time} >= 1 ? 0.
$8{otime}-$9{time} >= 0 ? bottom

[66:]:
-$8{otime}+$9{time} >= 1 ? 0.
$8{otime}-$9{time} >= 0 ? bottom

[67:]:
-$8{otime}+$9{time} >= 1 ? 0.
$8{otime}-$9{time} >= 0 ? bottom

[68:]:
-$8{otime}+$9{time} >= 1 ? 0.
$8{otime}-$9{time} >= 0 ? bottom

[69:]:
-$8{otime}+$9{time} >= 1 ? 0.
$8{otime}-$9{time} >= 0 ? bottom

[70:]:
-$8{otime}+$9{time} >= 1 ? 0.
$8{otime}-$9{time} >= 0 ? bottom

[71:]:
-$8{otime}+$9{time} >= 1 ? 0.
$8{otime}-$9{time} >= 0 ? bottom

[72:]:
-$8{otime}+$9{time} >= 1 ? 0.
$8{otime}-$9{time} >= 0 ? bottom

[73:]:
-$8{otime}+$9{time} >= 1 ? 0.
$8{otime}-$9{time} >= 0 ? bottom

[74:]:
-$8{otime}+$9{time} >= 1 ? 0.
$8{otime}-$9{time} >= 0 ? bottom

[75:]:
-$8{otime}+$9{time} >= 1 ? 0.
$8{otime}-$9{time} >= 0 ? bottom

[76:]:
-$8{otime}+$9{time} >= 1 ? 0.
$8{otime}-$9{time} >= 0 ? bottom

[77:]:
-$8{otime}+$9{time} >= 1 ? 0.
$8{otime}-$9{time} >= 0 ? bottom

[78:]:
-$8{otime}+$9{time} >= 1 ? 0.
$8{otime}-$9{time} >= 0 ? bottom

[79:]:
-$8{otime}+$9{time} >= 1 ? 0.
$8{otime}-$9{time} >= 0 ? bottom

[80:]:
-$8{otime}+$9{time} >= 1 ? 0.
$8{otime}-$9{time} >= 0 ? bottom

[81:]:
-$8{otime}+$9{time} >= 1 ? 0.
$8{otime}-$9{time} >= 0 ? bottom

[82:]:
-$8{otime}+$9{time} >= 1 ? 0.
$8{otime}-$9{time} >= 0 ? bottom

[83:]:
-$8{otime}+$9{time} >= 1 ? 0.
$8{otime}-$9{time} >= 0 ? bottom

[84:]:
-$8{otime}+$9{time} >= 1 ? 0.
$8{otime}-$9{time} >= 0 ? bottom

[85:]:
-$8{otime}+$9{time} >= 1 ? 0.
$8{otime}-$9{time} >= 0 ? bottom

[86:]:
-$8{otime}+$9{time} >= 1 ? 0.
$8{otime}-$9{time} >= 0 ? bottom

[87:]:
-$8{otime}+$9{time} >= 1 ? 0.
$8{otime}-$9{time} >= 0 ? bottom

[88:]:
-$8{otime}+$9{time} >= 1 ? 0.
$8{otime}-$9{time} >= 0 ? bottom

[89:]:
-$8{otime}+$9{time} >= 1 ? 0.
$8{otime}-$9{time} >= 0 ? bottom

[90:]:
-$8{otime}+$9{time} >= 1 ? 0.
$8{otime}-$9{time} >= 0 ? bottom

[91:]:
-$8{otime}+$9{time} >= 1 ? 0.
$8{otime}-$9{time} >= 0 ? bottom

Property: AF{$9{time} > $8{otime}}

[1:]:
top ? bottom

[2:]:
top ? bottom

[3:]:
top ? bottom

[4:]:
top ? bottom

[5:]:
top ? bottom

[6:]:
top ? bottom

[7:]:
top ? bottom

[8:]:
top ? bottom

[9:]:
top ? bottom

[10:]:
top ? bottom

[11:]:
top ? bottom

[12:]:
top ? bottom

[13:]:
top ? bottom

[14:]:
top ? bottom

[15:]:
top ? bottom

[16:]:
top ? bottom

[17:]:
top ? bottom

[18:]:
top ? bottom

[19:]:
top ? bottom

[20:]:
top ? bottom

[21:]:
top ? bottom

[22:]:
top ? bottom

[23:]:
-$8{otime}+$9{time} >= 1 ? 0.
$8{otime}-$9{time} >= 0 ? bottom

[24:]:
top ? bottom

[25:]:
top ? bottom

[26:]:
top ? bottom

[27:]:
top ? bottom

[28:]:
top ? bottom

[29:]:
top ? bottom

[30:]:
top ? bottom

[31:]:
top ? bottom

[32:]:
top ? bottom

[33:]:
top ? bottom

[34:]:
-$8{otime}+$9{time} >= 1 ? 0.
$8{otime}-$9{time} >= 0 ? bottom

[35:]:
-$8{otime}+$9{time} >= 1 ? 0.
$8{otime}-$9{time} >= 0 ? bottom

[36:]:
-$8{otime}+$9{time} >= 1 ? 0.
$8{otime}-$9{time} >= 0 ? bottom

[37:]:
top ? bottom

[38:]:
-$8{otime}+$9{time} >= 1 ? 0.
$8{otime}-$9{time} >= 0 ? bottom

[39:]:
-$8{otime}+$9{time} >= 1 ? 0.
$8{otime}-$9{time} >= 0 ? bottom

[40:]:
-$8{otime}+$9{time} >= 1 ? 0.
$8{otime}-$9{time} >= 0 ? bottom

[41:]:
-$8{otime}+$9{time} >= 1 ? 0.
$8{otime}-$9{time} >= 0 ? bottom

[42:]:
-$8{otime}+$9{time} >= 1 ? 0.
$8{otime}-$9{time} >= 0 ? bottom

[43:]:
top ? bottom

[44:]:
top ? bottom

[45:]:
top ? bottom

[46:]:
-$8{otime}+$9{time} >= 1 ? 0.
$8{otime}-$9{time} >= 0 ? bottom

[47:]:
top ? bottom

[48:]:
top ? bottom

[49:]:
top ? bottom

[50:]:
-$8{otime}+$9{time} >= 1 ? 0.
$8{otime}-$9{time} >= 0 ? bottom

[51:]:
top ? bottom

[52:]:
top ? bottom

[53:]:
top ? bottom

[54:]:
top ? bottom

[55:]:
-$8{otime}+$9{time} >= 1 ? 0.
$8{otime}-$9{time} >= 0 ? bottom

[56:]:
-$8{otime}+$9{time} >= 1 ? 0.
$8{otime}-$9{time} >= 0 ? bottom

[57:]:
-$8{otime}+$9{time} >= 1 ? 0.
$8{otime}-$9{time} >= 0 ? bottom

[58:]:
top ? bottom

[59:]:
top ? bottom

[60:]:
top ? bottom

[61:]:
top ? bottom

[62:]:
top ? bottom

[63:]:
top ? bottom

[64:]:
top ? bottom

[65:]:
top ? bottom

[66:]:
top ? bottom

[67:]:
top ? bottom

[68:]:
top ? bottom

[69:]:
top ? bottom

[70:]:
top ? bottom

[71:]:
-$8{otime}+$9{time} >= 1 ? 0.
$8{otime}-$9{time} >= 0 ? bottom

[72:]:
-$8{otime}+$9{time} >= 1 ? 0.
$8{otime}-$9{time} >= 0 ? bottom

[73:]:
-$8{otime}+$9{time} >= 1 ? 0.
$8{otime}-$9{time} >= 0 ? bottom

[74:]:
-$8{otime}+$9{time} >= 1 ? 0.
$8{otime}-$9{time} >= 0 ? bottom

[75:]:
-$8{otime}+$9{time} >= 1 ? 0.
$8{otime}-$9{time} >= 0 ? bottom

[76:]:
-$8{otime}+$9{time} >= 1 ? 0.
$8{otime}-$9{time} >= 0 ? bottom

[77:]:
-$8{otime}+$9{time} >= 1 ? 0.
$8{otime}-$9{time} >= 0 ? bottom

[78:]:
-$8{otime}+$9{time} >= 1 ? 0.
$8{otime}-$9{time} >= 0 ? bottom

[79:]:
-$8{otime}+$9{time} >= 1 ? 0.
$8{otime}-$9{time} >= 0 ? bottom

[80:]:
-$8{otime}+$9{time} >= 1 ? 0.
$8{otime}-$9{time} >= 0 ? bottom

[81:]:
-$8{otime}+$9{time} >= 1 ? 0.
$8{otime}-$9{time} >= 0 ? bottom

[82:]:
-$8{otime}+$9{time} >= 1 ? 0.
$8{otime}-$9{time} >= 0 ? bottom

[83:]:
-$8{otime}+$9{time} >= 1 ? 0.
$8{otime}-$9{time} >= 0 ? bottom

[84:]:
-$8{otime}+$9{time} >= 1 ? 0.
$8{otime}-$9{time} >= 0 ? bottom

[85:]:
-$8{otime}+$9{time} >= 1 ? 0.
$8{otime}-$9{time} >= 0 ? bottom

[86:]:
-$8{otime}+$9{time} >= 1 ? 0.
$8{otime}-$9{time} >= 0 ? bottom

[87:]:
-$8{otime}+$9{time} >= 1 ? 0.
$8{otime}-$9{time} >= 0 ? bottom

[88:]:
-$8{otime}+$9{time} >= 1 ? 0.
$8{otime}-$9{time} >= 0 ? bottom

[89:]:
-$8{otime}+$9{time} >= 1 ? 0.
$8{otime}-$9{time} >= 0 ? bottom

[90:]:
-$8{otime}+$9{time} >= 1 ? 0.
$8{otime}-$9{time} >= 0 ? bottom

[91:]:
-$8{otime}+$9{time} >= 1 ? 0.
$8{otime}-$9{time} >= 0 ? bottom

Property: AG{AF{$9{time} > $8{otime}}}

[1:]:
top ? bottom

[2:]:
top ? bottom

[3:]:
top ? bottom

[4:]:
top ? bottom

[5:]:
top ? bottom

[6:]:
top ? bottom

[7:]:
top ? bottom

[8:]:
top ? bottom

[9:]:
top ? bottom

[10:]:
top ? bottom

[11:]:
top ? bottom

[12:]:
top ? bottom

[13:]:
top ? bottom

[14:]:
top ? bottom

[15:]:
top ? bottom

[16:]:
top ? bottom

[17:]:
top ? bottom

[18:]:
top ? bottom

[19:]:
top ? bottom

[20:]:
top ? bottom

[21:]:
top ? bottom

[22:]:
top ? bottom

[23:]:
top ? bottom

[24:]:
top ? bottom

[25:]:
top ? bottom

[26:]:
top ? bottom

[27:]:
top ? bottom

[28:]:
top ? bottom

[29:]:
top ? bottom

[30:]:
top ? bottom

[31:]:
top ? bottom

[32:]:
top ? bottom

[33:]:
top ? bottom

[34:]:
top ? bottom

[35:]:
top ? bottom

[36:]:
top ? bottom

[37:]:
top ? bottom

[38:]:
top ? bottom

[39:]:
top ? bottom

[40:]:
top ? bottom

[41:]:
top ? bottom

[42:]:
top ? bottom

[43:]:
top ? bottom

[44:]:
top ? bottom

[45:]:
top ? bottom

[46:]:
top ? bottom

[47:]:
top ? bottom

[48:]:
top ? bottom

[49:]:
top ? bottom

[50:]:
top ? bottom

[51:]:
top ? bottom

[52:]:
top ? bottom

[53:]:
top ? bottom

[54:]:
top ? bottom

[55:]:
top ? bottom

[56:]:
top ? bottom

[57:]:
top ? bottom

[58:]:
top ? bottom

[59:]:
top ? bottom

[60:]:
top ? bottom

[61:]:
top ? bottom

[62:]:
top ? bottom

[63:]:
top ? bottom

[64:]:
top ? bottom

[65:]:
top ? bottom

[66:]:
top ? bottom

[67:]:
top ? bottom

[68:]:
top ? bottom

[69:]:
top ? bottom

[70:]:
top ? bottom

[71:]:
top ? bottom

[72:]:
top ? bottom

[73:]:
top ? bottom

[74:]:
top ? bottom

[75:]:
top ? bottom

[76:]:
top ? bottom

[77:]:
top ? bottom

[78:]:
top ? bottom

[79:]:
top ? bottom

[80:]:
top ? bottom

[81:]:
top ? bottom

[82:]:
top ? bottom

[83:]:
top ? bottom

[84:]:
top ? bottom

[85:]:
top ? bottom

[86:]:
top ? bottom

[87:]:
top ? bottom

[88:]:
top ? bottom

[89:]:
top ? bottom

[90:]:
top ? bottom

[91:]:
top ? bottom

Property: $11{init} != 3

[1:]:
-$11{init} >= -2 ? 0.
$11{init} == 3 ? bottom
$11{init} >= 4 ? 0.

[2:]:
-$11{init} >= -2 ? 0.
$11{init} == 3 ? bottom
$11{init} >= 4 ? 0.

[3:]:
-$11{init} >= -2 ? 0.
$11{init} == 3 ? bottom
$11{init} >= 4 ? 0.

[4:]:
-$11{init} >= -2 ? 0.
$11{init} == 3 ? bottom
$11{init} >= 4 ? 0.

[5:]:
-$11{init} >= -2 ? 0.
$11{init} == 3 ? bottom
$11{init} >= 4 ? 0.

[6:]:
-$11{init} >= -2 ? 0.
$11{init} == 3 ? bottom
$11{init} >= 4 ? 0.

[7:]:
-$11{init} >= -2 ? 0.
$11{init} == 3 ? bottom
$11{init} >= 4 ? 0.

[8:]:
-$11{init} >= -2 ? 0.
$11{init} == 3 ? bottom
$11{init} >= 4 ? 0.

[9:]:
-$11{init} >= -2 ? 0.
$11{init} == 3 ? bottom
$11{init} >= 4 ? 0.

[10:]:
-$11{init} >= -2 ? 0.
$11{init} == 3 ? bottom
$11{init} >= 4 ? 0.

[11:]:
-$11{init} >= -2 ? 0.
$11{init} == 3 ? bottom
$11{init} >= 4 ? 0.

[12:]:
-$11{init} >= -2 ? 0.
$11{init} == 3 ? bottom
$11{init} >= 4 ? 0.

[13:]:
-$11{init} >= -2 ? 0.
$11{init} == 3 ? bottom
$11{init} >= 4 ? 0.

[14:]:
-$11{init} >= -2 ? 0.
$11{init} == 3 ? bottom
$11{init} >= 4 ? 0.

[15:]:
-$11{init} >= -2 ? 0.
$11{init} == 3 ? bottom
$11{init} >= 4 ? 0.

[16:]:
-$11{init} >= -2 ? 0.
$11{init} == 3 ? bottom
$11{init} >= 4 ? 0.

[17:]:
-$11{init} >= -2 ? 0.
$11{init} == 3 ? bottom
$11{init} >= 4 ? 0.

[18:]:
-$11{init} >= -2 ? 0.
$11{init} == 3 ? bottom
$11{init} >= 4 ? 0.

[19:]:
-$11{init} >= -2 ? 0.
$11{init} == 3 ? bottom
$11{init} >= 4 ? 0.

[20:]:
-$11{init} >= -2 ? 0.
$11{init} == 3 ? bottom
$11{init} >= 4 ? 0.

[21:]:
-$11{init} >= -2 ? 0.
$11{init} == 3 ? bottom
$11{init} >= 4 ? 0.

[22:]:
-$11{init} >= -2 ? 0.
$11{init} == 3 ? bottom
$11{init} >= 4 ? 0.

[23:]:
-$11{init} >= -2 ? 0.
$11{init} == 3 ? bottom
$11{init} >= 4 ? 0.

[24:]:
-$11{init} >= -2 ? 0.
$11{init} == 3 ? bottom
$11{init} >= 4 ? 0.

[25:]:
-$11{init} >= -2 ? 0.
$11{init} == 3 ? bottom
$11{init} >= 4 ? 0.

[26:]:
-$11{init} >= -2 ? 0.
$11{init} == 3 ? bottom
$11{init} >= 4 ? 0.

[27:]:
-$11{init} >= -2 ? 0.
$11{init} == 3 ? bottom
$11{init} >= 4 ? 0.

[28:]:
-$11{init} >= -2 ? 0.
$11{init} == 3 ? bottom
$11{init} >= 4 ? 0.

[29:]:
-$11{init} >= -2 ? 0.
$11{init} == 3 ? bottom
$11{init} >= 4 ? 0.

[30:]:
-$11{init} >= -2 ? 0.
$11{init} == 3 ? bottom
$11{init} >= 4 ? 0.

[31:]:
-$11{init} >= -2 ? 0.
$11{init} == 3 ? bottom
$11{init} >= 4 ? 0.

[32:]:
-$11{init} >= -2 ? 0.
$11{init} == 3 ? bottom
$11{init} >= 4 ? 0.

[33:]:
-$11{init} >= -2 ? 0.
$11{init} == 3 ? bottom
$11{init} >= 4 ? 0.

[34:]:
-$11{init} >= -2 ? 0.
$11{init} == 3 ? bottom
$11{init} >= 4 ? 0.

[35:]:
-$11{init} >= -2 ? 0.
$11{init} == 3 ? bottom
$11{init} >= 4 ? 0.

[36:]:
-$11{init} >= -2 ? 0.
$11{init} == 3 ? bottom
$11{init} >= 4 ? 0.

[37:]:
-$11{init} >= -2 ? 0.
$11{init} == 3 ? bottom
$11{init} >= 4 ? 0.

[38:]:
-$11{init} >= -2 ? 0.
$11{init} == 3 ? bottom
$11{init} >= 4 ? 0.

[39:]:
-$11{init} >= -2 ? 0.
$11{init} == 3 ? bottom
$11{init} >= 4 ? 0.

[40:]:
-$11{init} >= -2 ? 0.
$11{init} == 3 ? bottom
$11{init} >= 4 ? 0.

[41:]:
-$11{init} >= -2 ? 0.
$11{init} == 3 ? bottom
$11{init} >= 4 ? 0.

[42:]:
-$11{init} >= -2 ? 0.
$11{init} == 3 ? bottom
$11{init} >= 4 ? 0.

[43:]:
-$11{init} >= -2 ? 0.
$11{init} == 3 ? bottom
$11{init} >= 4 ? 0.

[44:]:
-$11{init} >= -2 ? 0.
$11{init} == 3 ? bottom
$11{init} >= 4 ? 0.

[45:]:
-$11{init} >= -2 ? 0.
$11{init} == 3 ? bottom
$11{init} >= 4 ? 0.

[46:]:
-$11{init} >= -2 ? 0.
$11{init} == 3 ? bottom
$11{init} >= 4 ? 0.

[47:]:
-$11{init} >= -2 ? 0.
$11{init} == 3 ? bottom
$11{init} >= 4 ? 0.

[48:]:
-$11{init} >= -2 ? 0.
$11{init} == 3 ? bottom
$11{init} >= 4 ? 0.

[49:]:
-$11{init} >= -2 ? 0.
$11{init} == 3 ? bottom
$11{init} >= 4 ? 0.

[50:]:
-$11{init} >= -2 ? 0.
$11{init} == 3 ? bottom
$11{init} >= 4 ? 0.

[51:]:
-$11{init} >= -2 ? 0.
$11{init} == 3 ? bottom
$11{init} >= 4 ? 0.

[52:]:
-$11{init} >= -2 ? 0.
$11{init} == 3 ? bottom
$11{init} >= 4 ? 0.

[53:]:
-$11{init} >= -2 ? 0.
$11{init} == 3 ? bottom
$11{init} >= 4 ? 0.

[54:]:
-$11{init} >= -2 ? 0.
$11{init} == 3 ? bottom
$11{init} >= 4 ? 0.

[55:]:
-$11{init} >= -2 ? 0.
$11{init} == 3 ? bottom
$11{init} >= 4 ? 0.

[56:]:
-$11{init} >= -2 ? 0.
$11{init} == 3 ? bottom
$11{init} >= 4 ? 0.

[57:]:
-$11{init} >= -2 ? 0.
$11{init} == 3 ? bottom
$11{init} >= 4 ? 0.

[58:]:
-$11{init} >= -2 ? 0.
$11{init} == 3 ? bottom
$11{init} >= 4 ? 0.

[59:]:
-$11{init} >= -2 ? 0.
$11{init} == 3 ? bottom
$11{init} >= 4 ? 0.

[60:]:
-$11{init} >= -2 ? 0.
$11{init} == 3 ? bottom
$11{init} >= 4 ? 0.

[61:]:
-$11{init} >= -2 ? 0.
$11{init} == 3 ? bottom
$11{init} >= 4 ? 0.

[62:]:
-$11{init} >= -2 ? 0.
$11{init} == 3 ? bottom
$11{init} >= 4 ? 0.

[63:]:
-$11{init} >= -2 ? 0.
$11{init} == 3 ? bottom
$11{init} >= 4 ? 0.

[64:]:
-$11{init} >= -2 ? 0.
$11{init} == 3 ? bottom
$11{init} >= 4 ? 0.

[65:]:
-$11{init} >= -2 ? 0.
$11{init} == 3 ? bottom
$11{init} >= 4 ? 0.

[66:]:
-$11{init} >= -2 ? 0.
$11{init} == 3 ? bottom
$11{init} >= 4 ? 0.

[67:]:
-$11{init} >= -2 ? 0.
$11{init} == 3 ? bottom
$11{init} >= 4 ? 0.

[68:]:
-$11{init} >= -2 ? 0.
$11{init} == 3 ? bottom
$11{init} >= 4 ? 0.

[69:]:
-$11{init} >= -2 ? 0.
$11{init} == 3 ? bottom
$11{init} >= 4 ? 0.

[70:]:
-$11{init} >= -2 ? 0.
$11{init} == 3 ? bottom
$11{init} >= 4 ? 0.

[71:]:
-$11{init} >= -2 ? 0.
$11{init} == 3 ? bottom
$11{init} >= 4 ? 0.

[72:]:
-$11{init} >= -2 ? 0.
$11{init} == 3 ? bottom
$11{init} >= 4 ? 0.

[73:]:
-$11{init} >= -2 ? 0.
$11{init} == 3 ? bottom
$11{init} >= 4 ? 0.

[74:]:
-$11{init} >= -2 ? 0.
$11{init} == 3 ? bottom
$11{init} >= 4 ? 0.

[75:]:
-$11{init} >= -2 ? 0.
$11{init} == 3 ? bottom
$11{init} >= 4 ? 0.

[76:]:
-$11{init} >= -2 ? 0.
$11{init} == 3 ? bottom
$11{init} >= 4 ? 0.

[77:]:
-$11{init} >= -2 ? 0.
$11{init} == 3 ? bottom
$11{init} >= 4 ? 0.

[78:]:
-$11{init} >= -2 ? 0.
$11{init} == 3 ? bottom
$11{init} >= 4 ? 0.

[79:]:
-$11{init} >= -2 ? 0.
$11{init} == 3 ? bottom
$11{init} >= 4 ? 0.

[80:]:
-$11{init} >= -2 ? 0.
$11{init} == 3 ? bottom
$11{init} >= 4 ? 0.

[81:]:
-$11{init} >= -2 ? 0.
$11{init} == 3 ? bottom
$11{init} >= 4 ? 0.

[82:]:
-$11{init} >= -2 ? 0.
$11{init} == 3 ? bottom
$11{init} >= 4 ? 0.

[83:]:
-$11{init} >= -2 ? 0.
$11{init} == 3 ? bottom
$11{init} >= 4 ? 0.

[84:]:
-$11{init} >= -2 ? 0.
$11{init} == 3 ? bottom
$11{init} >= 4 ? 0.

[85:]:
-$11{init} >= -2 ? 0.
$11{init} == 3 ? bottom
$11{init} >= 4 ? 0.

[86:]:
-$11{init} >= -2 ? 0.
$11{init} == 3 ? bottom
$11{init} >= 4 ? 0.

[87:]:
-$11{init} >= -2 ? 0.
$11{init} == 3 ? bottom
$11{init} >= 4 ? 0.

[88:]:
-$11{init} >= -2 ? 0.
$11{init} == 3 ? bottom
$11{init} >= 4 ? 0.

[89:]:
-$11{init} >= -2 ? 0.
$11{init} == 3 ? bottom
$11{init} >= 4 ? 0.

[90:]:
-$11{init} >= -2 ? 0.
$11{init} == 3 ? bottom
$11{init} >= 4 ? 0.

[91:]:
-$11{init} >= -2 ? 0.
$11{init} == 3 ? bottom
$11{init} >= 4 ? 0.

Property: OR{$11{init} != 3}{AG{AF{$9{time} > $8{otime}}}}

[1:]:
-$11{init} >= -2 ? 0.
$11{init} == 3 ? bottom
$11{init} >= 4 ? 0.

[2:]:
-$11{init} >= -2 ? 0.
$11{init} == 3 ? bottom
$11{init} >= 4 ? 0.

[3:]:
-$11{init} >= -2 ? 0.
$11{init} == 3 ? bottom
$11{init} >= 4 ? 0.

[4:]:
-$11{init} >= -2 ? 0.
$11{init} == 3 ? bottom
$11{init} >= 4 ? 0.

[5:]:
-$11{init} >= -2 ? 0.
$11{init} == 3 ? bottom
$11{init} >= 4 ? 0.

[6:]:
-$11{init} >= -2 ? 0.
$11{init} == 3 ? bottom
$11{init} >= 4 ? 0.

[7:]:
-$11{init} >= -2 ? 0.
$11{init} == 3 ? bottom
$11{init} >= 4 ? 0.

[8:]:
-$11{init} >= -2 ? 0.
$11{init} == 3 ? bottom
$11{init} >= 4 ? 0.

[9:]:
-$11{init} >= -2 ? 0.
$11{init} == 3 ? bottom
$11{init} >= 4 ? 0.

[10:]:
-$11{init} >= -2 ? 0.
$11{init} == 3 ? bottom
$11{init} >= 4 ? 0.

[11:]:
-$11{init} >= -2 ? 0.
$11{init} == 3 ? bottom
$11{init} >= 4 ? 0.

[12:]:
-$11{init} >= -2 ? 0.
$11{init} == 3 ? bottom
$11{init} >= 4 ? 0.

[13:]:
-$11{init} >= -2 ? 0.
$11{init} == 3 ? bottom
$11{init} >= 4 ? 0.

[14:]:
-$11{init} >= -2 ? 0.
$11{init} == 3 ? bottom
$11{init} >= 4 ? 0.

[15:]:
-$11{init} >= -2 ? 0.
$11{init} == 3 ? bottom
$11{init} >= 4 ? 0.

[16:]:
-$11{init} >= -2 ? 0.
$11{init} == 3 ? bottom
$11{init} >= 4 ? 0.

[17:]:
-$11{init} >= -2 ? 0.
$11{init} == 3 ? bottom
$11{init} >= 4 ? 0.

[18:]:
-$11{init} >= -2 ? 0.
$11{init} == 3 ? bottom
$11{init} >= 4 ? 0.

[19:]:
-$11{init} >= -2 ? 0.
$11{init} == 3 ? bottom
$11{init} >= 4 ? 0.

[20:]:
-$11{init} >= -2 ? 0.
$11{init} == 3 ? bottom
$11{init} >= 4 ? 0.

[21:]:
-$11{init} >= -2 ? 0.
$11{init} == 3 ? bottom
$11{init} >= 4 ? 0.

[22:]:
-$11{init} >= -2 ? 0.
$11{init} == 3 ? bottom
$11{init} >= 4 ? 0.

[23:]:
-$8{otime}+$9{time} >= 1 && -$11{init} >= -2 ? 0.
-$8{otime}+$9{time} >= 1 && $11{init} == 3 ? bottom
$11{init} >= 4 && -$8{otime}+$9{time} >= 1 ? 0.
$8{otime}-$9{time} >= 0 && -$11{init} >= -2 ? 0.
$8{otime}-$9{time} >= 0 && $11{init} == 3 ? bottom
$11{init} >= 4 && $8{otime}-$9{time} >= 0 ? 0.

[24:]:
-$11{init} >= -2 ? 0.
$11{init} == 3 ? bottom
$11{init} >= 4 ? 0.

[25:]:
-$11{init} >= -2 ? 0.
$11{init} == 3 ? bottom
$11{init} >= 4 ? 0.

[26:]:
-$11{init} >= -2 ? 0.
$11{init} == 3 ? bottom
$11{init} >= 4 ? 0.

[27:]:
-$11{init} >= -2 ? 0.
$11{init} == 3 ? bottom
$11{init} >= 4 ? 0.

[28:]:
-$11{init} >= -2 ? 0.
$11{init} == 3 ? bottom
$11{init} >= 4 ? 0.

[29:]:
-$11{init} >= -2 ? 0.
$11{init} == 3 ? bottom
$11{init} >= 4 ? 0.

[30:]:
-$11{init} >= -2 ? 0.
$11{init} == 3 ? bottom
$11{init} >= 4 ? 0.

[31:]:
-$11{init} >= -2 ? 0.
$11{init} == 3 ? bottom
$11{init} >= 4 ? 0.

[32:]:
-$11{init} >= -2 ? 0.
$11{init} == 3 ? bottom
$11{init} >= 4 ? 0.

[33:]:
-$11{init} >= -2 ? 0.
$11{init} == 3 ? bottom
$11{init} >= 4 ? 0.

[34:]:
-$8{otime}+$9{time} >= 1 && -$7{temp} >= 1 && -$11{init} >= -2 ? 0.
-$8{otime}+$9{time} >= 1 && -$7{temp} >= 1 && $11{init} == 3 ? bottom
$11{init} >= 4 && -$8{otime}+$9{time} >= 1 && -$7{temp} >= 1 ? 0.
$7{temp} >= 0 && -$8{otime}+$9{time} >= 1 && -$11{init} >= -2 ? 0.
$7{temp} >= 0 && -$8{otime}+$9{time} >= 1 && $11{init} == 3 ? bottom
$11{init} >= 4 && $7{temp} >= 0 && -$8{otime}+$9{time} >= 1 ? 0.
$8{otime}-$9{time} >= 0 && -$7{temp} >= 1 && -$11{init} >= -2 ? 0.
$8{otime}-$9{time} >= 0 && -$7{temp} >= 1 && $11{init} == 3 ? bottom
$11{init} >= 4 && $8{otime}-$9{time} >= 0 && -$7{temp} >= 1 ? 0.
$7{temp} >= 0 && $8{otime}-$9{time} >= 0 && -$11{init} >= -2 ? 0.
$7{temp} >= 0 && $8{otime}-$9{time} >= 0 && $11{init} == 3 ? bottom
$11{init} >= 4 && $7{temp} >= 0 && $8{otime}-$9{time} >= 0 ? 0.

[35:]:
-$8{otime}+$9{time} >= 1 && -$7{temp} >= 1 && -$11{init} >= -2 ? 0.
-$8{otime}+$9{time} >= 1 && -$7{temp} >= 1 && $11{init} == 3 ? bottom
$11{init} >= 4 && -$8{otime}+$9{time} >= 1 && -$7{temp} >= 1 ? 0.
$7{temp} >= 0 && -$8{otime}+$9{time} >= 1 && -$11{init} >= -2 ? 0.
$7{temp} >= 0 && -$8{otime}+$9{time} >= 1 && $11{init} == 3 ? bottom
$11{init} >= 4 && $7{temp} >= 0 && -$8{otime}+$9{time} >= 1 ? 0.
$8{otime}-$9{time} >= 0 && -$7{temp} >= 1 && -$11{init} >= -2 ? 0.
$8{otime}-$9{time} >= 0 && -$7{temp} >= 1 && $11{init} == 3 ? bottom
$11{init} >= 4 && $8{otime}-$9{time} >= 0 && -$7{temp} >= 1 ? 0.
$7{temp} >= 0 && $8{otime}-$9{time} >= 0 && -$11{init} >= -2 ? 0.
$7{temp} >= 0 && $8{otime}-$9{time} >= 0 && $11{init} == 3 ? bottom
$11{init} >= 4 && $7{temp} >= 0 && $8{otime}-$9{time} >= 0 ? 0.

[36:]:
-$8{otime}+$9{time} >= 1 && -$7{temp} >= 1 && -$18{limit} >= 273 && -$11{init} >= -2 ? 0.
-$8{otime}+$9{time} >= 1 && -$7{temp} >= 1 && -$18{limit} >= 273 && $11{init} == 3 ? bottom
$11{init} >= 4 && -$8{otime}+$9{time} >= 1 && -$7{temp} >= 1 && -$18{limit} >= 273 ? 0.
$18{limit} >= -272 && -$8{otime}+$9{time} >= 1 && -$7{temp} >= 1 && -$18{limit} >= -9 && -$11{init} >= -2 ? 0.
$18{limit} >= -272 && -$8{otime}+$9{time} >= 1 && -$7{temp} >= 1 && -$18{limit} >= -9 && $11{init} == 3 ? bottom
$11{init} >= 4 && $18{limit} >= -272 && -$8{otime}+$9{time} >= 1 && -$7{temp} >= 1 && -$18{limit} >= -9 ? 0.
$18{limit} >= 10 && -$8{otime}+$9{time} >= 1 && -$7{temp} >= 1 && -$11{init} >= -2 ? 0.
$18{limit} >= 10 && -$8{otime}+$9{time} >= 1 && -$7{temp} >= 1 && $11{init} == 3 ? bottom
$11{init} >= 4 && $18{limit} >= 10 && -$8{otime}+$9{time} >= 1 && -$7{temp} >= 1 ? 0.
$7{temp} >= 0 && -$8{otime}+$9{time} >= 1 && -$18{limit} >= 273 && -$11{init} >= -2 ? 0.
$7{temp} >= 0 && -$8{otime}+$9{time} >= 1 && -$18{limit} >= 273 && $11{init} == 3 ? bottom
$11{init} >= 4 && $7{temp} >= 0 && -$8{otime}+$9{time} >= 1 && -$18{limit} >= 273 ? 0.
$18{limit} >= -272 && $7{temp} >= 0 && -$8{otime}+$9{time} >= 1 && -$18{limit} >= -9 && -$11{init} >= -2 ? 0.
$18{limit} >= -272 && $7{temp} >= 0 && -$8{otime}+$9{time} >= 1 && -$18{limit} >= -9 && $11{init} == 3 ? bottom
$11{init} >= 4 && $18{limit} >= -272 && $7{temp} >= 0 && -$8{otime}+$9{time} >= 1 && -$18{limit} >= -9 ? 0.
$18{limit} >= 10 && $7{temp} >= 0 && -$8{otime}+$9{time} >= 1 && -$11{init} >= -2 ? 0.
$18{limit} >= 10 && $7{temp} >= 0 && -$8{otime}+$9{time} >= 1 && $11{init} == 3 ? bottom
$11{init} >= 4 && $18{limit} >= 10 && $7{temp} >= 0 && -$8{otime}+$9{time} >= 1 ? 0.
$8{otime}-$9{time} >= 0 && -$7{temp} >= 1 && -$18{limit} >= 273 && -$11{init} >= -2 ? 0.
$8{otime}-$9{time} >= 0 && -$7{temp} >= 1 && -$18{limit} >= 273 && $11{init} == 3 ? bottom
$11{init} >= 4 && $8{otime}-$9{time} >= 0 && -$7{temp} >= 1 && -$18{limit} >= 273 ? 0.
$18{limit} >= -272 && $8{otime}-$9{time} >= 0 && -$7{temp} >= 1 && -$18{limit} >= -9 && -$11{init} >= -2 ? 0.
$18{limit} >= -272 && $8{otime}-$9{time} >= 0 && -$7{temp} >= 1 && -$18{limit} >= -9 && $11{init} == 3 ? bottom
$11{init} >= 4 && $18{limit} >= -272 && $8{otime}-$9{time} >= 0 && -$7{temp} >= 1 && -$18{limit} >= -9 ? 0.
$18{limit} >= 10 && $8{otime}-$9{time} >= 0 && -$7{temp} >= 1 && -$11{init} >= -2 ? 0.
$18{limit} >= 10 && $8{otime}-$9{time} >= 0 && -$7{temp} >= 1 && $11{init} == 3 ? bottom
$11{init} >= 4 && $18{limit} >= 10 && $8{otime}-$9{time} >= 0 && -$7{temp} >= 1 ? 0.
$7{temp} >= 0 && $8{otime}-$9{time} >= 0 && -$18{limit} >= 273 && -$11{init} >= -2 ? 0.
$7{temp} >= 0 && $8{otime}-$9{time} >= 0 && -$18{limit} >= 273 && $11{init} == 3 ? bottom
$11{init} >= 4 && $7{temp} >= 0 && $8{otime}-$9{time} >= 0 && -$18{limit} >= 273 ? 0.
$18{limit} >= -272 && $7{temp} >= 0 && $8{otime}-$9{time} >= 0 && -$18{limit} >= -9 && -$11{init} >= -2 ? 0.
$18{limit} >= -272 && $7{temp} >= 0 && $8{otime}-$9{time} >= 0 && -$18{limit} >= -9 && $11{init} == 3 ? bottom
$11{init} >= 4 && $18{limit} >= -272 && $7{temp} >= 0 && $8{otime}-$9{time} >= 0 && -$18{limit} >= -9 ? 0.
$18{limit} >= 10 && $7{temp} >= 0 && $8{otime}-$9{time} >= 0 && -$11{init} >= -2 ? 0.
$18{limit} >= 10 && $7{temp} >= 0 && $8{otime}-$9{time} >= 0 && $11{init} == 3 ? bottom
$11{init} >= 4 && $18{limit} >= 10 && $7{temp} >= 0 && $8{otime}-$9{time} >= 0 ? 0.

[37:]:
-$11{init} >= -2 ? 0.
$11{init} == 3 ? bottom
$11{init} >= 4 ? 0.

[38:]:
-$8{otime}+$9{time} >= 1 && -$7{temp} >= 1 && -$11{init} >= -2 ? 0.
-$8{otime}+$9{time} >= 1 && -$7{temp} >= 1 && $11{init} == 3 ? bottom
$11{init} >= 4 && -$8{otime}+$9{time} >= 1 && -$7{temp} >= 1 ? 0.
$7{temp} >= 0 && -$8{otime}+$9{time} >= 1 && -$11{init} >= -2 ? 0.
$7{temp} >= 0 && -$8{otime}+$9{time} >= 1 && $11{init} == 3 ? bottom
$11{init} >= 4 && $7{temp} >= 0 && -$8{otime}+$9{time} >= 1 ? 0.
$8{otime}-$9{time} >= 0 && -$7{temp} >= 1 && -$11{init} >= -2 ? 0.
$8{otime}-$9{time} >= 0 && -$7{temp} >= 1 && $11{init} == 3 ? bottom
$11{init} >= 4 && $8{otime}-$9{time} >= 0 && -$7{temp} >= 1 ? 0.
$7{temp} >= 0 && $8{otime}-$9{time} >= 0 && -$11{init} >= -2 ? 0.
$7{temp} >= 0 && $8{otime}-$9{time} >= 0 && $11{init} == 3 ? bottom
$11{init} >= 4 && $7{temp} >= 0 && $8{otime}-$9{time} >= 0 ? 0.

[39:]:
-$8{otime}+$9{time} >= 1 && -$7{temp} >= 1 && -$11{init} >= -2 ? 0.
-$8{otime}+$9{time} >= 1 && -$7{temp} >= 1 && $11{init} == 3 ? bottom
$11{init} >= 4 && -$8{otime}+$9{time} >= 1 && -$7{temp} >= 1 ? 0.
$7{temp} >= 0 && -$8{otime}+$9{time} >= 1 && -$11{init} >= -2 ? 0.
$7{temp} >= 0 && -$8{otime}+$9{time} >= 1 && $11{init} == 3 ? bottom
$11{init} >= 4 && $7{temp} >= 0 && -$8{otime}+$9{time} >= 1 ? 0.
$8{otime}-$9{time} >= 0 && -$7{temp} >= 1 && -$11{init} >= -2 ? 0.
$8{otime}-$9{time} >= 0 && -$7{temp} >= 1 && $11{init} == 3 ? bottom
$11{init} >= 4 && $8{otime}-$9{time} >= 0 && -$7{temp} >= 1 ? 0.
$7{temp} >= 0 && $8{otime}-$9{time} >= 0 && -$11{init} >= -2 ? 0.
$7{temp} >= 0 && $8{otime}-$9{time} >= 0 && $11{init} == 3 ? bottom
$11{init} >= 4 && $7{temp} >= 0 && $8{otime}-$9{time} >= 0 ? 0.

[40:]:
-$8{otime}+$9{time} >= 1 && -$7{temp} >= 1 && -$11{init} >= -2 ? 0.
-$8{otime}+$9{time} >= 1 && -$7{temp} >= 1 && $11{init} == 3 ? bottom
$11{init} >= 4 && -$8{otime}+$9{time} >= 1 && -$7{temp} >= 1 ? 0.
$7{temp} >= 0 && -$8{otime}+$9{time} >= 1 && -$11{init} >= -2 ? 0.
$7{temp} >= 0 && -$8{otime}+$9{time} >= 1 && $11{init} == 3 ? bottom
$11{init} >= 4 && $7{temp} >= 0 && -$8{otime}+$9{time} >= 1 ? 0.
$8{otime}-$9{time} >= 0 && -$7{temp} >= 1 && -$11{init} >= -2 ? 0.
$8{otime}-$9{time} >= 0 && -$7{temp} >= 1 && $11{init} == 3 ? bottom
$11{init} >= 4 && $8{otime}-$9{time} >= 0 && -$7{temp} >= 1 ? 0.
$7{temp} >= 0 && $8{otime}-$9{time} >= 0 && -$11{init} >= -2 ? 0.
$7{temp} >= 0 && $8{otime}-$9{time} >= 0 && $11{init} == 3 ? bottom
$11{init} >= 4 && $7{temp} >= 0 && $8{otime}-$9{time} >= 0 ? 0.

[41:]:
-$8{otime}+$9{time} >= 1 && -$7{temp} >= 1 && -$11{init} >= -2 ? 0.
-$8{otime}+$9{time} >= 1 && -$7{temp} >= 1 && $11{init} == 3 ? bottom
$11{init} >= 4 && -$8{otime}+$9{time} >= 1 && -$7{temp} >= 1 ? 0.
$7{temp} >= 0 && -$8{otime}+$9{time} >= 1 && -$11{init} >= -2 ? 0.
$7{temp} >= 0 && -$8{otime}+$9{time} >= 1 && $11{init} == 3 ? bottom
$11{init} >= 4 && $7{temp} >= 0 && -$8{otime}+$9{time} >= 1 ? 0.
$8{otime}-$9{time} >= 0 && -$7{temp} >= 1 && -$11{init} >= -2 ? 0.
$8{otime}-$9{time} >= 0 && -$7{temp} >= 1 && $11{init} == 3 ? bottom
$11{init} >= 4 && $8{otime}-$9{time} >= 0 && -$7{temp} >= 1 ? 0.
$7{temp} >= 0 && $8{otime}-$9{time} >= 0 && -$11{init} >= -2 ? 0.
$7{temp} >= 0 && $8{otime}-$9{time} >= 0 && $11{init} == 3 ? bottom
$11{init} >= 4 && $7{temp} >= 0 && $8{otime}-$9{time} >= 0 ? 0.

[42:]:
-$8{otime}+$9{time} >= 1 && -$7{temp} >= 1 && -$11{init} >= -2 ? 0.
-$8{otime}+$9{time} >= 1 && -$7{temp} >= 1 && $11{init} == 3 ? bottom
$11{init} >= 4 && -$8{otime}+$9{time} >= 1 && -$7{temp} >= 1 ? 0.
$7{temp} >= 0 && -$8{otime}+$9{time} >= 1 && -$11{init} >= -2 ? 0.
$7{temp} >= 0 && -$8{otime}+$9{time} >= 1 && $11{init} == 3 ? bottom
$11{init} >= 4 && $7{temp} >= 0 && -$8{otime}+$9{time} >= 1 ? 0.
$8{otime}-$9{time} >= 0 && -$7{temp} >= 1 && -$11{init} >= -2 ? 0.
$8{otime}-$9{time} >= 0 && -$7{temp} >= 1 && $11{init} == 3 ? bottom
$11{init} >= 4 && $8{otime}-$9{time} >= 0 && -$7{temp} >= 1 ? 0.
$7{temp} >= 0 && $8{otime}-$9{time} >= 0 && -$11{init} >= -2 ? 0.
$7{temp} >= 0 && $8{otime}-$9{time} >= 0 && $11{init} == 3 ? bottom
$11{init} >= 4 && $7{temp} >= 0 && $8{otime}-$9{time} >= 0 ? 0.

[43:]:
-$11{init} >= -2 ? 0.
$11{init} == 3 ? bottom
$11{init} >= 4 ? 0.

[44:]:
-$11{init} >= -2 ? 0.
$11{init} == 3 ? bottom
$11{init} >= 4 ? 0.

[45:]:
-$11{init} >= -2 ? 0.
$11{init} == 3 ? bottom
$11{init} >= 4 ? 0.

[46:]:
-$8{otime}+$9{time} >= 1 && -$7{temp} >= 1 && -$11{init} >= -2 ? 0.
-$8{otime}+$9{time} >= 1 && -$7{temp} >= 1 && $11{init} == 3 ? bottom
$11{init} >= 4 && -$8{otime}+$9{time} >= 1 && -$7{temp} >= 1 ? 0.
$7{temp} >= 0 && -$8{otime}+$9{time} >= 1 && -$11{init} >= -2 ? 0.
$7{temp} >= 0 && -$8{otime}+$9{time} >= 1 && $11{init} == 3 ? bottom
$11{init} >= 4 && $7{temp} >= 0 && -$8{otime}+$9{time} >= 1 ? 0.
$8{otime}-$9{time} >= 0 && -$7{temp} >= 1 && -$11{init} >= -2 ? 0.
$8{otime}-$9{time} >= 0 && -$7{temp} >= 1 && $11{init} == 3 ? bottom
$11{init} >= 4 && $8{otime}-$9{time} >= 0 && -$7{temp} >= 1 ? 0.
$7{temp} >= 0 && $8{otime}-$9{time} >= 0 && -$11{init} >= -2 ? 0.
$7{temp} >= 0 && $8{otime}-$9{time} >= 0 && $11{init} == 3 ? bottom
$11{init} >= 4 && $7{temp} >= 0 && $8{otime}-$9{time} >= 0 ? 0.

[47:]:
-$11{init} >= -2 ? 0.
$11{init} == 3 ? bottom
$11{init} >= 4 ? 0.

[48:]:
-$11{init} >= -2 ? 0.
$11{init} == 3 ? bottom
$11{init} >= 4 ? 0.

[49:]:
-$11{init} >= -2 ? 0.
$11{init} == 3 ? bottom
$11{init} >= 4 ? 0.

[50:]:
-$11{init} >= -2 ? 0.
$11{init} == 3 ? bottom
$11{init} >= 4 ? 0.

[51:]:
-$11{init} >= -2 ? 0.
$11{init} == 3 ? bottom
$11{init} >= 4 ? 0.

[52:]:
-$11{init} >= -2 ? 0.
$11{init} == 3 ? bottom
$11{init} >= 4 ? 0.

[53:]:
-$11{init} >= -2 ? 0.
$11{init} == 3 ? bottom
$11{init} >= 4 ? 0.

[54:]:
-$11{init} >= -2 ? 0.
$11{init} == 3 ? bottom
$11{init} >= 4 ? 0.

[55:]:
-$8{otime}+$9{time} >= 1 && -$7{temp} >= 1 && -$11{init} >= -2 ? 0.
-$8{otime}+$9{time} >= 1 && -$7{temp} >= 1 && $11{init} == 3 ? bottom
$11{init} >= 4 && -$8{otime}+$9{time} >= 1 && -$7{temp} >= 1 ? 0.
$7{temp} >= 0 && -$8{otime}+$9{time} >= 1 && -$11{init} >= -2 ? 0.
$7{temp} >= 0 && -$8{otime}+$9{time} >= 1 && $11{init} == 3 ? bottom
$11{init} >= 4 && $7{temp} >= 0 && -$8{otime}+$9{time} >= 1 ? 0.
$8{otime}-$9{time} >= 0 && -$7{temp} >= 1 && -$11{init} >= -2 ? 0.
$8{otime}-$9{time} >= 0 && -$7{temp} >= 1 && $11{init} == 3 ? bottom
$11{init} >= 4 && $8{otime}-$9{time} >= 0 && -$7{temp} >= 1 ? 0.
$7{temp} >= 0 && $8{otime}-$9{time} >= 0 && -$11{init} >= -2 ? 0.
$7{temp} >= 0 && $8{otime}-$9{time} >= 0 && $11{init} == 3 ? bottom
$11{init} >= 4 && $7{temp} >= 0 && $8{otime}-$9{time} >= 0 ? 0.

[56:]:
-$8{otime}+$9{time} >= 1 && -$7{temp} >= 1 && -$11{init} >= -2 ? 0.
-$8{otime}+$9{time} >= 1 && -$7{temp} >= 1 && $11{init} == 3 ? bottom
$11{init} >= 4 && -$8{otime}+$9{time} >= 1 && -$7{temp} >= 1 ? 0.
$7{temp} >= 0 && -$8{otime}+$9{time} >= 1 && -$11{init} >= -2 ? 0.
$7{temp} >= 0 && -$8{otime}+$9{time} >= 1 && $11{init} == 3 ? bottom
$11{init} >= 4 && $7{temp} >= 0 && -$8{otime}+$9{time} >= 1 ? 0.
$8{otime}-$9{time} >= 0 && -$7{temp} >= 1 && -$11{init} >= -2 ? 0.
$8{otime}-$9{time} >= 0 && -$7{temp} >= 1 && $11{init} == 3 ? bottom
$11{init} >= 4 && $8{otime}-$9{time} >= 0 && -$7{temp} >= 1 ? 0.
$7{temp} >= 0 && $8{otime}-$9{time} >= 0 && -$11{init} >= -2 ? 0.
$7{temp} >= 0 && $8{otime}-$9{time} >= 0 && $11{init} == 3 ? bottom
$11{init} >= 4 && $7{temp} >= 0 && $8{otime}-$9{time} >= 0 ? 0.

[57:]:
-$8{otime}+$9{time} >= 1 && -$7{temp} >= 1 && -$11{init} >= -2 ? 0.
-$8{otime}+$9{time} >= 1 && -$7{temp} >= 1 && $11{init} == 3 ? bottom
$11{init} >= 4 && -$8{otime}+$9{time} >= 1 && -$7{temp} >= 1 ? 0.
$7{temp} >= 0 && -$8{otime}+$9{time} >= 1 && -$11{init} >= -2 ? 0.
$7{temp} >= 0 && -$8{otime}+$9{time} >= 1 && $11{init} == 3 ? bottom
$11{init} >= 4 && $7{temp} >= 0 && -$8{otime}+$9{time} >= 1 ? 0.
$8{otime}-$9{time} >= 0 && -$7{temp} >= 1 && -$11{init} >= -2 ? 0.
$8{otime}-$9{time} >= 0 && -$7{temp} >= 1 && $11{init} == 3 ? bottom
$11{init} >= 4 && $8{otime}-$9{time} >= 0 && -$7{temp} >= 1 ? 0.
$7{temp} >= 0 && $8{otime}-$9{time} >= 0 && -$11{init} >= -2 ? 0.
$7{temp} >= 0 && $8{otime}-$9{time} >= 0 && $11{init} == 3 ? bottom
$11{init} >= 4 && $7{temp} >= 0 && $8{otime}-$9{time} >= 0 ? 0.

[58:]:
-$11{init} >= -2 ? 0.
$11{init} == 3 ? bottom
$11{init} >= 4 ? 0.

[59:]:
-$11{init} >= -2 ? 0.
$11{init} == 3 ? bottom
$11{init} >= 4 ? 0.

[60:]:
-$11{init} >= -2 ? 0.
$11{init} == 3 ? bottom
$11{init} >= 4 ? 0.

[61:]:
-$11{init} >= -2 ? 0.
$11{init} == 3 ? bottom
$11{init} >= 4 ? 0.

[62:]:
-$11{init} >= -2 ? 0.
$11{init} == 3 ? bottom
$11{init} >= 4 ? 0.

[63:]:
-$11{init} >= -2 ? 0.
$11{init} == 3 ? bottom
$11{init} >= 4 ? 0.

[64:]:
-$11{init} >= -2 ? 0.
$11{init} == 3 ? bottom
$11{init} >= 4 ? 0.

[65:]:
-$11{init} >= -2 ? 0.
$11{init} == 3 ? bottom
$11{init} >= 4 ? 0.

[66:]:
-$11{init} >= -2 ? 0.
$11{init} == 3 ? bottom
$11{init} >= 4 ? 0.

[67:]:
-$11{init} >= -2 ? 0.
$11{init} == 3 ? bottom
$11{init} >= 4 ? 0.

[68:]:
-$11{init} >= -2 ? 0.
$11{init} == 3 ? bottom
$11{init} >= 4 ? 0.

[69:]:
-$11{init} >= -2 ? 0.
$11{init} == 3 ? bottom
$11{init} >= 4 ? 0.

[70:]:
-$11{init} >= -2 ? 0.
$11{init} == 3 ? bottom
$11{init} >= 4 ? 0.

[71:]:
-$8{otime}+$9{time} >= 1 && -$7{temp} >= 1 && -$11{init} >= -2 ? 0.
-$8{otime}+$9{time} >= 1 && -$7{temp} >= 1 && $11{init} == 3 ? bottom
$11{init} >= 4 && -$8{otime}+$9{time} >= 1 && -$7{temp} >= 1 ? 0.
$7{temp} >= 0 && -$8{otime}+$9{time} >= 1 && -$11{init} >= -2 ? 0.
$7{temp} >= 0 && -$8{otime}+$9{time} >= 1 && $11{init} == 3 ? bottom
$11{init} >= 4 && $7{temp} >= 0 && -$8{otime}+$9{time} >= 1 ? 0.
$8{otime}-$9{time} >= 0 && -$7{temp} >= 1 && -$11{init} >= -2 ? 0.
$8{otime}-$9{time} >= 0 && -$7{temp} >= 1 && $11{init} == 3 ? bottom
$11{init} >= 4 && $8{otime}-$9{time} >= 0 && -$7{temp} >= 1 ? 0.
$7{temp} >= 0 && $8{otime}-$9{time} >= 0 && -$11{init} >= -2 ? 0.
$7{temp} >= 0 && $8{otime}-$9{time} >= 0 && $11{init} == 3 ? bottom
$11{init} >= 4 && $7{temp} >= 0 && $8{otime}-$9{time} >= 0 ? 0.

[72:]:
-$8{otime}+$9{time} >= 1 && -$11{init} >= -2 ? 0.
-$8{otime}+$9{time} >= 1 && $11{init} == 3 ? bottom
$11{init} >= 4 && -$8{otime}+$9{time} >= 1 ? 0.
$8{otime}-$9{time} >= 0 && -$11{init} >= -2 ? 0.
$8{otime}-$9{time} >= 0 && $11{init} == 3 ? bottom
$11{init} >= 4 && $8{otime}-$9{time} >= 0 ? 0.

[73:]:
-$8{otime}+$9{time} >= 1 && -$7{temp} >= 1 && -$11{init} >= -2 ? 0.
-$8{otime}+$9{time} >= 1 && -$7{temp} >= 1 && $11{init} == 3 ? bottom
$11{init} >= 4 && -$8{otime}+$9{time} >= 1 && -$7{temp} >= 1 ? 0.
$7{temp} >= 0 && -$8{otime}+$9{time} >= 1 && -$11{init} >= -2 ? 0.
$7{temp} >= 0 && -$8{otime}+$9{time} >= 1 && $11{init} == 3 ? bottom
$11{init} >= 4 && $7{temp} >= 0 && -$8{otime}+$9{time} >= 1 ? 0.
$8{otime}-$9{time} >= 0 && -$7{temp} >= 1 && -$11{init} >= -2 ? 0.
$8{otime}-$9{time} >= 0 && -$7{temp} >= 1 && $11{init} == 3 ? bottom
$11{init} >= 4 && $8{otime}-$9{time} >= 0 && -$7{temp} >= 1 ? 0.
$7{temp} >= 0 && $8{otime}-$9{time} >= 0 && -$11{init} >= -2 ? 0.
$7{temp} >= 0 && $8{otime}-$9{time} >= 0 && $11{init} == 3 ? bottom
$11{init} >= 4 && $7{temp} >= 0 && $8{otime}-$9{time} >= 0 ? 0.

[74:]:
-$8{otime}+$9{time} >= 1 && -$7{temp} >= 1 && -$11{init} >= -2 ? 0.
-$8{otime}+$9{time} >= 1 && -$7{temp} >= 1 && $11{init} == 3 ? bottom
$11{init} >= 4 && -$8{otime}+$9{time} >= 1 && -$7{temp} >= 1 ? 0.
$7{temp} >= 0 && -$8{otime}+$9{time} >= 1 && -$11{init} >= -2 ? 0.
$7{temp} >= 0 && -$8{otime}+$9{time} >= 1 && $11{init} == 3 ? bottom
$11{init} >= 4 && $7{temp} >= 0 && -$8{otime}+$9{time} >= 1 ? 0.
$8{otime}-$9{time} >= 0 && -$7{temp} >= 1 && -$11{init} >= -2 ? 0.
$8{otime}-$9{time} >= 0 && -$7{temp} >= 1 && $11{init} == 3 ? bottom
$11{init} >= 4 && $8{otime}-$9{time} >= 0 && -$7{temp} >= 1 ? 0.
$7{temp} >= 0 && $8{otime}-$9{time} >= 0 && -$11{init} >= -2 ? 0.
$7{temp} >= 0 && $8{otime}-$9{time} >= 0 && $11{init} == 3 ? bottom
$11{init} >= 4 && $7{temp} >= 0 && $8{otime}-$9{time} >= 0 ? 0.

[75:]:
-$8{otime}+$9{time} >= 1 && -$7{temp} >= 1 && -$11{init} >= -2 ? 0.
-$8{otime}+$9{time} >= 1 && -$7{temp} >= 1 && $11{init} == 3 ? bottom
$11{init} >= 4 && -$8{otime}+$9{time} >= 1 && -$7{temp} >= 1 ? 0.
$7{temp} >= 0 && -$8{otime}+$9{time} >= 1 && -$11{init} >= -2 ? 0.
$7{temp} >= 0 && -$8{otime}+$9{time} >= 1 && $11{init} == 3 ? bottom
$11{init} >= 4 && $7{temp} >= 0 && -$8{otime}+$9{time} >= 1 ? 0.
$8{otime}-$9{time} >= 0 && -$7{temp} >= 1 && -$11{init} >= -2 ? 0.
$8{otime}-$9{time} >= 0 && -$7{temp} >= 1 && $11{init} == 3 ? bottom
$11{init} >= 4 && $8{otime}-$9{time} >= 0 && -$7{temp} >= 1 ? 0.
$7{temp} >= 0 && $8{otime}-$9{time} >= 0 && -$11{init} >= -2 ? 0.
$7{temp} >= 0 && $8{otime}-$9{time} >= 0 && $11{init} == 3 ? bottom
$11{init} >= 4 && $7{temp} >= 0 && $8{otime}-$9{time} >= 0 ? 0.

[76:]:
-$8{otime}+$9{time} >= 1 && -$7{temp} >= 1 && -$4{tempIn} >= -272 && -$11{init} >= -2 ? 0.
-$8{otime}+$9{time} >= 1 && -$7{temp} >= 1 && -$4{tempIn} >= -272 && $11{init} == 3 ? bottom
$11{init} >= 4 && -$8{otime}+$9{time} >= 1 && -$7{temp} >= 1 && -$4{tempIn} >= -272 ? 0.
$4{tempIn} >= 273 && -$8{otime}+$9{time} >= 1 && -$7{temp} >= 1 && -$11{init} >= -2 ? 0.
$4{tempIn} >= 273 && -$8{otime}+$9{time} >= 1 && -$7{temp} >= 1 && $11{init} == 3 ? bottom
$11{init} >= 4 && $4{tempIn} >= 273 && -$8{otime}+$9{time} >= 1 && -$7{temp} >= 1 ? 0.
$7{temp} >= 0 && -$8{otime}+$9{time} >= 1 && -$4{tempIn} >= -272 && -$11{init} >= -2 ? 0.
$7{temp} >= 0 && -$8{otime}+$9{time} >= 1 && -$4{tempIn} >= -272 && $11{init} == 3 ? bottom
$11{init} >= 4 && $7{temp} >= 0 && -$8{otime}+$9{time} >= 1 && -$4{tempIn} >= -272 ? 0.
$4{tempIn} >= 273 && $7{temp} >= 0 && -$8{otime}+$9{time} >= 1 && -$11{init} >= -2 ? 0.
$4{tempIn} >= 273 && $7{temp} >= 0 && -$8{otime}+$9{time} >= 1 && $11{init} == 3 ? bottom
$11{init} >= 4 && $4{tempIn} >= 273 && $7{temp} >= 0 && -$8{otime}+$9{time} >= 1 ? 0.
$8{otime}-$9{time} >= 0 && -$7{temp} >= 1 && -$4{tempIn} >= -272 && -$11{init} >= -2 ? 0.
$8{otime}-$9{time} >= 0 && -$7{temp} >= 1 && -$4{tempIn} >= -272 && $11{init} == 3 ? bottom
$11{init} >= 4 && $8{otime}-$9{time} >= 0 && -$7{temp} >= 1 && -$4{tempIn} >= -272 ? 0.
$4{tempIn} >= 273 && $8{otime}-$9{time} >= 0 && -$7{temp} >= 1 && -$11{init} >= -2 ? 0.
$4{tempIn} >= 273 && $8{otime}-$9{time} >= 0 && -$7{temp} >= 1 && $11{init} == 3 ? bottom
$11{init} >= 4 && $4{tempIn} >= 273 && $8{otime}-$9{time} >= 0 && -$7{temp} >= 1 ? 0.
$7{temp} >= 0 && $8{otime}-$9{time} >= 0 && -$4{tempIn} >= -272 && -$11{init} >= -2 ? 0.
$7{temp} >= 0 && $8{otime}-$9{time} >= 0 && -$4{tempIn} >= -272 && $11{init} == 3 ? bottom
$11{init} >= 4 && $7{temp} >= 0 && $8{otime}-$9{time} >= 0 && -$4{tempIn} >= -272 ? 0.
$4{tempIn} >= 273 && $7{temp} >= 0 && $8{otime}-$9{time} >= 0 && -$11{init} >= -2 ? 0.
$4{tempIn} >= 273 && $7{temp} >= 0 && $8{otime}-$9{time} >= 0 && $11{init} == 3 ? bottom
$11{init} >= 4 && $4{tempIn} >= 273 && $7{temp} >= 0 && $8{otime}-$9{time} >= 0 ? 0.

[77:]:
-$8{otime}+$9{time} >= 1 && -$7{temp} >= 1 && -$11{init} >= -2 ? 0.
-$8{otime}+$9{time} >= 1 && -$7{temp} >= 1 && $11{init} == 3 ? bottom
$11{init} >= 4 && -$8{otime}+$9{time} >= 1 && -$7{temp} >= 1 ? 0.
$7{temp} >= 0 && -$8{otime}+$9{time} >= 1 && -$11{init} >= -2 ? 0.
$7{temp} >= 0 && -$8{otime}+$9{time} >= 1 && $11{init} == 3 ? bottom
$11{init} >= 4 && $7{temp} >= 0 && -$8{otime}+$9{time} >= 1 ? 0.
$8{otime}-$9{time} >= 0 && -$7{temp} >= 1 && -$11{init} >= -2 ? 0.
$8{otime}-$9{time} >= 0 && -$7{temp} >= 1 && $11{init} == 3 ? bottom
$11{init} >= 4 && $8{otime}-$9{time} >= 0 && -$7{temp} >= 1 ? 0.
$7{temp} >= 0 && $8{otime}-$9{time} >= 0 && -$11{init} >= -2 ? 0.
$7{temp} >= 0 && $8{otime}-$9{time} >= 0 && $11{init} == 3 ? bottom
$11{init} >= 4 && $7{temp} >= 0 && $8{otime}-$9{time} >= 0 ? 0.

[78:]:
-$8{otime}+$9{time} >= 1 && -$7{temp} >= 1 && -$14{kelvin} >= -272 && -$11{init} >= -2 ? 0.
-$8{otime}+$9{time} >= 1 && -$7{temp} >= 1 && -$14{kelvin} >= -272 && $11{init} == 3 ? bottom
$11{init} >= 4 && -$8{otime}+$9{time} >= 1 && -$7{temp} >= 1 && -$14{kelvin} >= -272 ? 0.
$14{kelvin} >= 273 && -$8{otime}+$9{time} >= 1 && -$7{temp} >= 1 && -$11{init} >= -2 ? 0.
$14{kelvin} >= 273 && -$8{otime}+$9{time} >= 1 && -$7{temp} >= 1 && $11{init} == 3 ? bottom
$11{init} >= 4 && $14{kelvin} >= 273 && -$8{otime}+$9{time} >= 1 && -$7{temp} >= 1 ? 0.
$7{temp} >= 0 && -$8{otime}+$9{time} >= 1 && -$14{kelvin} >= -272 && -$11{init} >= -2 ? 0.
$7{temp} >= 0 && -$8{otime}+$9{time} >= 1 && -$14{kelvin} >= -272 && $11{init} == 3 ? bottom
$11{init} >= 4 && $7{temp} >= 0 && -$8{otime}+$9{time} >= 1 && -$14{kelvin} >= -272 ? 0.
$14{kelvin} >= 273 && $7{temp} >= 0 && -$8{otime}+$9{time} >= 1 && -$11{init} >= -2 ? 0.
$14{kelvin} >= 273 && $7{temp} >= 0 && -$8{otime}+$9{time} >= 1 && $11{init} == 3 ? bottom
$11{init} >= 4 && $14{kelvin} >= 273 && $7{temp} >= 0 && -$8{otime}+$9{time} >= 1 ? 0.
$8{otime}-$9{time} >= 0 && -$7{temp} >= 1 && -$14{kelvin} >= -272 && -$11{init} >= -2 ? 0.
$8{otime}-$9{time} >= 0 && -$7{temp} >= 1 && -$14{kelvin} >= -272 && $11{init} == 3 ? bottom
$11{init} >= 4 && $8{otime}-$9{time} >= 0 && -$7{temp} >= 1 && -$14{kelvin} >= -272 ? 0.
$14{kelvin} >= 273 && $8{otime}-$9{time} >= 0 && -$7{temp} >= 1 && -$11{init} >= -2 ? 0.
$14{kelvin} >= 273 && $8{otime}-$9{time} >= 0 && -$7{temp} >= 1 && $11{init} == 3 ? bottom
$11{init} >= 4 && $14{kelvin} >= 273 && $8{otime}-$9{time} >= 0 && -$7{temp} >= 1 ? 0.
$7{temp} >= 0 && $8{otime}-$9{time} >= 0 && -$14{kelvin} >= -272 && -$11{init} >= -2 ? 0.
$7{temp} >= 0 && $8{otime}-$9{time} >= 0 && -$14{kelvin} >= -272 && $11{init} == 3 ? bottom
$11{init} >= 4 && $7{temp} >= 0 && $8{otime}-$9{time} >= 0 && -$14{kelvin} >= -272 ? 0.
$14{kelvin} >= 273 && $7{temp} >= 0 && $8{otime}-$9{time} >= 0 && -$11{init} >= -2 ? 0.
$14{kelvin} >= 273 && $7{temp} >= 0 && $8{otime}-$9{time} >= 0 && $11{init} == 3 ? bottom
$11{init} >= 4 && $14{kelvin} >= 273 && $7{temp} >= 0 && $8{otime}-$9{time} >= 0 ? 0.

[79:]:
-$8{otime}+$9{time} >= 1 && -$15{__return_vinToCels} >= 1 && -$11{init} >= -2 ? 0.
-$8{otime}+$9{time} >= 1 && -$15{__return_vinToCels} >= 1 && $11{init} == 3 ? bottom
$11{init} >= 4 && -$8{otime}+$9{time} >= 1 && -$15{__return_vinToCels} >= 1 ? 0.
$15{__return_vinToCels} >= 0 && -$8{otime}+$9{time} >= 1 && -$11{init} >= -2 ? 0.
$15{__return_vinToCels} >= 0 && -$8{otime}+$9{time} >= 1 && $11{init} == 3 ? bottom
$11{init} >= 4 && $15{__return_vinToCels} >= 0 && -$8{otime}+$9{time} >= 1 ? 0.
$8{otime}-$9{time} >= 0 && -$15{__return_vinToCels} >= 1 && -$11{init} >= -2 ? 0.
$8{otime}-$9{time} >= 0 && -$15{__return_vinToCels} >= 1 && $11{init} == 3 ? bottom
$11{init} >= 4 && $8{otime}-$9{time} >= 0 && -$15{__return_vinToCels} >= 1 ? 0.
$15{__return_vinToCels} >= 0 && $8{otime}-$9{time} >= 0 && -$11{init} >= -2 ? 0.
$15{__return_vinToCels} >= 0 && $8{otime}-$9{time} >= 0 && $11{init} == 3 ? bottom
$11{init} >= 4 && $15{__return_vinToCels} >= 0 && $8{otime}-$9{time} >= 0 ? 0.

[80:]:
-$8{otime}+$9{time} >= 1 && -$16{__ret_vinToCels} >= 1 && -$11{init} >= -2 ? 0.
-$8{otime}+$9{time} >= 1 && -$16{__ret_vinToCels} >= 1 && $11{init} == 3 ? bottom
$11{init} >= 4 && -$8{otime}+$9{time} >= 1 && -$16{__ret_vinToCels} >= 1 ? 0.
$16{__ret_vinToCels} >= 0 && -$8{otime}+$9{time} >= 1 && -$11{init} >= -2 ? 0.
$16{__ret_vinToCels} >= 0 && -$8{otime}+$9{time} >= 1 && $11{init} == 3 ? bottom
$11{init} >= 4 && $16{__ret_vinToCels} >= 0 && -$8{otime}+$9{time} >= 1 ? 0.
$8{otime}-$9{time} >= 0 && -$16{__ret_vinToCels} >= 1 && -$11{init} >= -2 ? 0.
$8{otime}-$9{time} >= 0 && -$16{__ret_vinToCels} >= 1 && $11{init} == 3 ? bottom
$11{init} >= 4 && $8{otime}-$9{time} >= 0 && -$16{__ret_vinToCels} >= 1 ? 0.
$16{__ret_vinToCels} >= 0 && $8{otime}-$9{time} >= 0 && -$11{init} >= -2 ? 0.
$16{__ret_vinToCels} >= 0 && $8{otime}-$9{time} >= 0 && $11{init} == 3 ? bottom
$11{init} >= 4 && $16{__ret_vinToCels} >= 0 && $8{otime}-$9{time} >= 0 ? 0.

[81:]:
-$8{otime}+$9{time} >= 1 && -$7{temp} >= 1 && -$11{init} >= -2 ? 0.
-$8{otime}+$9{time} >= 1 && -$7{temp} >= 1 && $11{init} == 3 ? bottom
$11{init} >= 4 && -$8{otime}+$9{time} >= 1 && -$7{temp} >= 1 ? 0.
$7{temp} >= 0 && -$8{otime}+$9{time} >= 1 && -$11{init} >= -2 ? 0.
$7{temp} >= 0 && -$8{otime}+$9{time} >= 1 && $11{init} == 3 ? bottom
$11{init} >= 4 && $7{temp} >= 0 && -$8{otime}+$9{time} >= 1 ? 0.
$8{otime}-$9{time} >= 0 && -$7{temp} >= 1 && -$11{init} >= -2 ? 0.
$8{otime}-$9{time} >= 0 && -$7{temp} >= 1 && $11{init} == 3 ? bottom
$11{init} >= 4 && $8{otime}-$9{time} >= 0 && -$7{temp} >= 1 ? 0.
$7{temp} >= 0 && $8{otime}-$9{time} >= 0 && -$11{init} >= -2 ? 0.
$7{temp} >= 0 && $8{otime}-$9{time} >= 0 && $11{init} == 3 ? bottom
$11{init} >= 4 && $7{temp} >= 0 && $8{otime}-$9{time} >= 0 ? 0.

[82:]:
-$8{otime}+$9{time} >= 1 && -$7{temp} >= 1 && -$14{kelvin} >= -272 && -$11{init} >= -2 ? 0.
-$8{otime}+$9{time} >= 1 && -$7{temp} >= 1 && -$14{kelvin} >= -272 && $11{init} == 3 ? bottom
$11{init} >= 4 && -$8{otime}+$9{time} >= 1 && -$7{temp} >= 1 && -$14{kelvin} >= -272 ? 0.
$14{kelvin} >= 273 && -$8{otime}+$9{time} >= 1 && -$7{temp} >= 1 && -$11{init} >= -2 ? 0.
$14{kelvin} >= 273 && -$8{otime}+$9{time} >= 1 && -$7{temp} >= 1 && $11{init} == 3 ? bottom
$11{init} >= 4 && $14{kelvin} >= 273 && -$8{otime}+$9{time} >= 1 && -$7{temp} >= 1 ? 0.
$7{temp} >= 0 && -$8{otime}+$9{time} >= 1 && -$14{kelvin} >= -272 && -$11{init} >= -2 ? 0.
$7{temp} >= 0 && -$8{otime}+$9{time} >= 1 && -$14{kelvin} >= -272 && $11{init} == 3 ? bottom
$11{init} >= 4 && $7{temp} >= 0 && -$8{otime}+$9{time} >= 1 && -$14{kelvin} >= -272 ? 0.
$14{kelvin} >= 273 && $7{temp} >= 0 && -$8{otime}+$9{time} >= 1 && -$11{init} >= -2 ? 0.
$14{kelvin} >= 273 && $7{temp} >= 0 && -$8{otime}+$9{time} >= 1 && $11{init} == 3 ? bottom
$11{init} >= 4 && $14{kelvin} >= 273 && $7{temp} >= 0 && -$8{otime}+$9{time} >= 1 ? 0.
$8{otime}-$9{time} >= 0 && -$7{temp} >= 1 && -$14{kelvin} >= -272 && -$11{init} >= -2 ? 0.
$8{otime}-$9{time} >= 0 && -$7{temp} >= 1 && -$14{kelvin} >= -272 && $11{init} == 3 ? bottom
$11{init} >= 4 && $8{otime}-$9{time} >= 0 && -$7{temp} >= 1 && -$14{kelvin} >= -272 ? 0.
$14{kelvin} >= 273 && $8{otime}-$9{time} >= 0 && -$7{temp} >= 1 && -$11{init} >= -2 ? 0.
$14{kelvin} >= 273 && $8{otime}-$9{time} >= 0 && -$7{temp} >= 1 && $11{init} == 3 ? bottom
$11{init} >= 4 && $14{kelvin} >= 273 && $8{otime}-$9{time} >= 0 && -$7{temp} >= 1 ? 0.
$7{temp} >= 0 && $8{otime}-$9{time} >= 0 && -$14{kelvin} >= -272 && -$11{init} >= -2 ? 0.
$7{temp} >= 0 && $8{otime}-$9{time} >= 0 && -$14{kelvin} >= -272 && $11{init} == 3 ? bottom
$11{init} >= 4 && $7{temp} >= 0 && $8{otime}-$9{time} >= 0 && -$14{kelvin} >= -272 ? 0.
$14{kelvin} >= 273 && $7{temp} >= 0 && $8{otime}-$9{time} >= 0 && -$11{init} >= -2 ? 0.
$14{kelvin} >= 273 && $7{temp} >= 0 && $8{otime}-$9{time} >= 0 && $11{init} == 3 ? bottom
$11{init} >= 4 && $14{kelvin} >= 273 && $7{temp} >= 0 && $8{otime}-$9{time} >= 0 ? 0.

[83:]:
-$8{otime}+$9{time} >= 1 && -$15{__return_vinToCels} >= 1 && -$11{init} >= -2 ? 0.
-$8{otime}+$9{time} >= 1 && -$15{__return_vinToCels} >= 1 && $11{init} == 3 ? bottom
$11{init} >= 4 && -$8{otime}+$9{time} >= 1 && -$15{__return_vinToCels} >= 1 ? 0.
$15{__return_vinToCels} >= 0 && -$8{otime}+$9{time} >= 1 && -$11{init} >= -2 ? 0.
$15{__return_vinToCels} >= 0 && -$8{otime}+$9{time} >= 1 && $11{init} == 3 ? bottom
$11{init} >= 4 && $15{__return_vinToCels} >= 0 && -$8{otime}+$9{time} >= 1 ? 0.
$8{otime}-$9{time} >= 0 && -$15{__return_vinToCels} >= 1 && -$11{init} >= -2 ? 0.
$8{otime}-$9{time} >= 0 && -$15{__return_vinToCels} >= 1 && $11{init} == 3 ? bottom
$11{init} >= 4 && $8{otime}-$9{time} >= 0 && -$15{__return_vinToCels} >= 1 ? 0.
$15{__return_vinToCels} >= 0 && $8{otime}-$9{time} >= 0 && -$11{init} >= -2 ? 0.
$15{__return_vinToCels} >= 0 && $8{otime}-$9{time} >= 0 && $11{init} == 3 ? bottom
$11{init} >= 4 && $15{__return_vinToCels} >= 0 && $8{otime}-$9{time} >= 0 ? 0.

[84:]:
-$8{otime}+$9{time} >= 1 && -$14{kelvin} >= -272 && -$11{init} >= -2 ? 0.
-$8{otime}+$9{time} >= 1 && -$14{kelvin} >= -272 && $11{init} == 3 ? bottom
$11{init} >= 4 && -$8{otime}+$9{time} >= 1 && -$14{kelvin} >= -272 ? 0.
$14{kelvin} >= 273 && -$8{otime}+$9{time} >= 1 && -$11{init} >= -2 ? 0.
$14{kelvin} >= 273 && -$8{otime}+$9{time} >= 1 && $11{init} == 3 ? bottom
$11{init} >= 4 && $14{kelvin} >= 273 && -$8{otime}+$9{time} >= 1 ? 0.
$8{otime}-$9{time} >= 0 && -$14{kelvin} >= -272 && -$11{init} >= -2 ? 0.
$8{otime}-$9{time} >= 0 && -$14{kelvin} >= -272 && $11{init} == 3 ? bottom
$11{init} >= 4 && $8{otime}-$9{time} >= 0 && -$14{kelvin} >= -272 ? 0.
$14{kelvin} >= 273 && $8{otime}-$9{time} >= 0 && -$11{init} >= -2 ? 0.
$14{kelvin} >= 273 && $8{otime}-$9{time} >= 0 && $11{init} == 3 ? bottom
$11{init} >= 4 && $14{kelvin} >= 273 && $8{otime}-$9{time} >= 0 ? 0.

[85:]:
-$8{otime}+$9{time} >= 1 && -$14{kelvin} >= -272 && -$11{init} >= -2 ? 0.
-$8{otime}+$9{time} >= 1 && -$14{kelvin} >= -272 && $11{init} == 3 ? bottom
$11{init} >= 4 && -$8{otime}+$9{time} >= 1 && -$14{kelvin} >= -272 ? 0.
$14{kelvin} >= 273 && -$8{otime}+$9{time} >= 1 && -$11{init} >= -2 ? 0.
$14{kelvin} >= 273 && -$8{otime}+$9{time} >= 1 && $11{init} == 3 ? bottom
$11{init} >= 4 && $14{kelvin} >= 273 && -$8{otime}+$9{time} >= 1 ? 0.
$8{otime}-$9{time} >= 0 && -$14{kelvin} >= -272 && -$11{init} >= -2 ? 0.
$8{otime}-$9{time} >= 0 && -$14{kelvin} >= -272 && $11{init} == 3 ? bottom
$11{init} >= 4 && $8{otime}-$9{time} >= 0 && -$14{kelvin} >= -272 ? 0.
$14{kelvin} >= 273 && $8{otime}-$9{time} >= 0 && -$11{init} >= -2 ? 0.
$14{kelvin} >= 273 && $8{otime}-$9{time} >= 0 && $11{init} == 3 ? bottom
$11{init} >= 4 && $14{kelvin} >= 273 && $8{otime}-$9{time} >= 0 ? 0.

[86:]:
-$8{otime}+$9{time} >= 1 && -$14{kelvin} >= -272 && -$11{init} >= -2 ? 0.
-$8{otime}+$9{time} >= 1 && -$14{kelvin} >= -272 && $11{init} == 3 ? bottom
$11{init} >= 4 && -$8{otime}+$9{time} >= 1 && -$14{kelvin} >= -272 ? 0.
$14{kelvin} >= 273 && -$8{otime}+$9{time} >= 1 && -$11{init} >= -2 ? 0.
$14{kelvin} >= 273 && -$8{otime}+$9{time} >= 1 && $11{init} == 3 ? bottom
$11{init} >= 4 && $14{kelvin} >= 273 && -$8{otime}+$9{time} >= 1 ? 0.
$8{otime}-$9{time} >= 0 && -$14{kelvin} >= -272 && -$11{init} >= -2 ? 0.
$8{otime}-$9{time} >= 0 && -$14{kelvin} >= -272 && $11{init} == 3 ? bottom
$11{init} >= 4 && $8{otime}-$9{time} >= 0 && -$14{kelvin} >= -272 ? 0.
$14{kelvin} >= 273 && $8{otime}-$9{time} >= 0 && -$11{init} >= -2 ? 0.
$14{kelvin} >= 273 && $8{otime}-$9{time} >= 0 && $11{init} == 3 ? bottom
$11{init} >= 4 && $14{kelvin} >= 273 && $8{otime}-$9{time} >= 0 ? 0.

[87:]:
-$8{otime}+$9{time} >= 1 && -$14{kelvin} >= -272 && -$11{init} >= -2 ? 0.
-$8{otime}+$9{time} >= 1 && -$14{kelvin} >= -272 && $11{init} == 3 ? bottom
$11{init} >= 4 && -$8{otime}+$9{time} >= 1 && -$14{kelvin} >= -272 ? 0.
$14{kelvin} >= 273 && -$8{otime}+$9{time} >= 1 && -$11{init} >= -2 ? 0.
$14{kelvin} >= 273 && -$8{otime}+$9{time} >= 1 && $11{init} == 3 ? bottom
$11{init} >= 4 && $14{kelvin} >= 273 && -$8{otime}+$9{time} >= 1 ? 0.
$8{otime}-$9{time} >= 0 && -$14{kelvin} >= -272 && -$11{init} >= -2 ? 0.
$8{otime}-$9{time} >= 0 && -$14{kelvin} >= -272 && $11{init} == 3 ? bottom
$11{init} >= 4 && $8{otime}-$9{time} >= 0 && -$14{kelvin} >= -272 ? 0.
$14{kelvin} >= 273 && $8{otime}-$9{time} >= 0 && -$11{init} >= -2 ? 0.
$14{kelvin} >= 273 && $8{otime}-$9{time} >= 0 && $11{init} == 3 ? bottom
$11{init} >= 4 && $14{kelvin} >= 273 && $8{otime}-$9{time} >= 0 ? 0.

[88:]:
-$8{otime}+$9{time} >= 1 && -$14{kelvin} >= -272 && -$11{init} >= -2 ? 0.
-$8{otime}+$9{time} >= 1 && -$14{kelvin} >= -272 && $11{init} == 3 ? bottom
$11{init} >= 4 && -$8{otime}+$9{time} >= 1 && -$14{kelvin} >= -272 ? 0.
$14{kelvin} >= 273 && -$8{otime}+$9{time} >= 1 && -$11{init} >= -2 ? 0.
$14{kelvin} >= 273 && -$8{otime}+$9{time} >= 1 && $11{init} == 3 ? bottom
$11{init} >= 4 && $14{kelvin} >= 273 && -$8{otime}+$9{time} >= 1 ? 0.
$8{otime}-$9{time} >= 0 && -$14{kelvin} >= -272 && -$11{init} >= -2 ? 0.
$8{otime}-$9{time} >= 0 && -$14{kelvin} >= -272 && $11{init} == 3 ? bottom
$11{init} >= 4 && $8{otime}-$9{time} >= 0 && -$14{kelvin} >= -272 ? 0.
$14{kelvin} >= 273 && $8{otime}-$9{time} >= 0 && -$11{init} >= -2 ? 0.
$14{kelvin} >= 273 && $8{otime}-$9{time} >= 0 && $11{init} == 3 ? bottom
$11{init} >= 4 && $14{kelvin} >= 273 && $8{otime}-$9{time} >= 0 ? 0.

[89:]:
-$8{otime}+$9{time} >= 1 && -$14{kelvin} >= -272 && -$11{init} >= -2 ? 0.
-$8{otime}+$9{time} >= 1 && -$14{kelvin} >= -272 && $11{init} == 3 ? bottom
$11{init} >= 4 && -$8{otime}+$9{time} >= 1 && -$14{kelvin} >= -272 ? 0.
$14{kelvin} >= 273 && -$8{otime}+$9{time} >= 1 && -$11{init} >= -2 ? 0.
$14{kelvin} >= 273 && -$8{otime}+$9{time} >= 1 && $11{init} == 3 ? bottom
$11{init} >= 4 && $14{kelvin} >= 273 && -$8{otime}+$9{time} >= 1 ? 0.
$8{otime}-$9{time} >= 0 && -$14{kelvin} >= -272 && -$11{init} >= -2 ? 0.
$8{otime}-$9{time} >= 0 && -$14{kelvin} >= -272 && $11{init} == 3 ? bottom
$11{init} >= 4 && $8{otime}-$9{time} >= 0 && -$14{kelvin} >= -272 ? 0.
$14{kelvin} >= 273 && $8{otime}-$9{time} >= 0 && -$11{init} >= -2 ? 0.
$14{kelvin} >= 273 && $8{otime}-$9{time} >= 0 && $11{init} == 3 ? bottom
$11{init} >= 4 && $14{kelvin} >= 273 && $8{otime}-$9{time} >= 0 ? 0.

[90:]:
-$8{otime}+$9{time} >= 1 && -$14{kelvin} >= -272 && -$11{init} >= -2 ? 0.
-$8{otime}+$9{time} >= 1 && -$14{kelvin} >= -272 && $11{init} == 3 ? bottom
$11{init} >= 4 && -$8{otime}+$9{time} >= 1 && -$14{kelvin} >= -272 ? 0.
$14{kelvin} >= 273 && -$8{otime}+$9{time} >= 1 && -$11{init} >= -2 ? 0.
$14{kelvin} >= 273 && -$8{otime}+$9{time} >= 1 && $11{init} == 3 ? bottom
$11{init} >= 4 && $14{kelvin} >= 273 && -$8{otime}+$9{time} >= 1 ? 0.
$8{otime}-$9{time} >= 0 && -$14{kelvin} >= -272 && -$11{init} >= -2 ? 0.
$8{otime}-$9{time} >= 0 && -$14{kelvin} >= -272 && $11{init} == 3 ? bottom
$11{init} >= 4 && $8{otime}-$9{time} >= 0 && -$14{kelvin} >= -272 ? 0.
$14{kelvin} >= 273 && $8{otime}-$9{time} >= 0 && -$11{init} >= -2 ? 0.
$14{kelvin} >= 273 && $8{otime}-$9{time} >= 0 && $11{init} == 3 ? bottom
$11{init} >= 4 && $14{kelvin} >= 273 && $8{otime}-$9{time} >= 0 ? 0.

[91:]:
-$8{otime}+$9{time} >= 1 && -$14{kelvin} >= -272 && -$11{init} >= -2 ? 0.
-$8{otime}+$9{time} >= 1 && -$14{kelvin} >= -272 && $11{init} == 3 ? bottom
$11{init} >= 4 && -$8{otime}+$9{time} >= 1 && -$14{kelvin} >= -272 ? 0.
$14{kelvin} >= 273 && -$8{otime}+$9{time} >= 1 && -$11{init} >= -2 ? 0.
$14{kelvin} >= 273 && -$8{otime}+$9{time} >= 1 && $11{init} == 3 ? bottom
$11{init} >= 4 && $14{kelvin} >= 273 && -$8{otime}+$9{time} >= 1 ? 0.
$8{otime}-$9{time} >= 0 && -$14{kelvin} >= -272 && -$11{init} >= -2 ? 0.
$8{otime}-$9{time} >= 0 && -$14{kelvin} >= -272 && $11{init} == 3 ? bottom
$11{init} >= 4 && $8{otime}-$9{time} >= 0 && -$14{kelvin} >= -272 ? 0.
$14{kelvin} >= 273 && $8{otime}-$9{time} >= 0 && -$11{init} >= -2 ? 0.
$14{kelvin} >= 273 && $8{otime}-$9{time} >= 0 && $11{init} == 3 ? bottom
$11{init} >= 4 && $14{kelvin} >= 273 && $8{otime}-$9{time} >= 0 ? 0.

Property: AG{OR{$11{init} != 3}{AG{AF{$9{time} > $8{otime}}}}}

[1:]:
-$11{init} >= -2 ? 0.
$11{init} == 3 ? bottom
$11{init} >= 4 ? 0.

[2:]:
-$11{init} >= -2 ? 0.
$11{init} == 3 ? bottom
$11{init} >= 4 ? 0.

[3:]:
-$11{init} >= -2 ? 0.
$11{init} == 3 ? bottom
$11{init} >= 4 ? 0.

[4:]:
-$11{init} >= -2 ? 0.
$11{init} == 3 ? bottom
$11{init} >= 4 ? 0.

[5:]:
-$11{init} >= -2 ? 0.
$11{init} == 3 ? bottom
$11{init} >= 4 ? 0.

[6:]:
-$11{init} >= -2 ? 0.
$11{init} == 3 ? bottom
$11{init} >= 4 ? 0.

[7:]:
-$11{init} >= -2 ? 0.
$11{init} == 3 ? bottom
$11{init} >= 4 ? 0.

[8:]:
-$11{init} >= -2 ? 0.
$11{init} == 3 ? bottom
$11{init} >= 4 ? 0.

[9:]:
-$11{init} >= -2 ? 0.
$11{init} == 3 ? bottom
$11{init} >= 4 ? 0.

[10:]:
-$11{init} >= -2 ? 0.
$11{init} == 3 ? bottom
$11{init} >= 4 ? 0.

[11:]:
-$11{init} >= -2 ? 0.
$11{init} == 3 ? bottom
$11{init} >= 4 ? 0.

[12:]:
-$11{init} >= -2 ? 0.
$11{init} == 3 ? bottom
$11{init} >= 4 ? 0.

[13:]:
-$11{init} >= -2 ? 0.
$11{init} == 3 ? bottom
$11{init} >= 4 ? 0.

[14:]:
-$11{init} >= -2 ? 0.
$11{init} == 3 ? bottom
$11{init} >= 4 ? 0.

[15:]:
-$11{init} >= -2 ? 0.
$11{init} == 3 ? bottom
$11{init} >= 4 ? 0.

[16:]:
-$11{init} >= -2 ? 0.
$11{init} == 3 ? bottom
$11{init} >= 4 ? 0.

[17:]:
-$11{init} >= -2 ? 0.
$11{init} == 3 ? bottom
$11{init} >= 4 ? 0.

[18:]:
-$11{init} >= -2 ? 0.
$11{init} == 3 ? bottom
$11{init} >= 4 ? 0.

[19:]:
-$11{init} >= -2 ? 0.
$11{init} == 3 ? bottom
$11{init} >= 4 ? 0.

[20:]:
-$11{init} >= -2 ? 0.
$11{init} == 3 ? bottom
$11{init} >= 4 ? 0.

[21:]:
-$11{init} >= -2 ? 0.
$11{init} == 3 ? bottom
$11{init} >= 4 ? 0.

[22:]:
-$11{init} >= -2 ? 0.
$11{init} == 3 ? bottom
$11{init} >= 4 ? 0.

[23:]:
top ? bottom

[24:]:
-$11{init} >= -2 ? 0.
$11{init} == 3 ? bottom
$11{init} >= 4 ? 0.

[25:]:
-$11{init} >= -2 ? 0.
$11{init} == 3 ? bottom
$11{init} >= 4 ? 0.

[26:]:
-$11{init} >= -2 ? 0.
$11{init} == 3 ? bottom
$11{init} >= 4 ? 0.

[27:]:
-$11{init} >= -2 ? 0.
$11{init} == 3 ? bottom
$11{init} >= 4 ? 0.

[28:]:
-$11{init} >= -2 ? 0.
$11{init} == 3 ? bottom
$11{init} >= 4 ? 0.

[29:]:
-$11{init} >= -2 ? 0.
$11{init} == 3 ? bottom
$11{init} >= 4 ? 0.

[30:]:
-$11{init} >= -2 ? 0.
$11{init} == 3 ? bottom
$11{init} >= 4 ? 0.

[31:]:
-$11{init} >= -2 ? 0.
$11{init} == 3 ? bottom
$11{init} >= 4 ? 0.

[32:]:
-$11{init} >= -2 ? 0.
$11{init} == 3 ? bottom
$11{init} >= 4 ? 0.

[33:]:
-$11{init} >= -2 ? 0.
$11{init} == 3 ? bottom
$11{init} >= 4 ? 0.

[34:]:
top ? bottom

[35:]:
top ? bottom

[36:]:
-$8{otime}+$9{time} >= 1 && -$7{temp} >= 1 && -$18{limit} >= 273 && -$11{init} >= -2 ? 0.
-$8{otime}+$9{time} >= 1 && -$7{temp} >= 1 && -$18{limit} >= 273 && $11{init} == 3 ? bottom
$11{init} >= 4 && -$8{otime}+$9{time} >= 1 && -$7{temp} >= 1 && -$18{limit} >= 273 ? 0.
$18{limit} >= -272 && -$8{otime}+$9{time} >= 1 && -$7{temp} >= 1 && -$18{limit} >= -9 ? bottom
$18{limit} >= 10 && -$8{otime}+$9{time} >= 1 && -$7{temp} >= 1 && -$11{init} >= -2 ? 0.
$18{limit} >= 10 && -$8{otime}+$9{time} >= 1 && -$7{temp} >= 1 && $11{init} == 3 ? bottom
$11{init} >= 4 && $18{limit} >= 10 && -$8{otime}+$9{time} >= 1 && -$7{temp} >= 1 ? 0.
$7{temp} >= 0 && -$8{otime}+$9{time} >= 1 && -$18{limit} >= 273 && -$11{init} >= -2 ? 0.
$7{temp} >= 0 && -$8{otime}+$9{time} >= 1 && -$18{limit} >= 273 && $11{init} == 3 ? bottom
$11{init} >= 4 && $7{temp} >= 0 && -$8{otime}+$9{time} >= 1 && -$18{limit} >= 273 ? 0.
$18{limit} >= -272 && $7{temp} >= 0 && -$8{otime}+$9{time} >= 1 && -$18{limit} >= -9 ? bottom
$18{limit} >= 10 && $7{temp} >= 0 && -$8{otime}+$9{time} >= 1 && -$11{init} >= -2 ? 0.
$18{limit} >= 10 && $7{temp} >= 0 && -$8{otime}+$9{time} >= 1 && $11{init} == 3 ? bottom
$11{init} >= 4 && $18{limit} >= 10 && $7{temp} >= 0 && -$8{otime}+$9{time} >= 1 ? 0.
$8{otime}-$9{time} >= 0 && -$7{temp} >= 1 && -$18{limit} >= 273 && -$11{init} >= -2 ? 0.
$8{otime}-$9{time} >= 0 && -$7{temp} >= 1 && -$18{limit} >= 273 && $11{init} == 3 ? bottom
$11{init} >= 4 && $8{otime}-$9{time} >= 0 && -$7{temp} >= 1 && -$18{limit} >= 273 ? 0.
$18{limit} >= -272 && $8{otime}-$9{time} >= 0 && -$7{temp} >= 1 && -$18{limit} >= -9 ? bottom
$18{limit} >= 10 && $8{otime}-$9{time} >= 0 && -$7{temp} >= 1 && -$11{init} >= -2 ? 0.
$18{limit} >= 10 && $8{otime}-$9{time} >= 0 && -$7{temp} >= 1 && $11{init} == 3 ? bottom
$11{init} >= 4 && $18{limit} >= 10 && $8{otime}-$9{time} >= 0 && -$7{temp} >= 1 ? 0.
$7{temp} >= 0 && $8{otime}-$9{time} >= 0 && -$18{limit} >= 273 && -$11{init} >= -2 ? 0.
$7{temp} >= 0 && $8{otime}-$9{time} >= 0 && -$18{limit} >= 273 && $11{init} == 3 ? bottom
$11{init} >= 4 && $7{temp} >= 0 && $8{otime}-$9{time} >= 0 && -$18{limit} >= 273 ? 0.
$18{limit} >= -272 && $7{temp} >= 0 && $8{otime}-$9{time} >= 0 && -$18{limit} >= -9 ? bottom
$18{limit} >= 10 && $7{temp} >= 0 && $8{otime}-$9{time} >= 0 && -$11{init} >= -2 ? 0.
$18{limit} >= 10 && $7{temp} >= 0 && $8{otime}-$9{time} >= 0 && $11{init} == 3 ? bottom
$11{init} >= 4 && $18{limit} >= 10 && $7{temp} >= 0 && $8{otime}-$9{time} >= 0 ? 0.

[37:]:
-$11{init} >= -2 ? 0.
$11{init} == 3 ? bottom
$11{init} >= 4 ? 0.

[38:]:
top ? bottom

[39:]:
top ? bottom

[40:]:
top ? bottom

[41:]:
top ? bottom

[42:]:
top ? bottom

[43:]:
-$11{init} >= -2 ? 0.
$11{init} == 3 ? bottom
$11{init} >= 4 ? 0.

[44:]:
-$11{init} >= -2 ? 0.
$11{init} == 3 ? bottom
$11{init} >= 4 ? 0.

[45:]:
-$11{init} >= -2 ? 0.
$11{init} == 3 ? bottom
$11{init} >= 4 ? 0.

[46:]:
-$8{otime}+$9{time} >= 1 && -$7{temp} >= 1 && -$11{init} >= -2 ? 0.
-$8{otime}+$9{time} >= 1 && -$7{temp} >= 1 && $11{init} == 3 ? bottom
$11{init} >= 4 && -$8{otime}+$9{time} >= 1 && -$7{temp} >= 1 ? 0.
$7{temp} >= 0 && -$8{otime}+$9{time} >= 1 && -$11{init} >= -2 ? 0.
$7{temp} >= 0 && -$8{otime}+$9{time} >= 1 && $11{init} == 3 ? bottom
$11{init} >= 4 && $7{temp} >= 0 && -$8{otime}+$9{time} >= 1 ? 0.
$8{otime}-$9{time} >= 0 && -$7{temp} >= 1 && -$11{init} >= -2 ? 0.
$8{otime}-$9{time} >= 0 && -$7{temp} >= 1 && $11{init} == 3 ? bottom
$11{init} >= 4 && $8{otime}-$9{time} >= 0 && -$7{temp} >= 1 ? 0.
$7{temp} >= 0 && $8{otime}-$9{time} >= 0 && -$11{init} >= -2 ? 0.
$7{temp} >= 0 && $8{otime}-$9{time} >= 0 && $11{init} == 3 ? bottom
$11{init} >= 4 && $7{temp} >= 0 && $8{otime}-$9{time} >= 0 ? 0.

[47:]:
-$11{init} >= -2 ? 0.
$11{init} == 3 ? bottom
$11{init} >= 4 ? 0.

[48:]:
-$11{init} >= -2 ? 0.
$11{init} == 3 ? bottom
$11{init} >= 4 ? 0.

[49:]:
-$11{init} >= -2 ? 0.
$11{init} == 3 ? bottom
$11{init} >= 4 ? 0.

[50:]:
top ? bottom

[51:]:
-$11{init} >= -2 ? 0.
$11{init} == 3 ? bottom
$11{init} >= 4 ? 0.

[52:]:
-$11{init} >= -2 ? 0.
$11{init} == 3 ? bottom
$11{init} >= 4 ? 0.

[53:]:
-$11{init} >= -2 ? 0.
$11{init} == 3 ? bottom
$11{init} >= 4 ? 0.

[54:]:
-$11{init} >= -2 ? 0.
$11{init} == 3 ? bottom
$11{init} >= 4 ? 0.

[55:]:
top ? bottom

[56:]:
top ? bottom

[57:]:
top ? bottom

[58:]:
-$11{init} >= -2 ? 0.
$11{init} == 3 ? bottom
$11{init} >= 4 ? 0.

[59:]:
-$11{init} >= -2 ? 0.
$11{init} == 3 ? bottom
$11{init} >= 4 ? 0.

[60:]:
-$11{init} >= -2 ? 0.
$11{init} == 3 ? bottom
$11{init} >= 4 ? 0.

[61:]:
-$11{init} >= -2 ? 0.
$11{init} == 3 ? bottom
$11{init} >= 4 ? 0.

[62:]:
-$11{init} >= -2 ? 0.
$11{init} == 3 ? bottom
$11{init} >= 4 ? 0.

[63:]:
-$11{init} >= -2 ? 0.
$11{init} == 3 ? bottom
$11{init} >= 4 ? 0.

[64:]:
-$11{init} >= -2 ? 0.
$11{init} == 3 ? bottom
$11{init} >= 4 ? 0.

[65:]:
-$11{init} >= -2 ? 0.
$11{init} == 3 ? bottom
$11{init} >= 4 ? 0.

[66:]:
-$11{init} >= -2 ? 0.
$11{init} == 3 ? bottom
$11{init} >= 4 ? 0.

[67:]:
-$11{init} >= -2 ? 0.
$11{init} == 3 ? bottom
$11{init} >= 4 ? 0.

[68:]:
-$11{init} >= -2 ? 0.
$11{init} == 3 ? bottom
$11{init} >= 4 ? 0.

[69:]:
-$11{init} >= -2 ? 0.
$11{init} == 3 ? bottom
$11{init} >= 4 ? 0.

[70:]:
-$11{init} >= -2 ? 0.
$11{init} == 3 ? bottom
$11{init} >= 4 ? 0.

[71:]:
-$8{otime}+$9{time} >= 1 && -$7{temp} >= 1 && -$11{init} >= -2 ? 0.
-$8{otime}+$9{time} >= 1 && -$7{temp} >= 1 && $11{init} == 3 ? bottom
$11{init} >= 4 && -$8{otime}+$9{time} >= 1 && -$7{temp} >= 1 ? 0.
$7{temp} >= 0 && -$8{otime}+$9{time} >= 1 && -$11{init} >= -2 ? 0.
$7{temp} >= 0 && -$8{otime}+$9{time} >= 1 && $11{init} == 3 ? bottom
$11{init} >= 4 && $7{temp} >= 0 && -$8{otime}+$9{time} >= 1 ? 0.
$8{otime}-$9{time} >= 0 && -$7{temp} >= 1 && -$11{init} >= -2 ? 0.
$8{otime}-$9{time} >= 0 && -$7{temp} >= 1 && $11{init} == 3 ? bottom
$11{init} >= 4 && $8{otime}-$9{time} >= 0 && -$7{temp} >= 1 ? 0.
$7{temp} >= 0 && $8{otime}-$9{time} >= 0 && -$11{init} >= -2 ? 0.
$7{temp} >= 0 && $8{otime}-$9{time} >= 0 && $11{init} == 3 ? bottom
$11{init} >= 4 && $7{temp} >= 0 && $8{otime}-$9{time} >= 0 ? 0.

[72:]:
top ? bottom

[73:]:
-$8{otime}+$9{time} >= 1 && -$7{temp} >= 1 && -$11{init} >= -2 ? 0.
-$8{otime}+$9{time} >= 1 && -$7{temp} >= 1 && $11{init} == 3 ? bottom
$11{init} >= 4 && -$8{otime}+$9{time} >= 1 && -$7{temp} >= 1 ? 0.
$7{temp} >= 0 && -$8{otime}+$9{time} >= 1 && -$11{init} >= -2 ? 0.
$7{temp} >= 0 && -$8{otime}+$9{time} >= 1 && $11{init} == 3 ? bottom
$11{init} >= 4 && $7{temp} >= 0 && -$8{otime}+$9{time} >= 1 ? 0.
$8{otime}-$9{time} >= 0 && -$7{temp} >= 1 && -$11{init} >= -2 ? 0.
$8{otime}-$9{time} >= 0 && -$7{temp} >= 1 && $11{init} == 3 ? bottom
$11{init} >= 4 && $8{otime}-$9{time} >= 0 && -$7{temp} >= 1 ? 0.
$7{temp} >= 0 && $8{otime}-$9{time} >= 0 && -$11{init} >= -2 ? 0.
$7{temp} >= 0 && $8{otime}-$9{time} >= 0 && $11{init} == 3 ? bottom
$11{init} >= 4 && $7{temp} >= 0 && $8{otime}-$9{time} >= 0 ? 0.

[74:]:
-$8{otime}+$9{time} >= 1 && -$7{temp} >= 1 && -$11{init} >= -2 ? 0.
-$8{otime}+$9{time} >= 1 && -$7{temp} >= 1 && $11{init} == 3 ? bottom
$11{init} >= 4 && -$8{otime}+$9{time} >= 1 && -$7{temp} >= 1 ? 0.
$7{temp} >= 0 && -$8{otime}+$9{time} >= 1 && -$11{init} >= -2 ? 0.
$7{temp} >= 0 && -$8{otime}+$9{time} >= 1 && $11{init} == 3 ? bottom
$11{init} >= 4 && $7{temp} >= 0 && -$8{otime}+$9{time} >= 1 ? 0.
$8{otime}-$9{time} >= 0 && -$7{temp} >= 1 && -$11{init} >= -2 ? 0.
$8{otime}-$9{time} >= 0 && -$7{temp} >= 1 && $11{init} == 3 ? bottom
$11{init} >= 4 && $8{otime}-$9{time} >= 0 && -$7{temp} >= 1 ? 0.
$7{temp} >= 0 && $8{otime}-$9{time} >= 0 && -$11{init} >= -2 ? 0.
$7{temp} >= 0 && $8{otime}-$9{time} >= 0 && $11{init} == 3 ? bottom
$11{init} >= 4 && $7{temp} >= 0 && $8{otime}-$9{time} >= 0 ? 0.

[75:]:
-$8{otime}+$9{time} >= 1 && -$7{temp} >= 1 && -$11{init} >= -2 ? 0.
-$8{otime}+$9{time} >= 1 && -$7{temp} >= 1 && $11{init} == 3 ? bottom
$11{init} >= 4 && -$8{otime}+$9{time} >= 1 && -$7{temp} >= 1 ? 0.
$7{temp} >= 0 && -$8{otime}+$9{time} >= 1 && -$11{init} >= -2 ? 0.
$7{temp} >= 0 && -$8{otime}+$9{time} >= 1 && $11{init} == 3 ? bottom
$11{init} >= 4 && $7{temp} >= 0 && -$8{otime}+$9{time} >= 1 ? 0.
$8{otime}-$9{time} >= 0 && -$7{temp} >= 1 && -$11{init} >= -2 ? 0.
$8{otime}-$9{time} >= 0 && -$7{temp} >= 1 && $11{init} == 3 ? bottom
$11{init} >= 4 && $8{otime}-$9{time} >= 0 && -$7{temp} >= 1 ? 0.
$7{temp} >= 0 && $8{otime}-$9{time} >= 0 && -$11{init} >= -2 ? 0.
$7{temp} >= 0 && $8{otime}-$9{time} >= 0 && $11{init} == 3 ? bottom
$11{init} >= 4 && $7{temp} >= 0 && $8{otime}-$9{time} >= 0 ? 0.

[76:]:
-$8{otime}+$9{time} >= 1 && -$7{temp} >= 1 && -$4{tempIn} >= -272 && -$11{init} >= -2 ? 0.
-$8{otime}+$9{time} >= 1 && -$7{temp} >= 1 && -$4{tempIn} >= -272 && $11{init} == 3 ? bottom
$11{init} >= 4 && -$8{otime}+$9{time} >= 1 && -$7{temp} >= 1 && -$4{tempIn} >= -272 ? 0.
$4{tempIn} >= 273 && -$8{otime}+$9{time} >= 1 && -$7{temp} >= 1 && -$11{init} >= -2 ? 0.
$4{tempIn} >= 273 && -$8{otime}+$9{time} >= 1 && -$7{temp} >= 1 && $11{init} == 3 ? bottom
$11{init} >= 4 && $4{tempIn} >= 273 && -$8{otime}+$9{time} >= 1 && -$7{temp} >= 1 ? 0.
$7{temp} >= 0 && -$8{otime}+$9{time} >= 1 && -$4{tempIn} >= -272 && -$11{init} >= -2 ? 0.
$7{temp} >= 0 && -$8{otime}+$9{time} >= 1 && -$4{tempIn} >= -272 && $11{init} == 3 ? bottom
$11{init} >= 4 && $7{temp} >= 0 && -$8{otime}+$9{time} >= 1 && -$4{tempIn} >= -272 ? 0.
$4{tempIn} >= 273 && $7{temp} >= 0 && -$8{otime}+$9{time} >= 1 && -$11{init} >= -2 ? 0.
$4{tempIn} >= 273 && $7{temp} >= 0 && -$8{otime}+$9{time} >= 1 && $11{init} == 3 ? bottom
$11{init} >= 4 && $4{tempIn} >= 273 && $7{temp} >= 0 && -$8{otime}+$9{time} >= 1 ? 0.
$8{otime}-$9{time} >= 0 && -$7{temp} >= 1 && -$4{tempIn} >= -272 && -$11{init} >= -2 ? 0.
$8{otime}-$9{time} >= 0 && -$7{temp} >= 1 && -$4{tempIn} >= -272 && $11{init} == 3 ? bottom
$11{init} >= 4 && $8{otime}-$9{time} >= 0 && -$7{temp} >= 1 && -$4{tempIn} >= -272 ? 0.
$4{tempIn} >= 273 && $8{otime}-$9{time} >= 0 && -$7{temp} >= 1 && -$11{init} >= -2 ? 0.
$4{tempIn} >= 273 && $8{otime}-$9{time} >= 0 && -$7{temp} >= 1 && $11{init} == 3 ? bottom
$11{init} >= 4 && $4{tempIn} >= 273 && $8{otime}-$9{time} >= 0 && -$7{temp} >= 1 ? 0.
$7{temp} >= 0 && $8{otime}-$9{time} >= 0 && -$4{tempIn} >= -272 && -$11{init} >= -2 ? 0.
$7{temp} >= 0 && $8{otime}-$9{time} >= 0 && -$4{tempIn} >= -272 && $11{init} == 3 ? bottom
$11{init} >= 4 && $7{temp} >= 0 && $8{otime}-$9{time} >= 0 && -$4{tempIn} >= -272 ? 0.
$4{tempIn} >= 273 && $7{temp} >= 0 && $8{otime}-$9{time} >= 0 && -$11{init} >= -2 ? 0.
$4{tempIn} >= 273 && $7{temp} >= 0 && $8{otime}-$9{time} >= 0 && $11{init} == 3 ? bottom
$11{init} >= 4 && $4{tempIn} >= 273 && $7{temp} >= 0 && $8{otime}-$9{time} >= 0 ? 0.

[77:]:
-$8{otime}+$9{time} >= 1 && -$7{temp} >= 1 && -$11{init} >= -2 ? 0.
-$8{otime}+$9{time} >= 1 && -$7{temp} >= 1 && $11{init} == 3 ? bottom
$11{init} >= 4 && -$8{otime}+$9{time} >= 1 && -$7{temp} >= 1 ? 0.
$7{temp} >= 0 && -$8{otime}+$9{time} >= 1 && -$11{init} >= -2 ? 0.
$7{temp} >= 0 && -$8{otime}+$9{time} >= 1 && $11{init} == 3 ? bottom
$11{init} >= 4 && $7{temp} >= 0 && -$8{otime}+$9{time} >= 1 ? 0.
$8{otime}-$9{time} >= 0 && -$7{temp} >= 1 && -$11{init} >= -2 ? 0.
$8{otime}-$9{time} >= 0 && -$7{temp} >= 1 && $11{init} == 3 ? bottom
$11{init} >= 4 && $8{otime}-$9{time} >= 0 && -$7{temp} >= 1 ? 0.
$7{temp} >= 0 && $8{otime}-$9{time} >= 0 && -$11{init} >= -2 ? 0.
$7{temp} >= 0 && $8{otime}-$9{time} >= 0 && $11{init} == 3 ? bottom
$11{init} >= 4 && $7{temp} >= 0 && $8{otime}-$9{time} >= 0 ? 0.

[78:]:
-$8{otime}+$9{time} >= 1 && -$7{temp} >= 1 && -$14{kelvin} >= -272 && -$11{init} >= -2 ? 0.
-$8{otime}+$9{time} >= 1 && -$7{temp} >= 1 && -$14{kelvin} >= -272 && $11{init} == 3 ? bottom
$11{init} >= 4 && -$8{otime}+$9{time} >= 1 && -$7{temp} >= 1 && -$14{kelvin} >= -272 ? 0.
$14{kelvin} >= 273 && -$8{otime}+$9{time} >= 1 && -$7{temp} >= 1 && -$11{init} >= -2 ? 0.
$14{kelvin} >= 273 && -$8{otime}+$9{time} >= 1 && -$7{temp} >= 1 && $11{init} == 3 ? bottom
$11{init} >= 4 && $14{kelvin} >= 273 && -$8{otime}+$9{time} >= 1 && -$7{temp} >= 1 ? 0.
$7{temp} >= 0 && -$8{otime}+$9{time} >= 1 && -$14{kelvin} >= -272 && -$11{init} >= -2 ? 0.
$7{temp} >= 0 && -$8{otime}+$9{time} >= 1 && -$14{kelvin} >= -272 && $11{init} == 3 ? bottom
$11{init} >= 4 && $7{temp} >= 0 && -$8{otime}+$9{time} >= 1 && -$14{kelvin} >= -272 ? 0.
$14{kelvin} >= 273 && $7{temp} >= 0 && -$8{otime}+$9{time} >= 1 && -$11{init} >= -2 ? 0.
$14{kelvin} >= 273 && $7{temp} >= 0 && -$8{otime}+$9{time} >= 1 && $11{init} == 3 ? bottom
$11{init} >= 4 && $14{kelvin} >= 273 && $7{temp} >= 0 && -$8{otime}+$9{time} >= 1 ? 0.
$8{otime}-$9{time} >= 0 && -$7{temp} >= 1 && -$14{kelvin} >= -272 && -$11{init} >= -2 ? 0.
$8{otime}-$9{time} >= 0 && -$7{temp} >= 1 && -$14{kelvin} >= -272 && $11{init} == 3 ? bottom
$11{init} >= 4 && $8{otime}-$9{time} >= 0 && -$7{temp} >= 1 && -$14{kelvin} >= -272 ? 0.
$14{kelvin} >= 273 && $8{otime}-$9{time} >= 0 && -$7{temp} >= 1 && -$11{init} >= -2 ? 0.
$14{kelvin} >= 273 && $8{otime}-$9{time} >= 0 && -$7{temp} >= 1 && $11{init} == 3 ? bottom
$11{init} >= 4 && $14{kelvin} >= 273 && $8{otime}-$9{time} >= 0 && -$7{temp} >= 1 ? 0.
$7{temp} >= 0 && $8{otime}-$9{time} >= 0 && -$14{kelvin} >= -272 && -$11{init} >= -2 ? 0.
$7{temp} >= 0 && $8{otime}-$9{time} >= 0 && -$14{kelvin} >= -272 && $11{init} == 3 ? bottom
$11{init} >= 4 && $7{temp} >= 0 && $8{otime}-$9{time} >= 0 && -$14{kelvin} >= -272 ? 0.
$14{kelvin} >= 273 && $7{temp} >= 0 && $8{otime}-$9{time} >= 0 && -$11{init} >= -2 ? 0.
$14{kelvin} >= 273 && $7{temp} >= 0 && $8{otime}-$9{time} >= 0 && $11{init} == 3 ? bottom
$11{init} >= 4 && $14{kelvin} >= 273 && $7{temp} >= 0 && $8{otime}-$9{time} >= 0 ? 0.

[79:]:
-$8{otime}+$9{time} >= 1 && -$15{__return_vinToCels} >= 1 && -$11{init} >= -2 ? 0.
-$8{otime}+$9{time} >= 1 && -$15{__return_vinToCels} >= 1 && $11{init} == 3 ? bottom
$11{init} >= 4 && -$8{otime}+$9{time} >= 1 && -$15{__return_vinToCels} >= 1 ? 0.
$15{__return_vinToCels} >= 0 && -$8{otime}+$9{time} >= 1 && -$11{init} >= -2 ? 0.
$15{__return_vinToCels} >= 0 && -$8{otime}+$9{time} >= 1 && $11{init} == 3 ? bottom
$11{init} >= 4 && $15{__return_vinToCels} >= 0 && -$8{otime}+$9{time} >= 1 ? 0.
$8{otime}-$9{time} >= 0 && -$15{__return_vinToCels} >= 1 && -$11{init} >= -2 ? 0.
$8{otime}-$9{time} >= 0 && -$15{__return_vinToCels} >= 1 && $11{init} == 3 ? bottom
$11{init} >= 4 && $8{otime}-$9{time} >= 0 && -$15{__return_vinToCels} >= 1 ? 0.
$15{__return_vinToCels} >= 0 && $8{otime}-$9{time} >= 0 && -$11{init} >= -2 ? 0.
$15{__return_vinToCels} >= 0 && $8{otime}-$9{time} >= 0 && $11{init} == 3 ? bottom
$11{init} >= 4 && $15{__return_vinToCels} >= 0 && $8{otime}-$9{time} >= 0 ? 0.

[80:]:
-$8{otime}+$9{time} >= 1 && -$16{__ret_vinToCels} >= 1 && -$11{init} >= -2 ? 0.
-$8{otime}+$9{time} >= 1 && -$16{__ret_vinToCels} >= 1 && $11{init} == 3 ? bottom
$11{init} >= 4 && -$8{otime}+$9{time} >= 1 && -$16{__ret_vinToCels} >= 1 ? 0.
$16{__ret_vinToCels} >= 0 && -$8{otime}+$9{time} >= 1 && -$11{init} >= -2 ? 0.
$16{__ret_vinToCels} >= 0 && -$8{otime}+$9{time} >= 1 && $11{init} == 3 ? bottom
$11{init} >= 4 && $16{__ret_vinToCels} >= 0 && -$8{otime}+$9{time} >= 1 ? 0.
$8{otime}-$9{time} >= 0 && -$16{__ret_vinToCels} >= 1 && -$11{init} >= -2 ? 0.
$8{otime}-$9{time} >= 0 && -$16{__ret_vinToCels} >= 1 && $11{init} == 3 ? bottom
$11{init} >= 4 && $8{otime}-$9{time} >= 0 && -$16{__ret_vinToCels} >= 1 ? 0.
$16{__ret_vinToCels} >= 0 && $8{otime}-$9{time} >= 0 && -$11{init} >= -2 ? 0.
$16{__ret_vinToCels} >= 0 && $8{otime}-$9{time} >= 0 && $11{init} == 3 ? bottom
$11{init} >= 4 && $16{__ret_vinToCels} >= 0 && $8{otime}-$9{time} >= 0 ? 0.

[81:]:
-$8{otime}+$9{time} >= 1 && -$7{temp} >= 1 && -$11{init} >= -2 ? 0.
-$8{otime}+$9{time} >= 1 && -$7{temp} >= 1 && $11{init} == 3 ? bottom
$11{init} >= 4 && -$8{otime}+$9{time} >= 1 && -$7{temp} >= 1 ? 0.
$7{temp} >= 0 && -$8{otime}+$9{time} >= 1 && -$11{init} >= -2 ? 0.
$7{temp} >= 0 && -$8{otime}+$9{time} >= 1 && $11{init} == 3 ? bottom
$11{init} >= 4 && $7{temp} >= 0 && -$8{otime}+$9{time} >= 1 ? 0.
$8{otime}-$9{time} >= 0 && -$7{temp} >= 1 && -$11{init} >= -2 ? 0.
$8{otime}-$9{time} >= 0 && -$7{temp} >= 1 && $11{init} == 3 ? bottom
$11{init} >= 4 && $8{otime}-$9{time} >= 0 && -$7{temp} >= 1 ? 0.
$7{temp} >= 0 && $8{otime}-$9{time} >= 0 && -$11{init} >= -2 ? 0.
$7{temp} >= 0 && $8{otime}-$9{time} >= 0 && $11{init} == 3 ? bottom
$11{init} >= 4 && $7{temp} >= 0 && $8{otime}-$9{time} >= 0 ? 0.

[82:]:
-$8{otime}+$9{time} >= 1 && -$7{temp} >= 1 && -$14{kelvin} >= -272 && -$11{init} >= -2 ? 0.
-$8{otime}+$9{time} >= 1 && -$7{temp} >= 1 && -$14{kelvin} >= -272 && $11{init} == 3 ? bottom
$11{init} >= 4 && -$8{otime}+$9{time} >= 1 && -$7{temp} >= 1 && -$14{kelvin} >= -272 ? 0.
$14{kelvin} >= 273 && -$8{otime}+$9{time} >= 1 && -$7{temp} >= 1 && -$11{init} >= -2 ? 0.
$14{kelvin} >= 273 && -$8{otime}+$9{time} >= 1 && -$7{temp} >= 1 && $11{init} == 3 ? bottom
$11{init} >= 4 && $14{kelvin} >= 273 && -$8{otime}+$9{time} >= 1 && -$7{temp} >= 1 ? 0.
$7{temp} >= 0 && -$8{otime}+$9{time} >= 1 && -$14{kelvin} >= -272 && -$11{init} >= -2 ? 0.
$7{temp} >= 0 && -$8{otime}+$9{time} >= 1 && -$14{kelvin} >= -272 && $11{init} == 3 ? bottom
$11{init} >= 4 && $7{temp} >= 0 && -$8{otime}+$9{time} >= 1 && -$14{kelvin} >= -272 ? 0.
$14{kelvin} >= 273 && $7{temp} >= 0 && -$8{otime}+$9{time} >= 1 && -$11{init} >= -2 ? 0.
$14{kelvin} >= 273 && $7{temp} >= 0 && -$8{otime}+$9{time} >= 1 && $11{init} == 3 ? bottom
$11{init} >= 4 && $14{kelvin} >= 273 && $7{temp} >= 0 && -$8{otime}+$9{time} >= 1 ? 0.
$8{otime}-$9{time} >= 0 && -$7{temp} >= 1 && -$14{kelvin} >= -272 && -$11{init} >= -2 ? 0.
$8{otime}-$9{time} >= 0 && -$7{temp} >= 1 && -$14{kelvin} >= -272 && $11{init} == 3 ? bottom
$11{init} >= 4 && $8{otime}-$9{time} >= 0 && -$7{temp} >= 1 && -$14{kelvin} >= -272 ? 0.
$14{kelvin} >= 273 && $8{otime}-$9{time} >= 0 && -$7{temp} >= 1 && -$11{init} >= -2 ? 0.
$14{kelvin} >= 273 && $8{otime}-$9{time} >= 0 && -$7{temp} >= 1 && $11{init} == 3 ? bottom
$11{init} >= 4 && $14{kelvin} >= 273 && $8{otime}-$9{time} >= 0 && -$7{temp} >= 1 ? 0.
$7{temp} >= 0 && $8{otime}-$9{time} >= 0 && -$14{kelvin} >= -272 && -$11{init} >= -2 ? 0.
$7{temp} >= 0 && $8{otime}-$9{time} >= 0 && -$14{kelvin} >= -272 && $11{init} == 3 ? bottom
$11{init} >= 4 && $7{temp} >= 0 && $8{otime}-$9{time} >= 0 && -$14{kelvin} >= -272 ? 0.
$14{kelvin} >= 273 && $7{temp} >= 0 && $8{otime}-$9{time} >= 0 && -$11{init} >= -2 ? 0.
$14{kelvin} >= 273 && $7{temp} >= 0 && $8{otime}-$9{time} >= 0 && $11{init} == 3 ? bottom
$11{init} >= 4 && $14{kelvin} >= 273 && $7{temp} >= 0 && $8{otime}-$9{time} >= 0 ? 0.

[83:]:
-$8{otime}+$9{time} >= 1 && -$15{__return_vinToCels} >= 1 && -$11{init} >= -2 ? 0.
-$8{otime}+$9{time} >= 1 && -$15{__return_vinToCels} >= 1 && $11{init} == 3 ? bottom
$11{init} >= 4 && -$8{otime}+$9{time} >= 1 && -$15{__return_vinToCels} >= 1 ? 0.
$15{__return_vinToCels} >= 0 && -$8{otime}+$9{time} >= 1 && -$11{init} >= -2 ? 0.
$15{__return_vinToCels} >= 0 && -$8{otime}+$9{time} >= 1 && $11{init} == 3 ? bottom
$11{init} >= 4 && $15{__return_vinToCels} >= 0 && -$8{otime}+$9{time} >= 1 ? 0.
$8{otime}-$9{time} >= 0 && -$15{__return_vinToCels} >= 1 && -$11{init} >= -2 ? 0.
$8{otime}-$9{time} >= 0 && -$15{__return_vinToCels} >= 1 && $11{init} == 3 ? bottom
$11{init} >= 4 && $8{otime}-$9{time} >= 0 && -$15{__return_vinToCels} >= 1 ? 0.
$15{__return_vinToCels} >= 0 && $8{otime}-$9{time} >= 0 && -$11{init} >= -2 ? 0.
$15{__return_vinToCels} >= 0 && $8{otime}-$9{time} >= 0 && $11{init} == 3 ? bottom
$11{init} >= 4 && $15{__return_vinToCels} >= 0 && $8{otime}-$9{time} >= 0 ? 0.

[84:]:
-$8{otime}+$9{time} >= 1 && -$14{kelvin} >= -272 && -$11{init} >= -2 ? 0.
-$8{otime}+$9{time} >= 1 && -$14{kelvin} >= -272 && $11{init} == 3 ? bottom
$11{init} >= 4 && -$8{otime}+$9{time} >= 1 && -$14{kelvin} >= -272 ? 0.
$14{kelvin} >= 273 && -$8{otime}+$9{time} >= 1 && -$11{init} >= -2 ? 0.
$14{kelvin} >= 273 && -$8{otime}+$9{time} >= 1 && $11{init} == 3 ? bottom
$11{init} >= 4 && $14{kelvin} >= 273 && -$8{otime}+$9{time} >= 1 ? 0.
$8{otime}-$9{time} >= 0 && -$14{kelvin} >= -272 && -$11{init} >= -2 ? 0.
$8{otime}-$9{time} >= 0 && -$14{kelvin} >= -272 && $11{init} == 3 ? bottom
$11{init} >= 4 && $8{otime}-$9{time} >= 0 && -$14{kelvin} >= -272 ? 0.
$14{kelvin} >= 273 && $8{otime}-$9{time} >= 0 && -$11{init} >= -2 ? 0.
$14{kelvin} >= 273 && $8{otime}-$9{time} >= 0 && $11{init} == 3 ? bottom
$11{init} >= 4 && $14{kelvin} >= 273 && $8{otime}-$9{time} >= 0 ? 0.

[85:]:
-$8{otime}+$9{time} >= 1 && -$14{kelvin} >= -272 && -$11{init} >= -2 ? 0.
-$8{otime}+$9{time} >= 1 && -$14{kelvin} >= -272 && $11{init} == 3 ? bottom
$11{init} >= 4 && -$8{otime}+$9{time} >= 1 && -$14{kelvin} >= -272 ? 0.
$14{kelvin} >= 273 && -$8{otime}+$9{time} >= 1 && -$11{init} >= -2 ? 0.
$14{kelvin} >= 273 && -$8{otime}+$9{time} >= 1 && $11{init} == 3 ? bottom
$11{init} >= 4 && $14{kelvin} >= 273 && -$8{otime}+$9{time} >= 1 ? 0.
$8{otime}-$9{time} >= 0 && -$14{kelvin} >= -272 && -$11{init} >= -2 ? 0.
$8{otime}-$9{time} >= 0 && -$14{kelvin} >= -272 && $11{init} == 3 ? bottom
$11{init} >= 4 && $8{otime}-$9{time} >= 0 && -$14{kelvin} >= -272 ? 0.
$14{kelvin} >= 273 && $8{otime}-$9{time} >= 0 && -$11{init} >= -2 ? 0.
$14{kelvin} >= 273 && $8{otime}-$9{time} >= 0 && $11{init} == 3 ? bottom
$11{init} >= 4 && $14{kelvin} >= 273 && $8{otime}-$9{time} >= 0 ? 0.

[86:]:
-$8{otime}+$9{time} >= 1 && -$14{kelvin} >= -272 && -$11{init} >= -2 ? 0.
-$8{otime}+$9{time} >= 1 && -$14{kelvin} >= -272 && $11{init} == 3 ? bottom
$11{init} >= 4 && -$8{otime}+$9{time} >= 1 && -$14{kelvin} >= -272 ? 0.
$14{kelvin} >= 273 && -$8{otime}+$9{time} >= 1 && -$11{init} >= -2 ? 0.
$14{kelvin} >= 273 && -$8{otime}+$9{time} >= 1 && $11{init} == 3 ? bottom
$11{init} >= 4 && $14{kelvin} >= 273 && -$8{otime}+$9{time} >= 1 ? 0.
$8{otime}-$9{time} >= 0 && -$14{kelvin} >= -272 && -$11{init} >= -2 ? 0.
$8{otime}-$9{time} >= 0 && -$14{kelvin} >= -272 && $11{init} == 3 ? bottom
$11{init} >= 4 && $8{otime}-$9{time} >= 0 && -$14{kelvin} >= -272 ? 0.
$14{kelvin} >= 273 && $8{otime}-$9{time} >= 0 && -$11{init} >= -2 ? 0.
$14{kelvin} >= 273 && $8{otime}-$9{time} >= 0 && $11{init} == 3 ? bottom
$11{init} >= 4 && $14{kelvin} >= 273 && $8{otime}-$9{time} >= 0 ? 0.

[87:]:
-$8{otime}+$9{time} >= 1 && -$14{kelvin} >= -272 && -$11{init} >= -2 ? 0.
-$8{otime}+$9{time} >= 1 && -$14{kelvin} >= -272 && $11{init} == 3 ? bottom
$11{init} >= 4 && -$8{otime}+$9{time} >= 1 && -$14{kelvin} >= -272 ? 0.
$14{kelvin} >= 273 && -$8{otime}+$9{time} >= 1 && -$11{init} >= -2 ? 0.
$14{kelvin} >= 273 && -$8{otime}+$9{time} >= 1 && $11{init} == 3 ? bottom
$11{init} >= 4 && $14{kelvin} >= 273 && -$8{otime}+$9{time} >= 1 ? 0.
$8{otime}-$9{time} >= 0 && -$14{kelvin} >= -272 && -$11{init} >= -2 ? 0.
$8{otime}-$9{time} >= 0 && -$14{kelvin} >= -272 && $11{init} == 3 ? bottom
$11{init} >= 4 && $8{otime}-$9{time} >= 0 && -$14{kelvin} >= -272 ? 0.
$14{kelvin} >= 273 && $8{otime}-$9{time} >= 0 && -$11{init} >= -2 ? 0.
$14{kelvin} >= 273 && $8{otime}-$9{time} >= 0 && $11{init} == 3 ? bottom
$11{init} >= 4 && $14{kelvin} >= 273 && $8{otime}-$9{time} >= 0 ? 0.

[88:]:
-$8{otime}+$9{time} >= 1 && -$14{kelvin} >= -272 && -$11{init} >= -2 ? 0.
-$8{otime}+$9{time} >= 1 && -$14{kelvin} >= -272 && $11{init} == 3 ? bottom
$11{init} >= 4 && -$8{otime}+$9{time} >= 1 && -$14{kelvin} >= -272 ? 0.
$14{kelvin} >= 273 && -$8{otime}+$9{time} >= 1 && -$11{init} >= -2 ? 0.
$14{kelvin} >= 273 && -$8{otime}+$9{time} >= 1 && $11{init} == 3 ? bottom
$11{init} >= 4 && $14{kelvin} >= 273 && -$8{otime}+$9{time} >= 1 ? 0.
$8{otime}-$9{time} >= 0 && -$14{kelvin} >= -272 && -$11{init} >= -2 ? 0.
$8{otime}-$9{time} >= 0 && -$14{kelvin} >= -272 && $11{init} == 3 ? bottom
$11{init} >= 4 && $8{otime}-$9{time} >= 0 && -$14{kelvin} >= -272 ? 0.
$14{kelvin} >= 273 && $8{otime}-$9{time} >= 0 && -$11{init} >= -2 ? 0.
$14{kelvin} >= 273 && $8{otime}-$9{time} >= 0 && $11{init} == 3 ? bottom
$11{init} >= 4 && $14{kelvin} >= 273 && $8{otime}-$9{time} >= 0 ? 0.

[89:]:
-$8{otime}+$9{time} >= 1 && -$14{kelvin} >= -272 && -$11{init} >= -2 ? 0.
-$8{otime}+$9{time} >= 1 && -$14{kelvin} >= -272 && $11{init} == 3 ? bottom
$11{init} >= 4 && -$8{otime}+$9{time} >= 1 && -$14{kelvin} >= -272 ? 0.
$14{kelvin} >= 273 && -$8{otime}+$9{time} >= 1 && -$11{init} >= -2 ? 0.
$14{kelvin} >= 273 && -$8{otime}+$9{time} >= 1 && $11{init} == 3 ? bottom
$11{init} >= 4 && $14{kelvin} >= 273 && -$8{otime}+$9{time} >= 1 ? 0.
$8{otime}-$9{time} >= 0 && -$14{kelvin} >= -272 && -$11{init} >= -2 ? 0.
$8{otime}-$9{time} >= 0 && -$14{kelvin} >= -272 && $11{init} == 3 ? bottom
$11{init} >= 4 && $8{otime}-$9{time} >= 0 && -$14{kelvin} >= -272 ? 0.
$14{kelvin} >= 273 && $8{otime}-$9{time} >= 0 && -$11{init} >= -2 ? 0.
$14{kelvin} >= 273 && $8{otime}-$9{time} >= 0 && $11{init} == 3 ? bottom
$11{init} >= 4 && $14{kelvin} >= 273 && $8{otime}-$9{time} >= 0 ? 0.

[90:]:
-$8{otime}+$9{time} >= 1 && -$14{kelvin} >= -272 && -$11{init} >= -2 ? 0.
-$8{otime}+$9{time} >= 1 && -$14{kelvin} >= -272 && $11{init} == 3 ? bottom
$11{init} >= 4 && -$8{otime}+$9{time} >= 1 && -$14{kelvin} >= -272 ? 0.
$14{kelvin} >= 273 && -$8{otime}+$9{time} >= 1 && -$11{init} >= -2 ? 0.
$14{kelvin} >= 273 && -$8{otime}+$9{time} >= 1 && $11{init} == 3 ? bottom
$11{init} >= 4 && $14{kelvin} >= 273 && -$8{otime}+$9{time} >= 1 ? 0.
$8{otime}-$9{time} >= 0 && -$14{kelvin} >= -272 && -$11{init} >= -2 ? 0.
$8{otime}-$9{time} >= 0 && -$14{kelvin} >= -272 && $11{init} == 3 ? bottom
$11{init} >= 4 && $8{otime}-$9{time} >= 0 && -$14{kelvin} >= -272 ? 0.
$14{kelvin} >= 273 && $8{otime}-$9{time} >= 0 && -$11{init} >= -2 ? 0.
$14{kelvin} >= 273 && $8{otime}-$9{time} >= 0 && $11{init} == 3 ? bottom
$11{init} >= 4 && $14{kelvin} >= 273 && $8{otime}-$9{time} >= 0 ? 0.

[91:]:
-$8{otime}+$9{time} >= 1 && -$14{kelvin} >= -272 && -$11{init} >= -2 ? 0.
-$8{otime}+$9{time} >= 1 && -$14{kelvin} >= -272 && $11{init} == 3 ? bottom
$11{init} >= 4 && -$8{otime}+$9{time} >= 1 && -$14{kelvin} >= -272 ? 0.
$14{kelvin} >= 273 && -$8{otime}+$9{time} >= 1 && -$11{init} >= -2 ? 0.
$14{kelvin} >= 273 && -$8{otime}+$9{time} >= 1 && $11{init} == 3 ? bottom
$11{init} >= 4 && $14{kelvin} >= 273 && -$8{otime}+$9{time} >= 1 ? 0.
$8{otime}-$9{time} >= 0 && -$14{kelvin} >= -272 && -$11{init} >= -2 ? 0.
$8{otime}-$9{time} >= 0 && -$14{kelvin} >= -272 && $11{init} == 3 ? bottom
$11{init} >= 4 && $8{otime}-$9{time} >= 0 && -$14{kelvin} >= -272 ? 0.
$14{kelvin} >= 273 && $8{otime}-$9{time} >= 0 && -$11{init} >= -2 ? 0.
$14{kelvin} >= 273 && $8{otime}-$9{time} >= 0 && $11{init} == 3 ? bottom
$11{init} >= 4 && $14{kelvin} >= 273 && $8{otime}-$9{time} >= 0 ? 0.


Analysis Result: TRUE
