
CFG:
List of variables:
  $1{error}:int at tests/ctl/ltl_automizer/coolant_basis_1_safe_sfty.c:11.4-9
  $2{tempDisplay}:int at tests/ctl/ltl_automizer/coolant_basis_1_safe_sfty.c:11.11-22
  $3{warnLED}:int at tests/ctl/ltl_automizer/coolant_basis_1_safe_sfty.c:11.24-31
  $4{tempIn}:int at tests/ctl/ltl_automizer/coolant_basis_1_safe_sfty.c:11.33-39
  $5{chainBroken}:int at tests/ctl/ltl_automizer/coolant_basis_1_safe_sfty.c:11.41-52
  $6{warnLight}:int at tests/ctl/ltl_automizer/coolant_basis_1_safe_sfty.c:12.0-9
  $7{temp}:int at tests/ctl/ltl_automizer/coolant_basis_1_safe_sfty.c:12.11-15
  $8{limit}:int at tests/ctl/ltl_automizer/coolant_basis_1_safe_sfty.c:12.17-22
  $9{init}:int at tests/ctl/ltl_automizer/coolant_basis_1_safe_sfty.c:12.24-28
  $10{tempdiff}:int at tests/ctl/ltl_automizer/coolant_basis_1_safe_sfty.c:15.17-25
  $11{warning}:int at tests/ctl/ltl_automizer/coolant_basis_1_safe_sfty.c:15.31-38
  $12{kelvin}:int at tests/ctl/ltl_automizer/coolant_basis_1_safe_sfty.c:21.18-24
  $13{__return_vinToCels}:int at tests/ctl/ltl_automizer/coolant_basis_1_safe_sfty.c:21.0-29.1
  $14{otime}:int at tests/ctl/ltl_automizer/coolant_basis_1_safe_sfty.c:33.5-10
  $15{time}:int at tests/ctl/ltl_automizer/coolant_basis_1_safe_sfty.c:33.12-16
  $16{__ret_vinToCels}:int at tests/ctl/ltl_automizer/coolant_basis_1_safe_sfty.c:39.9-18
  $17{__return_main}:int at tests/ctl/ltl_automizer/coolant_basis_1_safe_sfty.c:49.0-84.1
  $18{try}:int at tests/ctl/ltl_automizer/coolant_basis_1_safe_sfty.c:61.8-11
  $19{limit}:int at tests/ctl/ltl_automizer/coolant_basis_1_safe_sfty.c:65.6-11

List of functions:
  3: coolantControl() -> void at tests/ctl/ltl_automizer/coolant_basis_1_safe_sfty.c:31.0-47.1, entry: 11, exit: 12, calls: 52->24
  1: display($10{tempdiff}:int,$11{warning}:int) -> void at tests/ctl/ltl_automizer/coolant_basis_1_safe_sfty.c:15.0-19.1, entry: 1, exit: 2, calls: 48->39 45->43 10->6
  4: main() -> $17{__return_main}:int at tests/ctl/ltl_automizer/coolant_basis_1_safe_sfty.c:49.0-84.1, entry: 56, exit: 55, calls:
  2: vinToCels($12{kelvin}:int) -> $13{__return_vinToCels}:int at tests/ctl/ltl_automizer/coolant_basis_1_safe_sfty.c:21.0-29.1, entry: 4, exit: 5, calls: 19->20

List of nodes:
  56: at :0:-1, in: out:23 
  55: at :0:-1, in: 24 out:
  1: at tests/ctl/ltl_automizer/coolant_basis_1_safe_sfty.c:15:0, in: out:3 
  2: at tests/ctl/ltl_automizer/coolant_basis_1_safe_sfty.c:19:1, in: 3 out:
  3: at tests/ctl/ltl_automizer/coolant_basis_1_safe_sfty.c:17:24, in: 1 out:2 
  4: at tests/ctl/ltl_automizer/coolant_basis_1_safe_sfty.c:21:0, in: out:6 7 
  5: at tests/ctl/ltl_automizer/coolant_basis_1_safe_sfty.c:29:1, in: 6 out:
  6: at tests/ctl/ltl_automizer/coolant_basis_1_safe_sfty.c:27:2, in: 58 4 out:5 
  7: at tests/ctl/ltl_automizer/coolant_basis_1_safe_sfty.c:24:1, in: 4 out:8 
  8: at tests/ctl/ltl_automizer/coolant_basis_1_safe_sfty.c:25:12, in: 7 out:9 
  9: at tests/ctl/ltl_automizer/coolant_basis_1_safe_sfty.c:26:29, in: 8 out:10 
  10: at tests/ctl/ltl_automizer/coolant_basis_1_safe_sfty.c:26:22, in: 9 out:57 
  11: at tests/ctl/ltl_automizer/coolant_basis_1_safe_sfty.c:31:0, in: out:13 
  12: at tests/ctl/ltl_automizer/coolant_basis_1_safe_sfty.c:47:1, in: 13 out:
  13: at tests/ctl/ltl_automizer/coolant_basis_1_safe_sfty.c:33:21, in: 22 18 11 out:12 14 
  14: at tests/ctl/ltl_automizer/coolant_basis_1_safe_sfty.c:35:1, in: 13 out:15 
  15: at tests/ctl/ltl_automizer/coolant_basis_1_safe_sfty.c:36:15, in: 14 out:16 
  16: at tests/ctl/ltl_automizer/coolant_basis_1_safe_sfty.c:37:19, in: 15 out:17 
  17: at tests/ctl/ltl_automizer/coolant_basis_1_safe_sfty.c:38:35, in: 16 out:19 
  18: at tests/ctl/ltl_automizer/coolant_basis_1_safe_sfty.c:39:27, in: 21 out:13 22 
  19: at tests/ctl/ltl_automizer/coolant_basis_1_safe_sfty.c:39:25, in: 17 out:66 
  20: at tests/ctl/ltl_automizer/coolant_basis_1_safe_sfty.c:39:18, in: 67 out:21 
  21: at tests/ctl/ltl_automizer/coolant_basis_1_safe_sfty.c:39:18, in: 20 out:18 
  22: at tests/ctl/ltl_automizer/coolant_basis_1_safe_sfty.c:41:2, in: 18 out:13 
  23: at tests/ctl/ltl_automizer/coolant_basis_1_safe_sfty.c:49:0, in: 56 out:25 
  24: at tests/ctl/ltl_automizer/coolant_basis_1_safe_sfty.c:84:1, in: 77 out:55 
  25: at tests/ctl/ltl_automizer/coolant_basis_1_safe_sfty.c:51:10, in: 23 out:26 
  26: at tests/ctl/ltl_automizer/coolant_basis_1_safe_sfty.c:52:20, in: 25 out:27 
  27: at tests/ctl/ltl_automizer/coolant_basis_1_safe_sfty.c:53:16, in: 26 out:28 
  28: at tests/ctl/ltl_automizer/coolant_basis_1_safe_sfty.c:54:15, in: 27 out:29 
  29: at tests/ctl/ltl_automizer/coolant_basis_1_safe_sfty.c:55:14, in: 28 out:30 
  30: at tests/ctl/ltl_automizer/coolant_basis_1_safe_sfty.c:56:20, in: 29 out:31 
  31: at tests/ctl/ltl_automizer/coolant_basis_1_safe_sfty.c:57:18, in: 30 out:32 
  32: at tests/ctl/ltl_automizer/coolant_basis_1_safe_sfty.c:58:13, in: 31 out:33 
  33: at tests/ctl/ltl_automizer/coolant_basis_1_safe_sfty.c:59:14, in: 32 out:34 
  34: at tests/ctl/ltl_automizer/coolant_basis_1_safe_sfty.c:60:13, in: 33 out:35 
  35: at tests/ctl/ltl_automizer/coolant_basis_1_safe_sfty.c:61:16, in: 49 34 out:36 37 
  36: at tests/ctl/ltl_automizer/coolant_basis_1_safe_sfty.c:80:2, in: 51 43 35 out:52 
  37: at tests/ctl/ltl_automizer/coolant_basis_1_safe_sfty.c:64:1, in: 35 out:38 
  38: at tests/ctl/ltl_automizer/coolant_basis_1_safe_sfty.c:65:38, in: 37 out:40 41 
  39: at tests/ctl/ltl_automizer/coolant_basis_1_safe_sfty.c:74:3, in: 64 out:49 50 
  40: at tests/ctl/ltl_automizer/coolant_basis_1_safe_sfty.c:71:9, in: 38 out:46 
  41: at tests/ctl/ltl_automizer/coolant_basis_1_safe_sfty.c:67:2, in: 38 out:42 
  42: at tests/ctl/ltl_automizer/coolant_basis_1_safe_sfty.c:68:13, in: 41 out:44 
  43: at tests/ctl/ltl_automizer/coolant_basis_1_safe_sfty.c:69:21, in: 61 out:36 
  44: at tests/ctl/ltl_automizer/coolant_basis_1_safe_sfty.c:69:19, in: 42 out:45 
  45: at tests/ctl/ltl_automizer/coolant_basis_1_safe_sfty.c:69:12, in: 44 out:60 
  46: at tests/ctl/ltl_automizer/coolant_basis_1_safe_sfty.c:72:13, in: 40 out:47 
  47: at tests/ctl/ltl_automizer/coolant_basis_1_safe_sfty.c:73:19, in: 46 out:48 
  48: at tests/ctl/ltl_automizer/coolant_basis_1_safe_sfty.c:73:12, in: 47 out:63 
  49: at tests/ctl/ltl_automizer/coolant_basis_1_safe_sfty.c:78:3, in: 39 out:35 
  50: at tests/ctl/ltl_automizer/coolant_basis_1_safe_sfty.c:75:16, in: 39 out:51 
  51: at tests/ctl/ltl_automizer/coolant_basis_1_safe_sfty.c:76:13, in: 50 out:36 
  52: at tests/ctl/ltl_automizer/coolant_basis_1_safe_sfty.c:82:10, in: 36 out:76 
  53: at tests/ctl/ltl_automizer/coolant_basis_1_safe_sfty.c:11:0, in: out:54 
  54: at tests/ctl/ltl_automizer/coolant_basis_1_safe_sfty.c:84:1, in: 53 out:
  57: at tests/ctl/ltl_automizer/coolant_basis_1_safe_sfty.c:15:0, in: 10 out:59 
  58: at tests/ctl/ltl_automizer/coolant_basis_1_safe_sfty.c:19:1, in: 59 out:6 
  59: at tests/ctl/ltl_automizer/coolant_basis_1_safe_sfty.c:17:24, in: 57 out:58 
  60: at tests/ctl/ltl_automizer/coolant_basis_1_safe_sfty.c:15:0, in: 45 out:62 
  61: at tests/ctl/ltl_automizer/coolant_basis_1_safe_sfty.c:19:1, in: 62 out:43 
  62: at tests/ctl/ltl_automizer/coolant_basis_1_safe_sfty.c:17:24, in: 60 out:61 
  63: at tests/ctl/ltl_automizer/coolant_basis_1_safe_sfty.c:15:0, in: 48 out:65 
  64: at tests/ctl/ltl_automizer/coolant_basis_1_safe_sfty.c:19:1, in: 65 out:39 
  65: at tests/ctl/ltl_automizer/coolant_basis_1_safe_sfty.c:17:24, in: 63 out:64 
  66: at tests/ctl/ltl_automizer/coolant_basis_1_safe_sfty.c:21:0, in: 19 out:68 69 
  67: at tests/ctl/ltl_automizer/coolant_basis_1_safe_sfty.c:29:1, in: 68 out:20 
  68: at tests/ctl/ltl_automizer/coolant_basis_1_safe_sfty.c:27:2, in: 74 66 out:67 
  69: at tests/ctl/ltl_automizer/coolant_basis_1_safe_sfty.c:24:1, in: 66 out:70 
  70: at tests/ctl/ltl_automizer/coolant_basis_1_safe_sfty.c:25:12, in: 69 out:71 
  71: at tests/ctl/ltl_automizer/coolant_basis_1_safe_sfty.c:26:29, in: 70 out:72 
  72: at tests/ctl/ltl_automizer/coolant_basis_1_safe_sfty.c:26:22, in: 71 out:73 
  73: at tests/ctl/ltl_automizer/coolant_basis_1_safe_sfty.c:15:0, in: 72 out:75 
  74: at tests/ctl/ltl_automizer/coolant_basis_1_safe_sfty.c:19:1, in: 75 out:68 
  75: at tests/ctl/ltl_automizer/coolant_basis_1_safe_sfty.c:17:24, in: 73 out:74 
  76: at tests/ctl/ltl_automizer/coolant_basis_1_safe_sfty.c:31:0, in: 52 out:78 
  77: at tests/ctl/ltl_automizer/coolant_basis_1_safe_sfty.c:47:1, in: 78 out:24 
  78: at tests/ctl/ltl_automizer/coolant_basis_1_safe_sfty.c:33:21, in: 87 83 76 out:77 79 
  79: at tests/ctl/ltl_automizer/coolant_basis_1_safe_sfty.c:35:1, in: 78 out:80 
  80: at tests/ctl/ltl_automizer/coolant_basis_1_safe_sfty.c:36:15, in: 79 out:81 
  81: at tests/ctl/ltl_automizer/coolant_basis_1_safe_sfty.c:37:19, in: 80 out:82 
  82: at tests/ctl/ltl_automizer/coolant_basis_1_safe_sfty.c:38:35, in: 81 out:84 
  83: at tests/ctl/ltl_automizer/coolant_basis_1_safe_sfty.c:39:27, in: 86 out:78 87 
  84: at tests/ctl/ltl_automizer/coolant_basis_1_safe_sfty.c:39:25, in: 82 out:88 
  85: at tests/ctl/ltl_automizer/coolant_basis_1_safe_sfty.c:39:18, in: 89 out:86 
  86: at tests/ctl/ltl_automizer/coolant_basis_1_safe_sfty.c:39:18, in: 85 out:83 
  87: at tests/ctl/ltl_automizer/coolant_basis_1_safe_sfty.c:41:2, in: 83 out:78 
  88: at tests/ctl/ltl_automizer/coolant_basis_1_safe_sfty.c:21:0, in: 84 out:90 91 
  89: at tests/ctl/ltl_automizer/coolant_basis_1_safe_sfty.c:29:1, in: 90 out:85 
  90: at tests/ctl/ltl_automizer/coolant_basis_1_safe_sfty.c:27:2, in: 96 88 out:89 
  91: at tests/ctl/ltl_automizer/coolant_basis_1_safe_sfty.c:24:1, in: 88 out:92 
  92: at tests/ctl/ltl_automizer/coolant_basis_1_safe_sfty.c:25:12, in: 91 out:93 
  93: at tests/ctl/ltl_automizer/coolant_basis_1_safe_sfty.c:26:29, in: 92 out:94 
  94: at tests/ctl/ltl_automizer/coolant_basis_1_safe_sfty.c:26:22, in: 93 out:95 
  95: at tests/ctl/ltl_automizer/coolant_basis_1_safe_sfty.c:15:0, in: 94 out:97 
  96: at tests/ctl/ltl_automizer/coolant_basis_1_safe_sfty.c:19:1, in: 97 out:90 
  97: at tests/ctl/ltl_automizer/coolant_basis_1_safe_sfty.c:17:24, in: 95 out:96 

List of arcs:
  77 -> 24: return: coolantControl
  52 -> 76: call: coolantControl
  67 -> 20: return: vinToCels
  19 -> 66: call: vinToCels
  64 -> 39: return: display
  48 -> 63: call: display
  61 -> 43: return: display
  45 -> 60: call: display
  58 -> 6: return: display
  10 -> 57: call: display
  56 -> 23: label entry
  24 -> 55: label exit
  1 -> 3: $2{tempDisplay} = $10{tempdiff}
  3 -> 2: $3{warnLED} = $11{warning}
  4 -> 7: $7{temp} < 0 ?
  4 -> 6: ! ($7{temp} < 0) ?
  7 -> 8: $1{error} = 1
  8 -> 9: $11{warning} = $1{error}
  9 -> 10: $10{tempdiff} = $12{kelvin} - 273
  6 -> 5: $13{__return_vinToCels} = $12{kelvin} - 273
  11 -> 13: $15{time} = 0
  13 -> 14: 1 != 0 ?
  13 -> 12: ! (1 != 0) ?
  14 -> 15: $14{otime} = $15{time}
  15 -> 16: $15{time} = $14{otime} + 1
  16 -> 17: $4{tempIn} = ?
  17 -> 19: $12{kelvin} = $4{tempIn}
  20 -> 21: $16{__ret_vinToCels} = $13{__return_vinToCels}
  21 -> 18: $7{temp} = $16{__ret_vinToCels}
  18 -> 22: $7{temp} > $8{limit} ?
  18 -> 13: ! ($7{temp} > $8{limit}) ?
  22 -> 13: $5{chainBroken} = 1
  23 -> 25: $9{init} = 0
  25 -> 26: $2{tempDisplay} = 0
  26 -> 27: $3{warnLED} = 1
  27 -> 28: $4{tempIn} = 0
  28 -> 29: $1{error} = 0
  29 -> 30: $5{chainBroken} = 0
  30 -> 31: $6{warnLight} = 0
  31 -> 32: $7{temp} = 0
  32 -> 33: $8{limit} = 8
  33 -> 34: $9{init} = 1
  34 -> 35: $18{try} = 0
  35 -> 37: 1 != 0 ?
  35 -> 36: ! (1 != 0) ?
  37 -> 38: $19{limit} = ?
  38 -> 41: $19{limit} < 10 && $19{limit} > - 273 ?
  38 -> 40: ! ($19{limit} < 10 && $19{limit} > - 273) ?
  41 -> 42: $1{error} = 0
  42 -> 44: $11{warning} = $1{error}
  44 -> 45: $10{tempdiff} = 0
  43 -> 36: skip: break
  40 -> 46: $1{error} = 1
  46 -> 47: $11{warning} = $1{error}
  47 -> 48: $10{tempdiff} = 0
  39 -> 50: $18{try} >= 3 ?
  39 -> 49: ! ($18{try} >= 3) ?
  50 -> 51: $19{limit} = 7
  51 -> 36: skip: break
  49 -> 35: $18{try} = $18{try} + 1
  36 -> 52: $9{init} = 3
  53 -> 54: skip
  57 -> 59: $2{tempDisplay} = $10{tempdiff}
  59 -> 58: $3{warnLED} = $11{warning}
  60 -> 62: $2{tempDisplay} = $10{tempdiff}
  62 -> 61: $3{warnLED} = $11{warning}
  63 -> 65: $2{tempDisplay} = $10{tempdiff}
  65 -> 64: $3{warnLED} = $11{warning}
  66 -> 68: ! ($7{temp} < 0) ?
  66 -> 69: $7{temp} < 0 ?
  68 -> 67: $13{__return_vinToCels} = $12{kelvin} - 273
  69 -> 70: $1{error} = 1
  70 -> 71: $11{warning} = $1{error}
  71 -> 72: $10{tempdiff} = $12{kelvin} - 273
  72 -> 73: call: display
  73 -> 75: $2{tempDisplay} = $10{tempdiff}
  74 -> 68: return: display
  75 -> 74: $3{warnLED} = $11{warning}
  76 -> 78: $15{time} = 0
  78 -> 77: ! (1 != 0) ?
  78 -> 79: 1 != 0 ?
  79 -> 80: $14{otime} = $15{time}
  80 -> 81: $15{time} = $14{otime} + 1
  81 -> 82: $4{tempIn} = ?
  82 -> 84: $12{kelvin} = $4{tempIn}
  83 -> 78: ! ($7{temp} > $8{limit}) ?
  83 -> 87: $7{temp} > $8{limit} ?
  84 -> 88: call: vinToCels
  85 -> 86: $16{__ret_vinToCels} = $13{__return_vinToCels}
  86 -> 83: $7{temp} = $16{__ret_vinToCels}
  87 -> 78: $5{chainBroken} = 1
  88 -> 90: ! ($7{temp} < 0) ?
  88 -> 91: $7{temp} < 0 ?
  89 -> 85: return: vinToCels
  90 -> 89: $13{__return_vinToCels} = $12{kelvin} - 273
  91 -> 92: $1{error} = 1
  92 -> 93: $11{warning} = $1{error}
  93 -> 94: $10{tempdiff} = $12{kelvin} - 273
  94 -> 95: call: display
  95 -> 97: $2{tempDisplay} = $10{tempdiff}
  96 -> 90: return: display
  97 -> 96: $3{warnLED} = $11{warning}


Property: $5{chainBroken} == 1

[1:]:
-$5{chainBroken} >= 0 ? bottom
$5{chainBroken} == 1 ? 0.
$5{chainBroken} >= 2 ? bottom

[2:]:
-$5{chainBroken} >= 0 ? bottom
$5{chainBroken} == 1 ? 0.
$5{chainBroken} >= 2 ? bottom

[3:]:
-$5{chainBroken} >= 0 ? bottom
$5{chainBroken} == 1 ? 0.
$5{chainBroken} >= 2 ? bottom

[4:]:
-$5{chainBroken} >= 0 ? bottom
$5{chainBroken} == 1 ? 0.
$5{chainBroken} >= 2 ? bottom

[5:]:
-$5{chainBroken} >= 0 ? bottom
$5{chainBroken} == 1 ? 0.
$5{chainBroken} >= 2 ? bottom

[6:]:
-$5{chainBroken} >= 0 ? bottom
$5{chainBroken} == 1 ? 0.
$5{chainBroken} >= 2 ? bottom

[7:]:
-$5{chainBroken} >= 0 ? bottom
$5{chainBroken} == 1 ? 0.
$5{chainBroken} >= 2 ? bottom

[8:]:
-$5{chainBroken} >= 0 ? bottom
$5{chainBroken} == 1 ? 0.
$5{chainBroken} >= 2 ? bottom

[9:]:
-$5{chainBroken} >= 0 ? bottom
$5{chainBroken} == 1 ? 0.
$5{chainBroken} >= 2 ? bottom

[10:]:
-$5{chainBroken} >= 0 ? bottom
$5{chainBroken} == 1 ? 0.
$5{chainBroken} >= 2 ? bottom

[11:]:
-$5{chainBroken} >= 0 ? bottom
$5{chainBroken} == 1 ? 0.
$5{chainBroken} >= 2 ? bottom

[12:]:
-$5{chainBroken} >= 0 ? bottom
$5{chainBroken} == 1 ? 0.
$5{chainBroken} >= 2 ? bottom

[13:]:
-$5{chainBroken} >= 0 ? bottom
$5{chainBroken} == 1 ? 0.
$5{chainBroken} >= 2 ? bottom

[14:]:
-$5{chainBroken} >= 0 ? bottom
$5{chainBroken} == 1 ? 0.
$5{chainBroken} >= 2 ? bottom

[15:]:
-$5{chainBroken} >= 0 ? bottom
$5{chainBroken} == 1 ? 0.
$5{chainBroken} >= 2 ? bottom

[16:]:
-$5{chainBroken} >= 0 ? bottom
$5{chainBroken} == 1 ? 0.
$5{chainBroken} >= 2 ? bottom

[17:]:
-$5{chainBroken} >= 0 ? bottom
$5{chainBroken} == 1 ? 0.
$5{chainBroken} >= 2 ? bottom

[18:]:
-$5{chainBroken} >= 0 ? bottom
$5{chainBroken} == 1 ? 0.
$5{chainBroken} >= 2 ? bottom

[19:]:
-$5{chainBroken} >= 0 ? bottom
$5{chainBroken} == 1 ? 0.
$5{chainBroken} >= 2 ? bottom

[20:]:
-$5{chainBroken} >= 0 ? bottom
$5{chainBroken} == 1 ? 0.
$5{chainBroken} >= 2 ? bottom

[21:]:
-$5{chainBroken} >= 0 ? bottom
$5{chainBroken} == 1 ? 0.
$5{chainBroken} >= 2 ? bottom

[22:]:
-$5{chainBroken} >= 0 ? bottom
$5{chainBroken} == 1 ? 0.
$5{chainBroken} >= 2 ? bottom

[23:]:
-$5{chainBroken} >= 0 ? bottom
$5{chainBroken} == 1 ? 0.
$5{chainBroken} >= 2 ? bottom

[24:]:
-$5{chainBroken} >= 0 ? bottom
$5{chainBroken} == 1 ? 0.
$5{chainBroken} >= 2 ? bottom

[25:]:
-$5{chainBroken} >= 0 ? bottom
$5{chainBroken} == 1 ? 0.
$5{chainBroken} >= 2 ? bottom

[26:]:
-$5{chainBroken} >= 0 ? bottom
$5{chainBroken} == 1 ? 0.
$5{chainBroken} >= 2 ? bottom

[27:]:
-$5{chainBroken} >= 0 ? bottom
$5{chainBroken} == 1 ? 0.
$5{chainBroken} >= 2 ? bottom

[28:]:
-$5{chainBroken} >= 0 ? bottom
$5{chainBroken} == 1 ? 0.
$5{chainBroken} >= 2 ? bottom

[29:]:
-$5{chainBroken} >= 0 ? bottom
$5{chainBroken} == 1 ? 0.
$5{chainBroken} >= 2 ? bottom

[30:]:
-$5{chainBroken} >= 0 ? bottom
$5{chainBroken} == 1 ? 0.
$5{chainBroken} >= 2 ? bottom

[31:]:
-$5{chainBroken} >= 0 ? bottom
$5{chainBroken} == 1 ? 0.
$5{chainBroken} >= 2 ? bottom

[32:]:
-$5{chainBroken} >= 0 ? bottom
$5{chainBroken} == 1 ? 0.
$5{chainBroken} >= 2 ? bottom

[33:]:
-$5{chainBroken} >= 0 ? bottom
$5{chainBroken} == 1 ? 0.
$5{chainBroken} >= 2 ? bottom

[34:]:
-$5{chainBroken} >= 0 ? bottom
$5{chainBroken} == 1 ? 0.
$5{chainBroken} >= 2 ? bottom

[35:]:
-$5{chainBroken} >= 0 ? bottom
$5{chainBroken} == 1 ? 0.
$5{chainBroken} >= 2 ? bottom

[36:]:
-$5{chainBroken} >= 0 ? bottom
$5{chainBroken} == 1 ? 0.
$5{chainBroken} >= 2 ? bottom

[37:]:
-$5{chainBroken} >= 0 ? bottom
$5{chainBroken} == 1 ? 0.
$5{chainBroken} >= 2 ? bottom

[38:]:
-$5{chainBroken} >= 0 ? bottom
$5{chainBroken} == 1 ? 0.
$5{chainBroken} >= 2 ? bottom

[39:]:
-$5{chainBroken} >= 0 ? bottom
$5{chainBroken} == 1 ? 0.
$5{chainBroken} >= 2 ? bottom

[40:]:
-$5{chainBroken} >= 0 ? bottom
$5{chainBroken} == 1 ? 0.
$5{chainBroken} >= 2 ? bottom

[41:]:
-$5{chainBroken} >= 0 ? bottom
$5{chainBroken} == 1 ? 0.
$5{chainBroken} >= 2 ? bottom

[42:]:
-$5{chainBroken} >= 0 ? bottom
$5{chainBroken} == 1 ? 0.
$5{chainBroken} >= 2 ? bottom

[43:]:
-$5{chainBroken} >= 0 ? bottom
$5{chainBroken} == 1 ? 0.
$5{chainBroken} >= 2 ? bottom

[44:]:
-$5{chainBroken} >= 0 ? bottom
$5{chainBroken} == 1 ? 0.
$5{chainBroken} >= 2 ? bottom

[45:]:
-$5{chainBroken} >= 0 ? bottom
$5{chainBroken} == 1 ? 0.
$5{chainBroken} >= 2 ? bottom

[46:]:
-$5{chainBroken} >= 0 ? bottom
$5{chainBroken} == 1 ? 0.
$5{chainBroken} >= 2 ? bottom

[47:]:
-$5{chainBroken} >= 0 ? bottom
$5{chainBroken} == 1 ? 0.
$5{chainBroken} >= 2 ? bottom

[48:]:
-$5{chainBroken} >= 0 ? bottom
$5{chainBroken} == 1 ? 0.
$5{chainBroken} >= 2 ? bottom

[49:]:
-$5{chainBroken} >= 0 ? bottom
$5{chainBroken} == 1 ? 0.
$5{chainBroken} >= 2 ? bottom

[50:]:
-$5{chainBroken} >= 0 ? bottom
$5{chainBroken} == 1 ? 0.
$5{chainBroken} >= 2 ? bottom

[51:]:
-$5{chainBroken} >= 0 ? bottom
$5{chainBroken} == 1 ? 0.
$5{chainBroken} >= 2 ? bottom

[52:]:
-$5{chainBroken} >= 0 ? bottom
$5{chainBroken} == 1 ? 0.
$5{chainBroken} >= 2 ? bottom

[53:]:
-$5{chainBroken} >= 0 ? bottom
$5{chainBroken} == 1 ? 0.
$5{chainBroken} >= 2 ? bottom

[54:]:
-$5{chainBroken} >= 0 ? bottom
$5{chainBroken} == 1 ? 0.
$5{chainBroken} >= 2 ? bottom

[55:]:
-$5{chainBroken} >= 0 ? bottom
$5{chainBroken} == 1 ? 0.
$5{chainBroken} >= 2 ? bottom

[56:]:
-$5{chainBroken} >= 0 ? bottom
$5{chainBroken} == 1 ? 0.
$5{chainBroken} >= 2 ? bottom

[57:]:
-$5{chainBroken} >= 0 ? bottom
$5{chainBroken} == 1 ? 0.
$5{chainBroken} >= 2 ? bottom

[58:]:
-$5{chainBroken} >= 0 ? bottom
$5{chainBroken} == 1 ? 0.
$5{chainBroken} >= 2 ? bottom

[59:]:
-$5{chainBroken} >= 0 ? bottom
$5{chainBroken} == 1 ? 0.
$5{chainBroken} >= 2 ? bottom

[60:]:
-$5{chainBroken} >= 0 ? bottom
$5{chainBroken} == 1 ? 0.
$5{chainBroken} >= 2 ? bottom

[61:]:
-$5{chainBroken} >= 0 ? bottom
$5{chainBroken} == 1 ? 0.
$5{chainBroken} >= 2 ? bottom

[62:]:
-$5{chainBroken} >= 0 ? bottom
$5{chainBroken} == 1 ? 0.
$5{chainBroken} >= 2 ? bottom

[63:]:
-$5{chainBroken} >= 0 ? bottom
$5{chainBroken} == 1 ? 0.
$5{chainBroken} >= 2 ? bottom

[64:]:
-$5{chainBroken} >= 0 ? bottom
$5{chainBroken} == 1 ? 0.
$5{chainBroken} >= 2 ? bottom

[65:]:
-$5{chainBroken} >= 0 ? bottom
$5{chainBroken} == 1 ? 0.
$5{chainBroken} >= 2 ? bottom

[66:]:
-$5{chainBroken} >= 0 ? bottom
$5{chainBroken} == 1 ? 0.
$5{chainBroken} >= 2 ? bottom

[67:]:
-$5{chainBroken} >= 0 ? bottom
$5{chainBroken} == 1 ? 0.
$5{chainBroken} >= 2 ? bottom

[68:]:
-$5{chainBroken} >= 0 ? bottom
$5{chainBroken} == 1 ? 0.
$5{chainBroken} >= 2 ? bottom

[69:]:
-$5{chainBroken} >= 0 ? bottom
$5{chainBroken} == 1 ? 0.
$5{chainBroken} >= 2 ? bottom

[70:]:
-$5{chainBroken} >= 0 ? bottom
$5{chainBroken} == 1 ? 0.
$5{chainBroken} >= 2 ? bottom

[71:]:
-$5{chainBroken} >= 0 ? bottom
$5{chainBroken} == 1 ? 0.
$5{chainBroken} >= 2 ? bottom

[72:]:
-$5{chainBroken} >= 0 ? bottom
$5{chainBroken} == 1 ? 0.
$5{chainBroken} >= 2 ? bottom

[73:]:
-$5{chainBroken} >= 0 ? bottom
$5{chainBroken} == 1 ? 0.
$5{chainBroken} >= 2 ? bottom

[74:]:
-$5{chainBroken} >= 0 ? bottom
$5{chainBroken} == 1 ? 0.
$5{chainBroken} >= 2 ? bottom

[75:]:
-$5{chainBroken} >= 0 ? bottom
$5{chainBroken} == 1 ? 0.
$5{chainBroken} >= 2 ? bottom

[76:]:
-$5{chainBroken} >= 0 ? bottom
$5{chainBroken} == 1 ? 0.
$5{chainBroken} >= 2 ? bottom

[77:]:
-$5{chainBroken} >= 0 ? bottom
$5{chainBroken} == 1 ? 0.
$5{chainBroken} >= 2 ? bottom

[78:]:
-$5{chainBroken} >= 0 ? bottom
$5{chainBroken} == 1 ? 0.
$5{chainBroken} >= 2 ? bottom

[79:]:
-$5{chainBroken} >= 0 ? bottom
$5{chainBroken} == 1 ? 0.
$5{chainBroken} >= 2 ? bottom

[80:]:
-$5{chainBroken} >= 0 ? bottom
$5{chainBroken} == 1 ? 0.
$5{chainBroken} >= 2 ? bottom

[81:]:
-$5{chainBroken} >= 0 ? bottom
$5{chainBroken} == 1 ? 0.
$5{chainBroken} >= 2 ? bottom

[82:]:
-$5{chainBroken} >= 0 ? bottom
$5{chainBroken} == 1 ? 0.
$5{chainBroken} >= 2 ? bottom

[83:]:
-$5{chainBroken} >= 0 ? bottom
$5{chainBroken} == 1 ? 0.
$5{chainBroken} >= 2 ? bottom

[84:]:
-$5{chainBroken} >= 0 ? bottom
$5{chainBroken} == 1 ? 0.
$5{chainBroken} >= 2 ? bottom

[85:]:
-$5{chainBroken} >= 0 ? bottom
$5{chainBroken} == 1 ? 0.
$5{chainBroken} >= 2 ? bottom

[86:]:
-$5{chainBroken} >= 0 ? bottom
$5{chainBroken} == 1 ? 0.
$5{chainBroken} >= 2 ? bottom

[87:]:
-$5{chainBroken} >= 0 ? bottom
$5{chainBroken} == 1 ? 0.
$5{chainBroken} >= 2 ? bottom

[88:]:
-$5{chainBroken} >= 0 ? bottom
$5{chainBroken} == 1 ? 0.
$5{chainBroken} >= 2 ? bottom

[89:]:
-$5{chainBroken} >= 0 ? bottom
$5{chainBroken} == 1 ? 0.
$5{chainBroken} >= 2 ? bottom

[90:]:
-$5{chainBroken} >= 0 ? bottom
$5{chainBroken} == 1 ? 0.
$5{chainBroken} >= 2 ? bottom

[91:]:
-$5{chainBroken} >= 0 ? bottom
$5{chainBroken} == 1 ? 0.
$5{chainBroken} >= 2 ? bottom

[92:]:
-$5{chainBroken} >= 0 ? bottom
$5{chainBroken} == 1 ? 0.
$5{chainBroken} >= 2 ? bottom

[93:]:
-$5{chainBroken} >= 0 ? bottom
$5{chainBroken} == 1 ? 0.
$5{chainBroken} >= 2 ? bottom

[94:]:
-$5{chainBroken} >= 0 ? bottom
$5{chainBroken} == 1 ? 0.
$5{chainBroken} >= 2 ? bottom

[95:]:
-$5{chainBroken} >= 0 ? bottom
$5{chainBroken} == 1 ? 0.
$5{chainBroken} >= 2 ? bottom

[96:]:
-$5{chainBroken} >= 0 ? bottom
$5{chainBroken} == 1 ? 0.
$5{chainBroken} >= 2 ? bottom

[97:]:
-$5{chainBroken} >= 0 ? bottom
$5{chainBroken} == 1 ? 0.
$5{chainBroken} >= 2 ? bottom

Property: AG{$5{chainBroken} == 1}

[1:]:
-$5{chainBroken} >= 0 ? bottom
$5{chainBroken} == 1 ? 0.
$5{chainBroken} >= 2 ? bottom

[2:]:
-$5{chainBroken} >= 0 ? bottom
$5{chainBroken} == 1 ? 0.
$5{chainBroken} >= 2 ? bottom

[3:]:
-$5{chainBroken} >= 0 ? bottom
$5{chainBroken} == 1 ? 0.
$5{chainBroken} >= 2 ? bottom

[4:]:
-$5{chainBroken} >= 0 ? bottom
$5{chainBroken} == 1 ? 0.
$5{chainBroken} >= 2 ? bottom

[5:]:
-$5{chainBroken} >= 0 ? bottom
$5{chainBroken} == 1 ? 0.
$5{chainBroken} >= 2 ? bottom

[6:]:
-$5{chainBroken} >= 0 ? bottom
$5{chainBroken} == 1 ? 0.
$5{chainBroken} >= 2 ? bottom

[7:]:
-$5{chainBroken} >= 0 ? bottom
$5{chainBroken} == 1 ? 0.
$5{chainBroken} >= 2 ? bottom

[8:]:
-$5{chainBroken} >= 0 ? bottom
$5{chainBroken} == 1 ? 0.
$5{chainBroken} >= 2 ? bottom

[9:]:
-$5{chainBroken} >= 0 ? bottom
$5{chainBroken} == 1 ? 0.
$5{chainBroken} >= 2 ? bottom

[10:]:
-$5{chainBroken} >= 0 ? bottom
$5{chainBroken} == 1 ? 0.
$5{chainBroken} >= 2 ? bottom

[11:]:
-$5{chainBroken} >= 0 ? bottom
$5{chainBroken} == 1 ? 0.
$5{chainBroken} >= 2 ? bottom

[12:]:
-$5{chainBroken} >= 0 ? bottom
$5{chainBroken} == 1 ? 0.
$5{chainBroken} >= 2 ? bottom

[13:]:
-$5{chainBroken} >= 0 ? bottom
$5{chainBroken} == 1 ? 0.
$5{chainBroken} >= 2 ? bottom

[14:]:
-$5{chainBroken} >= 0 ? bottom
$5{chainBroken} == 1 ? 0.
$5{chainBroken} >= 2 ? bottom

[15:]:
-$5{chainBroken} >= 0 ? bottom
$5{chainBroken} == 1 ? 0.
$5{chainBroken} >= 2 ? bottom

[16:]:
-$5{chainBroken} >= 0 ? bottom
$5{chainBroken} == 1 ? 0.
$5{chainBroken} >= 2 ? bottom

[17:]:
-$5{chainBroken} >= 0 ? bottom
$5{chainBroken} == 1 ? 0.
$5{chainBroken} >= 2 ? bottom

[18:]:
-$5{chainBroken} >= 0 ? bottom
$5{chainBroken} == 1 ? 0.
$5{chainBroken} >= 2 ? bottom

[19:]:
-$5{chainBroken} >= 0 ? bottom
$5{chainBroken} == 1 ? 0.
$5{chainBroken} >= 2 ? bottom

[20:]:
-$5{chainBroken} >= 0 ? bottom
$5{chainBroken} == 1 ? 0.
$5{chainBroken} >= 2 ? bottom

[21:]:
-$5{chainBroken} >= 0 ? bottom
$5{chainBroken} == 1 ? 0.
$5{chainBroken} >= 2 ? bottom

[22:]:
-$5{chainBroken} >= 0 ? bottom
$5{chainBroken} == 1 ? 0.
$5{chainBroken} >= 2 ? bottom

[23:]:
-$5{chainBroken} >= 0 ? bottom
$5{chainBroken} == 1 ? 0.
$5{chainBroken} >= 2 ? bottom

[24:]:
top ? bottom

[25:]:
-$5{chainBroken} >= 0 ? bottom
$5{chainBroken} == 1 ? 0.
$5{chainBroken} >= 2 ? bottom

[26:]:
-$5{chainBroken} >= 0 ? bottom
$5{chainBroken} == 1 ? 0.
$5{chainBroken} >= 2 ? bottom

[27:]:
-$5{chainBroken} >= 0 ? bottom
$5{chainBroken} == 1 ? 0.
$5{chainBroken} >= 2 ? bottom

[28:]:
-$5{chainBroken} >= 0 ? bottom
$5{chainBroken} == 1 ? 0.
$5{chainBroken} >= 2 ? bottom

[29:]:
-$5{chainBroken} >= 0 ? bottom
$5{chainBroken} == 1 ? 0.
$5{chainBroken} >= 2 ? bottom

[30:]:
-$5{chainBroken} >= 0 ? bottom
$5{chainBroken} == 1 ? 0.
$5{chainBroken} >= 2 ? bottom

[31:]:
-$5{chainBroken} >= 0 ? bottom
$5{chainBroken} == 1 ? 0.
$5{chainBroken} >= 2 ? bottom

[32:]:
-$5{chainBroken} >= 0 ? bottom
$5{chainBroken} == 1 ? 0.
$5{chainBroken} >= 2 ? bottom

[33:]:
-$5{chainBroken} >= 0 ? bottom
$5{chainBroken} == 1 ? 0.
$5{chainBroken} >= 2 ? bottom

[34:]:
-$5{chainBroken} >= 0 ? bottom
$5{chainBroken} == 1 ? 0.
$5{chainBroken} >= 2 ? bottom

[35:]:
-$5{chainBroken} >= 0 ? bottom
$5{chainBroken} == 1 ? 0.
$5{chainBroken} >= 2 ? bottom

[36:]:
-$5{chainBroken} >= 0 ? bottom
$5{chainBroken} == 1 ? 0.
$5{chainBroken} >= 2 ? bottom

[37:]:
-$5{chainBroken} >= 0 ? bottom
$5{chainBroken} == 1 ? 0.
$5{chainBroken} >= 2 ? bottom

[38:]:
-$5{chainBroken} >= 0 ? bottom
$5{chainBroken} == 1 ? 0.
$5{chainBroken} >= 2 ? bottom

[39:]:
-$5{chainBroken} >= 0 ? bottom
$5{chainBroken} == 1 ? 0.
$5{chainBroken} >= 2 ? bottom

[40:]:
-$5{chainBroken} >= 0 ? bottom
$5{chainBroken} == 1 ? 0.
$5{chainBroken} >= 2 ? bottom

[41:]:
-$5{chainBroken} >= 0 ? bottom
$5{chainBroken} == 1 ? 0.
$5{chainBroken} >= 2 ? bottom

[42:]:
-$5{chainBroken} >= 0 ? bottom
$5{chainBroken} == 1 ? 0.
$5{chainBroken} >= 2 ? bottom

[43:]:
-$5{chainBroken} >= 0 ? bottom
$5{chainBroken} == 1 ? 0.
$5{chainBroken} >= 2 ? bottom

[44:]:
-$5{chainBroken} >= 0 ? bottom
$5{chainBroken} == 1 ? 0.
$5{chainBroken} >= 2 ? bottom

[45:]:
-$5{chainBroken} >= 0 ? bottom
$5{chainBroken} == 1 ? 0.
$5{chainBroken} >= 2 ? bottom

[46:]:
-$5{chainBroken} >= 0 ? bottom
$5{chainBroken} == 1 ? 0.
$5{chainBroken} >= 2 ? bottom

[47:]:
-$5{chainBroken} >= 0 ? bottom
$5{chainBroken} == 1 ? 0.
$5{chainBroken} >= 2 ? bottom

[48:]:
-$5{chainBroken} >= 0 ? bottom
$5{chainBroken} == 1 ? 0.
$5{chainBroken} >= 2 ? bottom

[49:]:
-$5{chainBroken} >= 0 ? bottom
$5{chainBroken} == 1 ? 0.
$5{chainBroken} >= 2 ? bottom

[50:]:
-$5{chainBroken} >= 0 ? bottom
$5{chainBroken} == 1 ? 0.
$5{chainBroken} >= 2 ? bottom

[51:]:
-$5{chainBroken} >= 0 ? bottom
$5{chainBroken} == 1 ? 0.
$5{chainBroken} >= 2 ? bottom

[52:]:
-$5{chainBroken} >= 0 ? bottom
$5{chainBroken} == 1 ? 0.
$5{chainBroken} >= 2 ? bottom

[53:]:
-$5{chainBroken} >= 0 ? bottom
$5{chainBroken} == 1 ? 0.
$5{chainBroken} >= 2 ? bottom

[54:]:
-$5{chainBroken} >= 0 ? bottom
$5{chainBroken} == 1 ? 0.
$5{chainBroken} >= 2 ? bottom

[55:]:
top ? bottom

[56:]:
-$5{chainBroken} >= 0 ? bottom
$5{chainBroken} == 1 ? 0.
$5{chainBroken} >= 2 ? bottom

[57:]:
-$5{chainBroken} >= 0 ? bottom
$5{chainBroken} == 1 ? 0.
$5{chainBroken} >= 2 ? bottom

[58:]:
-$5{chainBroken} >= 0 ? bottom
$5{chainBroken} == 1 ? 0.
$5{chainBroken} >= 2 ? bottom

[59:]:
-$5{chainBroken} >= 0 ? bottom
$5{chainBroken} == 1 ? 0.
$5{chainBroken} >= 2 ? bottom

[60:]:
-$5{chainBroken} >= 0 ? bottom
$5{chainBroken} == 1 ? 0.
$5{chainBroken} >= 2 ? bottom

[61:]:
-$5{chainBroken} >= 0 ? bottom
$5{chainBroken} == 1 ? 0.
$5{chainBroken} >= 2 ? bottom

[62:]:
-$5{chainBroken} >= 0 ? bottom
$5{chainBroken} == 1 ? 0.
$5{chainBroken} >= 2 ? bottom

[63:]:
-$5{chainBroken} >= 0 ? bottom
$5{chainBroken} == 1 ? 0.
$5{chainBroken} >= 2 ? bottom

[64:]:
-$5{chainBroken} >= 0 ? bottom
$5{chainBroken} == 1 ? 0.
$5{chainBroken} >= 2 ? bottom

[65:]:
-$5{chainBroken} >= 0 ? bottom
$5{chainBroken} == 1 ? 0.
$5{chainBroken} >= 2 ? bottom

[66:]:
-$5{chainBroken} >= 0 ? bottom
$5{chainBroken} == 1 ? 0.
$5{chainBroken} >= 2 ? bottom

[67:]:
-$5{chainBroken} >= 0 ? bottom
$5{chainBroken} == 1 ? 0.
$5{chainBroken} >= 2 ? bottom

[68:]:
-$5{chainBroken} >= 0 ? bottom
$5{chainBroken} == 1 ? 0.
$5{chainBroken} >= 2 ? bottom

[69:]:
-$5{chainBroken} >= 0 ? bottom
$5{chainBroken} == 1 ? 0.
$5{chainBroken} >= 2 ? bottom

[70:]:
-$5{chainBroken} >= 0 ? bottom
$5{chainBroken} == 1 ? 0.
$5{chainBroken} >= 2 ? bottom

[71:]:
-$5{chainBroken} >= 0 ? bottom
$5{chainBroken} == 1 ? 0.
$5{chainBroken} >= 2 ? bottom

[72:]:
-$5{chainBroken} >= 0 ? bottom
$5{chainBroken} == 1 ? 0.
$5{chainBroken} >= 2 ? bottom

[73:]:
-$5{chainBroken} >= 0 ? bottom
$5{chainBroken} == 1 ? 0.
$5{chainBroken} >= 2 ? bottom

[74:]:
-$5{chainBroken} >= 0 ? bottom
$5{chainBroken} == 1 ? 0.
$5{chainBroken} >= 2 ? bottom

[75:]:
-$5{chainBroken} >= 0 ? bottom
$5{chainBroken} == 1 ? 0.
$5{chainBroken} >= 2 ? bottom

[76:]:
-$5{chainBroken} >= 0 ? bottom
$5{chainBroken} == 1 ? 0.
$5{chainBroken} >= 2 ? bottom

[77:]:
top ? bottom

[78:]:
-$7{temp} >= 1 && -$5{chainBroken} >= 0 ? bottom
-$7{temp} >= 1 && $5{chainBroken} == 1 ? 0.
$5{chainBroken} >= 2 && -$7{temp} >= 1 ? bottom
$7{temp} >= 0 && -$5{chainBroken} >= 0 ? bottom
$7{temp} >= 0 && $5{chainBroken} == 1 ? 0.
$5{chainBroken} >= 2 && $7{temp} >= 0 ? bottom

[79:]:
-$7{temp} >= 1 && -$5{chainBroken} >= 0 ? bottom
-$7{temp} >= 1 && $5{chainBroken} == 1 ? 0.
$5{chainBroken} >= 2 && -$7{temp} >= 1 ? bottom
$7{temp} >= 0 && -$5{chainBroken} >= 0 ? bottom
$7{temp} >= 0 && $5{chainBroken} == 1 ? 0.
$5{chainBroken} >= 2 && $7{temp} >= 0 ? bottom

[80:]:
-$7{temp} >= 1 && -$5{chainBroken} >= 0 ? bottom
-$7{temp} >= 1 && $5{chainBroken} == 1 ? 0.
$5{chainBroken} >= 2 && -$7{temp} >= 1 ? bottom
$7{temp} >= 0 && -$5{chainBroken} >= 0 ? bottom
$7{temp} >= 0 && $5{chainBroken} == 1 ? 0.
$5{chainBroken} >= 2 && $7{temp} >= 0 ? bottom

[81:]:
-$7{temp} >= 1 && -$5{chainBroken} >= 0 ? bottom
-$7{temp} >= 1 && $5{chainBroken} == 1 ? 0.
$5{chainBroken} >= 2 && -$7{temp} >= 1 ? bottom
$7{temp} >= 0 && -$5{chainBroken} >= 0 ? bottom
$7{temp} >= 0 && $5{chainBroken} == 1 ? 0.
$5{chainBroken} >= 2 && $7{temp} >= 0 ? bottom

[82:]:
-$7{temp} >= 1 && -$5{chainBroken} >= 0 ? bottom
-$7{temp} >= 1 && $5{chainBroken} == 1 ? 0.
$5{chainBroken} >= 2 && -$7{temp} >= 1 ? bottom
$7{temp} >= 0 && -$5{chainBroken} >= 0 ? bottom
$7{temp} >= 0 && $5{chainBroken} == 1 ? 0.
$5{chainBroken} >= 2 && $7{temp} >= 0 ? bottom

[83:]:
-$7{temp}+$8{limit} >= 0 && -$5{chainBroken} >= 0 ? bottom
-$7{temp}+$8{limit} >= 0 && $5{chainBroken} == 1 ? 0.
$5{chainBroken} >= 2 && -$7{temp}+$8{limit} >= 0 ? bottom
$7{temp}-$8{limit} >= 1 && -$5{chainBroken} >= 0 ? bottom
$7{temp}-$8{limit} >= 1 && $5{chainBroken} == 1 ? 0.
$5{chainBroken} >= 2 && $7{temp}-$8{limit} >= 1 ? bottom

[84:]:
-$7{temp} >= 1 && -$5{chainBroken} >= 0 ? bottom
-$7{temp} >= 1 && $5{chainBroken} == 1 ? 0.
$5{chainBroken} >= 2 && -$7{temp} >= 1 ? bottom
$7{temp} >= 0 && -$5{chainBroken} >= 0 ? bottom
$7{temp} >= 0 && $5{chainBroken} == 1 ? 0.
$5{chainBroken} >= 2 && $7{temp} >= 0 ? bottom

[85:]:
-$5{chainBroken} >= 0 ? bottom
$5{chainBroken} == 1 ? 0.
$5{chainBroken} >= 2 ? bottom

[86:]:
-$5{chainBroken} >= 0 ? bottom
$5{chainBroken} == 1 ? 0.
$5{chainBroken} >= 2 ? bottom

[87:]:
-$5{chainBroken} >= 0 ? bottom
$5{chainBroken} == 1 ? 0.
$5{chainBroken} >= 2 ? bottom

[88:]:
-$7{temp} >= 1 && -$5{chainBroken} >= 0 ? bottom
-$7{temp} >= 1 && $5{chainBroken} == 1 ? 0.
$5{chainBroken} >= 2 && -$7{temp} >= 1 ? bottom
$7{temp} >= 0 && -$5{chainBroken} >= 0 ? bottom
$7{temp} >= 0 && $5{chainBroken} == 1 ? 0.
$5{chainBroken} >= 2 && $7{temp} >= 0 ? bottom

[89:]:
-$5{chainBroken} >= 0 ? bottom
$5{chainBroken} == 1 ? 0.
$5{chainBroken} >= 2 ? bottom

[90:]:
-$5{chainBroken} >= 0 ? bottom
$5{chainBroken} == 1 ? 0.
$5{chainBroken} >= 2 ? bottom

[91:]:
-$5{chainBroken} >= 0 ? bottom
$5{chainBroken} == 1 ? 0.
$5{chainBroken} >= 2 ? bottom

[92:]:
-$5{chainBroken} >= 0 ? bottom
$5{chainBroken} == 1 ? 0.
$5{chainBroken} >= 2 ? bottom

[93:]:
-$5{chainBroken} >= 0 ? bottom
$5{chainBroken} == 1 ? 0.
$5{chainBroken} >= 2 ? bottom

[94:]:
-$5{chainBroken} >= 0 ? bottom
$5{chainBroken} == 1 ? 0.
$5{chainBroken} >= 2 ? bottom

[95:]:
-$5{chainBroken} >= 0 ? bottom
$5{chainBroken} == 1 ? 0.
$5{chainBroken} >= 2 ? bottom

[96:]:
-$5{chainBroken} >= 0 ? bottom
$5{chainBroken} == 1 ? 0.
$5{chainBroken} >= 2 ? bottom

[97:]:
-$5{chainBroken} >= 0 ? bottom
$5{chainBroken} == 1 ? 0.
$5{chainBroken} >= 2 ? bottom

Property: $5{chainBroken} != 1

[1:]:
-$5{chainBroken} >= 0 ? 0.
$5{chainBroken} == 1 ? bottom
$5{chainBroken} >= 2 ? 0.

[2:]:
-$5{chainBroken} >= 0 ? 0.
$5{chainBroken} == 1 ? bottom
$5{chainBroken} >= 2 ? 0.

[3:]:
-$5{chainBroken} >= 0 ? 0.
$5{chainBroken} == 1 ? bottom
$5{chainBroken} >= 2 ? 0.

[4:]:
-$5{chainBroken} >= 0 ? 0.
$5{chainBroken} == 1 ? bottom
$5{chainBroken} >= 2 ? 0.

[5:]:
-$5{chainBroken} >= 0 ? 0.
$5{chainBroken} == 1 ? bottom
$5{chainBroken} >= 2 ? 0.

[6:]:
-$5{chainBroken} >= 0 ? 0.
$5{chainBroken} == 1 ? bottom
$5{chainBroken} >= 2 ? 0.

[7:]:
-$5{chainBroken} >= 0 ? 0.
$5{chainBroken} == 1 ? bottom
$5{chainBroken} >= 2 ? 0.

[8:]:
-$5{chainBroken} >= 0 ? 0.
$5{chainBroken} == 1 ? bottom
$5{chainBroken} >= 2 ? 0.

[9:]:
-$5{chainBroken} >= 0 ? 0.
$5{chainBroken} == 1 ? bottom
$5{chainBroken} >= 2 ? 0.

[10:]:
-$5{chainBroken} >= 0 ? 0.
$5{chainBroken} == 1 ? bottom
$5{chainBroken} >= 2 ? 0.

[11:]:
-$5{chainBroken} >= 0 ? 0.
$5{chainBroken} == 1 ? bottom
$5{chainBroken} >= 2 ? 0.

[12:]:
-$5{chainBroken} >= 0 ? 0.
$5{chainBroken} == 1 ? bottom
$5{chainBroken} >= 2 ? 0.

[13:]:
-$5{chainBroken} >= 0 ? 0.
$5{chainBroken} == 1 ? bottom
$5{chainBroken} >= 2 ? 0.

[14:]:
-$5{chainBroken} >= 0 ? 0.
$5{chainBroken} == 1 ? bottom
$5{chainBroken} >= 2 ? 0.

[15:]:
-$5{chainBroken} >= 0 ? 0.
$5{chainBroken} == 1 ? bottom
$5{chainBroken} >= 2 ? 0.

[16:]:
-$5{chainBroken} >= 0 ? 0.
$5{chainBroken} == 1 ? bottom
$5{chainBroken} >= 2 ? 0.

[17:]:
-$5{chainBroken} >= 0 ? 0.
$5{chainBroken} == 1 ? bottom
$5{chainBroken} >= 2 ? 0.

[18:]:
-$5{chainBroken} >= 0 ? 0.
$5{chainBroken} == 1 ? bottom
$5{chainBroken} >= 2 ? 0.

[19:]:
-$5{chainBroken} >= 0 ? 0.
$5{chainBroken} == 1 ? bottom
$5{chainBroken} >= 2 ? 0.

[20:]:
-$5{chainBroken} >= 0 ? 0.
$5{chainBroken} == 1 ? bottom
$5{chainBroken} >= 2 ? 0.

[21:]:
-$5{chainBroken} >= 0 ? 0.
$5{chainBroken} == 1 ? bottom
$5{chainBroken} >= 2 ? 0.

[22:]:
-$5{chainBroken} >= 0 ? 0.
$5{chainBroken} == 1 ? bottom
$5{chainBroken} >= 2 ? 0.

[23:]:
-$5{chainBroken} >= 0 ? 0.
$5{chainBroken} == 1 ? bottom
$5{chainBroken} >= 2 ? 0.

[24:]:
-$5{chainBroken} >= 0 ? 0.
$5{chainBroken} == 1 ? bottom
$5{chainBroken} >= 2 ? 0.

[25:]:
-$5{chainBroken} >= 0 ? 0.
$5{chainBroken} == 1 ? bottom
$5{chainBroken} >= 2 ? 0.

[26:]:
-$5{chainBroken} >= 0 ? 0.
$5{chainBroken} == 1 ? bottom
$5{chainBroken} >= 2 ? 0.

[27:]:
-$5{chainBroken} >= 0 ? 0.
$5{chainBroken} == 1 ? bottom
$5{chainBroken} >= 2 ? 0.

[28:]:
-$5{chainBroken} >= 0 ? 0.
$5{chainBroken} == 1 ? bottom
$5{chainBroken} >= 2 ? 0.

[29:]:
-$5{chainBroken} >= 0 ? 0.
$5{chainBroken} == 1 ? bottom
$5{chainBroken} >= 2 ? 0.

[30:]:
-$5{chainBroken} >= 0 ? 0.
$5{chainBroken} == 1 ? bottom
$5{chainBroken} >= 2 ? 0.

[31:]:
-$5{chainBroken} >= 0 ? 0.
$5{chainBroken} == 1 ? bottom
$5{chainBroken} >= 2 ? 0.

[32:]:
-$5{chainBroken} >= 0 ? 0.
$5{chainBroken} == 1 ? bottom
$5{chainBroken} >= 2 ? 0.

[33:]:
-$5{chainBroken} >= 0 ? 0.
$5{chainBroken} == 1 ? bottom
$5{chainBroken} >= 2 ? 0.

[34:]:
-$5{chainBroken} >= 0 ? 0.
$5{chainBroken} == 1 ? bottom
$5{chainBroken} >= 2 ? 0.

[35:]:
-$5{chainBroken} >= 0 ? 0.
$5{chainBroken} == 1 ? bottom
$5{chainBroken} >= 2 ? 0.

[36:]:
-$5{chainBroken} >= 0 ? 0.
$5{chainBroken} == 1 ? bottom
$5{chainBroken} >= 2 ? 0.

[37:]:
-$5{chainBroken} >= 0 ? 0.
$5{chainBroken} == 1 ? bottom
$5{chainBroken} >= 2 ? 0.

[38:]:
-$5{chainBroken} >= 0 ? 0.
$5{chainBroken} == 1 ? bottom
$5{chainBroken} >= 2 ? 0.

[39:]:
-$5{chainBroken} >= 0 ? 0.
$5{chainBroken} == 1 ? bottom
$5{chainBroken} >= 2 ? 0.

[40:]:
-$5{chainBroken} >= 0 ? 0.
$5{chainBroken} == 1 ? bottom
$5{chainBroken} >= 2 ? 0.

[41:]:
-$5{chainBroken} >= 0 ? 0.
$5{chainBroken} == 1 ? bottom
$5{chainBroken} >= 2 ? 0.

[42:]:
-$5{chainBroken} >= 0 ? 0.
$5{chainBroken} == 1 ? bottom
$5{chainBroken} >= 2 ? 0.

[43:]:
-$5{chainBroken} >= 0 ? 0.
$5{chainBroken} == 1 ? bottom
$5{chainBroken} >= 2 ? 0.

[44:]:
-$5{chainBroken} >= 0 ? 0.
$5{chainBroken} == 1 ? bottom
$5{chainBroken} >= 2 ? 0.

[45:]:
-$5{chainBroken} >= 0 ? 0.
$5{chainBroken} == 1 ? bottom
$5{chainBroken} >= 2 ? 0.

[46:]:
-$5{chainBroken} >= 0 ? 0.
$5{chainBroken} == 1 ? bottom
$5{chainBroken} >= 2 ? 0.

[47:]:
-$5{chainBroken} >= 0 ? 0.
$5{chainBroken} == 1 ? bottom
$5{chainBroken} >= 2 ? 0.

[48:]:
-$5{chainBroken} >= 0 ? 0.
$5{chainBroken} == 1 ? bottom
$5{chainBroken} >= 2 ? 0.

[49:]:
-$5{chainBroken} >= 0 ? 0.
$5{chainBroken} == 1 ? bottom
$5{chainBroken} >= 2 ? 0.

[50:]:
-$5{chainBroken} >= 0 ? 0.
$5{chainBroken} == 1 ? bottom
$5{chainBroken} >= 2 ? 0.

[51:]:
-$5{chainBroken} >= 0 ? 0.
$5{chainBroken} == 1 ? bottom
$5{chainBroken} >= 2 ? 0.

[52:]:
-$5{chainBroken} >= 0 ? 0.
$5{chainBroken} == 1 ? bottom
$5{chainBroken} >= 2 ? 0.

[53:]:
-$5{chainBroken} >= 0 ? 0.
$5{chainBroken} == 1 ? bottom
$5{chainBroken} >= 2 ? 0.

[54:]:
-$5{chainBroken} >= 0 ? 0.
$5{chainBroken} == 1 ? bottom
$5{chainBroken} >= 2 ? 0.

[55:]:
-$5{chainBroken} >= 0 ? 0.
$5{chainBroken} == 1 ? bottom
$5{chainBroken} >= 2 ? 0.

[56:]:
-$5{chainBroken} >= 0 ? 0.
$5{chainBroken} == 1 ? bottom
$5{chainBroken} >= 2 ? 0.

[57:]:
-$5{chainBroken} >= 0 ? 0.
$5{chainBroken} == 1 ? bottom
$5{chainBroken} >= 2 ? 0.

[58:]:
-$5{chainBroken} >= 0 ? 0.
$5{chainBroken} == 1 ? bottom
$5{chainBroken} >= 2 ? 0.

[59:]:
-$5{chainBroken} >= 0 ? 0.
$5{chainBroken} == 1 ? bottom
$5{chainBroken} >= 2 ? 0.

[60:]:
-$5{chainBroken} >= 0 ? 0.
$5{chainBroken} == 1 ? bottom
$5{chainBroken} >= 2 ? 0.

[61:]:
-$5{chainBroken} >= 0 ? 0.
$5{chainBroken} == 1 ? bottom
$5{chainBroken} >= 2 ? 0.

[62:]:
-$5{chainBroken} >= 0 ? 0.
$5{chainBroken} == 1 ? bottom
$5{chainBroken} >= 2 ? 0.

[63:]:
-$5{chainBroken} >= 0 ? 0.
$5{chainBroken} == 1 ? bottom
$5{chainBroken} >= 2 ? 0.

[64:]:
-$5{chainBroken} >= 0 ? 0.
$5{chainBroken} == 1 ? bottom
$5{chainBroken} >= 2 ? 0.

[65:]:
-$5{chainBroken} >= 0 ? 0.
$5{chainBroken} == 1 ? bottom
$5{chainBroken} >= 2 ? 0.

[66:]:
-$5{chainBroken} >= 0 ? 0.
$5{chainBroken} == 1 ? bottom
$5{chainBroken} >= 2 ? 0.

[67:]:
-$5{chainBroken} >= 0 ? 0.
$5{chainBroken} == 1 ? bottom
$5{chainBroken} >= 2 ? 0.

[68:]:
-$5{chainBroken} >= 0 ? 0.
$5{chainBroken} == 1 ? bottom
$5{chainBroken} >= 2 ? 0.

[69:]:
-$5{chainBroken} >= 0 ? 0.
$5{chainBroken} == 1 ? bottom
$5{chainBroken} >= 2 ? 0.

[70:]:
-$5{chainBroken} >= 0 ? 0.
$5{chainBroken} == 1 ? bottom
$5{chainBroken} >= 2 ? 0.

[71:]:
-$5{chainBroken} >= 0 ? 0.
$5{chainBroken} == 1 ? bottom
$5{chainBroken} >= 2 ? 0.

[72:]:
-$5{chainBroken} >= 0 ? 0.
$5{chainBroken} == 1 ? bottom
$5{chainBroken} >= 2 ? 0.

[73:]:
-$5{chainBroken} >= 0 ? 0.
$5{chainBroken} == 1 ? bottom
$5{chainBroken} >= 2 ? 0.

[74:]:
-$5{chainBroken} >= 0 ? 0.
$5{chainBroken} == 1 ? bottom
$5{chainBroken} >= 2 ? 0.

[75:]:
-$5{chainBroken} >= 0 ? 0.
$5{chainBroken} == 1 ? bottom
$5{chainBroken} >= 2 ? 0.

[76:]:
-$5{chainBroken} >= 0 ? 0.
$5{chainBroken} == 1 ? bottom
$5{chainBroken} >= 2 ? 0.

[77:]:
-$5{chainBroken} >= 0 ? 0.
$5{chainBroken} == 1 ? bottom
$5{chainBroken} >= 2 ? 0.

[78:]:
-$5{chainBroken} >= 0 ? 0.
$5{chainBroken} == 1 ? bottom
$5{chainBroken} >= 2 ? 0.

[79:]:
-$5{chainBroken} >= 0 ? 0.
$5{chainBroken} == 1 ? bottom
$5{chainBroken} >= 2 ? 0.

[80:]:
-$5{chainBroken} >= 0 ? 0.
$5{chainBroken} == 1 ? bottom
$5{chainBroken} >= 2 ? 0.

[81:]:
-$5{chainBroken} >= 0 ? 0.
$5{chainBroken} == 1 ? bottom
$5{chainBroken} >= 2 ? 0.

[82:]:
-$5{chainBroken} >= 0 ? 0.
$5{chainBroken} == 1 ? bottom
$5{chainBroken} >= 2 ? 0.

[83:]:
-$5{chainBroken} >= 0 ? 0.
$5{chainBroken} == 1 ? bottom
$5{chainBroken} >= 2 ? 0.

[84:]:
-$5{chainBroken} >= 0 ? 0.
$5{chainBroken} == 1 ? bottom
$5{chainBroken} >= 2 ? 0.

[85:]:
-$5{chainBroken} >= 0 ? 0.
$5{chainBroken} == 1 ? bottom
$5{chainBroken} >= 2 ? 0.

[86:]:
-$5{chainBroken} >= 0 ? 0.
$5{chainBroken} == 1 ? bottom
$5{chainBroken} >= 2 ? 0.

[87:]:
-$5{chainBroken} >= 0 ? 0.
$5{chainBroken} == 1 ? bottom
$5{chainBroken} >= 2 ? 0.

[88:]:
-$5{chainBroken} >= 0 ? 0.
$5{chainBroken} == 1 ? bottom
$5{chainBroken} >= 2 ? 0.

[89:]:
-$5{chainBroken} >= 0 ? 0.
$5{chainBroken} == 1 ? bottom
$5{chainBroken} >= 2 ? 0.

[90:]:
-$5{chainBroken} >= 0 ? 0.
$5{chainBroken} == 1 ? bottom
$5{chainBroken} >= 2 ? 0.

[91:]:
-$5{chainBroken} >= 0 ? 0.
$5{chainBroken} == 1 ? bottom
$5{chainBroken} >= 2 ? 0.

[92:]:
-$5{chainBroken} >= 0 ? 0.
$5{chainBroken} == 1 ? bottom
$5{chainBroken} >= 2 ? 0.

[93:]:
-$5{chainBroken} >= 0 ? 0.
$5{chainBroken} == 1 ? bottom
$5{chainBroken} >= 2 ? 0.

[94:]:
-$5{chainBroken} >= 0 ? 0.
$5{chainBroken} == 1 ? bottom
$5{chainBroken} >= 2 ? 0.

[95:]:
-$5{chainBroken} >= 0 ? 0.
$5{chainBroken} == 1 ? bottom
$5{chainBroken} >= 2 ? 0.

[96:]:
-$5{chainBroken} >= 0 ? 0.
$5{chainBroken} == 1 ? bottom
$5{chainBroken} >= 2 ? 0.

[97:]:
-$5{chainBroken} >= 0 ? 0.
$5{chainBroken} == 1 ? bottom
$5{chainBroken} >= 2 ? 0.

Property: OR{$5{chainBroken} != 1}{AG{$5{chainBroken} == 1}}

[1:]:
top ? 0.

[2:]:
top ? 0.

[3:]:
top ? 0.

[4:]:
top ? 0.

[5:]:
top ? 0.

[6:]:
top ? 0.

[7:]:
top ? 0.

[8:]:
top ? 0.

[9:]:
top ? 0.

[10:]:
top ? 0.

[11:]:
top ? 0.

[12:]:
top ? 0.

[13:]:
top ? 0.

[14:]:
top ? 0.

[15:]:
top ? 0.

[16:]:
top ? 0.

[17:]:
top ? 0.

[18:]:
top ? 0.

[19:]:
top ? 0.

[20:]:
top ? 0.

[21:]:
top ? 0.

[22:]:
top ? 0.

[23:]:
top ? 0.

[24:]:
-$5{chainBroken} >= 0 ? 0.
$5{chainBroken} == 1 ? bottom
$5{chainBroken} >= 2 ? 0.

[25:]:
top ? 0.

[26:]:
top ? 0.

[27:]:
top ? 0.

[28:]:
top ? 0.

[29:]:
top ? 0.

[30:]:
top ? 0.

[31:]:
top ? 0.

[32:]:
top ? 0.

[33:]:
top ? 0.

[34:]:
top ? 0.

[35:]:
top ? 0.

[36:]:
top ? 0.

[37:]:
top ? 0.

[38:]:
top ? 0.

[39:]:
top ? 0.

[40:]:
top ? 0.

[41:]:
top ? 0.

[42:]:
top ? 0.

[43:]:
top ? 0.

[44:]:
top ? 0.

[45:]:
top ? 0.

[46:]:
top ? 0.

[47:]:
top ? 0.

[48:]:
top ? 0.

[49:]:
top ? 0.

[50:]:
top ? 0.

[51:]:
top ? 0.

[52:]:
top ? 0.

[53:]:
top ? 0.

[54:]:
top ? 0.

[55:]:
-$5{chainBroken} >= 0 ? 0.
$5{chainBroken} == 1 ? bottom
$5{chainBroken} >= 2 ? 0.

[56:]:
top ? 0.

[57:]:
top ? 0.

[58:]:
top ? 0.

[59:]:
top ? 0.

[60:]:
top ? 0.

[61:]:
top ? 0.

[62:]:
top ? 0.

[63:]:
top ? 0.

[64:]:
top ? 0.

[65:]:
top ? 0.

[66:]:
top ? 0.

[67:]:
top ? 0.

[68:]:
top ? 0.

[69:]:
top ? 0.

[70:]:
top ? 0.

[71:]:
top ? 0.

[72:]:
top ? 0.

[73:]:
top ? 0.

[74:]:
top ? 0.

[75:]:
top ? 0.

[76:]:
top ? 0.

[77:]:
-$5{chainBroken} >= 0 ? 0.
$5{chainBroken} == 1 ? bottom
$5{chainBroken} >= 2 ? 0.

[78:]:
top ? 0.

[79:]:
top ? 0.

[80:]:
top ? 0.

[81:]:
top ? 0.

[82:]:
top ? 0.

[83:]:
top ? 0.

[84:]:
top ? 0.

[85:]:
top ? 0.

[86:]:
top ? 0.

[87:]:
top ? 0.

[88:]:
top ? 0.

[89:]:
top ? 0.

[90:]:
top ? 0.

[91:]:
top ? 0.

[92:]:
top ? 0.

[93:]:
top ? 0.

[94:]:
top ? 0.

[95:]:
top ? 0.

[96:]:
top ? 0.

[97:]:
top ? 0.

Property: AG{OR{$5{chainBroken} != 1}{AG{$5{chainBroken} == 1}}}

[1:]:
top ? 0.

[2:]:
top ? 0.

[3:]:
top ? 0.

[4:]:
top ? 0.

[5:]:
top ? 0.

[6:]:
top ? 0.

[7:]:
top ? 0.

[8:]:
top ? 0.

[9:]:
top ? 0.

[10:]:
top ? 0.

[11:]:
top ? 0.

[12:]:
top ? 0.

[13:]:
top ? 0.

[14:]:
top ? 0.

[15:]:
top ? 0.

[16:]:
top ? 0.

[17:]:
top ? 0.

[18:]:
top ? 0.

[19:]:
top ? 0.

[20:]:
top ? 0.

[21:]:
top ? 0.

[22:]:
top ? 0.

[23:]:
top ? 0.

[24:]:
top ? bottom

[25:]:
top ? 0.

[26:]:
top ? 0.

[27:]:
top ? 0.

[28:]:
top ? 0.

[29:]:
top ? 0.

[30:]:
top ? 0.

[31:]:
top ? 0.

[32:]:
top ? 0.

[33:]:
top ? 0.

[34:]:
top ? 0.

[35:]:
top ? 0.

[36:]:
top ? 0.

[37:]:
top ? 0.

[38:]:
top ? 0.

[39:]:
top ? 0.

[40:]:
top ? 0.

[41:]:
top ? 0.

[42:]:
top ? 0.

[43:]:
top ? 0.

[44:]:
top ? 0.

[45:]:
top ? 0.

[46:]:
top ? 0.

[47:]:
top ? 0.

[48:]:
top ? 0.

[49:]:
top ? 0.

[50:]:
top ? 0.

[51:]:
top ? 0.

[52:]:
top ? 0.

[53:]:
top ? 0.

[54:]:
top ? 0.

[55:]:
top ? bottom

[56:]:
top ? 0.

[57:]:
top ? 0.

[58:]:
top ? 0.

[59:]:
top ? 0.

[60:]:
top ? 0.

[61:]:
top ? 0.

[62:]:
top ? 0.

[63:]:
top ? 0.

[64:]:
top ? 0.

[65:]:
top ? 0.

[66:]:
top ? 0.

[67:]:
top ? 0.

[68:]:
top ? 0.

[69:]:
top ? 0.

[70:]:
top ? 0.

[71:]:
top ? 0.

[72:]:
top ? 0.

[73:]:
top ? 0.

[74:]:
top ? 0.

[75:]:
top ? 0.

[76:]:
top ? 0.

[77:]:
top ? bottom

[78:]:
top ? 0.

[79:]:
top ? 0.

[80:]:
top ? 0.

[81:]:
top ? 0.

[82:]:
top ? 0.

[83:]:
top ? 0.

[84:]:
top ? 0.

[85:]:
top ? 0.

[86:]:
top ? 0.

[87:]:
top ? 0.

[88:]:
top ? 0.

[89:]:
top ? 0.

[90:]:
top ? 0.

[91:]:
top ? 0.

[92:]:
top ? 0.

[93:]:
top ? 0.

[94:]:
top ? 0.

[95:]:
top ? 0.

[96:]:
top ? 0.

[97:]:
top ? 0.


Analysis Result: TRUE
