
CFG:
List of variables:
  $1{__return_main}:int at tests/euclid.c:11.0-19.1
  $2{x}:int at tests/euclid.c:12.6-7
  $3{y}:int at tests/euclid.c:12.9-10

List of functions:
  1: main() -> $1{__return_main}:int at tests/euclid.c:11.0-19.1, entry: 11, exit: 10, calls:

List of nodes:
  11: at :0:-1, in: out:1 
  10: at :0:-1, in: 2 out:
  1: at tests/euclid.c:11:0, in: 11 out:3 
  2: at tests/euclid.c:19:1, in: 4 out:10 
  3: at tests/euclid.c:12:11, in: 6 7 1 out:4 5 
  4: at tests/euclid.c:17:16, in: 3 out:2 
  5: at tests/euclid.c:14:4, in: 3 out:6 7 
  6: at tests/euclid.c:17:6, in: 5 out:3 
  7: at tests/euclid.c:15:6, in: 5 out:3 
  8: at tests/euclid.c:11:0, in: out:9 
  9: at tests/euclid.c:19:1, in: 8 out:

List of arcs:
  11 -> 1: label entry
  2 -> 10: label exit
  1 -> 3: skip
  3 -> 5: $2{x} != $3{y} ?
  3 -> 4: ! ($2{x} != $3{y}) ?
  5 -> 7: $2{x} > $3{y} ?
  5 -> 6: ! ($2{x} > $3{y}) ?
  7 -> 3: $2{x} = $2{x} - $3{y}
  6 -> 3: $3{y} = $3{y} - $2{x}
  4 -> 2: $1{__return_main} = $2{x}
  8 -> 9: skip


Property: exit: true

[1:]:
top ? bottom

[2:]:
top ? bottom

[3:]:
top ? bottom

[4:]:
top ? bottom

[5:]:
top ? bottom

[6:]:
top ? bottom

[7:]:
top ? bottom

[8:]:
top ? bottom

[9:]:
top ? bottom

[10:]:
top ? 0.

[11:]:
top ? bottom

Property: AF{exit: true}

[1:]:
-$2{x}+3$3{y} >= 1 && -$2{x}+$3{y} >= 1 && -3$2{x}+$3{y} >= 1 ? top
$2{x} >= 1 && -3$2{x}+$3{y} == 0 ? 8
3$2{x}-$3{y} >= 1 && -2$2{x}+$3{y} >= 1 ? top
$2{x} >= 1 && -2$2{x}+$3{y} == 0 ? 5
2$2{x}-$3{y} >= 1 && -3$2{x}+2$3{y} >= 1 ? top
$2{x} >= 2 && -3$2{x}+2$3{y} == 0 ? 8
3$2{x}-2$3{y} >= 1 && -$2{x}+$3{y} >= 1 ? top
$2{x} >= 1 && -$2{x}+$3{y} == 0 ? 2
$2{x}-$3{y} >= 1 && -2$2{x}+3$3{y} >= 1 ? top
$2{x} >= 3 && -2$2{x}+3$3{y} == 0 ? 8
2$2{x}-3$3{y} >= 1 && -$2{x}+2$3{y} >= 1 ? top
$2{x} >= 2 && -$2{x}+2$3{y} == 0 ? 5
$2{x}-2$3{y} >= 1 && -$2{x}+3$3{y} >= 1 ? top
-2$2{x} >= 3 && -$2{x}+3$3{y} == 0 ? top
$2{x} == 0 && $3{y} == 0 ? 2
$2{x} >= 3 && -$2{x}+3$3{y} == 0 ? 8
$2{x}-3$3{y} >= 1 && -$2{x}+2$3{y} >= 0 ? top
$2{x}-2$3{y} >= 1 && -$2{x}+$3{y} >= 1 ? top
-$2{x} >= 1 && -$2{x}+$3{y} == 0 ? 2
$2{x}-$3{y} >= 1 && $2{x}-3$3{y} >= 1 ? top

[2:]:
top ? 0.

[3:]:
-$2{x}+4$3{y} >= 1 && -$2{x}+$3{y} >= 1 && -4$2{x}+$3{y} >= 1 ? top
$2{x} >= 1 && -4$2{x}+$3{y} == 0 ? 11
4$2{x}-$3{y} >= 1 && -3$2{x}+$3{y} >= 1 ? top
$2{x} >= 1 && -3$2{x}+$3{y} == 0 ? 8
3$2{x}-$3{y} >= 1 && -5$2{x}+2$3{y} >= 1 ? top
$2{x} >= 2 && -5$2{x}+2$3{y} == 0 ? 11
5$2{x}-2$3{y} >= 1 && -2$2{x}+$3{y} >= 1 ? top
$2{x} >= 1 && -2$2{x}+$3{y} == 0 ? 5
2$2{x}-$3{y} >= 1 && -5$2{x}+3$3{y} >= 1 ? top
$2{x} >= 3 && -5$2{x}+3$3{y} == 0 ? 11
5$2{x}-3$3{y} >= 1 && -3$2{x}+2$3{y} >= 1 ? top
$2{x} >= 2 && -3$2{x}+2$3{y} == 0 ? 8
3$2{x}-2$3{y} >= 1 && -4$2{x}+3$3{y} >= 1 ? top
$2{x} >= 3 && -4$2{x}+3$3{y} == 0 ? 11
4$2{x}-3$3{y} >= 1 && -$2{x}+$3{y} >= 1 ? top
$2{x} >= 1 && -$2{x}+$3{y} == 0 ? 2
$2{x}-$3{y} >= 1 && -3$2{x}+4$3{y} >= 1 ? top
$2{x} >= 4 && -3$2{x}+4$3{y} == 0 ? 11
3$2{x}-4$3{y} >= 1 && -2$2{x}+3$3{y} >= 1 ? top
$2{x} >= 3 && -2$2{x}+3$3{y} == 0 ? 8
2$2{x}-3$3{y} >= 1 && -3$2{x}+5$3{y} >= 1 ? top
$2{x} >= 5 && -3$2{x}+5$3{y} == 0 ? 11
3$2{x}-5$3{y} >= 1 && -$2{x}+2$3{y} >= 1 ? top
$2{x} >= 2 && -$2{x}+2$3{y} == 0 ? 5
$2{x}-2$3{y} >= 1 && -2$2{x}+5$3{y} >= 1 ? top
$2{x} >= 5 && -2$2{x}+5$3{y} == 0 ? 11
2$2{x}-5$3{y} >= 1 && -$2{x}+3$3{y} >= 1 ? top
$2{x} >= 3 && -$2{x}+3$3{y} == 0 ? 8
$2{x}-3$3{y} >= 1 && -$2{x}+4$3{y} >= 1 ? top
-3$2{x} >= 4 && -$2{x}+4$3{y} == 0 ? top
$2{x} == 0 && $3{y} == 0 ? 2
$2{x} >= 4 && -$2{x}+4$3{y} == 0 ? 11
$2{x}-4$3{y} >= 1 && -$2{x}+3$3{y} >= 0 ? top
$2{x}-3$3{y} >= 1 && -$2{x}+2$3{y} >= 0 ? top
$2{x}-2$3{y} >= 1 && -$2{x}+$3{y} >= 1 ? top
-$2{x} >= 1 && -$2{x}+$3{y} == 0 ? 2
$2{x}-$3{y} >= 1 && $2{x}-4$3{y} >= 1 ? top

[4:]:
top ? 1

[5:]:
-$2{x}+4$3{y} >= 1 && -$2{x}+2$3{y} >= 1 && -2$2{x}+$3{y} >= 1 && -4$2{x}+$3{y} >= 1 ? top
$2{x} >= 1 && -4$2{x}+$3{y} == 0 ? 10
4$2{x}-$3{y} >= 1 && -3$2{x}+$3{y} >= 1 ? top
$2{x} >= 1 && -3$2{x}+$3{y} == 0 ? 7
3$2{x}-$3{y} >= 1 && -5$2{x}+2$3{y} >= 1 ? top
$2{x} >= 2 && -5$2{x}+2$3{y} == 0 ? 10
5$2{x}-2$3{y} >= 1 && -2$2{x}+$3{y} >= 1 ? top
$2{x} >= 1 && -2$2{x}+$3{y} == 0 ? 4
2$2{x}-$3{y} >= 1 && -5$2{x}+3$3{y} >= 1 ? top
$2{x} >= 3 && -5$2{x}+3$3{y} == 0 ? 10
5$2{x}-3$3{y} >= 1 && -3$2{x}+2$3{y} >= 1 ? top
$2{x} >= 2 && -3$2{x}+2$3{y} == 0 ? 7
3$2{x}-2$3{y} >= 1 && -4$2{x}+3$3{y} >= 1 ? top
$2{x} >= 3 && -4$2{x}+3$3{y} == 0 ? 10
4$2{x}-3$3{y} >= 1 && -$2{x}+$3{y} >= 0 ? top
$2{x}-$3{y} >= 1 && -3$2{x}+4$3{y} >= 1 ? top
$2{x} >= 4 && -3$2{x}+4$3{y} == 0 ? 10
3$2{x}-4$3{y} >= 1 && -2$2{x}+3$3{y} >= 1 ? top
$2{x} >= 3 && -2$2{x}+3$3{y} == 0 ? 7
2$2{x}-3$3{y} >= 1 && -3$2{x}+5$3{y} >= 1 ? top
$2{x} >= 5 && -3$2{x}+5$3{y} == 0 ? 10
3$2{x}-5$3{y} >= 1 && -$2{x}+2$3{y} >= 1 ? top
$2{x} >= 2 && -$2{x}+2$3{y} == 0 ? 4
$2{x}-2$3{y} >= 1 && -2$2{x}+5$3{y} >= 1 ? top
$2{x} >= 5 && -2$2{x}+5$3{y} == 0 ? 10
2$2{x}-5$3{y} >= 1 && -$2{x}+3$3{y} >= 1 ? top
$2{x} >= 3 && -$2{x}+3$3{y} == 0 ? 7
$2{x}-3$3{y} >= 1 && -$2{x}+4$3{y} >= 1 ? top
-7$2{x} >= 4 && -$2{x}+4$3{y} == 0 ? top
$2{x} == 0 && $3{y} == 0 ? 4
$2{x} >= 4 && -$2{x}+4$3{y} == 0 ? 10
$2{x}-4$3{y} >= 1 ? top

[6:]:
-2$2{x}+$3{y} >= 1 && -3$2{x}+2$3{y} >= 1 && -4$2{x}+$3{y} >= 1 ? top
$2{x} >= 1 && -4$2{x}+$3{y} == 0 ? 9
4$2{x}-$3{y} >= 1 && -3$2{x}+$3{y} >= 1 ? top
$2{x} >= 1 && -3$2{x}+$3{y} == 0 ? 6
3$2{x}-$3{y} >= 1 && -5$2{x}+2$3{y} >= 1 ? top
$2{x} >= 2 && -5$2{x}+2$3{y} == 0 ? 9
5$2{x}-2$3{y} >= 1 && -2$2{x}+$3{y} >= 1 ? top
3$2{x}-2$3{y} >= 0 && -2$2{x}+$3{y} >= 1 ? top
-2$2{x}+$3{y} == 0 ? 3
2$2{x}-$3{y} >= 1 && -5$2{x}+3$3{y} >= 1 ? top
$2{x} >= 3 && -5$2{x}+3$3{y} == 0 ? 9
5$2{x}-3$3{y} >= 1 && -3$2{x}+2$3{y} >= 1 ? top
$2{x} >= 2 && -3$2{x}+2$3{y} == 0 ? 6
3$2{x}-2$3{y} >= 1 && -4$2{x}+3$3{y} >= 1 ? top
$2{x} >= 3 && -4$2{x}+3$3{y} == 0 ? 9
4$2{x}-3$3{y} >= 1 && 2$2{x}-$3{y} >= 1 ? top

[7:]:
-$2{x}+4$3{y} >= 1 && -$2{x}+2$3{y} >= 1 && -3$2{x}+4$3{y} >= 1 ? top
$2{x} >= 4 && -3$2{x}+4$3{y} == 0 ? 9
3$2{x}-4$3{y} >= 1 && -2$2{x}+3$3{y} >= 1 ? top
$2{x} >= 3 && -2$2{x}+3$3{y} == 0 ? 6
2$2{x}-3$3{y} >= 1 && -3$2{x}+5$3{y} >= 1 ? top
$2{x} >= 5 && -3$2{x}+5$3{y} == 0 ? 9
3$2{x}-5$3{y} >= 1 && -$2{x}+2$3{y} >= 1 ? top
$2{x} >= 2 && -$2{x}+2$3{y} == 0 ? 3
$2{x}-2$3{y} >= 1 && -2$2{x}+5$3{y} >= 1 ? top
$2{x} >= 5 && -2$2{x}+5$3{y} == 0 ? 9
2$2{x}-5$3{y} >= 1 && -$2{x}+3$3{y} >= 1 ? top
$2{x} >= 3 && -$2{x}+3$3{y} == 0 ? 6
$2{x}-3$3{y} >= 1 && -$2{x}+4$3{y} >= 1 ? top
-$2{x} >= 2 && -$2{x}+4$3{y} == 0 ? top
$2{x} == 0 && $3{y} == 0 ? 3
$2{x} >= 4 && -$2{x}+4$3{y} == 0 ? 9
$2{x}-4$3{y} >= 1 && -$2{x}+3$3{y} >= 0 ? top
$2{x}-3$3{y} >= 1 && -$2{x}+2$3{y} >= 1 ? top
-$2{x} >= 2 && -$2{x}+2$3{y} == 0 ? 3
$2{x}-2$3{y} >= 1 && $2{x}-4$3{y} >= 1 ? top

[8:]:
top ? bottom

[9:]:
top ? bottom

[10:]:
top ? 0.

[11:]:
-$2{x}+3$3{y} >= 1 && -$2{x}+$3{y} >= 1 && -3$2{x}+$3{y} >= 1 ? top
$2{x} >= 1 && -3$2{x}+$3{y} == 0 ? 8
3$2{x}-$3{y} >= 1 && -2$2{x}+$3{y} >= 1 ? top
$2{x} >= 1 && -2$2{x}+$3{y} == 0 ? 5
2$2{x}-$3{y} >= 1 && -3$2{x}+2$3{y} >= 1 ? top
$2{x} >= 2 && -3$2{x}+2$3{y} == 0 ? 8
3$2{x}-2$3{y} >= 1 && -$2{x}+$3{y} >= 1 ? top
$2{x} >= 1 && -$2{x}+$3{y} == 0 ? 2
$2{x}-$3{y} >= 1 && -2$2{x}+3$3{y} >= 1 ? top
$2{x} >= 3 && -2$2{x}+3$3{y} == 0 ? 8
2$2{x}-3$3{y} >= 1 && -$2{x}+2$3{y} >= 1 ? top
$2{x} >= 2 && -$2{x}+2$3{y} == 0 ? 5
$2{x}-2$3{y} >= 1 && -$2{x}+3$3{y} >= 1 ? top
-2$2{x} >= 3 && -$2{x}+3$3{y} == 0 ? top
$2{x} == 0 && $3{y} == 0 ? 2
$2{x} >= 3 && -$2{x}+3$3{y} == 0 ? 8
$2{x}-3$3{y} >= 1 && -$2{x}+2$3{y} >= 0 ? top
$2{x}-2$3{y} >= 1 && -$2{x}+$3{y} >= 1 ? top
-$2{x} >= 1 && -$2{x}+$3{y} == 0 ? 2
$2{x}-$3{y} >= 1 && $2{x}-3$3{y} >= 1 ? top


Analysis Result: TRUE
