
Abstract Syntax:
[ 1:]
int main( ):
[ 2:] while [ 3:] ( $2{x} < $3{y} || $2{x} > $3{y} ) do
[ 4:]   if ( $2{x} > $3{y} ) then
[ 5:]     $2{x} := $2{x} - $3{y}
[ 6:]
        else
[ 7:]     $3{y} := $3{y} - $2{x}
[ 8:]
        endif
[ 9:]
      od
[10:] $1{$1} := $2{x}
[11:] return
[12:]

Property: exit: true

[ -2:]:
top ? 0.

[ -1:]:
top ? 0.

[ 2:]:
top ? bottom

[ 3:]:
top ? bottom

[ 4:]:
top ? bottom

[ 5:]:
top ? bottom

[ 6:]:
top ? bottom

[ 7:]:
top ? bottom

[ 8:]:
top ? bottom

[ 9:]:
top ? bottom

[10:]:
top ? bottom

[11:]:
top ? bottom

[12:]:
top ? bottom

Property: AF{exit: true}

[ -2:]:
top ? 0.

[ -1:]:
top ? 0.

[ 2:]:
-$2{x}+2$3{y} >= 1 && -$2{x}+$3{y} >= 1 && -2$2{x}+$3{y} >= 1 ? top
$2{x} >= 1 && -2$2{x}+$3{y} == 0 ? 5
2$2{x}-$3{y} >= 1 && -$2{x}+$3{y} >= 1 ? top
$2{x} >= 1 && -$2{x}+$3{y} == 0 ? 2
$2{x}-$3{y} >= 1 && -$2{x}+2$3{y} >= 1 ? top
-$2{x} >= 2 && -$2{x}+2$3{y} == 0 ? top
$2{x} == 0 && $3{y} == 0 ? 2
$2{x} >= 2 && -$2{x}+2$3{y} == 0 ? 5
$2{x}-2$3{y} >= 1 && -$2{x}+$3{y} >= 1 ? top
-$2{x} >= 1 && -$2{x}+$3{y} == 0 ? 2
$2{x}-$3{y} >= 1 && $2{x}-2$3{y} >= 1 ? top

[ 3:]:
-$2{x}+2$3{y} >= 1 && -$2{x}+$3{y} >= 1 && -2$2{x}+$3{y} >= 1 ? top
$2{x} >= 1 && -2$2{x}+$3{y} == 0 ? 5
2$2{x}-$3{y} >= 1 && -$2{x}+$3{y} >= 1 ? top
$2{x} >= 1 && -$2{x}+$3{y} == 0 ? 2
$2{x}-$3{y} >= 1 && -$2{x}+2$3{y} >= 1 ? top
-$2{x} >= 2 && -$2{x}+2$3{y} == 0 ? top
$2{x} == 0 && $3{y} == 0 ? 2
$2{x} >= 2 && -$2{x}+2$3{y} == 0 ? 5
$2{x}-2$3{y} >= 1 && -$2{x}+$3{y} >= 1 ? top
-$2{x} >= 1 && -$2{x}+$3{y} == 0 ? 2
$2{x}-$3{y} >= 1 && $2{x}-2$3{y} >= 1 ? top

[ 4:]:
-$2{x}+3$3{y} >= 1 && -$2{x}+2$3{y} >= 1 && -2$2{x}+$3{y} >= 1 && -3$2{x}+$3{y} >= 1 ? top
$2{x} >= 1 && -3$2{x}+$3{y} == 0 ? 7
3$2{x}-$3{y} >= 1 && -2$2{x}+$3{y} >= 1 ? top
$2{x} >= 1 && -2$2{x}+$3{y} == 0 ? 4
2$2{x}-$3{y} >= 1 && -3$2{x}+2$3{y} >= 1 ? top
$2{x} >= 2 && -3$2{x}+2$3{y} == 0 ? 7
3$2{x}-2$3{y} >= 1 && -$2{x}+$3{y} >= 0 ? top
$2{x}-$3{y} >= 1 && -2$2{x}+3$3{y} >= 1 ? top
$2{x} >= 3 && -2$2{x}+3$3{y} == 0 ? 7
2$2{x}-3$3{y} >= 1 && -$2{x}+2$3{y} >= 1 ? top
$2{x} >= 2 && -$2{x}+2$3{y} == 0 ? 4
$2{x}-2$3{y} >= 1 && -$2{x}+3$3{y} >= 1 ? top
-5$2{x} >= 3 && -$2{x}+3$3{y} == 0 ? top
$2{x} == 0 && $3{y} == 0 ? 4
$2{x} >= 3 && -$2{x}+3$3{y} == 0 ? 7
$2{x}-3$3{y} >= 1 ? top

[ 5:]:
-$2{x}+3$3{y} >= 1 && -$2{x}+2$3{y} >= 1 && -2$2{x}+3$3{y} >= 1 ? top
$2{x} >= 3 && -2$2{x}+3$3{y} == 0 ? 6
2$2{x}-3$3{y} >= 1 && -$2{x}+2$3{y} >= 1 ? top
$2{x} >= 2 && -$2{x}+2$3{y} == 0 ? 3
$2{x}-2$3{y} >= 1 && -$2{x}+3$3{y} >= 1 ? top
-$2{x} >= 3 && -$2{x}+3$3{y} == 0 ? top
$2{x} == 0 && $3{y} == 0 ? 3
$2{x} >= 3 && -$2{x}+3$3{y} == 0 ? 6
$2{x}-3$3{y} >= 1 && -$2{x}+2$3{y} >= 1 ? top
-$2{x} >= 2 && -$2{x}+2$3{y} == 0 ? 3
$2{x}-2$3{y} >= 1 && $2{x}-3$3{y} >= 1 ? top

[ 6:]:
-$2{x}+2$3{y} >= 1 && -$2{x}+$3{y} >= 1 && -2$2{x}+$3{y} >= 1 ? top
$2{x} >= 1 && -2$2{x}+$3{y} == 0 ? 5
2$2{x}-$3{y} >= 1 && -$2{x}+$3{y} >= 1 ? top
$2{x} >= 1 && -$2{x}+$3{y} == 0 ? 2
$2{x}-$3{y} >= 1 && -$2{x}+2$3{y} >= 1 ? top
-$2{x} >= 2 && -$2{x}+2$3{y} == 0 ? top
$2{x} == 0 && $3{y} == 0 ? 2
$2{x} >= 2 && -$2{x}+2$3{y} == 0 ? 5
$2{x}-2$3{y} >= 1 && -$2{x}+$3{y} >= 1 ? top
-$2{x} >= 1 && -$2{x}+$3{y} == 0 ? 2
$2{x}-$3{y} >= 1 && $2{x}-2$3{y} >= 1 ? top

[ 7:]:
-2$2{x}+$3{y} >= 1 && -3$2{x}+$3{y} >= 1 ? top
$2{x} >= 1 && -3$2{x}+$3{y} == 0 ? 6
3$2{x}-$3{y} >= 1 && -2$2{x}+$3{y} >= 1 ? top
-2$2{x}+$3{y} == 0 ? 3
2$2{x}-$3{y} >= 1 && -3$2{x}+2$3{y} >= 1 ? top
$2{x} >= 2 && -3$2{x}+2$3{y} == 0 ? 6
3$2{x}-2$3{y} >= 1 && 2$2{x}-$3{y} >= 1 ? top

[ 8:]:
-$2{x}+2$3{y} >= 1 && -$2{x}+$3{y} >= 1 && -2$2{x}+$3{y} >= 1 ? top
$2{x} >= 1 && -2$2{x}+$3{y} == 0 ? 5
2$2{x}-$3{y} >= 1 && -$2{x}+$3{y} >= 1 ? top
$2{x} >= 1 && -$2{x}+$3{y} == 0 ? 2
$2{x}-$3{y} >= 1 && -$2{x}+2$3{y} >= 1 ? top
-$2{x} >= 2 && -$2{x}+2$3{y} == 0 ? top
$2{x} == 0 && $3{y} == 0 ? 2
$2{x} >= 2 && -$2{x}+2$3{y} == 0 ? 5
$2{x}-2$3{y} >= 1 && -$2{x}+$3{y} >= 1 ? top
-$2{x} >= 1 && -$2{x}+$3{y} == 0 ? 2
$2{x}-$3{y} >= 1 && $2{x}-2$3{y} >= 1 ? top

[ 9:]:
-$2{x}+2$3{y} >= 1 && -$2{x}+$3{y} >= 1 && -2$2{x}+$3{y} >= 1 ? top
$2{x} >= 1 && -2$2{x}+$3{y} == 0 ? 5
2$2{x}-$3{y} >= 1 && -$2{x}+$3{y} >= 1 ? top
$2{x} >= 1 && -$2{x}+$3{y} == 0 ? 2
$2{x}-$3{y} >= 1 && -$2{x}+2$3{y} >= 1 ? top
-$2{x} >= 2 && -$2{x}+2$3{y} == 0 ? top
$2{x} == 0 && $3{y} == 0 ? 2
$2{x} >= 2 && -$2{x}+2$3{y} == 0 ? 5
$2{x}-2$3{y} >= 1 && -$2{x}+$3{y} >= 1 ? top
-$2{x} >= 1 && -$2{x}+$3{y} == 0 ? 2
$2{x}-$3{y} >= 1 && $2{x}-2$3{y} >= 1 ? top

[10:]:
top ? 1

[11:]:
top ? bottom

[12:]:
top ? bottom


Analysis Result: TRUE
