
CFG:
List of variables:
  $1{__return_main}:int at tests/ctl/sv_comp/Ex02_false-termination_true-no-overflow.c:5.0-16.1
  $2{i}:int at tests/ctl/sv_comp/Ex02_false-termination_true-no-overflow.c:6.8-9

List of functions:
  1: main() -> $1{__return_main}:int at tests/ctl/sv_comp/Ex02_false-termination_true-no-overflow.c:5.0-16.1, entry: 10, exit: 9, calls:

List of nodes:
  10: at :0:-1, in: out:1 
  9: at :0:-1, in: 2 out:
  1: at tests/ctl/sv_comp/Ex02_false-termination_true-no-overflow.c:5:0, in: 10 out:3 
  2: at tests/ctl/sv_comp/Ex02_false-termination_true-no-overflow.c:16:1, in: 4 out:9 
  3: at tests/ctl/sv_comp/Ex02_false-termination_true-no-overflow.c:6:10, in: 6 5 1 out:4 5 
  4: at tests/ctl/sv_comp/Ex02_false-termination_true-no-overflow.c:13:5, in: 3 out:2 
  5: at tests/ctl/sv_comp/Ex02_false-termination_true-no-overflow.c:9:18, in: 3 out:3 6 
  6: at tests/ctl/sv_comp/Ex02_false-termination_true-no-overflow.c:10:20, in: 5 out:3 
  7: at tests/ctl/sv_comp/Ex02_false-termination_true-no-overflow.c:5:0, in: out:8 
  8: at tests/ctl/sv_comp/Ex02_false-termination_true-no-overflow.c:16:1, in: 7 out:

List of arcs:
  10 -> 1: label entry
  2 -> 9: label exit
  1 -> 3: skip
  3 -> 5: $2{i} > 0 ?
  3 -> 4: ! ($2{i} > 0) ?
  5 -> 6: $2{i} != 5 ?
  5 -> 3: ! ($2{i} != 5) ?
  6 -> 3: $2{i} = $2{i} - 1
  4 -> 2: $1{__return_main} = 0
  7 -> 8: skip


Property: exit: true

[1:]:
top ? bottom

[2:]:
top ? bottom

[3:]:
top ? bottom

[4:]:
top ? bottom

[5:]:
top ? bottom

[6:]:
top ? bottom

[7:]:
top ? bottom

[8:]:
top ? bottom

[9:]:
top ? 0.

[10:]:
top ? bottom

Property: AF{exit: true}

[1:]:
-$2{i} >= 0 ? 2
$2{i} >= 1 && -$2{i} >= -4 ? 3$2{i}+2
$2{i} >= 5 ? bottom

[2:]:
top ? 0.

[3:]:
-$2{i} >= 0 ? 2
$2{i} >= 1 && -$2{i} >= -4 ? 3$2{i}+2
$2{i} >= 5 ? bottom

[4:]:
top ? 1

[5:]:
-$2{i} >= -1 ? 4
$2{i} >= 2 && -$2{i} >= -4 ? 3$2{i}+1
$2{i} >= 5 ? bottom

[6:]:
-$2{i} >= -1 ? 3
$2{i} >= 2 && -$2{i} >= -5 ? 3$2{i}+0
$2{i} >= 6 ? bottom

[7:]:
top ? bottom

[8:]:
top ? bottom

[9:]:
top ? 0.

[10:]:
-$2{i} >= 0 ? 2
$2{i} >= 1 && -$2{i} >= -4 ? 3$2{i}+2
$2{i} >= 5 ? bottom

Property: $2{i} >= 5

[1:]:
-$2{i} >= -4 ? bottom
$2{i} >= 5 ? 0.

[2:]:
-$2{i} >= -4 ? bottom
$2{i} >= 5 ? 0.

[3:]:
-$2{i} >= -4 ? bottom
$2{i} >= 5 ? 0.

[4:]:
-$2{i} >= -4 ? bottom
$2{i} >= 5 ? 0.

[5:]:
-$2{i} >= -4 ? bottom
$2{i} >= 5 ? 0.

[6:]:
-$2{i} >= -4 ? bottom
$2{i} >= 5 ? 0.

[7:]:
-$2{i} >= -4 ? bottom
$2{i} >= 5 ? 0.

[8:]:
-$2{i} >= -4 ? bottom
$2{i} >= 5 ? 0.

[9:]:
-$2{i} >= -4 ? bottom
$2{i} >= 5 ? 0.

[10:]:
-$2{i} >= -4 ? bottom
$2{i} >= 5 ? 0.

Property: OR{$2{i} >= 5}{AF{exit: true}}

[1:]:
-$2{i} >= 0 ? 2
$2{i} >= 1 && -$2{i} >= -4 ? 3$2{i}+2
$2{i} >= 5 ? 0.

[2:]:
top ? 0.

[3:]:
-$2{i} >= 0 ? 2
$2{i} >= 1 && -$2{i} >= -4 ? 3$2{i}+2
$2{i} >= 5 ? 0.

[4:]:
top ? 1

[5:]:
-$2{i} >= -1 ? 4
$2{i} >= 2 && -$2{i} >= -4 ? 3$2{i}+1
$2{i} >= 5 ? 0.

[6:]:
-$2{i} >= -1 ? 3
$2{i} >= 2 && -$2{i} >= -4 ? 3$2{i}+0
$2{i} == 5 ? 15
$2{i} >= 6 ? 0.

[7:]:
-$2{i} >= -4 ? bottom
$2{i} >= 5 ? 0.

[8:]:
-$2{i} >= -4 ? bottom
$2{i} >= 5 ? 0.

[9:]:
top ? 0.

[10:]:
-$2{i} >= 0 ? 2
$2{i} >= 1 && -$2{i} >= -4 ? 3$2{i}+2
$2{i} >= 5 ? 0.


Analysis Result: TRUE
