
Abstract Syntax:
[ 1:]
int main( ):
[ 2:] while [ 3:] ( $2{i} > 0 ) do
[ 4:]   if ( $2{i} < 5 || $2{i} > 5 ) then
[ 5:]     $2{i} := $2{i} - 1
[ 6:]
        else
[ 7:]
        endif
[ 8:]
      od
[ 9:] $1{$1} := 0
[10:] return
[11:]

Property: exit: true

[ -2:]:
top ? 0.

[ -1:]:
top ? 0.

[ 2:]:
top ? bottom

[ 3:]:
top ? bottom

[ 4:]:
top ? bottom

[ 5:]:
top ? bottom

[ 6:]:
top ? bottom

[ 7:]:
top ? bottom

[ 8:]:
top ? bottom

[ 9:]:
top ? bottom

[10:]:
top ? bottom

[11:]:
top ? bottom

Property: AF{exit: true}

[ -2:]:
top ? 0.

[ -1:]:
top ? 0.

[ 2:]:
-$2{i} >= 0 ? 2
$2{i} >= 1 && -$2{i} >= -4 ? 3$2{i}+2
$2{i} >= 5 ? bottom

[ 3:]:
-$2{i} >= 0 ? 2
$2{i} >= 1 && -$2{i} >= -4 ? 3$2{i}+2
$2{i} >= 5 ? bottom

[ 4:]:
-$2{i} >= -1 ? 4
$2{i} >= 2 && -$2{i} >= -4 ? 3$2{i}+1
$2{i} >= 5 ? bottom

[ 5:]:
-$2{i} >= -1 ? 3
$2{i} >= 2 && -$2{i} >= -5 ? 3$2{i}+0
$2{i} >= 6 ? bottom

[ 6:]:
-$2{i} >= 0 ? 2
$2{i} >= 1 && -$2{i} >= -4 ? 3$2{i}+2
$2{i} >= 5 ? bottom

[ 7:]:
-$2{i} >= 0 ? 2
$2{i} >= 1 && -$2{i} >= -4 ? 3$2{i}+2
$2{i} >= 5 ? bottom

[ 8:]:
-$2{i} >= 0 ? 2
$2{i} >= 1 && -$2{i} >= -4 ? 3$2{i}+2
$2{i} >= 5 ? bottom

[ 9:]:
top ? 1

[10:]:
top ? bottom

[11:]:
top ? bottom

Property: $2{i} >= 5

[ -2:]:
-$2{i} >= -4 ? bottom
$2{i} >= 5 ? 0.

[ -1:]:
-$2{i} >= -4 ? bottom
$2{i} >= 5 ? 0.

[ 2:]:
-$2{i} >= -4 ? bottom
$2{i} >= 5 ? 0.

[ 3:]:
-$2{i} >= -4 ? bottom
$2{i} >= 5 ? 0.

[ 4:]:
-$2{i} >= -4 ? bottom
$2{i} >= 5 ? 0.

[ 5:]:
-$2{i} >= -4 ? bottom
$2{i} >= 5 ? 0.

[ 6:]:
-$2{i} >= -4 ? bottom
$2{i} >= 5 ? 0.

[ 7:]:
-$2{i} >= -4 ? bottom
$2{i} >= 5 ? 0.

[ 8:]:
-$2{i} >= -4 ? bottom
$2{i} >= 5 ? 0.

[ 9:]:
-$2{i} >= -4 ? bottom
$2{i} >= 5 ? 0.

[10:]:
-$2{i} >= -4 ? bottom
$2{i} >= 5 ? 0.

[11:]:
-$2{i} >= -4 ? bottom
$2{i} >= 5 ? 0.

Property: OR{$2{i} >= 5}{AF{exit: true}}

[ -2:]:
top ? 0.

[ -1:]:
top ? 0.

[ 2:]:
-$2{i} >= 0 ? 2
$2{i} >= 1 && -$2{i} >= -4 ? 3$2{i}+2
$2{i} >= 5 ? 0.

[ 3:]:
-$2{i} >= 0 ? 2
$2{i} >= 1 && -$2{i} >= -4 ? 3$2{i}+2
$2{i} >= 5 ? 0.

[ 4:]:
-$2{i} >= -1 ? 4
$2{i} >= 2 && -$2{i} >= -4 ? 3$2{i}+1
$2{i} >= 5 ? 0.

[ 5:]:
-$2{i} >= -1 ? 3
$2{i} >= 2 && -$2{i} >= -4 ? 3$2{i}+0
$2{i} == 5 ? 15
$2{i} >= 6 ? 0.

[ 6:]:
-$2{i} >= 0 ? 2
$2{i} >= 1 && -$2{i} >= -4 ? 3$2{i}+2
$2{i} >= 5 ? 0.

[ 7:]:
-$2{i} >= 0 ? 2
$2{i} >= 1 && -$2{i} >= -4 ? 3$2{i}+2
$2{i} >= 5 ? 0.

[ 8:]:
-$2{i} >= 0 ? 2
$2{i} >= 1 && -$2{i} >= -4 ? 3$2{i}+2
$2{i} >= 5 ? 0.

[ 9:]:
top ? 1

[10:]:
-$2{i} >= -4 ? bottom
$2{i} >= 5 ? 0.

[11:]:
-$2{i} >= -4 ? bottom
$2{i} >= 5 ? 0.


Analysis Result: TRUE
