
CFG:
List of variables:
  $1{__return_main}:int at tests/ctl/sv_comp/Ex07_false-termination_true-no-overflow.c:5.0-19.1
  $2{i}:int at tests/ctl/sv_comp/Ex07_false-termination_true-no-overflow.c:6.8-9

List of functions:
  1: main() -> $1{__return_main}:int at tests/ctl/sv_comp/Ex07_false-termination_true-no-overflow.c:5.0-19.1, entry: 12, exit: 11, calls:

List of nodes:
  12: at :0:-1, in: out:1 
  11: at :0:-1, in: 2 out:
  1: at tests/ctl/sv_comp/Ex07_false-termination_true-no-overflow.c:5:0, in: 12 out:3 
  2: at tests/ctl/sv_comp/Ex07_false-termination_true-no-overflow.c:19:1, in: 4 out:11 
  3: at tests/ctl/sv_comp/Ex07_false-termination_true-no-overflow.c:6:10, in: 8 6 1 out:4 5 
  4: at tests/ctl/sv_comp/Ex07_false-termination_true-no-overflow.c:16:5, in: 3 out:2 
  5: at tests/ctl/sv_comp/Ex07_false-termination_true-no-overflow.c:9:17, in: 3 out:6 7 
  6: at tests/ctl/sv_comp/Ex07_false-termination_true-no-overflow.c:12:9, in: 7 5 out:3 8 
  7: at tests/ctl/sv_comp/Ex07_false-termination_true-no-overflow.c:10:19, in: 5 out:6 
  8: at tests/ctl/sv_comp/Ex07_false-termination_true-no-overflow.c:13:19, in: 6 out:3 
  9: at tests/ctl/sv_comp/Ex07_false-termination_true-no-overflow.c:5:0, in: out:10 
  10: at tests/ctl/sv_comp/Ex07_false-termination_true-no-overflow.c:19:1, in: 9 out:

List of arcs:
  12 -> 1: label entry
  2 -> 11: label exit
  1 -> 3: skip
  3 -> 5: true ?
  3 -> 4: ! (true) ?
  5 -> 7: $2{i} > 0 ?
  5 -> 6: ! ($2{i} > 0) ?
  7 -> 6: $2{i} = $2{i} - 1
  6 -> 8: $2{i} < 0 ?
  6 -> 3: ! ($2{i} < 0) ?
  8 -> 3: $2{i} = $2{i} + 1
  4 -> 2: $1{__return_main} = 0
  9 -> 10: skip


Property: $2{i} == 0

[1:]:
-$2{i} >= 1 ? bottom
$2{i} == 0 ? 0.
$2{i} >= 1 ? bottom

[2:]:
-$2{i} >= 1 ? bottom
$2{i} == 0 ? 0.
$2{i} >= 1 ? bottom

[3:]:
-$2{i} >= 1 ? bottom
$2{i} == 0 ? 0.
$2{i} >= 1 ? bottom

[4:]:
-$2{i} >= 1 ? bottom
$2{i} == 0 ? 0.
$2{i} >= 1 ? bottom

[5:]:
-$2{i} >= 1 ? bottom
$2{i} == 0 ? 0.
$2{i} >= 1 ? bottom

[6:]:
-$2{i} >= 1 ? bottom
$2{i} == 0 ? 0.
$2{i} >= 1 ? bottom

[7:]:
-$2{i} >= 1 ? bottom
$2{i} == 0 ? 0.
$2{i} >= 1 ? bottom

[8:]:
-$2{i} >= 1 ? bottom
$2{i} == 0 ? 0.
$2{i} >= 1 ? bottom

[9:]:
-$2{i} >= 1 ? bottom
$2{i} == 0 ? 0.
$2{i} >= 1 ? bottom

[10:]:
-$2{i} >= 1 ? bottom
$2{i} == 0 ? 0.
$2{i} >= 1 ? bottom

[11:]:
-$2{i} >= 1 ? bottom
$2{i} == 0 ? 0.
$2{i} >= 1 ? bottom

[12:]:
-$2{i} >= 1 ? bottom
$2{i} == 0 ? 0.
$2{i} >= 1 ? bottom

Property: AG{$2{i} == 0}

[1:]:
-$2{i} >= 1 ? bottom
$2{i} == 0 ? 0.
$2{i} >= 1 ? bottom

[2:]:
top ? bottom

[3:]:
-$2{i} >= 1 ? bottom
$2{i} == 0 ? 0.
$2{i} >= 1 ? bottom

[4:]:
top ? bottom

[5:]:
-$2{i} >= 1 ? bottom
$2{i} == 0 ? 0.
$2{i} >= 1 ? bottom

[6:]:
-$2{i} >= 1 ? bottom
$2{i} == 0 ? 0.
$2{i} >= 1 ? bottom

[7:]:
top ? bottom

[8:]:
top ? bottom

[9:]:
-$2{i} >= 1 ? bottom
$2{i} == 0 ? 0.
$2{i} >= 1 ? bottom

[10:]:
-$2{i} >= 1 ? bottom
$2{i} == 0 ? 0.
$2{i} >= 1 ? bottom

[11:]:
top ? bottom

[12:]:
-$2{i} >= 1 ? bottom
$2{i} == 0 ? 0.
$2{i} >= 1 ? bottom

Property: AF{AG{$2{i} == 0}}

[1:]:
-$2{i} >= 0 ? -4$2{i}+0
$2{i} >= 1 ? 4$2{i}-1

[2:]:
top ? bottom

[3:]:
-$2{i} >= 0 ? -4$2{i}+0
$2{i} >= 1 ? 4$2{i}-1

[4:]:
top ? bottom

[5:]:
-$2{i} >= 1 ? -4$2{i}-1
$2{i} == 0 ? 0.
$2{i} >= 1 ? 4$2{i}-2

[6:]:
-$2{i} >= 1 ? -4$2{i}-2
$2{i} >= 0 ? 4$2{i}+0

[7:]:
-$2{i} >= 0 ? -4$2{i}+3
$2{i} >= 1 ? 4$2{i}-3

[8:]:
-$2{i} >= 1 ? -4$2{i}-3
$2{i} >= 0 ? 4$2{i}+4

[9:]:
top ? bottom

[10:]:
top ? bottom

[11:]:
top ? bottom

[12:]:
-$2{i} >= 0 ? -4$2{i}+0
$2{i} >= 1 ? 4$2{i}-1


Analysis Result: TRUE
