
Abstract Syntax:
[ 1:]
int main( ):
[ 2:] while [ 3:] ( true ) do
[ 4:]   if ( $2{i} > 0 ) then
[ 5:]     $2{i} := $2{i} - 1
[ 6:]
        else
[ 7:]
        endif
[ 8:]   if ( $2{i} < 0 ) then
[ 9:]     $2{i} := $2{i} + 1
[10:]
        else
[11:]
        endif
[12:]
      od
[13:] $1{$1} := 0
[14:] return
[15:]

Property: $2{i} <= 0 && $2{i} >= 0

[ -2:]:
-$2{i} >= 1 ? bottom
$2{i} == 0 ? 0.
$2{i} >= 1 ? bottom

[ -1:]:
-$2{i} >= 1 ? bottom
$2{i} == 0 ? 0.
$2{i} >= 1 ? bottom

[ 2:]:
-$2{i} >= 1 ? bottom
$2{i} == 0 ? 0.
$2{i} >= 1 ? bottom

[ 3:]:
-$2{i} >= 1 ? bottom
$2{i} == 0 ? 0.
$2{i} >= 1 ? bottom

[ 4:]:
-$2{i} >= 1 ? bottom
$2{i} == 0 ? 0.
$2{i} >= 1 ? bottom

[ 5:]:
-$2{i} >= 1 ? bottom
$2{i} == 0 ? 0.
$2{i} >= 1 ? bottom

[ 6:]:
-$2{i} >= 1 ? bottom
$2{i} == 0 ? 0.
$2{i} >= 1 ? bottom

[ 7:]:
-$2{i} >= 1 ? bottom
$2{i} == 0 ? 0.
$2{i} >= 1 ? bottom

[ 8:]:
-$2{i} >= 1 ? bottom
$2{i} == 0 ? 0.
$2{i} >= 1 ? bottom

[ 9:]:
-$2{i} >= 1 ? bottom
$2{i} == 0 ? 0.
$2{i} >= 1 ? bottom

[10:]:
-$2{i} >= 1 ? bottom
$2{i} == 0 ? 0.
$2{i} >= 1 ? bottom

[11:]:
-$2{i} >= 1 ? bottom
$2{i} == 0 ? 0.
$2{i} >= 1 ? bottom

[12:]:
-$2{i} >= 1 ? bottom
$2{i} == 0 ? 0.
$2{i} >= 1 ? bottom

[13:]:
-$2{i} >= 1 ? bottom
$2{i} == 0 ? 0.
$2{i} >= 1 ? bottom

[14:]:
-$2{i} >= 1 ? bottom
$2{i} == 0 ? 0.
$2{i} >= 1 ? bottom

[15:]:
-$2{i} >= 1 ? bottom
$2{i} == 0 ? 0.
$2{i} >= 1 ? bottom

Property: EG{$2{i} <= 0 && $2{i} >= 0}

[ -2:]:
top ? bottom

[ -1:]:
top ? bottom

[ 2:]:
-$2{i} >= 1 ? bottom
$2{i} == 0 ? 0.
$2{i} >= 1 ? bottom

[ 3:]:
-$2{i} >= 1 ? bottom
$2{i} == 0 ? 0.
$2{i} >= 1 ? bottom

[ 4:]:
-$2{i} >= 1 ? bottom
$2{i} == 0 ? 0.
$2{i} >= 1 ? bottom

[ 5:]:
top ? bottom

[ 6:]:
-$2{i} >= 1 ? bottom
$2{i} == 0 ? 0.
$2{i} >= 1 ? bottom

[ 7:]:
-$2{i} >= 1 ? bottom
$2{i} == 0 ? 0.
$2{i} >= 1 ? bottom

[ 8:]:
-$2{i} >= 1 ? bottom
$2{i} == 0 ? 0.
$2{i} >= 1 ? bottom

[ 9:]:
top ? bottom

[10:]:
-$2{i} >= 1 ? bottom
$2{i} == 0 ? 0.
$2{i} >= 1 ? bottom

[11:]:
-$2{i} >= 1 ? bottom
$2{i} == 0 ? 0.
$2{i} >= 1 ? bottom

[12:]:
-$2{i} >= 1 ? bottom
$2{i} == 0 ? 0.
$2{i} >= 1 ? bottom

[13:]:
top ? bottom

[14:]:
top ? bottom

[15:]:
top ? bottom

Property: AF{EG{$2{i} <= 0 && $2{i} >= 0}}

[ -2:]:
top ? bottom

[ -1:]:
top ? bottom

[ 2:]:
-$2{i} >= 0 ? -4$2{i}+0
$2{i} >= 1 ? 4$2{i}-1

[ 3:]:
-$2{i} >= 0 ? -4$2{i}+0
$2{i} >= 1 ? 4$2{i}-1

[ 4:]:
-$2{i} >= 1 ? -4$2{i}-1
$2{i} == 0 ? 0.
$2{i} >= 1 ? 4$2{i}-2

[ 5:]:
-$2{i} >= 0 ? -4$2{i}+3
$2{i} >= 1 ? 4$2{i}-3

[ 6:]:
-$2{i} >= 1 ? -4$2{i}-2
$2{i} >= 0 ? 4$2{i}+0

[ 7:]:
-$2{i} >= 1 ? -4$2{i}-2
$2{i} >= 0 ? 4$2{i}+0

[ 8:]:
-$2{i} >= 1 ? -4$2{i}-2
$2{i} >= 0 ? 4$2{i}+0

[ 9:]:
-$2{i} >= 1 ? -4$2{i}-3
$2{i} >= 0 ? 4$2{i}+4

[10:]:
-$2{i} >= 0 ? -4$2{i}+0
$2{i} >= 1 ? 4$2{i}-1

[11:]:
-$2{i} >= 0 ? -4$2{i}+0
$2{i} >= 1 ? 4$2{i}-1

[12:]:
-$2{i} >= 0 ? -4$2{i}+0
$2{i} >= 1 ? 4$2{i}-1

[13:]:
top ? bottom

[14:]:
top ? bottom

[15:]:
top ? bottom


Analysis Result: TRUE
