
Abstract Syntax:
[ 1:]
int main( ):
[ 2:] while [ 3:] ( $2{x} < 10 ) do
[ 4:]   $2{x} := 2 * $2{x}
[ 5:]
      od
[ 6:] $1{$1} := 0
[ 7:] return
[ 8:]

Property: exit: true

[ -2:]:
top ? 0.

[ -1:]:
top ? 0.

[ 2:]:
top ? bottom

[ 3:]:
top ? bottom

[ 4:]:
top ? bottom

[ 5:]:
top ? bottom

[ 6:]:
top ? bottom

[ 7:]:
top ? bottom

[ 8:]:
top ? bottom

Property: AF{exit: true}

[ -2:]:
top ? 0.

[ -1:]:
top ? 0.

[ 2:]:
-$2{x} >= 0 ? bottom
$2{x} == 1 ? 10
$2{x} == 2 ? 8
$2{x} >= 3 && -$2{x} >= -4 ? 6
$2{x} >= 5 && -$2{x} >= -9 ? 4
$2{x} >= 10 ? 2

[ 3:]:
-$2{x} >= 0 ? bottom
$2{x} == 1 ? 10
$2{x} == 2 ? 8
$2{x} >= 3 && -$2{x} >= -4 ? 6
$2{x} >= 5 && -$2{x} >= -9 ? 4
$2{x} >= 10 ? 2

[ 4:]:
-$2{x} >= 0 ? bottom
$2{x} == 1 ? 9
$2{x} == 2 ? 7
$2{x} >= 3 && -$2{x} >= -4 ? 5
$2{x} >= 5 ? 3

[ 5:]:
-$2{x} >= 0 ? bottom
$2{x} == 1 ? 10
$2{x} == 2 ? 8
$2{x} >= 3 && -$2{x} >= -4 ? 6
$2{x} >= 5 && -$2{x} >= -9 ? 4
$2{x} >= 10 ? 2

[ 6:]:
top ? 1

[ 7:]:
top ? bottom

[ 8:]:
top ? bottom


Analysis Result: TRUE
