
CFG:
List of variables:
  $1{__return_main}:int at tests/example0.c:10.0-18.1
  $2{x}:int at tests/example0.c:11.6-7

List of functions:
  1: main() -> $1{__return_main}:int at tests/example0.c:10.0-18.1, entry: 10, exit: 9, calls:

List of nodes:
  10: at :0:-1, in: out:1 
  9: at :0:-1, in: 2 out:
  1: at tests/example0.c:10:0, in: 10 out:3 
  2: at tests/example0.c:18:1, in: 4 out:9 
  3: at tests/example0.c:11:8, in: 6 5 1 out:4 5 
  4: at tests/example0.c:16:3, in: 3 out:2 
  5: at tests/example0.c:12:18, in: 3 out:3 6 
  6: at tests/example0.c:13:16, in: 5 out:3 
  7: at tests/example0.c:10:0, in: out:8 
  8: at tests/example0.c:18:1, in: 7 out:

List of arcs:
  10 -> 1: label entry
  2 -> 9: label exit
  1 -> 3: skip
  3 -> 5: $2{x} <= 10 ?
  3 -> 4: ! ($2{x} <= 10) ?
  5 -> 6: $2{x} <= 9 ?
  5 -> 3: ! ($2{x} <= 9) ?
  6 -> 3: $2{x} = $2{x} + 2
  4 -> 2: $1{__return_main} = 0
  7 -> 8: skip


Property: exit: true

[1:]:
top ? bottom

[2:]:
top ? bottom

[3:]:
top ? bottom

[4:]:
top ? bottom

[5:]:
top ? bottom

[6:]:
top ? bottom

[7:]:
top ? bottom

[8:]:
top ? bottom

[9:]:
top ? 0.

[10:]:
top ? bottom

Property: AF{exit: true}

[1:]:
-$2{x} >= -6 ? top
$2{x} == 7 ? 8
$2{x} == 8 ? bottom
$2{x} == 9 ? 5
$2{x} == 10 ? bottom
$2{x} >= 11 ? 2

[2:]:
top ? 0.

[3:]:
-$2{x} >= -4 ? top
$2{x} == 5 ? 11
$2{x} == 6 ? bottom
$2{x} == 7 ? 8
$2{x} == 8 ? bottom
$2{x} == 9 ? 5
$2{x} == 10 ? bottom
$2{x} >= 11 ? 2

[4:]:
top ? 1

[5:]:
-$2{x} >= -4 ? top
$2{x} == 5 ? 10
$2{x} == 6 ? bottom
$2{x} == 7 ? 7
$2{x} == 8 ? bottom
$2{x} == 9 ? 4
$2{x} == 10 ? bottom
$2{x} >= 11 ? 3

[6:]:
-$2{x} >= -4 ? top
$2{x} == 5 ? 9
$2{x} == 6 ? bottom
$2{x} == 7 ? 6
$2{x} == 8 ? bottom
$2{x} >= 9 ? 3

[7:]:
top ? bottom

[8:]:
top ? bottom

[9:]:
top ? 0.

[10:]:
-$2{x} >= -6 ? top
$2{x} == 7 ? 8
$2{x} == 8 ? bottom
$2{x} == 9 ? 5
$2{x} == 10 ? bottom
$2{x} >= 11 ? 2


Analysis Result: TRUE
