
Abstract Syntax:
[ 1:]
void main( ):
[ 2:] while [ 3:] ( $1{n} > 0 ) do
[ 4:]   $1{n} := $1{n} - 1
[ 5:]
      od
[ 6:] if ( ? ) then
[ 7:]   while [ 8:] ( $1{n} <= 0 && $1{n} >= 0 ) do
[ 9:]     $1{n} := $1{n} + 1
[10:]     $1{n} := $1{n} - 1
[11:]
        od
[12:]
      else
[13:]
      endif
[14:]

Property: $1{n} <= 1 && $1{n} >= 1

[ -1:]:
-$1{n} >= 0 ? bottom
$1{n} == 1 ? 0.
$1{n} >= 2 ? bottom

[ 2:]:
-$1{n} >= 0 ? bottom
$1{n} == 1 ? 0.
$1{n} >= 2 ? bottom

[ 3:]:
-$1{n} >= 0 ? bottom
$1{n} == 1 ? 0.
$1{n} >= 2 ? bottom

[ 4:]:
-$1{n} >= 0 ? bottom
$1{n} == 1 ? 0.
$1{n} >= 2 ? bottom

[ 5:]:
-$1{n} >= 0 ? bottom
$1{n} == 1 ? 0.
$1{n} >= 2 ? bottom

[ 6:]:
-$1{n} >= 0 ? bottom
$1{n} == 1 ? 0.
$1{n} >= 2 ? bottom

[ 7:]:
-$1{n} >= 0 ? bottom
$1{n} == 1 ? 0.
$1{n} >= 2 ? bottom

[ 8:]:
-$1{n} >= 0 ? bottom
$1{n} == 1 ? 0.
$1{n} >= 2 ? bottom

[ 9:]:
-$1{n} >= 0 ? bottom
$1{n} == 1 ? 0.
$1{n} >= 2 ? bottom

[10:]:
-$1{n} >= 0 ? bottom
$1{n} == 1 ? 0.
$1{n} >= 2 ? bottom

[11:]:
-$1{n} >= 0 ? bottom
$1{n} == 1 ? 0.
$1{n} >= 2 ? bottom

[12:]:
-$1{n} >= 0 ? bottom
$1{n} == 1 ? 0.
$1{n} >= 2 ? bottom

[13:]:
-$1{n} >= 0 ? bottom
$1{n} == 1 ? 0.
$1{n} >= 2 ? bottom

[14:]:
-$1{n} >= 0 ? bottom
$1{n} == 1 ? 0.
$1{n} >= 2 ? bottom

Property: EF{$1{n} <= 1 && $1{n} >= 1}

[ -1:]:
-$1{n} >= 0 ? bottom
$1{n} == 1 ? 0.
$1{n} >= 2 ? bottom

[ 2:]:
-$1{n} >= 1 ? bottom
$1{n} == 0 ? 4
$1{n} >= 1 ? 2$1{n}-2

[ 3:]:
-$1{n} >= 1 ? bottom
$1{n} == 0 ? 4
$1{n} >= 1 ? 2$1{n}-2

[ 4:]:
-$1{n} >= 0 ? bottom
$1{n} == 1 ? 0.
$1{n} >= 2 ? 2$1{n}-3

[ 5:]:
-$1{n} >= 1 ? bottom
$1{n} == 0 ? 4
$1{n} >= 1 ? 2$1{n}-2

[ 6:]:
-$1{n} >= 1 ? bottom
$1{n} == 0 ? 3
$1{n} == 1 ? 0.
$1{n} >= 2 ? bottom

[ 7:]:
-$1{n} >= 1 ? bottom
$1{n} == 0 ? 2
$1{n} == 1 ? 0.
$1{n} >= 2 ? bottom

[ 8:]:
-$1{n} >= 1 ? bottom
$1{n} == 0 ? 2
$1{n} == 1 ? 0.
$1{n} >= 2 ? bottom

[ 9:]:
-$1{n} >= 1 ? bottom
$1{n} == 0 ? 1
$1{n} == 1 ? 0.
$1{n} >= 2 ? bottom

[10:]:
-$1{n} >= 0 ? bottom
$1{n} == 1 ? 0.
$1{n} == 2 ? 1
$1{n} >= 3 ? bottom

[11:]:
-$1{n} >= 1 ? bottom
$1{n} == 0 ? 2
$1{n} == 1 ? 0.
$1{n} >= 2 ? bottom

[12:]:
-$1{n} >= 0 ? bottom
$1{n} == 1 ? 0.
$1{n} >= 2 ? bottom

[13:]:
-$1{n} >= 0 ? bottom
$1{n} == 1 ? 0.
$1{n} >= 2 ? bottom

[14:]:
-$1{n} >= 0 ? bottom
$1{n} == 1 ? 0.
$1{n} >= 2 ? bottom

Property: EG{EF{$1{n} <= 1 && $1{n} >= 1}}

[ -1:]:
top ? bottom

[ 2:]:
-$1{n} >= 1 ? bottom
$1{n} == 0 ? 4
$1{n} >= 1 ? 2$1{n}-2

[ 3:]:
-$1{n} >= 1 ? bottom
$1{n} == 0 ? 4
$1{n} >= 1 ? 2$1{n}-2

[ 4:]:
-$1{n} >= 0 ? bottom
$1{n} == 1 ? 0.
$1{n} >= 2 ? 2$1{n}-3

[ 5:]:
-$1{n} >= 1 ? bottom
$1{n} == 0 ? 4
$1{n} >= 1 ? 2$1{n}-2

[ 6:]:
-$1{n} >= 1 ? bottom
$1{n} == 0 ? 3
$1{n} >= 1 ? bottom

[ 7:]:
-$1{n} >= 1 ? bottom
$1{n} == 0 ? 2
$1{n} >= 1 ? bottom

[ 8:]:
-$1{n} >= 1 ? bottom
$1{n} == 0 ? 2
$1{n} >= 1 ? bottom

[ 9:]:
-$1{n} >= 1 ? bottom
$1{n} == 0 ? 1
$1{n} >= 1 ? bottom

[10:]:
-$1{n} >= 0 ? bottom
$1{n} == 1 ? 0.
$1{n} >= 2 ? bottom

[11:]:
-$1{n} >= 1 ? bottom
$1{n} == 0 ? 2
$1{n} >= 1 ? bottom

[12:]:
top ? bottom

[13:]:
top ? bottom

[14:]:
top ? bottom


Analysis Result: TRUE
