
CFG:
List of variables:
  $1{n}:int at tests/ctl/fin_ex.c:7.8-9

List of functions:
  1: main() -> void at tests/ctl/fin_ex.c:6.0-19.1, entry: 12, exit: 11, calls:

List of nodes:
  12: at :0:-1, in: out:1 
  11: at :0:-1, in: 2 out:
  1: at tests/ctl/fin_ex.c:6:0, in: 12 out:3 
  2: at tests/ctl/fin_ex.c:19:1, in: 6 4 out:11 
  3: at tests/ctl/fin_ex.c:7:10, in: 5 1 out:4 5 
  4: at tests/ctl/fin_ex.c:11:5, in: 3 out:2 6 
  5: at tests/ctl/fin_ex.c:9:18, in: 3 out:3 
  6: at tests/ctl/fin_ex.c:13:11, in: 8 4 out:2 7 
  7: at tests/ctl/fin_ex.c:14:23, in: 6 out:8 
  8: at tests/ctl/fin_ex.c:15:16, in: 7 out:6 
  9: at tests/ctl/fin_ex.c:6:0, in: out:10 
  10: at tests/ctl/fin_ex.c:19:1, in: 9 out:

List of arcs:
  12 -> 1: label entry
  2 -> 11: label exit
  1 -> 3: skip
  3 -> 5: $1{n} > 0 ?
  3 -> 4: ! ($1{n} > 0) ?
  5 -> 3: $1{n} = $1{n} + -1
  4 -> 6: brand ?
  4 -> 2: ! (brand) ?
  6 -> 7: $1{n} == 0 ?
  6 -> 2: ! ($1{n} == 0) ?
  7 -> 8: $1{n} = $1{n} + 1
  8 -> 6: $1{n} = $1{n} + -1
  9 -> 10: skip


Property: $1{n} == 1

[1:]:
-$1{n} >= 0 ? bottom
$1{n} == 1 ? 0.
$1{n} >= 2 ? bottom

[2:]:
-$1{n} >= 0 ? bottom
$1{n} == 1 ? 0.
$1{n} >= 2 ? bottom

[3:]:
-$1{n} >= 0 ? bottom
$1{n} == 1 ? 0.
$1{n} >= 2 ? bottom

[4:]:
-$1{n} >= 0 ? bottom
$1{n} == 1 ? 0.
$1{n} >= 2 ? bottom

[5:]:
-$1{n} >= 0 ? bottom
$1{n} == 1 ? 0.
$1{n} >= 2 ? bottom

[6:]:
-$1{n} >= 0 ? bottom
$1{n} == 1 ? 0.
$1{n} >= 2 ? bottom

[7:]:
-$1{n} >= 0 ? bottom
$1{n} == 1 ? 0.
$1{n} >= 2 ? bottom

[8:]:
-$1{n} >= 0 ? bottom
$1{n} == 1 ? 0.
$1{n} >= 2 ? bottom

[9:]:
-$1{n} >= 0 ? bottom
$1{n} == 1 ? 0.
$1{n} >= 2 ? bottom

[10:]:
-$1{n} >= 0 ? bottom
$1{n} == 1 ? 0.
$1{n} >= 2 ? bottom

[11:]:
-$1{n} >= 0 ? bottom
$1{n} == 1 ? 0.
$1{n} >= 2 ? bottom

[12:]:
-$1{n} >= 0 ? bottom
$1{n} == 1 ? 0.
$1{n} >= 2 ? bottom

Property: EF{$1{n} == 1}

[1:]:
top ? bottom

[2:]:
-$1{n} >= 0 ? bottom
$1{n} == 1 ? 0.
$1{n} >= 2 ? bottom

[3:]:
top ? bottom

[4:]:
-$1{n} >= 1 ? bottom
$1{n} == 0 ? 3
$1{n} == 1 ? 0.
$1{n} >= 2 ? bottom

[5:]:
top ? bottom

[6:]:
-$1{n} >= 1 ? bottom
$1{n} == 0 ? 2
$1{n} == 1 ? 0.
$1{n} >= 2 ? bottom

[7:]:
-$1{n} >= 1 ? bottom
$1{n} == 0 ? 1
$1{n} == 1 ? 0.
$1{n} >= 2 ? bottom

[8:]:
-$1{n} >= 0 ? bottom
$1{n} == 1 ? 0.
$1{n} == 2 ? 1
$1{n} >= 3 ? bottom

[9:]:
top ? bottom

[10:]:
top ? bottom

[11:]:
-$1{n} >= 0 ? bottom
$1{n} == 1 ? 0.
$1{n} >= 2 ? bottom

[12:]:
top ? bottom


Analysis Result: UNKNOWN
