
Abstract Syntax:
[ 1:]
int main( ):
[ 2:] $4{c} := 0
[ 3:] $2{i} := 0
[ 4:] while [ 5:] ( $2{i} < 100 ) do
[ 6:]   $4{c} := $4{c} + 1
[ 7:]   $2{i} := $2{i} + 1
[ 8:]
      od
[ 9:] $3{j} := 5
[10:] while [11:] ( $3{j} < 21 ) do
[12:]   $4{c} := $4{c} + 1
[13:]   $3{j} := $3{j} + 3
[14:]
      od
[15:] $1{$1} := 0
[16:] return
[17:]

Property: $2{i} <= 100 && $2{i} >= 100

[ -2:]:
-$2{i} >= -99 ? bottom
$2{i} == 100 ? 0.
$2{i} >= 101 ? bottom

[ -1:]:
-$2{i} >= -99 ? bottom
$2{i} == 100 ? 0.
$2{i} >= 101 ? bottom

[ 2:]:
-$2{i} >= -99 ? bottom
$2{i} == 100 ? 0.
$2{i} >= 101 ? bottom

[ 3:]:
-$2{i} >= -99 ? bottom
$2{i} == 100 ? 0.
$2{i} >= 101 ? bottom

[ 4:]:
-$2{i} >= -99 ? bottom
$2{i} == 100 ? 0.
$2{i} >= 101 ? bottom

[ 5:]:
-$2{i} >= -99 ? bottom
$2{i} == 100 ? 0.
$2{i} >= 101 ? bottom

[ 6:]:
-$2{i} >= -99 ? bottom
$2{i} == 100 ? 0.
$2{i} >= 101 ? bottom

[ 7:]:
-$2{i} >= -99 ? bottom
$2{i} == 100 ? 0.
$2{i} >= 101 ? bottom

[ 8:]:
-$2{i} >= -99 ? bottom
$2{i} == 100 ? 0.
$2{i} >= 101 ? bottom

[ 9:]:
-$2{i} >= -99 ? bottom
$2{i} == 100 ? 0.
$2{i} >= 101 ? bottom

[10:]:
-$2{i} >= -99 ? bottom
$2{i} == 100 ? 0.
$2{i} >= 101 ? bottom

[11:]:
-$2{i} >= -99 ? bottom
$2{i} == 100 ? 0.
$2{i} >= 101 ? bottom

[12:]:
-$2{i} >= -99 ? bottom
$2{i} == 100 ? 0.
$2{i} >= 101 ? bottom

[13:]:
-$2{i} >= -99 ? bottom
$2{i} == 100 ? 0.
$2{i} >= 101 ? bottom

[14:]:
-$2{i} >= -99 ? bottom
$2{i} == 100 ? 0.
$2{i} >= 101 ? bottom

[15:]:
-$2{i} >= -99 ? bottom
$2{i} == 100 ? 0.
$2{i} >= 101 ? bottom

[16:]:
-$2{i} >= -99 ? bottom
$2{i} == 100 ? 0.
$2{i} >= 101 ? bottom

[17:]:
-$2{i} >= -99 ? bottom
$2{i} == 100 ? 0.
$2{i} >= 101 ? bottom

Property: $3{j} >= 21

[ -2:]:
-$3{j} >= -20 ? bottom
$3{j} >= 21 ? 0.

[ -1:]:
-$3{j} >= -20 ? bottom
$3{j} >= 21 ? 0.

[ 2:]:
-$3{j} >= -20 ? bottom
$3{j} >= 21 ? 0.

[ 3:]:
-$3{j} >= -20 ? bottom
$3{j} >= 21 ? 0.

[ 4:]:
-$3{j} >= -20 ? bottom
$3{j} >= 21 ? 0.

[ 5:]:
-$3{j} >= -20 ? bottom
$3{j} >= 21 ? 0.

[ 6:]:
-$3{j} >= -20 ? bottom
$3{j} >= 21 ? 0.

[ 7:]:
-$3{j} >= -20 ? bottom
$3{j} >= 21 ? 0.

[ 8:]:
-$3{j} >= -20 ? bottom
$3{j} >= 21 ? 0.

[ 9:]:
-$3{j} >= -20 ? bottom
$3{j} >= 21 ? 0.

[10:]:
-$3{j} >= -20 ? bottom
$3{j} >= 21 ? 0.

[11:]:
-$3{j} >= -20 ? bottom
$3{j} >= 21 ? 0.

[12:]:
-$3{j} >= -20 ? bottom
$3{j} >= 21 ? 0.

[13:]:
-$3{j} >= -20 ? bottom
$3{j} >= 21 ? 0.

[14:]:
-$3{j} >= -20 ? bottom
$3{j} >= 21 ? 0.

[15:]:
-$3{j} >= -20 ? bottom
$3{j} >= 21 ? 0.

[16:]:
-$3{j} >= -20 ? bottom
$3{j} >= 21 ? 0.

[17:]:
-$3{j} >= -20 ? bottom
$3{j} >= 21 ? 0.

Property: EF{$3{j} >= 21}

[ -2:]:
-$3{j} >= -20 ? bottom
$3{j} >= 21 ? 0.

[ -1:]:
-$3{j} >= -20 ? bottom
$3{j} >= 21 ? 0.

[ 2:]:
-$3{j} >= -20 ? 322
$3{j} >= 21 ? 0.

[ 3:]:
-$3{j} >= -20 ? 321
$3{j} >= 21 ? 0.

[ 4:]:
-$3{j} >= -20 && -$2{i} >= -99 ? -3$2{i}+320
$2{i} >= 100 && -$3{j} >= -20 ? 20
$3{j} >= 21 ? 0.

[ 5:]:
-$3{j} >= -20 && -$2{i} >= -99 ? -3$2{i}+320
$2{i} >= 100 && -$3{j} >= -20 ? 20
$3{j} >= 21 ? 0

[ 6:]:
-$3{j} >= -20 && -$2{i} >= -98 ? -3$2{i}+319
$2{i} >= 99 && -$3{j} >= -20 ? 22
$3{j} >= 21 ? 0.

[ 7:]:
-$3{j} >= -20 && -$2{i} >= -98 ? -3$2{i}+318
$2{i} >= 99 && -$3{j} >= -20 ? 21
$3{j} >= 21 ? 0.

[ 8:]:
-$3{j} >= -20 && -$2{i} >= -99 ? -3$2{i}+320
$2{i} >= 100 && -$3{j} >= -20 ? 20
$3{j} >= 21 ? 0.

[ 9:]:
-$3{j} >= -20 ? 19
$3{j} >= 21 ? 0.

[10:]:
-$3{j} >= -14 ? -$3{j}+23
$3{j} >= 15 && -$3{j} >= -17 ? 6
$3{j} >= 18 && -$3{j} >= -20 ? 3
$3{j} >= 21 ? 0.

[11:]:
-$3{j} >= -14 ? -$3{j}+23
$3{j} >= 15 && -$3{j} >= -17 ? 6
$3{j} >= 18 && -$3{j} >= -20 ? 3
$3{j} >= 21 ? 0

[12:]:
-$3{j} >= -11 ? -$3{j}+22
$3{j} >= 12 && -$3{j} >= -14 ? 8
$3{j} >= 15 && -$3{j} >= -17 ? 5
$3{j} >= 18 && -$3{j} >= -20 ? 2
$3{j} >= 21 ? 0.

[13:]:
-$3{j} >= -11 ? -$3{j}+21
$3{j} >= 12 && -$3{j} >= -14 ? 7
$3{j} >= 15 && -$3{j} >= -17 ? 4
$3{j} >= 18 && -$3{j} >= -20 ? 1
$3{j} >= 21 ? 0.

[14:]:
-$3{j} >= -14 ? -$3{j}+23
$3{j} >= 15 && -$3{j} >= -17 ? 6
$3{j} >= 18 && -$3{j} >= -20 ? 3
$3{j} >= 21 ? 0.

[15:]:
-$3{j} >= -20 ? bottom
$3{j} >= 21 ? 0.

[16:]:
-$3{j} >= -20 ? bottom
$3{j} >= 21 ? 0.

[17:]:
-$3{j} >= -20 ? bottom
$3{j} >= 21 ? 0.

Property: AND{EF{$3{j} >= 21}}{$2{i} <= 100 && $2{i} >= 100}

[ -2:]:
-$3{j} >= -20 ? bottom
$3{j} >= 21 && -$2{i} >= -99 ? bottom
$3{j} >= 21 && $2{i} == 100 ? 0
$2{i} >= 101 && $3{j} >= 21 ? bottom

[ -1:]:
-$3{j} >= -20 ? bottom
$3{j} >= 21 && -$2{i} >= -99 ? bottom
$3{j} >= 21 && $2{i} == 100 ? 0
$2{i} >= 101 && $3{j} >= 21 ? bottom

[ 2:]:
-$3{j} >= -20 && -$2{i} >= -99 ? bottom
-$3{j} >= -20 && $2{i} == 100 ? 322
$2{i} >= 101 && -$3{j} >= -20 ? bottom
$3{j} >= 21 && -$2{i} >= -99 ? bottom
$3{j} >= 21 && $2{i} == 100 ? 0
$2{i} >= 101 && $3{j} >= 21 ? bottom

[ 3:]:
-$3{j} >= -20 && -$2{i} >= -99 ? bottom
-$3{j} >= -20 && $2{i} == 100 ? 321
$2{i} >= 101 && -$3{j} >= -20 ? bottom
$3{j} >= 21 && -$2{i} >= -99 ? bottom
$3{j} >= 21 && $2{i} == 100 ? 0
$2{i} >= 101 && $3{j} >= 21 ? bottom

[ 4:]:
-$3{j} >= -20 && -$2{i} >= -99 ? bottom
-$3{j} >= -20 && $2{i} == 100 ? 20
$2{i} >= 101 && -$3{j} >= -20 ? bottom
$3{j} >= 21 && -$2{i} >= -99 ? bottom
$3{j} >= 21 && $2{i} == 100 ? 0
$2{i} >= 101 && $3{j} >= 21 ? bottom

[ 5:]:
-$3{j} >= -20 && -$2{i} >= -99 ? bottom
-$3{j} >= -20 && $2{i} == 100 ? 20
$2{i} >= 101 && -$3{j} >= -20 ? bottom
$3{j} >= 21 && -$2{i} >= -99 ? bottom
$3{j} >= 21 && $2{i} == 100 ? 0
$2{i} >= 101 && $3{j} >= 21 ? bottom

[ 6:]:
-$3{j} >= -20 && -$2{i} >= -99 ? bottom
-$3{j} >= -20 && $2{i} == 100 ? 22
$2{i} >= 101 && -$3{j} >= -20 ? bottom
$3{j} >= 21 && -$2{i} >= -99 ? bottom
$3{j} >= 21 && $2{i} == 100 ? 0
$2{i} >= 101 && $3{j} >= 21 ? bottom

[ 7:]:
-$3{j} >= -20 && -$2{i} >= -99 ? bottom
-$3{j} >= -20 && $2{i} == 100 ? 21
$2{i} >= 101 && -$3{j} >= -20 ? bottom
$3{j} >= 21 && -$2{i} >= -99 ? bottom
$3{j} >= 21 && $2{i} == 100 ? 0
$2{i} >= 101 && $3{j} >= 21 ? bottom

[ 8:]:
-$3{j} >= -20 && -$2{i} >= -99 ? bottom
-$3{j} >= -20 && $2{i} == 100 ? 20
$2{i} >= 101 && -$3{j} >= -20 ? bottom
$3{j} >= 21 && -$2{i} >= -99 ? bottom
$3{j} >= 21 && $2{i} == 100 ? 0
$2{i} >= 101 && $3{j} >= 21 ? bottom

[ 9:]:
-$3{j} >= -20 && -$2{i} >= -99 ? bottom
-$3{j} >= -20 && $2{i} == 100 ? 19
$2{i} >= 101 && -$3{j} >= -20 ? bottom
$3{j} >= 21 && -$2{i} >= -99 ? bottom
$3{j} >= 21 && $2{i} == 100 ? 0
$2{i} >= 101 && $3{j} >= 21 ? bottom

[10:]:
-$3{j} >= -14 && -$2{i} >= -99 ? bottom
-$3{j} >= -14 && $2{i} == 100 ? -$3{j}+23
$2{i} >= 101 && -$3{j} >= -14 ? bottom
$3{j} >= 15 && -$3{j} >= -17 && -$2{i} >= -99 ? bottom
$3{j} >= 15 && -$3{j} >= -17 && $2{i} == 100 ? 6
$2{i} >= 101 && $3{j} >= 15 && -$3{j} >= -17 ? bottom
$3{j} >= 18 && -$3{j} >= -20 && -$2{i} >= -99 ? bottom
$3{j} >= 18 && -$3{j} >= -20 && $2{i} == 100 ? 3
$2{i} >= 101 && $3{j} >= 18 && -$3{j} >= -20 ? bottom
$3{j} >= 21 && -$2{i} >= -99 ? bottom
$3{j} >= 21 && $2{i} == 100 ? 0
$2{i} >= 101 && $3{j} >= 21 ? bottom

[11:]:
-$3{j} >= -14 && -$2{i} >= -99 ? bottom
-$3{j} >= -14 && $2{i} == 100 ? -$3{j}+23
$2{i} >= 101 && -$3{j} >= -14 ? bottom
$3{j} >= 15 && -$3{j} >= -17 && -$2{i} >= -99 ? bottom
$3{j} >= 15 && -$3{j} >= -17 && $2{i} == 100 ? 6
$2{i} >= 101 && $3{j} >= 15 && -$3{j} >= -17 ? bottom
$3{j} >= 18 && -$3{j} >= -20 && -$2{i} >= -99 ? bottom
$3{j} >= 18 && -$3{j} >= -20 && $2{i} == 100 ? 3
$2{i} >= 101 && $3{j} >= 18 && -$3{j} >= -20 ? bottom
$3{j} >= 21 && -$2{i} >= -99 ? bottom
$3{j} >= 21 && $2{i} == 100 ? 0
$2{i} >= 101 && $3{j} >= 21 ? bottom

[12:]:
-$3{j} >= -11 && -$2{i} >= -99 ? bottom
-$3{j} >= -11 && $2{i} == 100 ? -$3{j}+22
$2{i} >= 101 && -$3{j} >= -11 ? bottom
$3{j} >= 12 && -$3{j} >= -14 && -$2{i} >= -99 ? bottom
$3{j} >= 12 && -$3{j} >= -14 && $2{i} == 100 ? 8
$2{i} >= 101 && $3{j} >= 12 && -$3{j} >= -14 ? bottom
$3{j} >= 15 && -$3{j} >= -17 && -$2{i} >= -99 ? bottom
$3{j} >= 15 && -$3{j} >= -17 && $2{i} == 100 ? 5
$2{i} >= 101 && $3{j} >= 15 && -$3{j} >= -17 ? bottom
$3{j} >= 18 && -$3{j} >= -20 && -$2{i} >= -99 ? bottom
$3{j} >= 18 && -$3{j} >= -20 && $2{i} == 100 ? 2
$2{i} >= 101 && $3{j} >= 18 && -$3{j} >= -20 ? bottom
$3{j} >= 21 && -$2{i} >= -99 ? bottom
$3{j} >= 21 && $2{i} == 100 ? 0
$2{i} >= 101 && $3{j} >= 21 ? bottom

[13:]:
-$3{j} >= -11 && -$2{i} >= -99 ? bottom
-$3{j} >= -11 && $2{i} == 100 ? -$3{j}+21
$2{i} >= 101 && -$3{j} >= -11 ? bottom
$3{j} >= 12 && -$3{j} >= -14 && -$2{i} >= -99 ? bottom
$3{j} >= 12 && -$3{j} >= -14 && $2{i} == 100 ? 7
$2{i} >= 101 && $3{j} >= 12 && -$3{j} >= -14 ? bottom
$3{j} >= 15 && -$3{j} >= -17 && -$2{i} >= -99 ? bottom
$3{j} >= 15 && -$3{j} >= -17 && $2{i} == 100 ? 4
$2{i} >= 101 && $3{j} >= 15 && -$3{j} >= -17 ? bottom
$3{j} >= 18 && -$3{j} >= -20 && -$2{i} >= -99 ? bottom
$3{j} >= 18 && -$3{j} >= -20 && $2{i} == 100 ? 1
$2{i} >= 101 && $3{j} >= 18 && -$3{j} >= -20 ? bottom
$3{j} >= 21 && -$2{i} >= -99 ? bottom
$3{j} >= 21 && $2{i} == 100 ? 0
$2{i} >= 101 && $3{j} >= 21 ? bottom

[14:]:
-$3{j} >= -14 && -$2{i} >= -99 ? bottom
-$3{j} >= -14 && $2{i} == 100 ? -$3{j}+23
$2{i} >= 101 && -$3{j} >= -14 ? bottom
$3{j} >= 15 && -$3{j} >= -17 && -$2{i} >= -99 ? bottom
$3{j} >= 15 && -$3{j} >= -17 && $2{i} == 100 ? 6
$2{i} >= 101 && $3{j} >= 15 && -$3{j} >= -17 ? bottom
$3{j} >= 18 && -$3{j} >= -20 && -$2{i} >= -99 ? bottom
$3{j} >= 18 && -$3{j} >= -20 && $2{i} == 100 ? 3
$2{i} >= 101 && $3{j} >= 18 && -$3{j} >= -20 ? bottom
$3{j} >= 21 && -$2{i} >= -99 ? bottom
$3{j} >= 21 && $2{i} == 100 ? 0
$2{i} >= 101 && $3{j} >= 21 ? bottom

[15:]:
-$3{j} >= -20 ? bottom
$3{j} >= 21 && -$2{i} >= -99 ? bottom
$3{j} >= 21 && $2{i} == 100 ? 0
$2{i} >= 101 && $3{j} >= 21 ? bottom

[16:]:
-$3{j} >= -20 ? bottom
$3{j} >= 21 && -$2{i} >= -99 ? bottom
$3{j} >= 21 && $2{i} == 100 ? 0
$2{i} >= 101 && $3{j} >= 21 ? bottom

[17:]:
-$3{j} >= -20 ? bottom
$3{j} >= 21 && -$2{i} >= -99 ? bottom
$3{j} >= 21 && $2{i} == 100 ? 0
$2{i} >= 101 && $3{j} >= 21 ? bottom

Property: AF{AND{EF{$3{j} >= 21}}{$2{i} <= 100 && $2{i} >= 100}}

[ -2:]:
-$3{j} >= -20 ? bottom
$3{j} >= 21 && -$2{i} >= -99 ? bottom
$3{j} >= 21 && $2{i} == 100 ? 0.
$2{i} >= 101 && $3{j} >= 21 ? bottom

[ -1:]:
-$3{j} >= -20 ? bottom
$3{j} >= 21 && -$2{i} >= -99 ? bottom
$3{j} >= 21 && $2{i} == 100 ? 0.
$2{i} >= 101 && $3{j} >= 21 ? bottom

[ 2:]:
-$3{j} >= -20 && -$2{i} >= -99 ? 302
-$3{j} >= -20 && $2{i} == 100 ? 0.
$2{i} >= 101 && -$3{j} >= -20 ? 302
$3{j} >= 21 && -$2{i} >= -99 ? 302
$3{j} >= 21 && $2{i} == 100 ? 0.
$2{i} >= 101 && $3{j} >= 21 ? 302

[ 3:]:
-$3{j} >= -20 && -$2{i} >= -99 ? 301
-$3{j} >= -20 && $2{i} == 100 ? 0.
$2{i} >= 101 && -$3{j} >= -20 ? 301
$3{j} >= 21 && -$2{i} >= -99 ? 301
$3{j} >= 21 && $2{i} == 100 ? 0.
$2{i} >= 101 && $3{j} >= 21 ? 301

[ 4:]:
-$3{j} >= -20 && -$2{i} >= -100 ? -3$2{i}+300
$2{i} >= 101 && -$3{j} >= -20 ? bottom
$3{j} >= 21 && -$2{i} >= -100 ? -3$2{i}+300
$2{i} >= 101 && $3{j} >= 21 ? bottom

[ 5:]:
-$3{j} >= -20 && -$2{i} >= -100 ? -3$2{i}+300
$2{i} >= 101 && -$3{j} >= -20 ? bottom
$3{j} >= 21 && -$2{i} >= -100 ? -3$2{i}+300
$2{i} >= 101 && $3{j} >= 21 ? bottom

[ 6:]:
-$3{j} >= -20 && -$2{i} >= -99 ? -3$2{i}+299
-$3{j} >= -20 && $2{i} == 100 ? 0.
$2{i} >= 101 && -$3{j} >= -20 ? bottom
$3{j} >= 21 && -$2{i} >= -99 ? -3$2{i}+299
$3{j} >= 21 && $2{i} == 100 ? 0.
$2{i} >= 101 && $3{j} >= 21 ? bottom

[ 7:]:
-$3{j} >= -20 && -$2{i} >= -99 ? -3$2{i}+298
-$3{j} >= -20 && $2{i} == 100 ? 0.
$2{i} >= 101 && -$3{j} >= -20 ? bottom
$3{j} >= 21 && -$2{i} >= -99 ? -3$2{i}+298
$3{j} >= 21 && $2{i} == 100 ? 0.
$2{i} >= 101 && $3{j} >= 21 ? bottom

[ 8:]:
-$3{j} >= -20 && -$2{i} >= -100 ? -3$2{i}+300
$2{i} >= 101 && -$3{j} >= -20 ? bottom
$3{j} >= 21 && -$2{i} >= -100 ? -3$2{i}+300
$2{i} >= 101 && $3{j} >= 21 ? bottom

[ 9:]:
-$3{j} >= -20 && -$2{i} >= -99 ? bottom
-$3{j} >= -20 && $2{i} == 100 ? 0.
$2{i} >= 101 && -$3{j} >= -20 ? bottom
$3{j} >= 21 && -$2{i} >= -99 ? bottom
$3{j} >= 21 && $2{i} == 100 ? 0.
$2{i} >= 101 && $3{j} >= 21 ? bottom

[10:]:
-$3{j} >= -11 && -$2{i} >= -99 ? bottom
-$3{j} >= -11 && $2{i} == 100 ? 0.
$2{i} >= 101 && -$3{j} >= -11 ? bottom
$3{j} >= 12 && -$3{j} >= -14 && -$2{i} >= -99 ? bottom
$3{j} >= 12 && -$3{j} >= -14 && $2{i} == 100 ? 0.
$2{i} >= 101 && $3{j} >= 12 && -$3{j} >= -14 ? bottom
$3{j} >= 15 && -$3{j} >= -17 && -$2{i} >= -99 ? bottom
$3{j} >= 15 && -$3{j} >= -17 && $2{i} == 100 ? 0.
$2{i} >= 101 && $3{j} >= 15 && -$3{j} >= -17 ? bottom
$3{j} >= 18 && -$3{j} >= -20 && -$2{i} >= -99 ? bottom
$3{j} >= 18 && -$3{j} >= -20 && $2{i} == 100 ? 0.
$2{i} >= 101 && $3{j} >= 18 && -$3{j} >= -20 ? bottom
$3{j} >= 21 && -$2{i} >= -99 ? bottom
$3{j} >= 21 && $2{i} == 100 ? 0.
$2{i} >= 101 && $3{j} >= 21 ? bottom

[11:]:
-$3{j} >= -11 && -$2{i} >= -99 ? bottom
-$3{j} >= -11 && $2{i} == 100 ? 0.
$2{i} >= 101 && -$3{j} >= -11 ? bottom
$3{j} >= 12 && -$3{j} >= -14 && -$2{i} >= -99 ? bottom
$3{j} >= 12 && -$3{j} >= -14 && $2{i} == 100 ? 0.
$2{i} >= 101 && $3{j} >= 12 && -$3{j} >= -14 ? bottom
$3{j} >= 15 && -$3{j} >= -17 && -$2{i} >= -99 ? bottom
$3{j} >= 15 && -$3{j} >= -17 && $2{i} == 100 ? 0.
$2{i} >= 101 && $3{j} >= 15 && -$3{j} >= -17 ? bottom
$3{j} >= 18 && -$3{j} >= -20 && -$2{i} >= -99 ? bottom
$3{j} >= 18 && -$3{j} >= -20 && $2{i} == 100 ? 0.
$2{i} >= 101 && $3{j} >= 18 && -$3{j} >= -20 ? bottom
$3{j} >= 21 && -$2{i} >= -99 ? bottom
$3{j} >= 21 && $2{i} == 100 ? 0.
$2{i} >= 101 && $3{j} >= 21 ? bottom

[12:]:
-$3{j} >= -8 && -$2{i} >= -99 ? bottom
-$3{j} >= -8 && $2{i} == 100 ? 0.
$2{i} >= 101 && -$3{j} >= -8 ? bottom
$3{j} >= 9 && -$3{j} >= -11 && -$2{i} >= -99 ? bottom
$3{j} >= 9 && -$3{j} >= -11 && $2{i} == 100 ? 0.
$2{i} >= 101 && $3{j} >= 9 && -$3{j} >= -11 ? bottom
$3{j} >= 12 && -$3{j} >= -14 && -$2{i} >= -99 ? bottom
$3{j} >= 12 && -$3{j} >= -14 && $2{i} == 100 ? 0.
$2{i} >= 101 && $3{j} >= 12 && -$3{j} >= -14 ? bottom
$3{j} >= 15 && -$3{j} >= -17 && -$2{i} >= -99 ? bottom
$3{j} >= 15 && -$3{j} >= -17 && $2{i} == 100 ? 0.
$2{i} >= 101 && $3{j} >= 15 && -$3{j} >= -17 ? bottom
$3{j} >= 18 && -$3{j} >= -20 && -$2{i} >= -99 ? bottom
$3{j} >= 18 && -$3{j} >= -20 && $2{i} == 100 ? 0.
$2{i} >= 101 && $3{j} >= 18 && -$3{j} >= -20 ? bottom
$3{j} >= 21 && -$2{i} >= -99 ? bottom
$3{j} >= 21 && $2{i} == 100 ? 0.
$2{i} >= 101 && $3{j} >= 21 ? bottom

[13:]:
-$3{j} >= -8 && -$2{i} >= -99 ? bottom
-$3{j} >= -8 && $2{i} == 100 ? 0.
$2{i} >= 101 && -$3{j} >= -8 ? bottom
$3{j} >= 9 && -$3{j} >= -11 && -$2{i} >= -99 ? bottom
$3{j} >= 9 && -$3{j} >= -11 && $2{i} == 100 ? 0.
$2{i} >= 101 && $3{j} >= 9 && -$3{j} >= -11 ? bottom
$3{j} >= 12 && -$3{j} >= -14 && -$2{i} >= -99 ? bottom
$3{j} >= 12 && -$3{j} >= -14 && $2{i} == 100 ? 0.
$2{i} >= 101 && $3{j} >= 12 && -$3{j} >= -14 ? bottom
$3{j} >= 15 && -$3{j} >= -17 && -$2{i} >= -99 ? bottom
$3{j} >= 15 && -$3{j} >= -17 && $2{i} == 100 ? 0.
$2{i} >= 101 && $3{j} >= 15 && -$3{j} >= -17 ? bottom
$3{j} >= 18 && -$3{j} >= -20 && -$2{i} >= -99 ? bottom
$3{j} >= 18 && -$3{j} >= -20 && $2{i} == 100 ? 0.
$2{i} >= 101 && $3{j} >= 18 && -$3{j} >= -20 ? bottom
$3{j} >= 21 && -$2{i} >= -99 ? bottom
$3{j} >= 21 && $2{i} == 100 ? 0.
$2{i} >= 101 && $3{j} >= 21 ? bottom

[14:]:
-$3{j} >= -11 && -$2{i} >= -99 ? bottom
-$3{j} >= -11 && $2{i} == 100 ? 0.
$2{i} >= 101 && -$3{j} >= -11 ? bottom
$3{j} >= 12 && -$3{j} >= -14 && -$2{i} >= -99 ? bottom
$3{j} >= 12 && -$3{j} >= -14 && $2{i} == 100 ? 0.
$2{i} >= 101 && $3{j} >= 12 && -$3{j} >= -14 ? bottom
$3{j} >= 15 && -$3{j} >= -17 && -$2{i} >= -99 ? bottom
$3{j} >= 15 && -$3{j} >= -17 && $2{i} == 100 ? 0.
$2{i} >= 101 && $3{j} >= 15 && -$3{j} >= -17 ? bottom
$3{j} >= 18 && -$3{j} >= -20 && -$2{i} >= -99 ? bottom
$3{j} >= 18 && -$3{j} >= -20 && $2{i} == 100 ? 0.
$2{i} >= 101 && $3{j} >= 18 && -$3{j} >= -20 ? bottom
$3{j} >= 21 && -$2{i} >= -99 ? bottom
$3{j} >= 21 && $2{i} == 100 ? 0.
$2{i} >= 101 && $3{j} >= 21 ? bottom

[15:]:
-$3{j} >= -20 ? bottom
$3{j} >= 21 && -$2{i} >= -99 ? bottom
$3{j} >= 21 && $2{i} == 100 ? 0.
$2{i} >= 101 && $3{j} >= 21 ? bottom

[16:]:
-$3{j} >= -20 ? bottom
$3{j} >= 21 && -$2{i} >= -99 ? bottom
$3{j} >= 21 && $2{i} == 100 ? 0.
$2{i} >= 101 && $3{j} >= 21 ? bottom

[17:]:
-$3{j} >= -20 ? bottom
$3{j} >= 21 && -$2{i} >= -99 ? bottom
$3{j} >= 21 && $2{i} == 100 ? 0.
$2{i} >= 101 && $3{j} >= 21 ? bottom


Analysis Result: TRUE
