
Abstract Syntax:
[ 1:]
int main( ):
[ 2:] if ( ? ) then
[ 3:]   $2{x} := 1
[ 4:]
      else
[ 5:]   $2{x} := -1
[ 6:]
      endif
[ 7:] if ( $2{x} > 0 ) then
[ 8:]   $2{x} := $2{x} + 1
[ 9:]
      else
[10:]   $2{x} := $2{x} - 1
[11:]
      endif
[12:] if ( $2{x} > 0 ) then
[13:]   $2{x} := $2{x} + 1
[14:]
      else
[15:]   $2{x} := $2{x} - 1
[16:]
      endif
[17:] if ( $2{x} > 0 ) then
[18:]   $2{x} := $2{x} + 1
[19:]
      else
[20:]   $2{x} := $2{x} - 1
[21:]
      endif
[22:]

Property: $2{x} <= -4 && $2{x} >= -4

[ -1:]:
-$2{x} >= 5 ? bottom
$2{x} == -4 ? 0.
$2{x} >= -3 ? bottom

[ 2:]:
-$2{x} >= 5 ? bottom
$2{x} == -4 ? 0.
$2{x} >= -3 ? bottom

[ 3:]:
-$2{x} >= 5 ? bottom
$2{x} == -4 ? 0.
$2{x} >= -3 ? bottom

[ 4:]:
-$2{x} >= 5 ? bottom
$2{x} == -4 ? 0.
$2{x} >= -3 ? bottom

[ 5:]:
-$2{x} >= 5 ? bottom
$2{x} == -4 ? 0.
$2{x} >= -3 ? bottom

[ 6:]:
-$2{x} >= 5 ? bottom
$2{x} == -4 ? 0.
$2{x} >= -3 ? bottom

[ 7:]:
-$2{x} >= 5 ? bottom
$2{x} == -4 ? 0.
$2{x} >= -3 ? bottom

[ 8:]:
-$2{x} >= 5 ? bottom
$2{x} == -4 ? 0.
$2{x} >= -3 ? bottom

[ 9:]:
-$2{x} >= 5 ? bottom
$2{x} == -4 ? 0.
$2{x} >= -3 ? bottom

[10:]:
-$2{x} >= 5 ? bottom
$2{x} == -4 ? 0.
$2{x} >= -3 ? bottom

[11:]:
-$2{x} >= 5 ? bottom
$2{x} == -4 ? 0.
$2{x} >= -3 ? bottom

[12:]:
-$2{x} >= 5 ? bottom
$2{x} == -4 ? 0.
$2{x} >= -3 ? bottom

[13:]:
-$2{x} >= 5 ? bottom
$2{x} == -4 ? 0.
$2{x} >= -3 ? bottom

[14:]:
-$2{x} >= 5 ? bottom
$2{x} == -4 ? 0.
$2{x} >= -3 ? bottom

[15:]:
-$2{x} >= 5 ? bottom
$2{x} == -4 ? 0.
$2{x} >= -3 ? bottom

[16:]:
-$2{x} >= 5 ? bottom
$2{x} == -4 ? 0.
$2{x} >= -3 ? bottom

[17:]:
-$2{x} >= 5 ? bottom
$2{x} == -4 ? 0.
$2{x} >= -3 ? bottom

[18:]:
-$2{x} >= 5 ? bottom
$2{x} == -4 ? 0.
$2{x} >= -3 ? bottom

[19:]:
-$2{x} >= 5 ? bottom
$2{x} == -4 ? 0.
$2{x} >= -3 ? bottom

[20:]:
-$2{x} >= 5 ? bottom
$2{x} == -4 ? 0.
$2{x} >= -3 ? bottom

[21:]:
-$2{x} >= 5 ? bottom
$2{x} == -4 ? 0.
$2{x} >= -3 ? bottom

[22:]:
-$2{x} >= 5 ? bottom
$2{x} == -4 ? 0.
$2{x} >= -3 ? bottom

Property: EF{$2{x} <= -4 && $2{x} >= -4}

[ -1:]:
-$2{x} >= 5 ? bottom
$2{x} == -4 ? 0.
$2{x} >= -3 ? bottom

[ 2:]:
-$2{x} >= 5 ? 8
$2{x} == -4 ? 0.
$2{x} >= -3 ? 8

[ 3:]:
-$2{x} >= 5 ? bottom
$2{x} == -4 ? 0.
$2{x} >= -3 ? bottom

[ 4:]:
-$2{x} >= 5 ? bottom
$2{x} == -4 ? 0.
$2{x} == -3 ? 2
$2{x} == -2 ? 4
$2{x} == -1 ? 6
$2{x} >= 0 ? bottom

[ 5:]:
-$2{x} >= 5 ? 7
$2{x} == -4 ? 0.
$2{x} >= -3 ? 7

[ 6:]:
-$2{x} >= 5 ? bottom
$2{x} == -4 ? 0.
$2{x} == -3 ? 2
$2{x} == -2 ? 4
$2{x} == -1 ? 6
$2{x} >= 0 ? bottom

[ 7:]:
-$2{x} >= 5 ? bottom
$2{x} == -4 ? 0.
$2{x} == -3 ? 2
$2{x} == -2 ? 4
$2{x} == -1 ? 6
$2{x} >= 0 ? bottom

[ 8:]:
-$2{x} >= 6 ? bottom
$2{x} == -5 ? 1
$2{x} == -4 ? 0.
$2{x} == -3 ? 5
$2{x} >= -2 ? bottom

[ 9:]:
-$2{x} >= 5 ? bottom
$2{x} == -4 ? 0.
$2{x} == -3 ? 2
$2{x} == -2 ? 4
$2{x} >= -1 ? bottom

[10:]:
-$2{x} >= 5 ? bottom
$2{x} == -4 ? 0.
$2{x} == -3 ? 1
$2{x} == -2 ? 3
$2{x} == -1 ? 5
$2{x} >= 0 ? bottom

[11:]:
-$2{x} >= 5 ? bottom
$2{x} == -4 ? 0.
$2{x} == -3 ? 2
$2{x} == -2 ? 4
$2{x} >= -1 ? bottom

[12:]:
-$2{x} >= 5 ? bottom
$2{x} == -4 ? 0.
$2{x} == -3 ? 2
$2{x} == -2 ? 4
$2{x} >= -1 ? bottom

[13:]:
-$2{x} >= 6 ? bottom
$2{x} == -5 ? 1
$2{x} == -4 ? 0.
$2{x} >= -3 ? bottom

[14:]:
-$2{x} >= 5 ? bottom
$2{x} == -4 ? 0.
$2{x} == -3 ? 2
$2{x} >= -2 ? bottom

[15:]:
-$2{x} >= 5 ? bottom
$2{x} == -4 ? 0.
$2{x} == -3 ? 1
$2{x} == -2 ? 3
$2{x} >= -1 ? bottom

[16:]:
-$2{x} >= 5 ? bottom
$2{x} == -4 ? 0.
$2{x} == -3 ? 2
$2{x} >= -2 ? bottom

[17:]:
-$2{x} >= 5 ? bottom
$2{x} == -4 ? 0.
$2{x} == -3 ? 2
$2{x} >= -2 ? bottom

[18:]:
-$2{x} >= 6 ? bottom
$2{x} == -5 ? 1
$2{x} == -4 ? 0.
$2{x} >= -3 ? bottom

[19:]:
-$2{x} >= 5 ? bottom
$2{x} == -4 ? 0.
$2{x} >= -3 ? bottom

[20:]:
-$2{x} >= 5 ? bottom
$2{x} == -4 ? 0.
$2{x} == -3 ? 1
$2{x} >= -2 ? bottom

[21:]:
-$2{x} >= 5 ? bottom
$2{x} == -4 ? 0.
$2{x} >= -3 ? bottom

[22:]:
-$2{x} >= 5 ? bottom
$2{x} == -4 ? 0.
$2{x} >= -3 ? bottom

Property: $2{x} <= 4 && $2{x} >= 4

[ -1:]:
-$2{x} >= -3 ? bottom
$2{x} == 4 ? 0.
$2{x} >= 5 ? bottom

[ 2:]:
-$2{x} >= -3 ? bottom
$2{x} == 4 ? 0.
$2{x} >= 5 ? bottom

[ 3:]:
-$2{x} >= -3 ? bottom
$2{x} == 4 ? 0.
$2{x} >= 5 ? bottom

[ 4:]:
-$2{x} >= -3 ? bottom
$2{x} == 4 ? 0.
$2{x} >= 5 ? bottom

[ 5:]:
-$2{x} >= -3 ? bottom
$2{x} == 4 ? 0.
$2{x} >= 5 ? bottom

[ 6:]:
-$2{x} >= -3 ? bottom
$2{x} == 4 ? 0.
$2{x} >= 5 ? bottom

[ 7:]:
-$2{x} >= -3 ? bottom
$2{x} == 4 ? 0.
$2{x} >= 5 ? bottom

[ 8:]:
-$2{x} >= -3 ? bottom
$2{x} == 4 ? 0.
$2{x} >= 5 ? bottom

[ 9:]:
-$2{x} >= -3 ? bottom
$2{x} == 4 ? 0.
$2{x} >= 5 ? bottom

[10:]:
-$2{x} >= -3 ? bottom
$2{x} == 4 ? 0.
$2{x} >= 5 ? bottom

[11:]:
-$2{x} >= -3 ? bottom
$2{x} == 4 ? 0.
$2{x} >= 5 ? bottom

[12:]:
-$2{x} >= -3 ? bottom
$2{x} == 4 ? 0.
$2{x} >= 5 ? bottom

[13:]:
-$2{x} >= -3 ? bottom
$2{x} == 4 ? 0.
$2{x} >= 5 ? bottom

[14:]:
-$2{x} >= -3 ? bottom
$2{x} == 4 ? 0.
$2{x} >= 5 ? bottom

[15:]:
-$2{x} >= -3 ? bottom
$2{x} == 4 ? 0.
$2{x} >= 5 ? bottom

[16:]:
-$2{x} >= -3 ? bottom
$2{x} == 4 ? 0.
$2{x} >= 5 ? bottom

[17:]:
-$2{x} >= -3 ? bottom
$2{x} == 4 ? 0.
$2{x} >= 5 ? bottom

[18:]:
-$2{x} >= -3 ? bottom
$2{x} == 4 ? 0.
$2{x} >= 5 ? bottom

[19:]:
-$2{x} >= -3 ? bottom
$2{x} == 4 ? 0.
$2{x} >= 5 ? bottom

[20:]:
-$2{x} >= -3 ? bottom
$2{x} == 4 ? 0.
$2{x} >= 5 ? bottom

[21:]:
-$2{x} >= -3 ? bottom
$2{x} == 4 ? 0.
$2{x} >= 5 ? bottom

[22:]:
-$2{x} >= -3 ? bottom
$2{x} == 4 ? 0.
$2{x} >= 5 ? bottom

Property: EF{$2{x} <= 4 && $2{x} >= 4}

[ -1:]:
-$2{x} >= -3 ? bottom
$2{x} == 4 ? 0.
$2{x} >= 5 ? bottom

[ 2:]:
-$2{x} >= -3 ? 8
$2{x} == 4 ? 0.
$2{x} >= 5 ? 8

[ 3:]:
-$2{x} >= -3 ? 7
$2{x} == 4 ? 0.
$2{x} >= 5 ? 7

[ 4:]:
-$2{x} >= 0 ? bottom
$2{x} == 1 ? 6
$2{x} == 2 ? 4
$2{x} == 3 ? 2
$2{x} == 4 ? 0.
$2{x} >= 5 ? bottom

[ 5:]:
-$2{x} >= -3 ? bottom
$2{x} == 4 ? 0.
$2{x} >= 5 ? bottom

[ 6:]:
-$2{x} >= 0 ? bottom
$2{x} == 1 ? 6
$2{x} == 2 ? 4
$2{x} == 3 ? 2
$2{x} == 4 ? 0.
$2{x} >= 5 ? bottom

[ 7:]:
-$2{x} >= 0 ? bottom
$2{x} == 1 ? 6
$2{x} == 2 ? 4
$2{x} == 3 ? 2
$2{x} == 4 ? 0.
$2{x} >= 5 ? bottom

[ 8:]:
-$2{x} >= 0 ? bottom
$2{x} == 1 ? 5
$2{x} == 2 ? 3
$2{x} == 3 ? 1
$2{x} == 4 ? 0.
$2{x} >= 5 ? bottom

[ 9:]:
-$2{x} >= -1 ? bottom
$2{x} == 2 ? 4
$2{x} == 3 ? 2
$2{x} == 4 ? 0.
$2{x} >= 5 ? bottom

[10:]:
-$2{x} >= -2 ? bottom
$2{x} == 3 ? 5
$2{x} == 4 ? 0.
$2{x} == 5 ? 1
$2{x} >= 6 ? bottom

[11:]:
-$2{x} >= -1 ? bottom
$2{x} == 2 ? 4
$2{x} == 3 ? 2
$2{x} == 4 ? 0.
$2{x} >= 5 ? bottom

[12:]:
-$2{x} >= -1 ? bottom
$2{x} == 2 ? 4
$2{x} == 3 ? 2
$2{x} == 4 ? 0.
$2{x} >= 5 ? bottom

[13:]:
-$2{x} >= -1 ? bottom
$2{x} == 2 ? 3
$2{x} == 3 ? 1
$2{x} == 4 ? 0.
$2{x} >= 5 ? bottom

[14:]:
-$2{x} >= -2 ? bottom
$2{x} == 3 ? 2
$2{x} == 4 ? 0.
$2{x} >= 5 ? bottom

[15:]:
-$2{x} >= -3 ? bottom
$2{x} == 4 ? 0.
$2{x} == 5 ? 1
$2{x} >= 6 ? bottom

[16:]:
-$2{x} >= -2 ? bottom
$2{x} == 3 ? 2
$2{x} == 4 ? 0.
$2{x} >= 5 ? bottom

[17:]:
-$2{x} >= -2 ? bottom
$2{x} == 3 ? 2
$2{x} == 4 ? 0.
$2{x} >= 5 ? bottom

[18:]:
-$2{x} >= -2 ? bottom
$2{x} == 3 ? 1
$2{x} == 4 ? 0.
$2{x} >= 5 ? bottom

[19:]:
-$2{x} >= -3 ? bottom
$2{x} == 4 ? 0.
$2{x} >= 5 ? bottom

[20:]:
-$2{x} >= -3 ? bottom
$2{x} == 4 ? 0.
$2{x} == 5 ? 1
$2{x} >= 6 ? bottom

[21:]:
-$2{x} >= -3 ? bottom
$2{x} == 4 ? 0.
$2{x} >= 5 ? bottom

[22:]:
-$2{x} >= -3 ? bottom
$2{x} == 4 ? 0.
$2{x} >= 5 ? bottom

Property: AND{EF{$2{x} <= 4 && $2{x} >= 4}}{EF{$2{x} <= -4 && $2{x} >= -4}}

[ -1:]:
top ? bottom

[ 2:]:
top ? 8

[ 3:]:
-$2{x} >= 5 ? bottom
$2{x} == -4 ? 7
$2{x} >= -3 ? bottom

[ 4:]:
top ? bottom

[ 5:]:
-$2{x} >= -3 ? bottom
$2{x} == 4 ? 7
$2{x} >= 5 ? bottom

[ 6:]:
top ? bottom

[ 7:]:
top ? bottom

[ 8:]:
top ? bottom

[ 9:]:
top ? bottom

[10:]:
top ? bottom

[11:]:
top ? bottom

[12:]:
top ? bottom

[13:]:
top ? bottom

[14:]:
top ? bottom

[15:]:
top ? bottom

[16:]:
top ? bottom

[17:]:
top ? bottom

[18:]:
top ? bottom

[19:]:
top ? bottom

[20:]:
top ? bottom

[21:]:
top ? bottom

[22:]:
top ? bottom


Analysis Result: TRUE
