
CFG:
List of variables:
  $1{__return_main}:int at tests/ctl/multi_branch_choice.c:10.0-38.1
  $2{x}:int at tests/ctl/multi_branch_choice.c:11.8-9

List of functions:
  1: main() -> $1{__return_main}:int at tests/ctl/multi_branch_choice.c:10.0-38.1, entry: 18, exit: 17, calls:

List of nodes:
  18: at :0:-1, in: out:1 
  17: at :0:-1, in: 2 out:
  1: at tests/ctl/multi_branch_choice.c:10:0, in: 18 out:3 
  2: at tests/ctl/multi_branch_choice.c:38:1, in: 13 14 out:17 
  3: at tests/ctl/multi_branch_choice.c:11:10, in: 1 out:5 6 
  4: at tests/ctl/multi_branch_choice.c:17:5, in: 5 6 out:8 9 
  5: at tests/ctl/multi_branch_choice.c:15:11, in: 3 out:4 
  6: at tests/ctl/multi_branch_choice.c:13:11, in: 3 out:4 
  7: at tests/ctl/multi_branch_choice.c:23:5, in: 8 9 out:11 12 
  8: at tests/ctl/multi_branch_choice.c:21:11, in: 4 out:7 
  9: at tests/ctl/multi_branch_choice.c:19:15, in: 4 out:7 
  10: at tests/ctl/multi_branch_choice.c:29:5, in: 11 12 out:13 14 
  11: at tests/ctl/multi_branch_choice.c:27:11, in: 7 out:10 
  12: at tests/ctl/multi_branch_choice.c:25:15, in: 7 out:10 
  13: at tests/ctl/multi_branch_choice.c:33:11, in: 10 out:2 
  14: at tests/ctl/multi_branch_choice.c:31:15, in: 10 out:2 
  15: at tests/ctl/multi_branch_choice.c:10:0, in: out:16 
  16: at tests/ctl/multi_branch_choice.c:38:1, in: 15 out:

List of arcs:
  18 -> 1: label entry
  2 -> 17: label exit
  1 -> 3: skip
  3 -> 6: brand ?
  3 -> 5: ! (brand) ?
  6 -> 4: $2{x} = 1
  5 -> 4: $2{x} = - 1
  4 -> 9: $2{x} > 0 ?
  4 -> 8: ! ($2{x} > 0) ?
  9 -> 7: $2{x} = $2{x} + 1
  8 -> 7: $2{x} = $2{x} - 1
  7 -> 12: $2{x} > 0 ?
  7 -> 11: ! ($2{x} > 0) ?
  12 -> 10: $2{x} = $2{x} + 1
  11 -> 10: $2{x} = $2{x} - 1
  10 -> 14: $2{x} > 0 ?
  10 -> 13: ! ($2{x} > 0) ?
  14 -> 2: $2{x} = $2{x} + 1
  13 -> 2: $2{x} = $2{x} - 1
  15 -> 16: skip


Property: $2{x} == - 4

[1:]:
-$2{x} >= 5 ? bottom
$2{x} == -4 ? 0.
$2{x} >= -3 ? bottom

[2:]:
-$2{x} >= 5 ? bottom
$2{x} == -4 ? 0.
$2{x} >= -3 ? bottom

[3:]:
-$2{x} >= 5 ? bottom
$2{x} == -4 ? 0.
$2{x} >= -3 ? bottom

[4:]:
-$2{x} >= 5 ? bottom
$2{x} == -4 ? 0.
$2{x} >= -3 ? bottom

[5:]:
-$2{x} >= 5 ? bottom
$2{x} == -4 ? 0.
$2{x} >= -3 ? bottom

[6:]:
-$2{x} >= 5 ? bottom
$2{x} == -4 ? 0.
$2{x} >= -3 ? bottom

[7:]:
-$2{x} >= 5 ? bottom
$2{x} == -4 ? 0.
$2{x} >= -3 ? bottom

[8:]:
-$2{x} >= 5 ? bottom
$2{x} == -4 ? 0.
$2{x} >= -3 ? bottom

[9:]:
-$2{x} >= 5 ? bottom
$2{x} == -4 ? 0.
$2{x} >= -3 ? bottom

[10:]:
-$2{x} >= 5 ? bottom
$2{x} == -4 ? 0.
$2{x} >= -3 ? bottom

[11:]:
-$2{x} >= 5 ? bottom
$2{x} == -4 ? 0.
$2{x} >= -3 ? bottom

[12:]:
-$2{x} >= 5 ? bottom
$2{x} == -4 ? 0.
$2{x} >= -3 ? bottom

[13:]:
-$2{x} >= 5 ? bottom
$2{x} == -4 ? 0.
$2{x} >= -3 ? bottom

[14:]:
-$2{x} >= 5 ? bottom
$2{x} == -4 ? 0.
$2{x} >= -3 ? bottom

[15:]:
-$2{x} >= 5 ? bottom
$2{x} == -4 ? 0.
$2{x} >= -3 ? bottom

[16:]:
-$2{x} >= 5 ? bottom
$2{x} == -4 ? 0.
$2{x} >= -3 ? bottom

[17:]:
-$2{x} >= 5 ? bottom
$2{x} == -4 ? 0.
$2{x} >= -3 ? bottom

[18:]:
-$2{x} >= 5 ? bottom
$2{x} == -4 ? 0.
$2{x} >= -3 ? bottom

Property: $2{x} == 4

[1:]:
-$2{x} >= -3 ? bottom
$2{x} == 4 ? 0.
$2{x} >= 5 ? bottom

[2:]:
-$2{x} >= -3 ? bottom
$2{x} == 4 ? 0.
$2{x} >= 5 ? bottom

[3:]:
-$2{x} >= -3 ? bottom
$2{x} == 4 ? 0.
$2{x} >= 5 ? bottom

[4:]:
-$2{x} >= -3 ? bottom
$2{x} == 4 ? 0.
$2{x} >= 5 ? bottom

[5:]:
-$2{x} >= -3 ? bottom
$2{x} == 4 ? 0.
$2{x} >= 5 ? bottom

[6:]:
-$2{x} >= -3 ? bottom
$2{x} == 4 ? 0.
$2{x} >= 5 ? bottom

[7:]:
-$2{x} >= -3 ? bottom
$2{x} == 4 ? 0.
$2{x} >= 5 ? bottom

[8:]:
-$2{x} >= -3 ? bottom
$2{x} == 4 ? 0.
$2{x} >= 5 ? bottom

[9:]:
-$2{x} >= -3 ? bottom
$2{x} == 4 ? 0.
$2{x} >= 5 ? bottom

[10:]:
-$2{x} >= -3 ? bottom
$2{x} == 4 ? 0.
$2{x} >= 5 ? bottom

[11:]:
-$2{x} >= -3 ? bottom
$2{x} == 4 ? 0.
$2{x} >= 5 ? bottom

[12:]:
-$2{x} >= -3 ? bottom
$2{x} == 4 ? 0.
$2{x} >= 5 ? bottom

[13:]:
-$2{x} >= -3 ? bottom
$2{x} == 4 ? 0.
$2{x} >= 5 ? bottom

[14:]:
-$2{x} >= -3 ? bottom
$2{x} == 4 ? 0.
$2{x} >= 5 ? bottom

[15:]:
-$2{x} >= -3 ? bottom
$2{x} == 4 ? 0.
$2{x} >= 5 ? bottom

[16:]:
-$2{x} >= -3 ? bottom
$2{x} == 4 ? 0.
$2{x} >= 5 ? bottom

[17:]:
-$2{x} >= -3 ? bottom
$2{x} == 4 ? 0.
$2{x} >= 5 ? bottom

[18:]:
-$2{x} >= -3 ? bottom
$2{x} == 4 ? 0.
$2{x} >= 5 ? bottom

Property: OR{$2{x} == 4}{$2{x} == - 4}

[1:]:
-$2{x} >= 5 ? bottom
$2{x} == -4 ? 0.
$2{x} >= -3 && -$2{x} >= -3 ? bottom
$2{x} == 4 ? 0.
$2{x} >= 5 ? bottom

[2:]:
-$2{x} >= 5 ? bottom
$2{x} == -4 ? 0.
$2{x} >= -3 && -$2{x} >= -3 ? bottom
$2{x} == 4 ? 0.
$2{x} >= 5 ? bottom

[3:]:
-$2{x} >= 5 ? bottom
$2{x} == -4 ? 0.
$2{x} >= -3 && -$2{x} >= -3 ? bottom
$2{x} == 4 ? 0.
$2{x} >= 5 ? bottom

[4:]:
-$2{x} >= 5 ? bottom
$2{x} == -4 ? 0.
$2{x} >= -3 && -$2{x} >= -3 ? bottom
$2{x} == 4 ? 0.
$2{x} >= 5 ? bottom

[5:]:
-$2{x} >= 5 ? bottom
$2{x} == -4 ? 0.
$2{x} >= -3 && -$2{x} >= -3 ? bottom
$2{x} == 4 ? 0.
$2{x} >= 5 ? bottom

[6:]:
-$2{x} >= 5 ? bottom
$2{x} == -4 ? 0.
$2{x} >= -3 && -$2{x} >= -3 ? bottom
$2{x} == 4 ? 0.
$2{x} >= 5 ? bottom

[7:]:
-$2{x} >= 5 ? bottom
$2{x} == -4 ? 0.
$2{x} >= -3 && -$2{x} >= -3 ? bottom
$2{x} == 4 ? 0.
$2{x} >= 5 ? bottom

[8:]:
-$2{x} >= 5 ? bottom
$2{x} == -4 ? 0.
$2{x} >= -3 && -$2{x} >= -3 ? bottom
$2{x} == 4 ? 0.
$2{x} >= 5 ? bottom

[9:]:
-$2{x} >= 5 ? bottom
$2{x} == -4 ? 0.
$2{x} >= -3 && -$2{x} >= -3 ? bottom
$2{x} == 4 ? 0.
$2{x} >= 5 ? bottom

[10:]:
-$2{x} >= 5 ? bottom
$2{x} == -4 ? 0.
$2{x} >= -3 && -$2{x} >= -3 ? bottom
$2{x} == 4 ? 0.
$2{x} >= 5 ? bottom

[11:]:
-$2{x} >= 5 ? bottom
$2{x} == -4 ? 0.
$2{x} >= -3 && -$2{x} >= -3 ? bottom
$2{x} == 4 ? 0.
$2{x} >= 5 ? bottom

[12:]:
-$2{x} >= 5 ? bottom
$2{x} == -4 ? 0.
$2{x} >= -3 && -$2{x} >= -3 ? bottom
$2{x} == 4 ? 0.
$2{x} >= 5 ? bottom

[13:]:
-$2{x} >= 5 ? bottom
$2{x} == -4 ? 0.
$2{x} >= -3 && -$2{x} >= -3 ? bottom
$2{x} == 4 ? 0.
$2{x} >= 5 ? bottom

[14:]:
-$2{x} >= 5 ? bottom
$2{x} == -4 ? 0.
$2{x} >= -3 && -$2{x} >= -3 ? bottom
$2{x} == 4 ? 0.
$2{x} >= 5 ? bottom

[15:]:
-$2{x} >= 5 ? bottom
$2{x} == -4 ? 0.
$2{x} >= -3 && -$2{x} >= -3 ? bottom
$2{x} == 4 ? 0.
$2{x} >= 5 ? bottom

[16:]:
-$2{x} >= 5 ? bottom
$2{x} == -4 ? 0.
$2{x} >= -3 && -$2{x} >= -3 ? bottom
$2{x} == 4 ? 0.
$2{x} >= 5 ? bottom

[17:]:
-$2{x} >= 5 ? bottom
$2{x} == -4 ? 0.
$2{x} >= -3 && -$2{x} >= -3 ? bottom
$2{x} == 4 ? 0.
$2{x} >= 5 ? bottom

[18:]:
-$2{x} >= 5 ? bottom
$2{x} == -4 ? 0.
$2{x} >= -3 && -$2{x} >= -3 ? bottom
$2{x} == 4 ? 0.
$2{x} >= 5 ? bottom

Property: AF{OR{$2{x} == 4}{$2{x} == - 4}}

[1:]:
-$2{x} >= 5 ? 8
$2{x} == -4 ? 0.
$2{x} >= -3 && -$2{x} >= -3 ? 8
$2{x} == 4 ? 0.
$2{x} >= 5 ? 8

[2:]:
-$2{x} >= 5 ? bottom
$2{x} == -4 ? 0.
$2{x} >= -3 && -$2{x} >= -3 ? bottom
$2{x} == 4 ? 0.
$2{x} >= 5 ? bottom

[3:]:
-$2{x} >= 5 ? 8
$2{x} == -4 ? 0.
$2{x} >= -3 && -$2{x} >= -3 ? 8
$2{x} == 4 ? 0.
$2{x} >= 5 ? 8

[4:]:
-$2{x} >= 5 ? bottom
$2{x} == -4 ? 0.
$2{x} == -3 ? 2
$2{x} == -2 ? 4
$2{x} == -1 ? 6
$2{x} == 0 ? bottom
$2{x} == 1 ? 6
$2{x} == 2 ? 4
$2{x} == 3 ? 2
$2{x} == 4 ? 0.
$2{x} >= 5 ? bottom

[5:]:
-$2{x} >= 5 ? 7
$2{x} == -4 ? 0.
$2{x} >= -3 && -$2{x} >= -3 ? 7
$2{x} == 4 ? 0.
$2{x} >= 5 ? 7

[6:]:
-$2{x} >= 5 ? 7
$2{x} == -4 ? 0.
$2{x} >= -3 && -$2{x} >= -3 ? 7
$2{x} == 4 ? 0.
$2{x} >= 5 ? 7

[7:]:
-$2{x} >= 5 ? bottom
$2{x} == -4 ? 0.
$2{x} == -3 ? 2
$2{x} == -2 ? 4
$2{x} >= -1 && -$2{x} >= -1 ? bottom
$2{x} == 2 ? 4
$2{x} == 3 ? 2
$2{x} == 4 ? 0.
$2{x} >= 5 ? bottom

[8:]:
-$2{x} >= 5 ? bottom
$2{x} == -4 ? 0.
$2{x} == -3 ? 1
$2{x} == -2 ? 3
$2{x} == -1 ? 5
$2{x} >= 0 && -$2{x} >= -2 ? bottom
$2{x} == 3 ? 5
$2{x} == 4 ? 0.
$2{x} == 5 ? 1
$2{x} >= 6 ? bottom

[9:]:
-$2{x} >= 6 ? bottom
$2{x} == -5 ? 1
$2{x} == -4 ? 0.
$2{x} == -3 ? 5
$2{x} >= -2 && -$2{x} >= 0 ? bottom
$2{x} == 1 ? 5
$2{x} == 2 ? 3
$2{x} == 3 ? 1
$2{x} == 4 ? 0.
$2{x} >= 5 ? bottom

[10:]:
-$2{x} >= 5 ? bottom
$2{x} == -4 ? 0.
$2{x} == -3 ? 2
$2{x} >= -2 && -$2{x} >= -2 ? bottom
$2{x} == 3 ? 2
$2{x} == 4 ? 0.
$2{x} >= 5 ? bottom

[11:]:
-$2{x} >= 5 ? bottom
$2{x} == -4 ? 0.
$2{x} == -3 ? 1
$2{x} == -2 ? 3
$2{x} >= -1 && -$2{x} >= -3 ? bottom
$2{x} == 4 ? 0.
$2{x} == 5 ? 1
$2{x} >= 6 ? bottom

[12:]:
-$2{x} >= 6 ? bottom
$2{x} == -5 ? 1
$2{x} == -4 ? 0.
$2{x} >= -3 && -$2{x} >= -1 ? bottom
$2{x} == 2 ? 3
$2{x} == 3 ? 1
$2{x} == 4 ? 0.
$2{x} >= 5 ? bottom

[13:]:
-$2{x} >= 5 ? bottom
$2{x} == -4 ? 0.
$2{x} == -3 ? 1
$2{x} >= -2 && -$2{x} >= -3 ? bottom
$2{x} == 4 ? 0.
$2{x} == 5 ? 1
$2{x} >= 6 ? bottom

[14:]:
-$2{x} >= 6 ? bottom
$2{x} == -5 ? 1
$2{x} == -4 ? 0.
$2{x} >= -3 && -$2{x} >= -2 ? bottom
$2{x} == 3 ? 1
$2{x} == 4 ? 0.
$2{x} >= 5 ? bottom

[15:]:
top ? bottom

[16:]:
top ? bottom

[17:]:
-$2{x} >= 5 ? bottom
$2{x} == -4 ? 0.
$2{x} >= -3 && -$2{x} >= -3 ? bottom
$2{x} == 4 ? 0.
$2{x} >= 5 ? bottom

[18:]:
-$2{x} >= 5 ? 8
$2{x} == -4 ? 0.
$2{x} >= -3 && -$2{x} >= -3 ? 8
$2{x} == 4 ? 0.
$2{x} >= 5 ? 8


Analysis Result: TRUE
