
Abstract Syntax:
[ 1:]
int main( ):
[ 2:] $2{x} := $2{x} - 1
[ 3:]

Property: $2{x} <= 0 && $2{x} >= 0

[ -1:]:
-$2{x} >= 1 ? bottom
$2{x} == 0 ? 0.
$2{x} >= 1 ? bottom

[ 2:]:
-$2{x} >= 1 ? bottom
$2{x} == 0 ? 0.
$2{x} >= 1 ? bottom

[ 3:]:
-$2{x} >= 1 ? bottom
$2{x} == 0 ? 0.
$2{x} >= 1 ? bottom

Property: AX{$2{x} <= 0 && $2{x} >= 0}

[ -1:]:
-$2{x} >= 1 ? bottom
$2{x} == 0 ? 0.
$2{x} >= 1 ? bottom

[ 2:]:
-$2{x} >= 0 ? bottom
$2{x} == 1 ? 0.
$2{x} >= 2 ? bottom

[ 3:]:
top ? bottom


Analysis Result: TRUE
