
CFG:
List of variables:
  $1{__return_main}:int at tests/ctl/next.c:3.0-6.1
  $2{x}:int at tests/ctl/next.c:4.8-9

List of functions:
  1: main() -> $1{__return_main}:int at tests/ctl/next.c:3.0-6.1, entry: 7, exit: 6, calls:

List of nodes:
  7: at :0:-1, in: out:1 
  6: at :0:-1, in: 2 out:
  1: at tests/ctl/next.c:3:0, in: 7 out:3 
  2: at tests/ctl/next.c:6:1, in: 3 out:6 
  3: at tests/ctl/next.c:4:10, in: 1 out:2 
  4: at tests/ctl/next.c:3:0, in: out:5 
  5: at tests/ctl/next.c:6:1, in: 4 out:

List of arcs:
  7 -> 1: label entry
  2 -> 6: label exit
  1 -> 3: skip
  3 -> 2: $2{x} = $2{x} - 1
  4 -> 5: skip


Property: $2{x} == 0

[1:]:
-$2{x} >= 1 ? bottom
$2{x} == 0 ? 0.
$2{x} >= 1 ? bottom

[2:]:
-$2{x} >= 1 ? bottom
$2{x} == 0 ? 0.
$2{x} >= 1 ? bottom

[3:]:
-$2{x} >= 1 ? bottom
$2{x} == 0 ? 0.
$2{x} >= 1 ? bottom

[4:]:
-$2{x} >= 1 ? bottom
$2{x} == 0 ? 0.
$2{x} >= 1 ? bottom

[5:]:
-$2{x} >= 1 ? bottom
$2{x} == 0 ? 0.
$2{x} >= 1 ? bottom

[6:]:
-$2{x} >= 1 ? bottom
$2{x} == 0 ? 0.
$2{x} >= 1 ? bottom

[7:]:
-$2{x} >= 1 ? bottom
$2{x} == 0 ? 0.
$2{x} >= 1 ? bottom

Property: AX{$2{x} == 0}

[1:]:
-$2{x} >= 1 ? bottom
$2{x} == 0 ? 0.
$2{x} >= 1 ? bottom

[2:]:
-$2{x} >= 1 ? bottom
$2{x} == 0 ? 0.
$2{x} >= 1 ? bottom

[3:]:
-$2{x} >= 0 ? bottom
$2{x} == 1 ? 1
$2{x} >= 2 ? bottom

[4:]:
-$2{x} >= 1 ? bottom
$2{x} == 0 ? 0.
$2{x} >= 1 ? bottom

[5:]:
top ? bottom

[6:]:
top ? bottom

[7:]:
-$2{x} >= 1 ? bottom
$2{x} == 0 ? 0.
$2{x} >= 1 ? bottom

Property: AX{AX{$2{x} == 0}}

[1:]:
-$2{x} >= 0 ? bottom
$2{x} == 1 ? 1
$2{x} >= 2 ? bottom

[2:]:
top ? bottom

[3:]:
-$2{x} >= 0 ? bottom
$2{x} == 1 ? 1
$2{x} >= 2 ? bottom

[4:]:
top ? bottom

[5:]:
top ? bottom

[6:]:
top ? bottom

[7:]:
-$2{x} >= 1 ? bottom
$2{x} == 0 ? 0.
$2{x} >= 1 ? bottom

Property: AX{AX{AX{$2{x} == 0}}}

[1:]:
-$2{x} >= 0 ? bottom
$2{x} == 1 ? 1
$2{x} >= 2 ? bottom

[2:]:
top ? bottom

[3:]:
top ? bottom

[4:]:
top ? bottom

[5:]:
top ? bottom

[6:]:
top ? bottom

[7:]:
-$2{x} >= 0 ? bottom
$2{x} == 1 ? 1
$2{x} >= 2 ? bottom


Analysis Result: TRUE
