
Abstract Syntax:
[ 1:]
int main( ):
[ 2:] $2{i} := 0
[ 3:] while [ 4:] ( $2{i} < 100 ) do
[ 5:]   $3{j} := 0
[ 6:]   while [ 7:] ( $3{j} < 1 ) do
[ 8:]     $3{j} := $3{j} + 0
[ 9:]
        od
[10:]   $2{i} := $2{i} + 1
[11:]
      od
[12:] $1{$1} := 0
[13:] return
[14:]

Property: $3{j} <= 0 && $3{j} >= 0

[ -2:]:
-$3{j} >= 1 ? bottom
$3{j} == 0 ? 0.
$3{j} >= 1 ? bottom

[ -1:]:
-$3{j} >= 1 ? bottom
$3{j} == 0 ? 0.
$3{j} >= 1 ? bottom

[ 2:]:
-$3{j} >= 1 ? bottom
$3{j} == 0 ? 0.
$3{j} >= 1 ? bottom

[ 3:]:
-$3{j} >= 1 ? bottom
$3{j} == 0 ? 0.
$3{j} >= 1 ? bottom

[ 4:]:
-$3{j} >= 1 ? bottom
$3{j} == 0 ? 0.
$3{j} >= 1 ? bottom

[ 5:]:
-$3{j} >= 1 ? bottom
$3{j} == 0 ? 0.
$3{j} >= 1 ? bottom

[ 6:]:
-$3{j} >= 1 ? bottom
$3{j} == 0 ? 0.
$3{j} >= 1 ? bottom

[ 7:]:
-$3{j} >= 1 ? bottom
$3{j} == 0 ? 0.
$3{j} >= 1 ? bottom

[ 8:]:
-$3{j} >= 1 ? bottom
$3{j} == 0 ? 0.
$3{j} >= 1 ? bottom

[ 9:]:
-$3{j} >= 1 ? bottom
$3{j} == 0 ? 0.
$3{j} >= 1 ? bottom

[10:]:
-$3{j} >= 1 ? bottom
$3{j} == 0 ? 0.
$3{j} >= 1 ? bottom

[11:]:
-$3{j} >= 1 ? bottom
$3{j} == 0 ? 0.
$3{j} >= 1 ? bottom

[12:]:
-$3{j} >= 1 ? bottom
$3{j} == 0 ? 0.
$3{j} >= 1 ? bottom

[13:]:
-$3{j} >= 1 ? bottom
$3{j} == 0 ? 0.
$3{j} >= 1 ? bottom

[14:]:
-$3{j} >= 1 ? bottom
$3{j} == 0 ? 0.
$3{j} >= 1 ? bottom

Property: EG{$3{j} <= 0 && $3{j} >= 0}

[ -2:]:
top ? bottom

[ -1:]:
top ? bottom

[ 2:]:
-$3{j} >= 1 ? bottom
$3{j} == 0 ? 0.
$3{j} >= 1 ? bottom

[ 3:]:
-$3{j} >= 1 ? bottom
-$2{i} >= -99 && $3{j} == 0 ? 0.
$2{i} >= 100 && $3{j} == 0 ? bottom
$3{j} >= 1 ? bottom

[ 4:]:
-$3{j} >= 1 ? bottom
-$2{i} >= -99 && $3{j} == 0 ? 0.
$2{i} >= 100 && $3{j} == 0 ? bottom
$3{j} >= 1 ? bottom

[ 5:]:
-$3{j} >= 1 ? bottom
$3{j} == 0 ? 0.
$3{j} >= 1 ? bottom

[ 6:]:
-$3{j} >= 1 ? bottom
$3{j} == 0 ? 0.
$3{j} >= 1 ? bottom

[ 7:]:
-$3{j} >= 1 ? bottom
$3{j} == 0 ? 0.
$3{j} >= 1 ? bottom

[ 8:]:
-$3{j} >= 1 ? bottom
$3{j} == 0 ? 0.
$3{j} >= 1 ? bottom

[ 9:]:
-$3{j} >= 1 ? bottom
$3{j} == 0 ? 0.
$3{j} >= 1 ? bottom

[10:]:
-$3{j} >= 1 ? bottom
-$2{i} >= -98 && $3{j} == 0 ? 0.
$2{i} >= 99 && $3{j} == 0 ? bottom
$3{j} >= 1 ? bottom

[11:]:
-$3{j} >= 1 ? bottom
-$2{i} >= -99 && $3{j} == 0 ? 0.
$2{i} >= 100 && $3{j} == 0 ? bottom
$3{j} >= 1 ? bottom

[12:]:
top ? bottom

[13:]:
top ? bottom

[14:]:
top ? bottom

Property: AF{EG{$3{j} <= 0 && $3{j} >= 0}}

[ -2:]:
top ? bottom

[ -1:]:
top ? bottom

[ 2:]:
-$3{j} >= 1 ? 3
$3{j} == 0 ? 0.
$3{j} >= 1 ? 3

[ 3:]:
-$3{j} >= 1 && -$2{i} >= -99 ? 2
$2{i} >= 100 && -$3{j} >= 1 ? bottom
-$2{i} >= -99 && $3{j} == 0 ? 0.
$2{i} >= 100 && $3{j} == 0 ? bottom
$3{j} >= 1 && -$2{i} >= -99 ? 2
$2{i} >= 100 && $3{j} >= 1 ? bottom

[ 4:]:
-$3{j} >= 1 && -$2{i} >= -99 ? 2
$2{i} >= 100 && -$3{j} >= 1 ? bottom
-$2{i} >= -99 && $3{j} == 0 ? 0.
$2{i} >= 100 && $3{j} == 0 ? bottom
$3{j} >= 1 && -$2{i} >= -99 ? 2
$2{i} >= 100 && $3{j} >= 1 ? bottom

[ 5:]:
-$3{j} >= 1 ? 1
$3{j} == 0 ? 0.
$3{j} >= 1 ? 1

[ 6:]:
-$3{j} >= 1 ? bottom
$3{j} == 0 ? 0.
$3{j} >= 1 && -$2{i} >= -98 ? 4
$2{i} >= 99 && $3{j} >= 1 ? bottom

[ 7:]:
-$3{j} >= 1 ? bottom
$3{j} == 0 ? 0.
$3{j} >= 1 && -$2{i} >= -98 ? 4
$2{i} >= 99 && $3{j} >= 1 ? bottom

[ 8:]:
-$3{j} >= 1 ? bottom
$3{j} == 0 ? 0.
$3{j} >= 1 && -$2{i} >= -98 ? 5
$2{i} >= 99 && $3{j} >= 1 ? bottom

[ 9:]:
-$3{j} >= 1 ? bottom
$3{j} == 0 ? 0.
$3{j} >= 1 && -$2{i} >= -98 ? 4
$2{i} >= 99 && $3{j} >= 1 ? bottom

[10:]:
-$3{j} >= 1 && -$2{i} >= -98 ? 3
$2{i} >= 99 && -$3{j} >= 1 ? bottom
-$2{i} >= -98 && $3{j} == 0 ? 0.
$2{i} >= 99 && $3{j} == 0 ? bottom
$3{j} >= 1 && -$2{i} >= -98 ? 3
$2{i} >= 99 && $3{j} >= 1 ? bottom

[11:]:
-$3{j} >= 1 && -$2{i} >= -99 ? 2
$2{i} >= 100 && -$3{j} >= 1 ? bottom
-$2{i} >= -99 && $3{j} == 0 ? 0.
$2{i} >= 100 && $3{j} == 0 ? bottom
$3{j} >= 1 && -$2{i} >= -99 ? 2
$2{i} >= 100 && $3{j} >= 1 ? bottom

[12:]:
top ? bottom

[13:]:
top ? bottom

[14:]:
top ? bottom


Analysis Result: TRUE
