
Abstract Syntax:
[ 1:]
void main( ):
[ 2:] $2{varR} := 0
[ 3:] $3{varCS} := 8
[ 4:] while [ 5:] ( $3{varCS} > 0 ) do
[ 6:]   if ( $1{varC} >= $3{varCS} ) then
[ 7:]     $1{varC} := $1{varC} - 1
[ 8:]     $2{varR} := $2{varR} + 1
[ 9:]     $3{varCS} := $3{varCS} - 1
[10:]
        else
[11:]     $1{varC} := $1{varC} - 1
[12:]     $2{varR} := $2{varR} + 1
[13:]     $3{varCS} := $3{varCS} - 1
[14:]
        endif
[15:]
      od
[16:]

Property: $2{varR} > 5

[ -1:]:
-$2{varR} >= -5 ? bottom
$2{varR} >= 6 ? 0.

[ 2:]:
-$2{varR} >= -5 ? bottom
$2{varR} >= 6 ? 0.

[ 3:]:
-$2{varR} >= -5 ? bottom
$2{varR} >= 6 ? 0.

[ 4:]:
-$2{varR} >= -5 ? bottom
$2{varR} >= 6 ? 0.

[ 5:]:
-$2{varR} >= -5 ? bottom
$2{varR} >= 6 ? 0.

[ 6:]:
-$2{varR} >= -5 ? bottom
$2{varR} >= 6 ? 0.

[ 7:]:
-$2{varR} >= -5 ? bottom
$2{varR} >= 6 ? 0.

[ 8:]:
-$2{varR} >= -5 ? bottom
$2{varR} >= 6 ? 0.

[ 9:]:
-$2{varR} >= -5 ? bottom
$2{varR} >= 6 ? 0.

[10:]:
-$2{varR} >= -5 ? bottom
$2{varR} >= 6 ? 0.

[11:]:
-$2{varR} >= -5 ? bottom
$2{varR} >= 6 ? 0.

[12:]:
-$2{varR} >= -5 ? bottom
$2{varR} >= 6 ? 0.

[13:]:
-$2{varR} >= -5 ? bottom
$2{varR} >= 6 ? 0.

[14:]:
-$2{varR} >= -5 ? bottom
$2{varR} >= 6 ? 0.

[15:]:
-$2{varR} >= -5 ? bottom
$2{varR} >= 6 ? 0.

[16:]:
-$2{varR} >= -5 ? bottom
$2{varR} >= 6 ? 0.

Property: AF{$2{varR} > 5}

[ -1:]:
-$2{varR} >= -5 ? bottom
$2{varR} >= 6 ? 0.

[ 2:]:
-$2{varR} >= -5 ? 31
$2{varR} >= 6 ? 0.

[ 3:]:
-$2{varR} >= 1 ? top
$2{varR} == 0 ? 30
$2{varR} == 1 ? 25
$2{varR} == 2 ? 20
$2{varR} == 3 ? 15
$2{varR} == 4 ? 10
$2{varR} == 5 ? 5
$2{varR} >= 6 ? 0.

[ 4:]:
-$3{varCS} >= 0 && -$2{varR} >= -5 ? bottom
$2{varR} >= 6 && -$3{varCS} >= 0 ? 0.
-$2{varR} >= -4 && $3{varCS} == 1 ? bottom
$2{varR} == 5 && $3{varCS} == 1 ? 4
$2{varR} >= 6 && $3{varCS} == 1 ? 0.
-$2{varR} >= -3 && $3{varCS} == 2 ? bottom
$2{varR} == 4 && $3{varCS} == 2 ? 9
$2{varR} == 5 && $3{varCS} == 2 ? 4
$2{varR} >= 6 && $3{varCS} == 2 ? 0.
-$2{varR} >= -2 && $3{varCS} == 3 ? bottom
$2{varR} == 3 && $3{varCS} == 3 ? 14
$2{varR} == 4 && $3{varCS} == 3 ? 9
$2{varR} == 5 && $3{varCS} == 3 ? 4
$2{varR} >= 6 && $3{varCS} == 3 ? 0.
-$2{varR} >= -1 && $3{varCS} == 4 ? bottom
$2{varR} == 2 && $3{varCS} == 4 ? 19
$2{varR} == 3 && $3{varCS} == 4 ? 14
$2{varR} == 4 && $3{varCS} == 4 ? 9
$2{varR} == 5 && $3{varCS} == 4 ? 4
$2{varR} >= 6 && $3{varCS} == 4 ? 0.
-$2{varR} >= 0 && $3{varCS} == 5 ? bottom
$2{varR} == 1 && $3{varCS} == 5 ? 24
$2{varR} == 2 && $3{varCS} == 5 ? 19
$2{varR} == 3 && $3{varCS} == 5 ? 14
$2{varR} == 4 && $3{varCS} == 5 ? 9
$2{varR} == 5 && $3{varCS} == 5 ? 4
$2{varR} >= 6 && $3{varCS} == 5 ? 0.
$3{varCS} >= 6 && -$2{varR} >= 1 ? top
$3{varCS} >= 6 && $2{varR} == 0 ? 29
$3{varCS} >= 6 && $2{varR} == 1 ? 24
$3{varCS} >= 6 && $2{varR} == 2 ? 19
$3{varCS} >= 6 && $2{varR} == 3 ? 14
$3{varCS} >= 6 && $2{varR} == 4 ? 9
$3{varCS} >= 6 && $2{varR} == 5 ? 4
$2{varR} >= 6 && $3{varCS} >= 6 ? 0.

[ 5:]:
-$3{varCS} >= 0 && -$2{varR} >= -5 ? bottom
$2{varR} >= 6 && -$3{varCS} >= 0 ? 0
-$2{varR} >= -4 && $3{varCS} == 1 ? bottom
$2{varR} == 5 && $3{varCS} == 1 ? 4
$2{varR} >= 6 && $3{varCS} == 1 ? 0
-$2{varR} >= -3 && $3{varCS} == 2 ? bottom
$2{varR} == 4 && $3{varCS} == 2 ? 9
$2{varR} == 5 && $3{varCS} == 2 ? 4
$2{varR} >= 6 && $3{varCS} == 2 ? 0
-$2{varR} >= -2 && $3{varCS} == 3 ? bottom
$2{varR} == 3 && $3{varCS} == 3 ? 14
$2{varR} == 4 && $3{varCS} == 3 ? 9
$2{varR} == 5 && $3{varCS} == 3 ? 4
$2{varR} >= 6 && $3{varCS} == 3 ? 0
-$2{varR} >= -1 && $3{varCS} == 4 ? bottom
$2{varR} == 2 && $3{varCS} == 4 ? 19
$2{varR} == 3 && $3{varCS} == 4 ? 14
$2{varR} == 4 && $3{varCS} == 4 ? 9
$2{varR} == 5 && $3{varCS} == 4 ? 4
$2{varR} >= 6 && $3{varCS} == 4 ? 0
-$2{varR} >= 0 && $3{varCS} == 5 ? bottom
$2{varR} == 1 && $3{varCS} == 5 ? 24
$2{varR} == 2 && $3{varCS} == 5 ? 19
$2{varR} == 3 && $3{varCS} == 5 ? 14
$2{varR} == 4 && $3{varCS} == 5 ? 9
$2{varR} == 5 && $3{varCS} == 5 ? 4
$2{varR} >= 6 && $3{varCS} == 5 ? 0
$3{varCS} >= 6 && -$2{varR} >= 1 ? top
$3{varCS} >= 6 && $2{varR} == 0 ? 29
$3{varCS} >= 6 && $2{varR} == 1 ? 24
$3{varCS} >= 6 && $2{varR} == 2 ? 19
$3{varCS} >= 6 && $2{varR} == 3 ? 14
$3{varCS} >= 6 && $2{varR} == 4 ? 9
$3{varCS} >= 6 && $2{varR} == 5 ? 4
$2{varR} >= 6 && $3{varCS} >= 6 ? 0

[ 6:]:
-$3{varCS} >= -1 && -$2{varR} >= -4 ? bottom
-$3{varCS} >= -1 && $2{varR} == 5 ? 3
$2{varR} >= 6 && -$3{varCS} >= -1 ? 0.
-$2{varR} >= -3 && $3{varCS} == 2 ? bottom
$2{varR} == 4 && $3{varCS} == 2 ? 8
$2{varR} == 5 && $3{varCS} == 2 ? 3
$2{varR} >= 6 && $3{varCS} == 2 ? 0.
-$2{varR} >= -2 && $3{varCS} == 3 ? bottom
$2{varR} == 3 && $3{varCS} == 3 ? 13
$2{varR} == 4 && $3{varCS} == 3 ? 8
$2{varR} == 5 && $3{varCS} == 3 ? 3
$2{varR} >= 6 && $3{varCS} == 3 ? 0.
-$2{varR} >= -1 && $3{varCS} == 4 ? bottom
$2{varR} == 2 && $3{varCS} == 4 ? 18
$2{varR} == 3 && $3{varCS} == 4 ? 13
$2{varR} == 4 && $3{varCS} == 4 ? 8
$2{varR} == 5 && $3{varCS} == 4 ? 3
$2{varR} >= 6 && $3{varCS} == 4 ? 0.
-$2{varR} >= 0 && $3{varCS} == 5 ? bottom
$2{varR} == 1 && $3{varCS} == 5 ? 23
$2{varR} == 2 && $3{varCS} == 5 ? 18
$2{varR} == 3 && $3{varCS} == 5 ? 13
$2{varR} == 4 && $3{varCS} == 5 ? 8
$2{varR} == 5 && $3{varCS} == 5 ? 3
$2{varR} >= 6 && $3{varCS} == 5 ? 0.
-$2{varR} >= 1 && $3{varCS} == 6 ? bottom
$2{varR} == 0 && $3{varCS} == 6 ? 28
$2{varR} == 1 && $3{varCS} == 6 ? 23
$2{varR} == 2 && $3{varCS} == 6 ? 18
$2{varR} == 3 && $3{varCS} == 6 ? 13
$2{varR} == 4 && $3{varCS} == 6 ? 8
$2{varR} == 5 && $3{varCS} == 6 ? 3
$2{varR} >= 6 && $3{varCS} == 6 ? 0.
$3{varCS} >= 7 && -$2{varR} >= 2 ? top
$3{varCS} >= 7 && $2{varR} == -1 ? 33
$3{varCS} >= 7 && $2{varR} == 0 ? 28
$3{varCS} >= 7 && $2{varR} == 1 ? 23
$3{varCS} >= 7 && $2{varR} == 2 ? 18
$3{varCS} >= 7 && $2{varR} == 3 ? 13
$3{varCS} >= 7 && $2{varR} == 4 ? 8
$3{varCS} >= 7 && $2{varR} == 5 ? 3
$2{varR} >= 6 && $3{varCS} >= 7 ? 0.

[ 7:]:
-$3{varCS} >= -1 && -$2{varR} >= -4 ? bottom
-$3{varCS} >= -1 && $2{varR} == 5 ? 2
$2{varR} >= 6 && -$3{varCS} >= -1 ? 0.
-$2{varR} >= -3 && $3{varCS} == 2 ? bottom
$2{varR} == 4 && $3{varCS} == 2 ? 7
$2{varR} == 5 && $3{varCS} == 2 ? 2
$2{varR} >= 6 && $3{varCS} == 2 ? 0.
-$2{varR} >= -2 && $3{varCS} == 3 ? bottom
$2{varR} == 3 && $3{varCS} == 3 ? 12
$2{varR} == 4 && $3{varCS} == 3 ? 7
$2{varR} == 5 && $3{varCS} == 3 ? 2
$2{varR} >= 6 && $3{varCS} == 3 ? 0.
-$2{varR} >= -1 && $3{varCS} == 4 ? bottom
$2{varR} == 2 && $3{varCS} == 4 ? 17
$2{varR} == 3 && $3{varCS} == 4 ? 12
$2{varR} == 4 && $3{varCS} == 4 ? 7
$2{varR} == 5 && $3{varCS} == 4 ? 2
$2{varR} >= 6 && $3{varCS} == 4 ? 0.
-$2{varR} >= 0 && $3{varCS} == 5 ? bottom
$2{varR} == 1 && $3{varCS} == 5 ? 22
$2{varR} == 2 && $3{varCS} == 5 ? 17
$2{varR} == 3 && $3{varCS} == 5 ? 12
$2{varR} == 4 && $3{varCS} == 5 ? 7
$2{varR} == 5 && $3{varCS} == 5 ? 2
$2{varR} >= 6 && $3{varCS} == 5 ? 0.
-$2{varR} >= 1 && $3{varCS} == 6 ? bottom
$2{varR} == 0 && $3{varCS} == 6 ? 27
$2{varR} == 1 && $3{varCS} == 6 ? 22
$2{varR} == 2 && $3{varCS} == 6 ? 17
$2{varR} == 3 && $3{varCS} == 6 ? 12
$2{varR} == 4 && $3{varCS} == 6 ? 7
$2{varR} == 5 && $3{varCS} == 6 ? 2
$2{varR} >= 6 && $3{varCS} == 6 ? 0.
$3{varCS} >= 7 && -$2{varR} >= 2 ? top
$3{varCS} >= 7 && $2{varR} == -1 ? 32
$3{varCS} >= 7 && $2{varR} == 0 ? 27
$3{varCS} >= 7 && $2{varR} == 1 ? 22
$3{varCS} >= 7 && $2{varR} == 2 ? 17
$3{varCS} >= 7 && $2{varR} == 3 ? 12
$3{varCS} >= 7 && $2{varR} == 4 ? 7
$3{varCS} >= 7 && $2{varR} == 5 ? 2
$2{varR} >= 6 && $3{varCS} >= 7 ? 0.

[ 8:]:
-$3{varCS} >= -1 && -$2{varR} >= -4 ? bottom
-$3{varCS} >= -1 && $2{varR} == 5 ? 1
$2{varR} >= 6 && -$3{varCS} >= -1 ? 0.
-$2{varR} >= -3 && $3{varCS} == 2 ? bottom
$2{varR} == 4 && $3{varCS} == 2 ? 6
$2{varR} == 5 && $3{varCS} == 2 ? 1
$2{varR} >= 6 && $3{varCS} == 2 ? 0.
-$2{varR} >= -2 && $3{varCS} == 3 ? bottom
$2{varR} == 3 && $3{varCS} == 3 ? 11
$2{varR} == 4 && $3{varCS} == 3 ? 6
$2{varR} == 5 && $3{varCS} == 3 ? 1
$2{varR} >= 6 && $3{varCS} == 3 ? 0.
-$2{varR} >= -1 && $3{varCS} == 4 ? bottom
$2{varR} == 2 && $3{varCS} == 4 ? 16
$2{varR} == 3 && $3{varCS} == 4 ? 11
$2{varR} == 4 && $3{varCS} == 4 ? 6
$2{varR} == 5 && $3{varCS} == 4 ? 1
$2{varR} >= 6 && $3{varCS} == 4 ? 0.
-$2{varR} >= 0 && $3{varCS} == 5 ? bottom
$2{varR} == 1 && $3{varCS} == 5 ? 21
$2{varR} == 2 && $3{varCS} == 5 ? 16
$2{varR} == 3 && $3{varCS} == 5 ? 11
$2{varR} == 4 && $3{varCS} == 5 ? 6
$2{varR} == 5 && $3{varCS} == 5 ? 1
$2{varR} >= 6 && $3{varCS} == 5 ? 0.
-$2{varR} >= 1 && $3{varCS} == 6 ? bottom
$2{varR} == 0 && $3{varCS} == 6 ? 26
$2{varR} == 1 && $3{varCS} == 6 ? 21
$2{varR} == 2 && $3{varCS} == 6 ? 16
$2{varR} == 3 && $3{varCS} == 6 ? 11
$2{varR} == 4 && $3{varCS} == 6 ? 6
$2{varR} == 5 && $3{varCS} == 6 ? 1
$2{varR} >= 6 && $3{varCS} == 6 ? 0.
$3{varCS} >= 7 && -$2{varR} >= 2 ? top
$3{varCS} >= 7 && $2{varR} == -1 ? 31
$3{varCS} >= 7 && $2{varR} == 0 ? 26
$3{varCS} >= 7 && $2{varR} == 1 ? 21
$3{varCS} >= 7 && $2{varR} == 2 ? 16
$3{varCS} >= 7 && $2{varR} == 3 ? 11
$3{varCS} >= 7 && $2{varR} == 4 ? 6
$3{varCS} >= 7 && $2{varR} == 5 ? 1
$2{varR} >= 6 && $3{varCS} >= 7 ? 0.

[ 9:]:
-$3{varCS} >= -1 && -$2{varR} >= -5 ? bottom
$2{varR} >= 6 && -$3{varCS} >= -1 ? 0.
-$2{varR} >= -4 && $3{varCS} == 2 ? bottom
$2{varR} == 5 && $3{varCS} == 2 ? 5
$2{varR} >= 6 && $3{varCS} == 2 ? 0.
-$2{varR} >= -3 && $3{varCS} == 3 ? bottom
$2{varR} == 4 && $3{varCS} == 3 ? 10
$2{varR} == 5 && $3{varCS} == 3 ? 5
$2{varR} >= 6 && $3{varCS} == 3 ? 0.
-$2{varR} >= -2 && $3{varCS} == 4 ? bottom
$2{varR} == 3 && $3{varCS} == 4 ? 15
$2{varR} == 4 && $3{varCS} == 4 ? 10
$2{varR} == 5 && $3{varCS} == 4 ? 5
$2{varR} >= 6 && $3{varCS} == 4 ? 0.
-$2{varR} >= -1 && $3{varCS} == 5 ? bottom
$2{varR} == 2 && $3{varCS} == 5 ? 20
$2{varR} == 3 && $3{varCS} == 5 ? 15
$2{varR} == 4 && $3{varCS} == 5 ? 10
$2{varR} == 5 && $3{varCS} == 5 ? 5
$2{varR} >= 6 && $3{varCS} == 5 ? 0.
-$2{varR} >= 0 && $3{varCS} == 6 ? bottom
$2{varR} == 1 && $3{varCS} == 6 ? 25
$2{varR} == 2 && $3{varCS} == 6 ? 20
$2{varR} == 3 && $3{varCS} == 6 ? 15
$2{varR} == 4 && $3{varCS} == 6 ? 10
$2{varR} == 5 && $3{varCS} == 6 ? 5
$2{varR} >= 6 && $3{varCS} == 6 ? 0.
$3{varCS} >= 7 && -$2{varR} >= 1 ? top
$3{varCS} >= 7 && $2{varR} == 0 ? 30
$3{varCS} >= 7 && $2{varR} == 1 ? 25
$3{varCS} >= 7 && $2{varR} == 2 ? 20
$3{varCS} >= 7 && $2{varR} == 3 ? 15
$3{varCS} >= 7 && $2{varR} == 4 ? 10
$3{varCS} >= 7 && $2{varR} == 5 ? 5
$2{varR} >= 6 && $3{varCS} >= 7 ? 0.

[10:]:
-$3{varCS} >= 0 && -$2{varR} >= -5 ? bottom
$2{varR} >= 6 && -$3{varCS} >= 0 ? 0.
-$2{varR} >= -4 && $3{varCS} == 1 ? bottom
$2{varR} == 5 && $3{varCS} == 1 ? 4
$2{varR} >= 6 && $3{varCS} == 1 ? 0.
-$2{varR} >= -3 && $3{varCS} == 2 ? bottom
$2{varR} == 4 && $3{varCS} == 2 ? 9
$2{varR} == 5 && $3{varCS} == 2 ? 4
$2{varR} >= 6 && $3{varCS} == 2 ? 0.
-$2{varR} >= -2 && $3{varCS} == 3 ? bottom
$2{varR} == 3 && $3{varCS} == 3 ? 14
$2{varR} == 4 && $3{varCS} == 3 ? 9
$2{varR} == 5 && $3{varCS} == 3 ? 4
$2{varR} >= 6 && $3{varCS} == 3 ? 0.
-$2{varR} >= -1 && $3{varCS} == 4 ? bottom
$2{varR} == 2 && $3{varCS} == 4 ? 19
$2{varR} == 3 && $3{varCS} == 4 ? 14
$2{varR} == 4 && $3{varCS} == 4 ? 9
$2{varR} == 5 && $3{varCS} == 4 ? 4
$2{varR} >= 6 && $3{varCS} == 4 ? 0.
-$2{varR} >= 0 && $3{varCS} == 5 ? bottom
$2{varR} == 1 && $3{varCS} == 5 ? 24
$2{varR} == 2 && $3{varCS} == 5 ? 19
$2{varR} == 3 && $3{varCS} == 5 ? 14
$2{varR} == 4 && $3{varCS} == 5 ? 9
$2{varR} == 5 && $3{varCS} == 5 ? 4
$2{varR} >= 6 && $3{varCS} == 5 ? 0.
$3{varCS} >= 6 && -$2{varR} >= 1 ? top
$3{varCS} >= 6 && $2{varR} == 0 ? 29
$3{varCS} >= 6 && $2{varR} == 1 ? 24
$3{varCS} >= 6 && $2{varR} == 2 ? 19
$3{varCS} >= 6 && $2{varR} == 3 ? 14
$3{varCS} >= 6 && $2{varR} == 4 ? 9
$3{varCS} >= 6 && $2{varR} == 5 ? 4
$2{varR} >= 6 && $3{varCS} >= 6 ? 0.

[11:]:
-$3{varCS} >= -1 && -$2{varR} >= -4 ? bottom
-$3{varCS} >= -1 && $2{varR} == 5 ? 2
$2{varR} >= 6 && -$3{varCS} >= -1 ? 0.
-$2{varR} >= -3 && $3{varCS} == 2 ? bottom
$2{varR} == 4 && $3{varCS} == 2 ? 7
$2{varR} == 5 && $3{varCS} == 2 ? 2
$2{varR} >= 6 && $3{varCS} == 2 ? 0.
-$2{varR} >= -2 && $3{varCS} == 3 ? bottom
$2{varR} == 3 && $3{varCS} == 3 ? 12
$2{varR} == 4 && $3{varCS} == 3 ? 7
$2{varR} == 5 && $3{varCS} == 3 ? 2
$2{varR} >= 6 && $3{varCS} == 3 ? 0.
-$2{varR} >= -1 && $3{varCS} == 4 ? bottom
$2{varR} == 2 && $3{varCS} == 4 ? 17
$2{varR} == 3 && $3{varCS} == 4 ? 12
$2{varR} == 4 && $3{varCS} == 4 ? 7
$2{varR} == 5 && $3{varCS} == 4 ? 2
$2{varR} >= 6 && $3{varCS} == 4 ? 0.
-$2{varR} >= 0 && $3{varCS} == 5 ? bottom
$2{varR} == 1 && $3{varCS} == 5 ? 22
$2{varR} == 2 && $3{varCS} == 5 ? 17
$2{varR} == 3 && $3{varCS} == 5 ? 12
$2{varR} == 4 && $3{varCS} == 5 ? 7
$2{varR} == 5 && $3{varCS} == 5 ? 2
$2{varR} >= 6 && $3{varCS} == 5 ? 0.
-$2{varR} >= 1 && $3{varCS} == 6 ? bottom
$2{varR} == 0 && $3{varCS} == 6 ? 27
$2{varR} == 1 && $3{varCS} == 6 ? 22
$2{varR} == 2 && $3{varCS} == 6 ? 17
$2{varR} == 3 && $3{varCS} == 6 ? 12
$2{varR} == 4 && $3{varCS} == 6 ? 7
$2{varR} == 5 && $3{varCS} == 6 ? 2
$2{varR} >= 6 && $3{varCS} == 6 ? 0.
$3{varCS} >= 7 && -$2{varR} >= 2 ? top
$3{varCS} >= 7 && $2{varR} == -1 ? 32
$3{varCS} >= 7 && $2{varR} == 0 ? 27
$3{varCS} >= 7 && $2{varR} == 1 ? 22
$3{varCS} >= 7 && $2{varR} == 2 ? 17
$3{varCS} >= 7 && $2{varR} == 3 ? 12
$3{varCS} >= 7 && $2{varR} == 4 ? 7
$3{varCS} >= 7 && $2{varR} == 5 ? 2
$2{varR} >= 6 && $3{varCS} >= 7 ? 0.

[12:]:
-$3{varCS} >= -1 && -$2{varR} >= -4 ? bottom
-$3{varCS} >= -1 && $2{varR} == 5 ? 1
$2{varR} >= 6 && -$3{varCS} >= -1 ? 0.
-$2{varR} >= -3 && $3{varCS} == 2 ? bottom
$2{varR} == 4 && $3{varCS} == 2 ? 6
$2{varR} == 5 && $3{varCS} == 2 ? 1
$2{varR} >= 6 && $3{varCS} == 2 ? 0.
-$2{varR} >= -2 && $3{varCS} == 3 ? bottom
$2{varR} == 3 && $3{varCS} == 3 ? 11
$2{varR} == 4 && $3{varCS} == 3 ? 6
$2{varR} == 5 && $3{varCS} == 3 ? 1
$2{varR} >= 6 && $3{varCS} == 3 ? 0.
-$2{varR} >= -1 && $3{varCS} == 4 ? bottom
$2{varR} == 2 && $3{varCS} == 4 ? 16
$2{varR} == 3 && $3{varCS} == 4 ? 11
$2{varR} == 4 && $3{varCS} == 4 ? 6
$2{varR} == 5 && $3{varCS} == 4 ? 1
$2{varR} >= 6 && $3{varCS} == 4 ? 0.
-$2{varR} >= 0 && $3{varCS} == 5 ? bottom
$2{varR} == 1 && $3{varCS} == 5 ? 21
$2{varR} == 2 && $3{varCS} == 5 ? 16
$2{varR} == 3 && $3{varCS} == 5 ? 11
$2{varR} == 4 && $3{varCS} == 5 ? 6
$2{varR} == 5 && $3{varCS} == 5 ? 1
$2{varR} >= 6 && $3{varCS} == 5 ? 0.
-$2{varR} >= 1 && $3{varCS} == 6 ? bottom
$2{varR} == 0 && $3{varCS} == 6 ? 26
$2{varR} == 1 && $3{varCS} == 6 ? 21
$2{varR} == 2 && $3{varCS} == 6 ? 16
$2{varR} == 3 && $3{varCS} == 6 ? 11
$2{varR} == 4 && $3{varCS} == 6 ? 6
$2{varR} == 5 && $3{varCS} == 6 ? 1
$2{varR} >= 6 && $3{varCS} == 6 ? 0.
$3{varCS} >= 7 && -$2{varR} >= 2 ? top
$3{varCS} >= 7 && $2{varR} == -1 ? 31
$3{varCS} >= 7 && $2{varR} == 0 ? 26
$3{varCS} >= 7 && $2{varR} == 1 ? 21
$3{varCS} >= 7 && $2{varR} == 2 ? 16
$3{varCS} >= 7 && $2{varR} == 3 ? 11
$3{varCS} >= 7 && $2{varR} == 4 ? 6
$3{varCS} >= 7 && $2{varR} == 5 ? 1
$2{varR} >= 6 && $3{varCS} >= 7 ? 0.

[13:]:
-$3{varCS} >= -1 && -$2{varR} >= -5 ? bottom
$2{varR} >= 6 && -$3{varCS} >= -1 ? 0.
-$2{varR} >= -4 && $3{varCS} == 2 ? bottom
$2{varR} == 5 && $3{varCS} == 2 ? 5
$2{varR} >= 6 && $3{varCS} == 2 ? 0.
-$2{varR} >= -3 && $3{varCS} == 3 ? bottom
$2{varR} == 4 && $3{varCS} == 3 ? 10
$2{varR} == 5 && $3{varCS} == 3 ? 5
$2{varR} >= 6 && $3{varCS} == 3 ? 0.
-$2{varR} >= -2 && $3{varCS} == 4 ? bottom
$2{varR} == 3 && $3{varCS} == 4 ? 15
$2{varR} == 4 && $3{varCS} == 4 ? 10
$2{varR} == 5 && $3{varCS} == 4 ? 5
$2{varR} >= 6 && $3{varCS} == 4 ? 0.
-$2{varR} >= -1 && $3{varCS} == 5 ? bottom
$2{varR} == 2 && $3{varCS} == 5 ? 20
$2{varR} == 3 && $3{varCS} == 5 ? 15
$2{varR} == 4 && $3{varCS} == 5 ? 10
$2{varR} == 5 && $3{varCS} == 5 ? 5
$2{varR} >= 6 && $3{varCS} == 5 ? 0.
-$2{varR} >= 0 && $3{varCS} == 6 ? bottom
$2{varR} == 1 && $3{varCS} == 6 ? 25
$2{varR} == 2 && $3{varCS} == 6 ? 20
$2{varR} == 3 && $3{varCS} == 6 ? 15
$2{varR} == 4 && $3{varCS} == 6 ? 10
$2{varR} == 5 && $3{varCS} == 6 ? 5
$2{varR} >= 6 && $3{varCS} == 6 ? 0.
$3{varCS} >= 7 && -$2{varR} >= 1 ? top
$3{varCS} >= 7 && $2{varR} == 0 ? 30
$3{varCS} >= 7 && $2{varR} == 1 ? 25
$3{varCS} >= 7 && $2{varR} == 2 ? 20
$3{varCS} >= 7 && $2{varR} == 3 ? 15
$3{varCS} >= 7 && $2{varR} == 4 ? 10
$3{varCS} >= 7 && $2{varR} == 5 ? 5
$2{varR} >= 6 && $3{varCS} >= 7 ? 0.

[14:]:
-$3{varCS} >= 0 && -$2{varR} >= -5 ? bottom
$2{varR} >= 6 && -$3{varCS} >= 0 ? 0.
-$2{varR} >= -4 && $3{varCS} == 1 ? bottom
$2{varR} == 5 && $3{varCS} == 1 ? 4
$2{varR} >= 6 && $3{varCS} == 1 ? 0.
-$2{varR} >= -3 && $3{varCS} == 2 ? bottom
$2{varR} == 4 && $3{varCS} == 2 ? 9
$2{varR} == 5 && $3{varCS} == 2 ? 4
$2{varR} >= 6 && $3{varCS} == 2 ? 0.
-$2{varR} >= -2 && $3{varCS} == 3 ? bottom
$2{varR} == 3 && $3{varCS} == 3 ? 14
$2{varR} == 4 && $3{varCS} == 3 ? 9
$2{varR} == 5 && $3{varCS} == 3 ? 4
$2{varR} >= 6 && $3{varCS} == 3 ? 0.
-$2{varR} >= -1 && $3{varCS} == 4 ? bottom
$2{varR} == 2 && $3{varCS} == 4 ? 19
$2{varR} == 3 && $3{varCS} == 4 ? 14
$2{varR} == 4 && $3{varCS} == 4 ? 9
$2{varR} == 5 && $3{varCS} == 4 ? 4
$2{varR} >= 6 && $3{varCS} == 4 ? 0.
-$2{varR} >= 0 && $3{varCS} == 5 ? bottom
$2{varR} == 1 && $3{varCS} == 5 ? 24
$2{varR} == 2 && $3{varCS} == 5 ? 19
$2{varR} == 3 && $3{varCS} == 5 ? 14
$2{varR} == 4 && $3{varCS} == 5 ? 9
$2{varR} == 5 && $3{varCS} == 5 ? 4
$2{varR} >= 6 && $3{varCS} == 5 ? 0.
$3{varCS} >= 6 && -$2{varR} >= 1 ? top
$3{varCS} >= 6 && $2{varR} == 0 ? 29
$3{varCS} >= 6 && $2{varR} == 1 ? 24
$3{varCS} >= 6 && $2{varR} == 2 ? 19
$3{varCS} >= 6 && $2{varR} == 3 ? 14
$3{varCS} >= 6 && $2{varR} == 4 ? 9
$3{varCS} >= 6 && $2{varR} == 5 ? 4
$2{varR} >= 6 && $3{varCS} >= 6 ? 0.

[15:]:
-$3{varCS} >= 0 && -$2{varR} >= -5 ? bottom
$2{varR} >= 6 && -$3{varCS} >= 0 ? 0.
-$2{varR} >= -4 && $3{varCS} == 1 ? bottom
$2{varR} == 5 && $3{varCS} == 1 ? 4
$2{varR} >= 6 && $3{varCS} == 1 ? 0.
-$2{varR} >= -3 && $3{varCS} == 2 ? bottom
$2{varR} == 4 && $3{varCS} == 2 ? 9
$2{varR} == 5 && $3{varCS} == 2 ? 4
$2{varR} >= 6 && $3{varCS} == 2 ? 0.
-$2{varR} >= -2 && $3{varCS} == 3 ? bottom
$2{varR} == 3 && $3{varCS} == 3 ? 14
$2{varR} == 4 && $3{varCS} == 3 ? 9
$2{varR} == 5 && $3{varCS} == 3 ? 4
$2{varR} >= 6 && $3{varCS} == 3 ? 0.
-$2{varR} >= -1 && $3{varCS} == 4 ? bottom
$2{varR} == 2 && $3{varCS} == 4 ? 19
$2{varR} == 3 && $3{varCS} == 4 ? 14
$2{varR} == 4 && $3{varCS} == 4 ? 9
$2{varR} == 5 && $3{varCS} == 4 ? 4
$2{varR} >= 6 && $3{varCS} == 4 ? 0.
-$2{varR} >= 0 && $3{varCS} == 5 ? bottom
$2{varR} == 1 && $3{varCS} == 5 ? 24
$2{varR} == 2 && $3{varCS} == 5 ? 19
$2{varR} == 3 && $3{varCS} == 5 ? 14
$2{varR} == 4 && $3{varCS} == 5 ? 9
$2{varR} == 5 && $3{varCS} == 5 ? 4
$2{varR} >= 6 && $3{varCS} == 5 ? 0.
$3{varCS} >= 6 && -$2{varR} >= 1 ? top
$3{varCS} >= 6 && $2{varR} == 0 ? 29
$3{varCS} >= 6 && $2{varR} == 1 ? 24
$3{varCS} >= 6 && $2{varR} == 2 ? 19
$3{varCS} >= 6 && $2{varR} == 3 ? 14
$3{varCS} >= 6 && $2{varR} == 4 ? 9
$3{varCS} >= 6 && $2{varR} == 5 ? 4
$2{varR} >= 6 && $3{varCS} >= 6 ? 0.

[16:]:
-$2{varR} >= -5 ? bottom
$2{varR} >= 6 ? 0.

Property: $1{varC} <= 5

[ -1:]:
-$1{varC} >= -5 ? 0.
$1{varC} >= 6 ? bottom

[ 2:]:
-$1{varC} >= -5 ? 0.
$1{varC} >= 6 ? bottom

[ 3:]:
-$1{varC} >= -5 ? 0.
$1{varC} >= 6 ? bottom

[ 4:]:
-$1{varC} >= -5 ? 0.
$1{varC} >= 6 ? bottom

[ 5:]:
-$1{varC} >= -5 ? 0.
$1{varC} >= 6 ? bottom

[ 6:]:
-$1{varC} >= -5 ? 0.
$1{varC} >= 6 ? bottom

[ 7:]:
-$1{varC} >= -5 ? 0.
$1{varC} >= 6 ? bottom

[ 8:]:
-$1{varC} >= -5 ? 0.
$1{varC} >= 6 ? bottom

[ 9:]:
-$1{varC} >= -5 ? 0.
$1{varC} >= 6 ? bottom

[10:]:
-$1{varC} >= -5 ? 0.
$1{varC} >= 6 ? bottom

[11:]:
-$1{varC} >= -5 ? 0.
$1{varC} >= 6 ? bottom

[12:]:
-$1{varC} >= -5 ? 0.
$1{varC} >= 6 ? bottom

[13:]:
-$1{varC} >= -5 ? 0.
$1{varC} >= 6 ? bottom

[14:]:
-$1{varC} >= -5 ? 0.
$1{varC} >= 6 ? bottom

[15:]:
-$1{varC} >= -5 ? 0.
$1{varC} >= 6 ? bottom

[16:]:
-$1{varC} >= -5 ? 0.
$1{varC} >= 6 ? bottom

Property: OR{$1{varC} <= 5}{AF{$2{varR} > 5}}

[ -1:]:
-$2{varR} >= -5 && -$1{varC} >= -5 ? 0.
$1{varC} >= 6 && -$2{varR} >= -5 ? bottom
$2{varR} >= 6 ? 0

[ 2:]:
-$2{varR} >= -5 ? 31
$2{varR} >= 6 ? 0

[ 3:]:
-$2{varR} >= 1 ? top
$2{varR} == 0 ? 30
$2{varR} == 1 ? 25
$2{varR} == 2 ? 20
$2{varR} == 3 ? 15
$2{varR} == 4 ? 10
$2{varR} == 5 ? 5
$2{varR} >= 6 ? 0

[ 4:]:
-$3{varCS} >= 0 && -$2{varR} >= -5 && -$1{varC} >= -5 ? 0.
$1{varC} >= 6 && -$3{varCS} >= 0 && -$2{varR} >= -5 ? bottom
$2{varR} >= 6 && -$3{varCS} >= 0 ? 0
-$2{varR} >= -4 && -$1{varC} >= 0 && $3{varCS} == 1 ? 0.
$1{varC} >= 1 && -$2{varR} >= -4 && -$1{varC} >= -5 && $3{varCS} == 1 ? 0.
$1{varC} >= 6 && -$2{varR} >= -4 && $3{varCS} == 1 ? bottom
$2{varR} == 5 && $3{varCS} == 1 ? 4
$2{varR} >= 6 && $3{varCS} == 1 ? 0
-$2{varR} >= -3 && -$1{varC} >= -1 && $3{varCS} == 2 ? 0.
$1{varC} >= 2 && -$2{varR} >= -3 && -$1{varC} >= -5 && $3{varCS} == 2 ? 0.
$1{varC} >= 6 && -$2{varR} >= -3 && $3{varCS} == 2 ? bottom
$2{varR} == 4 && $3{varCS} == 2 ? 9
$2{varR} == 5 && $3{varCS} == 2 ? 4
$2{varR} >= 6 && $3{varCS} == 2 ? 0
-$2{varR} >= -2 && -$1{varC} >= -2 && $3{varCS} == 3 ? 0.
$1{varC} >= 3 && -$2{varR} >= -2 && -$1{varC} >= -5 && $3{varCS} == 3 ? 0.
$1{varC} >= 6 && -$2{varR} >= -2 && $3{varCS} == 3 ? bottom
$2{varR} == 3 && $3{varCS} == 3 ? 14
$2{varR} == 4 && $3{varCS} == 3 ? 9
$2{varR} == 5 && $3{varCS} == 3 ? 4
$2{varR} >= 6 && $3{varCS} == 3 ? 0
-$2{varR} >= -1 && -$1{varC} >= -3 && $3{varCS} == 4 ? 0.
$1{varC} >= 4 && -$2{varR} >= -1 && -$1{varC} >= -5 && $3{varCS} == 4 ? 0.
$1{varC} >= 6 && -$2{varR} >= -1 && $3{varCS} == 4 ? bottom
$2{varR} == 2 && $3{varCS} == 4 ? 19
$2{varR} == 3 && $3{varCS} == 4 ? 14
$2{varR} == 4 && $3{varCS} == 4 ? 9
$2{varR} == 5 && $3{varCS} == 4 ? 4
$2{varR} >= 6 && $3{varCS} == 4 ? 0
-$2{varR} >= 0 && -$1{varC} >= -4 && $3{varCS} == 5 ? 0.
-$2{varR} >= 0 && $1{varC} == 5 && $3{varCS} == 5 ? 0.
$1{varC} >= 6 && -$2{varR} >= 0 && $3{varCS} == 5 ? bottom
$2{varR} == 1 && $3{varCS} == 5 ? 24
$2{varR} == 2 && $3{varCS} == 5 ? 19
$2{varR} == 3 && $3{varCS} == 5 ? 14
$2{varR} == 4 && $3{varCS} == 5 ? 9
$2{varR} == 5 && $3{varCS} == 5 ? 4
$2{varR} >= 6 && $3{varCS} == 5 ? 0
$3{varCS} >= 6 && -$2{varR} >= 1 ? top
$3{varCS} >= 6 && $2{varR} == 0 ? 29
$3{varCS} >= 6 && $2{varR} == 1 ? 24
$3{varCS} >= 6 && $2{varR} == 2 ? 19
$3{varCS} >= 6 && $2{varR} == 3 ? 14
$3{varCS} >= 6 && $2{varR} == 4 ? 9
$3{varCS} >= 6 && $2{varR} == 5 ? 4
$2{varR} >= 6 && $3{varCS} >= 6 ? 0

[ 5:]:
-$3{varCS} >= 0 && -$2{varR} >= -5 && -$1{varC} >= -5 ? 0.
$1{varC} >= 6 && -$3{varCS} >= 0 && -$2{varR} >= -5 ? bottom
$2{varR} >= 6 && -$3{varCS} >= 0 ? 0
-$2{varR} >= -4 && -$1{varC} >= 0 && $3{varCS} == 1 ? 0.
$1{varC} >= 1 && -$2{varR} >= -4 && -$1{varC} >= -5 && $3{varCS} == 1 ? 0.
$1{varC} >= 6 && -$2{varR} >= -4 && $3{varCS} == 1 ? bottom
$2{varR} == 5 && $3{varCS} == 1 ? 4
$2{varR} >= 6 && $3{varCS} == 1 ? 0
-$2{varR} >= -3 && -$1{varC} >= -1 && $3{varCS} == 2 ? 0.
$1{varC} >= 2 && -$2{varR} >= -3 && -$1{varC} >= -5 && $3{varCS} == 2 ? 0.
$1{varC} >= 6 && -$2{varR} >= -3 && $3{varCS} == 2 ? bottom
$2{varR} == 4 && $3{varCS} == 2 ? 9
$2{varR} == 5 && $3{varCS} == 2 ? 4
$2{varR} >= 6 && $3{varCS} == 2 ? 0
-$2{varR} >= -2 && -$1{varC} >= -2 && $3{varCS} == 3 ? 0.
$1{varC} >= 3 && -$2{varR} >= -2 && -$1{varC} >= -5 && $3{varCS} == 3 ? 0.
$1{varC} >= 6 && -$2{varR} >= -2 && $3{varCS} == 3 ? bottom
$2{varR} == 3 && $3{varCS} == 3 ? 14
$2{varR} == 4 && $3{varCS} == 3 ? 9
$2{varR} == 5 && $3{varCS} == 3 ? 4
$2{varR} >= 6 && $3{varCS} == 3 ? 0
-$2{varR} >= -1 && -$1{varC} >= -3 && $3{varCS} == 4 ? 0.
$1{varC} >= 4 && -$2{varR} >= -1 && -$1{varC} >= -5 && $3{varCS} == 4 ? 0.
$1{varC} >= 6 && -$2{varR} >= -1 && $3{varCS} == 4 ? bottom
$2{varR} == 2 && $3{varCS} == 4 ? 19
$2{varR} == 3 && $3{varCS} == 4 ? 14
$2{varR} == 4 && $3{varCS} == 4 ? 9
$2{varR} == 5 && $3{varCS} == 4 ? 4
$2{varR} >= 6 && $3{varCS} == 4 ? 0
-$2{varR} >= 0 && -$1{varC} >= -4 && $3{varCS} == 5 ? 0.
-$2{varR} >= 0 && $1{varC} == 5 && $3{varCS} == 5 ? 0.
$1{varC} >= 6 && -$2{varR} >= 0 && $3{varCS} == 5 ? bottom
$2{varR} == 1 && $3{varCS} == 5 ? 24
$2{varR} == 2 && $3{varCS} == 5 ? 19
$2{varR} == 3 && $3{varCS} == 5 ? 14
$2{varR} == 4 && $3{varCS} == 5 ? 9
$2{varR} == 5 && $3{varCS} == 5 ? 4
$2{varR} >= 6 && $3{varCS} == 5 ? 0
$3{varCS} >= 6 && -$2{varR} >= 1 ? top
$3{varCS} >= 6 && $2{varR} == 0 ? 29
$3{varCS} >= 6 && $2{varR} == 1 ? 24
$3{varCS} >= 6 && $2{varR} == 2 ? 19
$3{varCS} >= 6 && $2{varR} == 3 ? 14
$3{varCS} >= 6 && $2{varR} == 4 ? 9
$3{varCS} >= 6 && $2{varR} == 5 ? 4
$2{varR} >= 6 && $3{varCS} >= 6 ? 0

[ 6:]:
-$3{varCS} >= -1 && -$2{varR} >= -4 && -$1{varC}+$3{varCS} >= 1 ? 0.
$1{varC}-$3{varCS} >= 0 && -$3{varCS} >= -1 && -$2{varR} >= -4 && -$1{varC} >= -5 ? 0.
$1{varC} >= 6 && -$3{varCS} >= -1 && -$2{varR} >= -4 ? bottom
-$3{varCS} >= -1 && $2{varR} == 5 ? 3
$2{varR} >= 6 && -$3{varCS} >= -1 ? 0
-$2{varR} >= -3 && -$1{varC} >= -1 && $3{varCS} == 2 ? 0.
$1{varC} >= 2 && -$2{varR} >= -3 && -$1{varC} >= -5 && $3{varCS} == 2 ? 0.
$1{varC} >= 6 && -$2{varR} >= -3 && $3{varCS} == 2 ? bottom
$2{varR} == 4 && $3{varCS} == 2 ? 8
$2{varR} == 5 && $3{varCS} == 2 ? 3
$2{varR} >= 6 && $3{varCS} == 2 ? 0
-$2{varR} >= -2 && -$1{varC} >= -2 && $3{varCS} == 3 ? 0.
$1{varC} >= 3 && -$2{varR} >= -2 && -$1{varC} >= -5 && $3{varCS} == 3 ? 0.
$1{varC} >= 6 && -$2{varR} >= -2 && $3{varCS} == 3 ? bottom
$2{varR} == 3 && $3{varCS} == 3 ? 13
$2{varR} == 4 && $3{varCS} == 3 ? 8
$2{varR} == 5 && $3{varCS} == 3 ? 3
$2{varR} >= 6 && $3{varCS} == 3 ? 0
-$2{varR} >= -1 && -$1{varC} >= -3 && $3{varCS} == 4 ? 0.
$1{varC} >= 4 && -$2{varR} >= -1 && -$1{varC} >= -5 && $3{varCS} == 4 ? 0.
$1{varC} >= 6 && -$2{varR} >= -1 && $3{varCS} == 4 ? bottom
$2{varR} == 2 && $3{varCS} == 4 ? 18
$2{varR} == 3 && $3{varCS} == 4 ? 13
$2{varR} == 4 && $3{varCS} == 4 ? 8
$2{varR} == 5 && $3{varCS} == 4 ? 3
$2{varR} >= 6 && $3{varCS} == 4 ? 0
-$2{varR} >= 0 && -$1{varC} >= -4 && $3{varCS} == 5 ? 0.
-$2{varR} >= 0 && $1{varC} == 5 && $3{varCS} == 5 ? 0.
$1{varC} >= 6 && -$2{varR} >= 0 && $3{varCS} == 5 ? bottom
$2{varR} == 1 && $3{varCS} == 5 ? 23
$2{varR} == 2 && $3{varCS} == 5 ? 18
$2{varR} == 3 && $3{varCS} == 5 ? 13
$2{varR} == 4 && $3{varCS} == 5 ? 8
$2{varR} == 5 && $3{varCS} == 5 ? 3
$2{varR} >= 6 && $3{varCS} == 5 ? 0
-$2{varR} >= 1 && -$1{varC} >= -5 && $3{varCS} == 6 ? 0.
$1{varC} >= 6 && -$2{varR} >= 1 && $3{varCS} == 6 ? bottom
$2{varR} == 0 && $3{varCS} == 6 ? 28
$2{varR} == 1 && $3{varCS} == 6 ? 23
$2{varR} == 2 && $3{varCS} == 6 ? 18
$2{varR} == 3 && $3{varCS} == 6 ? 13
$2{varR} == 4 && $3{varCS} == 6 ? 8
$2{varR} == 5 && $3{varCS} == 6 ? 3
$2{varR} >= 6 && $3{varCS} == 6 ? 0
$3{varCS} >= 7 && -$2{varR} >= 2 ? top
$3{varCS} >= 7 && $2{varR} == -1 ? 33
$3{varCS} >= 7 && $2{varR} == 0 ? 28
$3{varCS} >= 7 && $2{varR} == 1 ? 23
$3{varCS} >= 7 && $2{varR} == 2 ? 18
$3{varCS} >= 7 && $2{varR} == 3 ? 13
$3{varCS} >= 7 && $2{varR} == 4 ? 8
$3{varCS} >= 7 && $2{varR} == 5 ? 3
$2{varR} >= 6 && $3{varCS} >= 7 ? 0

[ 7:]:
-$3{varCS} >= -1 && -$2{varR} >= -4 && -$1{varC} >= -5 ? 0.
$1{varC} >= 6 && -$3{varCS} >= -1 && -$2{varR} >= -4 ? bottom
-$3{varCS} >= -1 && $2{varR} == 5 ? 2
$2{varR} >= 6 && -$3{varCS} >= -1 ? 0
-$2{varR} >= -3 && -$1{varC} >= -1 && $3{varCS} == 2 ? 0.
$1{varC} >= 2 && -$2{varR} >= -3 && -$1{varC} >= -5 && $3{varCS} == 2 ? 0.
$1{varC} >= 6 && -$2{varR} >= -3 && $3{varCS} == 2 ? bottom
$2{varR} == 4 && $3{varCS} == 2 ? 7
$2{varR} == 5 && $3{varCS} == 2 ? 2
$2{varR} >= 6 && $3{varCS} == 2 ? 0
-$2{varR} >= -2 && -$1{varC} >= -2 && $3{varCS} == 3 ? 0.
$1{varC} >= 3 && -$2{varR} >= -2 && -$1{varC} >= -5 && $3{varCS} == 3 ? 0.
$1{varC} >= 6 && -$2{varR} >= -2 && $3{varCS} == 3 ? bottom
$2{varR} == 3 && $3{varCS} == 3 ? 12
$2{varR} == 4 && $3{varCS} == 3 ? 7
$2{varR} == 5 && $3{varCS} == 3 ? 2
$2{varR} >= 6 && $3{varCS} == 3 ? 0
-$2{varR} >= -1 && -$1{varC} >= -3 && $3{varCS} == 4 ? 0.
$1{varC} >= 4 && -$2{varR} >= -1 && -$1{varC} >= -5 && $3{varCS} == 4 ? 0.
$1{varC} >= 6 && -$2{varR} >= -1 && $3{varCS} == 4 ? bottom
$2{varR} == 2 && $3{varCS} == 4 ? 17
$2{varR} == 3 && $3{varCS} == 4 ? 12
$2{varR} == 4 && $3{varCS} == 4 ? 7
$2{varR} == 5 && $3{varCS} == 4 ? 2
$2{varR} >= 6 && $3{varCS} == 4 ? 0
-$2{varR} >= 0 && -$1{varC} >= -4 && $3{varCS} == 5 ? 0.
-$2{varR} >= 0 && $1{varC} == 5 && $3{varCS} == 5 ? 0.
$1{varC} >= 6 && -$2{varR} >= 0 && $3{varCS} == 5 ? bottom
$2{varR} == 1 && $3{varCS} == 5 ? 22
$2{varR} == 2 && $3{varCS} == 5 ? 17
$2{varR} == 3 && $3{varCS} == 5 ? 12
$2{varR} == 4 && $3{varCS} == 5 ? 7
$2{varR} == 5 && $3{varCS} == 5 ? 2
$2{varR} >= 6 && $3{varCS} == 5 ? 0
-$2{varR} >= 1 && -$1{varC} >= -5 && $3{varCS} == 6 ? 0.
$1{varC} >= 6 && -$2{varR} >= 1 && $3{varCS} == 6 ? bottom
$2{varR} == 0 && $3{varCS} == 6 ? 27
$2{varR} == 1 && $3{varCS} == 6 ? 22
$2{varR} == 2 && $3{varCS} == 6 ? 17
$2{varR} == 3 && $3{varCS} == 6 ? 12
$2{varR} == 4 && $3{varCS} == 6 ? 7
$2{varR} == 5 && $3{varCS} == 6 ? 2
$2{varR} >= 6 && $3{varCS} == 6 ? 0
$3{varCS} >= 7 && -$2{varR} >= 2 ? top
$3{varCS} >= 7 && $2{varR} == -1 ? 32
$3{varCS} >= 7 && $2{varR} == 0 ? 27
$3{varCS} >= 7 && $2{varR} == 1 ? 22
$3{varCS} >= 7 && $2{varR} == 2 ? 17
$3{varCS} >= 7 && $2{varR} == 3 ? 12
$3{varCS} >= 7 && $2{varR} == 4 ? 7
$3{varCS} >= 7 && $2{varR} == 5 ? 2
$2{varR} >= 6 && $3{varCS} >= 7 ? 0

[ 8:]:
-$3{varCS} >= -1 && -$2{varR} >= -4 && -$1{varC} >= -5 ? 0.
$1{varC} >= 6 && -$3{varCS} >= -1 && -$2{varR} >= -4 ? bottom
-$3{varCS} >= -1 && $2{varR} == 5 ? 1
$2{varR} >= 6 && -$3{varCS} >= -1 ? 0
-$2{varR} >= -3 && -$1{varC} >= 0 && $3{varCS} == 2 ? 0.
$1{varC} >= 1 && -$2{varR} >= -3 && -$1{varC} >= -5 && $3{varCS} == 2 ? 0.
$1{varC} >= 6 && -$2{varR} >= -3 && $3{varCS} == 2 ? bottom
$2{varR} == 4 && $3{varCS} == 2 ? 6
$2{varR} == 5 && $3{varCS} == 2 ? 1
$2{varR} >= 6 && $3{varCS} == 2 ? 0
-$2{varR} >= -2 && -$1{varC} >= -1 && $3{varCS} == 3 ? 0.
$1{varC} >= 2 && -$2{varR} >= -2 && -$1{varC} >= -5 && $3{varCS} == 3 ? 0.
$1{varC} >= 6 && -$2{varR} >= -2 && $3{varCS} == 3 ? bottom
$2{varR} == 3 && $3{varCS} == 3 ? 11
$2{varR} == 4 && $3{varCS} == 3 ? 6
$2{varR} == 5 && $3{varCS} == 3 ? 1
$2{varR} >= 6 && $3{varCS} == 3 ? 0
-$2{varR} >= -1 && -$1{varC} >= -2 && $3{varCS} == 4 ? 0.
$1{varC} >= 3 && -$2{varR} >= -1 && -$1{varC} >= -5 && $3{varCS} == 4 ? 0.
$1{varC} >= 6 && -$2{varR} >= -1 && $3{varCS} == 4 ? bottom
$2{varR} == 2 && $3{varCS} == 4 ? 16
$2{varR} == 3 && $3{varCS} == 4 ? 11
$2{varR} == 4 && $3{varCS} == 4 ? 6
$2{varR} == 5 && $3{varCS} == 4 ? 1
$2{varR} >= 6 && $3{varCS} == 4 ? 0
-$2{varR} >= 0 && -$1{varC} >= -3 && $3{varCS} == 5 ? 0.
$1{varC} >= 4 && -$2{varR} >= 0 && -$1{varC} >= -5 && $3{varCS} == 5 ? 0.
$1{varC} >= 6 && -$2{varR} >= 0 && $3{varCS} == 5 ? bottom
$2{varR} == 1 && $3{varCS} == 5 ? 21
$2{varR} == 2 && $3{varCS} == 5 ? 16
$2{varR} == 3 && $3{varCS} == 5 ? 11
$2{varR} == 4 && $3{varCS} == 5 ? 6
$2{varR} == 5 && $3{varCS} == 5 ? 1
$2{varR} >= 6 && $3{varCS} == 5 ? 0
-$2{varR} >= 1 && -$1{varC} >= -4 && $3{varCS} == 6 ? 0.
-$2{varR} >= 1 && $1{varC} == 5 && $3{varCS} == 6 ? 0.
$1{varC} >= 6 && -$2{varR} >= 1 && $3{varCS} == 6 ? bottom
$2{varR} == 0 && $3{varCS} == 6 ? 26
$2{varR} == 1 && $3{varCS} == 6 ? 21
$2{varR} == 2 && $3{varCS} == 6 ? 16
$2{varR} == 3 && $3{varCS} == 6 ? 11
$2{varR} == 4 && $3{varCS} == 6 ? 6
$2{varR} == 5 && $3{varCS} == 6 ? 1
$2{varR} >= 6 && $3{varCS} == 6 ? 0
$3{varCS} >= 7 && -$2{varR} >= 2 ? top
$3{varCS} >= 7 && $2{varR} == -1 ? 31
$3{varCS} >= 7 && $2{varR} == 0 ? 26
$3{varCS} >= 7 && $2{varR} == 1 ? 21
$3{varCS} >= 7 && $2{varR} == 2 ? 16
$3{varCS} >= 7 && $2{varR} == 3 ? 11
$3{varCS} >= 7 && $2{varR} == 4 ? 6
$3{varCS} >= 7 && $2{varR} == 5 ? 1
$2{varR} >= 6 && $3{varCS} >= 7 ? 0

[ 9:]:
-$3{varCS} >= -1 && -$2{varR} >= -5 && -$1{varC} >= -5 ? 0.
$1{varC} >= 6 && -$3{varCS} >= -1 && -$2{varR} >= -5 ? bottom
$2{varR} >= 6 && -$3{varCS} >= -1 ? 0
-$2{varR} >= -4 && -$1{varC} >= 0 && $3{varCS} == 2 ? 0.
$1{varC} >= 1 && -$2{varR} >= -4 && -$1{varC} >= -5 && $3{varCS} == 2 ? 0.
$1{varC} >= 6 && -$2{varR} >= -4 && $3{varCS} == 2 ? bottom
$2{varR} == 5 && $3{varCS} == 2 ? 5
$2{varR} >= 6 && $3{varCS} == 2 ? 0
-$2{varR} >= -3 && -$1{varC} >= -1 && $3{varCS} == 3 ? 0.
$1{varC} >= 2 && -$2{varR} >= -3 && -$1{varC} >= -5 && $3{varCS} == 3 ? 0.
$1{varC} >= 6 && -$2{varR} >= -3 && $3{varCS} == 3 ? bottom
$2{varR} == 4 && $3{varCS} == 3 ? 10
$2{varR} == 5 && $3{varCS} == 3 ? 5
$2{varR} >= 6 && $3{varCS} == 3 ? 0
-$2{varR} >= -2 && -$1{varC} >= -2 && $3{varCS} == 4 ? 0.
$1{varC} >= 3 && -$2{varR} >= -2 && -$1{varC} >= -5 && $3{varCS} == 4 ? 0.
$1{varC} >= 6 && -$2{varR} >= -2 && $3{varCS} == 4 ? bottom
$2{varR} == 3 && $3{varCS} == 4 ? 15
$2{varR} == 4 && $3{varCS} == 4 ? 10
$2{varR} == 5 && $3{varCS} == 4 ? 5
$2{varR} >= 6 && $3{varCS} == 4 ? 0
-$2{varR} >= -1 && -$1{varC} >= -3 && $3{varCS} == 5 ? 0.
$1{varC} >= 4 && -$2{varR} >= -1 && -$1{varC} >= -5 && $3{varCS} == 5 ? 0.
$1{varC} >= 6 && -$2{varR} >= -1 && $3{varCS} == 5 ? bottom
$2{varR} == 2 && $3{varCS} == 5 ? 20
$2{varR} == 3 && $3{varCS} == 5 ? 15
$2{varR} == 4 && $3{varCS} == 5 ? 10
$2{varR} == 5 && $3{varCS} == 5 ? 5
$2{varR} >= 6 && $3{varCS} == 5 ? 0
-$2{varR} >= 0 && -$1{varC} >= -4 && $3{varCS} == 6 ? 0.
-$2{varR} >= 0 && $1{varC} == 5 && $3{varCS} == 6 ? 0.
$1{varC} >= 6 && -$2{varR} >= 0 && $3{varCS} == 6 ? bottom
$2{varR} == 1 && $3{varCS} == 6 ? 25
$2{varR} == 2 && $3{varCS} == 6 ? 20
$2{varR} == 3 && $3{varCS} == 6 ? 15
$2{varR} == 4 && $3{varCS} == 6 ? 10
$2{varR} == 5 && $3{varCS} == 6 ? 5
$2{varR} >= 6 && $3{varCS} == 6 ? 0
$3{varCS} >= 7 && -$2{varR} >= 1 ? top
$3{varCS} >= 7 && $2{varR} == 0 ? 30
$3{varCS} >= 7 && $2{varR} == 1 ? 25
$3{varCS} >= 7 && $2{varR} == 2 ? 20
$3{varCS} >= 7 && $2{varR} == 3 ? 15
$3{varCS} >= 7 && $2{varR} == 4 ? 10
$3{varCS} >= 7 && $2{varR} == 5 ? 5
$2{varR} >= 6 && $3{varCS} >= 7 ? 0

[10:]:
-$3{varCS} >= 0 && -$2{varR} >= -5 && -$1{varC} >= -5 ? 0.
$1{varC} >= 6 && -$3{varCS} >= 0 && -$2{varR} >= -5 ? bottom
$2{varR} >= 6 && -$3{varCS} >= 0 ? 0
-$2{varR} >= -4 && -$1{varC} >= 0 && $3{varCS} == 1 ? 0.
$1{varC} >= 1 && -$2{varR} >= -4 && -$1{varC} >= -5 && $3{varCS} == 1 ? 0.
$1{varC} >= 6 && -$2{varR} >= -4 && $3{varCS} == 1 ? bottom
$2{varR} == 5 && $3{varCS} == 1 ? 4
$2{varR} >= 6 && $3{varCS} == 1 ? 0
-$2{varR} >= -3 && -$1{varC} >= -1 && $3{varCS} == 2 ? 0.
$1{varC} >= 2 && -$2{varR} >= -3 && -$1{varC} >= -5 && $3{varCS} == 2 ? 0.
$1{varC} >= 6 && -$2{varR} >= -3 && $3{varCS} == 2 ? bottom
$2{varR} == 4 && $3{varCS} == 2 ? 9
$2{varR} == 5 && $3{varCS} == 2 ? 4
$2{varR} >= 6 && $3{varCS} == 2 ? 0
-$2{varR} >= -2 && -$1{varC} >= -2 && $3{varCS} == 3 ? 0.
$1{varC} >= 3 && -$2{varR} >= -2 && -$1{varC} >= -5 && $3{varCS} == 3 ? 0.
$1{varC} >= 6 && -$2{varR} >= -2 && $3{varCS} == 3 ? bottom
$2{varR} == 3 && $3{varCS} == 3 ? 14
$2{varR} == 4 && $3{varCS} == 3 ? 9
$2{varR} == 5 && $3{varCS} == 3 ? 4
$2{varR} >= 6 && $3{varCS} == 3 ? 0
-$2{varR} >= -1 && -$1{varC} >= -3 && $3{varCS} == 4 ? 0.
$1{varC} >= 4 && -$2{varR} >= -1 && -$1{varC} >= -5 && $3{varCS} == 4 ? 0.
$1{varC} >= 6 && -$2{varR} >= -1 && $3{varCS} == 4 ? bottom
$2{varR} == 2 && $3{varCS} == 4 ? 19
$2{varR} == 3 && $3{varCS} == 4 ? 14
$2{varR} == 4 && $3{varCS} == 4 ? 9
$2{varR} == 5 && $3{varCS} == 4 ? 4
$2{varR} >= 6 && $3{varCS} == 4 ? 0
-$2{varR} >= 0 && -$1{varC} >= -4 && $3{varCS} == 5 ? 0.
-$2{varR} >= 0 && $1{varC} == 5 && $3{varCS} == 5 ? 0.
$1{varC} >= 6 && -$2{varR} >= 0 && $3{varCS} == 5 ? bottom
$2{varR} == 1 && $3{varCS} == 5 ? 24
$2{varR} == 2 && $3{varCS} == 5 ? 19
$2{varR} == 3 && $3{varCS} == 5 ? 14
$2{varR} == 4 && $3{varCS} == 5 ? 9
$2{varR} == 5 && $3{varCS} == 5 ? 4
$2{varR} >= 6 && $3{varCS} == 5 ? 0
$3{varCS} >= 6 && -$2{varR} >= 1 ? top
$3{varCS} >= 6 && $2{varR} == 0 ? 29
$3{varCS} >= 6 && $2{varR} == 1 ? 24
$3{varCS} >= 6 && $2{varR} == 2 ? 19
$3{varCS} >= 6 && $2{varR} == 3 ? 14
$3{varCS} >= 6 && $2{varR} == 4 ? 9
$3{varCS} >= 6 && $2{varR} == 5 ? 4
$2{varR} >= 6 && $3{varCS} >= 6 ? 0

[11:]:
-$3{varCS} >= -1 && -$2{varR} >= -4 && -$1{varC} >= -5 ? 0.
$1{varC} >= 6 && -$3{varCS} >= -1 && -$2{varR} >= -4 ? bottom
-$3{varCS} >= -1 && $2{varR} == 5 ? 2
$2{varR} >= 6 && -$3{varCS} >= -1 ? 0
-$2{varR} >= -3 && -$1{varC} >= -1 && $3{varCS} == 2 ? 0.
$1{varC} >= 2 && -$2{varR} >= -3 && -$1{varC} >= -5 && $3{varCS} == 2 ? 0.
$1{varC} >= 6 && -$2{varR} >= -3 && $3{varCS} == 2 ? bottom
$2{varR} == 4 && $3{varCS} == 2 ? 7
$2{varR} == 5 && $3{varCS} == 2 ? 2
$2{varR} >= 6 && $3{varCS} == 2 ? 0
-$2{varR} >= -2 && -$1{varC} >= -2 && $3{varCS} == 3 ? 0.
$1{varC} >= 3 && -$2{varR} >= -2 && -$1{varC} >= -5 && $3{varCS} == 3 ? 0.
$1{varC} >= 6 && -$2{varR} >= -2 && $3{varCS} == 3 ? bottom
$2{varR} == 3 && $3{varCS} == 3 ? 12
$2{varR} == 4 && $3{varCS} == 3 ? 7
$2{varR} == 5 && $3{varCS} == 3 ? 2
$2{varR} >= 6 && $3{varCS} == 3 ? 0
-$2{varR} >= -1 && -$1{varC} >= -3 && $3{varCS} == 4 ? 0.
$1{varC} >= 4 && -$2{varR} >= -1 && -$1{varC} >= -5 && $3{varCS} == 4 ? 0.
$1{varC} >= 6 && -$2{varR} >= -1 && $3{varCS} == 4 ? bottom
$2{varR} == 2 && $3{varCS} == 4 ? 17
$2{varR} == 3 && $3{varCS} == 4 ? 12
$2{varR} == 4 && $3{varCS} == 4 ? 7
$2{varR} == 5 && $3{varCS} == 4 ? 2
$2{varR} >= 6 && $3{varCS} == 4 ? 0
-$2{varR} >= 0 && -$1{varC} >= -4 && $3{varCS} == 5 ? 0.
-$2{varR} >= 0 && $1{varC} == 5 && $3{varCS} == 5 ? 0.
$1{varC} >= 6 && -$2{varR} >= 0 && $3{varCS} == 5 ? bottom
$2{varR} == 1 && $3{varCS} == 5 ? 22
$2{varR} == 2 && $3{varCS} == 5 ? 17
$2{varR} == 3 && $3{varCS} == 5 ? 12
$2{varR} == 4 && $3{varCS} == 5 ? 7
$2{varR} == 5 && $3{varCS} == 5 ? 2
$2{varR} >= 6 && $3{varCS} == 5 ? 0
-$2{varR} >= 1 && -$1{varC} >= -5 && $3{varCS} == 6 ? 0.
$1{varC} >= 6 && -$2{varR} >= 1 && $3{varCS} == 6 ? bottom
$2{varR} == 0 && $3{varCS} == 6 ? 27
$2{varR} == 1 && $3{varCS} == 6 ? 22
$2{varR} == 2 && $3{varCS} == 6 ? 17
$2{varR} == 3 && $3{varCS} == 6 ? 12
$2{varR} == 4 && $3{varCS} == 6 ? 7
$2{varR} == 5 && $3{varCS} == 6 ? 2
$2{varR} >= 6 && $3{varCS} == 6 ? 0
$3{varCS} >= 7 && -$2{varR} >= 2 ? top
$3{varCS} >= 7 && $2{varR} == -1 ? 32
$3{varCS} >= 7 && $2{varR} == 0 ? 27
$3{varCS} >= 7 && $2{varR} == 1 ? 22
$3{varCS} >= 7 && $2{varR} == 2 ? 17
$3{varCS} >= 7 && $2{varR} == 3 ? 12
$3{varCS} >= 7 && $2{varR} == 4 ? 7
$3{varCS} >= 7 && $2{varR} == 5 ? 2
$2{varR} >= 6 && $3{varCS} >= 7 ? 0

[12:]:
-$3{varCS} >= -1 && -$2{varR} >= -4 && -$1{varC} >= -5 ? 0.
$1{varC} >= 6 && -$3{varCS} >= -1 && -$2{varR} >= -4 ? bottom
-$3{varCS} >= -1 && $2{varR} == 5 ? 1
$2{varR} >= 6 && -$3{varCS} >= -1 ? 0
-$2{varR} >= -3 && -$1{varC} >= 0 && $3{varCS} == 2 ? 0.
$1{varC} >= 1 && -$2{varR} >= -3 && -$1{varC} >= -5 && $3{varCS} == 2 ? 0.
$1{varC} >= 6 && -$2{varR} >= -3 && $3{varCS} == 2 ? bottom
$2{varR} == 4 && $3{varCS} == 2 ? 6
$2{varR} == 5 && $3{varCS} == 2 ? 1
$2{varR} >= 6 && $3{varCS} == 2 ? 0
-$2{varR} >= -2 && -$1{varC} >= -1 && $3{varCS} == 3 ? 0.
$1{varC} >= 2 && -$2{varR} >= -2 && -$1{varC} >= -5 && $3{varCS} == 3 ? 0.
$1{varC} >= 6 && -$2{varR} >= -2 && $3{varCS} == 3 ? bottom
$2{varR} == 3 && $3{varCS} == 3 ? 11
$2{varR} == 4 && $3{varCS} == 3 ? 6
$2{varR} == 5 && $3{varCS} == 3 ? 1
$2{varR} >= 6 && $3{varCS} == 3 ? 0
-$2{varR} >= -1 && -$1{varC} >= -2 && $3{varCS} == 4 ? 0.
$1{varC} >= 3 && -$2{varR} >= -1 && -$1{varC} >= -5 && $3{varCS} == 4 ? 0.
$1{varC} >= 6 && -$2{varR} >= -1 && $3{varCS} == 4 ? bottom
$2{varR} == 2 && $3{varCS} == 4 ? 16
$2{varR} == 3 && $3{varCS} == 4 ? 11
$2{varR} == 4 && $3{varCS} == 4 ? 6
$2{varR} == 5 && $3{varCS} == 4 ? 1
$2{varR} >= 6 && $3{varCS} == 4 ? 0
-$2{varR} >= 0 && -$1{varC} >= -3 && $3{varCS} == 5 ? 0.
$1{varC} >= 4 && -$2{varR} >= 0 && -$1{varC} >= -5 && $3{varCS} == 5 ? 0.
$1{varC} >= 6 && -$2{varR} >= 0 && $3{varCS} == 5 ? bottom
$2{varR} == 1 && $3{varCS} == 5 ? 21
$2{varR} == 2 && $3{varCS} == 5 ? 16
$2{varR} == 3 && $3{varCS} == 5 ? 11
$2{varR} == 4 && $3{varCS} == 5 ? 6
$2{varR} == 5 && $3{varCS} == 5 ? 1
$2{varR} >= 6 && $3{varCS} == 5 ? 0
-$2{varR} >= 1 && -$1{varC} >= -4 && $3{varCS} == 6 ? 0.
-$2{varR} >= 1 && $1{varC} == 5 && $3{varCS} == 6 ? 0.
$1{varC} >= 6 && -$2{varR} >= 1 && $3{varCS} == 6 ? bottom
$2{varR} == 0 && $3{varCS} == 6 ? 26
$2{varR} == 1 && $3{varCS} == 6 ? 21
$2{varR} == 2 && $3{varCS} == 6 ? 16
$2{varR} == 3 && $3{varCS} == 6 ? 11
$2{varR} == 4 && $3{varCS} == 6 ? 6
$2{varR} == 5 && $3{varCS} == 6 ? 1
$2{varR} >= 6 && $3{varCS} == 6 ? 0
$3{varCS} >= 7 && -$2{varR} >= 2 ? top
$3{varCS} >= 7 && $2{varR} == -1 ? 31
$3{varCS} >= 7 && $2{varR} == 0 ? 26
$3{varCS} >= 7 && $2{varR} == 1 ? 21
$3{varCS} >= 7 && $2{varR} == 2 ? 16
$3{varCS} >= 7 && $2{varR} == 3 ? 11
$3{varCS} >= 7 && $2{varR} == 4 ? 6
$3{varCS} >= 7 && $2{varR} == 5 ? 1
$2{varR} >= 6 && $3{varCS} >= 7 ? 0

[13:]:
-$3{varCS} >= -1 && -$2{varR} >= -5 && -$1{varC} >= -5 ? 0.
$1{varC} >= 6 && -$3{varCS} >= -1 && -$2{varR} >= -5 ? bottom
$2{varR} >= 6 && -$3{varCS} >= -1 ? 0
-$2{varR} >= -4 && -$1{varC} >= 0 && $3{varCS} == 2 ? 0.
$1{varC} >= 1 && -$2{varR} >= -4 && -$1{varC} >= -5 && $3{varCS} == 2 ? 0.
$1{varC} >= 6 && -$2{varR} >= -4 && $3{varCS} == 2 ? bottom
$2{varR} == 5 && $3{varCS} == 2 ? 5
$2{varR} >= 6 && $3{varCS} == 2 ? 0
-$2{varR} >= -3 && -$1{varC} >= -1 && $3{varCS} == 3 ? 0.
$1{varC} >= 2 && -$2{varR} >= -3 && -$1{varC} >= -5 && $3{varCS} == 3 ? 0.
$1{varC} >= 6 && -$2{varR} >= -3 && $3{varCS} == 3 ? bottom
$2{varR} == 4 && $3{varCS} == 3 ? 10
$2{varR} == 5 && $3{varCS} == 3 ? 5
$2{varR} >= 6 && $3{varCS} == 3 ? 0
-$2{varR} >= -2 && -$1{varC} >= -2 && $3{varCS} == 4 ? 0.
$1{varC} >= 3 && -$2{varR} >= -2 && -$1{varC} >= -5 && $3{varCS} == 4 ? 0.
$1{varC} >= 6 && -$2{varR} >= -2 && $3{varCS} == 4 ? bottom
$2{varR} == 3 && $3{varCS} == 4 ? 15
$2{varR} == 4 && $3{varCS} == 4 ? 10
$2{varR} == 5 && $3{varCS} == 4 ? 5
$2{varR} >= 6 && $3{varCS} == 4 ? 0
-$2{varR} >= -1 && -$1{varC} >= -3 && $3{varCS} == 5 ? 0.
$1{varC} >= 4 && -$2{varR} >= -1 && -$1{varC} >= -5 && $3{varCS} == 5 ? 0.
$1{varC} >= 6 && -$2{varR} >= -1 && $3{varCS} == 5 ? bottom
$2{varR} == 2 && $3{varCS} == 5 ? 20
$2{varR} == 3 && $3{varCS} == 5 ? 15
$2{varR} == 4 && $3{varCS} == 5 ? 10
$2{varR} == 5 && $3{varCS} == 5 ? 5
$2{varR} >= 6 && $3{varCS} == 5 ? 0
-$2{varR} >= 0 && -$1{varC} >= -4 && $3{varCS} == 6 ? 0.
-$2{varR} >= 0 && $1{varC} == 5 && $3{varCS} == 6 ? 0.
$1{varC} >= 6 && -$2{varR} >= 0 && $3{varCS} == 6 ? bottom
$2{varR} == 1 && $3{varCS} == 6 ? 25
$2{varR} == 2 && $3{varCS} == 6 ? 20
$2{varR} == 3 && $3{varCS} == 6 ? 15
$2{varR} == 4 && $3{varCS} == 6 ? 10
$2{varR} == 5 && $3{varCS} == 6 ? 5
$2{varR} >= 6 && $3{varCS} == 6 ? 0
$3{varCS} >= 7 && -$2{varR} >= 1 ? top
$3{varCS} >= 7 && $2{varR} == 0 ? 30
$3{varCS} >= 7 && $2{varR} == 1 ? 25
$3{varCS} >= 7 && $2{varR} == 2 ? 20
$3{varCS} >= 7 && $2{varR} == 3 ? 15
$3{varCS} >= 7 && $2{varR} == 4 ? 10
$3{varCS} >= 7 && $2{varR} == 5 ? 5
$2{varR} >= 6 && $3{varCS} >= 7 ? 0

[14:]:
-$3{varCS} >= 0 && -$2{varR} >= -5 && -$1{varC} >= -5 ? 0.
$1{varC} >= 6 && -$3{varCS} >= 0 && -$2{varR} >= -5 ? bottom
$2{varR} >= 6 && -$3{varCS} >= 0 ? 0
-$2{varR} >= -4 && -$1{varC} >= 0 && $3{varCS} == 1 ? 0.
$1{varC} >= 1 && -$2{varR} >= -4 && -$1{varC} >= -5 && $3{varCS} == 1 ? 0.
$1{varC} >= 6 && -$2{varR} >= -4 && $3{varCS} == 1 ? bottom
$2{varR} == 5 && $3{varCS} == 1 ? 4
$2{varR} >= 6 && $3{varCS} == 1 ? 0
-$2{varR} >= -3 && -$1{varC} >= -1 && $3{varCS} == 2 ? 0.
$1{varC} >= 2 && -$2{varR} >= -3 && -$1{varC} >= -5 && $3{varCS} == 2 ? 0.
$1{varC} >= 6 && -$2{varR} >= -3 && $3{varCS} == 2 ? bottom
$2{varR} == 4 && $3{varCS} == 2 ? 9
$2{varR} == 5 && $3{varCS} == 2 ? 4
$2{varR} >= 6 && $3{varCS} == 2 ? 0
-$2{varR} >= -2 && -$1{varC} >= -2 && $3{varCS} == 3 ? 0.
$1{varC} >= 3 && -$2{varR} >= -2 && -$1{varC} >= -5 && $3{varCS} == 3 ? 0.
$1{varC} >= 6 && -$2{varR} >= -2 && $3{varCS} == 3 ? bottom
$2{varR} == 3 && $3{varCS} == 3 ? 14
$2{varR} == 4 && $3{varCS} == 3 ? 9
$2{varR} == 5 && $3{varCS} == 3 ? 4
$2{varR} >= 6 && $3{varCS} == 3 ? 0
-$2{varR} >= -1 && -$1{varC} >= -3 && $3{varCS} == 4 ? 0.
$1{varC} >= 4 && -$2{varR} >= -1 && -$1{varC} >= -5 && $3{varCS} == 4 ? 0.
$1{varC} >= 6 && -$2{varR} >= -1 && $3{varCS} == 4 ? bottom
$2{varR} == 2 && $3{varCS} == 4 ? 19
$2{varR} == 3 && $3{varCS} == 4 ? 14
$2{varR} == 4 && $3{varCS} == 4 ? 9
$2{varR} == 5 && $3{varCS} == 4 ? 4
$2{varR} >= 6 && $3{varCS} == 4 ? 0
-$2{varR} >= 0 && -$1{varC} >= -4 && $3{varCS} == 5 ? 0.
-$2{varR} >= 0 && $1{varC} == 5 && $3{varCS} == 5 ? 0.
$1{varC} >= 6 && -$2{varR} >= 0 && $3{varCS} == 5 ? bottom
$2{varR} == 1 && $3{varCS} == 5 ? 24
$2{varR} == 2 && $3{varCS} == 5 ? 19
$2{varR} == 3 && $3{varCS} == 5 ? 14
$2{varR} == 4 && $3{varCS} == 5 ? 9
$2{varR} == 5 && $3{varCS} == 5 ? 4
$2{varR} >= 6 && $3{varCS} == 5 ? 0
$3{varCS} >= 6 && -$2{varR} >= 1 ? top
$3{varCS} >= 6 && $2{varR} == 0 ? 29
$3{varCS} >= 6 && $2{varR} == 1 ? 24
$3{varCS} >= 6 && $2{varR} == 2 ? 19
$3{varCS} >= 6 && $2{varR} == 3 ? 14
$3{varCS} >= 6 && $2{varR} == 4 ? 9
$3{varCS} >= 6 && $2{varR} == 5 ? 4
$2{varR} >= 6 && $3{varCS} >= 6 ? 0

[15:]:
-$3{varCS} >= 0 && -$2{varR} >= -5 && -$1{varC} >= -5 ? 0.
$1{varC} >= 6 && -$3{varCS} >= 0 && -$2{varR} >= -5 ? bottom
$2{varR} >= 6 && -$3{varCS} >= 0 ? 0
-$2{varR} >= -4 && -$1{varC} >= 0 && $3{varCS} == 1 ? 0.
$1{varC} >= 1 && -$2{varR} >= -4 && -$1{varC} >= -5 && $3{varCS} == 1 ? 0.
$1{varC} >= 6 && -$2{varR} >= -4 && $3{varCS} == 1 ? bottom
$2{varR} == 5 && $3{varCS} == 1 ? 4
$2{varR} >= 6 && $3{varCS} == 1 ? 0
-$2{varR} >= -3 && -$1{varC} >= -1 && $3{varCS} == 2 ? 0.
$1{varC} >= 2 && -$2{varR} >= -3 && -$1{varC} >= -5 && $3{varCS} == 2 ? 0.
$1{varC} >= 6 && -$2{varR} >= -3 && $3{varCS} == 2 ? bottom
$2{varR} == 4 && $3{varCS} == 2 ? 9
$2{varR} == 5 && $3{varCS} == 2 ? 4
$2{varR} >= 6 && $3{varCS} == 2 ? 0
-$2{varR} >= -2 && -$1{varC} >= -2 && $3{varCS} == 3 ? 0.
$1{varC} >= 3 && -$2{varR} >= -2 && -$1{varC} >= -5 && $3{varCS} == 3 ? 0.
$1{varC} >= 6 && -$2{varR} >= -2 && $3{varCS} == 3 ? bottom
$2{varR} == 3 && $3{varCS} == 3 ? 14
$2{varR} == 4 && $3{varCS} == 3 ? 9
$2{varR} == 5 && $3{varCS} == 3 ? 4
$2{varR} >= 6 && $3{varCS} == 3 ? 0
-$2{varR} >= -1 && -$1{varC} >= -3 && $3{varCS} == 4 ? 0.
$1{varC} >= 4 && -$2{varR} >= -1 && -$1{varC} >= -5 && $3{varCS} == 4 ? 0.
$1{varC} >= 6 && -$2{varR} >= -1 && $3{varCS} == 4 ? bottom
$2{varR} == 2 && $3{varCS} == 4 ? 19
$2{varR} == 3 && $3{varCS} == 4 ? 14
$2{varR} == 4 && $3{varCS} == 4 ? 9
$2{varR} == 5 && $3{varCS} == 4 ? 4
$2{varR} >= 6 && $3{varCS} == 4 ? 0
-$2{varR} >= 0 && -$1{varC} >= -4 && $3{varCS} == 5 ? 0.
-$2{varR} >= 0 && $1{varC} == 5 && $3{varCS} == 5 ? 0.
$1{varC} >= 6 && -$2{varR} >= 0 && $3{varCS} == 5 ? bottom
$2{varR} == 1 && $3{varCS} == 5 ? 24
$2{varR} == 2 && $3{varCS} == 5 ? 19
$2{varR} == 3 && $3{varCS} == 5 ? 14
$2{varR} == 4 && $3{varCS} == 5 ? 9
$2{varR} == 5 && $3{varCS} == 5 ? 4
$2{varR} >= 6 && $3{varCS} == 5 ? 0
$3{varCS} >= 6 && -$2{varR} >= 1 ? top
$3{varCS} >= 6 && $2{varR} == 0 ? 29
$3{varCS} >= 6 && $2{varR} == 1 ? 24
$3{varCS} >= 6 && $2{varR} == 2 ? 19
$3{varCS} >= 6 && $2{varR} == 3 ? 14
$3{varCS} >= 6 && $2{varR} == 4 ? 9
$3{varCS} >= 6 && $2{varR} == 5 ? 4
$2{varR} >= 6 && $3{varCS} >= 6 ? 0

[16:]:
-$2{varR} >= -5 && -$1{varC} >= -5 ? 0.
$1{varC} >= 6 && -$2{varR} >= -5 ? bottom
$2{varR} >= 6 ? 0


Analysis Result: TRUE
