
CFG:
List of variables:
  $1{varC}:int at tests/ctl/t2_cav13/P25.c:8.8-12
  $2{varR}:int at tests/ctl/t2_cav13/P25.c:9.8-12
  $3{varCS}:int at tests/ctl/t2_cav13/P25.c:10.8-13

List of functions:
  1: main() -> void at tests/ctl/t2_cav13/P25.c:6.0-24.1, entry: 16, exit: 15, calls:

List of nodes:
  16: at :0:-1, in: out:1 
  15: at :0:-1, in: 2 out:
  1: at tests/ctl/t2_cav13/P25.c:6:0, in: 16 out:3 
  2: at tests/ctl/t2_cav13/P25.c:24:1, in: 5 out:15 
  3: at tests/ctl/t2_cav13/P25.c:8:13, in: 1 out:4 
  4: at tests/ctl/t2_cav13/P25.c:9:17, in: 3 out:5 
  5: at tests/ctl/t2_cav13/P25.c:10:18, in: 12 10 4 out:2 6 
  6: at tests/ctl/t2_cav13/P25.c:12:22, in: 5 out:7 8 
  7: at tests/ctl/t2_cav13/P25.c:17:15, in: 6 out:11 
  8: at tests/ctl/t2_cav13/P25.c:13:27, in: 6 out:9 
  9: at tests/ctl/t2_cav13/P25.c:14:28, in: 8 out:10 
  10: at tests/ctl/t2_cav13/P25.c:15:28, in: 9 out:5 
  11: at tests/ctl/t2_cav13/P25.c:18:28, in: 7 out:12 
  12: at tests/ctl/t2_cav13/P25.c:19:28, in: 11 out:5 
  13: at tests/ctl/t2_cav13/P25.c:6:0, in: out:14 
  14: at tests/ctl/t2_cav13/P25.c:24:1, in: 13 out:

List of arcs:
  16 -> 1: label entry
  2 -> 15: label exit
  1 -> 3: skip
  3 -> 4: $2{varR} = 0
  4 -> 5: $3{varCS} = 8
  5 -> 6: $3{varCS} > 0 ?
  5 -> 2: ! ($3{varCS} > 0) ?
  6 -> 8: $1{varC} >= $3{varCS} ?
  6 -> 7: ! ($1{varC} >= $3{varCS}) ?
  8 -> 9: $1{varC} = $1{varC} - 1
  9 -> 10: $2{varR} = $2{varR} + 1
  10 -> 5: $3{varCS} = $3{varCS} - 1
  7 -> 11: $1{varC} = $1{varC} - 1
  11 -> 12: $2{varR} = $2{varR} + 1
  12 -> 5: $3{varCS} = $3{varCS} - 1
  13 -> 14: skip


Property: $2{varR} > 5

[1:]:
-$2{varR} >= -5 ? bottom
$2{varR} >= 6 ? 0.

[2:]:
-$2{varR} >= -5 ? bottom
$2{varR} >= 6 ? 0.

[3:]:
-$2{varR} >= -5 ? bottom
$2{varR} >= 6 ? 0.

[4:]:
-$2{varR} >= -5 ? bottom
$2{varR} >= 6 ? 0.

[5:]:
-$2{varR} >= -5 ? bottom
$2{varR} >= 6 ? 0.

[6:]:
-$2{varR} >= -5 ? bottom
$2{varR} >= 6 ? 0.

[7:]:
-$2{varR} >= -5 ? bottom
$2{varR} >= 6 ? 0.

[8:]:
-$2{varR} >= -5 ? bottom
$2{varR} >= 6 ? 0.

[9:]:
-$2{varR} >= -5 ? bottom
$2{varR} >= 6 ? 0.

[10:]:
-$2{varR} >= -5 ? bottom
$2{varR} >= 6 ? 0.

[11:]:
-$2{varR} >= -5 ? bottom
$2{varR} >= 6 ? 0.

[12:]:
-$2{varR} >= -5 ? bottom
$2{varR} >= 6 ? 0.

[13:]:
-$2{varR} >= -5 ? bottom
$2{varR} >= 6 ? 0.

[14:]:
-$2{varR} >= -5 ? bottom
$2{varR} >= 6 ? 0.

[15:]:
-$2{varR} >= -5 ? bottom
$2{varR} >= 6 ? 0.

[16:]:
-$2{varR} >= -5 ? bottom
$2{varR} >= 6 ? 0.

Property: AF{$2{varR} > 5}

[1:]:
-$2{varR} >= -5 ? 31
$2{varR} >= 6 ? 0.

[2:]:
-$2{varR} >= -5 ? bottom
$2{varR} >= 6 ? 0.

[3:]:
-$2{varR} >= -5 ? 31
$2{varR} >= 6 ? 0.

[4:]:
-$2{varR} >= 1 ? top
$2{varR} == 0 ? 30
$2{varR} == 1 ? 25
$2{varR} == 2 ? 20
$2{varR} == 3 ? 15
$2{varR} == 4 ? 10
$2{varR} == 5 ? 5
$2{varR} >= 6 ? 0.

[5:]:
-$3{varCS} >= 0 && -$2{varR} >= -5 ? bottom
$2{varR} >= 6 && -$3{varCS} >= 0 ? 0.
-$2{varR} >= -4 && $3{varCS} == 1 ? bottom
$2{varR} == 5 && $3{varCS} == 1 ? 4
$2{varR} >= 6 && $3{varCS} == 1 ? 0.
-$2{varR} >= -3 && $3{varCS} == 2 ? bottom
$2{varR} == 4 && $3{varCS} == 2 ? 9
$2{varR} == 5 && $3{varCS} == 2 ? 4
$2{varR} >= 6 && $3{varCS} == 2 ? 0.
-$2{varR} >= -2 && $3{varCS} == 3 ? bottom
$2{varR} == 3 && $3{varCS} == 3 ? 14
$2{varR} == 4 && $3{varCS} == 3 ? 9
$2{varR} == 5 && $3{varCS} == 3 ? 4
$2{varR} >= 6 && $3{varCS} == 3 ? 0.
-$2{varR} >= -1 && $3{varCS} == 4 ? bottom
$2{varR} == 2 && $3{varCS} == 4 ? 19
$2{varR} == 3 && $3{varCS} == 4 ? 14
$2{varR} == 4 && $3{varCS} == 4 ? 9
$2{varR} == 5 && $3{varCS} == 4 ? 4
$2{varR} >= 6 && $3{varCS} == 4 ? 0.
-$2{varR} >= 0 && $3{varCS} == 5 ? bottom
$2{varR} == 1 && $3{varCS} == 5 ? 24
$2{varR} == 2 && $3{varCS} == 5 ? 19
$2{varR} == 3 && $3{varCS} == 5 ? 14
$2{varR} == 4 && $3{varCS} == 5 ? 9
$2{varR} == 5 && $3{varCS} == 5 ? 4
$2{varR} >= 6 && $3{varCS} == 5 ? 0.
-$2{varR} >= 1 && $3{varCS} == 6 ? bottom
$2{varR} == 0 && $3{varCS} == 6 ? 29
$2{varR} == 1 && $3{varCS} == 6 ? 24
$2{varR} == 2 && $3{varCS} == 6 ? 19
$2{varR} == 3 && $3{varCS} == 6 ? 14
$2{varR} == 4 && $3{varCS} == 6 ? 9
$2{varR} == 5 && $3{varCS} == 6 ? 4
$2{varR} >= 6 && $3{varCS} == 6 ? 0.
-$2{varR} >= 2 && $3{varCS} == 7 ? bottom
$2{varR} == -1 && $3{varCS} == 7 ? 34
$2{varR} == 0 && $3{varCS} == 7 ? 29
$2{varR} == 1 && $3{varCS} == 7 ? 24
$2{varR} == 2 && $3{varCS} == 7 ? 19
$2{varR} == 3 && $3{varCS} == 7 ? 14
$2{varR} == 4 && $3{varCS} == 7 ? 9
$2{varR} == 5 && $3{varCS} == 7 ? 4
$2{varR} >= 6 && $3{varCS} == 7 ? 0.
$3{varCS} >= 8 && -$2{varR} >= 2 ? top
$3{varCS} >= 8 && $2{varR} == -1 ? 34
$3{varCS} >= 8 && $2{varR} == 0 ? 29
$3{varCS} >= 8 && $2{varR} == 1 ? 24
$3{varCS} >= 8 && $2{varR} == 2 ? 19
$3{varCS} >= 8 && $2{varR} == 3 ? 14
$3{varCS} >= 8 && $2{varR} == 4 ? 9
$3{varCS} >= 8 && $2{varR} == 5 ? 4
$2{varR} >= 6 && $3{varCS} >= 8 ? 0.

[6:]:
-$3{varCS} >= -1 && -$2{varR} >= -4 ? bottom
-$3{varCS} >= -1 && $2{varR} == 5 ? 3
$2{varR} >= 6 && -$3{varCS} >= -1 ? 0.
-$2{varR} >= -3 && $3{varCS} == 2 ? bottom
$2{varR} == 4 && $3{varCS} == 2 ? 8
$2{varR} == 5 && $3{varCS} == 2 ? 3
$2{varR} >= 6 && $3{varCS} == 2 ? 0.
-$2{varR} >= -2 && $3{varCS} == 3 ? bottom
$2{varR} == 3 && $3{varCS} == 3 ? 13
$2{varR} == 4 && $3{varCS} == 3 ? 8
$2{varR} == 5 && $3{varCS} == 3 ? 3
$2{varR} >= 6 && $3{varCS} == 3 ? 0.
-$2{varR} >= -1 && $3{varCS} == 4 ? bottom
$2{varR} == 2 && $3{varCS} == 4 ? 18
$2{varR} == 3 && $3{varCS} == 4 ? 13
$2{varR} == 4 && $3{varCS} == 4 ? 8
$2{varR} == 5 && $3{varCS} == 4 ? 3
$2{varR} >= 6 && $3{varCS} == 4 ? 0.
-$2{varR} >= 0 && $3{varCS} == 5 ? bottom
$2{varR} == 1 && $3{varCS} == 5 ? 23
$2{varR} == 2 && $3{varCS} == 5 ? 18
$2{varR} == 3 && $3{varCS} == 5 ? 13
$2{varR} == 4 && $3{varCS} == 5 ? 8
$2{varR} == 5 && $3{varCS} == 5 ? 3
$2{varR} >= 6 && $3{varCS} == 5 ? 0.
-$2{varR} >= 1 && $3{varCS} == 6 ? bottom
$2{varR} == 0 && $3{varCS} == 6 ? 28
$2{varR} == 1 && $3{varCS} == 6 ? 23
$2{varR} == 2 && $3{varCS} == 6 ? 18
$2{varR} == 3 && $3{varCS} == 6 ? 13
$2{varR} == 4 && $3{varCS} == 6 ? 8
$2{varR} == 5 && $3{varCS} == 6 ? 3
$2{varR} >= 6 && $3{varCS} == 6 ? 0.
-$2{varR} >= 2 && $3{varCS} == 7 ? bottom
$2{varR} == -1 && $3{varCS} == 7 ? 33
$2{varR} == 0 && $3{varCS} == 7 ? 28
$2{varR} == 1 && $3{varCS} == 7 ? 23
$2{varR} == 2 && $3{varCS} == 7 ? 18
$2{varR} == 3 && $3{varCS} == 7 ? 13
$2{varR} == 4 && $3{varCS} == 7 ? 8
$2{varR} == 5 && $3{varCS} == 7 ? 3
$2{varR} >= 6 && $3{varCS} == 7 ? 0.
$3{varCS} >= 8 && -$2{varR} >= 2 ? top
$3{varCS} >= 8 && $2{varR} == -1 ? 33
$3{varCS} >= 8 && $2{varR} == 0 ? 28
$3{varCS} >= 8 && $2{varR} == 1 ? 23
$3{varCS} >= 8 && $2{varR} == 2 ? 18
$3{varCS} >= 8 && $2{varR} == 3 ? 13
$3{varCS} >= 8 && $2{varR} == 4 ? 8
$3{varCS} >= 8 && $2{varR} == 5 ? 3
$2{varR} >= 6 && $3{varCS} >= 8 ? 0.

[7:]:
-$3{varCS} >= -1 && -$2{varR} >= -4 ? bottom
-$3{varCS} >= -1 && $2{varR} == 5 ? 2
$2{varR} >= 6 && -$3{varCS} >= -1 ? 0.
-$2{varR} >= -3 && $3{varCS} == 2 ? bottom
$2{varR} == 4 && $3{varCS} == 2 ? 7
$2{varR} == 5 && $3{varCS} == 2 ? 2
$2{varR} >= 6 && $3{varCS} == 2 ? 0.
-$2{varR} >= -2 && $3{varCS} == 3 ? bottom
$2{varR} == 3 && $3{varCS} == 3 ? 12
$2{varR} == 4 && $3{varCS} == 3 ? 7
$2{varR} == 5 && $3{varCS} == 3 ? 2
$2{varR} >= 6 && $3{varCS} == 3 ? 0.
-$2{varR} >= -1 && $3{varCS} == 4 ? bottom
$2{varR} == 2 && $3{varCS} == 4 ? 17
$2{varR} == 3 && $3{varCS} == 4 ? 12
$2{varR} == 4 && $3{varCS} == 4 ? 7
$2{varR} == 5 && $3{varCS} == 4 ? 2
$2{varR} >= 6 && $3{varCS} == 4 ? 0.
-$2{varR} >= 0 && $3{varCS} == 5 ? bottom
$2{varR} == 1 && $3{varCS} == 5 ? 22
$2{varR} == 2 && $3{varCS} == 5 ? 17
$2{varR} == 3 && $3{varCS} == 5 ? 12
$2{varR} == 4 && $3{varCS} == 5 ? 7
$2{varR} == 5 && $3{varCS} == 5 ? 2
$2{varR} >= 6 && $3{varCS} == 5 ? 0.
-$2{varR} >= 1 && $3{varCS} == 6 ? bottom
$2{varR} == 0 && $3{varCS} == 6 ? 27
$2{varR} == 1 && $3{varCS} == 6 ? 22
$2{varR} == 2 && $3{varCS} == 6 ? 17
$2{varR} == 3 && $3{varCS} == 6 ? 12
$2{varR} == 4 && $3{varCS} == 6 ? 7
$2{varR} == 5 && $3{varCS} == 6 ? 2
$2{varR} >= 6 && $3{varCS} == 6 ? 0.
-$2{varR} >= 2 && $3{varCS} == 7 ? bottom
$2{varR} == -1 && $3{varCS} == 7 ? 32
$2{varR} == 0 && $3{varCS} == 7 ? 27
$2{varR} == 1 && $3{varCS} == 7 ? 22
$2{varR} == 2 && $3{varCS} == 7 ? 17
$2{varR} == 3 && $3{varCS} == 7 ? 12
$2{varR} == 4 && $3{varCS} == 7 ? 7
$2{varR} == 5 && $3{varCS} == 7 ? 2
$2{varR} >= 6 && $3{varCS} == 7 ? 0.
$3{varCS} >= 8 && -$2{varR} >= 2 ? top
$3{varCS} >= 8 && $2{varR} == -1 ? 32
$3{varCS} >= 8 && $2{varR} == 0 ? 27
$3{varCS} >= 8 && $2{varR} == 1 ? 22
$3{varCS} >= 8 && $2{varR} == 2 ? 17
$3{varCS} >= 8 && $2{varR} == 3 ? 12
$3{varCS} >= 8 && $2{varR} == 4 ? 7
$3{varCS} >= 8 && $2{varR} == 5 ? 2
$2{varR} >= 6 && $3{varCS} >= 8 ? 0.

[8:]:
-$3{varCS} >= -1 && -$2{varR} >= -4 ? bottom
-$3{varCS} >= -1 && $2{varR} == 5 ? 2
$2{varR} >= 6 && -$3{varCS} >= -1 ? 0.
-$2{varR} >= -3 && $3{varCS} == 2 ? bottom
$2{varR} == 4 && $3{varCS} == 2 ? 7
$2{varR} == 5 && $3{varCS} == 2 ? 2
$2{varR} >= 6 && $3{varCS} == 2 ? 0.
-$2{varR} >= -2 && $3{varCS} == 3 ? bottom
$2{varR} == 3 && $3{varCS} == 3 ? 12
$2{varR} == 4 && $3{varCS} == 3 ? 7
$2{varR} == 5 && $3{varCS} == 3 ? 2
$2{varR} >= 6 && $3{varCS} == 3 ? 0.
-$2{varR} >= -1 && $3{varCS} == 4 ? bottom
$2{varR} == 2 && $3{varCS} == 4 ? 17
$2{varR} == 3 && $3{varCS} == 4 ? 12
$2{varR} == 4 && $3{varCS} == 4 ? 7
$2{varR} == 5 && $3{varCS} == 4 ? 2
$2{varR} >= 6 && $3{varCS} == 4 ? 0.
-$2{varR} >= 0 && $3{varCS} == 5 ? bottom
$2{varR} == 1 && $3{varCS} == 5 ? 22
$2{varR} == 2 && $3{varCS} == 5 ? 17
$2{varR} == 3 && $3{varCS} == 5 ? 12
$2{varR} == 4 && $3{varCS} == 5 ? 7
$2{varR} == 5 && $3{varCS} == 5 ? 2
$2{varR} >= 6 && $3{varCS} == 5 ? 0.
-$2{varR} >= 1 && $3{varCS} == 6 ? bottom
$2{varR} == 0 && $3{varCS} == 6 ? 27
$2{varR} == 1 && $3{varCS} == 6 ? 22
$2{varR} == 2 && $3{varCS} == 6 ? 17
$2{varR} == 3 && $3{varCS} == 6 ? 12
$2{varR} == 4 && $3{varCS} == 6 ? 7
$2{varR} == 5 && $3{varCS} == 6 ? 2
$2{varR} >= 6 && $3{varCS} == 6 ? 0.
-$2{varR} >= 2 && $3{varCS} == 7 ? bottom
$2{varR} == -1 && $3{varCS} == 7 ? 32
$2{varR} == 0 && $3{varCS} == 7 ? 27
$2{varR} == 1 && $3{varCS} == 7 ? 22
$2{varR} == 2 && $3{varCS} == 7 ? 17
$2{varR} == 3 && $3{varCS} == 7 ? 12
$2{varR} == 4 && $3{varCS} == 7 ? 7
$2{varR} == 5 && $3{varCS} == 7 ? 2
$2{varR} >= 6 && $3{varCS} == 7 ? 0.
$3{varCS} >= 8 && -$2{varR} >= 2 ? top
$3{varCS} >= 8 && $2{varR} == -1 ? 32
$3{varCS} >= 8 && $2{varR} == 0 ? 27
$3{varCS} >= 8 && $2{varR} == 1 ? 22
$3{varCS} >= 8 && $2{varR} == 2 ? 17
$3{varCS} >= 8 && $2{varR} == 3 ? 12
$3{varCS} >= 8 && $2{varR} == 4 ? 7
$3{varCS} >= 8 && $2{varR} == 5 ? 2
$2{varR} >= 6 && $3{varCS} >= 8 ? 0.

[9:]:
-$3{varCS} >= -1 && -$2{varR} >= -4 ? bottom
-$3{varCS} >= -1 && $2{varR} == 5 ? 1
$2{varR} >= 6 && -$3{varCS} >= -1 ? 0.
-$2{varR} >= -3 && $3{varCS} == 2 ? bottom
$2{varR} == 4 && $3{varCS} == 2 ? 6
$2{varR} == 5 && $3{varCS} == 2 ? 1
$2{varR} >= 6 && $3{varCS} == 2 ? 0.
-$2{varR} >= -2 && $3{varCS} == 3 ? bottom
$2{varR} == 3 && $3{varCS} == 3 ? 11
$2{varR} == 4 && $3{varCS} == 3 ? 6
$2{varR} == 5 && $3{varCS} == 3 ? 1
$2{varR} >= 6 && $3{varCS} == 3 ? 0.
-$2{varR} >= -1 && $3{varCS} == 4 ? bottom
$2{varR} == 2 && $3{varCS} == 4 ? 16
$2{varR} == 3 && $3{varCS} == 4 ? 11
$2{varR} == 4 && $3{varCS} == 4 ? 6
$2{varR} == 5 && $3{varCS} == 4 ? 1
$2{varR} >= 6 && $3{varCS} == 4 ? 0.
-$2{varR} >= 0 && $3{varCS} == 5 ? bottom
$2{varR} == 1 && $3{varCS} == 5 ? 21
$2{varR} == 2 && $3{varCS} == 5 ? 16
$2{varR} == 3 && $3{varCS} == 5 ? 11
$2{varR} == 4 && $3{varCS} == 5 ? 6
$2{varR} == 5 && $3{varCS} == 5 ? 1
$2{varR} >= 6 && $3{varCS} == 5 ? 0.
-$2{varR} >= 1 && $3{varCS} == 6 ? bottom
$2{varR} == 0 && $3{varCS} == 6 ? 26
$2{varR} == 1 && $3{varCS} == 6 ? 21
$2{varR} == 2 && $3{varCS} == 6 ? 16
$2{varR} == 3 && $3{varCS} == 6 ? 11
$2{varR} == 4 && $3{varCS} == 6 ? 6
$2{varR} == 5 && $3{varCS} == 6 ? 1
$2{varR} >= 6 && $3{varCS} == 6 ? 0.
-$2{varR} >= 2 && $3{varCS} == 7 ? bottom
$2{varR} == -1 && $3{varCS} == 7 ? 31
$2{varR} == 0 && $3{varCS} == 7 ? 26
$2{varR} == 1 && $3{varCS} == 7 ? 21
$2{varR} == 2 && $3{varCS} == 7 ? 16
$2{varR} == 3 && $3{varCS} == 7 ? 11
$2{varR} == 4 && $3{varCS} == 7 ? 6
$2{varR} == 5 && $3{varCS} == 7 ? 1
$2{varR} >= 6 && $3{varCS} == 7 ? 0.
$3{varCS} >= 8 && -$2{varR} >= 2 ? top
$3{varCS} >= 8 && $2{varR} == -1 ? 31
$3{varCS} >= 8 && $2{varR} == 0 ? 26
$3{varCS} >= 8 && $2{varR} == 1 ? 21
$3{varCS} >= 8 && $2{varR} == 2 ? 16
$3{varCS} >= 8 && $2{varR} == 3 ? 11
$3{varCS} >= 8 && $2{varR} == 4 ? 6
$3{varCS} >= 8 && $2{varR} == 5 ? 1
$2{varR} >= 6 && $3{varCS} >= 8 ? 0.

[10:]:
-$3{varCS} >= -1 && -$2{varR} >= -5 ? bottom
$2{varR} >= 6 && -$3{varCS} >= -1 ? 0.
-$2{varR} >= -4 && $3{varCS} == 2 ? bottom
$2{varR} == 5 && $3{varCS} == 2 ? 5
$2{varR} >= 6 && $3{varCS} == 2 ? 0.
-$2{varR} >= -3 && $3{varCS} == 3 ? bottom
$2{varR} == 4 && $3{varCS} == 3 ? 10
$2{varR} == 5 && $3{varCS} == 3 ? 5
$2{varR} >= 6 && $3{varCS} == 3 ? 0.
-$2{varR} >= -2 && $3{varCS} == 4 ? bottom
$2{varR} == 3 && $3{varCS} == 4 ? 15
$2{varR} == 4 && $3{varCS} == 4 ? 10
$2{varR} == 5 && $3{varCS} == 4 ? 5
$2{varR} >= 6 && $3{varCS} == 4 ? 0.
-$2{varR} >= -1 && $3{varCS} == 5 ? bottom
$2{varR} == 2 && $3{varCS} == 5 ? 20
$2{varR} == 3 && $3{varCS} == 5 ? 15
$2{varR} == 4 && $3{varCS} == 5 ? 10
$2{varR} == 5 && $3{varCS} == 5 ? 5
$2{varR} >= 6 && $3{varCS} == 5 ? 0.
-$2{varR} >= 0 && $3{varCS} == 6 ? bottom
$2{varR} == 1 && $3{varCS} == 6 ? 25
$2{varR} == 2 && $3{varCS} == 6 ? 20
$2{varR} == 3 && $3{varCS} == 6 ? 15
$2{varR} == 4 && $3{varCS} == 6 ? 10
$2{varR} == 5 && $3{varCS} == 6 ? 5
$2{varR} >= 6 && $3{varCS} == 6 ? 0.
-$2{varR} >= 1 && $3{varCS} == 7 ? bottom
$2{varR} == 0 && $3{varCS} == 7 ? 30
$2{varR} == 1 && $3{varCS} == 7 ? 25
$2{varR} == 2 && $3{varCS} == 7 ? 20
$2{varR} == 3 && $3{varCS} == 7 ? 15
$2{varR} == 4 && $3{varCS} == 7 ? 10
$2{varR} == 5 && $3{varCS} == 7 ? 5
$2{varR} >= 6 && $3{varCS} == 7 ? 0.
$3{varCS} >= 8 && -$2{varR} >= 1 ? top
$3{varCS} >= 8 && $2{varR} == 0 ? 30
$3{varCS} >= 8 && $2{varR} == 1 ? 25
$3{varCS} >= 8 && $2{varR} == 2 ? 20
$3{varCS} >= 8 && $2{varR} == 3 ? 15
$3{varCS} >= 8 && $2{varR} == 4 ? 10
$3{varCS} >= 8 && $2{varR} == 5 ? 5
$2{varR} >= 6 && $3{varCS} >= 8 ? 0.

[11:]:
-$3{varCS} >= -1 && -$2{varR} >= -4 ? bottom
-$3{varCS} >= -1 && $2{varR} == 5 ? 1
$2{varR} >= 6 && -$3{varCS} >= -1 ? 0.
-$2{varR} >= -3 && $3{varCS} == 2 ? bottom
$2{varR} == 4 && $3{varCS} == 2 ? 6
$2{varR} == 5 && $3{varCS} == 2 ? 1
$2{varR} >= 6 && $3{varCS} == 2 ? 0.
-$2{varR} >= -2 && $3{varCS} == 3 ? bottom
$2{varR} == 3 && $3{varCS} == 3 ? 11
$2{varR} == 4 && $3{varCS} == 3 ? 6
$2{varR} == 5 && $3{varCS} == 3 ? 1
$2{varR} >= 6 && $3{varCS} == 3 ? 0.
-$2{varR} >= -1 && $3{varCS} == 4 ? bottom
$2{varR} == 2 && $3{varCS} == 4 ? 16
$2{varR} == 3 && $3{varCS} == 4 ? 11
$2{varR} == 4 && $3{varCS} == 4 ? 6
$2{varR} == 5 && $3{varCS} == 4 ? 1
$2{varR} >= 6 && $3{varCS} == 4 ? 0.
-$2{varR} >= 0 && $3{varCS} == 5 ? bottom
$2{varR} == 1 && $3{varCS} == 5 ? 21
$2{varR} == 2 && $3{varCS} == 5 ? 16
$2{varR} == 3 && $3{varCS} == 5 ? 11
$2{varR} == 4 && $3{varCS} == 5 ? 6
$2{varR} == 5 && $3{varCS} == 5 ? 1
$2{varR} >= 6 && $3{varCS} == 5 ? 0.
-$2{varR} >= 1 && $3{varCS} == 6 ? bottom
$2{varR} == 0 && $3{varCS} == 6 ? 26
$2{varR} == 1 && $3{varCS} == 6 ? 21
$2{varR} == 2 && $3{varCS} == 6 ? 16
$2{varR} == 3 && $3{varCS} == 6 ? 11
$2{varR} == 4 && $3{varCS} == 6 ? 6
$2{varR} == 5 && $3{varCS} == 6 ? 1
$2{varR} >= 6 && $3{varCS} == 6 ? 0.
-$2{varR} >= 2 && $3{varCS} == 7 ? bottom
$2{varR} == -1 && $3{varCS} == 7 ? 31
$2{varR} == 0 && $3{varCS} == 7 ? 26
$2{varR} == 1 && $3{varCS} == 7 ? 21
$2{varR} == 2 && $3{varCS} == 7 ? 16
$2{varR} == 3 && $3{varCS} == 7 ? 11
$2{varR} == 4 && $3{varCS} == 7 ? 6
$2{varR} == 5 && $3{varCS} == 7 ? 1
$2{varR} >= 6 && $3{varCS} == 7 ? 0.
$3{varCS} >= 8 && -$2{varR} >= 2 ? top
$3{varCS} >= 8 && $2{varR} == -1 ? 31
$3{varCS} >= 8 && $2{varR} == 0 ? 26
$3{varCS} >= 8 && $2{varR} == 1 ? 21
$3{varCS} >= 8 && $2{varR} == 2 ? 16
$3{varCS} >= 8 && $2{varR} == 3 ? 11
$3{varCS} >= 8 && $2{varR} == 4 ? 6
$3{varCS} >= 8 && $2{varR} == 5 ? 1
$2{varR} >= 6 && $3{varCS} >= 8 ? 0.

[12:]:
-$3{varCS} >= -1 && -$2{varR} >= -5 ? bottom
$2{varR} >= 6 && -$3{varCS} >= -1 ? 0.
-$2{varR} >= -4 && $3{varCS} == 2 ? bottom
$2{varR} == 5 && $3{varCS} == 2 ? 5
$2{varR} >= 6 && $3{varCS} == 2 ? 0.
-$2{varR} >= -3 && $3{varCS} == 3 ? bottom
$2{varR} == 4 && $3{varCS} == 3 ? 10
$2{varR} == 5 && $3{varCS} == 3 ? 5
$2{varR} >= 6 && $3{varCS} == 3 ? 0.
-$2{varR} >= -2 && $3{varCS} == 4 ? bottom
$2{varR} == 3 && $3{varCS} == 4 ? 15
$2{varR} == 4 && $3{varCS} == 4 ? 10
$2{varR} == 5 && $3{varCS} == 4 ? 5
$2{varR} >= 6 && $3{varCS} == 4 ? 0.
-$2{varR} >= -1 && $3{varCS} == 5 ? bottom
$2{varR} == 2 && $3{varCS} == 5 ? 20
$2{varR} == 3 && $3{varCS} == 5 ? 15
$2{varR} == 4 && $3{varCS} == 5 ? 10
$2{varR} == 5 && $3{varCS} == 5 ? 5
$2{varR} >= 6 && $3{varCS} == 5 ? 0.
-$2{varR} >= 0 && $3{varCS} == 6 ? bottom
$2{varR} == 1 && $3{varCS} == 6 ? 25
$2{varR} == 2 && $3{varCS} == 6 ? 20
$2{varR} == 3 && $3{varCS} == 6 ? 15
$2{varR} == 4 && $3{varCS} == 6 ? 10
$2{varR} == 5 && $3{varCS} == 6 ? 5
$2{varR} >= 6 && $3{varCS} == 6 ? 0.
-$2{varR} >= 1 && $3{varCS} == 7 ? bottom
$2{varR} == 0 && $3{varCS} == 7 ? 30
$2{varR} == 1 && $3{varCS} == 7 ? 25
$2{varR} == 2 && $3{varCS} == 7 ? 20
$2{varR} == 3 && $3{varCS} == 7 ? 15
$2{varR} == 4 && $3{varCS} == 7 ? 10
$2{varR} == 5 && $3{varCS} == 7 ? 5
$2{varR} >= 6 && $3{varCS} == 7 ? 0.
$3{varCS} >= 8 && -$2{varR} >= 1 ? top
$3{varCS} >= 8 && $2{varR} == 0 ? 30
$3{varCS} >= 8 && $2{varR} == 1 ? 25
$3{varCS} >= 8 && $2{varR} == 2 ? 20
$3{varCS} >= 8 && $2{varR} == 3 ? 15
$3{varCS} >= 8 && $2{varR} == 4 ? 10
$3{varCS} >= 8 && $2{varR} == 5 ? 5
$2{varR} >= 6 && $3{varCS} >= 8 ? 0.

[13:]:
top ? bottom

[14:]:
top ? bottom

[15:]:
-$2{varR} >= -5 ? bottom
$2{varR} >= 6 ? 0.

[16:]:
-$2{varR} >= -5 ? 31
$2{varR} >= 6 ? 0.

Property: $1{varC} <= 5

[1:]:
-$1{varC} >= -5 ? 0.
$1{varC} >= 6 ? bottom

[2:]:
-$1{varC} >= -5 ? 0.
$1{varC} >= 6 ? bottom

[3:]:
-$1{varC} >= -5 ? 0.
$1{varC} >= 6 ? bottom

[4:]:
-$1{varC} >= -5 ? 0.
$1{varC} >= 6 ? bottom

[5:]:
-$1{varC} >= -5 ? 0.
$1{varC} >= 6 ? bottom

[6:]:
-$1{varC} >= -5 ? 0.
$1{varC} >= 6 ? bottom

[7:]:
-$1{varC} >= -5 ? 0.
$1{varC} >= 6 ? bottom

[8:]:
-$1{varC} >= -5 ? 0.
$1{varC} >= 6 ? bottom

[9:]:
-$1{varC} >= -5 ? 0.
$1{varC} >= 6 ? bottom

[10:]:
-$1{varC} >= -5 ? 0.
$1{varC} >= 6 ? bottom

[11:]:
-$1{varC} >= -5 ? 0.
$1{varC} >= 6 ? bottom

[12:]:
-$1{varC} >= -5 ? 0.
$1{varC} >= 6 ? bottom

[13:]:
-$1{varC} >= -5 ? 0.
$1{varC} >= 6 ? bottom

[14:]:
-$1{varC} >= -5 ? 0.
$1{varC} >= 6 ? bottom

[15:]:
-$1{varC} >= -5 ? 0.
$1{varC} >= 6 ? bottom

[16:]:
-$1{varC} >= -5 ? 0.
$1{varC} >= 6 ? bottom

Property: OR{$1{varC} <= 5}{AF{$2{varR} > 5}}

[1:]:
-$2{varR} >= -5 ? 31
$2{varR} >= 6 ? 0

[2:]:
-$2{varR} >= -5 && -$1{varC} >= -5 ? 0.
$1{varC} >= 6 && -$2{varR} >= -5 ? bottom
$2{varR} >= 6 ? 0

[3:]:
-$2{varR} >= -5 ? 31
$2{varR} >= 6 ? 0

[4:]:
-$2{varR} >= 1 ? top
$2{varR} == 0 ? 30
$2{varR} == 1 ? 25
$2{varR} == 2 ? 20
$2{varR} == 3 ? 15
$2{varR} == 4 ? 10
$2{varR} == 5 ? 5
$2{varR} >= 6 ? 0

[5:]:
-$3{varCS} >= 0 && -$2{varR} >= -5 && -$1{varC} >= -5 ? 0.
$1{varC} >= 6 && -$3{varCS} >= 0 && -$2{varR} >= -5 ? bottom
$2{varR} >= 6 && -$3{varCS} >= 0 ? 0
-$2{varR} >= -4 && -$1{varC} >= 0 && $3{varCS} == 1 ? 0.
$1{varC} >= 1 && -$2{varR} >= -4 && -$1{varC} >= -5 && $3{varCS} == 1 ? 0.
$1{varC} >= 6 && -$2{varR} >= -4 && $3{varCS} == 1 ? bottom
$2{varR} == 5 && $3{varCS} == 1 ? 4
$2{varR} >= 6 && $3{varCS} == 1 ? 0
-$2{varR} >= -3 && -$1{varC} >= -1 && $3{varCS} == 2 ? 0.
$1{varC} >= 2 && -$2{varR} >= -3 && -$1{varC} >= -5 && $3{varCS} == 2 ? 0.
$1{varC} >= 6 && -$2{varR} >= -3 && $3{varCS} == 2 ? bottom
$2{varR} == 4 && $3{varCS} == 2 ? 9
$2{varR} == 5 && $3{varCS} == 2 ? 4
$2{varR} >= 6 && $3{varCS} == 2 ? 0
-$2{varR} >= -2 && -$1{varC} >= -2 && $3{varCS} == 3 ? 0.
$1{varC} >= 3 && -$2{varR} >= -2 && -$1{varC} >= -5 && $3{varCS} == 3 ? 0.
$1{varC} >= 6 && -$2{varR} >= -2 && $3{varCS} == 3 ? bottom
$2{varR} == 3 && $3{varCS} == 3 ? 14
$2{varR} == 4 && $3{varCS} == 3 ? 9
$2{varR} == 5 && $3{varCS} == 3 ? 4
$2{varR} >= 6 && $3{varCS} == 3 ? 0
-$2{varR} >= -1 && -$1{varC} >= -3 && $3{varCS} == 4 ? 0.
$1{varC} >= 4 && -$2{varR} >= -1 && -$1{varC} >= -5 && $3{varCS} == 4 ? 0.
$1{varC} >= 6 && -$2{varR} >= -1 && $3{varCS} == 4 ? bottom
$2{varR} == 2 && $3{varCS} == 4 ? 19
$2{varR} == 3 && $3{varCS} == 4 ? 14
$2{varR} == 4 && $3{varCS} == 4 ? 9
$2{varR} == 5 && $3{varCS} == 4 ? 4
$2{varR} >= 6 && $3{varCS} == 4 ? 0
-$2{varR} >= 0 && -$1{varC} >= -4 && $3{varCS} == 5 ? 0.
-$2{varR} >= 0 && $1{varC} == 5 && $3{varCS} == 5 ? 0.
$1{varC} >= 6 && -$2{varR} >= 0 && $3{varCS} == 5 ? bottom
$2{varR} == 1 && $3{varCS} == 5 ? 24
$2{varR} == 2 && $3{varCS} == 5 ? 19
$2{varR} == 3 && $3{varCS} == 5 ? 14
$2{varR} == 4 && $3{varCS} == 5 ? 9
$2{varR} == 5 && $3{varCS} == 5 ? 4
$2{varR} >= 6 && $3{varCS} == 5 ? 0
-$2{varR} >= 1 && -$1{varC} >= -5 && $3{varCS} == 6 ? 0.
$1{varC} >= 6 && -$2{varR} >= 1 && $3{varCS} == 6 ? bottom
$2{varR} == 0 && $3{varCS} == 6 ? 29
$2{varR} == 1 && $3{varCS} == 6 ? 24
$2{varR} == 2 && $3{varCS} == 6 ? 19
$2{varR} == 3 && $3{varCS} == 6 ? 14
$2{varR} == 4 && $3{varCS} == 6 ? 9
$2{varR} == 5 && $3{varCS} == 6 ? 4
$2{varR} >= 6 && $3{varCS} == 6 ? 0
-$2{varR} >= 2 && -$1{varC} >= -5 && $3{varCS} == 7 ? 0.
$1{varC} >= 6 && -$2{varR} >= 2 && $3{varCS} == 7 ? bottom
$2{varR} == -1 && $3{varCS} == 7 ? 34
$2{varR} == 0 && $3{varCS} == 7 ? 29
$2{varR} == 1 && $3{varCS} == 7 ? 24
$2{varR} == 2 && $3{varCS} == 7 ? 19
$2{varR} == 3 && $3{varCS} == 7 ? 14
$2{varR} == 4 && $3{varCS} == 7 ? 9
$2{varR} == 5 && $3{varCS} == 7 ? 4
$2{varR} >= 6 && $3{varCS} == 7 ? 0
$3{varCS} >= 8 && -$2{varR} >= 2 ? top
$3{varCS} >= 8 && $2{varR} == -1 ? 34
$3{varCS} >= 8 && $2{varR} == 0 ? 29
$3{varCS} >= 8 && $2{varR} == 1 ? 24
$3{varCS} >= 8 && $2{varR} == 2 ? 19
$3{varCS} >= 8 && $2{varR} == 3 ? 14
$3{varCS} >= 8 && $2{varR} == 4 ? 9
$3{varCS} >= 8 && $2{varR} == 5 ? 4
$2{varR} >= 6 && $3{varCS} >= 8 ? 0

[6:]:
-$3{varCS} >= -1 && -$2{varR} >= -4 && -$1{varC}+$3{varCS} >= 1 ? 0.
$1{varC}-$3{varCS} >= 0 && -$3{varCS} >= -1 && -$2{varR} >= -4 && -$1{varC} >= -5 ? 0.
$1{varC} >= 6 && -$3{varCS} >= -1 && -$2{varR} >= -4 ? bottom
-$3{varCS} >= -1 && $2{varR} == 5 ? 3
$2{varR} >= 6 && -$3{varCS} >= -1 ? 0
-$2{varR} >= -3 && -$1{varC} >= -1 && $3{varCS} == 2 ? 0.
$1{varC} >= 2 && -$2{varR} >= -3 && -$1{varC} >= -5 && $3{varCS} == 2 ? 0.
$1{varC} >= 6 && -$2{varR} >= -3 && $3{varCS} == 2 ? bottom
$2{varR} == 4 && $3{varCS} == 2 ? 8
$2{varR} == 5 && $3{varCS} == 2 ? 3
$2{varR} >= 6 && $3{varCS} == 2 ? 0
-$2{varR} >= -2 && -$1{varC} >= -2 && $3{varCS} == 3 ? 0.
$1{varC} >= 3 && -$2{varR} >= -2 && -$1{varC} >= -5 && $3{varCS} == 3 ? 0.
$1{varC} >= 6 && -$2{varR} >= -2 && $3{varCS} == 3 ? bottom
$2{varR} == 3 && $3{varCS} == 3 ? 13
$2{varR} == 4 && $3{varCS} == 3 ? 8
$2{varR} == 5 && $3{varCS} == 3 ? 3
$2{varR} >= 6 && $3{varCS} == 3 ? 0
-$2{varR} >= -1 && -$1{varC} >= -3 && $3{varCS} == 4 ? 0.
$1{varC} >= 4 && -$2{varR} >= -1 && -$1{varC} >= -5 && $3{varCS} == 4 ? 0.
$1{varC} >= 6 && -$2{varR} >= -1 && $3{varCS} == 4 ? bottom
$2{varR} == 2 && $3{varCS} == 4 ? 18
$2{varR} == 3 && $3{varCS} == 4 ? 13
$2{varR} == 4 && $3{varCS} == 4 ? 8
$2{varR} == 5 && $3{varCS} == 4 ? 3
$2{varR} >= 6 && $3{varCS} == 4 ? 0
-$2{varR} >= 0 && -$1{varC} >= -4 && $3{varCS} == 5 ? 0.
-$2{varR} >= 0 && $1{varC} == 5 && $3{varCS} == 5 ? 0.
$1{varC} >= 6 && -$2{varR} >= 0 && $3{varCS} == 5 ? bottom
$2{varR} == 1 && $3{varCS} == 5 ? 23
$2{varR} == 2 && $3{varCS} == 5 ? 18
$2{varR} == 3 && $3{varCS} == 5 ? 13
$2{varR} == 4 && $3{varCS} == 5 ? 8
$2{varR} == 5 && $3{varCS} == 5 ? 3
$2{varR} >= 6 && $3{varCS} == 5 ? 0
-$2{varR} >= 1 && -$1{varC} >= -5 && $3{varCS} == 6 ? 0.
$1{varC} >= 6 && -$2{varR} >= 1 && $3{varCS} == 6 ? bottom
$2{varR} == 0 && $3{varCS} == 6 ? 28
$2{varR} == 1 && $3{varCS} == 6 ? 23
$2{varR} == 2 && $3{varCS} == 6 ? 18
$2{varR} == 3 && $3{varCS} == 6 ? 13
$2{varR} == 4 && $3{varCS} == 6 ? 8
$2{varR} == 5 && $3{varCS} == 6 ? 3
$2{varR} >= 6 && $3{varCS} == 6 ? 0
-$2{varR} >= 2 && -$1{varC} >= -5 && $3{varCS} == 7 ? 0.
$1{varC} >= 6 && -$2{varR} >= 2 && $3{varCS} == 7 ? bottom
$2{varR} == -1 && $3{varCS} == 7 ? 33
$2{varR} == 0 && $3{varCS} == 7 ? 28
$2{varR} == 1 && $3{varCS} == 7 ? 23
$2{varR} == 2 && $3{varCS} == 7 ? 18
$2{varR} == 3 && $3{varCS} == 7 ? 13
$2{varR} == 4 && $3{varCS} == 7 ? 8
$2{varR} == 5 && $3{varCS} == 7 ? 3
$2{varR} >= 6 && $3{varCS} == 7 ? 0
$3{varCS} >= 8 && -$2{varR} >= 2 ? top
$3{varCS} >= 8 && $2{varR} == -1 ? 33
$3{varCS} >= 8 && $2{varR} == 0 ? 28
$3{varCS} >= 8 && $2{varR} == 1 ? 23
$3{varCS} >= 8 && $2{varR} == 2 ? 18
$3{varCS} >= 8 && $2{varR} == 3 ? 13
$3{varCS} >= 8 && $2{varR} == 4 ? 8
$3{varCS} >= 8 && $2{varR} == 5 ? 3
$2{varR} >= 6 && $3{varCS} >= 8 ? 0

[7:]:
-$3{varCS} >= -1 && -$2{varR} >= -4 && -$1{varC} >= -5 ? 0.
$1{varC} >= 6 && -$3{varCS} >= -1 && -$2{varR} >= -4 ? bottom
-$3{varCS} >= -1 && $2{varR} == 5 ? 2
$2{varR} >= 6 && -$3{varCS} >= -1 ? 0
-$2{varR} >= -3 && -$1{varC} >= -1 && $3{varCS} == 2 ? 0.
$1{varC} >= 2 && -$2{varR} >= -3 && -$1{varC} >= -5 && $3{varCS} == 2 ? 0.
$1{varC} >= 6 && -$2{varR} >= -3 && $3{varCS} == 2 ? bottom
$2{varR} == 4 && $3{varCS} == 2 ? 7
$2{varR} == 5 && $3{varCS} == 2 ? 2
$2{varR} >= 6 && $3{varCS} == 2 ? 0
-$2{varR} >= -2 && -$1{varC} >= -2 && $3{varCS} == 3 ? 0.
$1{varC} >= 3 && -$2{varR} >= -2 && -$1{varC} >= -5 && $3{varCS} == 3 ? 0.
$1{varC} >= 6 && -$2{varR} >= -2 && $3{varCS} == 3 ? bottom
$2{varR} == 3 && $3{varCS} == 3 ? 12
$2{varR} == 4 && $3{varCS} == 3 ? 7
$2{varR} == 5 && $3{varCS} == 3 ? 2
$2{varR} >= 6 && $3{varCS} == 3 ? 0
-$2{varR} >= -1 && -$1{varC} >= -3 && $3{varCS} == 4 ? 0.
$1{varC} >= 4 && -$2{varR} >= -1 && -$1{varC} >= -5 && $3{varCS} == 4 ? 0.
$1{varC} >= 6 && -$2{varR} >= -1 && $3{varCS} == 4 ? bottom
$2{varR} == 2 && $3{varCS} == 4 ? 17
$2{varR} == 3 && $3{varCS} == 4 ? 12
$2{varR} == 4 && $3{varCS} == 4 ? 7
$2{varR} == 5 && $3{varCS} == 4 ? 2
$2{varR} >= 6 && $3{varCS} == 4 ? 0
-$2{varR} >= 0 && -$1{varC} >= -4 && $3{varCS} == 5 ? 0.
-$2{varR} >= 0 && $1{varC} == 5 && $3{varCS} == 5 ? 0.
$1{varC} >= 6 && -$2{varR} >= 0 && $3{varCS} == 5 ? bottom
$2{varR} == 1 && $3{varCS} == 5 ? 22
$2{varR} == 2 && $3{varCS} == 5 ? 17
$2{varR} == 3 && $3{varCS} == 5 ? 12
$2{varR} == 4 && $3{varCS} == 5 ? 7
$2{varR} == 5 && $3{varCS} == 5 ? 2
$2{varR} >= 6 && $3{varCS} == 5 ? 0
-$2{varR} >= 1 && -$1{varC} >= -5 && $3{varCS} == 6 ? 0.
$1{varC} >= 6 && -$2{varR} >= 1 && $3{varCS} == 6 ? bottom
$2{varR} == 0 && $3{varCS} == 6 ? 27
$2{varR} == 1 && $3{varCS} == 6 ? 22
$2{varR} == 2 && $3{varCS} == 6 ? 17
$2{varR} == 3 && $3{varCS} == 6 ? 12
$2{varR} == 4 && $3{varCS} == 6 ? 7
$2{varR} == 5 && $3{varCS} == 6 ? 2
$2{varR} >= 6 && $3{varCS} == 6 ? 0
-$2{varR} >= 2 && -$1{varC} >= -5 && $3{varCS} == 7 ? 0.
$1{varC} >= 6 && -$2{varR} >= 2 && $3{varCS} == 7 ? bottom
$2{varR} == -1 && $3{varCS} == 7 ? 32
$2{varR} == 0 && $3{varCS} == 7 ? 27
$2{varR} == 1 && $3{varCS} == 7 ? 22
$2{varR} == 2 && $3{varCS} == 7 ? 17
$2{varR} == 3 && $3{varCS} == 7 ? 12
$2{varR} == 4 && $3{varCS} == 7 ? 7
$2{varR} == 5 && $3{varCS} == 7 ? 2
$2{varR} >= 6 && $3{varCS} == 7 ? 0
$3{varCS} >= 8 && -$2{varR} >= 2 ? top
$3{varCS} >= 8 && $2{varR} == -1 ? 32
$3{varCS} >= 8 && $2{varR} == 0 ? 27
$3{varCS} >= 8 && $2{varR} == 1 ? 22
$3{varCS} >= 8 && $2{varR} == 2 ? 17
$3{varCS} >= 8 && $2{varR} == 3 ? 12
$3{varCS} >= 8 && $2{varR} == 4 ? 7
$3{varCS} >= 8 && $2{varR} == 5 ? 2
$2{varR} >= 6 && $3{varCS} >= 8 ? 0

[8:]:
-$3{varCS} >= -1 && -$2{varR} >= -4 && -$1{varC} >= -5 ? 0.
$1{varC} >= 6 && -$3{varCS} >= -1 && -$2{varR} >= -4 ? bottom
-$3{varCS} >= -1 && $2{varR} == 5 ? 2
$2{varR} >= 6 && -$3{varCS} >= -1 ? 0
-$2{varR} >= -3 && -$1{varC} >= -1 && $3{varCS} == 2 ? 0.
$1{varC} >= 2 && -$2{varR} >= -3 && -$1{varC} >= -5 && $3{varCS} == 2 ? 0.
$1{varC} >= 6 && -$2{varR} >= -3 && $3{varCS} == 2 ? bottom
$2{varR} == 4 && $3{varCS} == 2 ? 7
$2{varR} == 5 && $3{varCS} == 2 ? 2
$2{varR} >= 6 && $3{varCS} == 2 ? 0
-$2{varR} >= -2 && -$1{varC} >= -2 && $3{varCS} == 3 ? 0.
$1{varC} >= 3 && -$2{varR} >= -2 && -$1{varC} >= -5 && $3{varCS} == 3 ? 0.
$1{varC} >= 6 && -$2{varR} >= -2 && $3{varCS} == 3 ? bottom
$2{varR} == 3 && $3{varCS} == 3 ? 12
$2{varR} == 4 && $3{varCS} == 3 ? 7
$2{varR} == 5 && $3{varCS} == 3 ? 2
$2{varR} >= 6 && $3{varCS} == 3 ? 0
-$2{varR} >= -1 && -$1{varC} >= -3 && $3{varCS} == 4 ? 0.
$1{varC} >= 4 && -$2{varR} >= -1 && -$1{varC} >= -5 && $3{varCS} == 4 ? 0.
$1{varC} >= 6 && -$2{varR} >= -1 && $3{varCS} == 4 ? bottom
$2{varR} == 2 && $3{varCS} == 4 ? 17
$2{varR} == 3 && $3{varCS} == 4 ? 12
$2{varR} == 4 && $3{varCS} == 4 ? 7
$2{varR} == 5 && $3{varCS} == 4 ? 2
$2{varR} >= 6 && $3{varCS} == 4 ? 0
-$2{varR} >= 0 && -$1{varC} >= -4 && $3{varCS} == 5 ? 0.
-$2{varR} >= 0 && $1{varC} == 5 && $3{varCS} == 5 ? 0.
$1{varC} >= 6 && -$2{varR} >= 0 && $3{varCS} == 5 ? bottom
$2{varR} == 1 && $3{varCS} == 5 ? 22
$2{varR} == 2 && $3{varCS} == 5 ? 17
$2{varR} == 3 && $3{varCS} == 5 ? 12
$2{varR} == 4 && $3{varCS} == 5 ? 7
$2{varR} == 5 && $3{varCS} == 5 ? 2
$2{varR} >= 6 && $3{varCS} == 5 ? 0
-$2{varR} >= 1 && -$1{varC} >= -5 && $3{varCS} == 6 ? 0.
$1{varC} >= 6 && -$2{varR} >= 1 && $3{varCS} == 6 ? bottom
$2{varR} == 0 && $3{varCS} == 6 ? 27
$2{varR} == 1 && $3{varCS} == 6 ? 22
$2{varR} == 2 && $3{varCS} == 6 ? 17
$2{varR} == 3 && $3{varCS} == 6 ? 12
$2{varR} == 4 && $3{varCS} == 6 ? 7
$2{varR} == 5 && $3{varCS} == 6 ? 2
$2{varR} >= 6 && $3{varCS} == 6 ? 0
-$2{varR} >= 2 && -$1{varC} >= -5 && $3{varCS} == 7 ? 0.
$1{varC} >= 6 && -$2{varR} >= 2 && $3{varCS} == 7 ? bottom
$2{varR} == -1 && $3{varCS} == 7 ? 32
$2{varR} == 0 && $3{varCS} == 7 ? 27
$2{varR} == 1 && $3{varCS} == 7 ? 22
$2{varR} == 2 && $3{varCS} == 7 ? 17
$2{varR} == 3 && $3{varCS} == 7 ? 12
$2{varR} == 4 && $3{varCS} == 7 ? 7
$2{varR} == 5 && $3{varCS} == 7 ? 2
$2{varR} >= 6 && $3{varCS} == 7 ? 0
$3{varCS} >= 8 && -$2{varR} >= 2 ? top
$3{varCS} >= 8 && $2{varR} == -1 ? 32
$3{varCS} >= 8 && $2{varR} == 0 ? 27
$3{varCS} >= 8 && $2{varR} == 1 ? 22
$3{varCS} >= 8 && $2{varR} == 2 ? 17
$3{varCS} >= 8 && $2{varR} == 3 ? 12
$3{varCS} >= 8 && $2{varR} == 4 ? 7
$3{varCS} >= 8 && $2{varR} == 5 ? 2
$2{varR} >= 6 && $3{varCS} >= 8 ? 0

[9:]:
-$3{varCS} >= -1 && -$2{varR} >= -4 && -$1{varC} >= -5 ? 0.
$1{varC} >= 6 && -$3{varCS} >= -1 && -$2{varR} >= -4 ? bottom
-$3{varCS} >= -1 && $2{varR} == 5 ? 1
$2{varR} >= 6 && -$3{varCS} >= -1 ? 0
-$2{varR} >= -3 && -$1{varC} >= 0 && $3{varCS} == 2 ? 0.
$1{varC} >= 1 && -$2{varR} >= -3 && -$1{varC} >= -5 && $3{varCS} == 2 ? 0.
$1{varC} >= 6 && -$2{varR} >= -3 && $3{varCS} == 2 ? bottom
$2{varR} == 4 && $3{varCS} == 2 ? 6
$2{varR} == 5 && $3{varCS} == 2 ? 1
$2{varR} >= 6 && $3{varCS} == 2 ? 0
-$2{varR} >= -2 && -$1{varC} >= -1 && $3{varCS} == 3 ? 0.
$1{varC} >= 2 && -$2{varR} >= -2 && -$1{varC} >= -5 && $3{varCS} == 3 ? 0.
$1{varC} >= 6 && -$2{varR} >= -2 && $3{varCS} == 3 ? bottom
$2{varR} == 3 && $3{varCS} == 3 ? 11
$2{varR} == 4 && $3{varCS} == 3 ? 6
$2{varR} == 5 && $3{varCS} == 3 ? 1
$2{varR} >= 6 && $3{varCS} == 3 ? 0
-$2{varR} >= -1 && -$1{varC} >= -2 && $3{varCS} == 4 ? 0.
$1{varC} >= 3 && -$2{varR} >= -1 && -$1{varC} >= -5 && $3{varCS} == 4 ? 0.
$1{varC} >= 6 && -$2{varR} >= -1 && $3{varCS} == 4 ? bottom
$2{varR} == 2 && $3{varCS} == 4 ? 16
$2{varR} == 3 && $3{varCS} == 4 ? 11
$2{varR} == 4 && $3{varCS} == 4 ? 6
$2{varR} == 5 && $3{varCS} == 4 ? 1
$2{varR} >= 6 && $3{varCS} == 4 ? 0
-$2{varR} >= 0 && -$1{varC} >= -3 && $3{varCS} == 5 ? 0.
$1{varC} >= 4 && -$2{varR} >= 0 && -$1{varC} >= -5 && $3{varCS} == 5 ? 0.
$1{varC} >= 6 && -$2{varR} >= 0 && $3{varCS} == 5 ? bottom
$2{varR} == 1 && $3{varCS} == 5 ? 21
$2{varR} == 2 && $3{varCS} == 5 ? 16
$2{varR} == 3 && $3{varCS} == 5 ? 11
$2{varR} == 4 && $3{varCS} == 5 ? 6
$2{varR} == 5 && $3{varCS} == 5 ? 1
$2{varR} >= 6 && $3{varCS} == 5 ? 0
-$2{varR} >= 1 && -$1{varC} >= -4 && $3{varCS} == 6 ? 0.
-$2{varR} >= 1 && $1{varC} == 5 && $3{varCS} == 6 ? 0.
$1{varC} >= 6 && -$2{varR} >= 1 && $3{varCS} == 6 ? bottom
$2{varR} == 0 && $3{varCS} == 6 ? 26
$2{varR} == 1 && $3{varCS} == 6 ? 21
$2{varR} == 2 && $3{varCS} == 6 ? 16
$2{varR} == 3 && $3{varCS} == 6 ? 11
$2{varR} == 4 && $3{varCS} == 6 ? 6
$2{varR} == 5 && $3{varCS} == 6 ? 1
$2{varR} >= 6 && $3{varCS} == 6 ? 0
-$2{varR} >= 2 && -$1{varC} >= -5 && $3{varCS} == 7 ? 0.
$1{varC} >= 6 && -$2{varR} >= 2 && $3{varCS} == 7 ? bottom
$2{varR} == -1 && $3{varCS} == 7 ? 31
$2{varR} == 0 && $3{varCS} == 7 ? 26
$2{varR} == 1 && $3{varCS} == 7 ? 21
$2{varR} == 2 && $3{varCS} == 7 ? 16
$2{varR} == 3 && $3{varCS} == 7 ? 11
$2{varR} == 4 && $3{varCS} == 7 ? 6
$2{varR} == 5 && $3{varCS} == 7 ? 1
$2{varR} >= 6 && $3{varCS} == 7 ? 0
$3{varCS} >= 8 && -$2{varR} >= 2 ? top
$3{varCS} >= 8 && $2{varR} == -1 ? 31
$3{varCS} >= 8 && $2{varR} == 0 ? 26
$3{varCS} >= 8 && $2{varR} == 1 ? 21
$3{varCS} >= 8 && $2{varR} == 2 ? 16
$3{varCS} >= 8 && $2{varR} == 3 ? 11
$3{varCS} >= 8 && $2{varR} == 4 ? 6
$3{varCS} >= 8 && $2{varR} == 5 ? 1
$2{varR} >= 6 && $3{varCS} >= 8 ? 0

[10:]:
-$3{varCS} >= -1 && -$2{varR} >= -5 && -$1{varC} >= -5 ? 0.
$1{varC} >= 6 && -$3{varCS} >= -1 && -$2{varR} >= -5 ? bottom
$2{varR} >= 6 && -$3{varCS} >= -1 ? 0
-$2{varR} >= -4 && -$1{varC} >= 0 && $3{varCS} == 2 ? 0.
$1{varC} >= 1 && -$2{varR} >= -4 && -$1{varC} >= -5 && $3{varCS} == 2 ? 0.
$1{varC} >= 6 && -$2{varR} >= -4 && $3{varCS} == 2 ? bottom
$2{varR} == 5 && $3{varCS} == 2 ? 5
$2{varR} >= 6 && $3{varCS} == 2 ? 0
-$2{varR} >= -3 && -$1{varC} >= -1 && $3{varCS} == 3 ? 0.
$1{varC} >= 2 && -$2{varR} >= -3 && -$1{varC} >= -5 && $3{varCS} == 3 ? 0.
$1{varC} >= 6 && -$2{varR} >= -3 && $3{varCS} == 3 ? bottom
$2{varR} == 4 && $3{varCS} == 3 ? 10
$2{varR} == 5 && $3{varCS} == 3 ? 5
$2{varR} >= 6 && $3{varCS} == 3 ? 0
-$2{varR} >= -2 && -$1{varC} >= -2 && $3{varCS} == 4 ? 0.
$1{varC} >= 3 && -$2{varR} >= -2 && -$1{varC} >= -5 && $3{varCS} == 4 ? 0.
$1{varC} >= 6 && -$2{varR} >= -2 && $3{varCS} == 4 ? bottom
$2{varR} == 3 && $3{varCS} == 4 ? 15
$2{varR} == 4 && $3{varCS} == 4 ? 10
$2{varR} == 5 && $3{varCS} == 4 ? 5
$2{varR} >= 6 && $3{varCS} == 4 ? 0
-$2{varR} >= -1 && -$1{varC} >= -3 && $3{varCS} == 5 ? 0.
$1{varC} >= 4 && -$2{varR} >= -1 && -$1{varC} >= -5 && $3{varCS} == 5 ? 0.
$1{varC} >= 6 && -$2{varR} >= -1 && $3{varCS} == 5 ? bottom
$2{varR} == 2 && $3{varCS} == 5 ? 20
$2{varR} == 3 && $3{varCS} == 5 ? 15
$2{varR} == 4 && $3{varCS} == 5 ? 10
$2{varR} == 5 && $3{varCS} == 5 ? 5
$2{varR} >= 6 && $3{varCS} == 5 ? 0
-$2{varR} >= 0 && -$1{varC} >= -4 && $3{varCS} == 6 ? 0.
-$2{varR} >= 0 && $1{varC} == 5 && $3{varCS} == 6 ? 0.
$1{varC} >= 6 && -$2{varR} >= 0 && $3{varCS} == 6 ? bottom
$2{varR} == 1 && $3{varCS} == 6 ? 25
$2{varR} == 2 && $3{varCS} == 6 ? 20
$2{varR} == 3 && $3{varCS} == 6 ? 15
$2{varR} == 4 && $3{varCS} == 6 ? 10
$2{varR} == 5 && $3{varCS} == 6 ? 5
$2{varR} >= 6 && $3{varCS} == 6 ? 0
-$2{varR} >= 1 && -$1{varC} >= -5 && $3{varCS} == 7 ? 0.
$1{varC} >= 6 && -$2{varR} >= 1 && $3{varCS} == 7 ? bottom
$2{varR} == 0 && $3{varCS} == 7 ? 30
$2{varR} == 1 && $3{varCS} == 7 ? 25
$2{varR} == 2 && $3{varCS} == 7 ? 20
$2{varR} == 3 && $3{varCS} == 7 ? 15
$2{varR} == 4 && $3{varCS} == 7 ? 10
$2{varR} == 5 && $3{varCS} == 7 ? 5
$2{varR} >= 6 && $3{varCS} == 7 ? 0
$3{varCS} >= 8 && -$2{varR} >= 1 ? top
$3{varCS} >= 8 && $2{varR} == 0 ? 30
$3{varCS} >= 8 && $2{varR} == 1 ? 25
$3{varCS} >= 8 && $2{varR} == 2 ? 20
$3{varCS} >= 8 && $2{varR} == 3 ? 15
$3{varCS} >= 8 && $2{varR} == 4 ? 10
$3{varCS} >= 8 && $2{varR} == 5 ? 5
$2{varR} >= 6 && $3{varCS} >= 8 ? 0

[11:]:
-$3{varCS} >= -1 && -$2{varR} >= -4 && -$1{varC} >= -5 ? 0.
$1{varC} >= 6 && -$3{varCS} >= -1 && -$2{varR} >= -4 ? bottom
-$3{varCS} >= -1 && $2{varR} == 5 ? 1
$2{varR} >= 6 && -$3{varCS} >= -1 ? 0
-$2{varR} >= -3 && -$1{varC} >= 0 && $3{varCS} == 2 ? 0.
$1{varC} >= 1 && -$2{varR} >= -3 && -$1{varC} >= -5 && $3{varCS} == 2 ? 0.
$1{varC} >= 6 && -$2{varR} >= -3 && $3{varCS} == 2 ? bottom
$2{varR} == 4 && $3{varCS} == 2 ? 6
$2{varR} == 5 && $3{varCS} == 2 ? 1
$2{varR} >= 6 && $3{varCS} == 2 ? 0
-$2{varR} >= -2 && -$1{varC} >= -1 && $3{varCS} == 3 ? 0.
$1{varC} >= 2 && -$2{varR} >= -2 && -$1{varC} >= -5 && $3{varCS} == 3 ? 0.
$1{varC} >= 6 && -$2{varR} >= -2 && $3{varCS} == 3 ? bottom
$2{varR} == 3 && $3{varCS} == 3 ? 11
$2{varR} == 4 && $3{varCS} == 3 ? 6
$2{varR} == 5 && $3{varCS} == 3 ? 1
$2{varR} >= 6 && $3{varCS} == 3 ? 0
-$2{varR} >= -1 && -$1{varC} >= -2 && $3{varCS} == 4 ? 0.
$1{varC} >= 3 && -$2{varR} >= -1 && -$1{varC} >= -5 && $3{varCS} == 4 ? 0.
$1{varC} >= 6 && -$2{varR} >= -1 && $3{varCS} == 4 ? bottom
$2{varR} == 2 && $3{varCS} == 4 ? 16
$2{varR} == 3 && $3{varCS} == 4 ? 11
$2{varR} == 4 && $3{varCS} == 4 ? 6
$2{varR} == 5 && $3{varCS} == 4 ? 1
$2{varR} >= 6 && $3{varCS} == 4 ? 0
-$2{varR} >= 0 && -$1{varC} >= -3 && $3{varCS} == 5 ? 0.
$1{varC} >= 4 && -$2{varR} >= 0 && -$1{varC} >= -5 && $3{varCS} == 5 ? 0.
$1{varC} >= 6 && -$2{varR} >= 0 && $3{varCS} == 5 ? bottom
$2{varR} == 1 && $3{varCS} == 5 ? 21
$2{varR} == 2 && $3{varCS} == 5 ? 16
$2{varR} == 3 && $3{varCS} == 5 ? 11
$2{varR} == 4 && $3{varCS} == 5 ? 6
$2{varR} == 5 && $3{varCS} == 5 ? 1
$2{varR} >= 6 && $3{varCS} == 5 ? 0
-$2{varR} >= 1 && -$1{varC} >= -4 && $3{varCS} == 6 ? 0.
-$2{varR} >= 1 && $1{varC} == 5 && $3{varCS} == 6 ? 0.
$1{varC} >= 6 && -$2{varR} >= 1 && $3{varCS} == 6 ? bottom
$2{varR} == 0 && $3{varCS} == 6 ? 26
$2{varR} == 1 && $3{varCS} == 6 ? 21
$2{varR} == 2 && $3{varCS} == 6 ? 16
$2{varR} == 3 && $3{varCS} == 6 ? 11
$2{varR} == 4 && $3{varCS} == 6 ? 6
$2{varR} == 5 && $3{varCS} == 6 ? 1
$2{varR} >= 6 && $3{varCS} == 6 ? 0
-$2{varR} >= 2 && -$1{varC} >= -5 && $3{varCS} == 7 ? 0.
$1{varC} >= 6 && -$2{varR} >= 2 && $3{varCS} == 7 ? bottom
$2{varR} == -1 && $3{varCS} == 7 ? 31
$2{varR} == 0 && $3{varCS} == 7 ? 26
$2{varR} == 1 && $3{varCS} == 7 ? 21
$2{varR} == 2 && $3{varCS} == 7 ? 16
$2{varR} == 3 && $3{varCS} == 7 ? 11
$2{varR} == 4 && $3{varCS} == 7 ? 6
$2{varR} == 5 && $3{varCS} == 7 ? 1
$2{varR} >= 6 && $3{varCS} == 7 ? 0
$3{varCS} >= 8 && -$2{varR} >= 2 ? top
$3{varCS} >= 8 && $2{varR} == -1 ? 31
$3{varCS} >= 8 && $2{varR} == 0 ? 26
$3{varCS} >= 8 && $2{varR} == 1 ? 21
$3{varCS} >= 8 && $2{varR} == 2 ? 16
$3{varCS} >= 8 && $2{varR} == 3 ? 11
$3{varCS} >= 8 && $2{varR} == 4 ? 6
$3{varCS} >= 8 && $2{varR} == 5 ? 1
$2{varR} >= 6 && $3{varCS} >= 8 ? 0

[12:]:
-$3{varCS} >= -1 && -$2{varR} >= -5 && -$1{varC} >= -5 ? 0.
$1{varC} >= 6 && -$3{varCS} >= -1 && -$2{varR} >= -5 ? bottom
$2{varR} >= 6 && -$3{varCS} >= -1 ? 0
-$2{varR} >= -4 && -$1{varC} >= 0 && $3{varCS} == 2 ? 0.
$1{varC} >= 1 && -$2{varR} >= -4 && -$1{varC} >= -5 && $3{varCS} == 2 ? 0.
$1{varC} >= 6 && -$2{varR} >= -4 && $3{varCS} == 2 ? bottom
$2{varR} == 5 && $3{varCS} == 2 ? 5
$2{varR} >= 6 && $3{varCS} == 2 ? 0
-$2{varR} >= -3 && -$1{varC} >= -1 && $3{varCS} == 3 ? 0.
$1{varC} >= 2 && -$2{varR} >= -3 && -$1{varC} >= -5 && $3{varCS} == 3 ? 0.
$1{varC} >= 6 && -$2{varR} >= -3 && $3{varCS} == 3 ? bottom
$2{varR} == 4 && $3{varCS} == 3 ? 10
$2{varR} == 5 && $3{varCS} == 3 ? 5
$2{varR} >= 6 && $3{varCS} == 3 ? 0
-$2{varR} >= -2 && -$1{varC} >= -2 && $3{varCS} == 4 ? 0.
$1{varC} >= 3 && -$2{varR} >= -2 && -$1{varC} >= -5 && $3{varCS} == 4 ? 0.
$1{varC} >= 6 && -$2{varR} >= -2 && $3{varCS} == 4 ? bottom
$2{varR} == 3 && $3{varCS} == 4 ? 15
$2{varR} == 4 && $3{varCS} == 4 ? 10
$2{varR} == 5 && $3{varCS} == 4 ? 5
$2{varR} >= 6 && $3{varCS} == 4 ? 0
-$2{varR} >= -1 && -$1{varC} >= -3 && $3{varCS} == 5 ? 0.
$1{varC} >= 4 && -$2{varR} >= -1 && -$1{varC} >= -5 && $3{varCS} == 5 ? 0.
$1{varC} >= 6 && -$2{varR} >= -1 && $3{varCS} == 5 ? bottom
$2{varR} == 2 && $3{varCS} == 5 ? 20
$2{varR} == 3 && $3{varCS} == 5 ? 15
$2{varR} == 4 && $3{varCS} == 5 ? 10
$2{varR} == 5 && $3{varCS} == 5 ? 5
$2{varR} >= 6 && $3{varCS} == 5 ? 0
-$2{varR} >= 0 && -$1{varC} >= -4 && $3{varCS} == 6 ? 0.
-$2{varR} >= 0 && $1{varC} == 5 && $3{varCS} == 6 ? 0.
$1{varC} >= 6 && -$2{varR} >= 0 && $3{varCS} == 6 ? bottom
$2{varR} == 1 && $3{varCS} == 6 ? 25
$2{varR} == 2 && $3{varCS} == 6 ? 20
$2{varR} == 3 && $3{varCS} == 6 ? 15
$2{varR} == 4 && $3{varCS} == 6 ? 10
$2{varR} == 5 && $3{varCS} == 6 ? 5
$2{varR} >= 6 && $3{varCS} == 6 ? 0
-$2{varR} >= 1 && -$1{varC} >= -5 && $3{varCS} == 7 ? 0.
$1{varC} >= 6 && -$2{varR} >= 1 && $3{varCS} == 7 ? bottom
$2{varR} == 0 && $3{varCS} == 7 ? 30
$2{varR} == 1 && $3{varCS} == 7 ? 25
$2{varR} == 2 && $3{varCS} == 7 ? 20
$2{varR} == 3 && $3{varCS} == 7 ? 15
$2{varR} == 4 && $3{varCS} == 7 ? 10
$2{varR} == 5 && $3{varCS} == 7 ? 5
$2{varR} >= 6 && $3{varCS} == 7 ? 0
$3{varCS} >= 8 && -$2{varR} >= 1 ? top
$3{varCS} >= 8 && $2{varR} == 0 ? 30
$3{varCS} >= 8 && $2{varR} == 1 ? 25
$3{varCS} >= 8 && $2{varR} == 2 ? 20
$3{varCS} >= 8 && $2{varR} == 3 ? 15
$3{varCS} >= 8 && $2{varR} == 4 ? 10
$3{varCS} >= 8 && $2{varR} == 5 ? 5
$2{varR} >= 6 && $3{varCS} >= 8 ? 0

[13:]:
-$1{varC} >= -5 ? 0.
$1{varC} >= 6 ? bottom

[14:]:
-$1{varC} >= -5 ? 0.
$1{varC} >= 6 ? bottom

[15:]:
-$2{varR} >= -5 && -$1{varC} >= -5 ? 0.
$1{varC} >= 6 && -$2{varR} >= -5 ? bottom
$2{varR} >= 6 ? 0

[16:]:
-$2{varR} >= -5 ? 31
$2{varR} >= 6 ? 0


Analysis Result: TRUE
