
CFG:
List of variables:
  $1{n}:int at tests/ctl/t2_cav13/P3_cheat.c:11.8-9
  $2{m}:int at tests/ctl/t2_cav13/P3_cheat.c:12.8-9
  $3{n_init}:int at tests/ctl/t2_cav13/P3_cheat.c:13.8-14
  $4{m_init}:int at tests/ctl/t2_cav13/P3_cheat.c:14.8-14
  $5{varA}:int at tests/ctl/t2_cav13/P3_cheat.c:16.8-12
  $6{varR}:int at tests/ctl/t2_cav13/P3_cheat.c:17.8-12

List of functions:
  1: main() -> void at tests/ctl/t2_cav13/P3_cheat.c:9.0-35.1, entry: 20, exit: 19, calls:

List of nodes:
  20: at :0:-1, in: out:1 
  19: at :0:-1, in: 2 out:
  1: at tests/ctl/t2_cav13/P3_cheat.c:9:0, in: 20 out:3 
  2: at tests/ctl/t2_cav13/P3_cheat.c:35:1, in: 9 out:19 
  3: at tests/ctl/t2_cav13/P3_cheat.c:11:10, in: 1 out:4 
  4: at tests/ctl/t2_cav13/P3_cheat.c:12:10, in: 3 out:5 
  5: at tests/ctl/t2_cav13/P3_cheat.c:13:15, in: 4 out:6 
  6: at tests/ctl/t2_cav13/P3_cheat.c:14:15, in: 5 out:7 
  7: at tests/ctl/t2_cav13/P3_cheat.c:16:17, in: 6 out:8 
  8: at tests/ctl/t2_cav13/P3_cheat.c:17:17, in: 7 out:9 
  9: at tests/ctl/t2_cav13/P3_cheat.c:20:10, in: 15 8 out:2 10 
  10: at tests/ctl/t2_cav13/P3_cheat.c:21:22, in: 9 out:11 
  11: at tests/ctl/t2_cav13/P3_cheat.c:22:12, in: 10 out:12 
  12: at tests/ctl/t2_cav13/P3_cheat.c:23:17, in: 11 out:13 
  13: at tests/ctl/t2_cav13/P3_cheat.c:25:17, in: 12 out:14 
  14: at tests/ctl/t2_cav13/P3_cheat.c:27:14, in: 16 13 out:15 16 
  15: at tests/ctl/t2_cav13/P3_cheat.c:30:9, in: 14 out:9 
  16: at tests/ctl/t2_cav13/P3_cheat.c:28:26, in: 14 out:14 
  17: at tests/ctl/t2_cav13/P3_cheat.c:9:0, in: out:18 
  18: at tests/ctl/t2_cav13/P3_cheat.c:35:1, in: 17 out:

List of arcs:
  20 -> 1: label entry
  2 -> 19: label exit
  1 -> 3: skip
  3 -> 4: skip
  4 -> 5: skip
  5 -> 6: skip
  6 -> 7: $5{varA} = 0
  7 -> 8: $6{varR} = 0
  8 -> 9: $1{n} = 0
  9 -> 10: $1{n} < $3{n_init} ?
  9 -> 2: ! ($1{n} < $3{n_init}) ?
  10 -> 11: $1{n} = $1{n} + 1
  11 -> 12: $5{varA} = 1
  12 -> 13: $5{varA} = 0
  13 -> 14: $2{m} = 0
  14 -> 16: $2{m} < $4{m_init} ?
  14 -> 15: ! ($2{m} < $4{m_init}) ?
  16 -> 14: $2{m} = $2{m} + 1
  15 -> 9: $6{varR} = 1
  17 -> 18: skip


Property: $6{varR} == 1

[1:]:
-$6{varR} >= 0 ? bottom
$6{varR} == 1 ? 0.
$6{varR} >= 2 ? bottom

[2:]:
-$6{varR} >= 0 ? bottom
$6{varR} == 1 ? 0.
$6{varR} >= 2 ? bottom

[3:]:
-$6{varR} >= 0 ? bottom
$6{varR} == 1 ? 0.
$6{varR} >= 2 ? bottom

[4:]:
-$6{varR} >= 0 ? bottom
$6{varR} == 1 ? 0.
$6{varR} >= 2 ? bottom

[5:]:
-$6{varR} >= 0 ? bottom
$6{varR} == 1 ? 0.
$6{varR} >= 2 ? bottom

[6:]:
-$6{varR} >= 0 ? bottom
$6{varR} == 1 ? 0.
$6{varR} >= 2 ? bottom

[7:]:
-$6{varR} >= 0 ? bottom
$6{varR} == 1 ? 0.
$6{varR} >= 2 ? bottom

[8:]:
-$6{varR} >= 0 ? bottom
$6{varR} == 1 ? 0.
$6{varR} >= 2 ? bottom

[9:]:
-$6{varR} >= 0 ? bottom
$6{varR} == 1 ? 0.
$6{varR} >= 2 ? bottom

[10:]:
-$6{varR} >= 0 ? bottom
$6{varR} == 1 ? 0.
$6{varR} >= 2 ? bottom

[11:]:
-$6{varR} >= 0 ? bottom
$6{varR} == 1 ? 0.
$6{varR} >= 2 ? bottom

[12:]:
-$6{varR} >= 0 ? bottom
$6{varR} == 1 ? 0.
$6{varR} >= 2 ? bottom

[13:]:
-$6{varR} >= 0 ? bottom
$6{varR} == 1 ? 0.
$6{varR} >= 2 ? bottom

[14:]:
-$6{varR} >= 0 ? bottom
$6{varR} == 1 ? 0.
$6{varR} >= 2 ? bottom

[15:]:
-$6{varR} >= 0 ? bottom
$6{varR} == 1 ? 0.
$6{varR} >= 2 ? bottom

[16:]:
-$6{varR} >= 0 ? bottom
$6{varR} == 1 ? 0.
$6{varR} >= 2 ? bottom

[17:]:
-$6{varR} >= 0 ? bottom
$6{varR} == 1 ? 0.
$6{varR} >= 2 ? bottom

[18:]:
-$6{varR} >= 0 ? bottom
$6{varR} == 1 ? 0.
$6{varR} >= 2 ? bottom

[19:]:
-$6{varR} >= 0 ? bottom
$6{varR} == 1 ? 0.
$6{varR} >= 2 ? bottom

[20:]:
-$6{varR} >= 0 ? bottom
$6{varR} == 1 ? 0.
$6{varR} >= 2 ? bottom

Property: EF{$6{varR} == 1}

[1:]:
-$6{varR} >= 0 && -$4{m_init} >= 0 && -$3{n_init} >= 0 ? bottom
$3{n_init} >= 1 && -$6{varR} >= 0 && -$4{m_init} >= 0 ? 10
-$6{varR} >= 0 && -$3{n_init} >= 0 && $4{m_init} == 1 ? bottom
$3{n_init} >= 1 && -$6{varR} >= 0 && $4{m_init} == 1 ? 12
-$6{varR} >= 0 && -$3{n_init} >= 0 && $4{m_init} == 2 ? bottom
$3{n_init} >= 1 && -$6{varR} >= 0 && $4{m_init} == 2 ? 14
$4{m_init} >= 3 && -$6{varR} >= 0 && -$3{n_init} >= 0 ? bottom
$3{n_init} >= 1 && $4{m_init} >= 3 && -$6{varR} >= 0 ? 2$4{m_init}+10
$6{varR} == 1 ? 0.
$6{varR} >= 2 && -$4{m_init} >= 0 && -$3{n_init} >= 0 ? bottom
$3{n_init} >= 1 && $6{varR} >= 2 && -$4{m_init} >= 0 ? 10
$6{varR} >= 2 && -$3{n_init} >= 0 && $4{m_init} == 1 ? bottom
$3{n_init} >= 1 && $6{varR} >= 2 && $4{m_init} == 1 ? 12
$6{varR} >= 2 && -$3{n_init} >= 0 && $4{m_init} == 2 ? bottom
$3{n_init} >= 1 && $6{varR} >= 2 && $4{m_init} == 2 ? 14
$4{m_init} >= 3 && $6{varR} >= 2 && -$3{n_init} >= 0 ? bottom
$3{n_init} >= 1 && $4{m_init} >= 3 && $6{varR} >= 2 ? 2$4{m_init}+10

[2:]:
-$6{varR} >= 0 ? bottom
$6{varR} == 1 ? 0.
$6{varR} >= 2 ? bottom

[3:]:
-$6{varR} >= 0 && -$4{m_init} >= 0 && -$3{n_init} >= 0 ? bottom
$3{n_init} >= 1 && -$6{varR} >= 0 && -$4{m_init} >= 0 ? 10
-$6{varR} >= 0 && -$3{n_init} >= 0 && $4{m_init} == 1 ? bottom
$3{n_init} >= 1 && -$6{varR} >= 0 && $4{m_init} == 1 ? 12
-$6{varR} >= 0 && -$3{n_init} >= 0 && $4{m_init} == 2 ? bottom
$3{n_init} >= 1 && -$6{varR} >= 0 && $4{m_init} == 2 ? 14
$4{m_init} >= 3 && -$6{varR} >= 0 && -$3{n_init} >= 0 ? bottom
$3{n_init} >= 1 && $4{m_init} >= 3 && -$6{varR} >= 0 ? 2$4{m_init}+10
$6{varR} == 1 ? 0.
$6{varR} >= 2 && -$4{m_init} >= 0 && -$3{n_init} >= 0 ? bottom
$3{n_init} >= 1 && $6{varR} >= 2 && -$4{m_init} >= 0 ? 10
$6{varR} >= 2 && -$3{n_init} >= 0 && $4{m_init} == 1 ? bottom
$3{n_init} >= 1 && $6{varR} >= 2 && $4{m_init} == 1 ? 12
$6{varR} >= 2 && -$3{n_init} >= 0 && $4{m_init} == 2 ? bottom
$3{n_init} >= 1 && $6{varR} >= 2 && $4{m_init} == 2 ? 14
$4{m_init} >= 3 && $6{varR} >= 2 && -$3{n_init} >= 0 ? bottom
$3{n_init} >= 1 && $4{m_init} >= 3 && $6{varR} >= 2 ? 2$4{m_init}+10

[4:]:
-$6{varR} >= 0 && -$4{m_init} >= 0 && -$3{n_init} >= 0 ? bottom
$3{n_init} >= 1 && -$6{varR} >= 0 && -$4{m_init} >= 0 ? 10
-$6{varR} >= 0 && -$3{n_init} >= 0 && $4{m_init} == 1 ? bottom
$3{n_init} >= 1 && -$6{varR} >= 0 && $4{m_init} == 1 ? 12
-$6{varR} >= 0 && -$3{n_init} >= 0 && $4{m_init} == 2 ? bottom
$3{n_init} >= 1 && -$6{varR} >= 0 && $4{m_init} == 2 ? 14
$4{m_init} >= 3 && -$6{varR} >= 0 && -$3{n_init} >= 0 ? bottom
$3{n_init} >= 1 && $4{m_init} >= 3 && -$6{varR} >= 0 ? 2$4{m_init}+10
$6{varR} == 1 ? 0.
$6{varR} >= 2 && -$4{m_init} >= 0 && -$3{n_init} >= 0 ? bottom
$3{n_init} >= 1 && $6{varR} >= 2 && -$4{m_init} >= 0 ? 10
$6{varR} >= 2 && -$3{n_init} >= 0 && $4{m_init} == 1 ? bottom
$3{n_init} >= 1 && $6{varR} >= 2 && $4{m_init} == 1 ? 12
$6{varR} >= 2 && -$3{n_init} >= 0 && $4{m_init} == 2 ? bottom
$3{n_init} >= 1 && $6{varR} >= 2 && $4{m_init} == 2 ? 14
$4{m_init} >= 3 && $6{varR} >= 2 && -$3{n_init} >= 0 ? bottom
$3{n_init} >= 1 && $4{m_init} >= 3 && $6{varR} >= 2 ? 2$4{m_init}+10

[5:]:
-$6{varR} >= 0 && -$4{m_init} >= 0 && -$3{n_init} >= 0 ? bottom
$3{n_init} >= 1 && -$6{varR} >= 0 && -$4{m_init} >= 0 ? 10
-$6{varR} >= 0 && -$3{n_init} >= 0 && $4{m_init} == 1 ? bottom
$3{n_init} >= 1 && -$6{varR} >= 0 && $4{m_init} == 1 ? 12
-$6{varR} >= 0 && -$3{n_init} >= 0 && $4{m_init} == 2 ? bottom
$3{n_init} >= 1 && -$6{varR} >= 0 && $4{m_init} == 2 ? 14
$4{m_init} >= 3 && -$6{varR} >= 0 && -$3{n_init} >= 0 ? bottom
$3{n_init} >= 1 && $4{m_init} >= 3 && -$6{varR} >= 0 ? 2$4{m_init}+10
$6{varR} == 1 ? 0.
$6{varR} >= 2 && -$4{m_init} >= 0 && -$3{n_init} >= 0 ? bottom
$3{n_init} >= 1 && $6{varR} >= 2 && -$4{m_init} >= 0 ? 10
$6{varR} >= 2 && -$3{n_init} >= 0 && $4{m_init} == 1 ? bottom
$3{n_init} >= 1 && $6{varR} >= 2 && $4{m_init} == 1 ? 12
$6{varR} >= 2 && -$3{n_init} >= 0 && $4{m_init} == 2 ? bottom
$3{n_init} >= 1 && $6{varR} >= 2 && $4{m_init} == 2 ? 14
$4{m_init} >= 3 && $6{varR} >= 2 && -$3{n_init} >= 0 ? bottom
$3{n_init} >= 1 && $4{m_init} >= 3 && $6{varR} >= 2 ? 2$4{m_init}+10

[6:]:
-$6{varR} >= 0 && -$4{m_init} >= 0 && -$3{n_init} >= 0 ? bottom
$3{n_init} >= 1 && -$6{varR} >= 0 && -$4{m_init} >= 0 ? 10
-$6{varR} >= 0 && -$3{n_init} >= 0 && $4{m_init} == 1 ? bottom
$3{n_init} >= 1 && -$6{varR} >= 0 && $4{m_init} == 1 ? 12
-$6{varR} >= 0 && -$3{n_init} >= 0 && $4{m_init} == 2 ? bottom
$3{n_init} >= 1 && -$6{varR} >= 0 && $4{m_init} == 2 ? 14
$4{m_init} >= 3 && -$6{varR} >= 0 && -$3{n_init} >= 0 ? bottom
$3{n_init} >= 1 && $4{m_init} >= 3 && -$6{varR} >= 0 ? 2$4{m_init}+10
$6{varR} == 1 ? 0.
$6{varR} >= 2 && -$4{m_init} >= 0 && -$3{n_init} >= 0 ? bottom
$3{n_init} >= 1 && $6{varR} >= 2 && -$4{m_init} >= 0 ? 10
$6{varR} >= 2 && -$3{n_init} >= 0 && $4{m_init} == 1 ? bottom
$3{n_init} >= 1 && $6{varR} >= 2 && $4{m_init} == 1 ? 12
$6{varR} >= 2 && -$3{n_init} >= 0 && $4{m_init} == 2 ? bottom
$3{n_init} >= 1 && $6{varR} >= 2 && $4{m_init} == 2 ? 14
$4{m_init} >= 3 && $6{varR} >= 2 && -$3{n_init} >= 0 ? bottom
$3{n_init} >= 1 && $4{m_init} >= 3 && $6{varR} >= 2 ? 2$4{m_init}+10

[7:]:
-$6{varR} >= 0 && -$4{m_init} >= 0 && -$3{n_init} >= 0 ? bottom
$3{n_init} >= 1 && -$6{varR} >= 0 && -$4{m_init} >= 0 ? 9
-$6{varR} >= 0 && -$3{n_init} >= 0 && $4{m_init} == 1 ? bottom
$3{n_init} >= 1 && -$6{varR} >= 0 && $4{m_init} == 1 ? 11
-$6{varR} >= 0 && -$3{n_init} >= 0 && $4{m_init} == 2 ? bottom
$3{n_init} >= 1 && -$6{varR} >= 0 && $4{m_init} == 2 ? 13
$4{m_init} >= 3 && -$6{varR} >= 0 && -$3{n_init} >= 0 ? bottom
$3{n_init} >= 1 && $4{m_init} >= 3 && -$6{varR} >= 0 ? 2$4{m_init}+9
$6{varR} == 1 ? 0.
$6{varR} >= 2 && -$4{m_init} >= 0 && -$3{n_init} >= 0 ? bottom
$3{n_init} >= 1 && $6{varR} >= 2 && -$4{m_init} >= 0 ? 9
$6{varR} >= 2 && -$3{n_init} >= 0 && $4{m_init} == 1 ? bottom
$3{n_init} >= 1 && $6{varR} >= 2 && $4{m_init} == 1 ? 11
$6{varR} >= 2 && -$3{n_init} >= 0 && $4{m_init} == 2 ? bottom
$3{n_init} >= 1 && $6{varR} >= 2 && $4{m_init} == 2 ? 13
$4{m_init} >= 3 && $6{varR} >= 2 && -$3{n_init} >= 0 ? bottom
$3{n_init} >= 1 && $4{m_init} >= 3 && $6{varR} >= 2 ? 2$4{m_init}+9

[8:]:
-$6{varR} >= 0 && -$4{m_init} >= 0 && -$3{n_init} >= 0 ? bottom
$3{n_init} >= 1 && -$6{varR} >= 0 && -$4{m_init} >= 0 ? 8
-$6{varR} >= 0 && -$3{n_init} >= 0 && $4{m_init} == 1 ? bottom
$3{n_init} >= 1 && -$6{varR} >= 0 && $4{m_init} == 1 ? 10
-$6{varR} >= 0 && -$3{n_init} >= 0 && $4{m_init} == 2 ? bottom
$3{n_init} >= 1 && -$6{varR} >= 0 && $4{m_init} == 2 ? 12
$4{m_init} >= 3 && -$6{varR} >= 0 && -$3{n_init} >= 0 ? bottom
$3{n_init} >= 1 && $4{m_init} >= 3 && -$6{varR} >= 0 ? 2$4{m_init}+8
$6{varR} == 1 ? 0.
$6{varR} >= 2 && -$4{m_init} >= 0 && -$3{n_init} >= 0 ? bottom
$3{n_init} >= 1 && $6{varR} >= 2 && -$4{m_init} >= 0 ? 8
$6{varR} >= 2 && -$3{n_init} >= 0 && $4{m_init} == 1 ? bottom
$3{n_init} >= 1 && $6{varR} >= 2 && $4{m_init} == 1 ? 10
$6{varR} >= 2 && -$3{n_init} >= 0 && $4{m_init} == 2 ? bottom
$3{n_init} >= 1 && $6{varR} >= 2 && $4{m_init} == 2 ? 12
$4{m_init} >= 3 && $6{varR} >= 2 && -$3{n_init} >= 0 ? bottom
$3{n_init} >= 1 && $4{m_init} >= 3 && $6{varR} >= 2 ? 2$4{m_init}+8

[9:]:
-$6{varR} >= 0 && -$4{m_init} >= 0 && -$1{n}+$3{n_init} >= 1 ? 7
$1{n}-$3{n_init} >= 0 && -$6{varR} >= 0 && -$4{m_init} >= 0 ? bottom
-$6{varR} >= 0 && -$1{n}+$3{n_init} >= 1 && $4{m_init} == 1 ? 9
$1{n}-$3{n_init} >= 0 && -$6{varR} >= 0 && $4{m_init} == 1 ? bottom
-$6{varR} >= 0 && -$1{n}+$3{n_init} >= 1 && $4{m_init} == 2 ? 11
$1{n}-$3{n_init} >= 0 && -$6{varR} >= 0 && $4{m_init} == 2 ? bottom
$4{m_init} >= 3 && -$6{varR} >= 0 && -$1{n}+$3{n_init} >= 1 ? 2$4{m_init}+7
$1{n}-$3{n_init} >= 0 && $4{m_init} >= 3 && -$6{varR} >= 0 ? bottom
$6{varR} == 1 ? 0.
$6{varR} >= 2 && -$4{m_init} >= 0 && -$1{n}+$3{n_init} >= 1 ? 7
$1{n}-$3{n_init} >= 0 && $6{varR} >= 2 && -$4{m_init} >= 0 ? bottom
$6{varR} >= 2 && -$1{n}+$3{n_init} >= 1 && $4{m_init} == 1 ? 9
$1{n}-$3{n_init} >= 0 && $6{varR} >= 2 && $4{m_init} == 1 ? bottom
$6{varR} >= 2 && -$1{n}+$3{n_init} >= 1 && $4{m_init} == 2 ? 11
$1{n}-$3{n_init} >= 0 && $6{varR} >= 2 && $4{m_init} == 2 ? bottom
$4{m_init} >= 3 && $6{varR} >= 2 && -$1{n}+$3{n_init} >= 1 ? 2$4{m_init}+7
$1{n}-$3{n_init} >= 0 && $4{m_init} >= 3 && $6{varR} >= 2 ? bottom

[10:]:
-$6{varR} >= 0 && -$4{m_init} >= 0 ? 6
$4{m_init} >= 1 && -$6{varR} >= 0 ? 2$4{m_init}+6
$6{varR} == 1 ? 0.
$6{varR} >= 2 && -$4{m_init} >= 0 ? 6
$4{m_init} >= 1 && $6{varR} >= 2 ? 2$4{m_init}+6

[11:]:
-$6{varR} >= 0 && -$4{m_init} >= 0 ? 5
$4{m_init} >= 1 && -$6{varR} >= 0 ? 2$4{m_init}+5
$6{varR} == 1 ? 0.
$6{varR} >= 2 && -$4{m_init} >= 0 ? 5
$4{m_init} >= 1 && $6{varR} >= 2 ? 2$4{m_init}+5

[12:]:
-$6{varR} >= 0 && -$4{m_init} >= 0 ? 4
$4{m_init} >= 1 && -$6{varR} >= 0 ? 2$4{m_init}+4
$6{varR} == 1 ? 0.
$6{varR} >= 2 && -$4{m_init} >= 0 ? 4
$4{m_init} >= 1 && $6{varR} >= 2 ? 2$4{m_init}+4

[13:]:
-$6{varR} >= 0 && -$4{m_init} >= 0 ? 3
$4{m_init} >= 1 && -$6{varR} >= 0 ? 2$4{m_init}+3
$6{varR} == 1 ? 0.
$6{varR} >= 2 && -$4{m_init} >= 0 ? 3
$4{m_init} >= 1 && $6{varR} >= 2 ? 2$4{m_init}+3

[14:]:
-$6{varR} >= 0 && -$4{m_init} >= 0 && -$2{m}+$4{m_init} >= 1 ? -2$2{m}+2$4{m_init}+2
$2{m}-$4{m_init} >= 0 && -$6{varR} >= 0 && -$4{m_init} >= 0 ? 2
$4{m_init} >= 1 && -$6{varR} >= 0 && -$2{m}+$4{m_init} >= 1 ? -2$2{m}+2$4{m_init}+2
$2{m}-$4{m_init} >= 0 && $4{m_init} >= 1 && -$6{varR} >= 0 ? 2
$6{varR} == 1 ? 0.
$6{varR} >= 2 && -$4{m_init} >= 0 && -$2{m}+$4{m_init} >= 1 ? -2$2{m}+2$4{m_init}+2
$2{m}-$4{m_init} >= 0 && $6{varR} >= 2 && -$4{m_init} >= 0 ? 2
$4{m_init} >= 1 && $6{varR} >= 2 && -$2{m}+$4{m_init} >= 1 ? -2$2{m}+2$4{m_init}+2
$2{m}-$4{m_init} >= 0 && $4{m_init} >= 1 && $6{varR} >= 2 ? 2

[15:]:
-$6{varR} >= 0 ? 1
$6{varR} == 1 ? 0.
$6{varR} >= 2 ? 1

[16:]:
-$6{varR} >= 0 && -$2{m}+$4{m_init} >= 2 ? -2$2{m}+2$4{m_init}+1
$2{m}-$4{m_init} >= -1 && -$6{varR} >= 0 ? 3
$6{varR} == 1 ? 0.
$6{varR} >= 2 && -$2{m}+$4{m_init} >= 2 ? -2$2{m}+2$4{m_init}+1
$2{m}-$4{m_init} >= -1 && $6{varR} >= 2 ? 3

[17:]:
top ? bottom

[18:]:
top ? bottom

[19:]:
-$6{varR} >= 0 ? bottom
$6{varR} == 1 ? 0.
$6{varR} >= 2 ? bottom

[20:]:
-$6{varR} >= 0 && -$4{m_init} >= 0 && -$3{n_init} >= 0 ? bottom
$3{n_init} >= 1 && -$6{varR} >= 0 && -$4{m_init} >= 0 ? 10
-$6{varR} >= 0 && -$3{n_init} >= 0 && $4{m_init} == 1 ? bottom
$3{n_init} >= 1 && -$6{varR} >= 0 && $4{m_init} == 1 ? 12
-$6{varR} >= 0 && -$3{n_init} >= 0 && $4{m_init} == 2 ? bottom
$3{n_init} >= 1 && -$6{varR} >= 0 && $4{m_init} == 2 ? 14
$4{m_init} >= 3 && -$6{varR} >= 0 && -$3{n_init} >= 0 ? bottom
$3{n_init} >= 1 && $4{m_init} >= 3 && -$6{varR} >= 0 ? 2$4{m_init}+10
$6{varR} == 1 ? 0.
$6{varR} >= 2 && -$4{m_init} >= 0 && -$3{n_init} >= 0 ? bottom
$3{n_init} >= 1 && $6{varR} >= 2 && -$4{m_init} >= 0 ? 10
$6{varR} >= 2 && -$3{n_init} >= 0 && $4{m_init} == 1 ? bottom
$3{n_init} >= 1 && $6{varR} >= 2 && $4{m_init} == 1 ? 12
$6{varR} >= 2 && -$3{n_init} >= 0 && $4{m_init} == 2 ? bottom
$3{n_init} >= 1 && $6{varR} >= 2 && $4{m_init} == 2 ? 14
$4{m_init} >= 3 && $6{varR} >= 2 && -$3{n_init} >= 0 ? bottom
$3{n_init} >= 1 && $4{m_init} >= 3 && $6{varR} >= 2 ? 2$4{m_init}+10

Property: $5{varA} != 1

[1:]:
-$5{varA} >= 0 ? 0.
$5{varA} == 1 ? bottom
$5{varA} >= 2 ? 0.

[2:]:
-$5{varA} >= 0 ? 0.
$5{varA} == 1 ? bottom
$5{varA} >= 2 ? 0.

[3:]:
-$5{varA} >= 0 ? 0.
$5{varA} == 1 ? bottom
$5{varA} >= 2 ? 0.

[4:]:
-$5{varA} >= 0 ? 0.
$5{varA} == 1 ? bottom
$5{varA} >= 2 ? 0.

[5:]:
-$5{varA} >= 0 ? 0.
$5{varA} == 1 ? bottom
$5{varA} >= 2 ? 0.

[6:]:
-$5{varA} >= 0 ? 0.
$5{varA} == 1 ? bottom
$5{varA} >= 2 ? 0.

[7:]:
-$5{varA} >= 0 ? 0.
$5{varA} == 1 ? bottom
$5{varA} >= 2 ? 0.

[8:]:
-$5{varA} >= 0 ? 0.
$5{varA} == 1 ? bottom
$5{varA} >= 2 ? 0.

[9:]:
-$5{varA} >= 0 ? 0.
$5{varA} == 1 ? bottom
$5{varA} >= 2 ? 0.

[10:]:
-$5{varA} >= 0 ? 0.
$5{varA} == 1 ? bottom
$5{varA} >= 2 ? 0.

[11:]:
-$5{varA} >= 0 ? 0.
$5{varA} == 1 ? bottom
$5{varA} >= 2 ? 0.

[12:]:
-$5{varA} >= 0 ? 0.
$5{varA} == 1 ? bottom
$5{varA} >= 2 ? 0.

[13:]:
-$5{varA} >= 0 ? 0.
$5{varA} == 1 ? bottom
$5{varA} >= 2 ? 0.

[14:]:
-$5{varA} >= 0 ? 0.
$5{varA} == 1 ? bottom
$5{varA} >= 2 ? 0.

[15:]:
-$5{varA} >= 0 ? 0.
$5{varA} == 1 ? bottom
$5{varA} >= 2 ? 0.

[16:]:
-$5{varA} >= 0 ? 0.
$5{varA} == 1 ? bottom
$5{varA} >= 2 ? 0.

[17:]:
-$5{varA} >= 0 ? 0.
$5{varA} == 1 ? bottom
$5{varA} >= 2 ? 0.

[18:]:
-$5{varA} >= 0 ? 0.
$5{varA} == 1 ? bottom
$5{varA} >= 2 ? 0.

[19:]:
-$5{varA} >= 0 ? 0.
$5{varA} == 1 ? bottom
$5{varA} >= 2 ? 0.

[20:]:
-$5{varA} >= 0 ? 0.
$5{varA} == 1 ? bottom
$5{varA} >= 2 ? 0.

Property: OR{$5{varA} != 1}{EF{$6{varR} == 1}}

[1:]:
-$6{varR} >= 0 && -$5{varA} >= 0 && -$4{m_init} >= 0 && -$3{n_init} >= 0 ? 0.
$3{n_init} >= 1 && -$6{varR} >= 0 && -$5{varA} >= 0 && -$4{m_init} >= 0 ? 10
$4{m_init} >= 1 && -$6{varR} >= 0 && -$5{varA} >= 0 && -$3{n_init} >= 0 ? 0.
$3{n_init} >= 1 && $4{m_init} >= 1 && -$6{varR} >= 0 && -$5{varA} >= 0 ? 2$4{m_init}+10
-$6{varR} >= 0 && -$4{m_init} >= 0 && -$3{n_init} >= 0 && $5{varA} == 1 ? bottom
$3{n_init} >= 1 && -$6{varR} >= 0 && -$4{m_init} >= 0 && $5{varA} == 1 ? 10
-$6{varR} >= 0 && -$3{n_init} >= 0 && $4{m_init} == 1 && $5{varA} == 1 ? bottom
$3{n_init} >= 1 && -$6{varR} >= 0 && $4{m_init} == 1 && $5{varA} == 1 ? 12
-$6{varR} >= 0 && -$3{n_init} >= 0 && $4{m_init} == 2 && $5{varA} == 1 ? bottom
$3{n_init} >= 1 && -$6{varR} >= 0 && $4{m_init} == 2 && $5{varA} == 1 ? 14
$4{m_init} >= 3 && -$6{varR} >= 0 && -$3{n_init} >= 0 && $5{varA} == 1 ? bottom
$3{n_init} >= 1 && $4{m_init} >= 3 && -$6{varR} >= 0 && $5{varA} == 1 ? 2$4{m_init}+10
$5{varA} >= 2 && -$6{varR} >= 0 && -$4{m_init} >= 0 && -$3{n_init} >= 0 ? 0.
$3{n_init} >= 1 && $5{varA} >= 2 && -$6{varR} >= 0 && -$4{m_init} >= 0 ? 10
$4{m_init} >= 1 && $5{varA} >= 2 && -$6{varR} >= 0 && -$3{n_init} >= 0 ? 0.
$3{n_init} >= 1 && $4{m_init} >= 1 && $5{varA} >= 2 && -$6{varR} >= 0 ? 2$4{m_init}+10
$6{varR} == 1 ? 0
$6{varR} >= 2 && -$5{varA} >= 0 && -$4{m_init} >= 0 && -$3{n_init} >= 0 ? 0.
$3{n_init} >= 1 && $6{varR} >= 2 && -$5{varA} >= 0 && -$4{m_init} >= 0 ? 10
$4{m_init} >= 1 && $6{varR} >= 2 && -$5{varA} >= 0 && -$3{n_init} >= 0 ? 0.
$3{n_init} >= 1 && $4{m_init} >= 1 && $6{varR} >= 2 && -$5{varA} >= 0 ? 2$4{m_init}+10
$6{varR} >= 2 && -$4{m_init} >= 0 && -$3{n_init} >= 0 && $5{varA} == 1 ? bottom
$3{n_init} >= 1 && $6{varR} >= 2 && -$4{m_init} >= 0 && $5{varA} == 1 ? 10
$6{varR} >= 2 && -$3{n_init} >= 0 && $4{m_init} == 1 && $5{varA} == 1 ? bottom
$3{n_init} >= 1 && $6{varR} >= 2 && $4{m_init} == 1 && $5{varA} == 1 ? 12
$6{varR} >= 2 && -$3{n_init} >= 0 && $4{m_init} == 2 && $5{varA} == 1 ? bottom
$3{n_init} >= 1 && $6{varR} >= 2 && $4{m_init} == 2 && $5{varA} == 1 ? 14
$4{m_init} >= 3 && $6{varR} >= 2 && -$3{n_init} >= 0 && $5{varA} == 1 ? bottom
$3{n_init} >= 1 && $4{m_init} >= 3 && $6{varR} >= 2 && $5{varA} == 1 ? 2$4{m_init}+10
$5{varA} >= 2 && $6{varR} >= 2 && -$4{m_init} >= 0 && -$3{n_init} >= 0 ? 0.
$3{n_init} >= 1 && $5{varA} >= 2 && $6{varR} >= 2 && -$4{m_init} >= 0 ? 10
$4{m_init} >= 1 && $5{varA} >= 2 && $6{varR} >= 2 && -$3{n_init} >= 0 ? 0.
$3{n_init} >= 1 && $4{m_init} >= 1 && $5{varA} >= 2 && $6{varR} >= 2 ? 2$4{m_init}+10

[2:]:
-$6{varR} >= -1 && -$5{varA} >= 0 ? 0.
-$6{varR} >= -1 && $5{varA} == 1 ? bottom
$5{varA} >= 2 && -$6{varR} >= -1 ? 0
$6{varR} >= 2 && -$5{varA} >= 0 ? 0.
$6{varR} >= 2 && $5{varA} == 1 ? bottom
$5{varA} >= 2 && $6{varR} >= 2 ? 0.

[3:]:
-$6{varR} >= 0 && -$5{varA} >= 0 && -$4{m_init} >= 0 && -$3{n_init} >= 0 ? 0.
$3{n_init} >= 1 && -$6{varR} >= 0 && -$5{varA} >= 0 && -$4{m_init} >= 0 ? 10
$4{m_init} >= 1 && -$6{varR} >= 0 && -$5{varA} >= 0 && -$3{n_init} >= 0 ? 0.
$3{n_init} >= 1 && $4{m_init} >= 1 && -$6{varR} >= 0 && -$5{varA} >= 0 ? 2$4{m_init}+10
-$6{varR} >= 0 && -$4{m_init} >= 0 && -$3{n_init} >= 0 && $5{varA} == 1 ? bottom
$3{n_init} >= 1 && -$6{varR} >= 0 && -$4{m_init} >= 0 && $5{varA} == 1 ? 10
-$6{varR} >= 0 && -$3{n_init} >= 0 && $4{m_init} == 1 && $5{varA} == 1 ? bottom
$3{n_init} >= 1 && -$6{varR} >= 0 && $4{m_init} == 1 && $5{varA} == 1 ? 12
-$6{varR} >= 0 && -$3{n_init} >= 0 && $4{m_init} == 2 && $5{varA} == 1 ? bottom
$3{n_init} >= 1 && -$6{varR} >= 0 && $4{m_init} == 2 && $5{varA} == 1 ? 14
$4{m_init} >= 3 && -$6{varR} >= 0 && -$3{n_init} >= 0 && $5{varA} == 1 ? bottom
$3{n_init} >= 1 && $4{m_init} >= 3 && -$6{varR} >= 0 && $5{varA} == 1 ? 2$4{m_init}+10
$5{varA} >= 2 && -$6{varR} >= 0 && -$4{m_init} >= 0 && -$3{n_init} >= 0 ? 0.
$3{n_init} >= 1 && $5{varA} >= 2 && -$6{varR} >= 0 && -$4{m_init} >= 0 ? 10
$4{m_init} >= 1 && $5{varA} >= 2 && -$6{varR} >= 0 && -$3{n_init} >= 0 ? 0.
$3{n_init} >= 1 && $4{m_init} >= 1 && $5{varA} >= 2 && -$6{varR} >= 0 ? 2$4{m_init}+10
$6{varR} == 1 ? 0
$6{varR} >= 2 && -$5{varA} >= 0 && -$4{m_init} >= 0 && -$3{n_init} >= 0 ? 0.
$3{n_init} >= 1 && $6{varR} >= 2 && -$5{varA} >= 0 && -$4{m_init} >= 0 ? 10
$4{m_init} >= 1 && $6{varR} >= 2 && -$5{varA} >= 0 && -$3{n_init} >= 0 ? 0.
$3{n_init} >= 1 && $4{m_init} >= 1 && $6{varR} >= 2 && -$5{varA} >= 0 ? 2$4{m_init}+10
$6{varR} >= 2 && -$4{m_init} >= 0 && -$3{n_init} >= 0 && $5{varA} == 1 ? bottom
$3{n_init} >= 1 && $6{varR} >= 2 && -$4{m_init} >= 0 && $5{varA} == 1 ? 10
$6{varR} >= 2 && -$3{n_init} >= 0 && $4{m_init} == 1 && $5{varA} == 1 ? bottom
$3{n_init} >= 1 && $6{varR} >= 2 && $4{m_init} == 1 && $5{varA} == 1 ? 12
$6{varR} >= 2 && -$3{n_init} >= 0 && $4{m_init} == 2 && $5{varA} == 1 ? bottom
$3{n_init} >= 1 && $6{varR} >= 2 && $4{m_init} == 2 && $5{varA} == 1 ? 14
$4{m_init} >= 3 && $6{varR} >= 2 && -$3{n_init} >= 0 && $5{varA} == 1 ? bottom
$3{n_init} >= 1 && $4{m_init} >= 3 && $6{varR} >= 2 && $5{varA} == 1 ? 2$4{m_init}+10
$5{varA} >= 2 && $6{varR} >= 2 && -$4{m_init} >= 0 && -$3{n_init} >= 0 ? 0.
$3{n_init} >= 1 && $5{varA} >= 2 && $6{varR} >= 2 && -$4{m_init} >= 0 ? 10
$4{m_init} >= 1 && $5{varA} >= 2 && $6{varR} >= 2 && -$3{n_init} >= 0 ? 0.
$3{n_init} >= 1 && $4{m_init} >= 1 && $5{varA} >= 2 && $6{varR} >= 2 ? 2$4{m_init}+10

[4:]:
-$6{varR} >= 0 && -$5{varA} >= 0 && -$4{m_init} >= 0 && -$3{n_init} >= 0 ? 0.
$3{n_init} >= 1 && -$6{varR} >= 0 && -$5{varA} >= 0 && -$4{m_init} >= 0 ? 10
$4{m_init} >= 1 && -$6{varR} >= 0 && -$5{varA} >= 0 && -$3{n_init} >= 0 ? 0.
$3{n_init} >= 1 && $4{m_init} >= 1 && -$6{varR} >= 0 && -$5{varA} >= 0 ? 2$4{m_init}+10
-$6{varR} >= 0 && -$4{m_init} >= 0 && -$3{n_init} >= 0 && $5{varA} == 1 ? bottom
$3{n_init} >= 1 && -$6{varR} >= 0 && -$4{m_init} >= 0 && $5{varA} == 1 ? 10
-$6{varR} >= 0 && -$3{n_init} >= 0 && $4{m_init} == 1 && $5{varA} == 1 ? bottom
$3{n_init} >= 1 && -$6{varR} >= 0 && $4{m_init} == 1 && $5{varA} == 1 ? 12
-$6{varR} >= 0 && -$3{n_init} >= 0 && $4{m_init} == 2 && $5{varA} == 1 ? bottom
$3{n_init} >= 1 && -$6{varR} >= 0 && $4{m_init} == 2 && $5{varA} == 1 ? 14
$4{m_init} >= 3 && -$6{varR} >= 0 && -$3{n_init} >= 0 && $5{varA} == 1 ? bottom
$3{n_init} >= 1 && $4{m_init} >= 3 && -$6{varR} >= 0 && $5{varA} == 1 ? 2$4{m_init}+10
$5{varA} >= 2 && -$6{varR} >= 0 && -$4{m_init} >= 0 && -$3{n_init} >= 0 ? 0.
$3{n_init} >= 1 && $5{varA} >= 2 && -$6{varR} >= 0 && -$4{m_init} >= 0 ? 10
$4{m_init} >= 1 && $5{varA} >= 2 && -$6{varR} >= 0 && -$3{n_init} >= 0 ? 0.
$3{n_init} >= 1 && $4{m_init} >= 1 && $5{varA} >= 2 && -$6{varR} >= 0 ? 2$4{m_init}+10
$6{varR} == 1 ? 0
$6{varR} >= 2 && -$5{varA} >= 0 && -$4{m_init} >= 0 && -$3{n_init} >= 0 ? 0.
$3{n_init} >= 1 && $6{varR} >= 2 && -$5{varA} >= 0 && -$4{m_init} >= 0 ? 10
$4{m_init} >= 1 && $6{varR} >= 2 && -$5{varA} >= 0 && -$3{n_init} >= 0 ? 0.
$3{n_init} >= 1 && $4{m_init} >= 1 && $6{varR} >= 2 && -$5{varA} >= 0 ? 2$4{m_init}+10
$6{varR} >= 2 && -$4{m_init} >= 0 && -$3{n_init} >= 0 && $5{varA} == 1 ? bottom
$3{n_init} >= 1 && $6{varR} >= 2 && -$4{m_init} >= 0 && $5{varA} == 1 ? 10
$6{varR} >= 2 && -$3{n_init} >= 0 && $4{m_init} == 1 && $5{varA} == 1 ? bottom
$3{n_init} >= 1 && $6{varR} >= 2 && $4{m_init} == 1 && $5{varA} == 1 ? 12
$6{varR} >= 2 && -$3{n_init} >= 0 && $4{m_init} == 2 && $5{varA} == 1 ? bottom
$3{n_init} >= 1 && $6{varR} >= 2 && $4{m_init} == 2 && $5{varA} == 1 ? 14
$4{m_init} >= 3 && $6{varR} >= 2 && -$3{n_init} >= 0 && $5{varA} == 1 ? bottom
$3{n_init} >= 1 && $4{m_init} >= 3 && $6{varR} >= 2 && $5{varA} == 1 ? 2$4{m_init}+10
$5{varA} >= 2 && $6{varR} >= 2 && -$4{m_init} >= 0 && -$3{n_init} >= 0 ? 0.
$3{n_init} >= 1 && $5{varA} >= 2 && $6{varR} >= 2 && -$4{m_init} >= 0 ? 10
$4{m_init} >= 1 && $5{varA} >= 2 && $6{varR} >= 2 && -$3{n_init} >= 0 ? 0.
$3{n_init} >= 1 && $4{m_init} >= 1 && $5{varA} >= 2 && $6{varR} >= 2 ? 2$4{m_init}+10

[5:]:
-$6{varR} >= 0 && -$5{varA} >= 0 && -$4{m_init} >= 0 && -$3{n_init} >= 0 ? 0.
$3{n_init} >= 1 && -$6{varR} >= 0 && -$5{varA} >= 0 && -$4{m_init} >= 0 ? 10
$4{m_init} >= 1 && -$6{varR} >= 0 && -$5{varA} >= 0 && -$3{n_init} >= 0 ? 0.
$3{n_init} >= 1 && $4{m_init} >= 1 && -$6{varR} >= 0 && -$5{varA} >= 0 ? 2$4{m_init}+10
-$6{varR} >= 0 && -$4{m_init} >= 0 && -$3{n_init} >= 0 && $5{varA} == 1 ? bottom
$3{n_init} >= 1 && -$6{varR} >= 0 && -$4{m_init} >= 0 && $5{varA} == 1 ? 10
-$6{varR} >= 0 && -$3{n_init} >= 0 && $4{m_init} == 1 && $5{varA} == 1 ? bottom
$3{n_init} >= 1 && -$6{varR} >= 0 && $4{m_init} == 1 && $5{varA} == 1 ? 12
-$6{varR} >= 0 && -$3{n_init} >= 0 && $4{m_init} == 2 && $5{varA} == 1 ? bottom
$3{n_init} >= 1 && -$6{varR} >= 0 && $4{m_init} == 2 && $5{varA} == 1 ? 14
$4{m_init} >= 3 && -$6{varR} >= 0 && -$3{n_init} >= 0 && $5{varA} == 1 ? bottom
$3{n_init} >= 1 && $4{m_init} >= 3 && -$6{varR} >= 0 && $5{varA} == 1 ? 2$4{m_init}+10
$5{varA} >= 2 && -$6{varR} >= 0 && -$4{m_init} >= 0 && -$3{n_init} >= 0 ? 0.
$3{n_init} >= 1 && $5{varA} >= 2 && -$6{varR} >= 0 && -$4{m_init} >= 0 ? 10
$4{m_init} >= 1 && $5{varA} >= 2 && -$6{varR} >= 0 && -$3{n_init} >= 0 ? 0.
$3{n_init} >= 1 && $4{m_init} >= 1 && $5{varA} >= 2 && -$6{varR} >= 0 ? 2$4{m_init}+10
$6{varR} == 1 ? 0
$6{varR} >= 2 && -$5{varA} >= 0 && -$4{m_init} >= 0 && -$3{n_init} >= 0 ? 0.
$3{n_init} >= 1 && $6{varR} >= 2 && -$5{varA} >= 0 && -$4{m_init} >= 0 ? 10
$4{m_init} >= 1 && $6{varR} >= 2 && -$5{varA} >= 0 && -$3{n_init} >= 0 ? 0.
$3{n_init} >= 1 && $4{m_init} >= 1 && $6{varR} >= 2 && -$5{varA} >= 0 ? 2$4{m_init}+10
$6{varR} >= 2 && -$4{m_init} >= 0 && -$3{n_init} >= 0 && $5{varA} == 1 ? bottom
$3{n_init} >= 1 && $6{varR} >= 2 && -$4{m_init} >= 0 && $5{varA} == 1 ? 10
$6{varR} >= 2 && -$3{n_init} >= 0 && $4{m_init} == 1 && $5{varA} == 1 ? bottom
$3{n_init} >= 1 && $6{varR} >= 2 && $4{m_init} == 1 && $5{varA} == 1 ? 12
$6{varR} >= 2 && -$3{n_init} >= 0 && $4{m_init} == 2 && $5{varA} == 1 ? bottom
$3{n_init} >= 1 && $6{varR} >= 2 && $4{m_init} == 2 && $5{varA} == 1 ? 14
$4{m_init} >= 3 && $6{varR} >= 2 && -$3{n_init} >= 0 && $5{varA} == 1 ? bottom
$3{n_init} >= 1 && $4{m_init} >= 3 && $6{varR} >= 2 && $5{varA} == 1 ? 2$4{m_init}+10
$5{varA} >= 2 && $6{varR} >= 2 && -$4{m_init} >= 0 && -$3{n_init} >= 0 ? 0.
$3{n_init} >= 1 && $5{varA} >= 2 && $6{varR} >= 2 && -$4{m_init} >= 0 ? 10
$4{m_init} >= 1 && $5{varA} >= 2 && $6{varR} >= 2 && -$3{n_init} >= 0 ? 0.
$3{n_init} >= 1 && $4{m_init} >= 1 && $5{varA} >= 2 && $6{varR} >= 2 ? 2$4{m_init}+10

[6:]:
-$6{varR} >= 0 && -$5{varA} >= 0 && -$4{m_init} >= 0 && -$3{n_init} >= 0 ? 0.
$3{n_init} >= 1 && -$6{varR} >= 0 && -$5{varA} >= 0 && -$4{m_init} >= 0 ? 10
$4{m_init} >= 1 && -$6{varR} >= 0 && -$5{varA} >= 0 && -$3{n_init} >= 0 ? 0.
$3{n_init} >= 1 && $4{m_init} >= 1 && -$6{varR} >= 0 && -$5{varA} >= 0 ? 2$4{m_init}+10
-$6{varR} >= 0 && -$4{m_init} >= 0 && -$3{n_init} >= 0 && $5{varA} == 1 ? bottom
$3{n_init} >= 1 && -$6{varR} >= 0 && -$4{m_init} >= 0 && $5{varA} == 1 ? 10
-$6{varR} >= 0 && -$3{n_init} >= 0 && $4{m_init} == 1 && $5{varA} == 1 ? bottom
$3{n_init} >= 1 && -$6{varR} >= 0 && $4{m_init} == 1 && $5{varA} == 1 ? 12
-$6{varR} >= 0 && -$3{n_init} >= 0 && $4{m_init} == 2 && $5{varA} == 1 ? bottom
$3{n_init} >= 1 && -$6{varR} >= 0 && $4{m_init} == 2 && $5{varA} == 1 ? 14
$4{m_init} >= 3 && -$6{varR} >= 0 && -$3{n_init} >= 0 && $5{varA} == 1 ? bottom
$3{n_init} >= 1 && $4{m_init} >= 3 && -$6{varR} >= 0 && $5{varA} == 1 ? 2$4{m_init}+10
$5{varA} >= 2 && -$6{varR} >= 0 && -$4{m_init} >= 0 && -$3{n_init} >= 0 ? 0.
$3{n_init} >= 1 && $5{varA} >= 2 && -$6{varR} >= 0 && -$4{m_init} >= 0 ? 10
$4{m_init} >= 1 && $5{varA} >= 2 && -$6{varR} >= 0 && -$3{n_init} >= 0 ? 0.
$3{n_init} >= 1 && $4{m_init} >= 1 && $5{varA} >= 2 && -$6{varR} >= 0 ? 2$4{m_init}+10
$6{varR} == 1 ? 0
$6{varR} >= 2 && -$5{varA} >= 0 && -$4{m_init} >= 0 && -$3{n_init} >= 0 ? 0.
$3{n_init} >= 1 && $6{varR} >= 2 && -$5{varA} >= 0 && -$4{m_init} >= 0 ? 10
$4{m_init} >= 1 && $6{varR} >= 2 && -$5{varA} >= 0 && -$3{n_init} >= 0 ? 0.
$3{n_init} >= 1 && $4{m_init} >= 1 && $6{varR} >= 2 && -$5{varA} >= 0 ? 2$4{m_init}+10
$6{varR} >= 2 && -$4{m_init} >= 0 && -$3{n_init} >= 0 && $5{varA} == 1 ? bottom
$3{n_init} >= 1 && $6{varR} >= 2 && -$4{m_init} >= 0 && $5{varA} == 1 ? 10
$6{varR} >= 2 && -$3{n_init} >= 0 && $4{m_init} == 1 && $5{varA} == 1 ? bottom
$3{n_init} >= 1 && $6{varR} >= 2 && $4{m_init} == 1 && $5{varA} == 1 ? 12
$6{varR} >= 2 && -$3{n_init} >= 0 && $4{m_init} == 2 && $5{varA} == 1 ? bottom
$3{n_init} >= 1 && $6{varR} >= 2 && $4{m_init} == 2 && $5{varA} == 1 ? 14
$4{m_init} >= 3 && $6{varR} >= 2 && -$3{n_init} >= 0 && $5{varA} == 1 ? bottom
$3{n_init} >= 1 && $4{m_init} >= 3 && $6{varR} >= 2 && $5{varA} == 1 ? 2$4{m_init}+10
$5{varA} >= 2 && $6{varR} >= 2 && -$4{m_init} >= 0 && -$3{n_init} >= 0 ? 0.
$3{n_init} >= 1 && $5{varA} >= 2 && $6{varR} >= 2 && -$4{m_init} >= 0 ? 10
$4{m_init} >= 1 && $5{varA} >= 2 && $6{varR} >= 2 && -$3{n_init} >= 0 ? 0.
$3{n_init} >= 1 && $4{m_init} >= 1 && $5{varA} >= 2 && $6{varR} >= 2 ? 2$4{m_init}+10

[7:]:
-$6{varR} >= 0 && -$5{varA} >= 0 && -$4{m_init} >= 0 && -$3{n_init} >= 0 ? 0.
$3{n_init} >= 1 && -$6{varR} >= 0 && -$5{varA} >= 0 && -$4{m_init} >= 0 ? 9
$4{m_init} >= 1 && -$6{varR} >= 0 && -$5{varA} >= 0 && -$3{n_init} >= 0 ? 0.
$3{n_init} >= 1 && $4{m_init} >= 1 && -$6{varR} >= 0 && -$5{varA} >= 0 ? 2$4{m_init}+9
-$6{varR} >= 0 && -$4{m_init} >= 0 && -$3{n_init} >= 0 && $5{varA} == 1 ? bottom
$3{n_init} >= 1 && -$6{varR} >= 0 && -$4{m_init} >= 0 && $5{varA} == 1 ? 9
-$6{varR} >= 0 && -$3{n_init} >= 0 && $4{m_init} == 1 && $5{varA} == 1 ? bottom
$3{n_init} >= 1 && -$6{varR} >= 0 && $4{m_init} == 1 && $5{varA} == 1 ? 11
-$6{varR} >= 0 && -$3{n_init} >= 0 && $4{m_init} == 2 && $5{varA} == 1 ? bottom
$3{n_init} >= 1 && -$6{varR} >= 0 && $4{m_init} == 2 && $5{varA} == 1 ? 13
$4{m_init} >= 3 && -$6{varR} >= 0 && -$3{n_init} >= 0 && $5{varA} == 1 ? bottom
$3{n_init} >= 1 && $4{m_init} >= 3 && -$6{varR} >= 0 && $5{varA} == 1 ? 2$4{m_init}+9
$5{varA} >= 2 && -$6{varR} >= 0 && -$4{m_init} >= 0 && -$3{n_init} >= 0 ? 0.
$3{n_init} >= 1 && $5{varA} >= 2 && -$6{varR} >= 0 && -$4{m_init} >= 0 ? 9
$4{m_init} >= 1 && $5{varA} >= 2 && -$6{varR} >= 0 && -$3{n_init} >= 0 ? 0.
$3{n_init} >= 1 && $4{m_init} >= 1 && $5{varA} >= 2 && -$6{varR} >= 0 ? 2$4{m_init}+9
$6{varR} == 1 ? 0
$6{varR} >= 2 && -$5{varA} >= 0 && -$4{m_init} >= 0 && -$3{n_init} >= 0 ? 0.
$3{n_init} >= 1 && $6{varR} >= 2 && -$5{varA} >= 0 && -$4{m_init} >= 0 ? 9
$4{m_init} >= 1 && $6{varR} >= 2 && -$5{varA} >= 0 && -$3{n_init} >= 0 ? 0.
$3{n_init} >= 1 && $4{m_init} >= 1 && $6{varR} >= 2 && -$5{varA} >= 0 ? 2$4{m_init}+9
$6{varR} >= 2 && -$4{m_init} >= 0 && -$3{n_init} >= 0 && $5{varA} == 1 ? bottom
$3{n_init} >= 1 && $6{varR} >= 2 && -$4{m_init} >= 0 && $5{varA} == 1 ? 9
$6{varR} >= 2 && -$3{n_init} >= 0 && $4{m_init} == 1 && $5{varA} == 1 ? bottom
$3{n_init} >= 1 && $6{varR} >= 2 && $4{m_init} == 1 && $5{varA} == 1 ? 11
$6{varR} >= 2 && -$3{n_init} >= 0 && $4{m_init} == 2 && $5{varA} == 1 ? bottom
$3{n_init} >= 1 && $6{varR} >= 2 && $4{m_init} == 2 && $5{varA} == 1 ? 13
$4{m_init} >= 3 && $6{varR} >= 2 && -$3{n_init} >= 0 && $5{varA} == 1 ? bottom
$3{n_init} >= 1 && $4{m_init} >= 3 && $6{varR} >= 2 && $5{varA} == 1 ? 2$4{m_init}+9
$5{varA} >= 2 && $6{varR} >= 2 && -$4{m_init} >= 0 && -$3{n_init} >= 0 ? 0.
$3{n_init} >= 1 && $5{varA} >= 2 && $6{varR} >= 2 && -$4{m_init} >= 0 ? 9
$4{m_init} >= 1 && $5{varA} >= 2 && $6{varR} >= 2 && -$3{n_init} >= 0 ? 0.
$3{n_init} >= 1 && $4{m_init} >= 1 && $5{varA} >= 2 && $6{varR} >= 2 ? 2$4{m_init}+9

[8:]:
-$6{varR} >= 0 && -$5{varA} >= 0 && -$4{m_init} >= 0 && -$3{n_init} >= 0 ? 0.
$3{n_init} >= 1 && -$6{varR} >= 0 && -$5{varA} >= 0 && -$4{m_init} >= 0 ? 8
$4{m_init} >= 1 && -$6{varR} >= 0 && -$5{varA} >= 0 && -$3{n_init} >= 0 ? 0.
$3{n_init} >= 1 && $4{m_init} >= 1 && -$6{varR} >= 0 && -$5{varA} >= 0 ? 2$4{m_init}+8
-$6{varR} >= 0 && -$4{m_init} >= 0 && -$3{n_init} >= 0 && $5{varA} == 1 ? bottom
$3{n_init} >= 1 && -$6{varR} >= 0 && -$4{m_init} >= 0 && $5{varA} == 1 ? 8
-$6{varR} >= 0 && -$3{n_init} >= 0 && $4{m_init} == 1 && $5{varA} == 1 ? bottom
$3{n_init} >= 1 && -$6{varR} >= 0 && $4{m_init} == 1 && $5{varA} == 1 ? 10
-$6{varR} >= 0 && -$3{n_init} >= 0 && $4{m_init} == 2 && $5{varA} == 1 ? bottom
$3{n_init} >= 1 && -$6{varR} >= 0 && $4{m_init} == 2 && $5{varA} == 1 ? 12
$4{m_init} >= 3 && -$6{varR} >= 0 && -$3{n_init} >= 0 && $5{varA} == 1 ? bottom
$3{n_init} >= 1 && $4{m_init} >= 3 && -$6{varR} >= 0 && $5{varA} == 1 ? 2$4{m_init}+8
$5{varA} >= 2 && -$6{varR} >= 0 && -$4{m_init} >= 0 && -$3{n_init} >= 0 ? 0.
$3{n_init} >= 1 && $5{varA} >= 2 && -$6{varR} >= 0 && -$4{m_init} >= 0 ? 8
$4{m_init} >= 1 && $5{varA} >= 2 && -$6{varR} >= 0 && -$3{n_init} >= 0 ? 0.
$3{n_init} >= 1 && $4{m_init} >= 1 && $5{varA} >= 2 && -$6{varR} >= 0 ? 2$4{m_init}+8
$6{varR} == 1 ? 0
$6{varR} >= 2 && -$5{varA} >= 0 && -$4{m_init} >= 0 && -$3{n_init} >= 0 ? 0.
$3{n_init} >= 1 && $6{varR} >= 2 && -$5{varA} >= 0 && -$4{m_init} >= 0 ? 8
$4{m_init} >= 1 && $6{varR} >= 2 && -$5{varA} >= 0 && -$3{n_init} >= 0 ? 0.
$3{n_init} >= 1 && $4{m_init} >= 1 && $6{varR} >= 2 && -$5{varA} >= 0 ? 2$4{m_init}+8
$6{varR} >= 2 && -$4{m_init} >= 0 && -$3{n_init} >= 0 && $5{varA} == 1 ? bottom
$3{n_init} >= 1 && $6{varR} >= 2 && -$4{m_init} >= 0 && $5{varA} == 1 ? 8
$6{varR} >= 2 && -$3{n_init} >= 0 && $4{m_init} == 1 && $5{varA} == 1 ? bottom
$3{n_init} >= 1 && $6{varR} >= 2 && $4{m_init} == 1 && $5{varA} == 1 ? 10
$6{varR} >= 2 && -$3{n_init} >= 0 && $4{m_init} == 2 && $5{varA} == 1 ? bottom
$3{n_init} >= 1 && $6{varR} >= 2 && $4{m_init} == 2 && $5{varA} == 1 ? 12
$4{m_init} >= 3 && $6{varR} >= 2 && -$3{n_init} >= 0 && $5{varA} == 1 ? bottom
$3{n_init} >= 1 && $4{m_init} >= 3 && $6{varR} >= 2 && $5{varA} == 1 ? 2$4{m_init}+8
$5{varA} >= 2 && $6{varR} >= 2 && -$4{m_init} >= 0 && -$3{n_init} >= 0 ? 0.
$3{n_init} >= 1 && $5{varA} >= 2 && $6{varR} >= 2 && -$4{m_init} >= 0 ? 8
$4{m_init} >= 1 && $5{varA} >= 2 && $6{varR} >= 2 && -$3{n_init} >= 0 ? 0.
$3{n_init} >= 1 && $4{m_init} >= 1 && $5{varA} >= 2 && $6{varR} >= 2 ? 2$4{m_init}+8

[9:]:
-$6{varR} >= 0 && -$5{varA} >= 0 && -$4{m_init} >= 0 && -$1{n}+$3{n_init} >= 1 ? 7
$1{n}-$3{n_init} >= 0 && -$6{varR} >= 0 && -$5{varA} >= 0 && -$4{m_init} >= 0 ? 0.
$4{m_init} >= 1 && -$6{varR} >= 0 && -$5{varA} >= 0 && -$1{n}+$3{n_init} >= 1 ? 2$4{m_init}+7
$1{n}-$3{n_init} >= 0 && $4{m_init} >= 1 && -$6{varR} >= 0 && -$5{varA} >= 0 ? 0.
-$6{varR} >= 0 && -$4{m_init} >= 0 && -$1{n}+$3{n_init} >= 1 && $5{varA} == 1 ? 7
$1{n}-$3{n_init} >= 0 && -$6{varR} >= 0 && -$4{m_init} >= 0 && $5{varA} == 1 ? bottom
-$6{varR} >= 0 && -$1{n}+$3{n_init} >= 1 && $4{m_init} == 1 && $5{varA} == 1 ? 9
$1{n}-$3{n_init} >= 0 && -$6{varR} >= 0 && $4{m_init} == 1 && $5{varA} == 1 ? bottom
-$6{varR} >= 0 && -$1{n}+$3{n_init} >= 1 && $4{m_init} == 2 && $5{varA} == 1 ? 11
$1{n}-$3{n_init} >= 0 && -$6{varR} >= 0 && $4{m_init} == 2 && $5{varA} == 1 ? bottom
$4{m_init} >= 3 && -$6{varR} >= 0 && -$1{n}+$3{n_init} >= 1 && $5{varA} == 1 ? 2$4{m_init}+7
$1{n}-$3{n_init} >= 0 && $4{m_init} >= 3 && -$6{varR} >= 0 && $5{varA} == 1 ? bottom
$5{varA} >= 2 && -$6{varR} >= 0 && -$4{m_init} >= 0 && -$1{n}+$3{n_init} >= 1 ? 7
$1{n}-$3{n_init} >= 0 && $5{varA} >= 2 && -$6{varR} >= 0 && -$4{m_init} >= 0 ? 0.
$4{m_init} >= 1 && $5{varA} >= 2 && -$6{varR} >= 0 && -$1{n}+$3{n_init} >= 1 ? 2$4{m_init}+7
$1{n}-$3{n_init} >= 0 && $4{m_init} >= 1 && $5{varA} >= 2 && -$6{varR} >= 0 ? 0.
$6{varR} == 1 ? 0
$6{varR} >= 2 && -$5{varA} >= 0 && -$4{m_init} >= 0 && -$1{n}+$3{n_init} >= 1 ? 7
$1{n}-$3{n_init} >= 0 && $6{varR} >= 2 && -$5{varA} >= 0 && -$4{m_init} >= 0 ? 0.
$4{m_init} >= 1 && $6{varR} >= 2 && -$5{varA} >= 0 && -$1{n}+$3{n_init} >= 1 ? 2$4{m_init}+7
$1{n}-$3{n_init} >= 0 && $4{m_init} >= 1 && $6{varR} >= 2 && -$5{varA} >= 0 ? 0.
$6{varR} >= 2 && -$4{m_init} >= 0 && -$1{n}+$3{n_init} >= 1 && $5{varA} == 1 ? 7
$1{n}-$3{n_init} >= 0 && $6{varR} >= 2 && -$4{m_init} >= 0 && $5{varA} == 1 ? bottom
$6{varR} >= 2 && -$1{n}+$3{n_init} >= 1 && $4{m_init} == 1 && $5{varA} == 1 ? 9
$1{n}-$3{n_init} >= 0 && $6{varR} >= 2 && $4{m_init} == 1 && $5{varA} == 1 ? bottom
$6{varR} >= 2 && -$1{n}+$3{n_init} >= 1 && $4{m_init} == 2 && $5{varA} == 1 ? 11
$1{n}-$3{n_init} >= 0 && $6{varR} >= 2 && $4{m_init} == 2 && $5{varA} == 1 ? bottom
$4{m_init} >= 3 && $6{varR} >= 2 && -$1{n}+$3{n_init} >= 1 && $5{varA} == 1 ? 2$4{m_init}+7
$1{n}-$3{n_init} >= 0 && $4{m_init} >= 3 && $6{varR} >= 2 && $5{varA} == 1 ? bottom
$5{varA} >= 2 && $6{varR} >= 2 && -$4{m_init} >= 0 && -$1{n}+$3{n_init} >= 1 ? 7
$1{n}-$3{n_init} >= 0 && $5{varA} >= 2 && $6{varR} >= 2 && -$4{m_init} >= 0 ? 0.
$4{m_init} >= 1 && $5{varA} >= 2 && $6{varR} >= 2 && -$1{n}+$3{n_init} >= 1 ? 2$4{m_init}+7
$1{n}-$3{n_init} >= 0 && $4{m_init} >= 1 && $5{varA} >= 2 && $6{varR} >= 2 ? 0.

[10:]:
-$6{varR} >= 0 && -$5{varA} >= 0 && -$4{m_init} >= 0 ? 6
$4{m_init} >= 1 && -$6{varR} >= 0 && -$5{varA} >= 0 ? 2$4{m_init}+6
$5{varA} >= 1 && -$6{varR} >= 0 && -$4{m_init} >= 0 ? 6
$4{m_init} >= 1 && $5{varA} >= 1 && -$6{varR} >= 0 ? 2$4{m_init}+6
$6{varR} == 1 ? 0
$6{varR} >= 2 && -$5{varA} >= 0 && -$4{m_init} >= 0 ? 6
$4{m_init} >= 1 && $6{varR} >= 2 && -$5{varA} >= 0 ? 2$4{m_init}+6
$5{varA} >= 1 && $6{varR} >= 2 && -$4{m_init} >= 0 ? 6
$4{m_init} >= 1 && $5{varA} >= 1 && $6{varR} >= 2 ? 2$4{m_init}+6

[11:]:
-$6{varR} >= 0 && -$5{varA} >= 0 && -$4{m_init} >= 0 ? 5
$4{m_init} >= 1 && -$6{varR} >= 0 && -$5{varA} >= 0 ? 2$4{m_init}+5
$5{varA} >= 1 && -$6{varR} >= 0 && -$4{m_init} >= 0 ? 5
$4{m_init} >= 1 && $5{varA} >= 1 && -$6{varR} >= 0 ? 2$4{m_init}+5
$6{varR} == 1 ? 0
$6{varR} >= 2 && -$5{varA} >= 0 && -$4{m_init} >= 0 ? 5
$4{m_init} >= 1 && $6{varR} >= 2 && -$5{varA} >= 0 ? 2$4{m_init}+5
$5{varA} >= 1 && $6{varR} >= 2 && -$4{m_init} >= 0 ? 5
$4{m_init} >= 1 && $5{varA} >= 1 && $6{varR} >= 2 ? 2$4{m_init}+5

[12:]:
-$6{varR} >= 0 && -$5{varA} >= 0 && -$4{m_init} >= 0 ? 4
$4{m_init} >= 1 && -$6{varR} >= 0 && -$5{varA} >= 0 ? 2$4{m_init}+4
$5{varA} >= 1 && -$6{varR} >= 0 && -$4{m_init} >= 0 ? 4
$4{m_init} >= 1 && $5{varA} >= 1 && -$6{varR} >= 0 ? 2$4{m_init}+4
$6{varR} == 1 ? 0
$6{varR} >= 2 && -$5{varA} >= 0 && -$4{m_init} >= 0 ? 4
$4{m_init} >= 1 && $6{varR} >= 2 && -$5{varA} >= 0 ? 2$4{m_init}+4
$5{varA} >= 1 && $6{varR} >= 2 && -$4{m_init} >= 0 ? 4
$4{m_init} >= 1 && $5{varA} >= 1 && $6{varR} >= 2 ? 2$4{m_init}+4

[13:]:
-$6{varR} >= 0 && -$5{varA} >= 0 && -$4{m_init} >= 0 ? 3
$4{m_init} >= 1 && -$6{varR} >= 0 && -$5{varA} >= 0 ? 2$4{m_init}+3
$5{varA} >= 1 && -$6{varR} >= 0 && -$4{m_init} >= 0 ? 3
$4{m_init} >= 1 && $5{varA} >= 1 && -$6{varR} >= 0 ? 2$4{m_init}+3
$6{varR} == 1 ? 0
$6{varR} >= 2 && -$5{varA} >= 0 && -$4{m_init} >= 0 ? 3
$4{m_init} >= 1 && $6{varR} >= 2 && -$5{varA} >= 0 ? 2$4{m_init}+3
$5{varA} >= 1 && $6{varR} >= 2 && -$4{m_init} >= 0 ? 3
$4{m_init} >= 1 && $5{varA} >= 1 && $6{varR} >= 2 ? 2$4{m_init}+3

[14:]:
-$6{varR} >= 0 && -$5{varA} >= 0 && -$4{m_init} >= 0 && -$2{m}+$4{m_init} >= 1 ? -2$2{m}+2$4{m_init}+2
$2{m}-$4{m_init} >= 0 && -$6{varR} >= 0 && -$5{varA} >= 0 && -$4{m_init} >= 0 ? 2
$4{m_init} >= 1 && -$6{varR} >= 0 && -$5{varA} >= 0 && -$2{m}+$4{m_init} >= 1 ? -2$2{m}+2$4{m_init}+2
$2{m}-$4{m_init} >= 0 && $4{m_init} >= 1 && -$6{varR} >= 0 && -$5{varA} >= 0 ? 2
-$6{varR} >= 0 && -$4{m_init} >= 0 && -$2{m}+$4{m_init} >= 1 && $5{varA} == 1 ? -2$2{m}+2$4{m_init}+2
$2{m}-$4{m_init} >= 0 && -$6{varR} >= 0 && -$4{m_init} >= 0 && $5{varA} == 1 ? 2
$4{m_init} >= 1 && -$6{varR} >= 0 && -$2{m}+$4{m_init} >= 1 && $5{varA} == 1 ? -2$2{m}+2$4{m_init}+2
$2{m}-$4{m_init} >= 0 && $4{m_init} >= 1 && -$6{varR} >= 0 && $5{varA} == 1 ? 2
$5{varA} >= 2 && -$6{varR} >= 0 && -$4{m_init} >= 0 && -$2{m}+$4{m_init} >= 1 ? -2$2{m}+2$4{m_init}+2
$2{m}-$4{m_init} >= 0 && $5{varA} >= 2 && -$6{varR} >= 0 && -$4{m_init} >= 0 ? 2
$4{m_init} >= 1 && $5{varA} >= 2 && -$6{varR} >= 0 && -$2{m}+$4{m_init} >= 1 ? -2$2{m}+2$4{m_init}+2
$2{m}-$4{m_init} >= 0 && $4{m_init} >= 1 && $5{varA} >= 2 && -$6{varR} >= 0 ? 2
$6{varR} == 1 ? 0
$6{varR} >= 2 && -$5{varA} >= 0 && -$4{m_init} >= 0 && -$2{m}+$4{m_init} >= 1 ? -2$2{m}+2$4{m_init}+2
$2{m}-$4{m_init} >= 0 && $6{varR} >= 2 && -$5{varA} >= 0 && -$4{m_init} >= 0 ? 2
$4{m_init} >= 1 && $6{varR} >= 2 && -$5{varA} >= 0 && -$2{m}+$4{m_init} >= 1 ? -2$2{m}+2$4{m_init}+2
$2{m}-$4{m_init} >= 0 && $4{m_init} >= 1 && $6{varR} >= 2 && -$5{varA} >= 0 ? 2
$6{varR} >= 2 && -$4{m_init} >= 0 && -$2{m}+$4{m_init} >= 1 && $5{varA} == 1 ? -2$2{m}+2$4{m_init}+2
$2{m}-$4{m_init} >= 0 && $6{varR} >= 2 && -$4{m_init} >= 0 && $5{varA} == 1 ? 2
$4{m_init} >= 1 && $6{varR} >= 2 && -$2{m}+$4{m_init} >= 1 && $5{varA} == 1 ? -2$2{m}+2$4{m_init}+2
$2{m}-$4{m_init} >= 0 && $4{m_init} >= 1 && $6{varR} >= 2 && $5{varA} == 1 ? 2
$5{varA} >= 2 && $6{varR} >= 2 && -$4{m_init} >= 0 && -$2{m}+$4{m_init} >= 1 ? -2$2{m}+2$4{m_init}+2
$2{m}-$4{m_init} >= 0 && $5{varA} >= 2 && $6{varR} >= 2 && -$4{m_init} >= 0 ? 2
$4{m_init} >= 1 && $5{varA} >= 2 && $6{varR} >= 2 && -$2{m}+$4{m_init} >= 1 ? -2$2{m}+2$4{m_init}+2
$2{m}-$4{m_init} >= 0 && $4{m_init} >= 1 && $5{varA} >= 2 && $6{varR} >= 2 ? 2

[15:]:
-$6{varR} >= 0 ? 1
$6{varR} == 1 ? 0
$6{varR} >= 2 ? 1

[16:]:
-$6{varR} >= 0 && -$5{varA} >= 0 && -$2{m}+$4{m_init} >= 2 ? -2$2{m}+2$4{m_init}+1
$2{m}-$4{m_init} >= -1 && -$6{varR} >= 0 && -$5{varA} >= 0 ? 3
$5{varA} >= 1 && -$6{varR} >= 0 && -$2{m}+$4{m_init} >= 2 ? -2$2{m}+2$4{m_init}+1
$2{m}-$4{m_init} >= -1 && $5{varA} >= 1 && -$6{varR} >= 0 ? 3
$6{varR} == 1 ? 0
$6{varR} >= 2 && -$5{varA} >= 0 && -$2{m}+$4{m_init} >= 2 ? -2$2{m}+2$4{m_init}+1
$2{m}-$4{m_init} >= -1 && $6{varR} >= 2 && -$5{varA} >= 0 ? 3
$5{varA} >= 1 && $6{varR} >= 2 && -$2{m}+$4{m_init} >= 2 ? -2$2{m}+2$4{m_init}+1
$2{m}-$4{m_init} >= -1 && $5{varA} >= 1 && $6{varR} >= 2 ? 3

[17:]:
-$5{varA} >= 0 ? 0.
$5{varA} == 1 ? bottom
$5{varA} >= 2 ? 0.

[18:]:
-$5{varA} >= 0 ? 0.
$5{varA} == 1 ? bottom
$5{varA} >= 2 ? 0.

[19:]:
-$6{varR} >= -1 && -$5{varA} >= 0 ? 0.
-$6{varR} >= -1 && $5{varA} == 1 ? bottom
$5{varA} >= 2 && -$6{varR} >= -1 ? 0
$6{varR} >= 2 && -$5{varA} >= 0 ? 0.
$6{varR} >= 2 && $5{varA} == 1 ? bottom
$5{varA} >= 2 && $6{varR} >= 2 ? 0.

[20:]:
-$6{varR} >= 0 && -$5{varA} >= 0 && -$4{m_init} >= 0 && -$3{n_init} >= 0 ? 0.
$3{n_init} >= 1 && -$6{varR} >= 0 && -$5{varA} >= 0 && -$4{m_init} >= 0 ? 10
$4{m_init} >= 1 && -$6{varR} >= 0 && -$5{varA} >= 0 && -$3{n_init} >= 0 ? 0.
$3{n_init} >= 1 && $4{m_init} >= 1 && -$6{varR} >= 0 && -$5{varA} >= 0 ? 2$4{m_init}+10
-$6{varR} >= 0 && -$4{m_init} >= 0 && -$3{n_init} >= 0 && $5{varA} == 1 ? bottom
$3{n_init} >= 1 && -$6{varR} >= 0 && -$4{m_init} >= 0 && $5{varA} == 1 ? 10
-$6{varR} >= 0 && -$3{n_init} >= 0 && $4{m_init} == 1 && $5{varA} == 1 ? bottom
$3{n_init} >= 1 && -$6{varR} >= 0 && $4{m_init} == 1 && $5{varA} == 1 ? 12
-$6{varR} >= 0 && -$3{n_init} >= 0 && $4{m_init} == 2 && $5{varA} == 1 ? bottom
$3{n_init} >= 1 && -$6{varR} >= 0 && $4{m_init} == 2 && $5{varA} == 1 ? 14
$4{m_init} >= 3 && -$6{varR} >= 0 && -$3{n_init} >= 0 && $5{varA} == 1 ? bottom
$3{n_init} >= 1 && $4{m_init} >= 3 && -$6{varR} >= 0 && $5{varA} == 1 ? 2$4{m_init}+10
$5{varA} >= 2 && -$6{varR} >= 0 && -$4{m_init} >= 0 && -$3{n_init} >= 0 ? 0.
$3{n_init} >= 1 && $5{varA} >= 2 && -$6{varR} >= 0 && -$4{m_init} >= 0 ? 10
$4{m_init} >= 1 && $5{varA} >= 2 && -$6{varR} >= 0 && -$3{n_init} >= 0 ? 0.
$3{n_init} >= 1 && $4{m_init} >= 1 && $5{varA} >= 2 && -$6{varR} >= 0 ? 2$4{m_init}+10
$6{varR} == 1 ? 0
$6{varR} >= 2 && -$5{varA} >= 0 && -$4{m_init} >= 0 && -$3{n_init} >= 0 ? 0.
$3{n_init} >= 1 && $6{varR} >= 2 && -$5{varA} >= 0 && -$4{m_init} >= 0 ? 10
$4{m_init} >= 1 && $6{varR} >= 2 && -$5{varA} >= 0 && -$3{n_init} >= 0 ? 0.
$3{n_init} >= 1 && $4{m_init} >= 1 && $6{varR} >= 2 && -$5{varA} >= 0 ? 2$4{m_init}+10
$6{varR} >= 2 && -$4{m_init} >= 0 && -$3{n_init} >= 0 && $5{varA} == 1 ? bottom
$3{n_init} >= 1 && $6{varR} >= 2 && -$4{m_init} >= 0 && $5{varA} == 1 ? 10
$6{varR} >= 2 && -$3{n_init} >= 0 && $4{m_init} == 1 && $5{varA} == 1 ? bottom
$3{n_init} >= 1 && $6{varR} >= 2 && $4{m_init} == 1 && $5{varA} == 1 ? 12
$6{varR} >= 2 && -$3{n_init} >= 0 && $4{m_init} == 2 && $5{varA} == 1 ? bottom
$3{n_init} >= 1 && $6{varR} >= 2 && $4{m_init} == 2 && $5{varA} == 1 ? 14
$4{m_init} >= 3 && $6{varR} >= 2 && -$3{n_init} >= 0 && $5{varA} == 1 ? bottom
$3{n_init} >= 1 && $4{m_init} >= 3 && $6{varR} >= 2 && $5{varA} == 1 ? 2$4{m_init}+10
$5{varA} >= 2 && $6{varR} >= 2 && -$4{m_init} >= 0 && -$3{n_init} >= 0 ? 0.
$3{n_init} >= 1 && $5{varA} >= 2 && $6{varR} >= 2 && -$4{m_init} >= 0 ? 10
$4{m_init} >= 1 && $5{varA} >= 2 && $6{varR} >= 2 && -$3{n_init} >= 0 ? 0.
$3{n_init} >= 1 && $4{m_init} >= 1 && $5{varA} >= 2 && $6{varR} >= 2 ? 2$4{m_init}+10


Analysis Result: TRUE
