
Abstract Syntax:
[ 1:]
void main( ):
[ 2:] $2{varA} := 0
[ 3:] $3{varR} := 0
[ 4:] while [ 5:] ( true ) do
[ 6:]   $2{varA} := 1
[ 7:]   $2{varA} := 0
[ 8:]   while [ 9:] ( $1{varN} > 0 ) do
[10:]
        od
[11:]   $3{varR} := 1
[12:]   $3{varR} := 0
[13:]
      od
[14:]

Property: $3{varR} < 1 || $3{varR} > 1

[ -1:]:
-$3{varR} >= 0 ? 0.
$3{varR} == 1 ? bottom
$3{varR} >= 2 ? 0.

[ 2:]:
-$3{varR} >= 0 ? 0.
$3{varR} == 1 ? bottom
$3{varR} >= 2 ? 0.

[ 3:]:
-$3{varR} >= 0 ? 0.
$3{varR} == 1 ? bottom
$3{varR} >= 2 ? 0.

[ 4:]:
-$3{varR} >= 0 ? 0.
$3{varR} == 1 ? bottom
$3{varR} >= 2 ? 0.

[ 5:]:
-$3{varR} >= 0 ? 0.
$3{varR} == 1 ? bottom
$3{varR} >= 2 ? 0.

[ 6:]:
-$3{varR} >= 0 ? 0.
$3{varR} == 1 ? bottom
$3{varR} >= 2 ? 0.

[ 7:]:
-$3{varR} >= 0 ? 0.
$3{varR} == 1 ? bottom
$3{varR} >= 2 ? 0.

[ 8:]:
-$3{varR} >= 0 ? 0.
$3{varR} == 1 ? bottom
$3{varR} >= 2 ? 0.

[ 9:]:
-$3{varR} >= 0 ? 0.
$3{varR} == 1 ? bottom
$3{varR} >= 2 ? 0.

[10:]:
-$3{varR} >= 0 ? 0.
$3{varR} == 1 ? bottom
$3{varR} >= 2 ? 0.

[11:]:
-$3{varR} >= 0 ? 0.
$3{varR} == 1 ? bottom
$3{varR} >= 2 ? 0.

[12:]:
-$3{varR} >= 0 ? 0.
$3{varR} == 1 ? bottom
$3{varR} >= 2 ? 0.

[13:]:
-$3{varR} >= 0 ? 0.
$3{varR} == 1 ? bottom
$3{varR} >= 2 ? 0.

[14:]:
-$3{varR} >= 0 ? 0.
$3{varR} == 1 ? bottom
$3{varR} >= 2 ? 0.

Property: AG{$3{varR} < 1 || $3{varR} > 1}

[ -1:]:
top ? bottom

[ 2:]:
-$3{varR} >= 0 && -$1{varN} >= 0 ? bottom
$1{varN} >= 1 && -$3{varR} >= 0 ? 0.
$3{varR} == 1 ? bottom
$3{varR} >= 2 && -$1{varN} >= 0 ? bottom
$1{varN} >= 1 && $3{varR} >= 2 ? 0.

[ 3:]:
-$3{varR} >= 0 && -$1{varN} >= 0 ? bottom
$1{varN} >= 1 && -$3{varR} >= 0 ? 0.
$3{varR} == 1 ? bottom
$3{varR} >= 2 && -$1{varN} >= 0 ? bottom
$1{varN} >= 1 && $3{varR} >= 2 ? 0.

[ 4:]:
-$3{varR} >= 0 && -$1{varN} >= 0 ? bottom
$1{varN} >= 1 && -$3{varR} >= 0 ? 0.
$3{varR} == 1 ? bottom
$3{varR} >= 2 && -$1{varN} >= 0 ? bottom
$1{varN} >= 1 && $3{varR} >= 2 ? 0.

[ 5:]:
-$3{varR} >= 0 && -$1{varN} >= 0 ? bottom
$1{varN} >= 1 && -$3{varR} >= 0 ? 0.
$3{varR} == 1 ? bottom
$3{varR} >= 2 && -$1{varN} >= 0 ? bottom
$1{varN} >= 1 && $3{varR} >= 2 ? 0.

[ 6:]:
-$3{varR} >= 0 && -$1{varN} >= 0 ? bottom
$1{varN} >= 1 && -$3{varR} >= 0 ? 0.
$3{varR} == 1 ? bottom
$3{varR} >= 2 && -$1{varN} >= 0 ? bottom
$1{varN} >= 1 && $3{varR} >= 2 ? 0.

[ 7:]:
-$3{varR} >= 0 && -$1{varN} >= 0 ? bottom
$1{varN} >= 1 && -$3{varR} >= 0 ? 0.
$3{varR} == 1 ? bottom
$3{varR} >= 2 && -$1{varN} >= 0 ? bottom
$1{varN} >= 1 && $3{varR} >= 2 ? 0.

[ 8:]:
-$3{varR} >= 0 && -$1{varN} >= 0 ? bottom
$1{varN} >= 1 && -$3{varR} >= 0 ? 0.
$3{varR} == 1 ? bottom
$3{varR} >= 2 && -$1{varN} >= 0 ? bottom
$1{varN} >= 1 && $3{varR} >= 2 ? 0.

[ 9:]:
-$3{varR} >= 0 && -$1{varN} >= 0 ? bottom
$1{varN} >= 1 && -$3{varR} >= 0 ? 0.
$3{varR} == 1 ? bottom
$3{varR} >= 2 && -$1{varN} >= 0 ? bottom
$1{varN} >= 1 && $3{varR} >= 2 ? 0.

[10:]:
-$3{varR} >= 0 && -$1{varN} >= 0 ? bottom
$1{varN} >= 1 && -$3{varR} >= 0 ? 0.
$3{varR} == 1 ? bottom
$3{varR} >= 2 && -$1{varN} >= 0 ? bottom
$1{varN} >= 1 && $3{varR} >= 2 ? 0.

[11:]:
top ? bottom

[12:]:
-$3{varR} >= 0 && -$1{varN} >= 0 ? bottom
$1{varN} >= 1 && -$3{varR} >= 0 ? 0.
$3{varR} == 1 ? bottom
$3{varR} >= 2 && -$1{varN} >= 0 ? bottom
$1{varN} >= 1 && $3{varR} >= 2 ? 0.

[13:]:
-$3{varR} >= 0 && -$1{varN} >= 0 ? bottom
$1{varN} >= 1 && -$3{varR} >= 0 ? 0.
$3{varR} == 1 ? bottom
$3{varR} >= 2 && -$1{varN} >= 0 ? bottom
$1{varN} >= 1 && $3{varR} >= 2 ? 0.

[14:]:
top ? bottom

Property: $2{varA} <= 1 && $2{varA} >= 1

[ -1:]:
-$2{varA} >= 0 ? bottom
$2{varA} == 1 ? 0.
$2{varA} >= 2 ? bottom

[ 2:]:
-$2{varA} >= 0 ? bottom
$2{varA} == 1 ? 0.
$2{varA} >= 2 ? bottom

[ 3:]:
-$2{varA} >= 0 ? bottom
$2{varA} == 1 ? 0.
$2{varA} >= 2 ? bottom

[ 4:]:
-$2{varA} >= 0 ? bottom
$2{varA} == 1 ? 0.
$2{varA} >= 2 ? bottom

[ 5:]:
-$2{varA} >= 0 ? bottom
$2{varA} == 1 ? 0.
$2{varA} >= 2 ? bottom

[ 6:]:
-$2{varA} >= 0 ? bottom
$2{varA} == 1 ? 0.
$2{varA} >= 2 ? bottom

[ 7:]:
-$2{varA} >= 0 ? bottom
$2{varA} == 1 ? 0.
$2{varA} >= 2 ? bottom

[ 8:]:
-$2{varA} >= 0 ? bottom
$2{varA} == 1 ? 0.
$2{varA} >= 2 ? bottom

[ 9:]:
-$2{varA} >= 0 ? bottom
$2{varA} == 1 ? 0.
$2{varA} >= 2 ? bottom

[10:]:
-$2{varA} >= 0 ? bottom
$2{varA} == 1 ? 0.
$2{varA} >= 2 ? bottom

[11:]:
-$2{varA} >= 0 ? bottom
$2{varA} == 1 ? 0.
$2{varA} >= 2 ? bottom

[12:]:
-$2{varA} >= 0 ? bottom
$2{varA} == 1 ? 0.
$2{varA} >= 2 ? bottom

[13:]:
-$2{varA} >= 0 ? bottom
$2{varA} == 1 ? 0.
$2{varA} >= 2 ? bottom

[14:]:
-$2{varA} >= 0 ? bottom
$2{varA} == 1 ? 0.
$2{varA} >= 2 ? bottom

Property: AND{$2{varA} <= 1 && $2{varA} >= 1}{AG{$3{varR} < 1 || $3{varR} > 1}}

[ -1:]:
top ? bottom

[ 2:]:
-$3{varR} >= -1 && -$2{varA} >= 0 ? bottom
-$3{varR} >= -1 && -$1{varN} >= 0 && $2{varA} == 1 ? bottom
$1{varN} >= 1 && -$3{varR} >= -1 && $2{varA} == 1 ? 0
$2{varA} >= 2 && -$3{varR} >= -1 ? bottom
$3{varR} >= 2 && -$2{varA} >= 0 ? bottom
$3{varR} >= 2 && -$1{varN} >= 0 && $2{varA} == 1 ? bottom
$1{varN} >= 1 && $3{varR} >= 2 && $2{varA} == 1 ? 0
$2{varA} >= 2 && $3{varR} >= 2 ? bottom

[ 3:]:
-$3{varR} >= -1 && -$2{varA} >= 0 ? bottom
-$3{varR} >= -1 && -$1{varN} >= 0 && $2{varA} == 1 ? bottom
$1{varN} >= 1 && -$3{varR} >= -1 && $2{varA} == 1 ? 0
$2{varA} >= 2 && -$3{varR} >= -1 ? bottom
$3{varR} >= 2 && -$2{varA} >= 0 ? bottom
$3{varR} >= 2 && -$1{varN} >= 0 && $2{varA} == 1 ? bottom
$1{varN} >= 1 && $3{varR} >= 2 && $2{varA} == 1 ? 0
$2{varA} >= 2 && $3{varR} >= 2 ? bottom

[ 4:]:
-$3{varR} >= -1 && -$2{varA} >= 0 ? bottom
-$3{varR} >= -1 && -$1{varN} >= 0 && $2{varA} == 1 ? bottom
$1{varN} >= 1 && -$3{varR} >= -1 && $2{varA} == 1 ? 0
$2{varA} >= 2 && -$3{varR} >= -1 ? bottom
$3{varR} >= 2 && -$2{varA} >= 0 ? bottom
$3{varR} >= 2 && -$1{varN} >= 0 && $2{varA} == 1 ? bottom
$1{varN} >= 1 && $3{varR} >= 2 && $2{varA} == 1 ? 0
$2{varA} >= 2 && $3{varR} >= 2 ? bottom

[ 5:]:
-$3{varR} >= -1 && -$2{varA} >= 0 ? bottom
-$3{varR} >= -1 && -$1{varN} >= 0 && $2{varA} == 1 ? bottom
$1{varN} >= 1 && -$3{varR} >= -1 && $2{varA} == 1 ? 0
$2{varA} >= 2 && -$3{varR} >= -1 ? bottom
$3{varR} >= 2 && -$2{varA} >= 0 ? bottom
$3{varR} >= 2 && -$1{varN} >= 0 && $2{varA} == 1 ? bottom
$1{varN} >= 1 && $3{varR} >= 2 && $2{varA} == 1 ? 0
$2{varA} >= 2 && $3{varR} >= 2 ? bottom

[ 6:]:
-$3{varR} >= -1 && -$2{varA} >= 0 ? bottom
-$3{varR} >= -1 && -$1{varN} >= 0 && $2{varA} == 1 ? bottom
$1{varN} >= 1 && -$3{varR} >= -1 && $2{varA} == 1 ? 0
$2{varA} >= 2 && -$3{varR} >= -1 ? bottom
$3{varR} >= 2 && -$2{varA} >= 0 ? bottom
$3{varR} >= 2 && -$1{varN} >= 0 && $2{varA} == 1 ? bottom
$1{varN} >= 1 && $3{varR} >= 2 && $2{varA} == 1 ? 0
$2{varA} >= 2 && $3{varR} >= 2 ? bottom

[ 7:]:
-$3{varR} >= -1 && -$2{varA} >= 0 ? bottom
-$3{varR} >= -1 && -$1{varN} >= 0 && $2{varA} == 1 ? bottom
$1{varN} >= 1 && -$3{varR} >= -1 && $2{varA} == 1 ? 0
$2{varA} >= 2 && -$3{varR} >= -1 ? bottom
$3{varR} >= 2 && -$2{varA} >= 0 ? bottom
$3{varR} >= 2 && -$1{varN} >= 0 && $2{varA} == 1 ? bottom
$1{varN} >= 1 && $3{varR} >= 2 && $2{varA} == 1 ? 0
$2{varA} >= 2 && $3{varR} >= 2 ? bottom

[ 8:]:
-$3{varR} >= -1 && -$2{varA} >= 0 ? bottom
-$3{varR} >= -1 && -$1{varN} >= 0 && $2{varA} == 1 ? bottom
$1{varN} >= 1 && -$3{varR} >= -1 && $2{varA} == 1 ? 0
$2{varA} >= 2 && -$3{varR} >= -1 ? bottom
$3{varR} >= 2 && -$2{varA} >= 0 ? bottom
$3{varR} >= 2 && -$1{varN} >= 0 && $2{varA} == 1 ? bottom
$1{varN} >= 1 && $3{varR} >= 2 && $2{varA} == 1 ? 0
$2{varA} >= 2 && $3{varR} >= 2 ? bottom

[ 9:]:
-$3{varR} >= -1 && -$2{varA} >= 0 ? bottom
-$3{varR} >= -1 && -$1{varN} >= 0 && $2{varA} == 1 ? bottom
$1{varN} >= 1 && -$3{varR} >= -1 && $2{varA} == 1 ? 0
$2{varA} >= 2 && -$3{varR} >= -1 ? bottom
$3{varR} >= 2 && -$2{varA} >= 0 ? bottom
$3{varR} >= 2 && -$1{varN} >= 0 && $2{varA} == 1 ? bottom
$1{varN} >= 1 && $3{varR} >= 2 && $2{varA} == 1 ? 0
$2{varA} >= 2 && $3{varR} >= 2 ? bottom

[10:]:
-$3{varR} >= -1 && -$2{varA} >= 0 ? bottom
-$3{varR} >= -1 && -$1{varN} >= 0 && $2{varA} == 1 ? bottom
$1{varN} >= 1 && -$3{varR} >= -1 && $2{varA} == 1 ? 0
$2{varA} >= 2 && -$3{varR} >= -1 ? bottom
$3{varR} >= 2 && -$2{varA} >= 0 ? bottom
$3{varR} >= 2 && -$1{varN} >= 0 && $2{varA} == 1 ? bottom
$1{varN} >= 1 && $3{varR} >= 2 && $2{varA} == 1 ? 0
$2{varA} >= 2 && $3{varR} >= 2 ? bottom

[11:]:
top ? bottom

[12:]:
-$3{varR} >= -1 && -$2{varA} >= 0 ? bottom
-$3{varR} >= -1 && -$1{varN} >= 0 && $2{varA} == 1 ? bottom
$1{varN} >= 1 && -$3{varR} >= -1 && $2{varA} == 1 ? 0
$2{varA} >= 2 && -$3{varR} >= -1 ? bottom
$3{varR} >= 2 && -$2{varA} >= 0 ? bottom
$3{varR} >= 2 && -$1{varN} >= 0 && $2{varA} == 1 ? bottom
$1{varN} >= 1 && $3{varR} >= 2 && $2{varA} == 1 ? 0
$2{varA} >= 2 && $3{varR} >= 2 ? bottom

[13:]:
-$3{varR} >= -1 && -$2{varA} >= 0 ? bottom
-$3{varR} >= -1 && -$1{varN} >= 0 && $2{varA} == 1 ? bottom
$1{varN} >= 1 && -$3{varR} >= -1 && $2{varA} == 1 ? 0
$2{varA} >= 2 && -$3{varR} >= -1 ? bottom
$3{varR} >= 2 && -$2{varA} >= 0 ? bottom
$3{varR} >= 2 && -$1{varN} >= 0 && $2{varA} == 1 ? bottom
$1{varN} >= 1 && $3{varR} >= 2 && $2{varA} == 1 ? 0
$2{varA} >= 2 && $3{varR} >= 2 ? bottom

[14:]:
top ? bottom

Property: EF{AND{$2{varA} <= 1 && $2{varA} >= 1}{AG{$3{varR} < 1 || $3{varR} > 1}}}

[ -1:]:
top ? bottom

[ 2:]:
-$3{varR} >= 0 && -$2{varA} >= 0 && -$1{varN} >= 0 ? bottom
$1{varN} >= 1 && -$3{varR} >= 0 && -$2{varA} >= 0 ? 4
-$3{varR} >= 0 && -$1{varN} >= 0 && $2{varA} == 1 ? bottom
$1{varN} >= 1 && -$3{varR} >= 0 && $2{varA} == 1 ? 0.
$2{varA} >= 2 && -$3{varR} >= 0 && -$1{varN} >= 0 ? bottom
$1{varN} >= 1 && $2{varA} >= 2 && -$3{varR} >= 0 ? 4
-$2{varA} >= 0 && -$1{varN} >= 0 && $3{varR} == 1 ? bottom
$1{varN} >= 1 && -$2{varA} >= 0 && $3{varR} == 1 ? 4
-$1{varN} >= 0 && $2{varA} == 1 && $3{varR} == 1 ? bottom
$1{varN} >= 1 && $2{varA} == 1 && $3{varR} == 1 ? 4
$2{varA} >= 2 && -$1{varN} >= 0 && $3{varR} == 1 ? bottom
$1{varN} >= 1 && $2{varA} >= 2 && $3{varR} == 1 ? 4
$3{varR} >= 2 && -$2{varA} >= 0 && -$1{varN} >= 0 ? bottom
$1{varN} >= 1 && $3{varR} >= 2 && -$2{varA} >= 0 ? 4
$3{varR} >= 2 && -$1{varN} >= 0 && $2{varA} == 1 ? bottom
$1{varN} >= 1 && $3{varR} >= 2 && $2{varA} == 1 ? 0.
$2{varA} >= 2 && $3{varR} >= 2 && -$1{varN} >= 0 ? bottom
$1{varN} >= 1 && $2{varA} >= 2 && $3{varR} >= 2 ? 4

[ 3:]:
-$3{varR} >= 0 && -$2{varA} >= 0 && -$1{varN} >= 0 ? bottom
$1{varN} >= 1 && -$3{varR} >= 0 && -$2{varA} >= 0 ? 3
-$3{varR} >= 0 && -$1{varN} >= 0 && $2{varA} == 1 ? bottom
$1{varN} >= 1 && -$3{varR} >= 0 && $2{varA} == 1 ? 0.
$2{varA} >= 2 && -$3{varR} >= 0 && -$1{varN} >= 0 ? bottom
$1{varN} >= 1 && $2{varA} >= 2 && -$3{varR} >= 0 ? 3
-$2{varA} >= 0 && -$1{varN} >= 0 && $3{varR} == 1 ? bottom
$1{varN} >= 1 && -$2{varA} >= 0 && $3{varR} == 1 ? 3
-$1{varN} >= 0 && $2{varA} == 1 && $3{varR} == 1 ? bottom
$1{varN} >= 1 && $2{varA} == 1 && $3{varR} == 1 ? 1
$2{varA} >= 2 && -$1{varN} >= 0 && $3{varR} == 1 ? bottom
$1{varN} >= 1 && $2{varA} >= 2 && $3{varR} == 1 ? 3
$3{varR} >= 2 && -$2{varA} >= 0 && -$1{varN} >= 0 ? bottom
$1{varN} >= 1 && $3{varR} >= 2 && -$2{varA} >= 0 ? 3
$3{varR} >= 2 && -$1{varN} >= 0 && $2{varA} == 1 ? bottom
$1{varN} >= 1 && $3{varR} >= 2 && $2{varA} == 1 ? 0.
$2{varA} >= 2 && $3{varR} >= 2 && -$1{varN} >= 0 ? bottom
$1{varN} >= 1 && $2{varA} >= 2 && $3{varR} >= 2 ? 3

[ 4:]:
-$3{varR} >= 0 && -$2{varA} >= 0 && -$1{varN} >= 0 ? bottom
$1{varN} >= 1 && -$3{varR} >= 0 && -$2{varA} >= 0 ? 2
-$3{varR} >= 0 && -$1{varN} >= 0 && $2{varA} == 1 ? bottom
$1{varN} >= 1 && -$3{varR} >= 0 && $2{varA} == 1 ? 0.
$2{varA} >= 2 && -$3{varR} >= 0 && -$1{varN} >= 0 ? bottom
$1{varN} >= 1 && $2{varA} >= 2 && -$3{varR} >= 0 ? 2
$3{varR} == 1 ? bottom
$3{varR} >= 2 && -$2{varA} >= 0 && -$1{varN} >= 0 ? bottom
$1{varN} >= 1 && $3{varR} >= 2 && -$2{varA} >= 0 ? 2
$3{varR} >= 2 && -$1{varN} >= 0 && $2{varA} == 1 ? bottom
$1{varN} >= 1 && $3{varR} >= 2 && $2{varA} == 1 ? 0.
$2{varA} >= 2 && $3{varR} >= 2 && -$1{varN} >= 0 ? bottom
$1{varN} >= 1 && $2{varA} >= 2 && $3{varR} >= 2 ? 2

[ 5:]:
-$3{varR} >= 0 && -$2{varA} >= 0 && -$1{varN} >= 0 ? bottom
$1{varN} >= 1 && -$3{varR} >= 0 && -$2{varA} >= 0 ? 2
-$3{varR} >= 0 && -$1{varN} >= 0 && $2{varA} == 1 ? bottom
$1{varN} >= 1 && -$3{varR} >= 0 && $2{varA} == 1 ? 0.
$2{varA} >= 2 && -$3{varR} >= 0 && -$1{varN} >= 0 ? bottom
$1{varN} >= 1 && $2{varA} >= 2 && -$3{varR} >= 0 ? 2
$3{varR} == 1 ? bottom
$3{varR} >= 2 && -$2{varA} >= 0 && -$1{varN} >= 0 ? bottom
$1{varN} >= 1 && $3{varR} >= 2 && -$2{varA} >= 0 ? 2
$3{varR} >= 2 && -$1{varN} >= 0 && $2{varA} == 1 ? bottom
$1{varN} >= 1 && $3{varR} >= 2 && $2{varA} == 1 ? 0.
$2{varA} >= 2 && $3{varR} >= 2 && -$1{varN} >= 0 ? bottom
$1{varN} >= 1 && $2{varA} >= 2 && $3{varR} >= 2 ? 2

[ 6:]:
-$3{varR} >= 0 && -$2{varA} >= 0 && -$1{varN} >= 0 ? bottom
$1{varN} >= 1 && -$3{varR} >= 0 && -$2{varA} >= 0 ? 1
-$3{varR} >= 0 && -$1{varN} >= 0 && $2{varA} == 1 ? bottom
$1{varN} >= 1 && -$3{varR} >= 0 && $2{varA} == 1 ? 0.
$2{varA} >= 2 && -$3{varR} >= 0 && -$1{varN} >= 0 ? bottom
$1{varN} >= 1 && $2{varA} >= 2 && -$3{varR} >= 0 ? 1
$3{varR} == 1 ? bottom
$3{varR} >= 2 && -$2{varA} >= 0 && -$1{varN} >= 0 ? bottom
$1{varN} >= 1 && $3{varR} >= 2 && -$2{varA} >= 0 ? 1
$3{varR} >= 2 && -$1{varN} >= 0 && $2{varA} == 1 ? bottom
$1{varN} >= 1 && $3{varR} >= 2 && $2{varA} == 1 ? 0.
$2{varA} >= 2 && $3{varR} >= 2 && -$1{varN} >= 0 ? bottom
$1{varN} >= 1 && $2{varA} >= 2 && $3{varR} >= 2 ? 1

[ 7:]:
-$3{varR} >= -1 && -$2{varA} >= 0 ? bottom
-$3{varR} >= -1 && -$1{varN} >= 0 && $2{varA} == 1 ? bottom
$1{varN} >= 1 && -$3{varR} >= -1 && $2{varA} == 1 ? 0.
$2{varA} >= 2 && -$3{varR} >= -1 ? bottom
$3{varR} >= 2 && -$2{varA} >= 0 ? bottom
$3{varR} >= 2 && -$1{varN} >= 0 && $2{varA} == 1 ? bottom
$1{varN} >= 1 && $3{varR} >= 2 && $2{varA} == 1 ? 0.
$2{varA} >= 2 && $3{varR} >= 2 ? bottom

[ 8:]:
-$3{varR} >= -1 && -$2{varA} >= 0 ? bottom
-$3{varR} >= -1 && -$1{varN} >= 0 && $2{varA} == 1 ? bottom
$1{varN} >= 1 && -$3{varR} >= -1 && $2{varA} == 1 ? 0.
$2{varA} >= 2 && -$3{varR} >= -1 ? bottom
$3{varR} >= 2 && -$2{varA} >= 0 ? bottom
$3{varR} >= 2 && -$1{varN} >= 0 && $2{varA} == 1 ? bottom
$1{varN} >= 1 && $3{varR} >= 2 && $2{varA} == 1 ? 0.
$2{varA} >= 2 && $3{varR} >= 2 ? bottom

[ 9:]:
-$3{varR} >= -1 && -$2{varA} >= 0 ? bottom
-$3{varR} >= -1 && -$1{varN} >= 0 && $2{varA} == 1 ? bottom
$1{varN} >= 1 && -$3{varR} >= -1 && $2{varA} == 1 ? 0.
$2{varA} >= 2 && -$3{varR} >= -1 ? bottom
$3{varR} >= 2 && -$2{varA} >= 0 ? bottom
$3{varR} >= 2 && -$1{varN} >= 0 && $2{varA} == 1 ? bottom
$1{varN} >= 1 && $3{varR} >= 2 && $2{varA} == 1 ? 0.
$2{varA} >= 2 && $3{varR} >= 2 ? bottom

[10:]:
-$3{varR} >= -1 && -$2{varA} >= 0 ? bottom
-$3{varR} >= -1 && -$1{varN} >= 0 && $2{varA} == 1 ? bottom
$1{varN} >= 1 && -$3{varR} >= -1 && $2{varA} == 1 ? 0.
$2{varA} >= 2 && -$3{varR} >= -1 ? bottom
$3{varR} >= 2 && -$2{varA} >= 0 ? bottom
$3{varR} >= 2 && -$1{varN} >= 0 && $2{varA} == 1 ? bottom
$1{varN} >= 1 && $3{varR} >= 2 && $2{varA} == 1 ? 0.
$2{varA} >= 2 && $3{varR} >= 2 ? bottom

[11:]:
-$3{varR} >= 0 && -$2{varA} >= 0 && -$1{varN} >= 0 ? bottom
$1{varN} >= 1 && -$3{varR} >= 0 && -$2{varA} >= 0 ? 4
-$3{varR} >= 0 && -$1{varN} >= 0 && $2{varA} == 1 ? bottom
$1{varN} >= 1 && -$3{varR} >= 0 && $2{varA} == 1 ? 2
$2{varA} >= 2 && -$3{varR} >= 0 && -$1{varN} >= 0 ? bottom
$1{varN} >= 1 && $2{varA} >= 2 && -$3{varR} >= 0 ? 4
-$2{varA} >= 0 && -$1{varN} >= 0 && $3{varR} == 1 ? bottom
$1{varN} >= 1 && -$2{varA} >= 0 && $3{varR} == 1 ? 4
-$1{varN} >= 0 && $2{varA} == 1 && $3{varR} == 1 ? bottom
$1{varN} >= 1 && $2{varA} == 1 && $3{varR} == 1 ? 2
$2{varA} >= 2 && -$1{varN} >= 0 && $3{varR} == 1 ? bottom
$1{varN} >= 1 && $2{varA} >= 2 && $3{varR} == 1 ? 4
$3{varR} >= 2 && -$2{varA} >= 0 && -$1{varN} >= 0 ? bottom
$1{varN} >= 1 && $3{varR} >= 2 && -$2{varA} >= 0 ? 4
$3{varR} >= 2 && -$1{varN} >= 0 && $2{varA} == 1 ? bottom
$1{varN} >= 1 && $3{varR} >= 2 && $2{varA} == 1 ? 2
$2{varA} >= 2 && $3{varR} >= 2 && -$1{varN} >= 0 ? bottom
$1{varN} >= 1 && $2{varA} >= 2 && $3{varR} >= 2 ? 4

[12:]:
-$3{varR} >= 0 && -$2{varA} >= 0 && -$1{varN} >= 0 ? bottom
$1{varN} >= 1 && -$3{varR} >= 0 && -$2{varA} >= 0 ? 3
-$3{varR} >= 0 && -$1{varN} >= 0 && $2{varA} == 1 ? bottom
$1{varN} >= 1 && -$3{varR} >= 0 && $2{varA} == 1 ? 0.
$2{varA} >= 2 && -$3{varR} >= 0 && -$1{varN} >= 0 ? bottom
$1{varN} >= 1 && $2{varA} >= 2 && -$3{varR} >= 0 ? 3
-$2{varA} >= 0 && -$1{varN} >= 0 && $3{varR} == 1 ? bottom
$1{varN} >= 1 && -$2{varA} >= 0 && $3{varR} == 1 ? 3
-$1{varN} >= 0 && $2{varA} == 1 && $3{varR} == 1 ? bottom
$1{varN} >= 1 && $2{varA} == 1 && $3{varR} == 1 ? 1
$2{varA} >= 2 && -$1{varN} >= 0 && $3{varR} == 1 ? bottom
$1{varN} >= 1 && $2{varA} >= 2 && $3{varR} == 1 ? 3
$3{varR} >= 2 && -$2{varA} >= 0 && -$1{varN} >= 0 ? bottom
$1{varN} >= 1 && $3{varR} >= 2 && -$2{varA} >= 0 ? 3
$3{varR} >= 2 && -$1{varN} >= 0 && $2{varA} == 1 ? bottom
$1{varN} >= 1 && $3{varR} >= 2 && $2{varA} == 1 ? 0.
$2{varA} >= 2 && $3{varR} >= 2 && -$1{varN} >= 0 ? bottom
$1{varN} >= 1 && $2{varA} >= 2 && $3{varR} >= 2 ? 3

[13:]:
-$3{varR} >= 0 && -$2{varA} >= 0 && -$1{varN} >= 0 ? bottom
$1{varN} >= 1 && -$3{varR} >= 0 && -$2{varA} >= 0 ? 2
-$3{varR} >= 0 && -$1{varN} >= 0 && $2{varA} == 1 ? bottom
$1{varN} >= 1 && -$3{varR} >= 0 && $2{varA} == 1 ? 0.
$2{varA} >= 2 && -$3{varR} >= 0 && -$1{varN} >= 0 ? bottom
$1{varN} >= 1 && $2{varA} >= 2 && -$3{varR} >= 0 ? 2
$3{varR} == 1 ? bottom
$3{varR} >= 2 && -$2{varA} >= 0 && -$1{varN} >= 0 ? bottom
$1{varN} >= 1 && $3{varR} >= 2 && -$2{varA} >= 0 ? 2
$3{varR} >= 2 && -$1{varN} >= 0 && $2{varA} == 1 ? bottom
$1{varN} >= 1 && $3{varR} >= 2 && $2{varA} == 1 ? 0.
$2{varA} >= 2 && $3{varR} >= 2 && -$1{varN} >= 0 ? bottom
$1{varN} >= 1 && $2{varA} >= 2 && $3{varR} >= 2 ? 2

[14:]:
top ? bottom


Analysis Result: TRUE
