
CFG:
List of variables:
  $1{x}:int at tests/ctl/ltl_automizer/PotentialMinimizeSEVPABug.c:7.4-5
  $2{y}:int at tests/ctl/ltl_automizer/PotentialMinimizeSEVPABug.c:7.6-7
  $3{__return_main}:int at tests/ctl/ltl_automizer/PotentialMinimizeSEVPABug.c:9.0-20.1

List of functions:
  1: main() -> $3{__return_main}:int at tests/ctl/ltl_automizer/PotentialMinimizeSEVPABug.c:9.0-20.1, entry: 12, exit: 11, calls:

List of nodes:
  12: at :0:-1, in: out:1 
  11: at :0:-1, in: 2 out:
  1: at tests/ctl/ltl_automizer/PotentialMinimizeSEVPABug.c:9:0, in: 12 5 out:2 3 
  2: at tests/ctl/ltl_automizer/PotentialMinimizeSEVPABug.c:20:1, in: 1 out:11 
  3: at tests/ctl/ltl_automizer/PotentialMinimizeSEVPABug.c:10:12, in: 1 out:4 
  4: at tests/ctl/ltl_automizer/PotentialMinimizeSEVPABug.c:11:36, in: 3 out:5 
  5: at tests/ctl/ltl_automizer/PotentialMinimizeSEVPABug.c:12:14, in: 8 7 4 out:1 6 
  6: at tests/ctl/ltl_automizer/PotentialMinimizeSEVPABug.c:13:20, in: 5 out:7 
  7: at tests/ctl/ltl_automizer/PotentialMinimizeSEVPABug.c:14:16, in: 6 out:5 8 
  8: at tests/ctl/ltl_automizer/PotentialMinimizeSEVPABug.c:15:24, in: 7 out:5 
  9: at tests/ctl/ltl_automizer/PotentialMinimizeSEVPABug.c:7:0, in: out:10 
  10: at tests/ctl/ltl_automizer/PotentialMinimizeSEVPABug.c:20:1, in: 9 out:

List of arcs:
  12 -> 1: label entry
  2 -> 11: label exit
  1 -> 3: 1 != 0 ?
  1 -> 2: ! (1 != 0) ?
  3 -> 4: $1{x} = ?
  4 -> 5: $2{y} = 1
  5 -> 6: $1{x} > 0 ?
  5 -> 1: ! ($1{x} > 0) ?
  6 -> 7: $1{x} = $1{x} + -1
  7 -> 8: $1{x} <= 1 ?
  7 -> 5: ! ($1{x} <= 1) ?
  8 -> 5: $2{y} = 0
  9 -> 10: skip


Property: $2{y} == 0

[1:]:
-$2{y} >= 1 ? bottom
$2{y} == 0 ? 0.
$2{y} >= 1 ? bottom

[2:]:
-$2{y} >= 1 ? bottom
$2{y} == 0 ? 0.
$2{y} >= 1 ? bottom

[3:]:
-$2{y} >= 1 ? bottom
$2{y} == 0 ? 0.
$2{y} >= 1 ? bottom

[4:]:
-$2{y} >= 1 ? bottom
$2{y} == 0 ? 0.
$2{y} >= 1 ? bottom

[5:]:
-$2{y} >= 1 ? bottom
$2{y} == 0 ? 0.
$2{y} >= 1 ? bottom

[6:]:
-$2{y} >= 1 ? bottom
$2{y} == 0 ? 0.
$2{y} >= 1 ? bottom

[7:]:
-$2{y} >= 1 ? bottom
$2{y} == 0 ? 0.
$2{y} >= 1 ? bottom

[8:]:
-$2{y} >= 1 ? bottom
$2{y} == 0 ? 0.
$2{y} >= 1 ? bottom

[9:]:
-$2{y} >= 1 ? bottom
$2{y} == 0 ? 0.
$2{y} >= 1 ? bottom

[10:]:
-$2{y} >= 1 ? bottom
$2{y} == 0 ? 0.
$2{y} >= 1 ? bottom

[11:]:
-$2{y} >= 1 ? bottom
$2{y} == 0 ? 0.
$2{y} >= 1 ? bottom

[12:]:
-$2{y} >= 1 ? bottom
$2{y} == 0 ? 0.
$2{y} >= 1 ? bottom

Property: AF{$2{y} == 0}

[1:]:
-$2{y} >= 1 ? bottom
$2{y} == 0 ? 0.
$2{y} >= 1 ? bottom

[2:]:
-$2{y} >= 1 ? bottom
$2{y} == 0 ? 0.
$2{y} >= 1 ? bottom

[3:]:
-$2{y} >= 1 ? bottom
$2{y} == 0 ? 0.
$2{y} >= 1 ? bottom

[4:]:
-$2{y} >= 1 && -$1{x} >= 0 ? bottom
$1{x} >= 1 && -$2{y} >= 1 && -$1{x} >= -2 ? 5
$1{x} >= 3 && -$2{y} >= 1 ? 3$1{x}-1
$2{y} == 0 ? 0.
$2{y} >= 1 && -$1{x} >= 0 ? bottom
$1{x} >= 1 && $2{y} >= 1 && -$1{x} >= -2 ? 5
$1{x} >= 3 && $2{y} >= 1 ? 3$1{x}-1

[5:]:
-$2{y} >= 1 && -$1{x} >= 0 ? bottom
$1{x} >= 1 && -$2{y} >= 1 && -$1{x} >= -2 ? 4
$1{x} >= 3 && -$2{y} >= 1 ? 3$1{x}-2
$2{y} == 0 ? 0.
$2{y} >= 1 && -$1{x} >= 0 ? bottom
$1{x} >= 1 && $2{y} >= 1 && -$1{x} >= -2 ? 4
$1{x} >= 3 && $2{y} >= 1 ? 3$1{x}-2

[6:]:
-$2{y} >= 1 && -$1{x} >= -2 ? 3
$1{x} >= 3 && -$2{y} >= 1 ? 3$1{x}-3
$2{y} == 0 ? 0.
$2{y} >= 1 && -$1{x} >= -2 ? 3
$1{x} >= 3 && $2{y} >= 1 ? 3$1{x}-3

[7:]:
-$2{y} >= 1 && -$1{x} >= -1 ? 2
$1{x} >= 2 && -$2{y} >= 1 ? 3$1{x}-1
$2{y} == 0 ? 0.
$2{y} >= 1 && -$1{x} >= -1 ? 2
$1{x} >= 2 && $2{y} >= 1 ? 3$1{x}-1

[8:]:
-$2{y} >= 1 ? 1
$2{y} == 0 ? 0.
$2{y} >= 1 ? 1

[9:]:
top ? bottom

[10:]:
top ? bottom

[11:]:
-$2{y} >= 1 ? bottom
$2{y} == 0 ? 0.
$2{y} >= 1 ? bottom

[12:]:
-$2{y} >= 1 ? bottom
$2{y} == 0 ? 0.
$2{y} >= 1 ? bottom

Property: $1{x} <= 0

[1:]:
-$1{x} >= 0 ? 0.
$1{x} >= 1 ? bottom

[2:]:
-$1{x} >= 0 ? 0.
$1{x} >= 1 ? bottom

[3:]:
-$1{x} >= 0 ? 0.
$1{x} >= 1 ? bottom

[4:]:
-$1{x} >= 0 ? 0.
$1{x} >= 1 ? bottom

[5:]:
-$1{x} >= 0 ? 0.
$1{x} >= 1 ? bottom

[6:]:
-$1{x} >= 0 ? 0.
$1{x} >= 1 ? bottom

[7:]:
-$1{x} >= 0 ? 0.
$1{x} >= 1 ? bottom

[8:]:
-$1{x} >= 0 ? 0.
$1{x} >= 1 ? bottom

[9:]:
-$1{x} >= 0 ? 0.
$1{x} >= 1 ? bottom

[10:]:
-$1{x} >= 0 ? 0.
$1{x} >= 1 ? bottom

[11:]:
-$1{x} >= 0 ? 0.
$1{x} >= 1 ? bottom

[12:]:
-$1{x} >= 0 ? 0.
$1{x} >= 1 ? bottom

Property: OR{$1{x} <= 0}{AF{$2{y} == 0}}

[1:]:
-$2{y} >= 1 && -$1{x} >= 0 ? 0.
$1{x} >= 1 && -$2{y} >= 1 ? bottom
$2{y} == 0 ? 0
$2{y} >= 1 && -$1{x} >= 0 ? 0.
$1{x} >= 1 && $2{y} >= 1 ? bottom

[2:]:
-$2{y} >= 1 && -$1{x} >= 0 ? 0.
$1{x} >= 1 && -$2{y} >= 1 ? bottom
$2{y} == 0 ? 0
$2{y} >= 1 && -$1{x} >= 0 ? 0.
$1{x} >= 1 && $2{y} >= 1 ? bottom

[3:]:
-$2{y} >= 1 && -$1{x} >= 0 ? 0.
$1{x} >= 1 && -$2{y} >= 1 ? bottom
$2{y} == 0 ? 0
$2{y} >= 1 && -$1{x} >= 0 ? 0.
$1{x} >= 1 && $2{y} >= 1 ? bottom

[4:]:
-$2{y} >= 1 && -$1{x} >= 0 ? 0.
$1{x} >= 1 && -$2{y} >= 1 && -$1{x} >= -2 ? 5
$1{x} >= 3 && -$2{y} >= 1 ? 3$1{x}-1
$2{y} == 0 ? 0
$2{y} >= 1 && -$1{x} >= 0 ? 0.
$1{x} >= 1 && $2{y} >= 1 && -$1{x} >= -2 ? 5
$1{x} >= 3 && $2{y} >= 1 ? 3$1{x}-1

[5:]:
-$2{y} >= 1 && -$1{x} >= 0 ? 0.
$1{x} >= 1 && -$2{y} >= 1 && -$1{x} >= -2 ? 4
$1{x} >= 3 && -$2{y} >= 1 ? 3$1{x}-2
$2{y} == 0 ? 0
$2{y} >= 1 && -$1{x} >= 0 ? 0.
$1{x} >= 1 && $2{y} >= 1 && -$1{x} >= -2 ? 4
$1{x} >= 3 && $2{y} >= 1 ? 3$1{x}-2

[6:]:
-$2{y} >= 1 && -$1{x} >= -2 ? 3
$1{x} >= 3 && -$2{y} >= 1 ? 3$1{x}-3
$2{y} == 0 ? 0
$2{y} >= 1 && -$1{x} >= -2 ? 3
$1{x} >= 3 && $2{y} >= 1 ? 3$1{x}-3

[7:]:
-$2{y} >= 1 && -$1{x} >= -1 ? 2
$1{x} >= 2 && -$2{y} >= 1 ? 3$1{x}-1
$2{y} == 0 ? 0
$2{y} >= 1 && -$1{x} >= -1 ? 2
$1{x} >= 2 && $2{y} >= 1 ? 3$1{x}-1

[8:]:
-$2{y} >= 1 ? 1
$2{y} == 0 ? 0
$2{y} >= 1 ? 1

[9:]:
-$1{x} >= 0 ? 0.
$1{x} >= 1 ? bottom

[10:]:
-$1{x} >= 0 ? 0.
$1{x} >= 1 ? bottom

[11:]:
-$2{y} >= 1 && -$1{x} >= 0 ? 0.
$1{x} >= 1 && -$2{y} >= 1 ? bottom
$2{y} == 0 ? 0
$2{y} >= 1 && -$1{x} >= 0 ? 0.
$1{x} >= 1 && $2{y} >= 1 ? bottom

[12:]:
-$2{y} >= 1 && -$1{x} >= 0 ? 0.
$1{x} >= 1 && -$2{y} >= 1 ? bottom
$2{y} == 0 ? 0
$2{y} >= 1 && -$1{x} >= 0 ? 0.
$1{x} >= 1 && $2{y} >= 1 ? bottom

Property: AG{OR{$1{x} <= 0}{AF{$2{y} == 0}}}

[1:]:
-$2{y} >= 1 && -$1{x} >= 0 ? 0.
$1{x} >= 1 && -$2{y} >= 1 ? bottom
$2{y} == 0 ? 0
$2{y} >= 1 && -$1{x} >= 0 ? 0.
$1{x} >= 1 && $2{y} >= 1 ? bottom

[2:]:
top ? bottom

[3:]:
-$2{y} >= 1 ? bottom
$2{y} == 0 ? 0
$2{y} >= 1 ? bottom

[4:]:
-$2{y} >= 1 && -$1{x} >= 0 ? 0.
$1{x} >= 1 && -$2{y} >= 1 && -$1{x} >= -2 ? 5
$1{x} >= 3 && -$2{y} >= 1 ? 3$1{x}-1
$2{y} == 0 ? 0
$2{y} >= 1 && -$1{x} >= 0 ? 0.
$1{x} >= 1 && $2{y} >= 1 && -$1{x} >= -2 ? 5
$1{x} >= 3 && $2{y} >= 1 ? 3$1{x}-1

[5:]:
-$2{y} >= 1 && -$1{x} >= 0 ? 0.
$1{x} >= 1 && -$2{y} >= 1 && -$1{x} >= -2 ? 4
$1{x} >= 3 && -$2{y} >= 1 ? 3$1{x}-2
$2{y} == 0 ? 0
$2{y} >= 1 && -$1{x} >= 0 ? 0.
$1{x} >= 1 && $2{y} >= 1 && -$1{x} >= -2 ? 4
$1{x} >= 3 && $2{y} >= 1 ? 3$1{x}-2

[6:]:
-$2{y} >= 1 && -$1{x} >= -2 ? 3
$1{x} >= 3 && -$2{y} >= 1 ? 3$1{x}-3
$2{y} == 0 ? 0
$2{y} >= 1 && -$1{x} >= -2 ? 3
$1{x} >= 3 && $2{y} >= 1 ? 3$1{x}-3

[7:]:
-$2{y} >= 1 && -$1{x} >= -1 ? 2
$1{x} >= 2 && -$2{y} >= 1 ? 3$1{x}-1
$2{y} == 0 ? 0
$2{y} >= 1 && -$1{x} >= -1 ? 2
$1{x} >= 2 && $2{y} >= 1 ? 3$1{x}-1

[8:]:
-$2{y} >= 1 ? 1
$2{y} == 0 ? 0
$2{y} >= 1 ? 1

[9:]:
-$1{x} >= 0 ? 0.
$1{x} >= 1 ? bottom

[10:]:
-$1{x} >= 0 ? 0.
$1{x} >= 1 ? bottom

[11:]:
top ? bottom

[12:]:
-$2{y} >= 1 && -$1{x} >= 0 ? 0.
$1{x} >= 1 && -$2{y} >= 1 ? bottom
$2{y} == 0 ? 0
$2{y} >= 1 && -$1{x} >= 0 ? 0.
$1{x} >= 1 && $2{y} >= 1 ? bottom


Analysis Result: TRUE
