
Abstract Syntax:
[ 1:]
int main( ):
[ 2:] $4{y} := 1
[ 3:] $2{i} := ?
[ 4:] $3{x} := ?
[ 5:] if ( $2{i} > 10 ) then
[ 6:]   $3{x} := 1
[ 7:]
      else
[ 8:]
      endif
[ 9:] while [10:] ( $3{x} <= $4{y} && $3{x} >= $4{y} ) do
[11:]
      od
[12:] $1{$1} := 0
[13:] return
[14:]

Property: exit: true

[ -2:]:
top ? 0.

[ -1:]:
top ? 0.

[ 2:]:
top ? bottom

[ 3:]:
top ? bottom

[ 4:]:
top ? bottom

[ 5:]:
top ? bottom

[ 6:]:
top ? bottom

[ 7:]:
top ? bottom

[ 8:]:
top ? bottom

[ 9:]:
top ? bottom

[10:]:
top ? bottom

[11:]:
top ? bottom

[12:]:
top ? bottom

[13:]:
top ? bottom

[14:]:
top ? bottom

Property: EF{exit: true}

[ -2:]:
top ? 0.

[ -1:]:
top ? 0.

[ 2:]:
top ? bottom

[ 3:]:
top ? bottom

[ 4:]:
top ? bottom

[ 5:]:
-$4{y} >= 0 && -$3{x}+$4{y} >= 1 && -$2{i} >= -10 ? 3
$2{i} >= 11 && -$4{y} >= 0 && -$3{x}+$4{y} >= 1 ? 4
-$3{x} >= 0 && -$2{i} >= -10 && -$3{x}+$4{y} == 0 ? bottom
$2{i} >= 11 && -$3{x} >= 0 && -$3{x}+$4{y} == 0 ? 4
$3{x}-$4{y} >= 1 && -$4{y} >= 0 && -$2{i} >= -10 ? 3
$2{i} >= 11 && $3{x}-$4{y} >= 1 && -$4{y} >= 0 ? 4
-$3{x} >= -1 && -$2{i} >= -10 && $4{y} == 1 ? 3
$2{i} >= 11 && -$3{x} >= -1 && $4{y} == 1 ? bottom
$3{x} >= 2 && -$2{i} >= -10 && $4{y} == 1 ? 3
$2{i} >= 11 && $3{x} >= 2 && $4{y} == 1 ? bottom
$4{y} >= 2 && -$3{x}+$4{y} >= 1 && -$2{i} >= -10 ? 3
$2{i} >= 11 && $4{y} >= 2 && -$3{x}+$4{y} >= 1 ? 4
$3{x} >= 2 && -$2{i} >= -10 && -$3{x}+$4{y} == 0 ? bottom
$2{i} >= 11 && $3{x} >= 2 && -$3{x}+$4{y} == 0 ? 4
$3{x}-$4{y} >= 1 && $4{y} >= 2 && -$2{i} >= -10 ? 3
$2{i} >= 11 && $3{x}-$4{y} >= 1 && $4{y} >= 2 ? 4

[ 6:]:
-$4{y} >= 0 ? 3
$4{y} == 1 ? bottom
$4{y} >= 2 ? 3

[ 7:]:
-$3{x}+$4{y} >= 1 ? 2
-$3{x}+$4{y} == 0 ? bottom
$3{x}-$4{y} >= 1 ? 2

[ 8:]:
-$3{x}+$4{y} >= 1 ? 2
-$3{x}+$4{y} == 0 ? bottom
$3{x}-$4{y} >= 1 ? 2

[ 9:]:
-$3{x}+$4{y} >= 1 ? 2
-$3{x}+$4{y} == 0 ? bottom
$3{x}-$4{y} >= 1 ? 2

[10:]:
-$3{x}+$4{y} >= 1 ? 2
-$3{x}+$4{y} == 0 ? bottom
$3{x}-$4{y} >= 1 ? 2

[11:]:
-$3{x}+$4{y} >= 1 ? 2
-$3{x}+$4{y} == 0 ? bottom
$3{x}-$4{y} >= 1 ? 2

[12:]:
top ? 1

[13:]:
top ? bottom

[14:]:
top ? bottom


Analysis Result: UNKNOWN
