
CFG:
List of variables:
  $1{x}:int at tests/sas2014a.c:12.6-7
  $2{y}:int at tests/sas2014a.c:12.9-10
  $3{r}:int at tests/sas2014a.c:12.12-13

List of functions:
  1: main() -> void at tests/sas2014a.c:11.0-17.1, entry: 9, exit: 8, calls:

List of nodes:
  9: at :0:-1, in: out:1 
  8: at :0:-1, in: 2 out:
  1: at tests/sas2014a.c:11:0, in: 9 out:3 
  2: at tests/sas2014a.c:17:1, in: 3 out:8 
  3: at tests/sas2014a.c:12:14, in: 5 1 out:2 4 
  4: at tests/sas2014a.c:13:16, in: 3 out:5 
  5: at tests/sas2014a.c:14:14, in: 4 out:3 
  6: at tests/sas2014a.c:11:0, in: out:7 
  7: at tests/sas2014a.c:17:1, in: 6 out:

List of arcs:
  9 -> 1: label entry
  2 -> 8: label exit
  1 -> 3: skip
  3 -> 4: $3{r} > 0 ?
  3 -> 2: ! ($3{r} > 0) ?
  4 -> 5: $3{r} = $3{r} + $1{x}
  5 -> 3: $3{r} = $3{r} - $2{y}
  6 -> 7: skip


Property: exit: true

[1:]:
top ? bottom

[2:]:
top ? bottom

[3:]:
top ? bottom

[4:]:
top ? bottom

[5:]:
top ? bottom

[6:]:
top ? bottom

[7:]:
top ? bottom

[8:]:
top ? 0.

[9:]:
top ? bottom

Property: AF{exit: true}

[1:]:
-$3{r} >= 0 ? 1
$3{r} >= 1 && -$1{x}+$2{y}-$3{r} >= 0 ? 4
$1{x}-$2{y}+$3{r} >= 1 && -2$1{x}+2$2{y}-$3{r} >= 0 ? 7
2$1{x}-2$2{y}+$3{r} >= 1 && $3{r} >= 1 ? top

[2:]:
top ? 0.

[3:]:
-$3{r} >= 0 ? 1.
$3{r} >= 1 && -$1{x}+$2{y}-$3{r} >= 0 ? 4
$1{x}-$2{y}+$3{r} >= 1 && -2$1{x}+2$2{y}-$3{r} >= 0 ? 7
2$1{x}-2$2{y}+$3{r} >= 1 && -3$1{x}+3$2{y}-$3{r} >= 0 ? 10
3$1{x}-3$2{y}+$3{r} >= 1 && $3{r} >= 1 ? top

[4:]:
-$1{x}+$2{y}-$3{r} >= 0 ? 3
$1{x}-$2{y}+$3{r} >= 1 && -2$1{x}+2$2{y}-$3{r} >= 0 ? 6
2$1{x}-2$2{y}+$3{r} >= 1 && -3$1{x}+3$2{y}-$3{r} >= 0 ? 9
3$1{x}-3$2{y}+$3{r} >= 1 && $1{x}-$2{y}+$3{r} >= 1 ? top

[5:]:
-$2{y}+$3{r} >= 1 && -$1{x}+2$2{y}-$3{r} >= 0 ? 5
$1{x}-2$2{y}+$3{r} >= 1 && -2$1{x}+3$2{y}-$3{r} >= 0 ? 8
2$1{x}-3$2{y}+$3{r} >= 1 && -$2{y}+$3{r} >= 1 ? top
$2{y}-$3{r} >= 0 ? 2

[6:]:
top ? bottom

[7:]:
top ? bottom

[8:]:
top ? 0.

[9:]:
-$3{r} >= 0 ? 1
$3{r} >= 1 && -$1{x}+$2{y}-$3{r} >= 0 ? 4
$1{x}-$2{y}+$3{r} >= 1 && -2$1{x}+2$2{y}-$3{r} >= 0 ? 7
2$1{x}-2$2{y}+$3{r} >= 1 && $3{r} >= 1 ? top


Analysis Result: TRUE
