
Abstract Syntax:
[ 1:]
void main( ):
[ 2:] while [ 3:] ( $3{r} > 0 ) do
[ 4:]   $3{r} := $3{r} + $1{x}
[ 5:]   $3{r} := $3{r} - $2{y}
[ 6:]
      od
[ 7:]

Property: exit: true

[ -1:]:
top ? 0.

[ 2:]:
top ? bottom

[ 3:]:
top ? bottom

[ 4:]:
top ? bottom

[ 5:]:
top ? bottom

[ 6:]:
top ? bottom

[ 7:]:
top ? bottom

Property: AF{exit: true}

[ -1:]:
top ? 0.

[ 2:]:
-$3{r} >= 0 ? 1
$3{r} >= 1 && -$1{x}+$2{y}-$3{r} >= 0 ? 4
$1{x}-$2{y}+$3{r} >= 1 && $3{r} >= 1 ? top

[ 3:]:
-$3{r} >= 0 ? 1
$3{r} >= 1 && -$1{x}+$2{y}-$3{r} >= 0 ? 4
$1{x}-$2{y}+$3{r} >= 1 && $3{r} >= 1 ? top

[ 4:]:
-$1{x}+$2{y}-$3{r} >= 0 ? 3
$1{x}-$2{y}+$3{r} >= 1 && -2$1{x}+2$2{y}-$3{r} >= 0 ? 6
2$1{x}-2$2{y}+$3{r} >= 1 && $1{x}-$2{y}+$3{r} >= 1 ? top

[ 5:]:
-$2{y}+$3{r} >= 1 && -$1{x}+2$2{y}-$3{r} >= 0 ? 5
$1{x}-2$2{y}+$3{r} >= 1 && -$2{y}+$3{r} >= 1 ? top
$2{y}-$3{r} >= 0 ? 2

[ 6:]:
-$3{r} >= 0 ? 1
$3{r} >= 1 && -$1{x}+$2{y}-$3{r} >= 0 ? 4
$1{x}-$2{y}+$3{r} >= 1 && $3{r} >= 1 ? top

[ 7:]:
top ? bottom


Analysis Result: TRUE
