
Abstract Syntax:
[ 1:]
void main( ):
[ 2:] while [ 3:] ( $1{x} > 0 ) do
[ 4:]   $1{x} := $1{x} - $2{y}
[ 5:]
      od
[ 6:]

Property: exit: true

[ -1:]:
top ? 0.

[ 2:]:
top ? bottom

[ 3:]:
top ? bottom

[ 4:]:
top ? bottom

[ 5:]:
top ? bottom

[ 6:]:
top ? bottom

Property: AF{exit: true}

[ -1:]:
top ? 0.

[ 2:]:
-$1{x}+$2{y} >= 0 && -$1{x} >= 0 ? 1
$1{x} >= 1 && -$1{x}+$2{y} >= 0 ? 3
$1{x}-$2{y} >= 1 && -$1{x} >= 0 ? 1
$1{x} >= 1 && $1{x}-$2{y} >= 1 ? top

[ 3:]:
-$1{x}+$2{y} >= 0 && -$1{x} >= 0 ? 1
$1{x} >= 1 && -$1{x}+$2{y} >= 0 ? 3
$1{x}-$2{y} >= 1 && -$1{x} >= 0 ? 1
$1{x} >= 1 && $1{x}-$2{y} >= 1 ? top

[ 4:]:
-$1{x}+2$2{y} >= 0 && -$1{x}+$2{y} >= 0 ? 2
$1{x}-$2{y} >= 1 && -$1{x}+2$2{y} >= 0 ? 4
$1{x}-2$2{y} >= 1 && -$1{x}+$2{y} >= 0 ? 2
$1{x}-$2{y} >= 1 && $1{x}-2$2{y} >= 1 ? top

[ 5:]:
-$1{x}+$2{y} >= 0 && -$1{x} >= 0 ? 1
$1{x} >= 1 && -$1{x}+$2{y} >= 0 ? 3
$1{x}-$2{y} >= 1 && -$1{x} >= 0 ? 1
$1{x} >= 1 && $1{x}-$2{y} >= 1 ? top

[ 6:]:
top ? bottom


Analysis Result: TRUE
