
CFG:
List of variables:
  $1{x}:int at tests/ctl/ltl_automizer/simple-1.c:5.4-5

List of functions:
  1: main() -> void at tests/ctl/ltl_automizer/simple-1.c:7.0-17.1, entry: 10, exit: 9, calls:

List of nodes:
  10: at :0:-1, in: out:1 
  9: at :0:-1, in: 2 out:
  1: at tests/ctl/ltl_automizer/simple-1.c:7:0, in: 10 4 out:2 3 
  2: at tests/ctl/ltl_automizer/simple-1.c:17:1, in: 1 out:9 
  3: at tests/ctl/ltl_automizer/simple-1.c:9:12, in: 1 out:5 6 
  4: at tests/ctl/ltl_automizer/simple-1.c:14:3, in: 5 6 out:1 
  5: at tests/ctl/ltl_automizer/simple-1.c:12:9, in: 3 out:4 
  6: at tests/ctl/ltl_automizer/simple-1.c:10:10, in: 3 out:4 
  7: at tests/ctl/ltl_automizer/simple-1.c:5:0, in: out:8 
  8: at tests/ctl/ltl_automizer/simple-1.c:17:1, in: 7 out:

List of arcs:
  10 -> 1: label entry
  2 -> 9: label exit
  1 -> 3: 1 != 0 ?
  1 -> 2: ! (1 != 0) ?
  3 -> 6: $1{x} < 10 ?
  3 -> 5: ! ($1{x} < 10) ?
  6 -> 4: $1{x} = $1{x} + 1
  5 -> 4: $1{x} = $1{x} * 5
  4 -> 1: $1{x} = $1{x} + 1
  7 -> 8: $1{x} = 0


Property: $1{x} > 10000

[1:]:
-$1{x} >= -10000 ? bottom
$1{x} >= 10001 ? 0.

[2:]:
-$1{x} >= -10000 ? bottom
$1{x} >= 10001 ? 0.

[3:]:
-$1{x} >= -10000 ? bottom
$1{x} >= 10001 ? 0.

[4:]:
-$1{x} >= -10000 ? bottom
$1{x} >= 10001 ? 0.

[5:]:
-$1{x} >= -10000 ? bottom
$1{x} >= 10001 ? 0.

[6:]:
-$1{x} >= -10000 ? bottom
$1{x} >= 10001 ? 0.

[7:]:
-$1{x} >= -10000 ? bottom
$1{x} >= 10001 ? 0.

[8:]:
-$1{x} >= -10000 ? bottom
$1{x} >= 10001 ? 0.

[9:]:
-$1{x} >= -10000 ? bottom
$1{x} >= 10001 ? 0.

[10:]:
-$1{x} >= -10000 ? bottom
$1{x} >= 10001 ? 0.

Property: AF{$1{x} > 10000}

[1:]:
-$1{x} >= -7 ? -196$1{x}+935816
$1{x} >= 8 && -$1{x} >= -9 ? -$1{x}+4801
$1{x} >= 10 && -$1{x} >= -79 ? -5$1{x}+4802
$1{x} >= 80 && -$1{x} >= -399 ? 11
$1{x} >= 400 && -$1{x} >= -1999 ? 7
$1{x} == 2000 ? 4
$1{x} >= 2001 && -$1{x} >= -10000 ? 3
$1{x} >= 10001 ? 0.

[2:]:
-$1{x} >= -10000 ? bottom
$1{x} >= 10001 ? 0.

[3:]:
-$1{x} >= -7 ? -196$1{x}+935815
$1{x} >= 8 && -$1{x} >= -9 ? -$1{x}+4800
$1{x} >= 10 && -$1{x} >= -79 ? -5$1{x}+4801
$1{x} >= 80 && -$1{x} >= -399 ? 10
$1{x} >= 400 && -$1{x} >= -1999 ? 6
$1{x} == 2000 ? 3
$1{x} >= 2001 && -$1{x} >= -10000 ? 2
$1{x} >= 10001 ? 0.

[4:]:
-$1{x} >= -8 ? -196$1{x}+936009
$1{x} >= 9 && -$1{x} >= -398 ? -$1{x}+4799
$1{x} >= 399 && -$1{x} >= -1998 ? 8
$1{x} == 1999 ? 5
$1{x} >= 2000 && -$1{x} >= -9999 ? 4
$1{x} == 10000 ? 1
$1{x} >= 10001 ? 0.

[5:]:
-$1{x} >= -1 ? -980$1{x}+936010
$1{x} >= 2 && -$1{x} >= -79 ? -5$1{x}+4800
$1{x} >= 80 && -$1{x} >= -399 ? 9
$1{x} >= 400 && -$1{x} >= -1999 ? 5
$1{x} == 2000 ? 2
$1{x} >= 2001 && -$1{x} >= -10000 ? 1
$1{x} >= 10001 ? 0.

[6:]:
-$1{x} >= -7 ? -196$1{x}+935814
$1{x} >= 8 && -$1{x} >= -397 ? -$1{x}+4799
$1{x} >= 398 && -$1{x} >= -1997 ? 9
$1{x} == 1998 ? 6
$1{x} >= 1999 && -$1{x} >= -9998 ? 5
$1{x} == 9999 ? 2
$1{x} == 10000 ? 1
$1{x} >= 10001 ? 0.

[7:]:
top ? bottom

[8:]:
top ? bottom

[9:]:
-$1{x} >= -10000 ? bottom
$1{x} >= 10001 ? 0.

[10:]:
-$1{x} >= -9 ? -196$1{x}+936204
$1{x} >= 10 && -$1{x} >= -399 ? -$1{x}+4799
$1{x} >= 400 && -$1{x} >= -1999 ? 7
$1{x} == 2000 ? 4
$1{x} >= 2001 && -$1{x} >= -10000 ? 3
$1{x} >= 10001 ? 0.


Analysis Result: TRUE
