
Abstract Syntax:
[ 1:] $1{x} := 0
[ 2:]
void foo( ):
[ 3:] if ( $1{x} < 10 ) then
[ 4:]   $1{x} := $1{x} + 1
[ 5:]
      else
[ 6:]   $1{x} := $1{x} * 5
[ 7:]
      endif
[ 8:] $1{x} := $1{x} + 1
[ 9:]
void main( ):
[10:] while [11:] ( 1 < 0 || 1 > 0 ) do
[12:]   if ( $1{x} < 10 ) then
[13:]     $1{x} := $1{x} + 1
[14:]
        else
[15:]     $1{x} := $1{x} * 5
[16:]
        endif
[17:]   $1{x} := $1{x} + 1
[18:]
      od
[19:]

Property: $1{x} > 100

[ -1:]:
-$1{x} >= -100 ? bottom
$1{x} >= 101 ? 0.

[10:]:
-$1{x} >= -100 ? bottom
$1{x} >= 101 ? 0.

[11:]:
-$1{x} >= -100 ? bottom
$1{x} >= 101 ? 0.

[12:]:
-$1{x} >= -100 ? bottom
$1{x} >= 101 ? 0.

[13:]:
-$1{x} >= -100 ? bottom
$1{x} >= 101 ? 0.

[14:]:
-$1{x} >= -100 ? bottom
$1{x} >= 101 ? 0.

[15:]:
-$1{x} >= -100 ? bottom
$1{x} >= 101 ? 0.

[16:]:
-$1{x} >= -100 ? bottom
$1{x} >= 101 ? 0.

[17:]:
-$1{x} >= -100 ? bottom
$1{x} >= 101 ? 0.

[18:]:
-$1{x} >= -100 ? bottom
$1{x} >= 101 ? 0.

[19:]:
-$1{x} >= -100 ? bottom
$1{x} >= 101 ? 0.

Property: AF{$1{x} > 100}

[ -1:]:
-$1{x} >= -100 ? bottom
$1{x} >= 101 ? 0.

[10:]:
-$1{x} >= -9 ? -2$1{x}+73
$1{x} >= 10 && -$1{x} >= -19 ? 7
$1{x} == 20 ? 4
$1{x} >= 21 && -$1{x} >= -100 ? 3
$1{x} >= 101 ? 0.

[11:]:
-$1{x} >= -9 ? -2$1{x}+73
$1{x} >= 10 && -$1{x} >= -19 ? 7
$1{x} == 20 ? 4
$1{x} >= 21 && -$1{x} >= -100 ? 3
$1{x} >= 101 ? 0

[12:]:
-$1{x} >= -7 ? -2$1{x}+72
$1{x} >= 8 && -$1{x} >= -9 ? 10
$1{x} >= 10 && -$1{x} >= -19 ? 6
$1{x} == 20 ? 3
$1{x} >= 21 && -$1{x} >= -100 ? 2
$1{x} >= 101 ? 0.

[13:]:
-$1{x} >= -7 ? -2$1{x}+71
$1{x} >= 8 && -$1{x} >= -17 ? 9
$1{x} == 18 ? 6
$1{x} >= 19 && -$1{x} >= -98 ? 5
$1{x} == 99 ? 2
$1{x} == 100 ? 1
$1{x} >= 101 ? 0.

[14:]:
-$1{x} >= -8 ? -2$1{x}+72
$1{x} >= 9 && -$1{x} >= -18 ? 8
$1{x} == 19 ? 5
$1{x} >= 20 && -$1{x} >= -99 ? 4
$1{x} == 100 ? 1
$1{x} >= 101 ? 0.

[15:]:
-$1{x} >= -1 ? -10$1{x}+73
$1{x} >= 2 && -$1{x} >= -3 ? 9
$1{x} >= 4 && -$1{x} >= -19 ? 5
$1{x} == 20 ? 2
$1{x} >= 21 && -$1{x} >= -100 ? 1
$1{x} >= 101 ? 0.

[16:]:
-$1{x} >= -8 ? -2$1{x}+72
$1{x} >= 9 && -$1{x} >= -18 ? 8
$1{x} == 19 ? 5
$1{x} >= 20 && -$1{x} >= -99 ? 4
$1{x} == 100 ? 1
$1{x} >= 101 ? 0.

[17:]:
-$1{x} >= -8 ? -2$1{x}+72
$1{x} >= 9 && -$1{x} >= -18 ? 8
$1{x} == 19 ? 5
$1{x} >= 20 && -$1{x} >= -99 ? 4
$1{x} == 100 ? 1
$1{x} >= 101 ? 0.

[18:]:
-$1{x} >= -9 ? -2$1{x}+73
$1{x} >= 10 && -$1{x} >= -19 ? 7
$1{x} == 20 ? 4
$1{x} >= 21 && -$1{x} >= -100 ? 3
$1{x} >= 101 ? 0.

[19:]:
-$1{x} >= -100 ? bottom
$1{x} >= 101 ? 0.


Analysis Result: TRUE
