
Abstract Syntax:
[ 1:] $1{x} := 0
[ 2:]
void main( ):
[ 3:] while [ 4:] ( 1 < 0 || 1 > 0 ) do
[ 5:]   if ( $1{x} < 10 ) then
[ 6:]     $1{x} := $1{x} + 1
[ 7:]
        else
[ 8:]     $1{x} := $1{x} * 5
[ 9:]
        endif
[10:]   $1{x} := $1{x} + 1
[11:]
      od
[12:]

Property: $1{x} > 10000

[ -1:]:
-$1{x} >= -10000 ? bottom
$1{x} >= 10001 ? 0.

[ 3:]:
-$1{x} >= -10000 ? bottom
$1{x} >= 10001 ? 0.

[ 4:]:
-$1{x} >= -10000 ? bottom
$1{x} >= 10001 ? 0.

[ 5:]:
-$1{x} >= -10000 ? bottom
$1{x} >= 10001 ? 0.

[ 6:]:
-$1{x} >= -10000 ? bottom
$1{x} >= 10001 ? 0.

[ 7:]:
-$1{x} >= -10000 ? bottom
$1{x} >= 10001 ? 0.

[ 8:]:
-$1{x} >= -10000 ? bottom
$1{x} >= 10001 ? 0.

[ 9:]:
-$1{x} >= -10000 ? bottom
$1{x} >= 10001 ? 0.

[10:]:
-$1{x} >= -10000 ? bottom
$1{x} >= 10001 ? 0.

[11:]:
-$1{x} >= -10000 ? bottom
$1{x} >= 10001 ? 0.

[12:]:
-$1{x} >= -10000 ? bottom
$1{x} >= 10001 ? 0.

Property: AF{$1{x} > 10000}

[ -1:]:
-$1{x} >= -10000 ? bottom
$1{x} >= 10001 ? 0.

[ 3:]:
-$1{x} >= -9 ? -196$1{x}+936204
$1{x} >= 10 && -$1{x} >= -399 ? -$1{x}+4799
$1{x} >= 400 && -$1{x} >= -1999 ? 7
$1{x} == 2000 ? 4
$1{x} >= 2001 && -$1{x} >= -10000 ? 3
$1{x} >= 10001 ? 0.

[ 4:]:
-$1{x} >= -9 ? -196$1{x}+936204
$1{x} >= 10 && -$1{x} >= -399 ? -$1{x}+4799
$1{x} >= 400 && -$1{x} >= -1999 ? 7
$1{x} == 2000 ? 4
$1{x} >= 2001 && -$1{x} >= -10000 ? 3
$1{x} >= 10001 ? 0

[ 5:]:
-$1{x} >= -7 ? -196$1{x}+935815
$1{x} >= 8 && -$1{x} >= -9 ? -$1{x}+4800
$1{x} >= 10 && -$1{x} >= -79 ? -5$1{x}+4801
$1{x} >= 80 && -$1{x} >= -399 ? 10
$1{x} >= 400 && -$1{x} >= -1999 ? 6
$1{x} == 2000 ? 3
$1{x} >= 2001 && -$1{x} >= -10000 ? 2
$1{x} >= 10001 ? 0.

[ 6:]:
-$1{x} >= -7 ? -196$1{x}+935814
$1{x} >= 8 && -$1{x} >= -397 ? -$1{x}+4799
$1{x} >= 398 && -$1{x} >= -1997 ? 9
$1{x} == 1998 ? 6
$1{x} >= 1999 && -$1{x} >= -9998 ? 5
$1{x} == 9999 ? 2
$1{x} == 10000 ? 1
$1{x} >= 10001 ? 0.

[ 7:]:
-$1{x} >= -8 ? -196$1{x}+936009
$1{x} >= 9 && -$1{x} >= -398 ? -$1{x}+4799
$1{x} >= 399 && -$1{x} >= -1998 ? 8
$1{x} == 1999 ? 5
$1{x} >= 2000 && -$1{x} >= -9999 ? 4
$1{x} == 10000 ? 1
$1{x} >= 10001 ? 0.

[ 8:]:
-$1{x} >= -1 ? -980$1{x}+936010
$1{x} >= 2 && -$1{x} >= -79 ? -5$1{x}+4800
$1{x} >= 80 && -$1{x} >= -399 ? 9
$1{x} >= 400 && -$1{x} >= -1999 ? 5
$1{x} == 2000 ? 2
$1{x} >= 2001 && -$1{x} >= -10000 ? 1
$1{x} >= 10001 ? 0.

[ 9:]:
-$1{x} >= -8 ? -196$1{x}+936009
$1{x} >= 9 && -$1{x} >= -398 ? -$1{x}+4799
$1{x} >= 399 && -$1{x} >= -1998 ? 8
$1{x} == 1999 ? 5
$1{x} >= 2000 && -$1{x} >= -9999 ? 4
$1{x} == 10000 ? 1
$1{x} >= 10001 ? 0.

[10:]:
-$1{x} >= -8 ? -196$1{x}+936009
$1{x} >= 9 && -$1{x} >= -398 ? -$1{x}+4799
$1{x} >= 399 && -$1{x} >= -1998 ? 8
$1{x} == 1999 ? 5
$1{x} >= 2000 && -$1{x} >= -9999 ? 4
$1{x} == 10000 ? 1
$1{x} >= 10001 ? 0.

[11:]:
-$1{x} >= -9 ? -196$1{x}+936204
$1{x} >= 10 && -$1{x} >= -399 ? -$1{x}+4799
$1{x} >= 400 && -$1{x} >= -1999 ? 7
$1{x} == 2000 ? 4
$1{x} >= 2001 && -$1{x} >= -10000 ? 3
$1{x} >= 10001 ? 0.

[12:]:
-$1{x} >= -10000 ? bottom
$1{x} >= 10001 ? 0.


Analysis Result: TRUE
