
Abstract Syntax:
[ 1:]
int main( ):
[ 2:] $3{brake} := 0
[ 3:] while [ 4:] ( $2{x} > 10 && ($3{brake} < 1 || $3{brake} > 1) ) do
[ 5:]   if ( $2{x} > 20 ) then
[ 6:]     $2{x} := $2{x} + 1
[ 7:]
        else
[ 8:]     $2{x} := $2{x} - 1
[ 9:]
        endif
[10:]   if ( $2{x} <= 30 && $2{x} >= 30 ) then
[11:]     $3{brake} := 1
[12:]
        else
[13:]
        endif
[14:]
      od
[15:] $1{$1} := 0
[16:] return
[17:]

Property: exit: true

[ -2:]:
top ? 0.

[ -1:]:
top ? 0.

[ 2:]:
top ? bottom

[ 3:]:
top ? bottom

[ 4:]:
top ? bottom

[ 5:]:
top ? bottom

[ 6:]:
top ? bottom

[ 7:]:
top ? bottom

[ 8:]:
top ? bottom

[ 9:]:
top ? bottom

[10:]:
top ? bottom

[11:]:
top ? bottom

[12:]:
top ? bottom

[13:]:
top ? bottom

[14:]:
top ? bottom

[15:]:
top ? bottom

[16:]:
top ? bottom

[17:]:
top ? bottom

Property: AF{exit: true}

[ -2:]:
top ? 0.

[ -1:]:
top ? 0.

[ 2:]:
-$2{x} >= -10 ? 3
$2{x} >= 11 && -$2{x} >= -20 ? 4$2{x}-37
$2{x} >= 21 && -$2{x} >= -27 ? -27$2{x}+835
$2{x} == 28 ? 12
$2{x} == 29 ? 8
$2{x} >= 30 ? bottom

[ 3:]:
-$3{brake} >= 0 && -$2{x} >= -10 ? 2
-$3{brake} >= 0 && $2{x} == 11 ? 6
$2{x} >= 12 && -$3{brake} >= 0 && -$2{x} >= -20 ? 4$2{x}-8$3{brake}-38
$2{x} >= 21 && -$3{brake} >= 0 && -$2{x} >= -27 ? -27$2{x}-63$3{brake}+834
-$3{brake} >= 0 && $2{x} == 28 ? -9$3{brake}+11
-$3{brake} >= 0 && $2{x} == 29 ? 7
$2{x} >= 30 && -$3{brake} >= 0 ? bottom
$3{brake} == 1 ? 2
$3{brake} >= 2 && -$2{x} >= -10 ? 2
$3{brake} >= 2 && $2{x} == 11 ? 6
$2{x} >= 12 && $3{brake} >= 2 && -$2{x} >= -20 ? 4$2{x}+8$3{brake}-54
$2{x} >= 21 && $3{brake} >= 2 && -$2{x} >= -27 ? -27$2{x}+63$3{brake}+708
$3{brake} >= 2 && $2{x} == 28 ? 9$3{brake}-7
$3{brake} >= 2 && $2{x} == 29 ? 7
$2{x} >= 30 && $3{brake} >= 2 ? bottom

[ 4:]:
-$3{brake} >= 0 && -$2{x} >= -10 ? 2
-$3{brake} >= 0 && $2{x} == 11 ? 6
$2{x} >= 12 && -$3{brake} >= 0 && -$2{x} >= -20 ? 4$2{x}-8$3{brake}-38
$2{x} >= 21 && -$3{brake} >= 0 && -$2{x} >= -27 ? -27$2{x}-63$3{brake}+834
-$3{brake} >= 0 && $2{x} == 28 ? -9$3{brake}+11
-$3{brake} >= 0 && $2{x} == 29 ? 7
$2{x} >= 30 && -$3{brake} >= 0 ? bottom
$3{brake} == 1 ? 2
$3{brake} >= 2 && -$2{x} >= -10 ? 2
$3{brake} >= 2 && $2{x} == 11 ? 6
$2{x} >= 12 && $3{brake} >= 2 && -$2{x} >= -20 ? 4$2{x}+8$3{brake}-54
$2{x} >= 21 && $3{brake} >= 2 && -$2{x} >= -27 ? -27$2{x}+63$3{brake}+708
$3{brake} >= 2 && $2{x} == 28 ? 9$3{brake}-7
$3{brake} >= 2 && $2{x} == 29 ? 7
$2{x} >= 30 && $3{brake} >= 2 ? bottom

[ 5:]:
-$3{brake} >= 0 && -$2{x} >= -11 ? 5
-$3{brake} >= 0 && $2{x} == 12 ? 9
$2{x} >= 13 && -$3{brake} >= 0 && -$2{x} >= -20 ? 4$2{x}-8$3{brake}-39
$2{x} >= 21 && -$3{brake} >= 0 && -$2{x} >= -26 ? -27$2{x}-63$3{brake}+810
-$3{brake} >= 0 && $2{x} == 27 ? -9$3{brake}+14
-$3{brake} >= 0 && $2{x} == 28 ? 10
-$3{brake} >= 0 && $2{x} == 29 ? 6
$2{x} >= 30 && -$3{brake} >= 0 ? bottom
-$2{x} >= -28 && $3{brake} == 1 ? 5
$2{x} == 29 && $3{brake} == 1 ? 6
$2{x} >= 30 && $3{brake} == 1 ? 5
$3{brake} >= 2 && -$2{x} >= -11 ? 5
$3{brake} >= 2 && $2{x} == 12 ? 9
$2{x} >= 13 && $3{brake} >= 2 && -$2{x} >= -20 ? 4$2{x}+8$3{brake}-55
$2{x} >= 21 && $3{brake} >= 2 && -$2{x} >= -26 ? -27$2{x}+63$3{brake}+684
$3{brake} >= 2 && $2{x} == 27 ? 9$3{brake}-4
$3{brake} >= 2 && $2{x} == 28 ? 10
$3{brake} >= 2 && $2{x} == 29 ? 6
$2{x} >= 30 && $3{brake} >= 2 ? bottom

[ 6:]:
-$3{brake} >= 0 && -$2{x} >= -9 ? 4
-$3{brake} >= 0 && $2{x} == 10 ? 8
$2{x} >= 11 && -$3{brake} >= 0 && -$2{x} >= -19 ? 4$2{x}-8$3{brake}-32
$2{x} >= 20 && -$3{brake} >= 0 && -$2{x} >= -26 ? -27$2{x}-63$3{brake}+809
-$3{brake} >= 0 && $2{x} == 27 ? -9$3{brake}+13
-$3{brake} >= 0 && $2{x} == 28 ? 9
-$3{brake} >= 0 && $2{x} == 29 ? 5
$2{x} >= 30 && -$3{brake} >= 0 ? bottom
-$2{x} >= -28 && $3{brake} == 1 ? 4
$2{x} == 29 && $3{brake} == 1 ? 5
$2{x} >= 30 && $3{brake} == 1 ? 4
$3{brake} >= 2 && -$2{x} >= -9 ? 4
$3{brake} >= 2 && $2{x} == 10 ? 8
$2{x} >= 11 && $3{brake} >= 2 && -$2{x} >= -19 ? 4$2{x}+8$3{brake}-48
$2{x} >= 20 && $3{brake} >= 2 && -$2{x} >= -26 ? -27$2{x}+63$3{brake}+683
$3{brake} >= 2 && $2{x} == 27 ? 9$3{brake}-5
$3{brake} >= 2 && $2{x} == 28 ? 9
$3{brake} >= 2 && $2{x} == 29 ? 5
$2{x} >= 30 && $3{brake} >= 2 ? bottom

[ 7:]:
-$3{brake} >= 0 && -$2{x} >= -10 ? 3
-$3{brake} >= 0 && $2{x} == 11 ? 7
$2{x} >= 12 && -$3{brake} >= 0 && -$2{x} >= -20 ? 4$2{x}-8$3{brake}-37
$2{x} >= 21 && -$3{brake} >= 0 && -$2{x} >= -27 ? -27$2{x}-63$3{brake}+835
-$3{brake} >= 0 && $2{x} == 28 ? -9$3{brake}+12
-$3{brake} >= 0 && $2{x} == 29 ? 8
-$3{brake} >= 0 && $2{x} == 30 ? 4
$2{x} >= 31 && -$3{brake} >= 0 ? bottom
-$2{x} >= -29 && $3{brake} == 1 ? 3
$2{x} == 30 && $3{brake} == 1 ? 4
$2{x} >= 31 && $3{brake} == 1 ? 3
$3{brake} >= 2 && -$2{x} >= -10 ? 3
$3{brake} >= 2 && $2{x} == 11 ? 7
$2{x} >= 12 && $3{brake} >= 2 && -$2{x} >= -20 ? 4$2{x}+8$3{brake}-53
$2{x} >= 21 && $3{brake} >= 2 && -$2{x} >= -27 ? -27$2{x}+63$3{brake}+709
$3{brake} >= 2 && $2{x} == 28 ? 9$3{brake}-6
$3{brake} >= 2 && $2{x} == 29 ? 8
$3{brake} >= 2 && $2{x} == 30 ? 4
$2{x} >= 31 && $3{brake} >= 2 ? bottom

[ 8:]:
-$3{brake} >= 0 && -$2{x} >= -11 ? 4
-$3{brake} >= 0 && $2{x} == 12 ? 8
$2{x} >= 13 && -$3{brake} >= 0 && -$2{x} >= -21 ? 4$2{x}-8$3{brake}-40
$2{x} >= 22 && -$3{brake} >= 0 && -$2{x} >= -28 ? -27$2{x}-63$3{brake}+863
-$3{brake} >= 0 && $2{x} == 29 ? -9$3{brake}+13
-$3{brake} >= 0 && $2{x} == 30 ? 9
-$3{brake} >= 0 && $2{x} == 31 ? 5
$2{x} >= 32 && -$3{brake} >= 0 ? bottom
-$2{x} >= -30 && $3{brake} == 1 ? 4
$2{x} == 31 && $3{brake} == 1 ? 5
$2{x} >= 32 && $3{brake} == 1 ? 4
$3{brake} >= 2 && -$2{x} >= -11 ? 4
$3{brake} >= 2 && $2{x} == 12 ? 8
$2{x} >= 13 && $3{brake} >= 2 && -$2{x} >= -21 ? 4$2{x}+8$3{brake}-56
$2{x} >= 22 && $3{brake} >= 2 && -$2{x} >= -28 ? -27$2{x}+63$3{brake}+737
$3{brake} >= 2 && $2{x} == 29 ? 9$3{brake}-5
$3{brake} >= 2 && $2{x} == 30 ? 9
$3{brake} >= 2 && $2{x} == 31 ? 5
$2{x} >= 32 && $3{brake} >= 2 ? bottom

[ 9:]:
-$3{brake} >= 0 && -$2{x} >= -10 ? 3
-$3{brake} >= 0 && $2{x} == 11 ? 7
$2{x} >= 12 && -$3{brake} >= 0 && -$2{x} >= -20 ? 4$2{x}-8$3{brake}-37
$2{x} >= 21 && -$3{brake} >= 0 && -$2{x} >= -27 ? -27$2{x}-63$3{brake}+835
-$3{brake} >= 0 && $2{x} == 28 ? -9$3{brake}+12
-$3{brake} >= 0 && $2{x} == 29 ? 8
-$3{brake} >= 0 && $2{x} == 30 ? 4
$2{x} >= 31 && -$3{brake} >= 0 ? bottom
-$2{x} >= -29 && $3{brake} == 1 ? 3
$2{x} == 30 && $3{brake} == 1 ? 4
$2{x} >= 31 && $3{brake} == 1 ? 3
$3{brake} >= 2 && -$2{x} >= -10 ? 3
$3{brake} >= 2 && $2{x} == 11 ? 7
$2{x} >= 12 && $3{brake} >= 2 && -$2{x} >= -20 ? 4$2{x}+8$3{brake}-53
$2{x} >= 21 && $3{brake} >= 2 && -$2{x} >= -27 ? -27$2{x}+63$3{brake}+709
$3{brake} >= 2 && $2{x} == 28 ? 9$3{brake}-6
$3{brake} >= 2 && $2{x} == 29 ? 8
$3{brake} >= 2 && $2{x} == 30 ? 4
$2{x} >= 31 && $3{brake} >= 2 ? bottom

[10:]:
-$3{brake} >= 0 && -$2{x} >= -10 ? 3
-$3{brake} >= 0 && $2{x} == 11 ? 7
$2{x} >= 12 && -$3{brake} >= 0 && -$2{x} >= -20 ? 4$2{x}-8$3{brake}-37
$2{x} >= 21 && -$3{brake} >= 0 && -$2{x} >= -27 ? -27$2{x}-63$3{brake}+835
-$3{brake} >= 0 && $2{x} == 28 ? -9$3{brake}+12
-$3{brake} >= 0 && $2{x} == 29 ? 8
-$3{brake} >= 0 && $2{x} == 30 ? 4
$2{x} >= 31 && -$3{brake} >= 0 ? bottom
-$2{x} >= -29 && $3{brake} == 1 ? 3
$2{x} == 30 && $3{brake} == 1 ? 4
$2{x} >= 31 && $3{brake} == 1 ? 3
$3{brake} >= 2 && -$2{x} >= -10 ? 3
$3{brake} >= 2 && $2{x} == 11 ? 7
$2{x} >= 12 && $3{brake} >= 2 && -$2{x} >= -20 ? 4$2{x}+8$3{brake}-53
$2{x} >= 21 && $3{brake} >= 2 && -$2{x} >= -27 ? -27$2{x}+63$3{brake}+709
$3{brake} >= 2 && $2{x} == 28 ? 9$3{brake}-6
$3{brake} >= 2 && $2{x} == 29 ? 8
$3{brake} >= 2 && $2{x} == 30 ? 4
$2{x} >= 31 && $3{brake} >= 2 ? bottom

[11:]:
top ? 3

[12:]:
-$3{brake} >= 0 && -$2{x} >= -10 ? 2
-$3{brake} >= 0 && $2{x} == 11 ? 6
$2{x} >= 12 && -$3{brake} >= 0 && -$2{x} >= -20 ? 4$2{x}-8$3{brake}-38
$2{x} >= 21 && -$3{brake} >= 0 && -$2{x} >= -27 ? -27$2{x}-63$3{brake}+834
-$3{brake} >= 0 && $2{x} == 28 ? -9$3{brake}+11
-$3{brake} >= 0 && $2{x} == 29 ? 7
$2{x} >= 30 && -$3{brake} >= 0 ? bottom
$3{brake} == 1 ? 2
$3{brake} >= 2 && -$2{x} >= -10 ? 2
$3{brake} >= 2 && $2{x} == 11 ? 6
$2{x} >= 12 && $3{brake} >= 2 && -$2{x} >= -20 ? 4$2{x}+8$3{brake}-54
$2{x} >= 21 && $3{brake} >= 2 && -$2{x} >= -27 ? -27$2{x}+63$3{brake}+708
$3{brake} >= 2 && $2{x} == 28 ? 9$3{brake}-7
$3{brake} >= 2 && $2{x} == 29 ? 7
$2{x} >= 30 && $3{brake} >= 2 ? bottom

[13:]:
-$3{brake} >= 0 && -$2{x} >= -10 ? 2
-$3{brake} >= 0 && $2{x} == 11 ? 6
$2{x} >= 12 && -$3{brake} >= 0 && -$2{x} >= -20 ? 4$2{x}-8$3{brake}-38
$2{x} >= 21 && -$3{brake} >= 0 && -$2{x} >= -27 ? -27$2{x}-63$3{brake}+834
-$3{brake} >= 0 && $2{x} == 28 ? -9$3{brake}+11
-$3{brake} >= 0 && $2{x} == 29 ? 7
$2{x} >= 30 && -$3{brake} >= 0 ? bottom
$3{brake} == 1 ? 2
$3{brake} >= 2 && -$2{x} >= -10 ? 2
$3{brake} >= 2 && $2{x} == 11 ? 6
$2{x} >= 12 && $3{brake} >= 2 && -$2{x} >= -20 ? 4$2{x}+8$3{brake}-54
$2{x} >= 21 && $3{brake} >= 2 && -$2{x} >= -27 ? -27$2{x}+63$3{brake}+708
$3{brake} >= 2 && $2{x} == 28 ? 9$3{brake}-7
$3{brake} >= 2 && $2{x} == 29 ? 7
$2{x} >= 30 && $3{brake} >= 2 ? bottom

[14:]:
-$3{brake} >= 0 && -$2{x} >= -10 ? 2
-$3{brake} >= 0 && $2{x} == 11 ? 6
$2{x} >= 12 && -$3{brake} >= 0 && -$2{x} >= -20 ? 4$2{x}-8$3{brake}-38
$2{x} >= 21 && -$3{brake} >= 0 && -$2{x} >= -27 ? -27$2{x}-63$3{brake}+834
-$3{brake} >= 0 && $2{x} == 28 ? -9$3{brake}+11
-$3{brake} >= 0 && $2{x} == 29 ? 7
$2{x} >= 30 && -$3{brake} >= 0 ? bottom
$3{brake} == 1 ? 2
$3{brake} >= 2 && -$2{x} >= -10 ? 2
$3{brake} >= 2 && $2{x} == 11 ? 6
$2{x} >= 12 && $3{brake} >= 2 && -$2{x} >= -20 ? 4$2{x}+8$3{brake}-54
$2{x} >= 21 && $3{brake} >= 2 && -$2{x} >= -27 ? -27$2{x}+63$3{brake}+708
$3{brake} >= 2 && $2{x} == 28 ? 9$3{brake}-7
$3{brake} >= 2 && $2{x} == 29 ? 7
$2{x} >= 30 && $3{brake} >= 2 ? bottom

[15:]:
top ? 1

[16:]:
top ? bottom

[17:]:
top ? bottom


Analysis Result: TRUE
