
Abstract Syntax:
[ 1:]
int main( ):
[ 2:] while [ 3:] ( $2{x} > 10 ) do
[ 4:]   if ( $2{x} <= 25 && $2{x} >= 25 ) then
[ 5:]     $2{x} := 30
[ 6:]
        else
[ 7:]
        endif
[ 8:]   if ( $2{x} <= 30 ) then
[ 9:]     $2{x} := $2{x} - 1
[10:]
        else
[11:]     $2{x} := 20
[12:]
        endif
[13:]
      od
[14:] $1{$1} := 0
[15:] return
[16:]

Property: exit: true

[ -2:]:
top ? 0.

[ -1:]:
top ? 0.

[ 2:]:
top ? bottom

[ 3:]:
top ? bottom

[ 4:]:
top ? bottom

[ 5:]:
top ? bottom

[ 6:]:
top ? bottom

[ 7:]:
top ? bottom

[ 8:]:
top ? bottom

[ 9:]:
top ? bottom

[10:]:
top ? bottom

[11:]:
top ? bottom

[12:]:
top ? bottom

[13:]:
top ? bottom

[14:]:
top ? bottom

[15:]:
top ? bottom

[16:]:
top ? bottom

Property: AF{exit: true}

[ -2:]:
top ? 0.

[ -1:]:
top ? 0.

[ 2:]:
-$2{x} >= -10 ? 2
$2{x} >= 11 && -$2{x} >= -24 ? 4$2{x}-38
$2{x} >= 25 && -$2{x} >= -30 ? bottom
$2{x} >= 31 ? 46

[ 3:]:
-$2{x} >= -10 ? 2
$2{x} >= 11 && -$2{x} >= -24 ? 4$2{x}-38
$2{x} >= 25 && -$2{x} >= -30 ? bottom
$2{x} >= 31 ? 46

[ 4:]:
-$2{x} >= -11 ? 5
$2{x} >= 12 && -$2{x} >= -24 ? 4$2{x}-39
$2{x} >= 25 && -$2{x} >= -30 ? bottom
$2{x} >= 31 ? 45

[ 5:]:
top ? bottom

[ 6:]:
-$2{x} >= -11 ? 4
$2{x} >= 12 && -$2{x} >= -25 ? 4$2{x}-40
$2{x} >= 26 && -$2{x} >= -30 ? bottom
$2{x} >= 31 ? 44

[ 7:]:
-$2{x} >= -11 ? 4
$2{x} >= 12 && -$2{x} >= -25 ? 4$2{x}-40
$2{x} >= 26 && -$2{x} >= -30 ? bottom
$2{x} >= 31 ? 44

[ 8:]:
-$2{x} >= -11 ? 4
$2{x} >= 12 && -$2{x} >= -25 ? 4$2{x}-40
$2{x} >= 26 && -$2{x} >= -30 ? bottom
$2{x} >= 31 ? 44

[ 9:]:
-$2{x} >= -11 ? 3
$2{x} >= 12 && -$2{x} >= -25 ? 4$2{x}-41
$2{x} >= 26 && -$2{x} >= -31 ? bottom
$2{x} >= 32 ? 47

[10:]:
-$2{x} >= -10 ? 2
$2{x} >= 11 && -$2{x} >= -24 ? 4$2{x}-38
$2{x} >= 25 && -$2{x} >= -30 ? bottom
$2{x} >= 31 ? 46

[11:]:
top ? 43

[12:]:
-$2{x} >= -10 ? 2
$2{x} >= 11 && -$2{x} >= -24 ? 4$2{x}-38
$2{x} >= 25 && -$2{x} >= -30 ? bottom
$2{x} >= 31 ? 46

[13:]:
-$2{x} >= -10 ? 2
$2{x} >= 11 && -$2{x} >= -24 ? 4$2{x}-38
$2{x} >= 25 && -$2{x} >= -30 ? bottom
$2{x} >= 31 ? 46

[14:]:
top ? 1

[15:]:
top ? bottom

[16:]:
top ? bottom


Analysis Result: TRUE
