
Abstract Syntax:
[ 1:]
int main( ):
[ 2:] while [ 3:] ( $2{x} > 0 && $2{x} < 50 ) do
[ 4:]   if ( $2{x} < 20 ) then
[ 5:]     $2{x} := $2{x} - 1
[ 6:]
        else
[ 7:]
        endif
[ 8:]   if ( $2{x} > 10 ) then
[ 9:]     $2{x} := $2{x} + 1
[10:]
        else
[11:]
        endif
[12:]   if ( 30 <= $2{x} && $2{x} <= 40 ) then
[13:]     $2{x} := $2{x} - 1
[14:]
        else
[15:]
        endif
[16:]
      od
[17:] $1{$1} := 0
[18:] return
[19:]

Property: exit: true

[ -2:]:
top ? 0.

[ -1:]:
top ? 0.

[ 2:]:
top ? bottom

[ 3:]:
top ? bottom

[ 4:]:
top ? bottom

[ 5:]:
top ? bottom

[ 6:]:
top ? bottom

[ 7:]:
top ? bottom

[ 8:]:
top ? bottom

[ 9:]:
top ? bottom

[10:]:
top ? bottom

[11:]:
top ? bottom

[12:]:
top ? bottom

[13:]:
top ? bottom

[14:]:
top ? bottom

[15:]:
top ? bottom

[16:]:
top ? bottom

[17:]:
top ? bottom

[18:]:
top ? bottom

[19:]:
top ? bottom

Property: AF{exit: true}

[ -2:]:
top ? 0.

[ -1:]:
top ? 0.

[ 2:]:
-$2{x} >= 0 ? 2
$2{x} >= 1 && -$2{x} >= -11 ? 5$2{x}+2
$2{x} >= 12 && -$2{x} >= -39 ? bottom
$2{x} >= 40 && -$2{x} >= -48 ? -5$2{x}+252
$2{x} == 49 ? 7
$2{x} >= 50 ? 2

[ 3:]:
-$2{x} >= 0 ? 2
$2{x} >= 1 && -$2{x} >= -11 ? 5$2{x}+2
$2{x} >= 12 && -$2{x} >= -39 ? bottom
$2{x} >= 40 && -$2{x} >= -48 ? -5$2{x}+252
$2{x} == 49 ? 7
$2{x} >= 50 ? 2

[ 4:]:
-$2{x} >= -1 ? 6
$2{x} >= 2 && -$2{x} >= -11 ? 5$2{x}+1
$2{x} >= 12 && -$2{x} >= -39 ? bottom
$2{x} >= 40 && -$2{x} >= -47 ? -5$2{x}+251
$2{x} == 48 ? 11
$2{x} >= 49 ? 6

[ 5:]:
-$2{x} >= -1 ? 5
$2{x} >= 2 && -$2{x} >= -11 ? 5$2{x}+0
$2{x} >= 12 && -$2{x} >= -40 ? bottom
$2{x} >= 41 && -$2{x} >= -48 ? -5$2{x}+256
$2{x} == 49 ? 11
$2{x} >= 50 ? 6

[ 6:]:
-$2{x} >= 0 ? 4
$2{x} >= 1 && -$2{x} >= -10 ? 5$2{x}+4
$2{x} >= 11 && -$2{x} >= -39 ? bottom
$2{x} >= 40 && -$2{x} >= -47 ? -5$2{x}+250
$2{x} == 48 ? 10
$2{x} >= 49 ? 5

[ 7:]:
-$2{x} >= 0 ? 4
$2{x} >= 1 && -$2{x} >= -10 ? 5$2{x}+4
$2{x} >= 11 && -$2{x} >= -39 ? bottom
$2{x} >= 40 && -$2{x} >= -47 ? -5$2{x}+250
$2{x} == 48 ? 10
$2{x} >= 49 ? 5

[ 8:]:
-$2{x} >= 0 ? 4
$2{x} >= 1 && -$2{x} >= -10 ? 5$2{x}+4
$2{x} >= 11 && -$2{x} >= -39 ? bottom
$2{x} >= 40 && -$2{x} >= -47 ? -5$2{x}+250
$2{x} == 48 ? 10
$2{x} >= 49 ? 5

[ 9:]:
-$2{x} >= 1 ? 4
$2{x} >= 0 && -$2{x} >= -10 ? 5$2{x}+9
$2{x} >= 11 && -$2{x} >= -39 ? bottom
$2{x} >= 40 && -$2{x} >= -47 ? -5$2{x}+249
$2{x} == 48 ? 9
$2{x} >= 49 ? 4

[10:]:
-$2{x} >= 0 ? 3
$2{x} >= 1 && -$2{x} >= -11 ? 5$2{x}+3
$2{x} >= 12 && -$2{x} >= -40 ? bottom
$2{x} >= 41 && -$2{x} >= -48 ? -5$2{x}+253
$2{x} == 49 ? 8
$2{x} >= 50 ? 3

[11:]:
-$2{x} >= 0 ? 3
$2{x} >= 1 && -$2{x} >= -11 ? 5$2{x}+3
$2{x} >= 12 && -$2{x} >= -40 ? bottom
$2{x} >= 41 && -$2{x} >= -48 ? -5$2{x}+253
$2{x} == 49 ? 8
$2{x} >= 50 ? 3

[12:]:
-$2{x} >= 0 ? 3
$2{x} >= 1 && -$2{x} >= -11 ? 5$2{x}+3
$2{x} >= 12 && -$2{x} >= -40 ? bottom
$2{x} >= 41 && -$2{x} >= -48 ? -5$2{x}+253
$2{x} == 49 ? 8
$2{x} >= 50 ? 3

[13:]:
-$2{x} >= -1 ? 3
$2{x} >= 2 && -$2{x} >= -12 ? 5$2{x}-2
$2{x} >= 13 && -$2{x} >= -40 ? bottom
$2{x} >= 41 && -$2{x} >= -49 ? -5$2{x}+258
$2{x} == 50 ? 8
$2{x} >= 51 ? 3

[14:]:
-$2{x} >= 0 ? 2
$2{x} >= 1 && -$2{x} >= -11 ? 5$2{x}+2
$2{x} >= 12 && -$2{x} >= -39 ? bottom
$2{x} >= 40 && -$2{x} >= -48 ? -5$2{x}+252
$2{x} == 49 ? 7
$2{x} >= 50 ? 2

[15:]:
-$2{x} >= 0 ? 2
$2{x} >= 1 && -$2{x} >= -11 ? 5$2{x}+2
$2{x} >= 12 && -$2{x} >= -39 ? bottom
$2{x} >= 40 && -$2{x} >= -48 ? -5$2{x}+252
$2{x} == 49 ? 7
$2{x} >= 50 ? 2

[16:]:
-$2{x} >= 0 ? 2
$2{x} >= 1 && -$2{x} >= -11 ? 5$2{x}+2
$2{x} >= 12 && -$2{x} >= -39 ? bottom
$2{x} >= 40 && -$2{x} >= -48 ? -5$2{x}+252
$2{x} == 49 ? 7
$2{x} >= 50 ? 2

[17:]:
top ? 1

[18:]:
top ? bottom

[19:]:
top ? bottom


Analysis Result: TRUE
