
CFG:
List of variables:
  $1{__return_main}:int at tests/tap2008a.c:10.0-23.1
  $2{x}:int at tests/tap2008a.c:11.6-7

List of functions:
  1: main() -> $1{__return_main}:int at tests/tap2008a.c:10.0-23.1, entry: 13, exit: 12, calls:

List of nodes:
  13: at :0:-1, in: out:1 
  12: at :0:-1, in: 2 out:
  1: at tests/tap2008a.c:10:0, in: 13 out:3 
  2: at tests/tap2008a.c:23:1, in: 4 out:12 
  3: at tests/tap2008a.c:11:8, in: 8 9 1 out:4 5 
  4: at tests/tap2008a.c:21:3, in: 3 out:2 
  5: at tests/tap2008a.c:12:17, in: 3 out:6 7 
  6: at tests/tap2008a.c:15:5, in: 7 5 out:8 9 
  7: at tests/tap2008a.c:13:17, in: 5 out:6 
  8: at tests/tap2008a.c:18:11, in: 6 out:3 
  9: at tests/tap2008a.c:16:17, in: 6 out:3 
  10: at tests/tap2008a.c:10:0, in: out:11 
  11: at tests/tap2008a.c:23:1, in: 10 out:

List of arcs:
  13 -> 1: label entry
  2 -> 12: label exit
  1 -> 3: skip
  3 -> 5: $2{x} > 10 ?
  3 -> 4: ! ($2{x} > 10) ?
  5 -> 7: $2{x} == 25 ?
  5 -> 6: ! ($2{x} == 25) ?
  7 -> 6: $2{x} = 30
  6 -> 9: $2{x} <= 30 ?
  6 -> 8: ! ($2{x} <= 30) ?
  9 -> 3: $2{x} = $2{x} - 1
  8 -> 3: $2{x} = 20
  4 -> 2: $1{__return_main} = 0
  10 -> 11: skip


Property: exit: true

[1:]:
top ? bottom

[2:]:
top ? bottom

[3:]:
top ? bottom

[4:]:
top ? bottom

[5:]:
top ? bottom

[6:]:
top ? bottom

[7:]:
top ? bottom

[8:]:
top ? bottom

[9:]:
top ? bottom

[10:]:
top ? bottom

[11:]:
top ? bottom

[12:]:
top ? 0.

[13:]:
top ? bottom

Property: AF{exit: true}

[1:]:
-$2{x} >= -10 ? 2
$2{x} >= 11 && -$2{x} >= -24 ? 4$2{x}-38
$2{x} >= 25 && -$2{x} >= -30 ? bottom
$2{x} >= 31 ? 46

[2:]:
top ? 0.

[3:]:
-$2{x} >= -10 ? 2
$2{x} >= 11 && -$2{x} >= -24 ? 4$2{x}-38
$2{x} >= 25 && -$2{x} >= -30 ? bottom
$2{x} >= 31 ? 46

[4:]:
top ? 1

[5:]:
-$2{x} >= -11 ? 5
$2{x} >= 12 && -$2{x} >= -24 ? 4$2{x}-39
$2{x} >= 25 && -$2{x} >= -30 ? bottom
$2{x} >= 31 ? 45

[6:]:
-$2{x} >= -11 ? 4
$2{x} >= 12 && -$2{x} >= -25 ? 4$2{x}-40
$2{x} >= 26 && -$2{x} >= -30 ? bottom
$2{x} >= 31 ? 44

[7:]:
top ? bottom

[8:]:
top ? 43

[9:]:
-$2{x} >= -11 ? 3
$2{x} >= 12 && -$2{x} >= -25 ? 4$2{x}-41
$2{x} >= 26 && -$2{x} >= -31 ? bottom
$2{x} >= 32 ? 47

[10:]:
top ? bottom

[11:]:
top ? bottom

[12:]:
top ? 0.

[13:]:
-$2{x} >= -10 ? 2
$2{x} >= 11 && -$2{x} >= -24 ? 4$2{x}-38
$2{x} >= 25 && -$2{x} >= -30 ? bottom
$2{x} >= 31 ? 46


Analysis Result: TRUE
