
Abstract Syntax:
[ 1:]
int main( ):
[ 2:] while [ 3:] ( $2{x} < 0 || $2{x} > 0 ) do
[ 4:]   if ( -5 <= $2{x} && $2{x} <= 35 ) then
[ 5:]     if ( $2{x} < 0 ) then
[ 6:]       $2{x} := -5
[ 7:]
          else
[ 8:]       if ( $2{x} > 30 ) then
[ 9:]         $2{x} := 35
[10:]
            else
[11:]         $2{x} := $2{x} - 1
[12:]
            endif
[13:]
          endif
[14:]
        else
[15:]     $2{x} := 0
[16:]
        endif
[17:]
      od
[18:] $1{$1} := 0
[19:] return
[20:]

Property: exit: true

[ -2:]:
top ? 0.

[ -1:]:
top ? 0.

[ 2:]:
top ? bottom

[ 3:]:
top ? bottom

[ 4:]:
top ? bottom

[ 5:]:
top ? bottom

[ 6:]:
top ? bottom

[ 7:]:
top ? bottom

[ 8:]:
top ? bottom

[ 9:]:
top ? bottom

[10:]:
top ? bottom

[11:]:
top ? bottom

[12:]:
top ? bottom

[13:]:
top ? bottom

[14:]:
top ? bottom

[15:]:
top ? bottom

[16:]:
top ? bottom

[17:]:
top ? bottom

[18:]:
top ? bottom

[19:]:
top ? bottom

[20:]:
top ? bottom

Property: AF{exit: true}

[ -2:]:
top ? 0.

[ -1:]:
top ? 0.

[ 2:]:
-$2{x} >= 6 ? 5
$2{x} >= -5 && -$2{x} >= 1 ? bottom
$2{x} >= 0 && -$2{x} >= -30 ? 5$2{x}+2
$2{x} >= 31 && -$2{x} >= -35 ? bottom
$2{x} >= 36 ? 5

[ 3:]:
-$2{x} >= 6 ? 5
$2{x} >= -5 && -$2{x} >= 1 ? bottom
$2{x} >= 0 && -$2{x} >= -30 ? 5$2{x}+2
$2{x} >= 31 && -$2{x} >= -35 ? bottom
$2{x} >= 36 ? 5

[ 4:]:
-$2{x} >= 6 ? 4
$2{x} >= -5 && -$2{x} >= 0 ? bottom
$2{x} >= 1 && -$2{x} >= -30 ? 5$2{x}+1
$2{x} >= 31 && -$2{x} >= -35 ? bottom
$2{x} >= 36 ? 4

[ 5:]:
-$2{x} >= 0 ? bottom
$2{x} >= 1 && -$2{x} >= -30 ? 5$2{x}+0
$2{x} >= 31 ? bottom

[ 6:]:
top ? bottom

[ 7:]:
-$2{x} >= 6 ? 5
$2{x} >= -5 && -$2{x} >= 1 ? bottom
$2{x} >= 0 && -$2{x} >= -30 ? 5$2{x}+2
$2{x} >= 31 && -$2{x} >= -35 ? bottom
$2{x} >= 36 ? 5

[ 8:]:
-$2{x} >= 5 ? 7
$2{x} >= -4 && -$2{x} >= 0 ? bottom
$2{x} >= 1 && -$2{x} >= -30 ? 5$2{x}-1
$2{x} >= 31 ? bottom

[ 9:]:
top ? bottom

[10:]:
-$2{x} >= 6 ? 5
$2{x} >= -5 && -$2{x} >= 1 ? bottom
$2{x} >= 0 && -$2{x} >= -30 ? 5$2{x}+2
$2{x} >= 31 && -$2{x} >= -35 ? bottom
$2{x} >= 36 ? 5

[11:]:
-$2{x} >= 5 ? 6
$2{x} >= -4 && -$2{x} >= 0 ? bottom
$2{x} >= 1 && -$2{x} >= -31 ? 5$2{x}-2
$2{x} >= 32 && -$2{x} >= -36 ? bottom
$2{x} >= 37 ? 6

[12:]:
-$2{x} >= 6 ? 5
$2{x} >= -5 && -$2{x} >= 1 ? bottom
$2{x} >= 0 && -$2{x} >= -30 ? 5$2{x}+2
$2{x} >= 31 && -$2{x} >= -35 ? bottom
$2{x} >= 36 ? 5

[13:]:
-$2{x} >= 6 ? 5
$2{x} >= -5 && -$2{x} >= 1 ? bottom
$2{x} >= 0 && -$2{x} >= -30 ? 5$2{x}+2
$2{x} >= 31 && -$2{x} >= -35 ? bottom
$2{x} >= 36 ? 5

[14:]:
-$2{x} >= 6 ? 5
$2{x} >= -5 && -$2{x} >= 1 ? bottom
$2{x} >= 0 && -$2{x} >= -30 ? 5$2{x}+2
$2{x} >= 31 && -$2{x} >= -35 ? bottom
$2{x} >= 36 ? 5

[15:]:
top ? 3

[16:]:
-$2{x} >= 6 ? 5
$2{x} >= -5 && -$2{x} >= 1 ? bottom
$2{x} >= 0 && -$2{x} >= -30 ? 5$2{x}+2
$2{x} >= 31 && -$2{x} >= -35 ? bottom
$2{x} >= 36 ? 5

[17:]:
-$2{x} >= 6 ? 5
$2{x} >= -5 && -$2{x} >= 1 ? bottom
$2{x} >= 0 && -$2{x} >= -30 ? 5$2{x}+2
$2{x} >= 31 && -$2{x} >= -35 ? bottom
$2{x} >= 36 ? 5

[18:]:
top ? 1

[19:]:
top ? bottom

[20:]:
top ? bottom


Analysis Result: TRUE
