
CFG:
List of variables:
  $1{__return_main}:int at tests/tap2008c.c:10.0-23.1
  $2{x}:int at tests/tap2008c.c:11.6-7
  $3{brake}:int at tests/tap2008c.c:11.9-14

List of functions:
  1: main() -> $1{__return_main}:int at tests/tap2008c.c:10.0-23.1, entry: 13, exit: 12, calls:

List of nodes:
  13: at :0:-1, in: out:1 
  12: at :0:-1, in: 2 out:
  1: at tests/tap2008c.c:10:0, in: 13 out:3 
  2: at tests/tap2008c.c:23:1, in: 4 out:12 
  3: at tests/tap2008c.c:11:19, in: 9 6 1 out:4 5 
  4: at tests/tap2008c.c:21:3, in: 3 out:2 
  5: at tests/tap2008c.c:12:31, in: 3 out:7 8 
  6: at tests/tap2008c.c:17:5, in: 7 8 out:3 9 
  7: at tests/tap2008c.c:15:11, in: 5 out:6 
  8: at tests/tap2008c.c:13:16, in: 5 out:6 
  9: at tests/tap2008c.c:18:17, in: 6 out:3 
  10: at tests/tap2008c.c:10:0, in: out:11 
  11: at tests/tap2008c.c:23:1, in: 10 out:

List of arcs:
  13 -> 1: label entry
  2 -> 12: label exit
  1 -> 3: $3{brake} = 0
  3 -> 5: $2{x} > 10 && $3{brake} != 1 ?
  3 -> 4: ! ($2{x} > 10 && $3{brake} != 1) ?
  5 -> 8: $2{x} > 20 ?
  5 -> 7: ! ($2{x} > 20) ?
  8 -> 6: $2{x} = $2{x} + 1
  7 -> 6: $2{x} = $2{x} - 1
  6 -> 9: $2{x} == 30 ?
  6 -> 3: ! ($2{x} == 30) ?
  9 -> 3: $3{brake} = 1
  4 -> 2: $1{__return_main} = 0
  10 -> 11: skip


Property: exit: true

[1:]:
top ? bottom

[2:]:
top ? bottom

[3:]:
top ? bottom

[4:]:
top ? bottom

[5:]:
top ? bottom

[6:]:
top ? bottom

[7:]:
top ? bottom

[8:]:
top ? bottom

[9:]:
top ? bottom

[10:]:
top ? bottom

[11:]:
top ? bottom

[12:]:
top ? 0.

[13:]:
top ? bottom

Property: AF{exit: true}

[1:]:
-$2{x} >= -10 ? 3
$2{x} >= 11 && -$2{x} >= -20 ? 4$2{x}-37
$2{x} >= 21 && -$2{x} >= -27 ? -4$2{x}+124
$2{x} == 28 ? 12
$2{x} == 29 ? 8
$2{x} >= 30 ? bottom

[2:]:
top ? 0.

[3:]:
-$3{brake} >= 0 && -$2{x} >= -10 ? 2
-$3{brake} >= 0 && $2{x} == 11 ? 6
-$3{brake} >= 0 && $2{x} == 12 ? 10
-$3{brake} >= 0 && $2{x} == 13 ? 14
$2{x} >= 14 && -$3{brake} >= 0 && -$2{x} >= -20 ? 4$2{x}-12$3{brake}-38
$2{x} >= 21 && -$3{brake} >= 0 && -$2{x} >= -26 ? -4$2{x}-13$3{brake}+123
-$3{brake} >= 0 && $2{x} == 27 ? 15
-$3{brake} >= 0 && $2{x} == 28 ? 11
-$3{brake} >= 0 && $2{x} == 29 ? 7
$2{x} >= 30 && -$3{brake} >= 0 ? bottom
$3{brake} == 1 ? 2
$3{brake} >= 2 && -$2{x} >= -10 ? 2
$3{brake} >= 2 && $2{x} == 11 ? 6
$3{brake} >= 2 && $2{x} == 12 ? 10
$3{brake} >= 2 && $2{x} == 13 ? 14
$2{x} >= 14 && $3{brake} >= 2 && -$2{x} >= -20 ? 4$2{x}+12$3{brake}-62
$2{x} >= 21 && $3{brake} >= 2 && -$2{x} >= -26 ? -4$2{x}+13$3{brake}+97
$3{brake} >= 2 && $2{x} == 27 ? 15
$3{brake} >= 2 && $2{x} == 28 ? 11
$3{brake} >= 2 && $2{x} == 29 ? 7
$2{x} >= 30 && $3{brake} >= 2 ? bottom

[4:]:
top ? 1

[5:]:
-$3{brake} >= 0 && -$2{x} >= -11 ? 5
-$3{brake} >= 0 && $2{x} == 12 ? 9
-$3{brake} >= 0 && $2{x} == 13 ? 13
$2{x} >= 14 && -$3{brake} >= 0 && -$2{x} >= -20 ? 4$2{x}-12$3{brake}-39
$2{x} >= 21 && -$3{brake} >= 0 && -$2{x} >= -26 ? -4$2{x}-13$3{brake}+122
-$3{brake} >= 0 && $2{x} == 27 ? 14
-$3{brake} >= 0 && $2{x} == 28 ? 10
-$3{brake} >= 0 && $2{x} == 29 ? 6
$2{x} >= 30 && -$3{brake} >= 0 ? bottom
-$2{x} >= -28 && $3{brake} == 1 ? 5
$2{x} == 29 && $3{brake} == 1 ? 6
$2{x} >= 30 && $3{brake} == 1 ? 5
$3{brake} >= 2 && -$2{x} >= -11 ? 5
$3{brake} >= 2 && $2{x} == 12 ? 9
$3{brake} >= 2 && $2{x} == 13 ? 13
$2{x} >= 14 && $3{brake} >= 2 && -$2{x} >= -20 ? 4$2{x}+12$3{brake}-63
$2{x} >= 21 && $3{brake} >= 2 && -$2{x} >= -26 ? -4$2{x}+13$3{brake}+96
$3{brake} >= 2 && $2{x} == 27 ? 14
$3{brake} >= 2 && $2{x} == 28 ? 10
$3{brake} >= 2 && $2{x} == 29 ? 6
$2{x} >= 30 && $3{brake} >= 2 ? bottom

[6:]:
-$3{brake} >= 0 && -$2{x} >= -10 ? 3
-$3{brake} >= 0 && $2{x} == 11 ? 7
-$3{brake} >= 0 && $2{x} == 12 ? 11
$2{x} >= 13 && -$3{brake} >= 0 && -$2{x} >= -20 ? 4$2{x}-12$3{brake}-37
$2{x} >= 21 && -$3{brake} >= 0 && -$2{x} >= -27 ? -4$2{x}-13$3{brake}+124
-$3{brake} >= 0 && $2{x} == 28 ? 12
-$3{brake} >= 0 && $2{x} == 29 ? 8
-$3{brake} >= 0 && $2{x} == 30 ? 4
$2{x} >= 31 && -$3{brake} >= 0 ? bottom
-$2{x} >= -29 && $3{brake} == 1 ? 3
$2{x} == 30 && $3{brake} == 1 ? 4
$2{x} >= 31 && $3{brake} == 1 ? 3
$3{brake} >= 2 && -$2{x} >= -10 ? 3
$3{brake} >= 2 && $2{x} == 11 ? 7
$3{brake} >= 2 && $2{x} == 12 ? 11
$2{x} >= 13 && $3{brake} >= 2 && -$2{x} >= -20 ? 4$2{x}+12$3{brake}-61
$2{x} >= 21 && $3{brake} >= 2 && -$2{x} >= -27 ? -4$2{x}+13$3{brake}+98
$3{brake} >= 2 && $2{x} == 28 ? 12
$3{brake} >= 2 && $2{x} == 29 ? 8
$3{brake} >= 2 && $2{x} == 30 ? 4
$2{x} >= 31 && $3{brake} >= 2 ? bottom

[7:]:
-$3{brake} >= 0 && -$2{x} >= -11 ? 4
-$3{brake} >= 0 && $2{x} == 12 ? 8
-$3{brake} >= 0 && $2{x} == 13 ? 12
$2{x} >= 14 && -$3{brake} >= 0 && -$2{x} >= -21 ? 4$2{x}-12$3{brake}-40
$2{x} >= 22 && -$3{brake} >= 0 && -$2{x} >= -28 ? -4$2{x}-13$3{brake}+129
-$3{brake} >= 0 && $2{x} == 29 ? 13
-$3{brake} >= 0 && $2{x} == 30 ? 9
-$3{brake} >= 0 && $2{x} == 31 ? 5
$2{x} >= 32 && -$3{brake} >= 0 ? bottom
-$2{x} >= -30 && $3{brake} == 1 ? 4
$2{x} == 31 && $3{brake} == 1 ? 5
$2{x} >= 32 && $3{brake} == 1 ? 4
$3{brake} >= 2 && -$2{x} >= -11 ? 4
$3{brake} >= 2 && $2{x} == 12 ? 8
$3{brake} >= 2 && $2{x} == 13 ? 12
$2{x} >= 14 && $3{brake} >= 2 && -$2{x} >= -21 ? 4$2{x}+12$3{brake}-64
$2{x} >= 22 && $3{brake} >= 2 && -$2{x} >= -28 ? -4$2{x}+13$3{brake}+103
$3{brake} >= 2 && $2{x} == 29 ? 13
$3{brake} >= 2 && $2{x} == 30 ? 9
$3{brake} >= 2 && $2{x} == 31 ? 5
$2{x} >= 32 && $3{brake} >= 2 ? bottom

[8:]:
-$3{brake} >= 0 && -$2{x} >= -9 ? 4
-$3{brake} >= 0 && $2{x} == 10 ? 8
-$3{brake} >= 0 && $2{x} == 11 ? 12
$2{x} >= 12 && -$3{brake} >= 0 && -$2{x} >= -19 ? 4$2{x}-12$3{brake}-32
$2{x} >= 20 && -$3{brake} >= 0 && -$2{x} >= -26 ? -4$2{x}-13$3{brake}+121
-$3{brake} >= 0 && $2{x} == 27 ? 13
-$3{brake} >= 0 && $2{x} == 28 ? 9
-$3{brake} >= 0 && $2{x} == 29 ? 5
$2{x} >= 30 && -$3{brake} >= 0 ? bottom
-$2{x} >= -28 && $3{brake} == 1 ? 4
$2{x} == 29 && $3{brake} == 1 ? 5
$2{x} >= 30 && $3{brake} == 1 ? 4
$3{brake} >= 2 && -$2{x} >= -9 ? 4
$3{brake} >= 2 && $2{x} == 10 ? 8
$3{brake} >= 2 && $2{x} == 11 ? 12
$2{x} >= 12 && $3{brake} >= 2 && -$2{x} >= -19 ? 4$2{x}+12$3{brake}-56
$2{x} >= 20 && $3{brake} >= 2 && -$2{x} >= -26 ? -4$2{x}+13$3{brake}+95
$3{brake} >= 2 && $2{x} == 27 ? 13
$3{brake} >= 2 && $2{x} == 28 ? 9
$3{brake} >= 2 && $2{x} == 29 ? 5
$2{x} >= 30 && $3{brake} >= 2 ? bottom

[9:]:
top ? 3

[10:]:
top ? bottom

[11:]:
top ? bottom

[12:]:
top ? 0.

[13:]:
-$2{x} >= -10 ? 3
$2{x} >= 11 && -$2{x} >= -20 ? 4$2{x}-37
$2{x} >= 21 && -$2{x} >= -27 ? -4$2{x}+124
$2{x} == 28 ? 12
$2{x} == 29 ? 8
$2{x} >= 30 ? bottom


Analysis Result: TRUE
