
CFG:
List of variables:
  $1{__return_main}:int at tests/tap2008b.c:10.0-28.1
  $2{x}:int at tests/tap2008b.c:11.6-7

List of functions:
  1: main() -> $1{__return_main}:int at tests/tap2008b.c:10.0-28.1, entry: 15, exit: 14, calls:

List of nodes:
  15: at :0:-1, in: out:1 
  14: at :0:-1, in: 2 out:
  1: at tests/tap2008b.c:10:0, in: 15 out:3 
  2: at tests/tap2008b.c:28:1, in: 4 out:14 
  3: at tests/tap2008b.c:11:8, in: 6 10 11 9 1 out:4 5 
  4: at tests/tap2008b.c:26:3, in: 3 out:2 
  5: at tests/tap2008b.c:12:17, in: 3 out:6 7 
  6: at tests/tap2008b.c:23:11, in: 5 out:3 
  7: at tests/tap2008b.c:13:28, in: 5 out:8 9 
  8: at tests/tap2008b.c:16:13, in: 7 out:10 11 
  9: at tests/tap2008b.c:14:17, in: 7 out:3 
  10: at tests/tap2008b.c:19:15, in: 8 out:3 
  11: at tests/tap2008b.c:17:20, in: 8 out:3 
  12: at tests/tap2008b.c:10:0, in: out:13 
  13: at tests/tap2008b.c:28:1, in: 12 out:

List of arcs:
  15 -> 1: label entry
  2 -> 14: label exit
  1 -> 3: skip
  3 -> 5: $2{x} != 0 ?
  3 -> 4: ! ($2{x} != 0) ?
  5 -> 7: - 5 <= $2{x} && $2{x} <= 35 ?
  5 -> 6: ! (- 5 <= $2{x} && $2{x} <= 35) ?
  7 -> 9: $2{x} < 0 ?
  7 -> 8: ! ($2{x} < 0) ?
  9 -> 3: $2{x} = - 5
  8 -> 11: $2{x} > 30 ?
  8 -> 10: ! ($2{x} > 30) ?
  11 -> 3: $2{x} = 35
  10 -> 3: $2{x} = $2{x} - 1
  6 -> 3: $2{x} = 0
  4 -> 2: $1{__return_main} = 0
  12 -> 13: skip


Property: exit: true

[1:]:
top ? bottom

[2:]:
top ? bottom

[3:]:
top ? bottom

[4:]:
top ? bottom

[5:]:
top ? bottom

[6:]:
top ? bottom

[7:]:
top ? bottom

[8:]:
top ? bottom

[9:]:
top ? bottom

[10:]:
top ? bottom

[11:]:
top ? bottom

[12:]:
top ? bottom

[13:]:
top ? bottom

[14:]:
top ? 0.

[15:]:
top ? bottom

Property: AF{exit: true}

[1:]:
-$2{x} >= 6 ? 5
$2{x} >= -5 && -$2{x} >= 1 ? bottom
$2{x} >= 0 && -$2{x} >= -30 ? 5$2{x}+2
$2{x} >= 31 && -$2{x} >= -35 ? bottom
$2{x} >= 36 ? 5

[2:]:
top ? 0.

[3:]:
-$2{x} >= 6 ? 5
$2{x} >= -5 && -$2{x} >= 1 ? bottom
$2{x} >= 0 && -$2{x} >= -30 ? 5$2{x}+2
$2{x} >= 31 && -$2{x} >= -35 ? bottom
$2{x} >= 36 ? 5

[4:]:
top ? 1

[5:]:
-$2{x} >= 6 ? 4
$2{x} >= -5 && -$2{x} >= 0 ? bottom
$2{x} >= 1 && -$2{x} >= -30 ? 5$2{x}+1
$2{x} >= 31 && -$2{x} >= -35 ? bottom
$2{x} >= 36 ? 4

[6:]:
top ? 3

[7:]:
-$2{x} >= 0 ? bottom
$2{x} >= 1 && -$2{x} >= -30 ? 5$2{x}+0
$2{x} >= 31 ? bottom

[8:]:
-$2{x} >= 5 ? 7
$2{x} >= -4 && -$2{x} >= 0 ? bottom
$2{x} >= 1 && -$2{x} >= -30 ? 5$2{x}-1
$2{x} >= 31 ? bottom

[9:]:
top ? bottom

[10:]:
-$2{x} >= 5 ? 6
$2{x} >= -4 && -$2{x} >= 0 ? bottom
$2{x} >= 1 && -$2{x} >= -31 ? 5$2{x}-2
$2{x} >= 32 && -$2{x} >= -36 ? bottom
$2{x} >= 37 ? 6

[11:]:
top ? bottom

[12:]:
top ? bottom

[13:]:
top ? bottom

[14:]:
top ? 0.

[15:]:
-$2{x} >= 6 ? 5
$2{x} >= -5 && -$2{x} >= 1 ? bottom
$2{x} >= 0 && -$2{x} >= -30 ? 5$2{x}+2
$2{x} >= 31 && -$2{x} >= -35 ? bottom
$2{x} >= 36 ? 5


Analysis Result: TRUE
