
CFG:
List of variables:
  $1{__return_main}:int at tests/tap2008e.c:10.0-24.1
  $2{x}:int at tests/tap2008e.c:11.6-7

List of functions:
  1: main() -> $1{__return_main}:int at tests/tap2008e.c:10.0-24.1, entry: 14, exit: 13, calls:

List of nodes:
  14: at :0:-1, in: out:1 
  13: at :0:-1, in: 2 out:
  1: at tests/tap2008e.c:10:0, in: 14 out:3 
  2: at tests/tap2008e.c:24:1, in: 4 out:13 
  3: at tests/tap2008e.c:11:8, in: 10 8 1 out:4 5 
  4: at tests/tap2008e.c:22:3, in: 3 out:2 
  5: at tests/tap2008e.c:12:26, in: 3 out:6 7 
  6: at tests/tap2008e.c:15:5, in: 7 5 out:8 9 
  7: at tests/tap2008e.c:13:16, in: 5 out:6 
  8: at tests/tap2008e.c:18:5, in: 9 6 out:3 10 
  9: at tests/tap2008e.c:16:16, in: 6 out:8 
  10: at tests/tap2008e.c:19:28, in: 8 out:3 
  11: at tests/tap2008e.c:10:0, in: out:12 
  12: at tests/tap2008e.c:24:1, in: 11 out:

List of arcs:
  14 -> 1: label entry
  2 -> 13: label exit
  1 -> 3: skip
  3 -> 5: $2{x} > 0 && $2{x} < 50 ?
  3 -> 4: ! ($2{x} > 0 && $2{x} < 50) ?
  5 -> 7: $2{x} < 20 ?
  5 -> 6: ! ($2{x} < 20) ?
  7 -> 6: $2{x} = $2{x} - 1
  6 -> 9: $2{x} > 10 ?
  6 -> 8: ! ($2{x} > 10) ?
  9 -> 8: $2{x} = $2{x} + 1
  8 -> 10: 30 <= $2{x} && $2{x} <= 40 ?
  8 -> 3: ! (30 <= $2{x} && $2{x} <= 40) ?
  10 -> 3: $2{x} = $2{x} - 1
  4 -> 2: $1{__return_main} = 0
  11 -> 12: skip


Property: exit: true

[1:]:
top ? bottom

[2:]:
top ? bottom

[3:]:
top ? bottom

[4:]:
top ? bottom

[5:]:
top ? bottom

[6:]:
top ? bottom

[7:]:
top ? bottom

[8:]:
top ? bottom

[9:]:
top ? bottom

[10:]:
top ? bottom

[11:]:
top ? bottom

[12:]:
top ? bottom

[13:]:
top ? 0.

[14:]:
top ? bottom

Property: AF{exit: true}

[1:]:
-$2{x} >= 0 ? 2
$2{x} >= 1 && -$2{x} >= -11 ? 5$2{x}+2
$2{x} >= 12 && -$2{x} >= -39 ? bottom
$2{x} >= 40 && -$2{x} >= -47 ? -5$2{x}+252
$2{x} == 48 ? 12
$2{x} == 49 ? 7
$2{x} >= 50 ? 2

[2:]:
top ? 0.

[3:]:
-$2{x} >= 0 ? 2
$2{x} >= 1 && -$2{x} >= -11 ? 5$2{x}+2
$2{x} >= 12 && -$2{x} >= -39 ? bottom
$2{x} >= 40 && -$2{x} >= -46 ? -5$2{x}+252
$2{x} == 47 ? 17
$2{x} == 48 ? 12
$2{x} == 49 ? 7
$2{x} >= 50 ? 2

[4:]:
top ? 1

[5:]:
-$2{x} >= -1 ? 6
$2{x} >= 2 && -$2{x} >= -11 ? 5$2{x}+1
$2{x} >= 12 && -$2{x} >= -39 ? bottom
$2{x} >= 40 && -$2{x} >= -46 ? -5$2{x}+251
$2{x} == 47 ? 16
$2{x} == 48 ? 11
$2{x} >= 49 ? 6

[6:]:
-$2{x} >= 0 ? 4
$2{x} >= 1 && -$2{x} >= -10 ? 5$2{x}+4
$2{x} >= 11 && -$2{x} >= -39 ? bottom
$2{x} >= 40 && -$2{x} >= -46 ? -5$2{x}+250
$2{x} == 47 ? 15
$2{x} == 48 ? 10
$2{x} >= 49 ? 5

[7:]:
-$2{x} >= -1 ? 5
$2{x} >= 2 && -$2{x} >= -11 ? 5$2{x}+0
$2{x} >= 12 && -$2{x} >= -40 ? bottom
$2{x} >= 41 && -$2{x} >= -47 ? -5$2{x}+256
$2{x} == 48 ? 16
$2{x} == 49 ? 11
$2{x} >= 50 ? 6

[8:]:
-$2{x} >= 0 ? 3
$2{x} >= 1 && -$2{x} >= -11 ? 5$2{x}+3
$2{x} >= 12 && -$2{x} >= -40 ? bottom
$2{x} >= 41 && -$2{x} >= -47 ? -5$2{x}+253
$2{x} == 48 ? 13
$2{x} == 49 ? 8
$2{x} >= 50 ? 3

[9:]:
-$2{x} >= 1 ? 4
$2{x} >= 0 && -$2{x} >= -10 ? 5$2{x}+9
$2{x} >= 11 && -$2{x} >= -39 ? bottom
$2{x} >= 40 && -$2{x} >= -46 ? -5$2{x}+249
$2{x} == 47 ? 14
$2{x} == 48 ? 9
$2{x} >= 49 ? 4

[10:]:
-$2{x} >= -1 ? 3
$2{x} >= 2 && -$2{x} >= -12 ? 5$2{x}-2
$2{x} >= 13 && -$2{x} >= -40 ? bottom
$2{x} >= 41 && -$2{x} >= -48 ? -5$2{x}+258
$2{x} == 49 ? 13
$2{x} == 50 ? 8
$2{x} >= 51 ? 3

[11:]:
top ? bottom

[12:]:
top ? bottom

[13:]:
top ? 0.

[14:]:
-$2{x} >= 0 ? 2
$2{x} >= 1 && -$2{x} >= -11 ? 5$2{x}+2
$2{x} >= 12 && -$2{x} >= -39 ? bottom
$2{x} >= 40 && -$2{x} >= -47 ? -5$2{x}+252
$2{x} == 48 ? 12
$2{x} == 49 ? 7
$2{x} >= 50 ? 2


Analysis Result: TRUE
