
CFG:
List of variables:
  $1{__return_main}:int at tests/ctl/until_existential.c:4.0-20.1
  $2{x}:int at tests/ctl/until_existential.c:6.8-9
  $3{y}:int at tests/ctl/until_existential.c:7.8-9

List of functions:
  1: main() -> $1{__return_main}:int at tests/ctl/until_existential.c:4.0-20.1, entry: 13, exit: 12, calls:

List of nodes:
  13: at :0:-1, in: out:1 
  12: at :0:-1, in: 2 out:
  1: at tests/ctl/until_existential.c:4:0, in: 13 out:3 
  2: at tests/ctl/until_existential.c:20:1, in: 5 7 out:12 
  3: at tests/ctl/until_existential.c:6:10, in: 1 out:4 
  4: at tests/ctl/until_existential.c:7:10, in: 3 out:5 6 
  5: at tests/ctl/until_existential.c:16:11, in: 4 out:2 
  6: at tests/ctl/until_existential.c:9:11, in: 8 4 out:7 8 
  7: at tests/ctl/until_existential.c:13:9, in: 9 6 out:2 9 
  8: at tests/ctl/until_existential.c:11:22, in: 6 out:6 
  9: at tests/ctl/until_existential.c:15:19, in: 7 out:7 
  10: at tests/ctl/until_existential.c:4:0, in: out:11 
  11: at tests/ctl/until_existential.c:20:1, in: 10 out:

List of arcs:
  13 -> 1: label entry
  2 -> 12: label exit
  1 -> 3: skip
  3 -> 4: skip
  4 -> 6: brand ?
  4 -> 5: ! (brand) ?
  6 -> 8: $2{x} > $3{y} ?
  6 -> 7: ! ($2{x} > $3{y}) ?
  8 -> 6: $2{x} = $2{x} - 1
  7 -> 9: true ?
  7 -> 2: ! (true) ?
  9 -> 7: skip
  5 -> 2: $2{x} = $3{y} - 1
  10 -> 11: skip


Property: $2{x} == $3{y}

[1:]:
-$2{x}+$3{y} >= 1 ? bottom
-$2{x}+$3{y} == 0 ? 0.
$2{x}-$3{y} >= 1 ? bottom

[2:]:
-$2{x}+$3{y} >= 1 ? bottom
-$2{x}+$3{y} == 0 ? 0.
$2{x}-$3{y} >= 1 ? bottom

[3:]:
-$2{x}+$3{y} >= 1 ? bottom
-$2{x}+$3{y} == 0 ? 0.
$2{x}-$3{y} >= 1 ? bottom

[4:]:
-$2{x}+$3{y} >= 1 ? bottom
-$2{x}+$3{y} == 0 ? 0.
$2{x}-$3{y} >= 1 ? bottom

[5:]:
-$2{x}+$3{y} >= 1 ? bottom
-$2{x}+$3{y} == 0 ? 0.
$2{x}-$3{y} >= 1 ? bottom

[6:]:
-$2{x}+$3{y} >= 1 ? bottom
-$2{x}+$3{y} == 0 ? 0.
$2{x}-$3{y} >= 1 ? bottom

[7:]:
-$2{x}+$3{y} >= 1 ? bottom
-$2{x}+$3{y} == 0 ? 0.
$2{x}-$3{y} >= 1 ? bottom

[8:]:
-$2{x}+$3{y} >= 1 ? bottom
-$2{x}+$3{y} == 0 ? 0.
$2{x}-$3{y} >= 1 ? bottom

[9:]:
-$2{x}+$3{y} >= 1 ? bottom
-$2{x}+$3{y} == 0 ? 0.
$2{x}-$3{y} >= 1 ? bottom

[10:]:
-$2{x}+$3{y} >= 1 ? bottom
-$2{x}+$3{y} == 0 ? 0.
$2{x}-$3{y} >= 1 ? bottom

[11:]:
-$2{x}+$3{y} >= 1 ? bottom
-$2{x}+$3{y} == 0 ? 0.
$2{x}-$3{y} >= 1 ? bottom

[12:]:
-$2{x}+$3{y} >= 1 ? bottom
-$2{x}+$3{y} == 0 ? 0.
$2{x}-$3{y} >= 1 ? bottom

[13:]:
-$2{x}+$3{y} >= 1 ? bottom
-$2{x}+$3{y} == 0 ? 0.
$2{x}-$3{y} >= 1 ? bottom

Property: $2{x} >= $3{y}

[1:]:
-$2{x}+$3{y} >= 1 ? bottom
$2{x}-$3{y} >= 0 ? 0.

[2:]:
-$2{x}+$3{y} >= 1 ? bottom
$2{x}-$3{y} >= 0 ? 0.

[3:]:
-$2{x}+$3{y} >= 1 ? bottom
$2{x}-$3{y} >= 0 ? 0.

[4:]:
-$2{x}+$3{y} >= 1 ? bottom
$2{x}-$3{y} >= 0 ? 0.

[5:]:
-$2{x}+$3{y} >= 1 ? bottom
$2{x}-$3{y} >= 0 ? 0.

[6:]:
-$2{x}+$3{y} >= 1 ? bottom
$2{x}-$3{y} >= 0 ? 0.

[7:]:
-$2{x}+$3{y} >= 1 ? bottom
$2{x}-$3{y} >= 0 ? 0.

[8:]:
-$2{x}+$3{y} >= 1 ? bottom
$2{x}-$3{y} >= 0 ? 0.

[9:]:
-$2{x}+$3{y} >= 1 ? bottom
$2{x}-$3{y} >= 0 ? 0.

[10:]:
-$2{x}+$3{y} >= 1 ? bottom
$2{x}-$3{y} >= 0 ? 0.

[11:]:
-$2{x}+$3{y} >= 1 ? bottom
$2{x}-$3{y} >= 0 ? 0.

[12:]:
-$2{x}+$3{y} >= 1 ? bottom
$2{x}-$3{y} >= 0 ? 0.

[13:]:
-$2{x}+$3{y} >= 1 ? bottom
$2{x}-$3{y} >= 0 ? 0.

Property: EU{$2{x} >= $3{y}}{$2{x} == $3{y}}

[1:]:
-$2{x}+$3{y} >= 1 ? bottom
-$2{x}+$3{y} == 0 ? 0.
$2{x}-$3{y} >= 1 ? bottom

[2:]:
-$2{x}+$3{y} >= 1 ? bottom
-$2{x}+$3{y} == 0 ? 0.
$2{x}-$3{y} >= 1 ? bottom

[3:]:
-$2{x}+$3{y} >= 1 ? bottom
-$2{x}+$3{y} == 0 ? 0.
$2{x}-$3{y} >= 1 ? bottom

[4:]:
-$2{x}+$3{y} >= 1 ? bottom
-$2{x}+$3{y} == 0 ? 0.
$2{x}-$3{y} >= 1 ? bottom

[5:]:
-$2{x}+$3{y} >= 1 ? bottom
-$2{x}+$3{y} == 0 ? 0.
$2{x}-$3{y} >= 1 ? bottom

[6:]:
top ? bottom

[7:]:
-$2{x}+$3{y} >= 1 ? bottom
-$2{x}+$3{y} == 0 ? 0.
$2{x}-$3{y} >= 1 ? bottom

[8:]:
top ? bottom

[9:]:
-$2{x}+$3{y} >= 1 ? bottom
-$2{x}+$3{y} == 0 ? 0.
$2{x}-$3{y} >= 1 ? bottom

[10:]:
top ? bottom

[11:]:
top ? bottom

[12:]:
-$2{x}+$3{y} >= 1 ? bottom
-$2{x}+$3{y} == 0 ? 0.
$2{x}-$3{y} >= 1 ? bottom

[13:]:
-$2{x}+$3{y} >= 1 ? bottom
-$2{x}+$3{y} == 0 ? 0.
$2{x}-$3{y} >= 1 ? bottom


Analysis Result: UNKNOWN
