
Abstract Syntax:
[ 1:]
int main( ):
[ 2:] if ( ? ) then
[ 3:]   while [ 4:] ( $2{x} > $3{y} ) do
[ 5:]     $2{x} := $2{x} - 1
[ 6:]
        od
[ 7:]   while [ 8:] ( true ) do
[ 9:]
        od
[10:]
      else
[11:]   $2{x} := $3{y} - 1
[12:]
      endif
[13:]

Property: $2{x} <= $3{y} && $2{x} >= $3{y}

[ -1:]:
-$2{x}+$3{y} >= 1 ? bottom
-$2{x}+$3{y} == 0 ? 0.
$2{x}-$3{y} >= 1 ? bottom

[ 2:]:
-$2{x}+$3{y} >= 1 ? bottom
-$2{x}+$3{y} == 0 ? 0.
$2{x}-$3{y} >= 1 ? bottom

[ 3:]:
-$2{x}+$3{y} >= 1 ? bottom
-$2{x}+$3{y} == 0 ? 0.
$2{x}-$3{y} >= 1 ? bottom

[ 4:]:
-$2{x}+$3{y} >= 1 ? bottom
-$2{x}+$3{y} == 0 ? 0.
$2{x}-$3{y} >= 1 ? bottom

[ 5:]:
-$2{x}+$3{y} >= 1 ? bottom
-$2{x}+$3{y} == 0 ? 0.
$2{x}-$3{y} >= 1 ? bottom

[ 6:]:
-$2{x}+$3{y} >= 1 ? bottom
-$2{x}+$3{y} == 0 ? 0.
$2{x}-$3{y} >= 1 ? bottom

[ 7:]:
-$2{x}+$3{y} >= 1 ? bottom
-$2{x}+$3{y} == 0 ? 0.
$2{x}-$3{y} >= 1 ? bottom

[ 8:]:
-$2{x}+$3{y} >= 1 ? bottom
-$2{x}+$3{y} == 0 ? 0.
$2{x}-$3{y} >= 1 ? bottom

[ 9:]:
-$2{x}+$3{y} >= 1 ? bottom
-$2{x}+$3{y} == 0 ? 0.
$2{x}-$3{y} >= 1 ? bottom

[10:]:
-$2{x}+$3{y} >= 1 ? bottom
-$2{x}+$3{y} == 0 ? 0.
$2{x}-$3{y} >= 1 ? bottom

[11:]:
-$2{x}+$3{y} >= 1 ? bottom
-$2{x}+$3{y} == 0 ? 0.
$2{x}-$3{y} >= 1 ? bottom

[12:]:
-$2{x}+$3{y} >= 1 ? bottom
-$2{x}+$3{y} == 0 ? 0.
$2{x}-$3{y} >= 1 ? bottom

[13:]:
-$2{x}+$3{y} >= 1 ? bottom
-$2{x}+$3{y} == 0 ? 0.
$2{x}-$3{y} >= 1 ? bottom

Property: AG{$2{x} <= $3{y} && $2{x} >= $3{y}}

[ -1:]:
top ? bottom

[ 2:]:
top ? bottom

[ 3:]:
-$2{x}+$3{y} >= 1 ? bottom
-$2{x}+$3{y} == 0 ? 0.
$2{x}-$3{y} >= 1 ? bottom

[ 4:]:
-$2{x}+$3{y} >= 1 ? bottom
-$2{x}+$3{y} == 0 ? 0.
$2{x}-$3{y} >= 1 ? bottom

[ 5:]:
top ? bottom

[ 6:]:
-$2{x}+$3{y} >= 1 ? bottom
-$2{x}+$3{y} == 0 ? 0.
$2{x}-$3{y} >= 1 ? bottom

[ 7:]:
-$2{x}+$3{y} >= 1 ? bottom
-$2{x}+$3{y} == 0 ? 0.
$2{x}-$3{y} >= 1 ? bottom

[ 8:]:
-$2{x}+$3{y} >= 1 ? bottom
-$2{x}+$3{y} == 0 ? 0.
$2{x}-$3{y} >= 1 ? bottom

[ 9:]:
-$2{x}+$3{y} >= 1 ? bottom
-$2{x}+$3{y} == 0 ? 0.
$2{x}-$3{y} >= 1 ? bottom

[10:]:
top ? bottom

[11:]:
top ? bottom

[12:]:
top ? bottom

[13:]:
top ? bottom

Property: EF{AG{$2{x} <= $3{y} && $2{x} >= $3{y}}}

[ -1:]:
top ? bottom

[ 2:]:
-$2{x}+$3{y} >= 1 ? bottom
$2{x}-$3{y} >= 0 ? 2$2{x}-2$3{y}+1

[ 3:]:
-$2{x}+$3{y} >= 1 ? bottom
$2{x}-$3{y} >= 0 ? 2$2{x}-2$3{y}+0

[ 4:]:
-$2{x}+$3{y} >= 1 ? bottom
$2{x}-$3{y} >= 0 ? 2$2{x}-2$3{y}+0

[ 5:]:
-$2{x}+$3{y} >= 0 ? bottom
$2{x}-$3{y} >= 1 ? 2$2{x}-2$3{y}-1

[ 6:]:
-$2{x}+$3{y} >= 1 ? bottom
$2{x}-$3{y} >= 0 ? 2$2{x}-2$3{y}+0

[ 7:]:
-$2{x}+$3{y} >= 1 ? bottom
-$2{x}+$3{y} == 0 ? 0.
$2{x}-$3{y} >= 1 ? bottom

[ 8:]:
-$2{x}+$3{y} >= 1 ? bottom
-$2{x}+$3{y} == 0 ? 0.
$2{x}-$3{y} >= 1 ? bottom

[ 9:]:
-$2{x}+$3{y} >= 1 ? bottom
-$2{x}+$3{y} == 0 ? 0.
$2{x}-$3{y} >= 1 ? bottom

[10:]:
top ? bottom

[11:]:
top ? bottom

[12:]:
top ? bottom

[13:]:
top ? bottom


Analysis Result: TRUE
