
Abstract Syntax:
[ 1:]
int main( ):
[ 2:] if ( ? ) then
[ 3:]   while [ 4:] ( $2{x} > $3{y} ) do
[ 5:]     $2{x} := $2{x} - 1
[ 6:]
        od
[ 7:]   while [ 8:] ( true ) do
[ 9:]
        od
[10:]
      else
[11:]   $2{x} := $3{y} - 1
[12:]
      endif
[13:]

Property: $2{x} <= $3{y} && $2{x} >= $3{y}

[ -1:]:
-$2{x}+$3{y} >= 1 ? bottom
-$2{x}+$3{y} == 0 ? 0.
$2{x}-$3{y} >= 1 ? bottom

[ 2:]:
-$2{x}+$3{y} >= 1 ? bottom
-$2{x}+$3{y} == 0 ? 0.
$2{x}-$3{y} >= 1 ? bottom

[ 3:]:
-$2{x}+$3{y} >= 1 ? bottom
-$2{x}+$3{y} == 0 ? 0.
$2{x}-$3{y} >= 1 ? bottom

[ 4:]:
-$2{x}+$3{y} >= 1 ? bottom
-$2{x}+$3{y} == 0 ? 0.
$2{x}-$3{y} >= 1 ? bottom

[ 5:]:
-$2{x}+$3{y} >= 1 ? bottom
-$2{x}+$3{y} == 0 ? 0.
$2{x}-$3{y} >= 1 ? bottom

[ 6:]:
-$2{x}+$3{y} >= 1 ? bottom
-$2{x}+$3{y} == 0 ? 0.
$2{x}-$3{y} >= 1 ? bottom

[ 7:]:
-$2{x}+$3{y} >= 1 ? bottom
-$2{x}+$3{y} == 0 ? 0.
$2{x}-$3{y} >= 1 ? bottom

[ 8:]:
-$2{x}+$3{y} >= 1 ? bottom
-$2{x}+$3{y} == 0 ? 0.
$2{x}-$3{y} >= 1 ? bottom

[ 9:]:
-$2{x}+$3{y} >= 1 ? bottom
-$2{x}+$3{y} == 0 ? 0.
$2{x}-$3{y} >= 1 ? bottom

[10:]:
-$2{x}+$3{y} >= 1 ? bottom
-$2{x}+$3{y} == 0 ? 0.
$2{x}-$3{y} >= 1 ? bottom

[11:]:
-$2{x}+$3{y} >= 1 ? bottom
-$2{x}+$3{y} == 0 ? 0.
$2{x}-$3{y} >= 1 ? bottom

[12:]:
-$2{x}+$3{y} >= 1 ? bottom
-$2{x}+$3{y} == 0 ? 0.
$2{x}-$3{y} >= 1 ? bottom

[13:]:
-$2{x}+$3{y} >= 1 ? bottom
-$2{x}+$3{y} == 0 ? 0.
$2{x}-$3{y} >= 1 ? bottom

Property: $2{x} >= $3{y}

[ -1:]:
-$2{x}+$3{y} >= 1 ? bottom
$2{x}-$3{y} >= 0 ? 0.

[ 2:]:
-$2{x}+$3{y} >= 1 ? bottom
$2{x}-$3{y} >= 0 ? 0.

[ 3:]:
-$2{x}+$3{y} >= 1 ? bottom
$2{x}-$3{y} >= 0 ? 0.

[ 4:]:
-$2{x}+$3{y} >= 1 ? bottom
$2{x}-$3{y} >= 0 ? 0.

[ 5:]:
-$2{x}+$3{y} >= 1 ? bottom
$2{x}-$3{y} >= 0 ? 0.

[ 6:]:
-$2{x}+$3{y} >= 1 ? bottom
$2{x}-$3{y} >= 0 ? 0.

[ 7:]:
-$2{x}+$3{y} >= 1 ? bottom
$2{x}-$3{y} >= 0 ? 0.

[ 8:]:
-$2{x}+$3{y} >= 1 ? bottom
$2{x}-$3{y} >= 0 ? 0.

[ 9:]:
-$2{x}+$3{y} >= 1 ? bottom
$2{x}-$3{y} >= 0 ? 0.

[10:]:
-$2{x}+$3{y} >= 1 ? bottom
$2{x}-$3{y} >= 0 ? 0.

[11:]:
-$2{x}+$3{y} >= 1 ? bottom
$2{x}-$3{y} >= 0 ? 0.

[12:]:
-$2{x}+$3{y} >= 1 ? bottom
$2{x}-$3{y} >= 0 ? 0.

[13:]:
-$2{x}+$3{y} >= 1 ? bottom
$2{x}-$3{y} >= 0 ? 0.

Property: EU{$2{x} >= $3{y}}{$2{x} <= $3{y} && $2{x} >= $3{y}}

[ -1:]:
-$2{x}+$3{y} >= 1 ? bottom
-$2{x}+$3{y} == 0 ? 0.
$2{x}-$3{y} >= 1 ? bottom

[ 2:]:
-$2{x}+$3{y} >= 1 ? bottom
-$2{x}+$3{y} == 0 ? 0.
$2{x}-$3{y} >= 1 ? 2$2{x}-2$3{y}+1

[ 3:]:
-$2{x}+$3{y} >= 1 ? bottom
$2{x}-$3{y} >= 0 ? 2$2{x}-2$3{y}+0

[ 4:]:
-$2{x}+$3{y} >= 1 ? bottom
$2{x}-$3{y} >= 0 ? 2$2{x}-2$3{y}+0

[ 5:]:
-$2{x}+$3{y} >= 1 ? bottom
-$2{x}+$3{y} == 0 ? 0.
$2{x}-$3{y} >= 1 ? 2$2{x}-2$3{y}-1

[ 6:]:
-$2{x}+$3{y} >= 1 ? bottom
$2{x}-$3{y} >= 0 ? 2$2{x}-2$3{y}+0

[ 7:]:
-$2{x}+$3{y} >= 1 ? bottom
-$2{x}+$3{y} == 0 ? 0.
$2{x}-$3{y} >= 1 ? bottom

[ 8:]:
-$2{x}+$3{y} >= 1 ? bottom
-$2{x}+$3{y} == 0 ? 0.
$2{x}-$3{y} >= 1 ? bottom

[ 9:]:
-$2{x}+$3{y} >= 1 ? bottom
-$2{x}+$3{y} == 0 ? 0.
$2{x}-$3{y} >= 1 ? bottom

[10:]:
-$2{x}+$3{y} >= 1 ? bottom
-$2{x}+$3{y} == 0 ? 0.
$2{x}-$3{y} >= 1 ? bottom

[11:]:
-$2{x}+$3{y} >= 1 ? bottom
-$2{x}+$3{y} == 0 ? 0.
$2{x}-$3{y} >= 1 ? bottom

[12:]:
-$2{x}+$3{y} >= 1 ? bottom
-$2{x}+$3{y} == 0 ? 0.
$2{x}-$3{y} >= 1 ? bottom

[13:]:
-$2{x}+$3{y} >= 1 ? bottom
-$2{x}+$3{y} == 0 ? 0.
$2{x}-$3{y} >= 1 ? bottom


Analysis Result: TRUE
