
CFG:
List of variables:
  $1{x}:int at tests/vmcai2004b.c:11.6-7

List of functions:
  1: main() -> void at tests/vmcai2004b.c:10.0-14.1, entry: 8, exit: 7, calls:

List of nodes:
  8: at :0:-1, in: out:1 
  7: at :0:-1, in: 2 out:
  1: at tests/vmcai2004b.c:10:0, in: 8 out:3 
  2: at tests/vmcai2004b.c:14:1, in: 3 out:7 
  3: at tests/vmcai2004b.c:11:8, in: 4 1 out:2 4 
  4: at tests/vmcai2004b.c:13:4, in: 3 out:3 
  5: at tests/vmcai2004b.c:10:0, in: out:6 
  6: at tests/vmcai2004b.c:14:1, in: 5 out:

List of arcs:
  8 -> 1: label entry
  2 -> 7: label exit
  1 -> 3: skip
  3 -> 4: $1{x} >= 0 ?
  3 -> 2: ! ($1{x} >= 0) ?
  4 -> 3: $1{x} = - (2 * $1{x}) + 9
  5 -> 6: skip


Property: exit: true

[1:]:
top ? bottom

[2:]:
top ? bottom

[3:]:
top ? bottom

[4:]:
top ? bottom

[5:]:
top ? bottom

[6:]:
top ? bottom

[7:]:
top ? 0.

[8:]:
top ? bottom

Property: AF{exit: true}

[1:]:
-$1{x} >= 1 ? 1
$1{x} >= 0 && -$1{x} >= -2 ? 5
$1{x} >= 3 && -$1{x} >= -4 ? top
$1{x} >= 5 ? 3

[2:]:
top ? 0.

[3:]:
-$1{x} >= 1 ? 1.
$1{x} >= 0 && -$1{x} >= -2 ? 5
$1{x} == 3 ? top
$1{x} == 4 ? 7
$1{x} >= 5 ? 3

[4:]:
-$1{x} >= -2 ? 4
$1{x} == 3 ? top
$1{x} == 4 ? 6
$1{x} >= 5 ? 2

[5:]:
top ? bottom

[6:]:
top ? bottom

[7:]:
top ? 0.

[8:]:
-$1{x} >= 1 ? 1
$1{x} >= 0 && -$1{x} >= -2 ? 5
$1{x} >= 3 && -$1{x} >= -4 ? top
$1{x} >= 5 ? 3


Analysis Result: TRUE
