
CFG:
List of variables:
  $1{__return_main}:int at tests/widening3.c:11.0-17.1
  $2{x}:int at tests/widening3.c:12.6-7
  $3{y}:int at tests/widening3.c:12.9-10

List of functions:
  1: main() -> $1{__return_main}:int at tests/widening3.c:11.0-17.1, entry: 9, exit: 8, calls:

List of nodes:
  9: at :0:-1, in: out:1 
  8: at :0:-1, in: 2 out:
  1: at tests/widening3.c:11:0, in: 9 out:3 
  2: at tests/widening3.c:17:1, in: 4 out:8 
  3: at tests/widening3.c:12:11, in: 5 1 out:4 5 
  4: at tests/widening3.c:15:3, in: 3 out:2 
  5: at tests/widening3.c:13:16, in: 3 out:3 
  6: at tests/widening3.c:11:0, in: out:7 
  7: at tests/widening3.c:17:1, in: 6 out:

List of arcs:
  9 -> 1: label entry
  2 -> 8: label exit
  1 -> 3: skip
  3 -> 5: $2{x} > 0 ?
  3 -> 4: ! ($2{x} > 0) ?
  5 -> 3: $2{x} = $2{x} - $3{y}
  4 -> 2: $1{__return_main} = 0
  6 -> 7: skip


Property: exit: true

[1:]:
top ? bottom

[2:]:
top ? bottom

[3:]:
top ? bottom

[4:]:
top ? bottom

[5:]:
top ? bottom

[6:]:
top ? bottom

[7:]:
top ? bottom

[8:]:
top ? 0.

[9:]:
top ? bottom

Property: AF{exit: true}

[1:]:
-$2{x}+2$3{y} >= 0 && -$2{x} >= 0 ? 2
$2{x} >= 1 && -$2{x}+$3{y} >= 0 ? 4
$2{x}-$3{y} >= 1 && -$2{x}+2$3{y} >= 0 ? 6
$2{x}-2$3{y} >= 1 && -$2{x}+$3{y} >= 0 ? 2
$2{x}-$3{y} >= 1 && -$2{x} >= 0 ? 2
$2{x} >= 1 && $2{x}-2$3{y} >= 1 ? top

[2:]:
top ? 0.

[3:]:
-$2{x}+3$3{y} >= 0 && -$2{x} >= 0 ? 2
$2{x} >= 1 && -$2{x}+$3{y} >= 0 ? 4
$2{x}-$3{y} >= 1 && -$2{x}+2$3{y} >= 0 ? 6
$2{x}-2$3{y} >= 1 && -$2{x}+3$3{y} >= 0 ? 8
$2{x}-3$3{y} >= 1 && -$2{x}+2$3{y} >= 0 ? 2
$2{x}-2$3{y} >= 1 && -$2{x}+$3{y} >= 0 ? 2
$2{x}-$3{y} >= 1 && -$2{x} >= 0 ? 2
$2{x} >= 1 && $2{x}-3$3{y} >= 1 ? top

[4:]:
top ? 1

[5:]:
-$2{x}+3$3{y} >= 0 && -$2{x}+$3{y} >= 0 ? 3
$2{x}-$3{y} >= 1 && -$2{x}+2$3{y} >= 0 ? 5
$2{x}-2$3{y} >= 1 && -$2{x}+3$3{y} >= 0 ? 7
$2{x}-3$3{y} >= 1 && -$2{x}+2$3{y} >= 0 ? 3
$2{x}-2$3{y} >= 1 && -$2{x}+$3{y} >= 0 ? 3
$2{x}-$3{y} >= 1 && $2{x}-3$3{y} >= 1 ? top

[6:]:
top ? bottom

[7:]:
top ? bottom

[8:]:
top ? 0.

[9:]:
-$2{x}+2$3{y} >= 0 && -$2{x} >= 0 ? 2
$2{x} >= 1 && -$2{x}+$3{y} >= 0 ? 4
$2{x}-$3{y} >= 1 && -$2{x}+2$3{y} >= 0 ? 6
$2{x}-2$3{y} >= 1 && -$2{x}+$3{y} >= 0 ? 2
$2{x}-$3{y} >= 1 && -$2{x} >= 0 ? 2
$2{x} >= 1 && $2{x}-2$3{y} >= 1 ? top


Analysis Result: TRUE
