
Abstract Syntax:
[ 1:]
int main( ):
[ 2:] while [ 3:] ( $2{x} > 0 ) do
[ 4:]   $2{x} := $2{x} - $3{y}
[ 5:]
      od
[ 6:] $1{$1} := 0
[ 7:] return
[ 8:]

Property: exit: true

[ -2:]:
top ? 0.

[ -1:]:
top ? 0.

[ 2:]:
top ? bottom

[ 3:]:
top ? bottom

[ 4:]:
top ? bottom

[ 5:]:
top ? bottom

[ 6:]:
top ? bottom

[ 7:]:
top ? bottom

[ 8:]:
top ? bottom

Property: AF{exit: true}

[ -2:]:
top ? 0.

[ -1:]:
top ? 0.

[ 2:]:
-$2{x}+$3{y} >= 0 && -$2{x} >= 0 ? 2
$2{x} >= 1 && -$2{x}+$3{y} >= 0 ? 4
$2{x}-$3{y} >= 1 && -$2{x} >= 0 ? 2
$2{x} >= 1 && $2{x}-$3{y} >= 1 ? top

[ 3:]:
-$2{x}+$3{y} >= 0 && -$2{x} >= 0 ? 2
$2{x} >= 1 && -$2{x}+$3{y} >= 0 ? 4
$2{x}-$3{y} >= 1 && -$2{x} >= 0 ? 2
$2{x} >= 1 && $2{x}-$3{y} >= 1 ? top

[ 4:]:
-$2{x}+2$3{y} >= 0 && -$2{x}+$3{y} >= 0 ? 3
$2{x}-$3{y} >= 1 && -$2{x}+2$3{y} >= 0 ? 5
$2{x}-2$3{y} >= 1 && -$2{x}+$3{y} >= 0 ? 3
$2{x}-$3{y} >= 1 && $2{x}-2$3{y} >= 1 ? top

[ 5:]:
-$2{x}+$3{y} >= 0 && -$2{x} >= 0 ? 2
$2{x} >= 1 && -$2{x}+$3{y} >= 0 ? 4
$2{x}-$3{y} >= 1 && -$2{x} >= 0 ? 2
$2{x} >= 1 && $2{x}-$3{y} >= 1 ? top

[ 6:]:
top ? 1

[ 7:]:
top ? bottom

[ 8:]:
top ? bottom


Analysis Result: TRUE
