
CFG:
List of variables:
  $1{WItemsNum}:int at tests/ctl/koskinen/win4.c:14.8-17

List of functions:
  1: main() -> void at tests/ctl/koskinen/win4.c:13.0-30.1, entry: 15, exit: 14, calls:

List of nodes:
  15: at :0:-1, in: out:1 
  14: at :0:-1, in: 2 out:
  1: at tests/ctl/koskinen/win4.c:13:0, in: 15 out:3 
  2: at tests/ctl/koskinen/win4.c:30:1, in: 4 out:14 
  3: at tests/ctl/koskinen/win4.c:14:18, in: 6 1 out:4 5 
  4: at tests/ctl/koskinen/win4.c:27:5, in: 11 3 out:2 11 
  5: at tests/ctl/koskinen/win4.c:16:16, in: 8 9 3 out:6 7 
  6: at tests/ctl/koskinen/win4.c:23:9, in: 10 5 out:3 10 
  7: at tests/ctl/koskinen/win4.c:17:40, in: 5 out:8 9 
  8: at tests/ctl/koskinen/win4.c:20:22, in: 7 out:5 
  9: at tests/ctl/koskinen/win4.c:18:35, in: 7 out:5 
  10: at tests/ctl/koskinen/win4.c:24:29, in: 6 out:6 
  11: at tests/ctl/koskinen/win4.c:29:16, in: 4 out:4 
  12: at tests/ctl/koskinen/win4.c:13:0, in: out:13 
  13: at tests/ctl/koskinen/win4.c:30:1, in: 12 out:

List of arcs:
  15 -> 1: label entry
  2 -> 14: label exit
  1 -> 3: skip
  3 -> 5: true ?
  3 -> 4: ! (true) ?
  5 -> 7: $1{WItemsNum} <= 5 || ? == 1 ?
  5 -> 6: ! ($1{WItemsNum} <= 5 || ? == 1) ?
  7 -> 9: $1{WItemsNum} <= 5 ?
  7 -> 8: ! ($1{WItemsNum} <= 5) ?
  9 -> 5: $1{WItemsNum} = $1{WItemsNum} + 1
  8 -> 5: $1{WItemsNum} = $1{WItemsNum} + 1
  6 -> 10: $1{WItemsNum} > 2 ?
  6 -> 3: ! ($1{WItemsNum} > 2) ?
  10 -> 6: $1{WItemsNum} = $1{WItemsNum} + -1
  4 -> 11: true ?
  4 -> 2: ! (true) ?
  11 -> 4: skip
  12 -> 13: skip


Property: $1{WItemsNum} >= 1

[1:]:
-$1{WItemsNum} >= 0 ? bottom
$1{WItemsNum} >= 1 ? 0.

[2:]:
-$1{WItemsNum} >= 0 ? bottom
$1{WItemsNum} >= 1 ? 0.

[3:]:
-$1{WItemsNum} >= 0 ? bottom
$1{WItemsNum} >= 1 ? 0.

[4:]:
-$1{WItemsNum} >= 0 ? bottom
$1{WItemsNum} >= 1 ? 0.

[5:]:
-$1{WItemsNum} >= 0 ? bottom
$1{WItemsNum} >= 1 ? 0.

[6:]:
-$1{WItemsNum} >= 0 ? bottom
$1{WItemsNum} >= 1 ? 0.

[7:]:
-$1{WItemsNum} >= 0 ? bottom
$1{WItemsNum} >= 1 ? 0.

[8:]:
-$1{WItemsNum} >= 0 ? bottom
$1{WItemsNum} >= 1 ? 0.

[9:]:
-$1{WItemsNum} >= 0 ? bottom
$1{WItemsNum} >= 1 ? 0.

[10:]:
-$1{WItemsNum} >= 0 ? bottom
$1{WItemsNum} >= 1 ? 0.

[11:]:
-$1{WItemsNum} >= 0 ? bottom
$1{WItemsNum} >= 1 ? 0.

[12:]:
-$1{WItemsNum} >= 0 ? bottom
$1{WItemsNum} >= 1 ? 0.

[13:]:
-$1{WItemsNum} >= 0 ? bottom
$1{WItemsNum} >= 1 ? 0.

[14:]:
-$1{WItemsNum} >= 0 ? bottom
$1{WItemsNum} >= 1 ? 0.

[15:]:
-$1{WItemsNum} >= 0 ? bottom
$1{WItemsNum} >= 1 ? 0.

Property: AG{$1{WItemsNum} >= 1}

[1:]:
-$1{WItemsNum} >= 0 ? bottom
$1{WItemsNum} >= 1 ? 0.

[2:]:
top ? bottom

[3:]:
-$1{WItemsNum} >= 0 ? bottom
$1{WItemsNum} >= 1 ? 0.

[4:]:
-$1{WItemsNum} >= 0 ? bottom
$1{WItemsNum} >= 1 ? 0.

[5:]:
-$1{WItemsNum} >= 0 ? bottom
$1{WItemsNum} >= 1 ? 0.

[6:]:
-$1{WItemsNum} >= 0 ? bottom
$1{WItemsNum} >= 1 ? 0.

[7:]:
-$1{WItemsNum} >= 0 ? bottom
$1{WItemsNum} >= 1 ? 0.

[8:]:
-$1{WItemsNum} >= 0 ? bottom
$1{WItemsNum} >= 1 ? 0.

[9:]:
-$1{WItemsNum} >= 0 ? bottom
$1{WItemsNum} >= 1 ? 0.

[10:]:
-$1{WItemsNum} >= 0 ? bottom
$1{WItemsNum} >= 1 ? 0.

[11:]:
-$1{WItemsNum} >= 0 ? bottom
$1{WItemsNum} >= 1 ? 0.

[12:]:
-$1{WItemsNum} >= 0 ? bottom
$1{WItemsNum} >= 1 ? 0.

[13:]:
-$1{WItemsNum} >= 0 ? bottom
$1{WItemsNum} >= 1 ? 0.

[14:]:
top ? bottom

[15:]:
-$1{WItemsNum} >= 0 ? bottom
$1{WItemsNum} >= 1 ? 0.

Property: AF{AG{$1{WItemsNum} >= 1}}

[1:]:
top ? bottom

[2:]:
top ? bottom

[3:]:
top ? bottom

[4:]:
-$1{WItemsNum} >= 0 ? bottom
$1{WItemsNum} >= 1 ? 0.

[5:]:
top ? bottom

[6:]:
top ? bottom

[7:]:
top ? bottom

[8:]:
top ? bottom

[9:]:
top ? bottom

[10:]:
top ? bottom

[11:]:
-$1{WItemsNum} >= 0 ? bottom
$1{WItemsNum} >= 1 ? 0.

[12:]:
top ? bottom

[13:]:
top ? bottom

[14:]:
top ? bottom

[15:]:
top ? bottom


Analysis Result: UNKNOWN
