
CFG:
List of variables:
  $1{x}:int at tests/termination/cacm2009a.c:11.6-7
  $2{y}:int at tests/termination/cacm2009a.c:11.9-10

List of functions:
  1: main() -> void at tests/termination/cacm2009a.c:10.0-18.1, entry: 11, exit: 10, calls:

List of nodes:
  11: at :0:-1, in: out:1 
  10: at :0:-1, in: 2 out:
  1: at tests/termination/cacm2009a.c:10:0, in: 11 out:3 
  2: at tests/termination/cacm2009a.c:18:1, in: 3 out:10 
  3: at tests/termination/cacm2009a.c:11:11, in: 5 7 1 out:2 4 
  4: at tests/termination/cacm2009a.c:13:4, in: 3 out:5 6 
  5: at tests/termination/cacm2009a.c:17:6, in: 4 out:3 
  6: at tests/termination/cacm2009a.c:13:11, in: 4 out:7 
  7: at tests/termination/cacm2009a.c:14:16, in: 6 out:3 
  8: at tests/termination/cacm2009a.c:10:0, in: out:9 
  9: at tests/termination/cacm2009a.c:18:1, in: 8 out:

List of arcs:
  11 -> 1: label entry
  2 -> 10: label exit
  1 -> 3: skip
  3 -> 4: $1{x} > 0 && $2{y} > 0 ?
  3 -> 2: ! ($1{x} > 0 && $2{y} > 0) ?
  4 -> 6: brand ?
  4 -> 5: ! (brand) ?
  6 -> 7: $1{x} = $1{x} - 1
  7 -> 3: $2{y} = $2{y} + 1
  5 -> 3: $2{y} = $2{y} - 1
  8 -> 9: skip


Property: exit: true

[1:]:
top ? bottom

[2:]:
top ? bottom

[3:]:
top ? bottom

[4:]:
top ? bottom

[5:]:
top ? bottom

[6:]:
top ? bottom

[7:]:
top ? bottom

[8:]:
top ? bottom

[9:]:
top ? bottom

[10:]:
top ? 0.

[11:]:
top ? bottom

Property: AF{exit: true}

[1:]:
-$2{y} >= 0 ? 1
$2{y} >= 1 && -$1{x} >= 0 ? 1
$2{y} >= 1 && $1{x} >= 1 ? 7$1{x}+3$2{y}-5

[2:]:
top ? 0.

[3:]:
-$2{y} >= 0 ? 1
$2{y} >= 1 && -$1{x} >= 0 ? 1.
$2{y} >= 1 && $1{x} >= 1 ? 7$1{x}+3$2{y}-5

[4:]:
-$2{y} >= 1 ? 4
$2{y} == 0 && -$1{x} >= -1 ? 4
$2{y} == 0 && $1{x} >= 2 ? 7$1{x}-6
$2{y} == 1 && -$1{x} >= -1 ? 4
$2{y} == 1 && $1{x} >= 2 ? 7$1{x}-3
$2{y} >= 2 && -$1{x} >= 0 ? 4
$2{y} >= 2 && $1{x} >= 1 ? 7$1{x}+3$2{y}-6

[5:]:
-$2{y} >= -1 ? 2
$2{y} >= 2 && -$1{x} >= 0 ? 2
$2{y} >= 2 && $1{x} >= 1 ? 7$1{x}+3$2{y}-7

[6:]:
-$2{y} >= 1 ? 3
$2{y} >= 0 && -$1{x} >= -1 ? 3
$2{y} >= 0 && $1{x} >= 2 ? 7$1{x}+3$2{y}-7

[7:]:
-$2{y} >= 1 ? 2
$2{y} >= 0 && -$1{x} >= 0 ? 2
$2{y} >= 0 && $1{x} >= 1 ? 7$1{x}+3$2{y}-1

[8:]:
top ? bottom

[9:]:
top ? bottom

[10:]:
top ? 0.

[11:]:
-$2{y} >= 0 ? 1
$2{y} >= 1 && -$1{x} >= 0 ? 1
$2{y} >= 1 && $1{x} >= 1 ? 7$1{x}+3$2{y}-5


Analysis Result: TRUE
