
Abstract Syntax:
[ 1:]
void main( ):
[ 2:] while [ 3:] ( $1{x} > 0 && $2{y} > 0 ) do
[ 4:]   if ( ? ) then
[ 5:]     $1{x} := $1{x} - 1
[ 6:]     $2{y} := $2{y} + 1
[ 7:]
        else
[ 8:]     $2{y} := $2{y} - 1
[ 9:]
        endif
[10:]
      od
[11:]

Forward Analysis:
[ 1:]: top
[ 2:]: top
[ 3:]: top
[ 4:]: $2{y} >= 1 && $1{x} >= 1
[ 5:]: $2{y} >= 1 && $1{x} >= 1
[ 6:]: $2{y} >= 1 && $1{x} >= 0
[ 7:]: $2{y} >= 2 && $1{x} >= 0
[ 8:]: $2{y} >= 1 && $1{x} >= 1
[ 9:]: $2{y} >= 0 && $1{x} >= 1
[10:]: $2{y} >= 0 && $1{x} >= 0
[11:]: top

Backward Analysis:
[ 1:]: -$2{y} >= 1 && -$1{x} >= 0 ? 1
-$2{y} >= 1 && $1{x} == 1 ? 1
-$2{y} >= 1 && $1{x} >= 2 ? 1
$2{y} == 0 && -$1{x} >= 0 ? 1
$2{y} == 0 && $1{x} == 1 ? 1
$2{y} == 0 && $1{x} >= 2 ? 1
$2{y} == 1 && -$1{x} >= 0 ? 1
$2{y} == 1 && $1{x} == 1 ? 5
$2{y} == 1 && $1{x} >= 2 ? 7$1{x}-2
$2{y} >= 2 && -$1{x} >= 0 ? 1
$2{y} >= 2 && $1{x} == 1 ? 3$2{y}+2
$2{y} >= 2 && $1{x} >= 2 ? 7$1{x}+3$2{y}-5

[ 2:]: -$2{y} >= 1 && -$1{x} >= 0 ? 1
-$2{y} >= 1 && $1{x} == 1 ? 1
-$2{y} >= 1 && $1{x} >= 2 ? 1
$2{y} == 0 && -$1{x} >= 0 ? 1
$2{y} == 0 && $1{x} == 1 ? 1
$2{y} == 0 && $1{x} >= 2 ? 1
$2{y} == 1 && -$1{x} >= 0 ? 1
$2{y} == 1 && $1{x} == 1 ? 5
$2{y} == 1 && $1{x} >= 2 ? 7$1{x}-2
$2{y} >= 2 && -$1{x} >= 0 ? 1
$2{y} >= 2 && $1{x} == 1 ? 3$2{y}+2
$2{y} >= 2 && $1{x} >= 2 ? 7$1{x}+3$2{y}-5

[ 3:]: -$2{y} >= 1 && -$1{x} >= 0 ? 1
-$2{y} >= 1 && $1{x} == 1 ? 1
-$2{y} >= 1 && $1{x} >= 2 ? 1
$2{y} == 0 && -$1{x} >= 0 ? 1
$2{y} == 0 && $1{x} == 1 ? 1
$2{y} == 0 && $1{x} >= 2 ? 1
$2{y} == 1 && -$1{x} >= 0 ? 1
$2{y} == 1 && $1{x} == 1 ? 5
$2{y} == 1 && $1{x} >= 2 ? 7$1{x}-2
$2{y} >= 2 && -$1{x} >= 0 ? 1
$2{y} >= 2 && $1{x} == 1 ? 3$2{y}+2
$2{y} >= 2 && $1{x} >= 2 ? 7$1{x}+3$2{y}-5

[ 4:]: -$2{y} >= 2 && -$1{x} >= 0 ? 4
-$2{y} >= 2 && $1{x} == 1 ? 4
-$2{y} >= 2 && $1{x} == 2 ? 4
-$2{y} >= 2 && $1{x} >= 3 ? 4
$2{y} == -1 && -$1{x} >= 0 ? 4
$2{y} == -1 && $1{x} == 1 ? 4
$2{y} == -1 && $1{x} == 2 ? 4
$2{y} == -1 && $1{x} >= 3 ? 4
$2{y} == 0 && -$1{x} >= 0 ? 4
$2{y} == 0 && $1{x} == 1 ? 4
$2{y} == 0 && $1{x} == 2 ? 8
$2{y} == 0 && $1{x} >= 3 ? 7$1{x}-6
$2{y} == 1 && -$1{x} >= 0 ? 4
$2{y} == 1 && $1{x} == 1 ? 4
$2{y} == 1 && $1{x} == 2 ? 11
$2{y} == 1 && $1{x} >= 3 ? 7$1{x}-3
$2{y} == 2 && -$1{x} >= 0 ? 4
$2{y} == 2 && $1{x} == 1 ? 7
$2{y} == 2 && $1{x} == 2 ? 14
$2{y} == 2 && $1{x} >= 3 ? 7$1{x}+0
$2{y} >= 3 && -$1{x} >= 0 ? 4
$2{y} >= 3 && $1{x} == 1 ? 3$2{y}+1
$2{y} >= 3 && $1{x} == 2 ? 3$2{y}+8
$2{y} >= 3 && $1{x} >= 3 ? 7$1{x}+3$2{y}-6

[ 5:]: -$2{y} >= 2 && -$1{x} >= -1 ? 3
-$2{y} >= 2 && $1{x} == 2 ? 3
-$2{y} >= 2 && $1{x} >= 3 ? 3
$2{y} == -1 && -$1{x} >= -1 ? 3
$2{y} == -1 && $1{x} == 2 ? 3
$2{y} == -1 && $1{x} >= 3 ? 3
$2{y} == 0 && -$1{x} >= -1 ? 3
$2{y} == 0 && $1{x} == 2 ? 7
$2{y} == 0 && $1{x} >= 3 ? 7$1{x}-7
$2{y} >= 1 && -$1{x} >= -1 ? 3
$2{y} >= 1 && $1{x} == 2 ? 3$2{y}+7
$2{y} >= 1 && $1{x} >= 3 ? 7$1{x}+3$2{y}-7

[ 6:]: -$2{y} >= 2 && -$1{x} >= 0 ? 2
-$2{y} >= 2 && $1{x} == 1 ? 2
-$2{y} >= 2 && $1{x} >= 2 ? 2
$2{y} == -1 && -$1{x} >= 0 ? 2
$2{y} == -1 && $1{x} == 1 ? 2
$2{y} == -1 && $1{x} >= 2 ? 2
$2{y} == 0 && -$1{x} >= 0 ? 2
$2{y} == 0 && $1{x} == 1 ? 6
$2{y} == 0 && $1{x} >= 2 ? 7$1{x}-1
$2{y} >= 1 && -$1{x} >= 0 ? 2
$2{y} >= 1 && $1{x} == 1 ? 3$2{y}+6
$2{y} >= 1 && $1{x} >= 2 ? 7$1{x}+3$2{y}-1

[ 7:]: -$2{y} >= 1 && -$1{x} >= 0 ? 1
-$2{y} >= 1 && $1{x} == 1 ? 1
-$2{y} >= 1 && $1{x} >= 2 ? 1
$2{y} == 0 && -$1{x} >= 0 ? 1
$2{y} == 0 && $1{x} == 1 ? 1
$2{y} == 0 && $1{x} >= 2 ? 1
$2{y} == 1 && -$1{x} >= 0 ? 1
$2{y} == 1 && $1{x} == 1 ? 5
$2{y} == 1 && $1{x} >= 2 ? 7$1{x}-2
$2{y} >= 2 && -$1{x} >= 0 ? 1
$2{y} >= 2 && $1{x} == 1 ? 3$2{y}+2
$2{y} >= 2 && $1{x} >= 2 ? 7$1{x}+3$2{y}-5

[ 8:]: -$2{y} >= 0 && -$1{x} >= 0 ? 2
-$2{y} >= 0 && $1{x} == 1 ? 2
-$2{y} >= 0 && $1{x} >= 2 ? 2
$2{y} == 1 && -$1{x} >= 0 ? 2
$2{y} == 1 && $1{x} == 1 ? 2
$2{y} == 1 && $1{x} >= 2 ? 2
$2{y} == 2 && -$1{x} >= 0 ? 2
$2{y} == 2 && $1{x} == 1 ? 6
$2{y} == 2 && $1{x} >= 2 ? 7$1{x}-1
$2{y} >= 3 && -$1{x} >= 0 ? 2
$2{y} >= 3 && $1{x} == 1 ? 3$2{y}+0
$2{y} >= 3 && $1{x} >= 2 ? 7$1{x}+3$2{y}-7

[ 9:]: -$2{y} >= 1 && -$1{x} >= 0 ? 1
-$2{y} >= 1 && $1{x} == 1 ? 1
-$2{y} >= 1 && $1{x} >= 2 ? 1
$2{y} == 0 && -$1{x} >= 0 ? 1
$2{y} == 0 && $1{x} == 1 ? 1
$2{y} == 0 && $1{x} >= 2 ? 1
$2{y} == 1 && -$1{x} >= 0 ? 1
$2{y} == 1 && $1{x} == 1 ? 5
$2{y} == 1 && $1{x} >= 2 ? 7$1{x}-2
$2{y} >= 2 && -$1{x} >= 0 ? 1
$2{y} >= 2 && $1{x} == 1 ? 3$2{y}+2
$2{y} >= 2 && $1{x} >= 2 ? 7$1{x}+3$2{y}-5

[10:]: -$2{y} >= 1 && -$1{x} >= 0 ? 1
-$2{y} >= 1 && $1{x} == 1 ? 1
-$2{y} >= 1 && $1{x} >= 2 ? 1
$2{y} == 0 && -$1{x} >= 0 ? 1
$2{y} == 0 && $1{x} == 1 ? 1
$2{y} == 0 && $1{x} >= 2 ? 1
$2{y} == 1 && -$1{x} >= 0 ? 1
$2{y} == 1 && $1{x} == 1 ? 5
$2{y} == 1 && $1{x} >= 2 ? 7$1{x}-2
$2{y} >= 2 && -$1{x} >= 0 ? 1
$2{y} >= 2 && $1{x} == 1 ? 3$2{y}+2
$2{y} >= 2 && $1{x} >= 2 ? 7$1{x}+3$2{y}-5

[11:]: top ? 0.

Analysis Result: TRUE

Done.
