
Abstract Syntax:
[ 1:]
void main( ):
[ 2:] while [ 3:] ( $1{x} >= 0 ) do
[ 4:]   if ( $2{y} <= 50 ) then
[ 5:]     $1{x} := $1{x} + 1
[ 6:]
        else
[ 7:]     $1{x} := $1{x} - 1
[ 8:]
        endif
[ 9:]   $2{y} := $2{y} + 1
[10:]
      od
[11:]

Forward Analysis:
[ 1:]: top
[ 2:]: top
[ 3:]: top
[ 4:]: $1{x} >= 0
[ 5:]: -$2{y} >= -50 && $1{x} >= 0
[ 6:]: -$2{y} >= -50 && $1{x} >= 1
[ 7:]: $2{y} >= 51 && $1{x} >= 0
[ 8:]: $2{y} >= 51 && $1{x} >= -1
[ 9:]: $1{x} >= -1
[10:]: $1{x} >= -1
[11:]: -$1{x} >= 1

Backward Analysis:
[ 1:]: -$2{y} >= -49 && -$1{x} >= 1 ? 1
-$2{y} >= -49 && $1{x} >= 0 ? 4$1{x}-8$2{y}+413
$2{y} == 50 && -$1{x} >= 1 ? 1
$2{y} == 50 && $1{x} >= 0 ? 4$1{x}+13
$2{y} >= 51 && -$1{x} >= 1 ? 1
$2{y} >= 51 && $1{x} == 0 ? 5
$2{y} >= 51 && $1{x} >= 1 ? 4$1{x}+5

[ 2:]: -$2{y} >= -49 && -$1{x} >= 1 ? 1
-$2{y} >= -49 && $1{x} >= 0 ? 4$1{x}-8$2{y}+413
$2{y} == 50 && -$1{x} >= 1 ? 1
$2{y} == 50 && $1{x} >= 0 ? 4$1{x}+13
$2{y} >= 51 && -$1{x} >= 1 ? 1
$2{y} >= 51 && $1{x} == 0 ? 5
$2{y} >= 51 && $1{x} >= 1 ? 4$1{x}+5

[ 3:]: -$2{y} >= -49 && -$1{x} >= 1 ? 1
-$2{y} >= -49 && $1{x} >= 0 ? 4$1{x}-8$2{y}+413
$2{y} == 50 && -$1{x} >= 1 ? 1
$2{y} == 50 && $1{x} >= 0 ? 4$1{x}+13
$2{y} >= 51 && -$1{x} >= 1 ? 1
$2{y} >= 51 && $1{x} == 0 ? 5
$2{y} >= 51 && $1{x} >= 1 ? 4$1{x}+5

[ 4:]: -$2{y} >= -48 && -$1{x} >= 2 ? 4
-$2{y} >= -48 && $1{x} >= -1 ? 4$1{x}-8$2{y}+412
$2{y} == 49 && -$1{x} >= 2 ? 4
$2{y} == 49 && $1{x} >= -1 ? 4$1{x}+20
$2{y} == 50 && -$1{x} >= 2 ? 4
$2{y} == 50 && $1{x} == -1 ? 8
$2{y} == 50 && $1{x} >= 0 ? 4$1{x}+12
$2{y} >= 51 && -$1{x} >= 0 ? 4
$2{y} >= 51 && $1{x} == 1 ? 8
$2{y} >= 51 && $1{x} >= 2 ? 4$1{x}+4

[ 5:]: -$2{y} >= -48 && -$1{x} >= 2 ? 3
-$2{y} >= -48 && $1{x} >= -1 ? 4$1{x}-8$2{y}+411
$2{y} == 49 && -$1{x} >= 2 ? 3
$2{y} == 49 && $1{x} >= -1 ? 4$1{x}+19
$2{y} >= 50 && -$1{x} >= 2 ? 3
$2{y} >= 50 && $1{x} == -1 ? 7
$2{y} >= 50 && $1{x} >= 0 ? 4$1{x}+11

[ 6:]: -$2{y} >= -48 && -$1{x} >= 1 ? 2
-$2{y} >= -48 && $1{x} >= 0 ? 4$1{x}-8$2{y}+406
$2{y} == 49 && -$1{x} >= 1 ? 2
$2{y} == 49 && $1{x} >= 0 ? 4$1{x}+14
$2{y} >= 50 && -$1{x} >= 1 ? 2
$2{y} >= 50 && $1{x} == 0 ? 6
$2{y} >= 50 && $1{x} >= 1 ? 4$1{x}+6

[ 7:]: -$2{y} >= -48 && -$1{x} >= 0 ? 3
-$2{y} >= -48 && $1{x} >= 1 ? 4$1{x}-8$2{y}+403
$2{y} == 49 && -$1{x} >= 0 ? 3
$2{y} == 49 && $1{x} >= 1 ? 4$1{x}+11
$2{y} >= 50 && -$1{x} >= 0 ? 3
$2{y} >= 50 && $1{x} == 1 ? 7
$2{y} >= 50 && $1{x} >= 2 ? 4$1{x}+3

[ 8:]: -$2{y} >= -48 && -$1{x} >= 1 ? 2
-$2{y} >= -48 && $1{x} >= 0 ? 4$1{x}-8$2{y}+406
$2{y} == 49 && -$1{x} >= 1 ? 2
$2{y} == 49 && $1{x} >= 0 ? 4$1{x}+14
$2{y} >= 50 && -$1{x} >= 1 ? 2
$2{y} >= 50 && $1{x} == 0 ? 6
$2{y} >= 50 && $1{x} >= 1 ? 4$1{x}+6

[ 9:]: -$2{y} >= -48 && -$1{x} >= 1 ? 2
-$2{y} >= -48 && $1{x} >= 0 ? 4$1{x}-8$2{y}+406
$2{y} == 49 && -$1{x} >= 1 ? 2
$2{y} == 49 && $1{x} >= 0 ? 4$1{x}+14
$2{y} >= 50 && -$1{x} >= 1 ? 2
$2{y} >= 50 && $1{x} == 0 ? 6
$2{y} >= 50 && $1{x} >= 1 ? 4$1{x}+6

[10:]: -$2{y} >= -49 && -$1{x} >= 1 ? 1
-$2{y} >= -49 && $1{x} >= 0 ? 4$1{x}-8$2{y}+413
$2{y} == 50 && -$1{x} >= 1 ? 1
$2{y} == 50 && $1{x} >= 0 ? 4$1{x}+13
$2{y} >= 51 && -$1{x} >= 1 ? 1
$2{y} >= 51 && $1{x} == 0 ? 5
$2{y} >= 51 && $1{x} >= 1 ? 4$1{x}+5

[11:]: top ? 0.

Analysis Result: TRUE

Done.
