
CFG:
List of variables:
  $1{x}:int at tests/cav2006.c:11.6-7
  $2{y}:int at tests/cav2006.c:11.9-10

List of functions:
  1: main() -> void at tests/cav2006.c:10.0-19.1, entry: 11, exit: 10, calls:

List of nodes:
  11: at :0:-1, in: out:1 
  10: at :0:-1, in: 2 out:
  1: at tests/cav2006.c:10:0, in: 11 out:3 
  2: at tests/cav2006.c:19:1, in: 3 out:10 
  3: at tests/cav2006.c:11:11, in: 5 1 out:2 4 
  4: at tests/cav2006.c:12:17, in: 3 out:6 7 
  5: at tests/cav2006.c:16:16, in: 6 7 out:3 
  6: at tests/cav2006.c:16:6, in: 4 out:5 
  7: at tests/cav2006.c:14:6, in: 4 out:5 
  8: at tests/cav2006.c:10:0, in: out:9 
  9: at tests/cav2006.c:19:1, in: 8 out:

List of arcs:
  11 -> 1: label entry
  2 -> 10: label exit
  1 -> 3: skip
  3 -> 4: $1{x} >= 0 ?
  3 -> 2: ! ($1{x} >= 0) ?
  4 -> 7: $2{y} <= 50 ?
  4 -> 6: ! ($2{y} <= 50) ?
  7 -> 5: $1{x} = $1{x} + 1
  6 -> 5: $1{x} = $1{x} - 1
  5 -> 3: $2{y} = $2{y} + 1
  8 -> 9: skip


Property: exit: true

[1:]:
top ? bottom

[2:]:
top ? bottom

[3:]:
top ? bottom

[4:]:
top ? bottom

[5:]:
top ? bottom

[6:]:
top ? bottom

[7:]:
top ? bottom

[8:]:
top ? bottom

[9:]:
top ? bottom

[10:]:
top ? 0.

[11:]:
top ? bottom

Property: AF{exit: true}

[1:]:
-$2{y} >= -49 && -$1{x} >= 1 ? 1
-$2{y} >= -49 && $1{x} >= 0 ? 4$1{x}-8$2{y}+417
$2{y} == 50 && -$1{x} >= 1 ? 1
$2{y} == 50 && $1{x} >= 0 ? 4$1{x}+13
$2{y} >= 51 && -$1{x} >= 1 ? 1
$2{y} >= 51 && $1{x} >= 0 ? 4$1{x}+5

[2:]:
top ? 0.

[3:]:
-$2{y} >= -48 && -$1{x} >= 1 ? 1.
-$2{y} >= -48 && $1{x} >= 0 ? 4$1{x}-8$2{y}+417
$2{y} == 49 && -$1{x} >= 1 ? 1.
$2{y} == 49 && $1{x} >= 0 ? 4$1{x}+21
$2{y} == 50 && -$1{x} >= 1 ? 1.
$2{y} == 50 && $1{x} >= 0 ? 4$1{x}+13
$2{y} >= 51 && -$1{x} >= 1 ? 1.
$2{y} >= 51 && $1{x} >= 0 ? 4$1{x}+5

[4:]:
-$2{y} >= -48 && -$1{x} >= 2 ? 4
-$2{y} >= -48 && $1{x} >= -1 ? 4$1{x}-8$2{y}+416
$2{y} == 49 && -$1{x} >= 2 ? 4
$2{y} == 49 && $1{x} >= -1 ? 4$1{x}+20
$2{y} == 50 && -$1{x} >= 2 ? 4
$2{y} == 50 && $1{x} >= -1 ? 4$1{x}+12
$2{y} >= 51 && -$1{x} >= 0 ? 4
$2{y} >= 51 && $1{x} >= 1 ? 4$1{x}+4

[5:]:
-$2{y} >= -48 && -$1{x} >= 1 ? 2
-$2{y} >= -48 && $1{x} >= 0 ? 4$1{x}-8$2{y}+410
$2{y} == 49 && -$1{x} >= 1 ? 2
$2{y} == 49 && $1{x} >= 0 ? 4$1{x}+14
$2{y} >= 50 && -$1{x} >= 1 ? 2
$2{y} >= 50 && $1{x} >= 0 ? 4$1{x}+6

[6:]:
-$2{y} >= -48 && -$1{x} >= 0 ? 3
-$2{y} >= -48 && $1{x} >= 1 ? 4$1{x}-8$2{y}+407
$2{y} == 49 && -$1{x} >= 0 ? 3
$2{y} == 49 && $1{x} >= 1 ? 4$1{x}+11
$2{y} >= 50 && -$1{x} >= 0 ? 3
$2{y} >= 50 && $1{x} >= 1 ? 4$1{x}+3

[7:]:
-$2{y} >= -48 && -$1{x} >= 2 ? 3
-$2{y} >= -48 && $1{x} >= -1 ? 4$1{x}-8$2{y}+415
$2{y} == 49 && -$1{x} >= 2 ? 3
$2{y} == 49 && $1{x} >= -1 ? 4$1{x}+19
$2{y} >= 50 && -$1{x} >= 2 ? 3
$2{y} >= 50 && $1{x} >= -1 ? 4$1{x}+11

[8:]:
top ? bottom

[9:]:
top ? bottom

[10:]:
top ? 0.

[11:]:
-$2{y} >= -49 && -$1{x} >= 1 ? 1
-$2{y} >= -49 && $1{x} >= 0 ? 4$1{x}-8$2{y}+417
$2{y} == 50 && -$1{x} >= 1 ? 1
$2{y} == 50 && $1{x} >= 0 ? 4$1{x}+13
$2{y} >= 51 && -$1{x} >= 1 ? 1
$2{y} >= 51 && $1{x} >= 0 ? 4$1{x}+5


Analysis Result: TRUE
