
CFG:
List of variables:
  $1{__return_main}:int at tests/example2a.c:11.0-21.1
  $2{y}:int at tests/example2a.c:12.6-7

List of functions:
  1: main() -> $1{__return_main}:int at tests/example2a.c:11.0-21.1, entry: 11, exit: 10, calls:

List of nodes:
  11: at :0:-1, in: out:1 
  10: at :0:-1, in: 2 out:
  1: at tests/example2a.c:11:0, in: 11 out:3 
  2: at tests/example2a.c:21:1, in: 4 out:10 
  3: at tests/example2a.c:12:8, in: 6 7 1 out:4 5 
  4: at tests/example2a.c:19:3, in: 3 out:2 
  5: at tests/example2a.c:13:25, in: 3 out:6 7 
  6: at tests/example2a.c:16:11, in: 5 out:3 
  7: at tests/example2a.c:14:15, in: 5 out:3 
  8: at tests/example2a.c:11:0, in: out:9 
  9: at tests/example2a.c:21:1, in: 8 out:

List of arcs:
  11 -> 1: label entry
  2 -> 10: label exit
  1 -> 3: skip
  3 -> 5: $2{y} < - 1 || $2{y} > 1 ?
  3 -> 4: ! ($2{y} < - 1 || $2{y} > 1) ?
  5 -> 7: $2{y} < 0 ?
  5 -> 6: ! ($2{y} < 0) ?
  7 -> 3: $2{y} = $2{y} + 1
  6 -> 3: $2{y} = $2{y} - 1
  4 -> 2: $1{__return_main} = 0
  8 -> 9: skip


Property: exit: true

[1:]:
top ? bottom

[2:]:
top ? bottom

[3:]:
top ? bottom

[4:]:
top ? bottom

[5:]:
top ? bottom

[6:]:
top ? bottom

[7:]:
top ? bottom

[8:]:
top ? bottom

[9:]:
top ? bottom

[10:]:
top ? 0.

[11:]:
top ? bottom

Property: AF{exit: true}

[1:]:
-$2{y} >= 2 ? -3$2{y}-1
-$2{y} >= -1 && $2{y} >= -1 ? 2
$2{y} >= 2 ? 3$2{y}-1

[2:]:
top ? 0.

[3:]:
-$2{y} >= 2 ? -3$2{y}-1
-$2{y} >= -1 && $2{y} >= -1 ? 2
$2{y} >= 2 ? 3$2{y}-1

[4:]:
top ? 1

[5:]:
-$2{y} >= 3 ? -3$2{y}-2
-$2{y} >= -2 && $2{y} >= -2 ? 4
$2{y} >= 3 ? 3$2{y}-2

[6:]:
-$2{y} >= 1 ? -3$2{y}+3
-$2{y} >= -2 && $2{y} >= 0 ? 3
$2{y} >= 3 ? 3$2{y}-3

[7:]:
-$2{y} >= 3 ? -3$2{y}-3
-$2{y} >= 0 && $2{y} >= -2 ? 3
$2{y} >= 1 ? 3$2{y}+3

[8:]:
top ? bottom

[9:]:
top ? bottom

[10:]:
top ? 0.

[11:]:
-$2{y} >= 2 ? -3$2{y}-1
-$2{y} >= -1 && $2{y} >= -1 ? 2
$2{y} >= 2 ? 3$2{y}-1


Analysis Result: TRUE
