
CFG:
List of variables:
  $1{x}:int at tests/example2e.c:11.17-18
  $2{__return_get_step}:int at tests/example2e.c:11.0-22.1
  $3{__return_main}:int at tests/example2e.c:24.0-35.1
  $4{y}:int at tests/example2e.c:25.6-7
  $5{x}:int at tests/example2e.c:25.9-10
  $6{step}:int at tests/example2e.c:25.12-16
  $7{__ret_get_step}:int at tests/example2e.c:29.14-22
  $8{__ret_get_step}:int at tests/example2e.c:31.14-22

List of functions:
  1: get_step($1{x}:int) -> $2{__return_get_step}:int at tests/example2e.c:11.0-22.1, entry: 1, exit: 2, calls: 22->23 19->20
  2: main() -> $3{__return_main}:int at tests/example2e.c:24.0-35.1, entry: 28, exit: 27, calls:

List of nodes:
  28: at :0:-1, in: out:11 
  27: at :0:-1, in: 12 out:
  1: at tests/example2e.c:11:0, in: out:4 5 
  2: at tests/example2e.c:22:1, in: 3 10 9 7 5 out:
  3: at tests/example2e.c:20:3, in: 8 out:2 
  4: at tests/example2e.c:14:9, in: 1 out:6 7 
  5: at tests/example2e.c:12:14, in: 1 out:2 
  6: at tests/example2e.c:16:9, in: 4 out:8 9 
  7: at tests/example2e.c:14:21, in: 4 out:2 
  8: at tests/example2e.c:18:9, in: 6 out:3 10 
  9: at tests/example2e.c:16:21, in: 6 out:2 
  10: at tests/example2e.c:18:21, in: 8 out:2 
  11: at tests/example2e.c:24:0, in: 28 out:13 
  12: at tests/example2e.c:35:1, in: 15 out:27 
  13: at tests/example2e.c:25:17, in: 11 out:14 
  14: at tests/example2e.c:26:8, in: 24 21 13 out:15 16 
  15: at tests/example2e.c:33:3, in: 14 out:12 
  16: at tests/example2e.c:27:25, in: 14 out:17 18 
  17: at tests/example2e.c:30:11, in: 16 out:22 
  18: at tests/example2e.c:28:15, in: 16 out:19 
  19: at tests/example2e.c:29:24, in: 18 out:29 
  20: at tests/example2e.c:29:22, in: 30 out:21 
  21: at tests/example2e.c:29:22, in: 20 out:14 
  22: at tests/example2e.c:31:25, in: 17 out:39 
  23: at tests/example2e.c:31:22, in: 40 out:24 
  24: at tests/example2e.c:31:22, in: 23 out:14 
  25: at tests/example2e.c:11:0, in: out:26 
  26: at tests/example2e.c:35:1, in: 25 out:
  29: at tests/example2e.c:11:0, in: 19 out:32 33 
  30: at tests/example2e.c:22:1, in: 31 38 37 35 33 out:20 
  31: at tests/example2e.c:20:3, in: 36 out:30 
  32: at tests/example2e.c:14:9, in: 29 out:34 35 
  33: at tests/example2e.c:12:14, in: 29 out:30 
  34: at tests/example2e.c:16:9, in: 32 out:36 37 
  35: at tests/example2e.c:14:21, in: 32 out:30 
  36: at tests/example2e.c:18:9, in: 34 out:31 38 
  37: at tests/example2e.c:16:21, in: 34 out:30 
  38: at tests/example2e.c:18:21, in: 36 out:30 
  39: at tests/example2e.c:11:0, in: 22 out:42 43 
  40: at tests/example2e.c:22:1, in: 41 48 47 45 43 out:23 
  41: at tests/example2e.c:20:3, in: 46 out:40 
  42: at tests/example2e.c:14:9, in: 39 out:44 45 
  43: at tests/example2e.c:12:14, in: 39 out:40 
  44: at tests/example2e.c:16:9, in: 42 out:46 47 
  45: at tests/example2e.c:14:21, in: 42 out:40 
  46: at tests/example2e.c:18:9, in: 44 out:41 48 
  47: at tests/example2e.c:16:21, in: 44 out:40 
  48: at tests/example2e.c:18:21, in: 46 out:40 

List of arcs:
  40 -> 23: return: get_step
  22 -> 39: call: get_step
  30 -> 20: return: get_step
  19 -> 29: call: get_step
  28 -> 11: label entry
  12 -> 27: label exit
  1 -> 5: $1{x} > 40 ?
  1 -> 4: ! ($1{x} > 40) ?
  5 -> 2: $2{__return_get_step} = 5
  4 -> 7: $1{x} > 30 ?
  4 -> 6: ! ($1{x} > 30) ?
  7 -> 2: $2{__return_get_step} = 4
  6 -> 9: $1{x} > 20 ?
  6 -> 8: ! ($1{x} > 20) ?
  9 -> 2: $2{__return_get_step} = 3
  8 -> 10: $1{x} > 10 ?
  8 -> 3: ! ($1{x} > 10) ?
  10 -> 2: $2{__return_get_step} = 2
  3 -> 2: $2{__return_get_step} = 1
  11 -> 13: skip
  13 -> 14: $5{x} = $4{y}
  14 -> 16: $4{y} < - 5 || $4{y} > 5 ?
  14 -> 15: ! ($4{y} < - 5 || $4{y} > 5) ?
  16 -> 18: $5{x} > 0 ?
  16 -> 17: ! ($5{x} > 0) ?
  18 -> 19: $1{x} = $5{x}
  20 -> 21: $7{__ret_get_step} = $2{__return_get_step}
  21 -> 14: $4{y} = $4{y} - $7{__ret_get_step}
  17 -> 22: $1{x} = - $5{x}
  23 -> 24: $8{__ret_get_step} = $2{__return_get_step}
  24 -> 14: $4{y} = $4{y} + $8{__ret_get_step}
  15 -> 12: $3{__return_main} = 0
  25 -> 26: skip
  29 -> 32: ! ($1{x} > 40) ?
  29 -> 33: $1{x} > 40 ?
  31 -> 30: $2{__return_get_step} = 1
  32 -> 34: ! ($1{x} > 30) ?
  32 -> 35: $1{x} > 30 ?
  33 -> 30: $2{__return_get_step} = 5
  34 -> 36: ! ($1{x} > 20) ?
  34 -> 37: $1{x} > 20 ?
  35 -> 30: $2{__return_get_step} = 4
  36 -> 31: ! ($1{x} > 10) ?
  36 -> 38: $1{x} > 10 ?
  37 -> 30: $2{__return_get_step} = 3
  38 -> 30: $2{__return_get_step} = 2
  39 -> 42: ! ($1{x} > 40) ?
  39 -> 43: $1{x} > 40 ?
  41 -> 40: $2{__return_get_step} = 1
  42 -> 44: ! ($1{x} > 30) ?
  42 -> 45: $1{x} > 30 ?
  43 -> 40: $2{__return_get_step} = 5
  44 -> 46: ! ($1{x} > 20) ?
  44 -> 47: $1{x} > 20 ?
  45 -> 40: $2{__return_get_step} = 4
  46 -> 41: ! ($1{x} > 10) ?
  46 -> 48: $1{x} > 10 ?
  47 -> 40: $2{__return_get_step} = 3
  48 -> 40: $2{__return_get_step} = 2


Forwad Analysis: 
[1]: bottom
[2]: bottom
[3]: bottom
[4]: bottom
[5]: bottom
[6]: bottom
[7]: bottom
[8]: bottom
[9]: bottom
[10]: bottom
[11]: top
[12]: -$4{y} >= -5 && $4{y} >= -5 && $3{__return_main} == 0
[13]: top
[14]: top
[15]: -$4{y} >= -5 && $4{y} >= -5
[16]: top
[17]: -$5{x} >= 0
[18]: $5{x} >= 1
[19]: $5{x} >= 1 && $1{x} >= 1
[20]: $5{x} >= 1 && -$2{__return_get_step} >= -5 && $2{__return_get_step} >= 1 && $1{x} >= 1
[21]: -$7{__ret_get_step} >= -5 && $7{__ret_get_step} >= 1 && $5{x} >= 1 && -$2{__return_get_step} >= -5 && $2{__return_get_step} >= 1 && $1{x} >= 1
[22]: -$5{x} >= 0 && $1{x} >= 0
[23]: -$5{x} >= 0 && -$2{__return_get_step} >= -5 && $2{__return_get_step} >= 1 && $1{x} >= 0
[24]: -$8{__ret_get_step} >= -5 && $8{__ret_get_step} >= 1 && -$5{x} >= 0 && -$2{__return_get_step} >= -5 && $2{__return_get_step} >= 1 && $1{x} >= 0
[25]: top
[26]: top
[27]: -$4{y} >= -5 && $4{y} >= -5 && $3{__return_main} == 0
[28]: top
[29]: $5{x} >= 1 && $1{x} >= 1
[30]: $5{x} >= 1 && -$2{__return_get_step} >= -5 && $2{__return_get_step} >= 1 && $1{x} >= 1
[31]: $5{x} >= 1 && -$1{x} >= -10 && $1{x} >= 1
[32]: $5{x} >= 1 && -$1{x} >= -40 && $1{x} >= 1
[33]: $5{x} >= 1 && $1{x} >= 41
[34]: $5{x} >= 1 && -$1{x} >= -30 && $1{x} >= 1
[35]: $5{x} >= 1 && -$1{x} >= -40 && $1{x} >= 31
[36]: $5{x} >= 1 && -$1{x} >= -20 && $1{x} >= 1
[37]: $5{x} >= 1 && -$1{x} >= -30 && $1{x} >= 21
[38]: $5{x} >= 1 && -$1{x} >= -20 && $1{x} >= 11
[39]: -$5{x} >= 0 && $1{x} >= 0
[40]: -$5{x} >= 0 && -$2{__return_get_step} >= -5 && $2{__return_get_step} >= 1 && $1{x} >= 0
[41]: -$5{x} >= 0 && -$1{x} >= -10 && $1{x} >= 0
[42]: -$5{x} >= 0 && -$1{x} >= -40 && $1{x} >= 0
[43]: -$5{x} >= 0 && $1{x} >= 41
[44]: -$5{x} >= 0 && -$1{x} >= -30 && $1{x} >= 0
[45]: -$5{x} >= 0 && -$1{x} >= -40 && $1{x} >= 31
[46]: -$5{x} >= 0 && -$1{x} >= -20 && $1{x} >= 0
[47]: -$5{x} >= 0 && -$1{x} >= -30 && $1{x} >= 21
[48]: -$5{x} >= 0 && -$1{x} >= -20 && $1{x} >= 11
 
Property: exit: true

[1:]:
top ? bottom

[2:]:
top ? bottom

[3:]:
top ? bottom

[4:]:
top ? bottom

[5:]:
top ? bottom

[6:]:
top ? bottom

[7:]:
top ? bottom

[8:]:
top ? bottom

[9:]:
top ? bottom

[10:]:
top ? bottom

[11:]:
top ? bottom

[12:]:
top ? bottom

[13:]:
top ? bottom

[14:]:
top ? bottom

[15:]:
top ? bottom

[16:]:
top ? bottom

[17:]:
top ? bottom

[18:]:
top ? bottom

[19:]:
top ? bottom

[20:]:
top ? bottom

[21:]:
top ? bottom

[22:]:
top ? bottom

[23:]:
top ? bottom

[24:]:
top ? bottom

[25:]:
top ? bottom

[26:]:
top ? bottom

[27:]:
top ? 0.

[28:]:
top ? bottom

[29:]:
top ? bottom

[30:]:
top ? bottom

[31:]:
top ? bottom

[32:]:
top ? bottom

[33:]:
top ? bottom

[34:]:
top ? bottom

[35:]:
top ? bottom

[36:]:
top ? bottom

[37:]:
top ? bottom

[38:]:
top ? bottom

[39:]:
top ? bottom

[40:]:
top ? bottom

[41:]:
top ? bottom

[42:]:
top ? bottom

[43:]:
top ? bottom

[44:]:
top ? bottom

[45:]:
top ? bottom

[46:]:
top ? bottom

[47:]:
top ? bottom

[48:]:
top ? bottom

Property: AF{exit: true}

[1:]:
top ? bottom

[2:]:
top ? bottom

[3:]:
top ? bottom

[4:]:
top ? bottom

[5:]:
top ? bottom

[6:]:
top ? bottom

[7:]:
top ? bottom

[8:]:
top ? bottom

[9:]:
top ? bottom

[10:]:
top ? bottom

[11:]:
-$4{y} >= 6 ? bottom
-$4{y} >= -5 && $4{y} >= -5 ? 3
$4{y} >= 6 ? bottom

[12:]:
-$4{y} >= -5 && $4{y} >= -5 && $3{__return_main} == 0 ? 0.

[13:]:
-$4{y} >= 6 ? bottom
-$4{y} >= -5 && $4{y} >= -5 ? 3
$4{y} >= 6 ? bottom

[14:]:
-$5{x} >= 41 && -$4{y} >= 6 ? bottom
-$5{x} >= 41 && -$4{y} >= -5 && $4{y} >= -5 ? 2
-$5{x} >= 41 && $4{y} >= 6 ? bottom
-$5{x} >= 31 && $5{x} >= -40 && -$4{y} >= 6 ? bottom
-$5{x} >= 31 && $5{x} >= -40 && -$4{y} >= -5 && $4{y} >= -5 ? 2
-$5{x} >= 31 && $5{x} >= -40 && $4{y} >= 6 ? bottom
-$5{x} >= 21 && $5{x} >= -30 && -$4{y} >= 6 ? bottom
-$5{x} >= 21 && $5{x} >= -30 && -$4{y} >= -5 && $4{y} >= -5 ? 2
-$5{x} >= 21 && $5{x} >= -30 && $4{y} >= 6 ? bottom
-$5{x} >= 11 && $5{x} >= -20 && -$4{y} >= 6 ? bottom
-$5{x} >= 11 && $5{x} >= -20 && -$4{y} >= -5 && $4{y} >= -5 ? 2
-$5{x} >= 11 && $5{x} >= -20 && $4{y} >= 6 ? bottom
-$5{x} >= 0 && $5{x} >= -10 && -$4{y} >= 6 ? bottom
-$5{x} >= 0 && $5{x} >= -10 && -$4{y} >= -5 && $4{y} >= -5 ? 2
-$5{x} >= 0 && $5{x} >= -10 && $4{y} >= 6 ? bottom
-$5{x} >= -10 && $5{x} >= 1 && -$4{y} >= 6 ? bottom
-$5{x} >= -10 && $5{x} >= 1 && -$4{y} >= -5 && $4{y} >= -5 ? 2
-$5{x} >= -10 && $5{x} >= 1 && $4{y} >= 6 ? bottom
-$5{x} >= -20 && $5{x} >= 11 && -$4{y} >= 6 ? bottom
-$5{x} >= -20 && $5{x} >= 11 && -$4{y} >= -5 && $4{y} >= -5 ? 2
-$5{x} >= -20 && $5{x} >= 11 && $4{y} >= 6 ? bottom
-$5{x} >= -30 && $5{x} >= 21 && -$4{y} >= 6 ? bottom
-$5{x} >= -30 && $5{x} >= 21 && -$4{y} >= -5 && $4{y} >= -5 ? 2
-$5{x} >= -30 && $5{x} >= 21 && $4{y} >= 6 ? bottom
-$5{x} >= -40 && $5{x} >= 31 && -$4{y} >= 6 ? bottom
-$5{x} >= -40 && $5{x} >= 31 && -$4{y} >= -5 && $4{y} >= -5 ? 2
-$5{x} >= -40 && $5{x} >= 31 && $4{y} >= 6 ? bottom
$5{x} >= 41 && -$4{y} >= 6 ? bottom
$5{x} >= 41 && -$4{y} >= -5 && $4{y} >= -5 ? 2
$5{x} >= 41 && $4{y} >= 6 ? bottom

[15:]:
-$4{y} >= -5 && $4{y} >= -5 ? 1

[16:]:
top ? bottom

[17:]:
-$5{x} >= 0 ? bottom

[18:]:
$5{x} >= 1 ? bottom

[19:]:
$5{x} >= 1 && $1{x} >= 1 ? bottom

[20:]:
$5{x} >= 1 && -$2{__return_get_step} >= -5 && $2{__return_get_step} >= 1 && $1{x} >= 1 ? bottom

[21:]:
-$7{__ret_get_step} >= -5 && $7{__ret_get_step} >= 1 && $5{x} >= 1 && -$2{__return_get_step} >= -5 && $2{__return_get_step} >= 1 && $1{x} >= 1 ? bottom

[22:]:
-$5{x} >= 0 && $1{x} >= 0 ? bottom

[23:]:
-$5{x} >= 0 && -$2{__return_get_step} >= -5 && $2{__return_get_step} >= 1 && $1{x} >= 0 ? bottom

[24:]:
-$8{__ret_get_step} >= -5 && $8{__ret_get_step} >= 1 && -$5{x} >= 0 && -$2{__return_get_step} >= -5 && $2{__return_get_step} >= 1 && $1{x} >= 0 ? bottom

[25:]:
top ? bottom

[26:]:
top ? bottom

[27:]:
-$4{y} >= -5 && $4{y} >= -5 && $3{__return_main} == 0 ? 0.

[28:]:
-$4{y} >= 6 ? bottom
-$4{y} >= -5 && $4{y} >= -5 ? 3
$4{y} >= 6 ? bottom

[29:]:
$5{x} >= 1 && $1{x} >= 1 ? bottom

[30:]:
$5{x} >= 1 && -$2{__return_get_step} >= -5 && $2{__return_get_step} >= 1 && $1{x} >= 1 ? bottom

[31:]:
$5{x} >= 1 && -$1{x} >= -10 && $1{x} >= 1 ? bottom

[32:]:
$5{x} >= 1 && -$1{x} >= -40 && $1{x} >= 1 ? bottom

[33:]:
$5{x} >= 1 && $1{x} >= 41 ? bottom

[34:]:
$5{x} >= 1 && -$1{x} >= -30 && $1{x} >= 1 ? bottom

[35:]:
$5{x} >= 1 && -$1{x} >= -40 && $1{x} >= 31 ? bottom

[36:]:
$5{x} >= 1 && -$1{x} >= -20 && $1{x} >= 1 ? bottom

[37:]:
$5{x} >= 1 && -$1{x} >= -30 && $1{x} >= 21 ? bottom

[38:]:
$5{x} >= 1 && -$1{x} >= -20 && $1{x} >= 11 ? bottom

[39:]:
-$5{x} >= 0 && $1{x} >= 0 ? bottom

[40:]:
-$5{x} >= 0 && -$2{__return_get_step} >= -5 && $2{__return_get_step} >= 1 && $1{x} >= 0 ? bottom

[41:]:
-$5{x} >= 0 && -$1{x} >= -10 && $1{x} >= 0 ? bottom

[42:]:
-$5{x} >= 0 && -$1{x} >= -40 && $1{x} >= 0 ? bottom

[43:]:
-$5{x} >= 0 && $1{x} >= 41 ? bottom

[44:]:
-$5{x} >= 0 && -$1{x} >= -30 && $1{x} >= 0 ? bottom

[45:]:
-$5{x} >= 0 && -$1{x} >= -40 && $1{x} >= 31 ? bottom

[46:]:
-$5{x} >= 0 && -$1{x} >= -20 && $1{x} >= 0 ? bottom

[47:]:
-$5{x} >= 0 && -$1{x} >= -30 && $1{x} >= 21 ? bottom

[48:]:
-$5{x} >= 0 && -$1{x} >= -20 && $1{x} >= 11 ? bottom


Analysis Result: UNKNOWN
