
Abstract Syntax:
[ 1:]
int main( ):
[ 2:] while [ 3:] ( ($2{x1} < 0 || $2{x1} > 0) && $3{x2} > 0 ) do
[ 4:]   if ( $2{x1} > 0 ) then
[ 5:]     if ( ? ) then
[ 6:]       $2{x1} := $2{x1} - 1
[ 7:]       $3{x2} := ?
[ 8:]
          else
[ 9:]       $3{x2} := $3{x2} - 1
[10:]
          endif
[11:]
        else
[12:]     if ( ? ) then
[13:]       $2{x1} := $2{x1} + 1
[14:]
          else
[15:]       $3{x2} := $3{x2} - 1
[16:]       $2{x1} := ?
[17:]
          endif
[18:]
        endif
[19:]
      od
[20:] $1{$1} := 0
[21:] return
[22:]

Forward Analysis:
[ 1:]: top
[ 2:]: top
[ 3:]: top
[ 4:]: $3{x2} >= 1
[ 5:]: $3{x2} >= 1 && $2{x1} >= 1
[ 6:]: $3{x2} >= 1 && $2{x1} >= 1
[ 7:]: $3{x2} >= 1 && $2{x1} >= 0
[ 8:]: $2{x1} >= 0
[ 9:]: $3{x2} >= 1 && $2{x1} >= 1
[10:]: $3{x2} >= 0 && $2{x1} >= 1
[11:]: $2{x1} >= 0
[12:]: $3{x2} >= 1 && -$2{x1} >= 0
[13:]: $3{x2} >= 1 && -$2{x1} >= 0
[14:]: $3{x2} >= 1 && -$2{x1} >= -1
[15:]: $3{x2} >= 1 && -$2{x1} >= 0
[16:]: $3{x2} >= 0 && -$2{x1} >= 0
[17:]: $3{x2} >= 0
[18:]: $3{x2} >= 0
[19:]: top
[20:]: top
[21:]: $1{$1} == 0
[22:]: bottom

Backward Analysis:
[ 1:]: -$3{x2} >= 0 && -$2{x1} >= 2 ? 2
-$3{x2} >= 0 && $2{x1} == -1 ? 2
-$3{x2} >= 0 && $2{x1} == 0 ? 2
-$3{x2} >= 0 && $2{x1} == 1 ? 2
-$3{x2} >= 0 && $2{x1} >= 2 ? 2
$3{x2} == 1 && -$2{x1} >= 2 ? -4$2{x1}+3
$3{x2} == 1 && $2{x1} == -1 ? 7
$3{x2} == 1 && $2{x1} == 0 ? 2
$3{x2} == 1 && $2{x1} == 1 ? 7
$3{x2} == 1 && $2{x1} >= 2 ?  ($2{x1}-1)⍵ + 5$2{x1}+2
$3{x2} >= 2 && -$2{x1} >= 2 ?  ($3{x2}-1)⍵^2 +  ($3{x2}-1)⍵ + -4$2{x1}+5$3{x2}-2
$3{x2} >= 2 && $2{x1} == -1 ?  ($3{x2}-1)⍵^2 +  ($3{x2}-1)⍵ + 5$3{x2}+2
$3{x2} >= 2 && $2{x1} == 0 ? 2
$3{x2} >= 2 && $2{x1} == 1 ? 4$3{x2}+3
$3{x2} >= 2 && $2{x1} >= 2 ?  ($2{x1}-1)⍵ + 5$2{x1}+4$3{x2}-2

[ 2:]: -$3{x2} >= 0 && -$2{x1} >= 2 ? 2
-$3{x2} >= 0 && $2{x1} == -1 ? 2
-$3{x2} >= 0 && $2{x1} == 0 ? 2
-$3{x2} >= 0 && $2{x1} == 1 ? 2
-$3{x2} >= 0 && $2{x1} >= 2 ? 2
$3{x2} == 1 && -$2{x1} >= 2 ? -4$2{x1}+3
$3{x2} == 1 && $2{x1} == -1 ? 7
$3{x2} == 1 && $2{x1} == 0 ? 2
$3{x2} == 1 && $2{x1} == 1 ? 7
$3{x2} == 1 && $2{x1} >= 2 ?  ($2{x1}-1)⍵ + 5$2{x1}+2
$3{x2} >= 2 && -$2{x1} >= 2 ?  ($3{x2}-1)⍵^2 +  ($3{x2}-1)⍵ + -4$2{x1}+5$3{x2}-2
$3{x2} >= 2 && $2{x1} == -1 ?  ($3{x2}-1)⍵^2 +  ($3{x2}-1)⍵ + 5$3{x2}+2
$3{x2} >= 2 && $2{x1} == 0 ? 2
$3{x2} >= 2 && $2{x1} == 1 ? 4$3{x2}+3
$3{x2} >= 2 && $2{x1} >= 2 ?  ($2{x1}-1)⍵ + 5$2{x1}+4$3{x2}-2

[ 3:]: -$3{x2} >= 0 && -$2{x1} >= 2 ? 2
-$3{x2} >= 0 && $2{x1} == -1 ? 2
-$3{x2} >= 0 && $2{x1} == 0 ? 2
-$3{x2} >= 0 && $2{x1} == 1 ? 2
-$3{x2} >= 0 && $2{x1} >= 2 ? 2
$3{x2} == 1 && -$2{x1} >= 2 ? -4$2{x1}+3
$3{x2} == 1 && $2{x1} == -1 ? 7
$3{x2} == 1 && $2{x1} == 0 ? 2
$3{x2} == 1 && $2{x1} == 1 ? 7
$3{x2} == 1 && $2{x1} >= 2 ?  ($2{x1}-1)⍵ + 5$2{x1}+2
$3{x2} >= 2 && -$2{x1} >= 2 ?  ($3{x2}-1)⍵^2 +  ($3{x2}-1)⍵ + -4$2{x1}+5$3{x2}-2
$3{x2} >= 2 && $2{x1} == -1 ?  ($3{x2}-1)⍵^2 +  ($3{x2}-1)⍵ + 5$3{x2}+2
$3{x2} >= 2 && $2{x1} == 0 ? 2
$3{x2} >= 2 && $2{x1} == 1 ? 4$3{x2}+3
$3{x2} >= 2 && $2{x1} >= 2 ?  ($2{x1}-1)⍵ + 5$2{x1}+4$3{x2}-2

[ 4:]: -$3{x2} >= 0 && -$2{x1} >= 3 ? 6
-$3{x2} >= 0 && $2{x1} == -2 ? 6
-$3{x2} >= 0 && $2{x1} == -1 ? 6
-$3{x2} >= 0 && $2{x1} == 0 ? 6
-$3{x2} >= 0 && $2{x1} == 1 ? 6
-$3{x2} >= 0 && $2{x1} == 2 ?  (1)⍵ + 11
-$3{x2} >= 0 && $2{x1} >= 3 ?  ($2{x1}-1)⍵ + 5$2{x1}+1
$3{x2} == 1 && -$2{x1} >= 3 ? -4$2{x1}+2
$3{x2} == 1 && $2{x1} == -2 ? 10
$3{x2} == 1 && $2{x1} == -1 ? 6
$3{x2} == 1 && $2{x1} == 0 ? 10
$3{x2} == 1 && $2{x1} == 1 ? 6
$3{x2} == 1 && $2{x1} == 2 ?  (1)⍵ + 11
$3{x2} == 1 && $2{x1} >= 3 ?  ($2{x1}-1)⍵ + 5$2{x1}+1
$3{x2} == 2 && -$2{x1} >= 3 ?  (1)⍵^2 +  (1)⍵ + -4$2{x1}+7
$3{x2} == 2 && $2{x1} == -2 ?  (1)⍵^2 +  (1)⍵ + 15
$3{x2} == 2 && $2{x1} == -1 ?  (1)⍵^2 +  (1)⍵ + 11
$3{x2} == 2 && $2{x1} == 0 ?  (1)⍵^2 +  (1)⍵ + 14
$3{x2} == 2 && $2{x1} == 1 ? 10
$3{x2} == 2 && $2{x1} == 2 ?  (1)⍵ + 15
$3{x2} == 2 && $2{x1} >= 3 ?  ($2{x1}-1)⍵ + 5$2{x1}+5
$3{x2} >= 3 && -$2{x1} >= 3 ?  ($3{x2}-1)⍵^2 +  ($3{x2}-1)⍵ + -4$2{x1}+5$3{x2}-3
$3{x2} >= 3 && $2{x1} == -2 ?  ($3{x2}-1)⍵^2 +  ($3{x2}-1)⍵ + 5$3{x2}+5
$3{x2} >= 3 && $2{x1} == -1 ?  ($3{x2}-2)⍵^2 +  ($3{x2}-1)⍵ + 5$3{x2}+1
$3{x2} >= 3 && $2{x1} == 0 ?  ($3{x2}-2)⍵^2 +  ($3{x2}-1)⍵ + 5$3{x2}+3
$3{x2} >= 3 && $2{x1} == 1 ? 4$3{x2}+2
$3{x2} >= 3 && $2{x1} == 2 ?  (1)⍵ + 4$3{x2}+7
$3{x2} >= 3 && $2{x1} >= 3 ?  ($2{x1}-1)⍵ + 5$2{x1}+4$3{x2}-3

[ 5:]: -$3{x2} >= -1 && -$2{x1} >= 2 ? top
-$3{x2} >= -1 && $2{x1} == -1 ? top
-$3{x2} >= -1 && $2{x1} == 0 ? top
-$3{x2} >= -1 && $2{x1} == 1 ? 5
-$3{x2} >= -1 && $2{x1} == 2 ?  (1)⍵ + 10
-$3{x2} >= -1 && $2{x1} >= 3 ?  ($2{x1}-1)⍵ + 5$2{x1}+0
$3{x2} == 2 && -$2{x1} >= 2 ? top
$3{x2} == 2 && $2{x1} == -1 ? top
$3{x2} == 2 && $2{x1} == 0 ? top
$3{x2} == 2 && $2{x1} == 1 ? 9
$3{x2} == 2 && $2{x1} == 2 ?  (1)⍵ + 14
$3{x2} == 2 && $2{x1} >= 3 ?  ($2{x1}-1)⍵ + 5$2{x1}+4
$3{x2} >= 3 && -$2{x1} >= 2 ? top
$3{x2} >= 3 && $2{x1} == -1 ? top
$3{x2} >= 3 && $2{x1} == 0 ? top
$3{x2} >= 3 && $2{x1} == 1 ? 4$3{x2}+1
$3{x2} >= 3 && $2{x1} == 2 ?  (1)⍵ + 4$3{x2}+6
$3{x2} >= 3 && $2{x1} >= 3 ?  ($2{x1}-1)⍵ + 5$2{x1}+4$3{x2}-4

[ 6:]: -$2{x1} >= 1 ? top
$2{x1} == 0 ? top
$2{x1} == 1 ? 4
$2{x1} == 2 ?  (1)⍵ + 9
$2{x1} >= 3 ?  ($2{x1}-1)⍵ + 5$2{x1}-1

[ 7:]: -$2{x1} >= 2 ? top
$2{x1} == -1 ? top
$2{x1} == 0 ? 3
$2{x1} == 1 ?  (1)⍵ + 8
$2{x1} >= 2 ?  ($2{x1}+0)⍵ + 5$2{x1}+3

[ 8:]: -$3{x2} >= 0 && -$2{x1} >= 2 ? 2
-$3{x2} >= 0 && $2{x1} == -1 ? 2
-$3{x2} >= 0 && $2{x1} == 0 ? 2
-$3{x2} >= 0 && $2{x1} == 1 ? 2
-$3{x2} >= 0 && $2{x1} >= 2 ? 2
$3{x2} == 1 && -$2{x1} >= 2 ? -4$2{x1}+3
$3{x2} == 1 && $2{x1} == -1 ? 7
$3{x2} == 1 && $2{x1} == 0 ? 2
$3{x2} == 1 && $2{x1} == 1 ? 7
$3{x2} == 1 && $2{x1} >= 2 ?  ($2{x1}-1)⍵ + 5$2{x1}+2
$3{x2} >= 2 && -$2{x1} >= 2 ?  ($3{x2}-1)⍵^2 +  ($3{x2}-1)⍵ + -4$2{x1}+5$3{x2}-2
$3{x2} >= 2 && $2{x1} == -1 ?  ($3{x2}-1)⍵^2 +  ($3{x2}-1)⍵ + 5$3{x2}+2
$3{x2} >= 2 && $2{x1} == 0 ? 2
$3{x2} >= 2 && $2{x1} == 1 ? 4$3{x2}+3
$3{x2} >= 2 && $2{x1} >= 2 ?  ($2{x1}-1)⍵ + 5$2{x1}+4$3{x2}-2

[ 9:]: -$3{x2} >= -1 && -$2{x1} >= 2 ? 3
-$3{x2} >= -1 && $2{x1} == -1 ? 3
-$3{x2} >= -1 && $2{x1} == 0 ? 3
-$3{x2} >= -1 && $2{x1} == 1 ? 3
-$3{x2} >= -1 && $2{x1} >= 2 ? 3
$3{x2} == 2 && -$2{x1} >= 2 ? -4$2{x1}+4
$3{x2} == 2 && $2{x1} == -1 ? 8
$3{x2} == 2 && $2{x1} == 0 ? 3
$3{x2} == 2 && $2{x1} == 1 ? 8
$3{x2} == 2 && $2{x1} >= 2 ?  ($2{x1}-1)⍵ + 5$2{x1}+3
$3{x2} >= 3 && -$2{x1} >= 2 ?  ($3{x2}-2)⍵^2 +  ($3{x2}-2)⍵ + -4$2{x1}+5$3{x2}-6
$3{x2} >= 3 && $2{x1} == -1 ?  ($3{x2}-2)⍵^2 +  ($3{x2}-2)⍵ + 5$3{x2}-2
$3{x2} >= 3 && $2{x1} == 0 ? 3
$3{x2} >= 3 && $2{x1} == 1 ? 4$3{x2}+0
$3{x2} >= 3 && $2{x1} >= 2 ?  ($2{x1}-1)⍵ + 5$2{x1}+4$3{x2}-5

[10:]: -$3{x2} >= 0 && -$2{x1} >= 2 ? 2
-$3{x2} >= 0 && $2{x1} == -1 ? 2
-$3{x2} >= 0 && $2{x1} == 0 ? 2
-$3{x2} >= 0 && $2{x1} == 1 ? 2
-$3{x2} >= 0 && $2{x1} >= 2 ? 2
$3{x2} == 1 && -$2{x1} >= 2 ? -4$2{x1}+3
$3{x2} == 1 && $2{x1} == -1 ? 7
$3{x2} == 1 && $2{x1} == 0 ? 2
$3{x2} == 1 && $2{x1} == 1 ? 7
$3{x2} == 1 && $2{x1} >= 2 ?  ($2{x1}-1)⍵ + 5$2{x1}+2
$3{x2} >= 2 && -$2{x1} >= 2 ?  ($3{x2}-1)⍵^2 +  ($3{x2}-1)⍵ + -4$2{x1}+5$3{x2}-2
$3{x2} >= 2 && $2{x1} == -1 ?  ($3{x2}-1)⍵^2 +  ($3{x2}-1)⍵ + 5$3{x2}+2
$3{x2} >= 2 && $2{x1} == 0 ? 2
$3{x2} >= 2 && $2{x1} == 1 ? 4$3{x2}+3
$3{x2} >= 2 && $2{x1} >= 2 ?  ($2{x1}-1)⍵ + 5$2{x1}+4$3{x2}-2

[11:]: -$3{x2} >= 0 && -$2{x1} >= 2 ? 2
-$3{x2} >= 0 && $2{x1} == -1 ? 2
-$3{x2} >= 0 && $2{x1} == 0 ? 2
-$3{x2} >= 0 && $2{x1} == 1 ? 2
-$3{x2} >= 0 && $2{x1} >= 2 ? 2
$3{x2} == 1 && -$2{x1} >= 2 ? -4$2{x1}+3
$3{x2} == 1 && $2{x1} == -1 ? 7
$3{x2} == 1 && $2{x1} == 0 ? 2
$3{x2} == 1 && $2{x1} == 1 ? 7
$3{x2} == 1 && $2{x1} >= 2 ?  ($2{x1}-1)⍵ + 5$2{x1}+2
$3{x2} >= 2 && -$2{x1} >= 2 ?  ($3{x2}-1)⍵^2 +  ($3{x2}-1)⍵ + -4$2{x1}+5$3{x2}-2
$3{x2} >= 2 && $2{x1} == -1 ?  ($3{x2}-1)⍵^2 +  ($3{x2}-1)⍵ + 5$3{x2}+2
$3{x2} >= 2 && $2{x1} == 0 ? 2
$3{x2} >= 2 && $2{x1} == 1 ? 4$3{x2}+3
$3{x2} >= 2 && $2{x1} >= 2 ?  ($2{x1}-1)⍵ + 5$2{x1}+4$3{x2}-2

[12:]: -$3{x2} >= 0 && -$2{x1} >= 3 ? 5
-$3{x2} >= 0 && $2{x1} == -2 ? 5
-$3{x2} >= 0 && $2{x1} == -1 ? 5
-$3{x2} >= 0 && $2{x1} == 0 ? 5
-$3{x2} >= 0 && $2{x1} >= 1 ? 5
$3{x2} == 1 && -$2{x1} >= 3 ? -4$2{x1}+1
$3{x2} == 1 && $2{x1} == -2 ? 9
$3{x2} == 1 && $2{x1} == -1 ? 5
$3{x2} == 1 && $2{x1} == 0 ? 9
$3{x2} == 1 && $2{x1} >= 1 ?  ($2{x1}+0)⍵ + 5$2{x1}+9
$3{x2} == 2 && -$2{x1} >= 3 ?  (1)⍵^2 +  (1)⍵ + -4$2{x1}+6
$3{x2} == 2 && $2{x1} == -2 ?  (1)⍵^2 +  (1)⍵ + 14
$3{x2} == 2 && $2{x1} == -1 ?  (1)⍵^2 +  (1)⍵ + 10
$3{x2} == 2 && $2{x1} == 0 ?  (1)⍵^2 +  (1)⍵ + 13
$3{x2} == 2 && $2{x1} >= 1 ?  (1)⍵^2 +  ($2{x1}+0)⍵ + 5$2{x1}+13
$3{x2} >= 3 && -$2{x1} >= 3 ?  ($3{x2}-1)⍵^2 +  ($3{x2}-1)⍵ + -4$2{x1}+5$3{x2}-4
$3{x2} >= 3 && $2{x1} == -2 ?  ($3{x2}-1)⍵^2 +  ($3{x2}-1)⍵ + 5$3{x2}+4
$3{x2} >= 3 && $2{x1} == -1 ?  ($3{x2}-2)⍵^2 +  ($3{x2}-1)⍵ + 5$3{x2}+0
$3{x2} >= 3 && $2{x1} == 0 ?  ($3{x2}-2)⍵^2 +  ($3{x2}-1)⍵ + 5$3{x2}+2
$3{x2} >= 3 && $2{x1} >= 1 ?  ($3{x2}-2)⍵^2 +  ($2{x1}+$3{x2}-2)⍵ + 5$2{x1}+5$3{x2}+2

[13:]: -$3{x2} >= 0 && -$2{x1} >= 3 ? 3
-$3{x2} >= 0 && $2{x1} == -2 ? 3
-$3{x2} >= 0 && $2{x1} == -1 ? 3
-$3{x2} >= 0 && $2{x1} == 0 ? 3
-$3{x2} >= 0 && $2{x1} >= 1 ? 3
$3{x2} == 1 && -$2{x1} >= 3 ? -4$2{x1}+0
$3{x2} == 1 && $2{x1} == -2 ? 8
$3{x2} == 1 && $2{x1} == -1 ? 3
$3{x2} == 1 && $2{x1} == 0 ? 8
$3{x2} == 1 && $2{x1} >= 1 ?  ($2{x1}+0)⍵ + 5$2{x1}+8
$3{x2} >= 2 && -$2{x1} >= 3 ?  ($3{x2}-1)⍵^2 +  ($3{x2}-1)⍵ + -4$2{x1}+5$3{x2}-5
$3{x2} >= 2 && $2{x1} == -2 ?  ($3{x2}-1)⍵^2 +  ($3{x2}-1)⍵ + 5$3{x2}+3
$3{x2} >= 2 && $2{x1} == -1 ? 3
$3{x2} >= 2 && $2{x1} == 0 ? 4$3{x2}+4
$3{x2} >= 2 && $2{x1} >= 1 ?  ($2{x1}+0)⍵ + 5$2{x1}+4$3{x2}+4

[14:]: -$3{x2} >= 0 && -$2{x1} >= 2 ? 2
-$3{x2} >= 0 && $2{x1} == -1 ? 2
-$3{x2} >= 0 && $2{x1} == 0 ? 2
-$3{x2} >= 0 && $2{x1} == 1 ? 2
-$3{x2} >= 0 && $2{x1} >= 2 ? 2
$3{x2} == 1 && -$2{x1} >= 2 ? -4$2{x1}+3
$3{x2} == 1 && $2{x1} == -1 ? 7
$3{x2} == 1 && $2{x1} == 0 ? 2
$3{x2} == 1 && $2{x1} == 1 ? 7
$3{x2} == 1 && $2{x1} >= 2 ?  ($2{x1}-1)⍵ + 5$2{x1}+2
$3{x2} >= 2 && -$2{x1} >= 2 ?  ($3{x2}-1)⍵^2 +  ($3{x2}-1)⍵ + -4$2{x1}+5$3{x2}-2
$3{x2} >= 2 && $2{x1} == -1 ?  ($3{x2}-1)⍵^2 +  ($3{x2}-1)⍵ + 5$3{x2}+2
$3{x2} >= 2 && $2{x1} == 0 ? 2
$3{x2} >= 2 && $2{x1} == 1 ? 4$3{x2}+3
$3{x2} >= 2 && $2{x1} >= 2 ?  ($2{x1}-1)⍵ + 5$2{x1}+4$3{x2}-2

[15:]: -$3{x2} >= -1 ? 4
$3{x2} == 2 ?  (1)⍵^2 +  (1)⍵ + 9
$3{x2} >= 3 ?  ($3{x2}-2)⍵^2 +  ($3{x2}-1)⍵ + 5$3{x2}-1

[16:]: -$3{x2} >= 0 ? 3
$3{x2} == 1 ?  (1)⍵^2 +  (1)⍵ + 8
$3{x2} >= 2 ?  ($3{x2}-1)⍵^2 +  ($3{x2}+0)⍵ + 5$3{x2}+3

[17:]: -$3{x2} >= 0 && -$2{x1} >= 2 ? 2
-$3{x2} >= 0 && $2{x1} == -1 ? 2
-$3{x2} >= 0 && $2{x1} == 0 ? 2
-$3{x2} >= 0 && $2{x1} == 1 ? 2
-$3{x2} >= 0 && $2{x1} >= 2 ? 2
$3{x2} == 1 && -$2{x1} >= 2 ? -4$2{x1}+3
$3{x2} == 1 && $2{x1} == -1 ? 7
$3{x2} == 1 && $2{x1} == 0 ? 2
$3{x2} == 1 && $2{x1} == 1 ? 7
$3{x2} == 1 && $2{x1} >= 2 ?  ($2{x1}-1)⍵ + 5$2{x1}+2
$3{x2} >= 2 && -$2{x1} >= 2 ?  ($3{x2}-1)⍵^2 +  ($3{x2}-1)⍵ + -4$2{x1}+5$3{x2}-2
$3{x2} >= 2 && $2{x1} == -1 ?  ($3{x2}-1)⍵^2 +  ($3{x2}-1)⍵ + 5$3{x2}+2
$3{x2} >= 2 && $2{x1} == 0 ? 2
$3{x2} >= 2 && $2{x1} == 1 ? 4$3{x2}+3
$3{x2} >= 2 && $2{x1} >= 2 ?  ($2{x1}-1)⍵ + 5$2{x1}+4$3{x2}-2

[18:]: -$3{x2} >= 0 && -$2{x1} >= 2 ? 2
-$3{x2} >= 0 && $2{x1} == -1 ? 2
-$3{x2} >= 0 && $2{x1} == 0 ? 2
-$3{x2} >= 0 && $2{x1} == 1 ? 2
-$3{x2} >= 0 && $2{x1} >= 2 ? 2
$3{x2} == 1 && -$2{x1} >= 2 ? -4$2{x1}+3
$3{x2} == 1 && $2{x1} == -1 ? 7
$3{x2} == 1 && $2{x1} == 0 ? 2
$3{x2} == 1 && $2{x1} == 1 ? 7
$3{x2} == 1 && $2{x1} >= 2 ?  ($2{x1}-1)⍵ + 5$2{x1}+2
$3{x2} >= 2 && -$2{x1} >= 2 ?  ($3{x2}-1)⍵^2 +  ($3{x2}-1)⍵ + -4$2{x1}+5$3{x2}-2
$3{x2} >= 2 && $2{x1} == -1 ?  ($3{x2}-1)⍵^2 +  ($3{x2}-1)⍵ + 5$3{x2}+2
$3{x2} >= 2 && $2{x1} == 0 ? 2
$3{x2} >= 2 && $2{x1} == 1 ? 4$3{x2}+3
$3{x2} >= 2 && $2{x1} >= 2 ?  ($2{x1}-1)⍵ + 5$2{x1}+4$3{x2}-2

[19:]: -$3{x2} >= 0 && -$2{x1} >= 2 ? 2
-$3{x2} >= 0 && $2{x1} == -1 ? 2
-$3{x2} >= 0 && $2{x1} == 0 ? 2
-$3{x2} >= 0 && $2{x1} == 1 ? 2
-$3{x2} >= 0 && $2{x1} >= 2 ? 2
$3{x2} == 1 && -$2{x1} >= 2 ? -4$2{x1}+3
$3{x2} == 1 && $2{x1} == -1 ? 7
$3{x2} == 1 && $2{x1} == 0 ? 2
$3{x2} == 1 && $2{x1} == 1 ? 7
$3{x2} == 1 && $2{x1} >= 2 ?  ($2{x1}-1)⍵ + 5$2{x1}+2
$3{x2} >= 2 && -$2{x1} >= 2 ?  ($3{x2}-1)⍵^2 +  ($3{x2}-1)⍵ + -4$2{x1}+5$3{x2}-2
$3{x2} >= 2 && $2{x1} == -1 ?  ($3{x2}-1)⍵^2 +  ($3{x2}-1)⍵ + 5$3{x2}+2
$3{x2} >= 2 && $2{x1} == 0 ? 2
$3{x2} >= 2 && $2{x1} == 1 ? 4$3{x2}+3
$3{x2} >= 2 && $2{x1} >= 2 ?  ($2{x1}-1)⍵ + 5$2{x1}+4$3{x2}-2

[20:]: top ? 1

[21:]: top ? 0.

[22:]: top ? 0.

Analysis Result: TRUE

Done.
