
Abstract Syntax:
[ 1:]
int main( ):
[ 2:] while [ 3:] ( $3{y} < -2 || $3{y} > 2 ) do
[ 4:]   if ( $3{y} < 0 && $2{x} > 10 ) then
[ 5:]     $3{y} := $3{y} + 2
[ 6:]
        else
[ 7:]     if ( $3{y} < 0 && $2{x} <= 10 ) then
[ 8:]       $3{y} := $3{y} + 1
[ 9:]
          else
[10:]       if ( $3{y} >= 0 && $2{x} > 10 ) then
[11:]         $3{y} := $3{y} - 2
[12:]
            else
[13:]         if ( $3{y} >= 0 && $2{x} <= 10 ) then
[14:]           $3{y} := $3{y} - 1
[15:]
              else
[16:]
              endif
[17:]
            endif
[18:]
          endif
[19:]
        endif
[20:]
      od
[21:] $1{$1} := 0
[22:] return
[23:]

Forward Analysis:
[ 1:]: top
[ 2:]: top
[ 3:]: top
[ 4:]: top
[ 5:]: -$3{y} >= 1 && $2{x} >= 11
[ 6:]: -$3{y} >= -1 && $2{x} >= 11
[ 7:]: top
[ 8:]: -$3{y} >= 1 && -$2{x} >= -10
[ 9:]: -$3{y} >= 0 && -$2{x} >= -10
[10:]: top
[11:]: $3{y} >= 0 && $2{x} >= 11
[12:]: $3{y} >= -2 && $2{x} >= 11
[13:]: top
[14:]: $3{y} >= 0 && -$2{x} >= -10
[15:]: $3{y} >= -1 && -$2{x} >= -10
[16:]: top
[17:]: top
[18:]: top
[19:]: top
[20:]: top
[21:]: -$3{y} >= -2 && $3{y} >= -2
[22:]: -$3{y} >= -2 && $3{y} >= -2 && $1{$1} == 0
[23:]: bottom

Backward Analysis:
[ 1:]: -$3{y} >= 5 && -$2{x} >= -10 ? -4$3{y}-6
-$3{y} >= 5 && $2{x} >= 11 ? -3$3{y}-7
$3{y} == -4 && -$2{x} >= -10 ? 10
$3{y} == -4 && $2{x} >= 11 ? 5
$3{y} == -3 && -$2{x} >= -10 ? 6
$3{y} == -3 && $2{x} >= 11 ? 5
-$3{y} >= -2 && $3{y} >= -2 ? 2
$3{y} == 3 && -$2{x} >= -10 ? 8
$3{y} == 3 && $2{x} >= 11 ? 7
$3{y} == 4 && -$2{x} >= -10 ? 14
$3{y} == 4 && $2{x} >= 11 ? 7
$3{y} >= 5 && -$2{x} >= -10 ? 6$3{y}-10
$3{y} >= 5 && $2{x} >= 11 ? 10$3{y}-33

[ 2:]: -$3{y} >= 5 && -$2{x} >= -10 ? -4$3{y}-6
-$3{y} >= 5 && $2{x} >= 11 ? -3$3{y}-7
$3{y} == -4 && -$2{x} >= -10 ? 10
$3{y} == -4 && $2{x} >= 11 ? 5
$3{y} == -3 && -$2{x} >= -10 ? 6
$3{y} == -3 && $2{x} >= 11 ? 5
-$3{y} >= -2 && $3{y} >= -2 ? 2
$3{y} == 3 && -$2{x} >= -10 ? 8
$3{y} == 3 && $2{x} >= 11 ? 7
$3{y} == 4 && -$2{x} >= -10 ? 14
$3{y} == 4 && $2{x} >= 11 ? 7
$3{y} >= 5 && -$2{x} >= -10 ? 6$3{y}-10
$3{y} >= 5 && $2{x} >= 11 ? 10$3{y}-33

[ 3:]: -$3{y} >= 5 && -$2{x} >= -10 ? -4$3{y}-6
-$3{y} >= 5 && $2{x} >= 11 ? -3$3{y}-7
$3{y} == -4 && -$2{x} >= -10 ? 10
$3{y} == -4 && $2{x} >= 11 ? 5
$3{y} == -3 && -$2{x} >= -10 ? 6
$3{y} == -3 && $2{x} >= 11 ? 5
-$3{y} >= -2 && $3{y} >= -2 ? 2
$3{y} == 3 && -$2{x} >= -10 ? 8
$3{y} == 3 && $2{x} >= 11 ? 7
$3{y} == 4 && -$2{x} >= -10 ? 14
$3{y} == 4 && $2{x} >= 11 ? 7
$3{y} >= 5 && -$2{x} >= -10 ? 6$3{y}-10
$3{y} >= 5 && $2{x} >= 11 ? 10$3{y}-33

[ 4:]: -$3{y} >= 7 && -$2{x} >= -10 ? -4$3{y}-7
-$3{y} >= 7 && $2{x} >= 11 ? -3$3{y}-11
$3{y} == -6 && -$2{x} >= -10 ? -4$3{y}-7
$3{y} == -6 && $2{x} >= 11 ? 7
$3{y} == -5 && -$2{x} >= -10 ? 13
$3{y} == -5 && $2{x} >= 11 ? 7
$3{y} == -4 && -$2{x} >= -10 ? 9
$3{y} == -4 && $2{x} >= 11 ? 4
$3{y} == -3 && -$2{x} >= -10 ? 5
$3{y} == -3 && $2{x} >= 11 ? 4
$3{y} == -2 && -$2{x} >= -10 ? 5
$3{y} == -2 && $2{x} >= 11 ? 4
$3{y} == -1 && -$2{x} >= -10 ? 5
$3{y} == -1 && $2{x} >= 11 ? 4
$3{y} == 0 && -$2{x} >= -10 ? 7
$3{y} == 0 && $2{x} >= 11 ? 6
$3{y} == 1 && -$2{x} >= -10 ? 7
$3{y} == 1 && $2{x} >= 11 ? 6
$3{y} == 2 && -$2{x} >= -10 ? 7
$3{y} == 2 && $2{x} >= 11 ? 6
$3{y} == 3 && -$2{x} >= -10 ? 7
$3{y} == 3 && $2{x} >= 11 ? 6
$3{y} == 4 && -$2{x} >= -10 ? 13
$3{y} == 4 && $2{x} >= 11 ? 6
$3{y} == 5 && -$2{x} >= -10 ? 19
$3{y} == 5 && $2{x} >= 11 ? 11
$3{y} == 6 && -$2{x} >= -10 ? 25
$3{y} == 6 && $2{x} >= 11 ? 11
$3{y} >= 7 && -$2{x} >= -10 ? 6$3{y}-11
$3{y} >= 7 && $2{x} >= 11 ? 10$3{y}-49

[ 5:]: -$3{y} >= 7 && -$2{x} >= -10 ? -4$3{y}-13
-$3{y} >= 7 && $2{x} >= 11 ? -3$3{y}-12
$3{y} == -6 && -$2{x} >= -10 ? 11
$3{y} == -6 && $2{x} >= 11 ? 6
$3{y} == -5 && -$2{x} >= -10 ? 7
$3{y} == -5 && $2{x} >= 11 ? 6
-$3{y} >= 0 && $3{y} >= -4 ? 3
$3{y} == 1 && -$2{x} >= -10 ? 9
$3{y} == 1 && $2{x} >= 11 ? 8
$3{y} == 2 && -$2{x} >= -10 ? 15
$3{y} == 2 && $2{x} >= 11 ? 8
$3{y} >= 3 && -$2{x} >= -10 ? 6$3{y}+3
$3{y} >= 3 && $2{x} >= 11 ? 10$3{y}-12

[ 6:]: -$3{y} >= 5 && -$2{x} >= -10 ? -4$3{y}-6
-$3{y} >= 5 && $2{x} >= 11 ? -3$3{y}-7
$3{y} == -4 && -$2{x} >= -10 ? 10
$3{y} == -4 && $2{x} >= 11 ? 5
$3{y} == -3 && -$2{x} >= -10 ? 6
$3{y} == -3 && $2{x} >= 11 ? 5
-$3{y} >= -2 && $3{y} >= -2 ? 2
$3{y} == 3 && -$2{x} >= -10 ? 8
$3{y} == 3 && $2{x} >= 11 ? 7
$3{y} == 4 && -$2{x} >= -10 ? 14
$3{y} == 4 && $2{x} >= 11 ? 7
$3{y} >= 5 && -$2{x} >= -10 ? 6$3{y}-10
$3{y} >= 5 && $2{x} >= 11 ? 10$3{y}-33

[ 7:]: -$3{y} >= 6 && -$2{x} >= -10 ? -4$3{y}-8
-$3{y} >= 6 && $2{x} >= 11 ? -3$3{y}-4
$3{y} == -5 && -$2{x} >= -10 ? 12
$3{y} == -5 && $2{x} >= 11 ? -3$3{y}-4
$3{y} == -4 && -$2{x} >= -10 ? 8
$3{y} == -4 && $2{x} >= 11 ? 8
$3{y} == -3 && -$2{x} >= -10 ? 4
$3{y} == -3 && $2{x} >= 11 ? 8
$3{y} == -2 && -$2{x} >= -10 ? 4
$3{y} == -2 && $2{x} >= 11 ? 5
$3{y} == -1 && -$2{x} >= -10 ? 4
$3{y} == -1 && $2{x} >= 11 ? 5
-$3{y} >= -1 && $3{y} >= 0 && -$2{x} >= -10 ? 6
-$3{y} >= -1 && $3{y} >= 0 && $2{x} >= 11 ? 5
$3{y} == 2 && -$2{x} >= -10 ? 6
$3{y} == 2 && $2{x} >= 11 ? 5
$3{y} == 3 && -$2{x} >= -10 ? 6
$3{y} == 3 && $2{x} >= 11 ? 5
$3{y} == 4 && -$2{x} >= -10 ? 12
$3{y} == 4 && $2{x} >= 11 ? 5
$3{y} == 5 && -$2{x} >= -10 ? 18
$3{y} == 5 && $2{x} >= 11 ? 10
$3{y} == 6 && -$2{x} >= -10 ? 6$3{y}-12
$3{y} == 6 && $2{x} >= 11 ? 10
$3{y} >= 7 && -$2{x} >= -10 ? 6$3{y}-12
$3{y} >= 7 && $2{x} >= 11 ? 10$3{y}-50

[ 8:]: -$3{y} >= 6 && -$2{x} >= -10 ? -4$3{y}-9
-$3{y} >= 6 && $2{x} >= 11 ? -3$3{y}-9
$3{y} == -5 && -$2{x} >= -10 ? 11
$3{y} == -5 && $2{x} >= 11 ? 6
$3{y} == -4 && -$2{x} >= -10 ? 7
$3{y} == -4 && $2{x} >= 11 ? 6
-$3{y} >= -1 && $3{y} >= -3 ? 3
$3{y} == 2 && -$2{x} >= -10 ? 9
$3{y} == 2 && $2{x} >= 11 ? 8
$3{y} == 3 && -$2{x} >= -10 ? 15
$3{y} == 3 && $2{x} >= 11 ? 8
$3{y} >= 4 && -$2{x} >= -10 ? 6$3{y}-3
$3{y} >= 4 && $2{x} >= 11 ? 10$3{y}-22

[ 9:]: -$3{y} >= 5 && -$2{x} >= -10 ? -4$3{y}-6
-$3{y} >= 5 && $2{x} >= 11 ? -3$3{y}-7
$3{y} == -4 && -$2{x} >= -10 ? 10
$3{y} == -4 && $2{x} >= 11 ? 5
$3{y} == -3 && -$2{x} >= -10 ? 6
$3{y} == -3 && $2{x} >= 11 ? 5
-$3{y} >= -2 && $3{y} >= -2 ? 2
$3{y} == 3 && -$2{x} >= -10 ? 8
$3{y} == 3 && $2{x} >= 11 ? 7
$3{y} == 4 && -$2{x} >= -10 ? 14
$3{y} == 4 && $2{x} >= 11 ? 7
$3{y} >= 5 && -$2{x} >= -10 ? 6$3{y}-10
$3{y} >= 5 && $2{x} >= 11 ? 10$3{y}-33

[10:]: -$3{y} >= 5 && -$2{x} >= -10 ? -4$3{y}-4
-$3{y} >= 5 && $2{x} >= 11 ? -3$3{y}-5
$3{y} == -4 && -$2{x} >= -10 ? 12
$3{y} == -4 && $2{x} >= 11 ? 7
$3{y} == -3 && -$2{x} >= -10 ? 8
$3{y} == -3 && $2{x} >= 11 ? 7
$3{y} == -2 && -$2{x} >= -10 ? 4
$3{y} == -2 && $2{x} >= 11 ? 4
$3{y} == -1 && -$2{x} >= -10 ? 4
$3{y} == -1 && $2{x} >= 11 ? 4
-$3{y} >= -2 && $3{y} >= 0 && -$2{x} >= -10 ? 5
-$3{y} >= -2 && $3{y} >= 0 && $2{x} >= 11 ? 4
$3{y} == 3 && -$2{x} >= -10 ? 5
$3{y} == 3 && $2{x} >= 11 ? 4
$3{y} == 4 && -$2{x} >= -10 ? 11
$3{y} == 4 && $2{x} >= 11 ? 4
$3{y} == 5 && -$2{x} >= -10 ? 17
$3{y} == 5 && $2{x} >= 11 ? 9
$3{y} == 6 && -$2{x} >= -10 ? 6$3{y}-13
$3{y} == 6 && $2{x} >= 11 ? 9
$3{y} >= 7 && -$2{x} >= -10 ? 6$3{y}-13
$3{y} >= 7 && $2{x} >= 11 ? 10$3{y}-51

[11:]: -$3{y} >= 3 && -$2{x} >= -10 ? -4$3{y}+3
-$3{y} >= 3 && $2{x} >= 11 ? -3$3{y}+0
$3{y} == -2 && -$2{x} >= -10 ? 11
$3{y} == -2 && $2{x} >= 11 ? 6
$3{y} == -1 && -$2{x} >= -10 ? 7
$3{y} == -1 && $2{x} >= 11 ? 6
-$3{y} >= -4 && $3{y} >= 0 ? 3
$3{y} == 5 && -$2{x} >= -10 ? 9
$3{y} == 5 && $2{x} >= 11 ? 8
$3{y} == 6 && -$2{x} >= -10 ? 15
$3{y} == 6 && $2{x} >= 11 ? 8
$3{y} >= 7 && -$2{x} >= -10 ? 6$3{y}-21
$3{y} >= 7 && $2{x} >= 11 ? 10$3{y}-52

[12:]: -$3{y} >= 5 && -$2{x} >= -10 ? -4$3{y}-6
-$3{y} >= 5 && $2{x} >= 11 ? -3$3{y}-7
$3{y} == -4 && -$2{x} >= -10 ? 10
$3{y} == -4 && $2{x} >= 11 ? 5
$3{y} == -3 && -$2{x} >= -10 ? 6
$3{y} == -3 && $2{x} >= 11 ? 5
-$3{y} >= -2 && $3{y} >= -2 ? 2
$3{y} == 3 && -$2{x} >= -10 ? 8
$3{y} == 3 && $2{x} >= 11 ? 7
$3{y} == 4 && -$2{x} >= -10 ? 14
$3{y} == 4 && $2{x} >= 11 ? 7
$3{y} >= 5 && -$2{x} >= -10 ? 6$3{y}-10
$3{y} >= 5 && $2{x} >= 11 ? 10$3{y}-33

[13:]: -$3{y} >= 5 && -$2{x} >= -10 ? -4$3{y}-5
-$3{y} >= 5 && $2{x} >= 11 ? -3$3{y}-6
$3{y} == -4 && -$2{x} >= -10 ? 11
$3{y} == -4 && $2{x} >= 11 ? 6
$3{y} == -3 && -$2{x} >= -10 ? 7
$3{y} == -3 && $2{x} >= 11 ? 6
$3{y} == -2 && -$2{x} >= -10 ? 3
$3{y} == -2 && $2{x} >= 11 ? 3
$3{y} == -1 && -$2{x} >= -10 ? 3
$3{y} == -1 && $2{x} >= 11 ? 3
-$3{y} >= -2 && $3{y} >= 0 && -$2{x} >= -10 ? 4
-$3{y} >= -2 && $3{y} >= 0 && $2{x} >= 11 ? 3
$3{y} == 3 && -$2{x} >= -10 ? 4
$3{y} == 3 && $2{x} >= 11 ? 8
$3{y} == 4 && -$2{x} >= -10 ? 10
$3{y} == 4 && $2{x} >= 11 ? 8
$3{y} == 5 && -$2{x} >= -10 ? 16
$3{y} == 5 && $2{x} >= 11 ? 10$3{y}-32
$3{y} >= 6 && -$2{x} >= -10 ? 6$3{y}-14
$3{y} >= 6 && $2{x} >= 11 ? 10$3{y}-32

[14:]: -$3{y} >= 4 && -$2{x} >= -10 ? -4$3{y}-1
-$3{y} >= 4 && $2{x} >= 11 ? -3$3{y}-3
$3{y} == -3 && -$2{x} >= -10 ? 11
$3{y} == -3 && $2{x} >= 11 ? 6
$3{y} == -2 && -$2{x} >= -10 ? 7
$3{y} == -2 && $2{x} >= 11 ? 6
-$3{y} >= -3 && $3{y} >= -1 ? 3
$3{y} == 4 && -$2{x} >= -10 ? 9
$3{y} == 4 && $2{x} >= 11 ? 8
$3{y} == 5 && -$2{x} >= -10 ? 15
$3{y} == 5 && $2{x} >= 11 ? 8
$3{y} >= 6 && -$2{x} >= -10 ? 6$3{y}-15
$3{y} >= 6 && $2{x} >= 11 ? 10$3{y}-42

[15:]: -$3{y} >= 5 && -$2{x} >= -10 ? -4$3{y}-6
-$3{y} >= 5 && $2{x} >= 11 ? -3$3{y}-7
$3{y} == -4 && -$2{x} >= -10 ? 10
$3{y} == -4 && $2{x} >= 11 ? 5
$3{y} == -3 && -$2{x} >= -10 ? 6
$3{y} == -3 && $2{x} >= 11 ? 5
-$3{y} >= -2 && $3{y} >= -2 ? 2
$3{y} == 3 && -$2{x} >= -10 ? 8
$3{y} == 3 && $2{x} >= 11 ? 7
$3{y} == 4 && -$2{x} >= -10 ? 14
$3{y} == 4 && $2{x} >= 11 ? 7
$3{y} >= 5 && -$2{x} >= -10 ? 6$3{y}-10
$3{y} >= 5 && $2{x} >= 11 ? 10$3{y}-33

[16:]: -$3{y} >= 5 && -$2{x} >= -10 ? -4$3{y}-6
-$3{y} >= 5 && $2{x} >= 11 ? -3$3{y}-7
$3{y} == -4 && -$2{x} >= -10 ? 10
$3{y} == -4 && $2{x} >= 11 ? 5
$3{y} == -3 && -$2{x} >= -10 ? 6
$3{y} == -3 && $2{x} >= 11 ? 5
-$3{y} >= -2 && $3{y} >= -2 ? 2
$3{y} == 3 && -$2{x} >= -10 ? 8
$3{y} == 3 && $2{x} >= 11 ? 7
$3{y} == 4 && -$2{x} >= -10 ? 14
$3{y} == 4 && $2{x} >= 11 ? 7
$3{y} >= 5 && -$2{x} >= -10 ? 6$3{y}-10
$3{y} >= 5 && $2{x} >= 11 ? 10$3{y}-33

[17:]: -$3{y} >= 5 && -$2{x} >= -10 ? -4$3{y}-6
-$3{y} >= 5 && $2{x} >= 11 ? -3$3{y}-7
$3{y} == -4 && -$2{x} >= -10 ? 10
$3{y} == -4 && $2{x} >= 11 ? 5
$3{y} == -3 && -$2{x} >= -10 ? 6
$3{y} == -3 && $2{x} >= 11 ? 5
-$3{y} >= -2 && $3{y} >= -2 ? 2
$3{y} == 3 && -$2{x} >= -10 ? 8
$3{y} == 3 && $2{x} >= 11 ? 7
$3{y} == 4 && -$2{x} >= -10 ? 14
$3{y} == 4 && $2{x} >= 11 ? 7
$3{y} >= 5 && -$2{x} >= -10 ? 6$3{y}-10
$3{y} >= 5 && $2{x} >= 11 ? 10$3{y}-33

[18:]: -$3{y} >= 5 && -$2{x} >= -10 ? -4$3{y}-6
-$3{y} >= 5 && $2{x} >= 11 ? -3$3{y}-7
$3{y} == -4 && -$2{x} >= -10 ? 10
$3{y} == -4 && $2{x} >= 11 ? 5
$3{y} == -3 && -$2{x} >= -10 ? 6
$3{y} == -3 && $2{x} >= 11 ? 5
-$3{y} >= -2 && $3{y} >= -2 ? 2
$3{y} == 3 && -$2{x} >= -10 ? 8
$3{y} == 3 && $2{x} >= 11 ? 7
$3{y} == 4 && -$2{x} >= -10 ? 14
$3{y} == 4 && $2{x} >= 11 ? 7
$3{y} >= 5 && -$2{x} >= -10 ? 6$3{y}-10
$3{y} >= 5 && $2{x} >= 11 ? 10$3{y}-33

[19:]: -$3{y} >= 5 && -$2{x} >= -10 ? -4$3{y}-6
-$3{y} >= 5 && $2{x} >= 11 ? -3$3{y}-7
$3{y} == -4 && -$2{x} >= -10 ? 10
$3{y} == -4 && $2{x} >= 11 ? 5
$3{y} == -3 && -$2{x} >= -10 ? 6
$3{y} == -3 && $2{x} >= 11 ? 5
-$3{y} >= -2 && $3{y} >= -2 ? 2
$3{y} == 3 && -$2{x} >= -10 ? 8
$3{y} == 3 && $2{x} >= 11 ? 7
$3{y} == 4 && -$2{x} >= -10 ? 14
$3{y} == 4 && $2{x} >= 11 ? 7
$3{y} >= 5 && -$2{x} >= -10 ? 6$3{y}-10
$3{y} >= 5 && $2{x} >= 11 ? 10$3{y}-33

[20:]: -$3{y} >= 5 && -$2{x} >= -10 ? -4$3{y}-6
-$3{y} >= 5 && $2{x} >= 11 ? -3$3{y}-7
$3{y} == -4 && -$2{x} >= -10 ? 10
$3{y} == -4 && $2{x} >= 11 ? 5
$3{y} == -3 && -$2{x} >= -10 ? 6
$3{y} == -3 && $2{x} >= 11 ? 5
-$3{y} >= -2 && $3{y} >= -2 ? 2
$3{y} == 3 && -$2{x} >= -10 ? 8
$3{y} == 3 && $2{x} >= 11 ? 7
$3{y} == 4 && -$2{x} >= -10 ? 14
$3{y} == 4 && $2{x} >= 11 ? 7
$3{y} >= 5 && -$2{x} >= -10 ? 6$3{y}-10
$3{y} >= 5 && $2{x} >= 11 ? 10$3{y}-33

[21:]: top ? 1

[22:]: top ? 0.

[23:]: top ? 0.

Analysis Result: TRUE

Done.
