
Abstract Syntax:
[ 1:]
int main( ):
[ 2:] while [ 3:] ( $2{y} < -1 || $2{y} > 1 ) do
[ 4:]   if ( $2{y} < 0 ) then
[ 5:]     $2{y} := $2{y} + 1
[ 6:]
        else
[ 7:]     $2{y} := $2{y} - 1
[ 8:]
        endif
[ 9:]
      od
[10:] $1{$1} := 0
[11:] return
[12:]

Forward Analysis:
[ 1:]: top
[ 2:]: top
[ 3:]: top
[ 4:]: top
[ 5:]: -$2{y} >= 1
[ 6:]: -$2{y} >= 0
[ 7:]: $2{y} >= 0
[ 8:]: $2{y} >= -1
[ 9:]: top
[10:]: -$2{y} >= -1 && $2{y} >= -1
[11:]: -$2{y} >= -1 && $2{y} >= -1 && $1{$1} == 0
[12:]: bottom

Backward Analysis:
[ 1:]: -$2{y} >= 3 ? -3$2{y}-1
$2{y} == -2 ? 5
-$2{y} >= -1 && $2{y} >= -1 ? 2
$2{y} == 2 ? 5
$2{y} >= 3 ? 3$2{y}-1

[ 2:]: -$2{y} >= 3 ? -3$2{y}-1
$2{y} == -2 ? 5
-$2{y} >= -1 && $2{y} >= -1 ? 2
$2{y} == 2 ? 5
$2{y} >= 3 ? 3$2{y}-1

[ 3:]: -$2{y} >= 3 ? -3$2{y}-1
$2{y} == -2 ? 5
-$2{y} >= -1 && $2{y} >= -1 ? 2
$2{y} == 2 ? 5
$2{y} >= 3 ? 3$2{y}-1

[ 4:]: -$2{y} >= 4 ? -3$2{y}-2
$2{y} == -3 ? 7
-$2{y} >= 1 && $2{y} >= -2 ? 4
-$2{y} >= -2 && $2{y} >= 0 ? 4
$2{y} == 3 ? 7
$2{y} >= 4 ? 3$2{y}-2

[ 5:]: -$2{y} >= 4 ? -3$2{y}-3
$2{y} == -3 ? 6
-$2{y} >= 0 && $2{y} >= -2 ? 3
$2{y} == 1 ? 6
$2{y} >= 2 ? 3$2{y}+3

[ 6:]: -$2{y} >= 3 ? -3$2{y}-1
$2{y} == -2 ? 5
-$2{y} >= -1 && $2{y} >= -1 ? 2
$2{y} == 2 ? 5
$2{y} >= 3 ? 3$2{y}-1

[ 7:]: -$2{y} >= 2 ? -3$2{y}+3
$2{y} == -1 ? 6
-$2{y} >= -2 && $2{y} >= 0 ? 3
$2{y} == 3 ? 6
$2{y} >= 4 ? 3$2{y}-3

[ 8:]: -$2{y} >= 3 ? -3$2{y}-1
$2{y} == -2 ? 5
-$2{y} >= -1 && $2{y} >= -1 ? 2
$2{y} == 2 ? 5
$2{y} >= 3 ? 3$2{y}-1

[ 9:]: -$2{y} >= 3 ? -3$2{y}-1
$2{y} == -2 ? 5
-$2{y} >= -1 && $2{y} >= -1 ? 2
$2{y} == 2 ? 5
$2{y} >= 3 ? 3$2{y}-1

[10:]: top ? 1

[11:]: top ? 0.

[12:]: top ? 0.

Analysis Result: TRUE

Done.
