
CFG:
List of variables:
  $1{__return_main}:int at tests/termination/example10.c:10.0-28.1
  $2{x1}:int at tests/termination/example10.c:11.6-8
  $3{x2}:int at tests/termination/example10.c:11.10-12

List of functions:
  1: main() -> $1{__return_main}:int at tests/termination/example10.c:10.0-28.1, entry: 17, exit: 16, calls:

List of nodes:
  17: at :0:-1, in: out:1 
  16: at :0:-1, in: 2 out:
  1: at tests/termination/example10.c:10:0, in: 17 out:3 
  2: at tests/termination/example10.c:28:1, in: 4 out:16 
  3: at tests/termination/example10.c:11:13, in: 13 12 8 10 1 out:4 5 
  4: at tests/termination/example10.c:26:5, in: 3 out:2 
  5: at tests/termination/example10.c:13:4, in: 3 out:6 7 
  6: at tests/termination/example10.c:19:11, in: 5 out:11 12 
  7: at tests/termination/example10.c:13:16, in: 5 out:8 9 
  8: at tests/termination/example10.c:18:8, in: 7 out:3 
  9: at tests/termination/example10.c:14:13, in: 7 out:10 
  10: at tests/termination/example10.c:15:20, in: 9 out:3 
  11: at tests/termination/example10.c:22:11, in: 6 out:13 
  12: at tests/termination/example10.c:21:8, in: 6 out:3 
  13: at tests/termination/example10.c:23:20, in: 11 out:3 
  14: at tests/termination/example10.c:10:0, in: out:15 
  15: at tests/termination/example10.c:28:1, in: 14 out:

List of arcs:
  17 -> 1: label entry
  2 -> 16: label exit
  1 -> 3: skip
  3 -> 5: $2{x1} != 0 && $3{x2} > 0 ?
  3 -> 4: ! ($2{x1} != 0 && $3{x2} > 0) ?
  5 -> 7: $2{x1} > 0 ?
  5 -> 6: ! ($2{x1} > 0) ?
  7 -> 9: brand ?
  7 -> 8: ! (brand) ?
  9 -> 10: $2{x1} = $2{x1} - 1
  10 -> 3: $3{x2} = ?
  8 -> 3: $3{x2} = $3{x2} - 1
  6 -> 12: brand ?
  6 -> 11: ! (brand) ?
  12 -> 3: $2{x1} = $2{x1} + 1
  11 -> 13: $3{x2} = $3{x2} - 1
  13 -> 3: $2{x1} = ?
  4 -> 2: $1{__return_main} = 0
  14 -> 15: skip


Property: exit: true

[1:]:
top ? bottom

[2:]:
top ? bottom

[3:]:
top ? bottom

[4:]:
top ? bottom

[5:]:
top ? bottom

[6:]:
top ? bottom

[7:]:
top ? bottom

[8:]:
top ? bottom

[9:]:
top ? bottom

[10:]:
top ? bottom

[11:]:
top ? bottom

[12:]:
top ? bottom

[13:]:
top ? bottom

[14:]:
top ? bottom

[15:]:
top ? bottom

[16:]:
top ? 0.

[17:]:
top ? bottom

Property: AF{exit: true}

[1:]:
-$3{x2} >= 0 ? 2
$3{x2} == 1 && -$2{x1} >= 1 ? -4$2{x1}+3
$3{x2} == 1 && $2{x1} == 0 ? 2
$3{x2} == 1 && $2{x1} >= 1 ?  ($2{x1}-1)⍵ + 9$2{x1}-2
$3{x2} == 2 && -$2{x1} >= 1 ?  (1)⍵^2 +  (1)⍵ + -4$2{x1}+17
$3{x2} == 2 && $2{x1} == 0 ? 2
$3{x2} == 2 && $2{x1} >= 1 ?  ($2{x1}-1)⍵ + 9$2{x1}+2
$3{x2} >= 3 && -$2{x1} >= 1 ?  (1)⍵^2 +  ($3{x2}-1)⍵ + -4$2{x1}+9$3{x2}-1
$3{x2} >= 3 && $2{x1} == 0 ? 2
$3{x2} >= 3 && $2{x1} >= 1 ?  ($2{x1}-1)⍵ + 9$2{x1}+4$3{x2}-6

[2:]:
top ? 0.

[3:]:
-$3{x2} >= 0 ? 2
$3{x2} == 1 && -$2{x1} >= 1 ? -4$2{x1}+3
$3{x2} == 1 && $2{x1} == 0 ? 2
$3{x2} == 1 && $2{x1} >= 1 ?  ($2{x1}-1)⍵ + 9$2{x1}-2
$3{x2} == 2 && -$2{x1} >= 1 ?  (1)⍵^2 +  (1)⍵ + -4$2{x1}+17
$3{x2} == 2 && $2{x1} == 0 ? 2
$3{x2} == 2 && $2{x1} >= 1 ?  ($2{x1}-1)⍵ + 9$2{x1}+2
$3{x2} == 3 && -$2{x1} >= 1 ?  (1)⍵^2 +  (2)⍵ + -4$2{x1}+26
$3{x2} == 3 && $2{x1} == 0 ? 2
$3{x2} == 3 && $2{x1} >= 1 ?  ($2{x1}-1)⍵ + 9$2{x1}+6
$3{x2} >= 4 && -$2{x1} >= 1 ?  (1)⍵^2 +  ($3{x2}-1)⍵ + -4$2{x1}+9$3{x2}-1
$3{x2} >= 4 && $2{x1} == 0 ? 2
$3{x2} >= 4 && $2{x1} >= 1 ?  ($2{x1}-1)⍵ + 9$2{x1}+4$3{x2}-6

[4:]:
top ? 1

[5:]:
-$3{x2} >= 0 && -$2{x1} >= -1 ? 6
-$3{x2} >= 0 && $2{x1} >= 2 ?  ($2{x1}-1)⍵ + 9$2{x1}-3
$3{x2} == 1 && -$2{x1} >= 1 ? -4$2{x1}+2
$3{x2} == 1 && $2{x1} == 0 ? 10
$3{x2} == 1 && $2{x1} >= 1 ?  ($2{x1}-1)⍵ + 9$2{x1}-3
$3{x2} == 2 && -$2{x1} >= 1 ?  (1)⍵^2 +  (1)⍵ + -4$2{x1}+16
$3{x2} == 2 && $2{x1} == 0 ?  (1)⍵^2 +  (1)⍵ + 20
$3{x2} == 2 && $2{x1} >= 1 ?  ($2{x1}-1)⍵ + 9$2{x1}+1
$3{x2} == 3 && -$2{x1} >= 1 ?  (1)⍵^2 +  (2)⍵ + -4$2{x1}+25
$3{x2} == 3 && $2{x1} == 0 ?  (1)⍵^2 +  (2)⍵ + 29
$3{x2} == 3 && $2{x1} >= 1 ?  ($2{x1}-1)⍵ + 9$2{x1}+5
$3{x2} >= 4 && -$2{x1} >= 1 ?  (1)⍵^2 +  ($3{x2}-1)⍵ + -4$2{x1}+9$3{x2}-2
$3{x2} >= 4 && $2{x1} == 0 ?  (1)⍵^2 +  ($3{x2}-1)⍵ + 9$3{x2}+2
$3{x2} >= 4 && $2{x1} >= 1 ?  ($2{x1}-1)⍵ + 9$2{x1}+4$3{x2}-7

[6:]:
-$3{x2} >= 0 ? 5
$3{x2} == 1 && -$2{x1} >= 1 ? -4$2{x1}+1
$3{x2} == 1 && $2{x1} >= 0 ?  ($2{x1}+0)⍵ + 9$2{x1}+9
$3{x2} == 2 && -$2{x1} >= 1 ?  (1)⍵^2 +  (1)⍵ + -4$2{x1}+15
$3{x2} == 2 && $2{x1} == 0 ?  (1)⍵^2 +  (1)⍵ + 19
$3{x2} == 2 && $2{x1} >= 1 ?  (1)⍵^2 +  ($2{x1}+0)⍵ + 9$2{x1}+13
$3{x2} == 3 && -$2{x1} >= 1 ?  (1)⍵^2 +  (2)⍵ + -4$2{x1}+24
$3{x2} == 3 && -$2{x1} >= -1 && $2{x1} >= 0 ?  (1)⍵^2 +  (2)⍵ + 28
$3{x2} == 3 && $2{x1} >= 2 ?  (1)⍵^2 +  ($2{x1}+0)⍵ + 9$2{x1}+17
$3{x2} >= 4 && -$2{x1} >= 1 ?  (1)⍵^2 +  ($3{x2}-1)⍵ + -4$2{x1}+9$3{x2}-3
$3{x2} >= 4 && -$2{x1} >= -1 && $2{x1} >= 0 ?  (1)⍵^2 +  ($3{x2}-1)⍵ + 9$3{x2}+1
$3{x2} >= 4 && $2{x1} >= 2 ?  (1)⍵^2 +  ($2{x1}+$3{x2}-3)⍵ + 9$2{x1}+9$3{x2}-15

[7:]:
-$3{x2} >= -1 && -$2{x1} >= 0 ?  (2)⍵^2 +  (1)⍵ + -4$2{x1}+24
-$3{x2} >= -1 && $2{x1} >= 1 ?  ($2{x1}-1)⍵ + 9$2{x1}-4
$3{x2} == 2 && -$2{x1} >= 0 ?  (2)⍵^2 +  (1)⍵ + -4$2{x1}+24
$3{x2} == 2 && $2{x1} >= 1 ?  ($2{x1}-1)⍵ + 9$2{x1}+0
$3{x2} == 3 && -$2{x1} >= 0 ?  (2)⍵^2 +  (1)⍵ + -4$2{x1}+24
$3{x2} == 3 && $2{x1} >= 1 ?  ($2{x1}-1)⍵ + 9$2{x1}+4
$3{x2} >= 4 && -$2{x1} >= 1 ?  (2)⍵^2 +  ($3{x2}-2)⍵ + -4$2{x1}+9$3{x2}-8
$3{x2} >= 4 && $2{x1} == 0 ?  (2)⍵^2 +  (1)⍵ + 24
$3{x2} >= 4 && $2{x1} >= 1 ?  ($2{x1}-1)⍵ + 9$2{x1}+4$3{x2}-8

[8:]:
-$3{x2} >= -1 ? 3
$3{x2} == 2 && -$2{x1} >= 1 ? -4$2{x1}+4
$3{x2} == 2 && $2{x1} == 0 ? 3
$3{x2} == 2 && $2{x1} >= 1 ?  ($2{x1}-1)⍵ + 9$2{x1}-1
$3{x2} == 3 && -$2{x1} >= 1 ?  (1)⍵^2 +  (1)⍵ + -4$2{x1}+18
$3{x2} == 3 && $2{x1} == 0 ? 3
$3{x2} == 3 && $2{x1} >= 1 ?  ($2{x1}-1)⍵ + 9$2{x1}+3
$3{x2} >= 4 && -$2{x1} >= 1 ?  (1)⍵^2 +  ($3{x2}-2)⍵ + -4$2{x1}+9$3{x2}-9
$3{x2} >= 4 && $2{x1} == 0 ? 3
$3{x2} >= 4 && $2{x1} >= 1 ?  ($2{x1}-1)⍵ + 9$2{x1}+4$3{x2}-9

[9:]:
-$2{x1} >= 0 ?  (2)⍵^2 +  (1)⍵ + -4$2{x1}+23
$2{x1} >= 1 ?  ($2{x1}-1)⍵ + 9$2{x1}-5

[10:]:
-$2{x1} >= 1 ?  (2)⍵^2 +  (1)⍵ + -4$2{x1}+18
$2{x1} >= 0 ?  ($2{x1}+0)⍵ + 9$2{x1}+3

[11:]:
-$3{x2} >= -1 ? 4
$3{x2} >= 2 ?  (1)⍵^2 +  ($3{x2}-1)⍵ + 9$3{x2}+0

[12:]:
-$3{x2} >= 0 ? 3
$3{x2} == 1 && -$2{x1} >= 2 ? -4$2{x1}+0
$3{x2} == 1 && $2{x1} == -1 ? 3
$3{x2} == 1 && $2{x1} >= 0 ?  ($2{x1}+0)⍵ + 9$2{x1}+8
$3{x2} == 2 && -$2{x1} >= 2 ?  (1)⍵^2 +  (1)⍵ + -4$2{x1}+14
$3{x2} == 2 && $2{x1} == -1 ? 3
$3{x2} == 2 && $2{x1} >= 0 ?  ($2{x1}+0)⍵ + 9$2{x1}+12
$3{x2} >= 3 && -$2{x1} >= 2 ?  (1)⍵^2 +  ($3{x2}-1)⍵ + -4$2{x1}+9$3{x2}-4
$3{x2} >= 3 && $2{x1} == -1 ? 3
$3{x2} >= 3 && $2{x1} >= 0 ?  ($2{x1}+0)⍵ + 9$2{x1}+4$3{x2}+4

[13:]:
-$3{x2} >= 0 ? 3
$3{x2} >= 1 ?  (1)⍵^2 +  ($3{x2}+0)⍵ + 9$3{x2}+8

[14:]:
top ? bottom

[15:]:
top ? bottom

[16:]:
top ? 0.

[17:]:
-$3{x2} >= 0 ? 2
$3{x2} == 1 && -$2{x1} >= 1 ? -4$2{x1}+3
$3{x2} == 1 && $2{x1} == 0 ? 2
$3{x2} == 1 && $2{x1} >= 1 ?  ($2{x1}-1)⍵ + 9$2{x1}-2
$3{x2} == 2 && -$2{x1} >= 1 ?  (1)⍵^2 +  (1)⍵ + -4$2{x1}+17
$3{x2} == 2 && $2{x1} == 0 ? 2
$3{x2} == 2 && $2{x1} >= 1 ?  ($2{x1}-1)⍵ + 9$2{x1}+2
$3{x2} >= 3 && -$2{x1} >= 1 ?  (1)⍵^2 +  ($3{x2}-1)⍵ + -4$2{x1}+9$3{x2}-1
$3{x2} >= 3 && $2{x1} == 0 ? 2
$3{x2} >= 3 && $2{x1} >= 1 ?  ($2{x1}-1)⍵ + 9$2{x1}+4$3{x2}-6


Analysis Result: TRUE
