
CFG:
List of variables:
  $1{__return_main}:int at tests/example1.c:10.0-15.1
  $2{x}:int at tests/example1.c:11.6-7

List of functions:
  1: main() -> $1{__return_main}:int at tests/example1.c:10.0-15.1, entry: 9, exit: 8, calls:

List of nodes:
  9: at :0:-1, in: out:1 
  8: at :0:-1, in: 2 out:
  1: at tests/example1.c:10:0, in: 9 out:3 
  2: at tests/example1.c:15:1, in: 4 out:8 
  3: at tests/example1.c:11:8, in: 5 1 out:4 5 
  4: at tests/example1.c:13:14, in: 3 out:2 
  5: at tests/example1.c:13:4, in: 3 out:3 
  6: at tests/example1.c:10:0, in: out:7 
  7: at tests/example1.c:15:1, in: 6 out:

List of arcs:
  9 -> 1: label entry
  2 -> 8: label exit
  1 -> 3: skip
  3 -> 5: $2{x} <= 10 ?
  3 -> 4: ! ($2{x} <= 10) ?
  5 -> 3: $2{x} = $2{x} + 1
  4 -> 2: $1{__return_main} = 0
  6 -> 7: skip


Property: exit: true

[1:]:
top ? bottom

[2:]:
top ? bottom

[3:]:
top ? bottom

[4:]:
top ? bottom

[5:]:
top ? bottom

[6:]:
top ? bottom

[7:]:
top ? bottom

[8:]:
top ? 0.

[9:]:
top ? bottom

Property: AF{exit: true}

[1:]:
-$2{x} >= -10 ? -2$2{x}+24
$2{x} >= 11 ? 2

[2:]:
top ? 0.

[3:]:
-$2{x} >= -10 ? -2$2{x}+24
$2{x} >= 11 ? 2

[4:]:
top ? 1

[5:]:
-$2{x} >= -9 ? -2$2{x}+23
$2{x} >= 10 ? 3

[6:]:
top ? bottom

[7:]:
top ? bottom

[8:]:
top ? 0.

[9:]:
-$2{x} >= -10 ? -2$2{x}+24
$2{x} >= 11 ? 2


Analysis Result: TRUE
