
Abstract Syntax:
[ 1:]
int get_step( int $2{x}; ):
[ 2:] if ( $2{x} > 20 ) then
[ 3:]   $1{$1} := 3
[ 4:]   return
[ 5:]
      else
[ 6:]   if ( $2{x} > 10 ) then
[ 7:]     $1{$1} := 2
[ 8:]     return
[ 9:]
        else
[10:]
        endif
[11:]
      endif
[12:] $1{$1} := 1
[13:] return
[14:]
int main( ):
[15:] $5{x} := $4{y}
[16:] while [17:] ( $4{y} < -3 || $4{y} > 3 ) do
[18:]   if ( $5{x} > 0 ) then
[19:]     $2{x} := $5{x}
[20:]     if ( $2{x} > 20 ) then
[21:]       $1{$1} := 3
[22:]       return
[23:]
          else
[24:]       if ( $2{x} > 10 ) then
[25:]         $1{$1} := 2
[26:]         return
[27:]
            else
[28:]
            endif
[29:]
          endif
[30:]     $1{$1} := 1
[31:]     $4{y} := $4{y} - $1{$1}
[32:]
        else
[33:]     $2{x} := -1 * $5{x}
[34:]     if ( $2{x} > 20 ) then
[35:]       $1{$1} := 3
[36:]       return
[37:]
          else
[38:]       if ( $2{x} > 10 ) then
[39:]         $1{$1} := 2
[40:]         return
[41:]
            else
[42:]
            endif
[43:]
          endif
[44:]     $1{$1} := 1
[45:]     $4{y} := $4{y} + $1{$1}
[46:]
        endif
[47:]
      od
[48:] $3{$3} := 0
[49:] return
[50:]

Forward Analysis:
[ 1:]: top
[15:]: top
[16:]: top
[17:]: top
[18:]: top
[19:]: $5{x} >= 1
[20:]: $5{x} >= 1 && $2{x} >= 1
[21:]: $5{x} >= 1 && $2{x} >= 21
[22:]: $5{x} >= 1 && $2{x} >= 21 && $1{$1} == 3
[23:]: bottom
[24:]: $5{x} >= 1 && -$2{x} >= -20 && $2{x} >= 1
[25:]: $5{x} >= 1 && -$2{x} >= -20 && $2{x} >= 11
[26:]: $5{x} >= 1 && -$2{x} >= -20 && $2{x} >= 11 && $1{$1} == 2
[27:]: bottom
[28:]: $5{x} >= 1 && -$2{x} >= -10 && $2{x} >= 1
[29:]: $5{x} >= 1 && -$2{x} >= -10 && $2{x} >= 1
[30:]: $5{x} >= 1 && -$2{x} >= -10 && $2{x} >= 1
[31:]: $5{x} >= 1 && -$2{x} >= -10 && $2{x} >= 1 && $1{$1} == 1
[32:]: $5{x} >= 1 && -$2{x} >= -10 && $2{x} >= 1 && $1{$1} == 1
[33:]: -$5{x} >= 0
[34:]: -$5{x} >= 0 && $2{x} >= 0
[35:]: -$5{x} >= 0 && $2{x} >= 21
[36:]: -$5{x} >= 0 && $2{x} >= 21 && $1{$1} == 3
[37:]: bottom
[38:]: -$5{x} >= 0 && -$2{x} >= -20 && $2{x} >= 0
[39:]: -$5{x} >= 0 && -$2{x} >= -20 && $2{x} >= 11
[40:]: -$5{x} >= 0 && -$2{x} >= -20 && $2{x} >= 11 && $1{$1} == 2
[41:]: bottom
[42:]: -$5{x} >= 0 && -$2{x} >= -10 && $2{x} >= 0
[43:]: -$5{x} >= 0 && -$2{x} >= -10 && $2{x} >= 0
[44:]: -$5{x} >= 0 && -$2{x} >= -10 && $2{x} >= 0
[45:]: -$5{x} >= 0 && -$2{x} >= -10 && $2{x} >= 0 && $1{$1} == 1
[46:]: -$5{x} >= 0 && -$2{x} >= -10 && $2{x} >= 0 && $1{$1} == 1
[47:]: -$2{x} >= -10 && $2{x} >= 0 && $1{$1} == 1
[48:]: -$4{y} >= -3 && $4{y} >= -3
[49:]: -$4{y} >= -3 && $4{y} >= -3 && $3{$3} == 0
[50:]: bottom

Backward Analysis:
[ 1:]: -$4{y} >= 21 ? 6
-$4{y} >= 11 && $4{y} >= -20 ? 7
-$4{y} >= 5 && $4{y} >= -10 ? -6$4{y}-8
$4{y} == -4 ? 10
-$4{y} >= 0 && $4{y} >= -3 ? 3
-$4{y} >= -3 && $4{y} >= 1 ? 3
$4{y} == 4 ? 10
-$4{y} >= -10 && $4{y} >= 5 ? 6$4{y}-8
-$4{y} >= -20 && $4{y} >= 11 ? 7
$4{y} >= 21 ? 6

[15:]: -$4{y} >= 21 ? 6
-$4{y} >= 11 && $4{y} >= -20 ? 7
-$4{y} >= 5 && $4{y} >= -10 ? -6$4{y}-8
$4{y} == -4 ? 10
-$4{y} >= 0 && $4{y} >= -3 ? 3
-$4{y} >= -3 && $4{y} >= 1 ? 3
$4{y} == 4 ? 10
-$4{y} >= -10 && $4{y} >= 5 ? 6$4{y}-8
-$4{y} >= -20 && $4{y} >= 11 ? 7
$4{y} >= 21 ? 6

[16:]: -$5{x} >= 21 && -$4{y} >= 5 ? 5
-$5{x} >= 21 && $4{y} == -4 ? 5
-$5{x} >= 21 && -$4{y} >= -3 && $4{y} >= -3 ? 2
-$5{x} >= 21 && $4{y} >= 4 ? 5
-$5{x} >= 11 && $5{x} >= -20 && -$4{y} >= 5 ? 6
-$5{x} >= 11 && $5{x} >= -20 && $4{y} == -4 ? 6
-$5{x} >= 11 && $5{x} >= -20 && -$4{y} >= -3 && $4{y} >= -3 ? 2
-$5{x} >= 11 && $5{x} >= -20 && $4{y} >= 4 ? 6
-$5{x} >= 0 && $5{x} >= -10 && -$4{y} >= 5 ? -7$4{y}+$5{x}-9
-$5{x} >= 0 && $5{x} >= -10 && $4{y} == -4 ? 9
-$5{x} >= 0 && $5{x} >= -10 && -$4{y} >= -3 && $4{y} >= -3 ? 2
-$5{x} >= 0 && $5{x} >= -10 && $4{y} >= 4 ? bottom
-$5{x} >= -10 && $5{x} >= 1 && -$4{y} >= 4 ? bottom
-$5{x} >= -10 && $5{x} >= 1 && -$4{y} >= -3 && $4{y} >= -3 ? 2
-$5{x} >= -10 && $5{x} >= 1 && $4{y} == 4 ? 9
-$5{x} >= -10 && $5{x} >= 1 && $4{y} >= 5 ? 7$4{y}-$5{x}-9
-$5{x} >= -20 && $5{x} >= 11 && -$4{y} >= 4 ? 6
-$5{x} >= -20 && $5{x} >= 11 && -$4{y} >= -3 && $4{y} >= -3 ? 2
-$5{x} >= -20 && $5{x} >= 11 && $4{y} == 4 ? 6
-$5{x} >= -20 && $5{x} >= 11 && $4{y} >= 5 ? 6
$5{x} >= 21 && -$4{y} >= 4 ? 5
$5{x} >= 21 && -$4{y} >= -3 && $4{y} >= -3 ? 2
$5{x} >= 21 && $4{y} == 4 ? 5
$5{x} >= 21 && $4{y} >= 5 ? 5

[17:]: -$5{x} >= 21 && -$4{y} >= 5 ? 5
-$5{x} >= 21 && $4{y} == -4 ? 5
-$5{x} >= 21 && -$4{y} >= -3 && $4{y} >= -3 ? 2
-$5{x} >= 21 && $4{y} >= 4 ? 5
-$5{x} >= 11 && $5{x} >= -20 && -$4{y} >= 5 ? 6
-$5{x} >= 11 && $5{x} >= -20 && $4{y} == -4 ? 6
-$5{x} >= 11 && $5{x} >= -20 && -$4{y} >= -3 && $4{y} >= -3 ? 2
-$5{x} >= 11 && $5{x} >= -20 && $4{y} >= 4 ? 6
-$5{x} >= 0 && $5{x} >= -10 && -$4{y} >= 5 ? -7$4{y}+$5{x}-9
-$5{x} >= 0 && $5{x} >= -10 && $4{y} == -4 ? 9
-$5{x} >= 0 && $5{x} >= -10 && -$4{y} >= -3 && $4{y} >= -3 ? 2
-$5{x} >= 0 && $5{x} >= -10 && $4{y} >= 4 ? bottom
-$5{x} >= -10 && $5{x} >= 1 && -$4{y} >= 4 ? bottom
-$5{x} >= -10 && $5{x} >= 1 && -$4{y} >= -3 && $4{y} >= -3 ? 2
-$5{x} >= -10 && $5{x} >= 1 && $4{y} == 4 ? 9
-$5{x} >= -10 && $5{x} >= 1 && $4{y} >= 5 ? 7$4{y}-$5{x}-9
-$5{x} >= -20 && $5{x} >= 11 && -$4{y} >= 4 ? 6
-$5{x} >= -20 && $5{x} >= 11 && -$4{y} >= -3 && $4{y} >= -3 ? 2
-$5{x} >= -20 && $5{x} >= 11 && $4{y} == 4 ? 6
-$5{x} >= -20 && $5{x} >= 11 && $4{y} >= 5 ? 6
$5{x} >= 21 && -$4{y} >= 4 ? 5
$5{x} >= 21 && -$4{y} >= -3 && $4{y} >= -3 ? 2
$5{x} >= 21 && $4{y} == 4 ? 5
$5{x} >= 21 && $4{y} >= 5 ? 5

[18:]: -$5{x} >= 21 && -$4{y} >= 6 ? 4
-$5{x} >= 21 && $4{y} == -5 ? 4
-$5{x} >= 21 && -$4{y} >= -2 && $4{y} >= -4 ? 4
-$5{x} >= 21 && $4{y} >= 3 ? 4
-$5{x} >= 11 && $5{x} >= -20 && -$4{y} >= 6 ? 5
-$5{x} >= 11 && $5{x} >= -20 && $4{y} == -5 ? 5
-$5{x} >= 11 && $5{x} >= -20 && -$4{y} >= -2 && $4{y} >= -4 ? 5
-$5{x} >= 11 && $5{x} >= -20 && $4{y} >= 3 ? 5
-$5{x} >= 0 && $5{x} >= -10 && -$4{y} >= 6 ? -7$4{y}+$5{x}-10
-$5{x} >= 0 && $5{x} >= -10 && $4{y} == -5 ? 15
-$5{x} >= 0 && $5{x} >= -10 && -$4{y} >= -2 && $4{y} >= -4 ? 8
-$5{x} >= 0 && $5{x} >= -10 && $4{y} >= 3 ? bottom
-$5{x} >= -10 && $5{x} >= 1 && -$4{y} >= 3 ? bottom
-$5{x} >= -10 && $5{x} >= 1 && -$4{y} >= -4 && $4{y} >= -2 ? 8
-$5{x} >= -10 && $5{x} >= 1 && $4{y} == 5 ? 15
-$5{x} >= -10 && $5{x} >= 1 && $4{y} >= 6 ? 7$4{y}-$5{x}-10
-$5{x} >= -20 && $5{x} >= 11 && -$4{y} >= 3 ? 5
-$5{x} >= -20 && $5{x} >= 11 && -$4{y} >= -4 && $4{y} >= -2 ? 5
-$5{x} >= -20 && $5{x} >= 11 && $4{y} == 5 ? 5
-$5{x} >= -20 && $5{x} >= 11 && $4{y} >= 6 ? 5
$5{x} >= 21 && -$4{y} >= 3 ? 4
$5{x} >= 21 && -$4{y} >= -4 && $4{y} >= -2 ? 4
$5{x} >= 21 && $4{y} == 5 ? 4
$5{x} >= 21 && $4{y} >= 6 ? 4

[19:]: -$5{x} >= -10 && $5{x} >= 1 && -$4{y} >= 3 ? bottom
-$5{x} >= -10 && $5{x} >= 1 && -$4{y} >= -4 && $4{y} >= -2 ? 7
-$5{x} >= -10 && $5{x} >= 1 && $4{y} == 5 ? 14
-$5{x} >= -10 && $5{x} >= 1 && $4{y} >= 6 ? 7$4{y}-$5{x}-11
-$5{x} >= -20 && $5{x} >= 11 && -$4{y} >= 3 ? 4
-$5{x} >= -20 && $5{x} >= 11 && -$4{y} >= -4 && $4{y} >= -2 ? 4
-$5{x} >= -20 && $5{x} >= 11 && $4{y} == 5 ? 4
-$5{x} >= -20 && $5{x} >= 11 && $4{y} >= 6 ? 4
$5{x} >= 21 && -$4{y} >= 3 ? 3
$5{x} >= 21 && -$4{y} >= -4 && $4{y} >= -2 ? 3
$5{x} >= 21 && $4{y} == 5 ? 3
$5{x} >= 21 && $4{y} >= 6 ? 3

[20:]: -$5{x} >= -10 && $5{x} >= 1 && -$4{y} >= 3 && -$2{x} >= -10 && $2{x} >= 1 ? bottom
-$5{x} >= -10 && $5{x} >= 1 && -$4{y} >= 3 && -$2{x} >= -20 && $2{x} >= 11 ? 3
-$5{x} >= -10 && $5{x} >= 1 && -$4{y} >= 3 && $2{x} >= 21 ? 2
-$5{x} >= -10 && $5{x} >= 1 && -$4{y} >= -4 && $4{y} >= -2 && -$2{x} >= -10 && $2{x} >= 1 ? 6
-$5{x} >= -10 && $5{x} >= 1 && -$4{y} >= -4 && $4{y} >= -2 && -$2{x} >= -20 && $2{x} >= 11 ? 3
-$5{x} >= -10 && $5{x} >= 1 && -$4{y} >= -4 && $4{y} >= -2 && $2{x} >= 21 ? 2
-$5{x} >= -10 && $5{x} >= 1 && $4{y} == 5 && -$2{x} >= -10 && $2{x} >= 1 ? 13
-$5{x} >= -10 && $5{x} >= 1 && $4{y} == 5 && -$2{x} >= -20 && $2{x} >= 11 ? 3
-$5{x} >= -10 && $5{x} >= 1 && $4{y} == 5 && $2{x} >= 21 ? 2
-$5{x} >= -10 && $5{x} >= 1 && $4{y} >= 6 && -$2{x} >= -10 && $2{x} >= 1 ? 7$4{y}-$5{x}-12
-$5{x} >= -10 && $5{x} >= 1 && $4{y} >= 6 && -$2{x} >= -20 && $2{x} >= 11 ? 3
-$5{x} >= -10 && $5{x} >= 1 && $4{y} >= 6 && $2{x} >= 21 ? 2
-$5{x} >= -20 && $5{x} >= 11 && -$4{y} >= 3 && -$2{x} >= -10 && $2{x} >= 1 ? 10
-$5{x} >= -20 && $5{x} >= 11 && -$4{y} >= 3 && -$2{x} >= -20 && $2{x} >= 11 ? 3
-$5{x} >= -20 && $5{x} >= 11 && -$4{y} >= 3 && $2{x} >= 21 ? 2
-$5{x} >= -20 && $5{x} >= 11 && -$4{y} >= -4 && $4{y} >= -2 && -$2{x} >= -10 && $2{x} >= 1 ? 6
-$5{x} >= -20 && $5{x} >= 11 && -$4{y} >= -4 && $4{y} >= -2 && -$2{x} >= -20 && $2{x} >= 11 ? 3
-$5{x} >= -20 && $5{x} >= 11 && -$4{y} >= -4 && $4{y} >= -2 && $2{x} >= 21 ? 2
-$5{x} >= -20 && $5{x} >= 11 && $4{y} == 5 && -$2{x} >= -10 && $2{x} >= 1 ? 10
-$5{x} >= -20 && $5{x} >= 11 && $4{y} == 5 && -$2{x} >= -20 && $2{x} >= 11 ? 3
-$5{x} >= -20 && $5{x} >= 11 && $4{y} == 5 && $2{x} >= 21 ? 2
-$5{x} >= -20 && $5{x} >= 11 && $4{y} >= 6 && -$2{x} >= -10 && $2{x} >= 1 ? 10
-$5{x} >= -20 && $5{x} >= 11 && $4{y} >= 6 && -$2{x} >= -20 && $2{x} >= 11 ? 3
-$5{x} >= -20 && $5{x} >= 11 && $4{y} >= 6 && $2{x} >= 21 ? 2
$5{x} >= 21 && -$4{y} >= 3 && -$2{x} >= -10 && $2{x} >= 1 ? 9
$5{x} >= 21 && -$4{y} >= 3 && -$2{x} >= -20 && $2{x} >= 11 ? 3
$5{x} >= 21 && -$4{y} >= 3 && $2{x} >= 21 ? 2
$5{x} >= 21 && -$4{y} >= -4 && $4{y} >= -2 && -$2{x} >= -10 && $2{x} >= 1 ? 6
$5{x} >= 21 && -$4{y} >= -4 && $4{y} >= -2 && -$2{x} >= -20 && $2{x} >= 11 ? 3
$5{x} >= 21 && -$4{y} >= -4 && $4{y} >= -2 && $2{x} >= 21 ? 2
$5{x} >= 21 && $4{y} == 5 && -$2{x} >= -10 && $2{x} >= 1 ? 9
$5{x} >= 21 && $4{y} == 5 && -$2{x} >= -20 && $2{x} >= 11 ? 3
$5{x} >= 21 && $4{y} == 5 && $2{x} >= 21 ? 2
$5{x} >= 21 && $4{y} >= 6 && -$2{x} >= -10 && $2{x} >= 1 ? 9
$5{x} >= 21 && $4{y} >= 6 && -$2{x} >= -20 && $2{x} >= 11 ? 3
$5{x} >= 21 && $4{y} >= 6 && $2{x} >= 21 ? 2

[21:]: $5{x} >= 1 && $2{x} >= 21 ? 1

[22:]: $5{x} >= 1 && $2{x} >= 21 && $1{$1} == 3 ? 0.

[23:]: 
[24:]: -$5{x} >= -10 && $5{x} >= 1 && -$4{y} >= 3 && -$2{x} >= -10 && $2{x} >= 1 ? bottom
-$5{x} >= -10 && $5{x} >= 1 && -$4{y} >= 3 && -$2{x} >= -20 && $2{x} >= 11 ? 2
-$5{x} >= -10 && $5{x} >= 1 && -$4{y} >= -4 && $4{y} >= -2 && -$2{x} >= -10 && $2{x} >= 1 ? 5
-$5{x} >= -10 && $5{x} >= 1 && -$4{y} >= -4 && $4{y} >= -2 && -$2{x} >= -20 && $2{x} >= 11 ? 2
-$5{x} >= -10 && $5{x} >= 1 && $4{y} == 5 && -$2{x} >= -10 && $2{x} >= 1 ? 12
-$5{x} >= -10 && $5{x} >= 1 && $4{y} == 5 && -$2{x} >= -20 && $2{x} >= 11 ? 2
-$5{x} >= -10 && $5{x} >= 1 && $4{y} >= 6 && -$2{x} >= -10 && $2{x} >= 1 ? 7$4{y}-$5{x}-13
-$5{x} >= -10 && $5{x} >= 1 && $4{y} >= 6 && -$2{x} >= -20 && $2{x} >= 11 ? 2
-$5{x} >= -20 && $5{x} >= 11 && -$4{y} >= 3 && -$2{x} >= -10 && $2{x} >= 1 ? 9
-$5{x} >= -20 && $5{x} >= 11 && -$4{y} >= 3 && -$2{x} >= -20 && $2{x} >= 11 ? 2
-$5{x} >= -20 && $5{x} >= 11 && -$4{y} >= -4 && $4{y} >= -2 && -$2{x} >= -10 && $2{x} >= 1 ? 5
-$5{x} >= -20 && $5{x} >= 11 && -$4{y} >= -4 && $4{y} >= -2 && -$2{x} >= -20 && $2{x} >= 11 ? 2
-$5{x} >= -20 && $5{x} >= 11 && $4{y} == 5 && -$2{x} >= -10 && $2{x} >= 1 ? 9
-$5{x} >= -20 && $5{x} >= 11 && $4{y} == 5 && -$2{x} >= -20 && $2{x} >= 11 ? 2
-$5{x} >= -20 && $5{x} >= 11 && $4{y} >= 6 && -$2{x} >= -10 && $2{x} >= 1 ? 9
-$5{x} >= -20 && $5{x} >= 11 && $4{y} >= 6 && -$2{x} >= -20 && $2{x} >= 11 ? 2
$5{x} >= 21 && -$4{y} >= 3 && -$2{x} >= -10 && $2{x} >= 1 ? 8
$5{x} >= 21 && -$4{y} >= 3 && -$2{x} >= -20 && $2{x} >= 11 ? 2
$5{x} >= 21 && -$4{y} >= -4 && $4{y} >= -2 && -$2{x} >= -10 && $2{x} >= 1 ? 5
$5{x} >= 21 && -$4{y} >= -4 && $4{y} >= -2 && -$2{x} >= -20 && $2{x} >= 11 ? 2
$5{x} >= 21 && $4{y} == 5 && -$2{x} >= -10 && $2{x} >= 1 ? 8
$5{x} >= 21 && $4{y} == 5 && -$2{x} >= -20 && $2{x} >= 11 ? 2
$5{x} >= 21 && $4{y} >= 6 && -$2{x} >= -10 && $2{x} >= 1 ? 8
$5{x} >= 21 && $4{y} >= 6 && -$2{x} >= -20 && $2{x} >= 11 ? 2

[25:]: $5{x} >= 1 && -$2{x} >= -20 && $2{x} >= 11 ? 1

[26:]: $5{x} >= 1 && -$2{x} >= -20 && $2{x} >= 11 && $1{$1} == 2 ? 0.

[27:]: 
[28:]: -$5{x} >= -10 && $5{x} >= 1 && -$4{y} >= 3 && -$2{x} >= -10 && $2{x} >= 1 ? bottom
-$5{x} >= -10 && $5{x} >= 1 && -$4{y} >= -4 && $4{y} >= -2 && -$2{x} >= -10 && $2{x} >= 1 ? 4
-$5{x} >= -10 && $5{x} >= 1 && $4{y} == 5 && -$2{x} >= -10 && $2{x} >= 1 ? 11
-$5{x} >= -10 && $5{x} >= 1 && $4{y} >= 6 && -$2{x} >= -10 && $2{x} >= 1 ? 7$4{y}-$5{x}-14
-$5{x} >= -20 && $5{x} >= 11 && -$4{y} >= 3 && -$2{x} >= -10 && $2{x} >= 1 ? 8
-$5{x} >= -20 && $5{x} >= 11 && -$4{y} >= -4 && $4{y} >= -2 && -$2{x} >= -10 && $2{x} >= 1 ? 4
-$5{x} >= -20 && $5{x} >= 11 && $4{y} == 5 && -$2{x} >= -10 && $2{x} >= 1 ? 8
-$5{x} >= -20 && $5{x} >= 11 && $4{y} >= 6 && -$2{x} >= -10 && $2{x} >= 1 ? 8
$5{x} >= 21 && -$4{y} >= 3 && -$2{x} >= -10 && $2{x} >= 1 ? 7
$5{x} >= 21 && -$4{y} >= -4 && $4{y} >= -2 && -$2{x} >= -10 && $2{x} >= 1 ? 4
$5{x} >= 21 && $4{y} == 5 && -$2{x} >= -10 && $2{x} >= 1 ? 7
$5{x} >= 21 && $4{y} >= 6 && -$2{x} >= -10 && $2{x} >= 1 ? 7

[29:]: -$5{x} >= -10 && $5{x} >= 1 && -$4{y} >= 3 && -$2{x} >= -10 && $2{x} >= 1 ? bottom
-$5{x} >= -10 && $5{x} >= 1 && -$4{y} >= -4 && $4{y} >= -2 && -$2{x} >= -10 && $2{x} >= 1 ? 4
-$5{x} >= -10 && $5{x} >= 1 && $4{y} == 5 && -$2{x} >= -10 && $2{x} >= 1 ? 11
-$5{x} >= -10 && $5{x} >= 1 && $4{y} >= 6 && -$2{x} >= -10 && $2{x} >= 1 ? 7$4{y}-$5{x}-14
-$5{x} >= -20 && $5{x} >= 11 && -$4{y} >= 3 && -$2{x} >= -10 && $2{x} >= 1 ? 8
-$5{x} >= -20 && $5{x} >= 11 && -$4{y} >= -4 && $4{y} >= -2 && -$2{x} >= -10 && $2{x} >= 1 ? 4
-$5{x} >= -20 && $5{x} >= 11 && $4{y} == 5 && -$2{x} >= -10 && $2{x} >= 1 ? 8
-$5{x} >= -20 && $5{x} >= 11 && $4{y} >= 6 && -$2{x} >= -10 && $2{x} >= 1 ? 8
$5{x} >= 21 && -$4{y} >= 3 && -$2{x} >= -10 && $2{x} >= 1 ? 7
$5{x} >= 21 && -$4{y} >= -4 && $4{y} >= -2 && -$2{x} >= -10 && $2{x} >= 1 ? 4
$5{x} >= 21 && $4{y} == 5 && -$2{x} >= -10 && $2{x} >= 1 ? 7
$5{x} >= 21 && $4{y} >= 6 && -$2{x} >= -10 && $2{x} >= 1 ? 7

[30:]: -$5{x} >= -10 && $5{x} >= 1 && -$4{y} >= 3 && -$2{x} >= -10 && $2{x} >= 1 ? bottom
-$5{x} >= -10 && $5{x} >= 1 && -$4{y} >= -4 && $4{y} >= -2 && -$2{x} >= -10 && $2{x} >= 1 ? 4
-$5{x} >= -10 && $5{x} >= 1 && $4{y} == 5 && -$2{x} >= -10 && $2{x} >= 1 ? 11
-$5{x} >= -10 && $5{x} >= 1 && $4{y} >= 6 && -$2{x} >= -10 && $2{x} >= 1 ? 7$4{y}-$5{x}-14
-$5{x} >= -20 && $5{x} >= 11 && -$4{y} >= 3 && -$2{x} >= -10 && $2{x} >= 1 ? 8
-$5{x} >= -20 && $5{x} >= 11 && -$4{y} >= -4 && $4{y} >= -2 && -$2{x} >= -10 && $2{x} >= 1 ? 4
-$5{x} >= -20 && $5{x} >= 11 && $4{y} == 5 && -$2{x} >= -10 && $2{x} >= 1 ? 8
-$5{x} >= -20 && $5{x} >= 11 && $4{y} >= 6 && -$2{x} >= -10 && $2{x} >= 1 ? 8
$5{x} >= 21 && -$4{y} >= 3 && -$2{x} >= -10 && $2{x} >= 1 ? 7
$5{x} >= 21 && -$4{y} >= -4 && $4{y} >= -2 && -$2{x} >= -10 && $2{x} >= 1 ? 4
$5{x} >= 21 && $4{y} == 5 && -$2{x} >= -10 && $2{x} >= 1 ? 7
$5{x} >= 21 && $4{y} >= 6 && -$2{x} >= -10 && $2{x} >= 1 ? 7

[31:]: -$5{x} >= -10 && $5{x} >= 1 && -$4{y} >= 3 && -$2{x} >= -10 && $2{x} >= 1 && $1{$1} == 1 ? bottom
-$5{x} >= -10 && $5{x} >= 1 && -$4{y} >= -4 && $4{y} >= -2 && -$2{x} >= -10 && $2{x} >= 1 && $1{$1} == 1 ? 3
-$5{x} >= -10 && $5{x} >= 1 && $4{y} == 5 && -$2{x} >= -10 && $2{x} >= 1 && $1{$1} == 1 ? 10
-$5{x} >= -10 && $5{x} >= 1 && $4{y} >= 6 && -$2{x} >= -10 && $2{x} >= 1 && $1{$1} == 1 ? -7$1{$1}+7$4{y}-$5{x}-8
-$5{x} >= -20 && $5{x} >= 11 && -$4{y} >= 3 && -$2{x} >= -10 && $2{x} >= 1 && $1{$1} == 1 ? 7
-$5{x} >= -20 && $5{x} >= 11 && -$4{y} >= -4 && $4{y} >= -2 && -$2{x} >= -10 && $2{x} >= 1 && $1{$1} == 1 ? 3
-$5{x} >= -20 && $5{x} >= 11 && $4{y} == 5 && -$2{x} >= -10 && $2{x} >= 1 && $1{$1} == 1 ? 7
-$5{x} >= -20 && $5{x} >= 11 && $4{y} >= 6 && -$2{x} >= -10 && $2{x} >= 1 && $1{$1} == 1 ? 7
$5{x} >= 21 && -$4{y} >= 3 && -$2{x} >= -10 && $2{x} >= 1 && $1{$1} == 1 ? 6
$5{x} >= 21 && -$4{y} >= -4 && $4{y} >= -2 && -$2{x} >= -10 && $2{x} >= 1 && $1{$1} == 1 ? 3
$5{x} >= 21 && $4{y} == 5 && -$2{x} >= -10 && $2{x} >= 1 && $1{$1} == 1 ? 6
$5{x} >= 21 && $4{y} >= 6 && -$2{x} >= -10 && $2{x} >= 1 && $1{$1} == 1 ? 6

[32:]: -$5{x} >= -10 && $5{x} >= 1 && -$4{y} >= 4 && -$2{x} >= -10 && $2{x} >= 1 && $1{$1} == 1 ? bottom
-$5{x} >= -10 && $5{x} >= 1 && -$4{y} >= -3 && $4{y} >= -3 && -$2{x} >= -10 && $2{x} >= 1 && $1{$1} == 1 ? 2
-$5{x} >= -10 && $5{x} >= 1 && $4{y} == 4 && -$2{x} >= -10 && $2{x} >= 1 && $1{$1} == 1 ? 9
-$5{x} >= -10 && $5{x} >= 1 && $4{y} >= 5 && -$2{x} >= -10 && $2{x} >= 1 && $1{$1} == 1 ? 7$4{y}-$5{x}-9
-$5{x} >= -20 && $5{x} >= 11 && -$4{y} >= 4 && -$2{x} >= -10 && $2{x} >= 1 && $1{$1} == 1 ? 6
-$5{x} >= -20 && $5{x} >= 11 && -$4{y} >= -3 && $4{y} >= -3 && -$2{x} >= -10 && $2{x} >= 1 && $1{$1} == 1 ? 2
-$5{x} >= -20 && $5{x} >= 11 && $4{y} == 4 && -$2{x} >= -10 && $2{x} >= 1 && $1{$1} == 1 ? 6
-$5{x} >= -20 && $5{x} >= 11 && $4{y} >= 5 && -$2{x} >= -10 && $2{x} >= 1 && $1{$1} == 1 ? 6
$5{x} >= 21 && -$4{y} >= 4 && -$2{x} >= -10 && $2{x} >= 1 && $1{$1} == 1 ? 5
$5{x} >= 21 && -$4{y} >= -3 && $4{y} >= -3 && -$2{x} >= -10 && $2{x} >= 1 && $1{$1} == 1 ? 2
$5{x} >= 21 && $4{y} == 4 && -$2{x} >= -10 && $2{x} >= 1 && $1{$1} == 1 ? 5
$5{x} >= 21 && $4{y} >= 5 && -$2{x} >= -10 && $2{x} >= 1 && $1{$1} == 1 ? 5

[33:]: -$5{x} >= 21 && -$4{y} >= 6 ? 3
-$5{x} >= 21 && $4{y} == -5 ? 3
-$5{x} >= 21 && -$4{y} >= -2 && $4{y} >= -4 ? 3
-$5{x} >= 21 && $4{y} >= 3 ? 3
-$5{x} >= 11 && $5{x} >= -20 && -$4{y} >= 6 ? 4
-$5{x} >= 11 && $5{x} >= -20 && $4{y} == -5 ? 4
-$5{x} >= 11 && $5{x} >= -20 && -$4{y} >= -2 && $4{y} >= -4 ? 4
-$5{x} >= 11 && $5{x} >= -20 && $4{y} >= 3 ? 4
-$5{x} >= 0 && $5{x} >= -10 && -$4{y} >= 6 ? -7$4{y}+$5{x}-11
-$5{x} >= 0 && $5{x} >= -10 && $4{y} == -5 ? 14
-$5{x} >= 0 && $5{x} >= -10 && -$4{y} >= -2 && $4{y} >= -4 ? 7
-$5{x} >= 0 && $5{x} >= -10 && $4{y} >= 3 ? bottom

[34:]: -$5{x} >= 21 && -$4{y} >= 6 && -$2{x} >= -10 && $2{x} >= 0 ? 9
-$5{x} >= 21 && -$4{y} >= 6 && -$2{x} >= -20 && $2{x} >= 11 ? 3
-$5{x} >= 21 && -$4{y} >= 6 && $2{x} >= 21 ? 2
-$5{x} >= 21 && $4{y} == -5 && -$2{x} >= -10 && $2{x} >= 0 ? 9
-$5{x} >= 21 && $4{y} == -5 && -$2{x} >= -20 && $2{x} >= 11 ? 3
-$5{x} >= 21 && $4{y} == -5 && $2{x} >= 21 ? 2
-$5{x} >= 21 && -$4{y} >= -2 && $4{y} >= -4 && -$2{x} >= -10 && $2{x} >= 0 ? 6
-$5{x} >= 21 && -$4{y} >= -2 && $4{y} >= -4 && -$2{x} >= -20 && $2{x} >= 11 ? 3
-$5{x} >= 21 && -$4{y} >= -2 && $4{y} >= -4 && $2{x} >= 21 ? 2
-$5{x} >= 21 && $4{y} >= 3 && -$2{x} >= -10 && $2{x} >= 0 ? 9
-$5{x} >= 21 && $4{y} >= 3 && -$2{x} >= -20 && $2{x} >= 11 ? 3
-$5{x} >= 21 && $4{y} >= 3 && $2{x} >= 21 ? 2
-$5{x} >= 11 && $5{x} >= -20 && -$4{y} >= 6 && -$2{x} >= -10 && $2{x} >= 0 ? 10
-$5{x} >= 11 && $5{x} >= -20 && -$4{y} >= 6 && -$2{x} >= -20 && $2{x} >= 11 ? 3
-$5{x} >= 11 && $5{x} >= -20 && -$4{y} >= 6 && $2{x} >= 21 ? 2
-$5{x} >= 11 && $5{x} >= -20 && $4{y} == -5 && -$2{x} >= -10 && $2{x} >= 0 ? 10
-$5{x} >= 11 && $5{x} >= -20 && $4{y} == -5 && -$2{x} >= -20 && $2{x} >= 11 ? 3
-$5{x} >= 11 && $5{x} >= -20 && $4{y} == -5 && $2{x} >= 21 ? 2
-$5{x} >= 11 && $5{x} >= -20 && -$4{y} >= -2 && $4{y} >= -4 && -$2{x} >= -10 && $2{x} >= 0 ? 6
-$5{x} >= 11 && $5{x} >= -20 && -$4{y} >= -2 && $4{y} >= -4 && -$2{x} >= -20 && $2{x} >= 11 ? 3
-$5{x} >= 11 && $5{x} >= -20 && -$4{y} >= -2 && $4{y} >= -4 && $2{x} >= 21 ? 2
-$5{x} >= 11 && $5{x} >= -20 && $4{y} >= 3 && -$2{x} >= -10 && $2{x} >= 0 ? 10
-$5{x} >= 11 && $5{x} >= -20 && $4{y} >= 3 && -$2{x} >= -20 && $2{x} >= 11 ? 3
-$5{x} >= 11 && $5{x} >= -20 && $4{y} >= 3 && $2{x} >= 21 ? 2
-$5{x} >= 0 && $5{x} >= -10 && -$4{y} >= 6 && -$2{x} >= -10 && $2{x} >= 0 ? -7$4{y}+$5{x}-12
-$5{x} >= 0 && $5{x} >= -10 && -$4{y} >= 6 && -$2{x} >= -20 && $2{x} >= 11 ? 3
-$5{x} >= 0 && $5{x} >= -10 && -$4{y} >= 6 && $2{x} >= 21 ? 2
-$5{x} >= 0 && $5{x} >= -10 && $4{y} == -5 && -$2{x} >= -10 && $2{x} >= 0 ? 13
-$5{x} >= 0 && $5{x} >= -10 && $4{y} == -5 && -$2{x} >= -20 && $2{x} >= 11 ? 3
-$5{x} >= 0 && $5{x} >= -10 && $4{y} == -5 && $2{x} >= 21 ? 2
-$5{x} >= 0 && $5{x} >= -10 && -$4{y} >= -2 && $4{y} >= -4 && -$2{x} >= -10 && $2{x} >= 0 ? 6
-$5{x} >= 0 && $5{x} >= -10 && -$4{y} >= -2 && $4{y} >= -4 && -$2{x} >= -20 && $2{x} >= 11 ? 3
-$5{x} >= 0 && $5{x} >= -10 && -$4{y} >= -2 && $4{y} >= -4 && $2{x} >= 21 ? 2
-$5{x} >= 0 && $5{x} >= -10 && $4{y} >= 3 && -$2{x} >= -10 && $2{x} >= 0 ? bottom
-$5{x} >= 0 && $5{x} >= -10 && $4{y} >= 3 && -$2{x} >= -20 && $2{x} >= 11 ? 3
-$5{x} >= 0 && $5{x} >= -10 && $4{y} >= 3 && $2{x} >= 21 ? 2

[35:]: -$5{x} >= 0 && $2{x} >= 21 ? 1

[36:]: -$5{x} >= 0 && $2{x} >= 21 && $1{$1} == 3 ? 0.

[37:]: 
[38:]: -$5{x} >= 21 && -$4{y} >= 6 && -$2{x} >= -10 && $2{x} >= 0 ? 8
-$5{x} >= 21 && -$4{y} >= 6 && -$2{x} >= -20 && $2{x} >= 11 ? 2
-$5{x} >= 21 && $4{y} == -5 && -$2{x} >= -10 && $2{x} >= 0 ? 8
-$5{x} >= 21 && $4{y} == -5 && -$2{x} >= -20 && $2{x} >= 11 ? 2
-$5{x} >= 21 && -$4{y} >= -2 && $4{y} >= -4 && -$2{x} >= -10 && $2{x} >= 0 ? 5
-$5{x} >= 21 && -$4{y} >= -2 && $4{y} >= -4 && -$2{x} >= -20 && $2{x} >= 11 ? 2
-$5{x} >= 21 && $4{y} >= 3 && -$2{x} >= -10 && $2{x} >= 0 ? 8
-$5{x} >= 21 && $4{y} >= 3 && -$2{x} >= -20 && $2{x} >= 11 ? 2
-$5{x} >= 11 && $5{x} >= -20 && -$4{y} >= 6 && -$2{x} >= -10 && $2{x} >= 0 ? 9
-$5{x} >= 11 && $5{x} >= -20 && -$4{y} >= 6 && -$2{x} >= -20 && $2{x} >= 11 ? 2
-$5{x} >= 11 && $5{x} >= -20 && $4{y} == -5 && -$2{x} >= -10 && $2{x} >= 0 ? 9
-$5{x} >= 11 && $5{x} >= -20 && $4{y} == -5 && -$2{x} >= -20 && $2{x} >= 11 ? 2
-$5{x} >= 11 && $5{x} >= -20 && -$4{y} >= -2 && $4{y} >= -4 && -$2{x} >= -10 && $2{x} >= 0 ? 5
-$5{x} >= 11 && $5{x} >= -20 && -$4{y} >= -2 && $4{y} >= -4 && -$2{x} >= -20 && $2{x} >= 11 ? 2
-$5{x} >= 11 && $5{x} >= -20 && $4{y} >= 3 && -$2{x} >= -10 && $2{x} >= 0 ? 9
-$5{x} >= 11 && $5{x} >= -20 && $4{y} >= 3 && -$2{x} >= -20 && $2{x} >= 11 ? 2
-$5{x} >= 0 && $5{x} >= -10 && -$4{y} >= 6 && -$2{x} >= -10 && $2{x} >= 0 ? -7$4{y}+$5{x}-13
-$5{x} >= 0 && $5{x} >= -10 && -$4{y} >= 6 && -$2{x} >= -20 && $2{x} >= 11 ? 2
-$5{x} >= 0 && $5{x} >= -10 && $4{y} == -5 && -$2{x} >= -10 && $2{x} >= 0 ? 12
-$5{x} >= 0 && $5{x} >= -10 && $4{y} == -5 && -$2{x} >= -20 && $2{x} >= 11 ? 2
-$5{x} >= 0 && $5{x} >= -10 && -$4{y} >= -2 && $4{y} >= -4 && -$2{x} >= -10 && $2{x} >= 0 ? 5
-$5{x} >= 0 && $5{x} >= -10 && -$4{y} >= -2 && $4{y} >= -4 && -$2{x} >= -20 && $2{x} >= 11 ? 2
-$5{x} >= 0 && $5{x} >= -10 && $4{y} >= 3 && -$2{x} >= -10 && $2{x} >= 0 ? bottom
-$5{x} >= 0 && $5{x} >= -10 && $4{y} >= 3 && -$2{x} >= -20 && $2{x} >= 11 ? 2

[39:]: -$5{x} >= 0 && -$2{x} >= -20 && $2{x} >= 11 ? 1

[40:]: -$5{x} >= 0 && -$2{x} >= -20 && $2{x} >= 11 && $1{$1} == 2 ? 0.

[41:]: 
[42:]: -$5{x} >= 21 && -$4{y} >= 6 && -$2{x} >= -10 && $2{x} >= 0 ? 7
-$5{x} >= 21 && $4{y} == -5 && -$2{x} >= -10 && $2{x} >= 0 ? 7
-$5{x} >= 21 && -$4{y} >= -2 && $4{y} >= -4 && -$2{x} >= -10 && $2{x} >= 0 ? 4
-$5{x} >= 21 && $4{y} >= 3 && -$2{x} >= -10 && $2{x} >= 0 ? 7
-$5{x} >= 11 && $5{x} >= -20 && -$4{y} >= 6 && -$2{x} >= -10 && $2{x} >= 0 ? 8
-$5{x} >= 11 && $5{x} >= -20 && $4{y} == -5 && -$2{x} >= -10 && $2{x} >= 0 ? 8
-$5{x} >= 11 && $5{x} >= -20 && -$4{y} >= -2 && $4{y} >= -4 && -$2{x} >= -10 && $2{x} >= 0 ? 4
-$5{x} >= 11 && $5{x} >= -20 && $4{y} >= 3 && -$2{x} >= -10 && $2{x} >= 0 ? 8
-$5{x} >= 0 && $5{x} >= -10 && -$4{y} >= 6 && -$2{x} >= -10 && $2{x} >= 0 ? -7$4{y}+$5{x}-14
-$5{x} >= 0 && $5{x} >= -10 && $4{y} == -5 && -$2{x} >= -10 && $2{x} >= 0 ? 11
-$5{x} >= 0 && $5{x} >= -10 && -$4{y} >= -2 && $4{y} >= -4 && -$2{x} >= -10 && $2{x} >= 0 ? 4
-$5{x} >= 0 && $5{x} >= -10 && $4{y} >= 3 && -$2{x} >= -10 && $2{x} >= 0 ? bottom

[43:]: -$5{x} >= 21 && -$4{y} >= 6 && -$2{x} >= -10 && $2{x} >= 0 ? 7
-$5{x} >= 21 && $4{y} == -5 && -$2{x} >= -10 && $2{x} >= 0 ? 7
-$5{x} >= 21 && -$4{y} >= -2 && $4{y} >= -4 && -$2{x} >= -10 && $2{x} >= 0 ? 4
-$5{x} >= 21 && $4{y} >= 3 && -$2{x} >= -10 && $2{x} >= 0 ? 7
-$5{x} >= 11 && $5{x} >= -20 && -$4{y} >= 6 && -$2{x} >= -10 && $2{x} >= 0 ? 8
-$5{x} >= 11 && $5{x} >= -20 && $4{y} == -5 && -$2{x} >= -10 && $2{x} >= 0 ? 8
-$5{x} >= 11 && $5{x} >= -20 && -$4{y} >= -2 && $4{y} >= -4 && -$2{x} >= -10 && $2{x} >= 0 ? 4
-$5{x} >= 11 && $5{x} >= -20 && $4{y} >= 3 && -$2{x} >= -10 && $2{x} >= 0 ? 8
-$5{x} >= 0 && $5{x} >= -10 && -$4{y} >= 6 && -$2{x} >= -10 && $2{x} >= 0 ? -7$4{y}+$5{x}-14
-$5{x} >= 0 && $5{x} >= -10 && $4{y} == -5 && -$2{x} >= -10 && $2{x} >= 0 ? 11
-$5{x} >= 0 && $5{x} >= -10 && -$4{y} >= -2 && $4{y} >= -4 && -$2{x} >= -10 && $2{x} >= 0 ? 4
-$5{x} >= 0 && $5{x} >= -10 && $4{y} >= 3 && -$2{x} >= -10 && $2{x} >= 0 ? bottom

[44:]: -$5{x} >= 21 && -$4{y} >= 6 && -$2{x} >= -10 && $2{x} >= 0 ? 7
-$5{x} >= 21 && $4{y} == -5 && -$2{x} >= -10 && $2{x} >= 0 ? 7
-$5{x} >= 21 && -$4{y} >= -2 && $4{y} >= -4 && -$2{x} >= -10 && $2{x} >= 0 ? 4
-$5{x} >= 21 && $4{y} >= 3 && -$2{x} >= -10 && $2{x} >= 0 ? 7
-$5{x} >= 11 && $5{x} >= -20 && -$4{y} >= 6 && -$2{x} >= -10 && $2{x} >= 0 ? 8
-$5{x} >= 11 && $5{x} >= -20 && $4{y} == -5 && -$2{x} >= -10 && $2{x} >= 0 ? 8
-$5{x} >= 11 && $5{x} >= -20 && -$4{y} >= -2 && $4{y} >= -4 && -$2{x} >= -10 && $2{x} >= 0 ? 4
-$5{x} >= 11 && $5{x} >= -20 && $4{y} >= 3 && -$2{x} >= -10 && $2{x} >= 0 ? 8
-$5{x} >= 0 && $5{x} >= -10 && -$4{y} >= 6 && -$2{x} >= -10 && $2{x} >= 0 ? -7$4{y}+$5{x}-14
-$5{x} >= 0 && $5{x} >= -10 && $4{y} == -5 && -$2{x} >= -10 && $2{x} >= 0 ? 11
-$5{x} >= 0 && $5{x} >= -10 && -$4{y} >= -2 && $4{y} >= -4 && -$2{x} >= -10 && $2{x} >= 0 ? 4
-$5{x} >= 0 && $5{x} >= -10 && $4{y} >= 3 && -$2{x} >= -10 && $2{x} >= 0 ? bottom

[45:]: -$5{x} >= 21 && -$4{y} >= 6 && -$2{x} >= -10 && $2{x} >= 0 && $1{$1} == 1 ? 6
-$5{x} >= 21 && $4{y} == -5 && -$2{x} >= -10 && $2{x} >= 0 && $1{$1} == 1 ? 6
-$5{x} >= 21 && -$4{y} >= -2 && $4{y} >= -4 && -$2{x} >= -10 && $2{x} >= 0 && $1{$1} == 1 ? 3
-$5{x} >= 21 && $4{y} >= 3 && -$2{x} >= -10 && $2{x} >= 0 && $1{$1} == 1 ? 6
-$5{x} >= 11 && $5{x} >= -20 && -$4{y} >= 6 && -$2{x} >= -10 && $2{x} >= 0 && $1{$1} == 1 ? 7
-$5{x} >= 11 && $5{x} >= -20 && $4{y} == -5 && -$2{x} >= -10 && $2{x} >= 0 && $1{$1} == 1 ? 7
-$5{x} >= 11 && $5{x} >= -20 && -$4{y} >= -2 && $4{y} >= -4 && -$2{x} >= -10 && $2{x} >= 0 && $1{$1} == 1 ? 3
-$5{x} >= 11 && $5{x} >= -20 && $4{y} >= 3 && -$2{x} >= -10 && $2{x} >= 0 && $1{$1} == 1 ? 7
-$5{x} >= 0 && $5{x} >= -10 && -$4{y} >= 6 && -$2{x} >= -10 && $2{x} >= 0 && $1{$1} == 1 ? -7$1{$1}-7$4{y}+$5{x}-8
-$5{x} >= 0 && $5{x} >= -10 && $4{y} == -5 && -$2{x} >= -10 && $2{x} >= 0 && $1{$1} == 1 ? 10
-$5{x} >= 0 && $5{x} >= -10 && -$4{y} >= -2 && $4{y} >= -4 && -$2{x} >= -10 && $2{x} >= 0 && $1{$1} == 1 ? 3
-$5{x} >= 0 && $5{x} >= -10 && $4{y} >= 3 && -$2{x} >= -10 && $2{x} >= 0 && $1{$1} == 1 ? bottom

[46:]: -$5{x} >= 21 && -$4{y} >= 5 && -$2{x} >= -10 && $2{x} >= 0 && $1{$1} == 1 ? 5
-$5{x} >= 21 && $4{y} == -4 && -$2{x} >= -10 && $2{x} >= 0 && $1{$1} == 1 ? 5
-$5{x} >= 21 && -$4{y} >= -3 && $4{y} >= -3 && -$2{x} >= -10 && $2{x} >= 0 && $1{$1} == 1 ? 2
-$5{x} >= 21 && $4{y} >= 4 && -$2{x} >= -10 && $2{x} >= 0 && $1{$1} == 1 ? 5
-$5{x} >= 11 && $5{x} >= -20 && -$4{y} >= 5 && -$2{x} >= -10 && $2{x} >= 0 && $1{$1} == 1 ? 6
-$5{x} >= 11 && $5{x} >= -20 && $4{y} == -4 && -$2{x} >= -10 && $2{x} >= 0 && $1{$1} == 1 ? 6
-$5{x} >= 11 && $5{x} >= -20 && -$4{y} >= -3 && $4{y} >= -3 && -$2{x} >= -10 && $2{x} >= 0 && $1{$1} == 1 ? 2
-$5{x} >= 11 && $5{x} >= -20 && $4{y} >= 4 && -$2{x} >= -10 && $2{x} >= 0 && $1{$1} == 1 ? 6
-$5{x} >= 0 && $5{x} >= -10 && -$4{y} >= 5 && -$2{x} >= -10 && $2{x} >= 0 && $1{$1} == 1 ? -7$4{y}+$5{x}-9
-$5{x} >= 0 && $5{x} >= -10 && $4{y} == -4 && -$2{x} >= -10 && $2{x} >= 0 && $1{$1} == 1 ? 9
-$5{x} >= 0 && $5{x} >= -10 && -$4{y} >= -3 && $4{y} >= -3 && -$2{x} >= -10 && $2{x} >= 0 && $1{$1} == 1 ? 2
-$5{x} >= 0 && $5{x} >= -10 && $4{y} >= 4 && -$2{x} >= -10 && $2{x} >= 0 && $1{$1} == 1 ? bottom

[47:]: -$5{x} >= 21 && -$4{y} >= 5 && -$2{x} >= -10 && $2{x} >= 0 && $1{$1} == 1 ? 5
-$5{x} >= 21 && $4{y} == -4 && -$2{x} >= -10 && $2{x} >= 0 && $1{$1} == 1 ? 5
-$5{x} >= 21 && -$4{y} >= -3 && $4{y} >= -3 && -$2{x} >= -10 && $2{x} >= 0 && $1{$1} == 1 ? 2
-$5{x} >= 21 && $4{y} >= 4 && -$2{x} >= -10 && $2{x} >= 0 && $1{$1} == 1 ? 5
-$5{x} >= 11 && $5{x} >= -20 && -$4{y} >= 5 && -$2{x} >= -10 && $2{x} >= 0 && $1{$1} == 1 ? 6
-$5{x} >= 11 && $5{x} >= -20 && $4{y} == -4 && -$2{x} >= -10 && $2{x} >= 0 && $1{$1} == 1 ? 6
-$5{x} >= 11 && $5{x} >= -20 && -$4{y} >= -3 && $4{y} >= -3 && -$2{x} >= -10 && $2{x} >= 0 && $1{$1} == 1 ? 2
-$5{x} >= 11 && $5{x} >= -20 && $4{y} >= 4 && -$2{x} >= -10 && $2{x} >= 0 && $1{$1} == 1 ? 6
-$5{x} >= 0 && $5{x} >= -10 && -$4{y} >= 5 && -$2{x} >= -10 && $2{x} >= 0 && $1{$1} == 1 ? -7$4{y}+$5{x}-9
-$5{x} >= 0 && $5{x} >= -10 && $4{y} == -4 && -$2{x} >= -10 && $2{x} >= 0 && $1{$1} == 1 ? 9
-$5{x} >= 0 && $5{x} >= -10 && -$4{y} >= -3 && $4{y} >= -3 && -$2{x} >= -10 && $2{x} >= 0 && $1{$1} == 1 ? 2
-$5{x} >= 0 && $5{x} >= -10 && $4{y} >= 4 && -$2{x} >= -10 && $2{x} >= 0 && $1{$1} == 1 ? bottom
-$5{x} >= -10 && $5{x} >= 1 && -$4{y} >= 4 && -$2{x} >= -10 && $2{x} >= 0 && $1{$1} == 1 ? bottom
-$5{x} >= -10 && $5{x} >= 1 && -$4{y} >= -3 && $4{y} >= -3 && -$2{x} >= -10 && $2{x} >= 0 && $1{$1} == 1 ? 2
-$5{x} >= -10 && $5{x} >= 1 && $4{y} == 4 && -$2{x} >= -10 && $2{x} >= 0 && $1{$1} == 1 ? 9
-$5{x} >= -10 && $5{x} >= 1 && $4{y} >= 5 && -$2{x} >= -10 && $2{x} >= 0 && $1{$1} == 1 ? 7$4{y}-$5{x}-9
-$5{x} >= -20 && $5{x} >= 11 && -$4{y} >= 4 && -$2{x} >= -10 && $2{x} >= 0 && $1{$1} == 1 ? 6
-$5{x} >= -20 && $5{x} >= 11 && -$4{y} >= -3 && $4{y} >= -3 && -$2{x} >= -10 && $2{x} >= 0 && $1{$1} == 1 ? 2
-$5{x} >= -20 && $5{x} >= 11 && $4{y} == 4 && -$2{x} >= -10 && $2{x} >= 0 && $1{$1} == 1 ? 6
-$5{x} >= -20 && $5{x} >= 11 && $4{y} >= 5 && -$2{x} >= -10 && $2{x} >= 0 && $1{$1} == 1 ? 6
$5{x} >= 21 && -$4{y} >= 4 && -$2{x} >= -10 && $2{x} >= 0 && $1{$1} == 1 ? 5
$5{x} >= 21 && -$4{y} >= -3 && $4{y} >= -3 && -$2{x} >= -10 && $2{x} >= 0 && $1{$1} == 1 ? 2
$5{x} >= 21 && $4{y} == 4 && -$2{x} >= -10 && $2{x} >= 0 && $1{$1} == 1 ? 5
$5{x} >= 21 && $4{y} >= 5 && -$2{x} >= -10 && $2{x} >= 0 && $1{$1} == 1 ? 5

[48:]: -$4{y} >= -3 && $4{y} >= -3 ? 1

[49:]: -$4{y} >= -3 && $4{y} >= -3 && $3{$3} == 0 ? 0.

[50:]: 
Analysis Result: TRUE

Done.
