
Abstract Syntax:
[ 1:]
int main( ):
[ 2:] $2{x} := ?
[ 3:] while [ 4:] ( $2{x} <= 100 ) do
[ 5:]   if ( ? ) then
[ 6:]     $2{x} := -2 * $2{x} + 2
[ 7:]
        else
[ 8:]     $2{x} := -3 * $2{x} - 2
[ 9:]
        endif
[10:]
      od
[11:] $1{$1} := 0
[12:] return
[13:]

Forward Analysis:
[ 1:]: top
[ 2:]: top
[ 3:]: top
[ 4:]: top
[ 5:]: -$2{x} >= -100
[ 6:]: -$2{x} >= -100
[ 7:]: $2{x} >= -198
[ 8:]: -$2{x} >= -100
[ 9:]: $2{x} >= -302
[10:]: $2{x} >= -302
[11:]: $2{x} >= 101
[12:]: $2{x} >= 101 && $1{$1} == 0
[13:]: bottom

Backward Analysis:
[ 1:]: top ? 36

[ 2:]: top ? 36

[ 3:]: -$2{x} >= 50 ? 5
-$2{x} >= 35 && $2{x} >= -49 ? 11
-$2{x} >= 12 && $2{x} >= -34 ? 11
-$2{x} >= 10 && $2{x} >= -11 ? 17
$2{x} == -9 ? 17
-$2{x} >= 7 && $2{x} >= -8 ? 17
$2{x} == -6 ? 17
$2{x} == -5 ? 17
-$2{x} >= 3 && $2{x} >= -4 ? 17
$2{x} == -2 ? 23
$2{x} == -1 ? 35
$2{x} == 0 ? 29
$2{x} == 1 ? 32
$2{x} == 2 ? 26
$2{x} == 3 ? 20
$2{x} == 4 ? 20
$2{x} == 5 ? 20
$2{x} == 6 ? 20
-$2{x} >= -10 && $2{x} >= 7 ? 14
-$2{x} >= -15 && $2{x} >= 11 ? 14
-$2{x} >= -18 && $2{x} >= 16 ? 14
-$2{x} >= -25 && $2{x} >= 19 ? 14
-$2{x} >= -100 && $2{x} >= 26 ? 8
$2{x} >= 101 ? 2

[ 4:]: -$2{x} >= 50 ? 5
-$2{x} >= 35 && $2{x} >= -49 ? 11
-$2{x} >= 12 && $2{x} >= -34 ? 11
-$2{x} >= 10 && $2{x} >= -11 ? 17
$2{x} == -9 ? 17
-$2{x} >= 7 && $2{x} >= -8 ? 17
$2{x} == -6 ? 17
$2{x} == -5 ? 17
-$2{x} >= 3 && $2{x} >= -4 ? 17
$2{x} == -2 ? 23
$2{x} == -1 ? 35
$2{x} == 0 ? 29
$2{x} == 1 ? 32
$2{x} == 2 ? 26
$2{x} == 3 ? 20
$2{x} == 4 ? 20
$2{x} == 5 ? 20
$2{x} == 6 ? 20
-$2{x} >= -10 && $2{x} >= 7 ? 14
-$2{x} >= -15 && $2{x} >= 11 ? 14
-$2{x} >= -18 && $2{x} >= 16 ? 14
-$2{x} >= -25 && $2{x} >= 19 ? 14
-$2{x} >= -100 && $2{x} >= 26 ? 8
$2{x} >= 101 ? 2

[ 5:]: -$2{x} >= 50 ? 4
-$2{x} >= 35 && $2{x} >= -49 ? 10
-$2{x} >= 12 && $2{x} >= -34 ? 10
-$2{x} >= 10 && $2{x} >= -11 ? 16
$2{x} == -9 ? 16
-$2{x} >= 7 && $2{x} >= -8 ? 16
$2{x} == -6 ? 16
$2{x} == -5 ? 16
-$2{x} >= 3 && $2{x} >= -4 ? 16
$2{x} == -2 ? 22
$2{x} == -1 ? 34
$2{x} == 0 ? 28
$2{x} == 1 ? 31
$2{x} == 2 ? 25
$2{x} == 3 ? 19
$2{x} == 4 ? 19
$2{x} == 5 ? 19
$2{x} == 6 ? 19
-$2{x} >= -10 && $2{x} >= 7 ? 13
-$2{x} >= -15 && $2{x} >= 11 ? 13
-$2{x} >= -18 && $2{x} >= 16 ? 13
-$2{x} >= -25 && $2{x} >= 19 ? 13
$2{x} >= 26 ? 7

[ 6:]: -$2{x} >= 50 ? 3
-$2{x} >= 12 && $2{x} >= -49 ? 9
-$2{x} >= 9 && $2{x} >= -11 ? 15
-$2{x} >= 7 && $2{x} >= -8 ? 15
-$2{x} >= 5 && $2{x} >= -6 ? 15
-$2{x} >= 3 && $2{x} >= -4 ? 15
$2{x} == -2 ? 21
$2{x} == -1 ? 21
$2{x} == 0 ? 27
$2{x} == 1 ? 30
$2{x} == 2 ? 24
$2{x} == 3 ? 18
$2{x} == 4 ? 18
$2{x} == 5 ? 18
$2{x} == 6 ? 18
-$2{x} >= -18 && $2{x} >= 7 ? 12
-$2{x} >= -25 && $2{x} >= 19 ? 12
$2{x} >= 26 ? 6

[ 7:]: -$2{x} >= 50 ? 5
-$2{x} >= 35 && $2{x} >= -49 ? 11
-$2{x} >= 12 && $2{x} >= -34 ? 11
-$2{x} >= 10 && $2{x} >= -11 ? 17
$2{x} == -9 ? 17
-$2{x} >= 7 && $2{x} >= -8 ? 17
$2{x} == -6 ? 17
$2{x} == -5 ? 17
-$2{x} >= 3 && $2{x} >= -4 ? 17
$2{x} == -2 ? 23
$2{x} == -1 ? 35
$2{x} == 0 ? 29
$2{x} == 1 ? 32
$2{x} == 2 ? 26
$2{x} == 3 ? 20
$2{x} == 4 ? 20
$2{x} == 5 ? 20
$2{x} == 6 ? 20
-$2{x} >= -10 && $2{x} >= 7 ? 14
-$2{x} >= -15 && $2{x} >= 11 ? 14
-$2{x} >= -18 && $2{x} >= 16 ? 14
-$2{x} >= -25 && $2{x} >= 19 ? 14
-$2{x} >= -100 && $2{x} >= 26 ? 8
$2{x} >= 101 ? 2

[ 8:]: -$2{x} >= 35 ? 3
-$2{x} >= 10 && $2{x} >= -34 ? 9
-$2{x} >= 7 && $2{x} >= -9 ? 15
$2{x} == -6 ? 15
$2{x} == -5 ? 15
-$2{x} >= 3 && $2{x} >= -4 ? 15
$2{x} == -2 ? 21
$2{x} == -1 ? 33
$2{x} == 0 ? 24
$2{x} == 1 ? 18
$2{x} == 2 ? 18
$2{x} == 3 ? 18
-$2{x} >= -10 && $2{x} >= 4 ? 12
-$2{x} >= -15 && $2{x} >= 11 ? 12
$2{x} >= 16 ? 6

[ 9:]: -$2{x} >= 50 ? 5
-$2{x} >= 35 && $2{x} >= -49 ? 11
-$2{x} >= 12 && $2{x} >= -34 ? 11
-$2{x} >= 10 && $2{x} >= -11 ? 17
$2{x} == -9 ? 17
-$2{x} >= 7 && $2{x} >= -8 ? 17
$2{x} == -6 ? 17
$2{x} == -5 ? 17
-$2{x} >= 3 && $2{x} >= -4 ? 17
$2{x} == -2 ? 23
$2{x} == -1 ? 35
$2{x} == 0 ? 29
$2{x} == 1 ? 32
$2{x} == 2 ? 26
$2{x} == 3 ? 20
$2{x} == 4 ? 20
$2{x} == 5 ? 20
$2{x} == 6 ? 20
-$2{x} >= -10 && $2{x} >= 7 ? 14
-$2{x} >= -15 && $2{x} >= 11 ? 14
-$2{x} >= -18 && $2{x} >= 16 ? 14
-$2{x} >= -25 && $2{x} >= 19 ? 14
-$2{x} >= -100 && $2{x} >= 26 ? 8
$2{x} >= 101 ? 2

[10:]: -$2{x} >= 50 ? 5
-$2{x} >= 35 && $2{x} >= -49 ? 11
-$2{x} >= 12 && $2{x} >= -34 ? 11
-$2{x} >= 10 && $2{x} >= -11 ? 17
$2{x} == -9 ? 17
-$2{x} >= 7 && $2{x} >= -8 ? 17
$2{x} == -6 ? 17
$2{x} == -5 ? 17
-$2{x} >= 3 && $2{x} >= -4 ? 17
$2{x} == -2 ? 23
$2{x} == -1 ? 35
$2{x} == 0 ? 29
$2{x} == 1 ? 32
$2{x} == 2 ? 26
$2{x} == 3 ? 20
$2{x} == 4 ? 20
$2{x} == 5 ? 20
$2{x} == 6 ? 20
-$2{x} >= -10 && $2{x} >= 7 ? 14
-$2{x} >= -15 && $2{x} >= 11 ? 14
-$2{x} >= -18 && $2{x} >= 16 ? 14
-$2{x} >= -25 && $2{x} >= 19 ? 14
-$2{x} >= -100 && $2{x} >= 26 ? 8
$2{x} >= 101 ? 2

[11:]: top ? 1

[12:]: top ? 0.

[13:]: top ? 0.

Analysis Result: TRUE

Done.
