
Abstract Syntax:
[ 1:]
int get_step( int $2{x}; ):
[ 2:] if ( $2{x} > 30 ) then
[ 3:]   $1{$1} := 4
[ 4:]   return
[ 5:]
      else
[ 6:]   if ( $2{x} > 20 ) then
[ 7:]     $1{$1} := 3
[ 8:]     return
[ 9:]
        else
[10:]     if ( $2{x} > 10 ) then
[11:]       $1{$1} := 2
[12:]       return
[13:]
          else
[14:]
          endif
[15:]
        endif
[16:]
      endif
[17:] $1{$1} := 1
[18:] return
[19:]
int main( ):
[20:] $5{x} := $4{y}
[21:] while [22:] ( $4{y} < -4 || $4{y} > 4 ) do
[23:]   if ( $5{x} > 0 ) then
[24:]     $2{x} := $5{x}
[25:]     if ( $2{x} > 30 ) then
[26:]       $1{$1} := 4
[27:]       return
[28:]
          else
[29:]       if ( $2{x} > 20 ) then
[30:]         $1{$1} := 3
[31:]         return
[32:]
            else
[33:]         if ( $2{x} > 10 ) then
[34:]           $1{$1} := 2
[35:]           return
[36:]
              else
[37:]
              endif
[38:]
            endif
[39:]
          endif
[40:]     $1{$1} := 1
[41:]     $4{y} := $4{y} - $1{$1}
[42:]
        else
[43:]     $2{x} := -1 * $5{x}
[44:]     if ( $2{x} > 30 ) then
[45:]       $1{$1} := 4
[46:]       return
[47:]
          else
[48:]       if ( $2{x} > 20 ) then
[49:]         $1{$1} := 3
[50:]         return
[51:]
            else
[52:]         if ( $2{x} > 10 ) then
[53:]           $1{$1} := 2
[54:]           return
[55:]
              else
[56:]
              endif
[57:]
            endif
[58:]
          endif
[59:]     $1{$1} := 1
[60:]     $4{y} := $4{y} + $1{$1}
[61:]
        endif
[62:]
      od
[63:] $3{$3} := 0
[64:] return
[65:]

Forward Analysis:
[ 1:]: top
[20:]: top
[21:]: top
[22:]: top
[23:]: top
[24:]: $5{x} >= 1
[25:]: $5{x} >= 1 && $2{x} >= 1
[26:]: $5{x} >= 1 && $2{x} >= 31
[27:]: $5{x} >= 1 && $2{x} >= 31 && $1{$1} == 4
[28:]: bottom
[29:]: $5{x} >= 1 && -$2{x} >= -30 && $2{x} >= 1
[30:]: $5{x} >= 1 && -$2{x} >= -30 && $2{x} >= 21
[31:]: $5{x} >= 1 && -$2{x} >= -30 && $2{x} >= 21 && $1{$1} == 3
[32:]: bottom
[33:]: $5{x} >= 1 && -$2{x} >= -20 && $2{x} >= 1
[34:]: $5{x} >= 1 && -$2{x} >= -20 && $2{x} >= 11
[35:]: $5{x} >= 1 && -$2{x} >= -20 && $2{x} >= 11 && $1{$1} == 2
[36:]: bottom
[37:]: $5{x} >= 1 && -$2{x} >= -10 && $2{x} >= 1
[38:]: $5{x} >= 1 && -$2{x} >= -10 && $2{x} >= 1
[39:]: $5{x} >= 1 && -$2{x} >= -10 && $2{x} >= 1
[40:]: $5{x} >= 1 && -$2{x} >= -10 && $2{x} >= 1
[41:]: $5{x} >= 1 && -$2{x} >= -10 && $2{x} >= 1 && $1{$1} == 1
[42:]: $5{x} >= 1 && -$2{x} >= -10 && $2{x} >= 1 && $1{$1} == 1
[43:]: -$5{x} >= 0
[44:]: -$5{x} >= 0 && $2{x} >= 0
[45:]: -$5{x} >= 0 && $2{x} >= 31
[46:]: -$5{x} >= 0 && $2{x} >= 31 && $1{$1} == 4
[47:]: bottom
[48:]: -$5{x} >= 0 && -$2{x} >= -30 && $2{x} >= 0
[49:]: -$5{x} >= 0 && -$2{x} >= -30 && $2{x} >= 21
[50:]: -$5{x} >= 0 && -$2{x} >= -30 && $2{x} >= 21 && $1{$1} == 3
[51:]: bottom
[52:]: -$5{x} >= 0 && -$2{x} >= -20 && $2{x} >= 0
[53:]: -$5{x} >= 0 && -$2{x} >= -20 && $2{x} >= 11
[54:]: -$5{x} >= 0 && -$2{x} >= -20 && $2{x} >= 11 && $1{$1} == 2
[55:]: bottom
[56:]: -$5{x} >= 0 && -$2{x} >= -10 && $2{x} >= 0
[57:]: -$5{x} >= 0 && -$2{x} >= -10 && $2{x} >= 0
[58:]: -$5{x} >= 0 && -$2{x} >= -10 && $2{x} >= 0
[59:]: -$5{x} >= 0 && -$2{x} >= -10 && $2{x} >= 0
[60:]: -$5{x} >= 0 && -$2{x} >= -10 && $2{x} >= 0 && $1{$1} == 1
[61:]: -$5{x} >= 0 && -$2{x} >= -10 && $2{x} >= 0 && $1{$1} == 1
[62:]: -$2{x} >= -10 && $2{x} >= 0 && $1{$1} == 1
[63:]: -$4{y} >= -4 && $4{y} >= -4
[64:]: -$4{y} >= -4 && $4{y} >= -4 && $3{$3} == 0
[65:]: bottom

Backward Analysis:
[ 1:]: -$4{y} >= 31 ? 6
-$4{y} >= 21 && $4{y} >= -30 ? 7
-$4{y} >= 11 && $4{y} >= -20 ? 8
-$4{y} >= 6 && $4{y} >= -10 ? 3$4{y}+243
$4{y} == -5 ? 11
-$4{y} >= 0 && $4{y} >= -4 ? 3
-$4{y} >= -4 && $4{y} >= 1 ? 3
$4{y} == 5 ? 11
-$4{y} >= -10 && $4{y} >= 6 ? -3$4{y}+243
-$4{y} >= -20 && $4{y} >= 11 ? 8
-$4{y} >= -30 && $4{y} >= 21 ? 7
$4{y} >= 31 ? 6

[20:]: -$4{y} >= 31 ? 6
-$4{y} >= 21 && $4{y} >= -30 ? 7
-$4{y} >= 11 && $4{y} >= -20 ? 8
-$4{y} >= 6 && $4{y} >= -10 ? 3$4{y}+243
$4{y} == -5 ? 11
-$4{y} >= 0 && $4{y} >= -4 ? 3
-$4{y} >= -4 && $4{y} >= 1 ? 3
$4{y} == 5 ? 11
-$4{y} >= -10 && $4{y} >= 6 ? -3$4{y}+243
-$4{y} >= -20 && $4{y} >= 11 ? 8
-$4{y} >= -30 && $4{y} >= 21 ? 7
$4{y} >= 31 ? 6

[21:]: -$5{x} >= 31 && -$4{y} >= 6 ? 5
-$5{x} >= 31 && $4{y} == -5 ? 5
-$5{x} >= 31 && -$4{y} >= -4 && $4{y} >= -4 ? 2
-$5{x} >= 31 && $4{y} >= 5 ? 5
-$5{x} >= 21 && $5{x} >= -30 && -$4{y} >= 6 ? 6
-$5{x} >= 21 && $5{x} >= -30 && $4{y} == -5 ? 6
-$5{x} >= 21 && $5{x} >= -30 && -$4{y} >= -4 && $4{y} >= -4 ? 2
-$5{x} >= 21 && $5{x} >= -30 && $4{y} >= 5 ? 6
-$5{x} >= 11 && $5{x} >= -20 && -$4{y} >= 6 ? 7
-$5{x} >= 11 && $5{x} >= -20 && $4{y} == -5 ? 7
-$5{x} >= 11 && $5{x} >= -20 && -$4{y} >= -4 && $4{y} >= -4 ? 2
-$5{x} >= 11 && $5{x} >= -20 && $4{y} >= 5 ? 7
-$5{x} >= 0 && $5{x} >= -10 && -$4{y} >= 6 ? -8$4{y}+11$5{x}+242
-$5{x} >= 0 && $5{x} >= -10 && $4{y} == -5 ? 10
-$5{x} >= 0 && $5{x} >= -10 && -$4{y} >= -4 && $4{y} >= -4 ? 2
-$5{x} >= 0 && $5{x} >= -10 && $4{y} >= 5 ? bottom
-$5{x} >= -10 && $5{x} >= 1 && -$4{y} >= 5 ? bottom
-$5{x} >= -10 && $5{x} >= 1 && -$4{y} >= -4 && $4{y} >= -4 ? 2
-$5{x} >= -10 && $5{x} >= 1 && $4{y} == 5 ? 10
-$5{x} >= -10 && $5{x} >= 1 && $4{y} >= 6 ? 8$4{y}-11$5{x}+242
-$5{x} >= -20 && $5{x} >= 11 && -$4{y} >= 5 ? 7
-$5{x} >= -20 && $5{x} >= 11 && -$4{y} >= -4 && $4{y} >= -4 ? 2
-$5{x} >= -20 && $5{x} >= 11 && $4{y} == 5 ? 7
-$5{x} >= -20 && $5{x} >= 11 && $4{y} >= 6 ? 7
-$5{x} >= -30 && $5{x} >= 21 && -$4{y} >= 5 ? 6
-$5{x} >= -30 && $5{x} >= 21 && -$4{y} >= -4 && $4{y} >= -4 ? 2
-$5{x} >= -30 && $5{x} >= 21 && $4{y} == 5 ? 6
-$5{x} >= -30 && $5{x} >= 21 && $4{y} >= 6 ? 6
$5{x} >= 31 && -$4{y} >= 5 ? 5
$5{x} >= 31 && -$4{y} >= -4 && $4{y} >= -4 ? 2
$5{x} >= 31 && $4{y} == 5 ? 5
$5{x} >= 31 && $4{y} >= 6 ? 5

[22:]: -$5{x} >= 31 && -$4{y} >= 6 ? 5
-$5{x} >= 31 && $4{y} == -5 ? 5
-$5{x} >= 31 && -$4{y} >= -4 && $4{y} >= -4 ? 2
-$5{x} >= 31 && $4{y} >= 5 ? 5
-$5{x} >= 21 && $5{x} >= -30 && -$4{y} >= 6 ? 6
-$5{x} >= 21 && $5{x} >= -30 && $4{y} == -5 ? 6
-$5{x} >= 21 && $5{x} >= -30 && -$4{y} >= -4 && $4{y} >= -4 ? 2
-$5{x} >= 21 && $5{x} >= -30 && $4{y} >= 5 ? 6
-$5{x} >= 11 && $5{x} >= -20 && -$4{y} >= 6 ? 7
-$5{x} >= 11 && $5{x} >= -20 && $4{y} == -5 ? 7
-$5{x} >= 11 && $5{x} >= -20 && -$4{y} >= -4 && $4{y} >= -4 ? 2
-$5{x} >= 11 && $5{x} >= -20 && $4{y} >= 5 ? 7
-$5{x} >= 0 && $5{x} >= -10 && -$4{y} >= 6 ? -8$4{y}+11$5{x}+242
-$5{x} >= 0 && $5{x} >= -10 && $4{y} == -5 ? 10
-$5{x} >= 0 && $5{x} >= -10 && -$4{y} >= -4 && $4{y} >= -4 ? 2
-$5{x} >= 0 && $5{x} >= -10 && $4{y} >= 5 ? bottom
-$5{x} >= -10 && $5{x} >= 1 && -$4{y} >= 5 ? bottom
-$5{x} >= -10 && $5{x} >= 1 && -$4{y} >= -4 && $4{y} >= -4 ? 2
-$5{x} >= -10 && $5{x} >= 1 && $4{y} == 5 ? 10
-$5{x} >= -10 && $5{x} >= 1 && $4{y} >= 6 ? 8$4{y}-11$5{x}+242
-$5{x} >= -20 && $5{x} >= 11 && -$4{y} >= 5 ? 7
-$5{x} >= -20 && $5{x} >= 11 && -$4{y} >= -4 && $4{y} >= -4 ? 2
-$5{x} >= -20 && $5{x} >= 11 && $4{y} == 5 ? 7
-$5{x} >= -20 && $5{x} >= 11 && $4{y} >= 6 ? 7
-$5{x} >= -30 && $5{x} >= 21 && -$4{y} >= 5 ? 6
-$5{x} >= -30 && $5{x} >= 21 && -$4{y} >= -4 && $4{y} >= -4 ? 2
-$5{x} >= -30 && $5{x} >= 21 && $4{y} == 5 ? 6
-$5{x} >= -30 && $5{x} >= 21 && $4{y} >= 6 ? 6
$5{x} >= 31 && -$4{y} >= 5 ? 5
$5{x} >= 31 && -$4{y} >= -4 && $4{y} >= -4 ? 2
$5{x} >= 31 && $4{y} == 5 ? 5
$5{x} >= 31 && $4{y} >= 6 ? 5

[23:]: -$5{x} >= 31 && -$4{y} >= 7 ? 4
-$5{x} >= 31 && $4{y} == -6 ? 4
-$5{x} >= 31 && -$4{y} >= -3 && $4{y} >= -5 ? 4
-$5{x} >= 31 && $4{y} >= 4 ? 4
-$5{x} >= 21 && $5{x} >= -30 && -$4{y} >= 7 ? 5
-$5{x} >= 21 && $5{x} >= -30 && $4{y} == -6 ? 5
-$5{x} >= 21 && $5{x} >= -30 && -$4{y} >= -3 && $4{y} >= -5 ? 5
-$5{x} >= 21 && $5{x} >= -30 && $4{y} >= 4 ? 5
-$5{x} >= 11 && $5{x} >= -20 && -$4{y} >= 7 ? 6
-$5{x} >= 11 && $5{x} >= -20 && $4{y} == -6 ? 6
-$5{x} >= 11 && $5{x} >= -20 && -$4{y} >= -3 && $4{y} >= -5 ? 6
-$5{x} >= 11 && $5{x} >= -20 && $4{y} >= 4 ? 6
-$5{x} >= 0 && $5{x} >= -10 && -$4{y} >= 7 ? -8$4{y}+11$5{x}+241
-$5{x} >= 0 && $5{x} >= -10 && $4{y} == -6 ? 17
-$5{x} >= 0 && $5{x} >= -10 && -$4{y} >= -3 && $4{y} >= -5 ? 9
-$5{x} >= 0 && $5{x} >= -10 && $4{y} >= 4 ? bottom
-$5{x} >= -10 && $5{x} >= 1 && -$4{y} >= 4 ? bottom
-$5{x} >= -10 && $5{x} >= 1 && -$4{y} >= -5 && $4{y} >= -3 ? 9
-$5{x} >= -10 && $5{x} >= 1 && $4{y} == 6 ? 17
-$5{x} >= -10 && $5{x} >= 1 && $4{y} >= 7 ? 8$4{y}-11$5{x}+241
-$5{x} >= -20 && $5{x} >= 11 && -$4{y} >= 4 ? 6
-$5{x} >= -20 && $5{x} >= 11 && -$4{y} >= -5 && $4{y} >= -3 ? 6
-$5{x} >= -20 && $5{x} >= 11 && $4{y} == 6 ? 6
-$5{x} >= -20 && $5{x} >= 11 && $4{y} >= 7 ? 6
-$5{x} >= -30 && $5{x} >= 21 && -$4{y} >= 4 ? 5
-$5{x} >= -30 && $5{x} >= 21 && -$4{y} >= -5 && $4{y} >= -3 ? 5
-$5{x} >= -30 && $5{x} >= 21 && $4{y} == 6 ? 5
-$5{x} >= -30 && $5{x} >= 21 && $4{y} >= 7 ? 5
$5{x} >= 31 && -$4{y} >= 4 ? 4
$5{x} >= 31 && -$4{y} >= -5 && $4{y} >= -3 ? 4
$5{x} >= 31 && $4{y} == 6 ? 4
$5{x} >= 31 && $4{y} >= 7 ? 4

[24:]: -$5{x} >= -10 && $5{x} >= 1 && -$4{y} >= 4 ? bottom
-$5{x} >= -10 && $5{x} >= 1 && -$4{y} >= -5 && $4{y} >= -3 ? 8
-$5{x} >= -10 && $5{x} >= 1 && $4{y} == 6 ? 16
-$5{x} >= -10 && $5{x} >= 1 && $4{y} >= 7 ? 8$4{y}-11$5{x}+240
-$5{x} >= -20 && $5{x} >= 11 && -$4{y} >= 4 ? 5
-$5{x} >= -20 && $5{x} >= 11 && -$4{y} >= -5 && $4{y} >= -3 ? 5
-$5{x} >= -20 && $5{x} >= 11 && $4{y} == 6 ? 5
-$5{x} >= -20 && $5{x} >= 11 && $4{y} >= 7 ? 5
-$5{x} >= -30 && $5{x} >= 21 && -$4{y} >= 4 ? 4
-$5{x} >= -30 && $5{x} >= 21 && -$4{y} >= -5 && $4{y} >= -3 ? 4
-$5{x} >= -30 && $5{x} >= 21 && $4{y} == 6 ? 4
-$5{x} >= -30 && $5{x} >= 21 && $4{y} >= 7 ? 4
$5{x} >= 31 && -$4{y} >= 4 ? 3
$5{x} >= 31 && -$4{y} >= -5 && $4{y} >= -3 ? 3
$5{x} >= 31 && $4{y} == 6 ? 3
$5{x} >= 31 && $4{y} >= 7 ? 3

[25:]: -$5{x} >= -10 && $5{x} >= 1 && -$4{y} >= 4 && -$2{x} >= -10 && $2{x} >= 1 ? bottom
-$5{x} >= -10 && $5{x} >= 1 && -$4{y} >= 4 && -$2{x} >= -20 && $2{x} >= 11 ? 4
-$5{x} >= -10 && $5{x} >= 1 && -$4{y} >= 4 && -$2{x} >= -30 && $2{x} >= 21 ? 3
-$5{x} >= -10 && $5{x} >= 1 && -$4{y} >= 4 && $2{x} >= 31 ? 2
-$5{x} >= -10 && $5{x} >= 1 && -$4{y} >= -5 && $4{y} >= -3 && -$2{x} >= -10 && $2{x} >= 1 ? 7
-$5{x} >= -10 && $5{x} >= 1 && -$4{y} >= -5 && $4{y} >= -3 && -$2{x} >= -20 && $2{x} >= 11 ? 4
-$5{x} >= -10 && $5{x} >= 1 && -$4{y} >= -5 && $4{y} >= -3 && -$2{x} >= -30 && $2{x} >= 21 ? 3
-$5{x} >= -10 && $5{x} >= 1 && -$4{y} >= -5 && $4{y} >= -3 && $2{x} >= 31 ? 2
-$5{x} >= -10 && $5{x} >= 1 && $4{y} == 6 && -$2{x} >= -10 && $2{x} >= 1 ? 15
-$5{x} >= -10 && $5{x} >= 1 && $4{y} == 6 && -$2{x} >= -20 && $2{x} >= 11 ? 4
-$5{x} >= -10 && $5{x} >= 1 && $4{y} == 6 && -$2{x} >= -30 && $2{x} >= 21 ? 3
-$5{x} >= -10 && $5{x} >= 1 && $4{y} == 6 && $2{x} >= 31 ? 2
-$5{x} >= -10 && $5{x} >= 1 && $4{y} >= 7 && -$2{x} >= -10 && $2{x} >= 1 ? 8$4{y}-11$5{x}+239
-$5{x} >= -10 && $5{x} >= 1 && $4{y} >= 7 && -$2{x} >= -20 && $2{x} >= 11 ? 4
-$5{x} >= -10 && $5{x} >= 1 && $4{y} >= 7 && -$2{x} >= -30 && $2{x} >= 21 ? 3
-$5{x} >= -10 && $5{x} >= 1 && $4{y} >= 7 && $2{x} >= 31 ? 2
-$5{x} >= -20 && $5{x} >= 11 && -$4{y} >= 4 && -$2{x} >= -10 && $2{x} >= 1 ? 12
-$5{x} >= -20 && $5{x} >= 11 && -$4{y} >= 4 && -$2{x} >= -20 && $2{x} >= 11 ? 4
-$5{x} >= -20 && $5{x} >= 11 && -$4{y} >= 4 && -$2{x} >= -30 && $2{x} >= 21 ? 3
-$5{x} >= -20 && $5{x} >= 11 && -$4{y} >= 4 && $2{x} >= 31 ? 2
-$5{x} >= -20 && $5{x} >= 11 && -$4{y} >= -5 && $4{y} >= -3 && -$2{x} >= -10 && $2{x} >= 1 ? 7
-$5{x} >= -20 && $5{x} >= 11 && -$4{y} >= -5 && $4{y} >= -3 && -$2{x} >= -20 && $2{x} >= 11 ? 4
-$5{x} >= -20 && $5{x} >= 11 && -$4{y} >= -5 && $4{y} >= -3 && -$2{x} >= -30 && $2{x} >= 21 ? 3
-$5{x} >= -20 && $5{x} >= 11 && -$4{y} >= -5 && $4{y} >= -3 && $2{x} >= 31 ? 2
-$5{x} >= -20 && $5{x} >= 11 && $4{y} == 6 && -$2{x} >= -10 && $2{x} >= 1 ? 12
-$5{x} >= -20 && $5{x} >= 11 && $4{y} == 6 && -$2{x} >= -20 && $2{x} >= 11 ? 4
-$5{x} >= -20 && $5{x} >= 11 && $4{y} == 6 && -$2{x} >= -30 && $2{x} >= 21 ? 3
-$5{x} >= -20 && $5{x} >= 11 && $4{y} == 6 && $2{x} >= 31 ? 2
-$5{x} >= -20 && $5{x} >= 11 && $4{y} >= 7 && -$2{x} >= -10 && $2{x} >= 1 ? 12
-$5{x} >= -20 && $5{x} >= 11 && $4{y} >= 7 && -$2{x} >= -20 && $2{x} >= 11 ? 4
-$5{x} >= -20 && $5{x} >= 11 && $4{y} >= 7 && -$2{x} >= -30 && $2{x} >= 21 ? 3
-$5{x} >= -20 && $5{x} >= 11 && $4{y} >= 7 && $2{x} >= 31 ? 2
-$5{x} >= -30 && $5{x} >= 21 && -$4{y} >= 4 && -$2{x} >= -10 && $2{x} >= 1 ? 11
-$5{x} >= -30 && $5{x} >= 21 && -$4{y} >= 4 && -$2{x} >= -20 && $2{x} >= 11 ? 4
-$5{x} >= -30 && $5{x} >= 21 && -$4{y} >= 4 && -$2{x} >= -30 && $2{x} >= 21 ? 3
-$5{x} >= -30 && $5{x} >= 21 && -$4{y} >= 4 && $2{x} >= 31 ? 2
-$5{x} >= -30 && $5{x} >= 21 && -$4{y} >= -5 && $4{y} >= -3 && -$2{x} >= -10 && $2{x} >= 1 ? 7
-$5{x} >= -30 && $5{x} >= 21 && -$4{y} >= -5 && $4{y} >= -3 && -$2{x} >= -20 && $2{x} >= 11 ? 4
-$5{x} >= -30 && $5{x} >= 21 && -$4{y} >= -5 && $4{y} >= -3 && -$2{x} >= -30 && $2{x} >= 21 ? 3
-$5{x} >= -30 && $5{x} >= 21 && -$4{y} >= -5 && $4{y} >= -3 && $2{x} >= 31 ? 2
-$5{x} >= -30 && $5{x} >= 21 && $4{y} == 6 && -$2{x} >= -10 && $2{x} >= 1 ? 11
-$5{x} >= -30 && $5{x} >= 21 && $4{y} == 6 && -$2{x} >= -20 && $2{x} >= 11 ? 4
-$5{x} >= -30 && $5{x} >= 21 && $4{y} == 6 && -$2{x} >= -30 && $2{x} >= 21 ? 3
-$5{x} >= -30 && $5{x} >= 21 && $4{y} == 6 && $2{x} >= 31 ? 2
-$5{x} >= -30 && $5{x} >= 21 && $4{y} >= 7 && -$2{x} >= -10 && $2{x} >= 1 ? 11
-$5{x} >= -30 && $5{x} >= 21 && $4{y} >= 7 && -$2{x} >= -20 && $2{x} >= 11 ? 4
-$5{x} >= -30 && $5{x} >= 21 && $4{y} >= 7 && -$2{x} >= -30 && $2{x} >= 21 ? 3
-$5{x} >= -30 && $5{x} >= 21 && $4{y} >= 7 && $2{x} >= 31 ? 2
$5{x} >= 31 && -$4{y} >= 4 && -$2{x} >= -10 && $2{x} >= 1 ? 10
$5{x} >= 31 && -$4{y} >= 4 && -$2{x} >= -20 && $2{x} >= 11 ? 4
$5{x} >= 31 && -$4{y} >= 4 && -$2{x} >= -30 && $2{x} >= 21 ? 3
$5{x} >= 31 && -$4{y} >= 4 && $2{x} >= 31 ? 2
$5{x} >= 31 && -$4{y} >= -5 && $4{y} >= -3 && -$2{x} >= -10 && $2{x} >= 1 ? 7
$5{x} >= 31 && -$4{y} >= -5 && $4{y} >= -3 && -$2{x} >= -20 && $2{x} >= 11 ? 4
$5{x} >= 31 && -$4{y} >= -5 && $4{y} >= -3 && -$2{x} >= -30 && $2{x} >= 21 ? 3
$5{x} >= 31 && -$4{y} >= -5 && $4{y} >= -3 && $2{x} >= 31 ? 2
$5{x} >= 31 && $4{y} == 6 && -$2{x} >= -10 && $2{x} >= 1 ? 10
$5{x} >= 31 && $4{y} == 6 && -$2{x} >= -20 && $2{x} >= 11 ? 4
$5{x} >= 31 && $4{y} == 6 && -$2{x} >= -30 && $2{x} >= 21 ? 3
$5{x} >= 31 && $4{y} == 6 && $2{x} >= 31 ? 2
$5{x} >= 31 && $4{y} >= 7 && -$2{x} >= -10 && $2{x} >= 1 ? 10
$5{x} >= 31 && $4{y} >= 7 && -$2{x} >= -20 && $2{x} >= 11 ? 4
$5{x} >= 31 && $4{y} >= 7 && -$2{x} >= -30 && $2{x} >= 21 ? 3
$5{x} >= 31 && $4{y} >= 7 && $2{x} >= 31 ? 2

[26:]: $5{x} >= 1 && $2{x} >= 31 ? 1

[27:]: $5{x} >= 1 && $2{x} >= 31 && $1{$1} == 4 ? 0.

[28:]: 
[29:]: -$5{x} >= -10 && $5{x} >= 1 && -$4{y} >= 4 && -$2{x} >= -10 && $2{x} >= 1 ? bottom
-$5{x} >= -10 && $5{x} >= 1 && -$4{y} >= 4 && -$2{x} >= -20 && $2{x} >= 11 ? 3
-$5{x} >= -10 && $5{x} >= 1 && -$4{y} >= 4 && -$2{x} >= -30 && $2{x} >= 21 ? 2
-$5{x} >= -10 && $5{x} >= 1 && -$4{y} >= -5 && $4{y} >= -3 && -$2{x} >= -10 && $2{x} >= 1 ? 6
-$5{x} >= -10 && $5{x} >= 1 && -$4{y} >= -5 && $4{y} >= -3 && -$2{x} >= -20 && $2{x} >= 11 ? 3
-$5{x} >= -10 && $5{x} >= 1 && -$4{y} >= -5 && $4{y} >= -3 && -$2{x} >= -30 && $2{x} >= 21 ? 2
-$5{x} >= -10 && $5{x} >= 1 && $4{y} == 6 && -$2{x} >= -10 && $2{x} >= 1 ? 14
-$5{x} >= -10 && $5{x} >= 1 && $4{y} == 6 && -$2{x} >= -20 && $2{x} >= 11 ? 3
-$5{x} >= -10 && $5{x} >= 1 && $4{y} == 6 && -$2{x} >= -30 && $2{x} >= 21 ? 2
-$5{x} >= -10 && $5{x} >= 1 && $4{y} >= 7 && -$2{x} >= -10 && $2{x} >= 1 ? 8$4{y}-11$5{x}+238
-$5{x} >= -10 && $5{x} >= 1 && $4{y} >= 7 && -$2{x} >= -20 && $2{x} >= 11 ? 3
-$5{x} >= -10 && $5{x} >= 1 && $4{y} >= 7 && -$2{x} >= -30 && $2{x} >= 21 ? 2
-$5{x} >= -20 && $5{x} >= 11 && -$4{y} >= 4 && -$2{x} >= -10 && $2{x} >= 1 ? 11
-$5{x} >= -20 && $5{x} >= 11 && -$4{y} >= 4 && -$2{x} >= -20 && $2{x} >= 11 ? 3
-$5{x} >= -20 && $5{x} >= 11 && -$4{y} >= 4 && -$2{x} >= -30 && $2{x} >= 21 ? 2
-$5{x} >= -20 && $5{x} >= 11 && -$4{y} >= -5 && $4{y} >= -3 && -$2{x} >= -10 && $2{x} >= 1 ? 6
-$5{x} >= -20 && $5{x} >= 11 && -$4{y} >= -5 && $4{y} >= -3 && -$2{x} >= -20 && $2{x} >= 11 ? 3
-$5{x} >= -20 && $5{x} >= 11 && -$4{y} >= -5 && $4{y} >= -3 && -$2{x} >= -30 && $2{x} >= 21 ? 2
-$5{x} >= -20 && $5{x} >= 11 && $4{y} == 6 && -$2{x} >= -10 && $2{x} >= 1 ? 11
-$5{x} >= -20 && $5{x} >= 11 && $4{y} == 6 && -$2{x} >= -20 && $2{x} >= 11 ? 3
-$5{x} >= -20 && $5{x} >= 11 && $4{y} == 6 && -$2{x} >= -30 && $2{x} >= 21 ? 2
-$5{x} >= -20 && $5{x} >= 11 && $4{y} >= 7 && -$2{x} >= -10 && $2{x} >= 1 ? 11
-$5{x} >= -20 && $5{x} >= 11 && $4{y} >= 7 && -$2{x} >= -20 && $2{x} >= 11 ? 3
-$5{x} >= -20 && $5{x} >= 11 && $4{y} >= 7 && -$2{x} >= -30 && $2{x} >= 21 ? 2
-$5{x} >= -30 && $5{x} >= 21 && -$4{y} >= 4 && -$2{x} >= -10 && $2{x} >= 1 ? 10
-$5{x} >= -30 && $5{x} >= 21 && -$4{y} >= 4 && -$2{x} >= -20 && $2{x} >= 11 ? 3
-$5{x} >= -30 && $5{x} >= 21 && -$4{y} >= 4 && -$2{x} >= -30 && $2{x} >= 21 ? 2
-$5{x} >= -30 && $5{x} >= 21 && -$4{y} >= -5 && $4{y} >= -3 && -$2{x} >= -10 && $2{x} >= 1 ? 6
-$5{x} >= -30 && $5{x} >= 21 && -$4{y} >= -5 && $4{y} >= -3 && -$2{x} >= -20 && $2{x} >= 11 ? 3
-$5{x} >= -30 && $5{x} >= 21 && -$4{y} >= -5 && $4{y} >= -3 && -$2{x} >= -30 && $2{x} >= 21 ? 2
-$5{x} >= -30 && $5{x} >= 21 && $4{y} == 6 && -$2{x} >= -10 && $2{x} >= 1 ? 10
-$5{x} >= -30 && $5{x} >= 21 && $4{y} == 6 && -$2{x} >= -20 && $2{x} >= 11 ? 3
-$5{x} >= -30 && $5{x} >= 21 && $4{y} == 6 && -$2{x} >= -30 && $2{x} >= 21 ? 2
-$5{x} >= -30 && $5{x} >= 21 && $4{y} >= 7 && -$2{x} >= -10 && $2{x} >= 1 ? 10
-$5{x} >= -30 && $5{x} >= 21 && $4{y} >= 7 && -$2{x} >= -20 && $2{x} >= 11 ? 3
-$5{x} >= -30 && $5{x} >= 21 && $4{y} >= 7 && -$2{x} >= -30 && $2{x} >= 21 ? 2
$5{x} >= 31 && -$4{y} >= 4 && -$2{x} >= -10 && $2{x} >= 1 ? 9
$5{x} >= 31 && -$4{y} >= 4 && -$2{x} >= -20 && $2{x} >= 11 ? 3
$5{x} >= 31 && -$4{y} >= 4 && -$2{x} >= -30 && $2{x} >= 21 ? 2
$5{x} >= 31 && -$4{y} >= -5 && $4{y} >= -3 && -$2{x} >= -10 && $2{x} >= 1 ? 6
$5{x} >= 31 && -$4{y} >= -5 && $4{y} >= -3 && -$2{x} >= -20 && $2{x} >= 11 ? 3
$5{x} >= 31 && -$4{y} >= -5 && $4{y} >= -3 && -$2{x} >= -30 && $2{x} >= 21 ? 2
$5{x} >= 31 && $4{y} == 6 && -$2{x} >= -10 && $2{x} >= 1 ? 9
$5{x} >= 31 && $4{y} == 6 && -$2{x} >= -20 && $2{x} >= 11 ? 3
$5{x} >= 31 && $4{y} == 6 && -$2{x} >= -30 && $2{x} >= 21 ? 2
$5{x} >= 31 && $4{y} >= 7 && -$2{x} >= -10 && $2{x} >= 1 ? 9
$5{x} >= 31 && $4{y} >= 7 && -$2{x} >= -20 && $2{x} >= 11 ? 3
$5{x} >= 31 && $4{y} >= 7 && -$2{x} >= -30 && $2{x} >= 21 ? 2

[30:]: $5{x} >= 1 && -$2{x} >= -30 && $2{x} >= 21 ? 1

[31:]: $5{x} >= 1 && -$2{x} >= -30 && $2{x} >= 21 && $1{$1} == 3 ? 0.

[32:]: 
[33:]: -$5{x} >= -10 && $5{x} >= 1 && -$4{y} >= 4 && -$2{x} >= -10 && $2{x} >= 1 ? bottom
-$5{x} >= -10 && $5{x} >= 1 && -$4{y} >= 4 && -$2{x} >= -20 && $2{x} >= 11 ? 2
-$5{x} >= -10 && $5{x} >= 1 && -$4{y} >= -5 && $4{y} >= -3 && -$2{x} >= -10 && $2{x} >= 1 ? 5
-$5{x} >= -10 && $5{x} >= 1 && -$4{y} >= -5 && $4{y} >= -3 && -$2{x} >= -20 && $2{x} >= 11 ? 2
-$5{x} >= -10 && $5{x} >= 1 && $4{y} == 6 && -$2{x} >= -10 && $2{x} >= 1 ? 13
-$5{x} >= -10 && $5{x} >= 1 && $4{y} == 6 && -$2{x} >= -20 && $2{x} >= 11 ? 2
-$5{x} >= -10 && $5{x} >= 1 && $4{y} >= 7 && -$2{x} >= -10 && $2{x} >= 1 ? 8$4{y}-11$5{x}+237
-$5{x} >= -10 && $5{x} >= 1 && $4{y} >= 7 && -$2{x} >= -20 && $2{x} >= 11 ? 2
-$5{x} >= -20 && $5{x} >= 11 && -$4{y} >= 4 && -$2{x} >= -10 && $2{x} >= 1 ? 10
-$5{x} >= -20 && $5{x} >= 11 && -$4{y} >= 4 && -$2{x} >= -20 && $2{x} >= 11 ? 2
-$5{x} >= -20 && $5{x} >= 11 && -$4{y} >= -5 && $4{y} >= -3 && -$2{x} >= -10 && $2{x} >= 1 ? 5
-$5{x} >= -20 && $5{x} >= 11 && -$4{y} >= -5 && $4{y} >= -3 && -$2{x} >= -20 && $2{x} >= 11 ? 2
-$5{x} >= -20 && $5{x} >= 11 && $4{y} == 6 && -$2{x} >= -10 && $2{x} >= 1 ? 10
-$5{x} >= -20 && $5{x} >= 11 && $4{y} == 6 && -$2{x} >= -20 && $2{x} >= 11 ? 2
-$5{x} >= -20 && $5{x} >= 11 && $4{y} >= 7 && -$2{x} >= -10 && $2{x} >= 1 ? 10
-$5{x} >= -20 && $5{x} >= 11 && $4{y} >= 7 && -$2{x} >= -20 && $2{x} >= 11 ? 2
-$5{x} >= -30 && $5{x} >= 21 && -$4{y} >= 4 && -$2{x} >= -10 && $2{x} >= 1 ? 9
-$5{x} >= -30 && $5{x} >= 21 && -$4{y} >= 4 && -$2{x} >= -20 && $2{x} >= 11 ? 2
-$5{x} >= -30 && $5{x} >= 21 && -$4{y} >= -5 && $4{y} >= -3 && -$2{x} >= -10 && $2{x} >= 1 ? 5
-$5{x} >= -30 && $5{x} >= 21 && -$4{y} >= -5 && $4{y} >= -3 && -$2{x} >= -20 && $2{x} >= 11 ? 2
-$5{x} >= -30 && $5{x} >= 21 && $4{y} == 6 && -$2{x} >= -10 && $2{x} >= 1 ? 9
-$5{x} >= -30 && $5{x} >= 21 && $4{y} == 6 && -$2{x} >= -20 && $2{x} >= 11 ? 2
-$5{x} >= -30 && $5{x} >= 21 && $4{y} >= 7 && -$2{x} >= -10 && $2{x} >= 1 ? 9
-$5{x} >= -30 && $5{x} >= 21 && $4{y} >= 7 && -$2{x} >= -20 && $2{x} >= 11 ? 2
$5{x} >= 31 && -$4{y} >= 4 && -$2{x} >= -10 && $2{x} >= 1 ? 8
$5{x} >= 31 && -$4{y} >= 4 && -$2{x} >= -20 && $2{x} >= 11 ? 2
$5{x} >= 31 && -$4{y} >= -5 && $4{y} >= -3 && -$2{x} >= -10 && $2{x} >= 1 ? 5
$5{x} >= 31 && -$4{y} >= -5 && $4{y} >= -3 && -$2{x} >= -20 && $2{x} >= 11 ? 2
$5{x} >= 31 && $4{y} == 6 && -$2{x} >= -10 && $2{x} >= 1 ? 8
$5{x} >= 31 && $4{y} == 6 && -$2{x} >= -20 && $2{x} >= 11 ? 2
$5{x} >= 31 && $4{y} >= 7 && -$2{x} >= -10 && $2{x} >= 1 ? 8
$5{x} >= 31 && $4{y} >= 7 && -$2{x} >= -20 && $2{x} >= 11 ? 2

[34:]: $5{x} >= 1 && -$2{x} >= -20 && $2{x} >= 11 ? 1

[35:]: $5{x} >= 1 && -$2{x} >= -20 && $2{x} >= 11 && $1{$1} == 2 ? 0.

[36:]: 
[37:]: -$5{x} >= -10 && $5{x} >= 1 && -$4{y} >= 4 && -$2{x} >= -10 && $2{x} >= 1 ? bottom
-$5{x} >= -10 && $5{x} >= 1 && -$4{y} >= -5 && $4{y} >= -3 && -$2{x} >= -10 && $2{x} >= 1 ? 4
-$5{x} >= -10 && $5{x} >= 1 && $4{y} == 6 && -$2{x} >= -10 && $2{x} >= 1 ? 12
-$5{x} >= -10 && $5{x} >= 1 && $4{y} >= 7 && -$2{x} >= -10 && $2{x} >= 1 ? 8$4{y}-11$5{x}+236
-$5{x} >= -20 && $5{x} >= 11 && -$4{y} >= 4 && -$2{x} >= -10 && $2{x} >= 1 ? 9
-$5{x} >= -20 && $5{x} >= 11 && -$4{y} >= -5 && $4{y} >= -3 && -$2{x} >= -10 && $2{x} >= 1 ? 4
-$5{x} >= -20 && $5{x} >= 11 && $4{y} == 6 && -$2{x} >= -10 && $2{x} >= 1 ? 9
-$5{x} >= -20 && $5{x} >= 11 && $4{y} >= 7 && -$2{x} >= -10 && $2{x} >= 1 ? 9
-$5{x} >= -30 && $5{x} >= 21 && -$4{y} >= 4 && -$2{x} >= -10 && $2{x} >= 1 ? 8
-$5{x} >= -30 && $5{x} >= 21 && -$4{y} >= -5 && $4{y} >= -3 && -$2{x} >= -10 && $2{x} >= 1 ? 4
-$5{x} >= -30 && $5{x} >= 21 && $4{y} == 6 && -$2{x} >= -10 && $2{x} >= 1 ? 8
-$5{x} >= -30 && $5{x} >= 21 && $4{y} >= 7 && -$2{x} >= -10 && $2{x} >= 1 ? 8
$5{x} >= 31 && -$4{y} >= 4 && -$2{x} >= -10 && $2{x} >= 1 ? 7
$5{x} >= 31 && -$4{y} >= -5 && $4{y} >= -3 && -$2{x} >= -10 && $2{x} >= 1 ? 4
$5{x} >= 31 && $4{y} == 6 && -$2{x} >= -10 && $2{x} >= 1 ? 7
$5{x} >= 31 && $4{y} >= 7 && -$2{x} >= -10 && $2{x} >= 1 ? 7

[38:]: -$5{x} >= -10 && $5{x} >= 1 && -$4{y} >= 4 && -$2{x} >= -10 && $2{x} >= 1 ? bottom
-$5{x} >= -10 && $5{x} >= 1 && -$4{y} >= -5 && $4{y} >= -3 && -$2{x} >= -10 && $2{x} >= 1 ? 4
-$5{x} >= -10 && $5{x} >= 1 && $4{y} == 6 && -$2{x} >= -10 && $2{x} >= 1 ? 12
-$5{x} >= -10 && $5{x} >= 1 && $4{y} >= 7 && -$2{x} >= -10 && $2{x} >= 1 ? 8$4{y}-11$5{x}+236
-$5{x} >= -20 && $5{x} >= 11 && -$4{y} >= 4 && -$2{x} >= -10 && $2{x} >= 1 ? 9
-$5{x} >= -20 && $5{x} >= 11 && -$4{y} >= -5 && $4{y} >= -3 && -$2{x} >= -10 && $2{x} >= 1 ? 4
-$5{x} >= -20 && $5{x} >= 11 && $4{y} == 6 && -$2{x} >= -10 && $2{x} >= 1 ? 9
-$5{x} >= -20 && $5{x} >= 11 && $4{y} >= 7 && -$2{x} >= -10 && $2{x} >= 1 ? 9
-$5{x} >= -30 && $5{x} >= 21 && -$4{y} >= 4 && -$2{x} >= -10 && $2{x} >= 1 ? 8
-$5{x} >= -30 && $5{x} >= 21 && -$4{y} >= -5 && $4{y} >= -3 && -$2{x} >= -10 && $2{x} >= 1 ? 4
-$5{x} >= -30 && $5{x} >= 21 && $4{y} == 6 && -$2{x} >= -10 && $2{x} >= 1 ? 8
-$5{x} >= -30 && $5{x} >= 21 && $4{y} >= 7 && -$2{x} >= -10 && $2{x} >= 1 ? 8
$5{x} >= 31 && -$4{y} >= 4 && -$2{x} >= -10 && $2{x} >= 1 ? 7
$5{x} >= 31 && -$4{y} >= -5 && $4{y} >= -3 && -$2{x} >= -10 && $2{x} >= 1 ? 4
$5{x} >= 31 && $4{y} == 6 && -$2{x} >= -10 && $2{x} >= 1 ? 7
$5{x} >= 31 && $4{y} >= 7 && -$2{x} >= -10 && $2{x} >= 1 ? 7

[39:]: -$5{x} >= -10 && $5{x} >= 1 && -$4{y} >= 4 && -$2{x} >= -10 && $2{x} >= 1 ? bottom
-$5{x} >= -10 && $5{x} >= 1 && -$4{y} >= -5 && $4{y} >= -3 && -$2{x} >= -10 && $2{x} >= 1 ? 4
-$5{x} >= -10 && $5{x} >= 1 && $4{y} == 6 && -$2{x} >= -10 && $2{x} >= 1 ? 12
-$5{x} >= -10 && $5{x} >= 1 && $4{y} >= 7 && -$2{x} >= -10 && $2{x} >= 1 ? 8$4{y}-11$5{x}+236
-$5{x} >= -20 && $5{x} >= 11 && -$4{y} >= 4 && -$2{x} >= -10 && $2{x} >= 1 ? 9
-$5{x} >= -20 && $5{x} >= 11 && -$4{y} >= -5 && $4{y} >= -3 && -$2{x} >= -10 && $2{x} >= 1 ? 4
-$5{x} >= -20 && $5{x} >= 11 && $4{y} == 6 && -$2{x} >= -10 && $2{x} >= 1 ? 9
-$5{x} >= -20 && $5{x} >= 11 && $4{y} >= 7 && -$2{x} >= -10 && $2{x} >= 1 ? 9
-$5{x} >= -30 && $5{x} >= 21 && -$4{y} >= 4 && -$2{x} >= -10 && $2{x} >= 1 ? 8
-$5{x} >= -30 && $5{x} >= 21 && -$4{y} >= -5 && $4{y} >= -3 && -$2{x} >= -10 && $2{x} >= 1 ? 4
-$5{x} >= -30 && $5{x} >= 21 && $4{y} == 6 && -$2{x} >= -10 && $2{x} >= 1 ? 8
-$5{x} >= -30 && $5{x} >= 21 && $4{y} >= 7 && -$2{x} >= -10 && $2{x} >= 1 ? 8
$5{x} >= 31 && -$4{y} >= 4 && -$2{x} >= -10 && $2{x} >= 1 ? 7
$5{x} >= 31 && -$4{y} >= -5 && $4{y} >= -3 && -$2{x} >= -10 && $2{x} >= 1 ? 4
$5{x} >= 31 && $4{y} == 6 && -$2{x} >= -10 && $2{x} >= 1 ? 7
$5{x} >= 31 && $4{y} >= 7 && -$2{x} >= -10 && $2{x} >= 1 ? 7

[40:]: -$5{x} >= -10 && $5{x} >= 1 && -$4{y} >= 4 && -$2{x} >= -10 && $2{x} >= 1 ? bottom
-$5{x} >= -10 && $5{x} >= 1 && -$4{y} >= -5 && $4{y} >= -3 && -$2{x} >= -10 && $2{x} >= 1 ? 4
-$5{x} >= -10 && $5{x} >= 1 && $4{y} == 6 && -$2{x} >= -10 && $2{x} >= 1 ? 12
-$5{x} >= -10 && $5{x} >= 1 && $4{y} >= 7 && -$2{x} >= -10 && $2{x} >= 1 ? 8$4{y}-11$5{x}+236
-$5{x} >= -20 && $5{x} >= 11 && -$4{y} >= 4 && -$2{x} >= -10 && $2{x} >= 1 ? 9
-$5{x} >= -20 && $5{x} >= 11 && -$4{y} >= -5 && $4{y} >= -3 && -$2{x} >= -10 && $2{x} >= 1 ? 4
-$5{x} >= -20 && $5{x} >= 11 && $4{y} == 6 && -$2{x} >= -10 && $2{x} >= 1 ? 9
-$5{x} >= -20 && $5{x} >= 11 && $4{y} >= 7 && -$2{x} >= -10 && $2{x} >= 1 ? 9
-$5{x} >= -30 && $5{x} >= 21 && -$4{y} >= 4 && -$2{x} >= -10 && $2{x} >= 1 ? 8
-$5{x} >= -30 && $5{x} >= 21 && -$4{y} >= -5 && $4{y} >= -3 && -$2{x} >= -10 && $2{x} >= 1 ? 4
-$5{x} >= -30 && $5{x} >= 21 && $4{y} == 6 && -$2{x} >= -10 && $2{x} >= 1 ? 8
-$5{x} >= -30 && $5{x} >= 21 && $4{y} >= 7 && -$2{x} >= -10 && $2{x} >= 1 ? 8
$5{x} >= 31 && -$4{y} >= 4 && -$2{x} >= -10 && $2{x} >= 1 ? 7
$5{x} >= 31 && -$4{y} >= -5 && $4{y} >= -3 && -$2{x} >= -10 && $2{x} >= 1 ? 4
$5{x} >= 31 && $4{y} == 6 && -$2{x} >= -10 && $2{x} >= 1 ? 7
$5{x} >= 31 && $4{y} >= 7 && -$2{x} >= -10 && $2{x} >= 1 ? 7

[41:]: -$5{x} >= -10 && $5{x} >= 1 && -$4{y} >= 4 && -$2{x} >= -10 && $2{x} >= 1 && $1{$1} == 1 ? bottom
-$5{x} >= -10 && $5{x} >= 1 && -$4{y} >= -5 && $4{y} >= -3 && -$2{x} >= -10 && $2{x} >= 1 && $1{$1} == 1 ? 3
-$5{x} >= -10 && $5{x} >= 1 && $4{y} == 6 && -$2{x} >= -10 && $2{x} >= 1 && $1{$1} == 1 ? 11
-$5{x} >= -10 && $5{x} >= 1 && $4{y} >= 7 && -$2{x} >= -10 && $2{x} >= 1 && $1{$1} == 1 ? -8$1{$1}+8$4{y}-11$5{x}+243
-$5{x} >= -20 && $5{x} >= 11 && -$4{y} >= 4 && -$2{x} >= -10 && $2{x} >= 1 && $1{$1} == 1 ? 8
-$5{x} >= -20 && $5{x} >= 11 && -$4{y} >= -5 && $4{y} >= -3 && -$2{x} >= -10 && $2{x} >= 1 && $1{$1} == 1 ? 3
-$5{x} >= -20 && $5{x} >= 11 && $4{y} == 6 && -$2{x} >= -10 && $2{x} >= 1 && $1{$1} == 1 ? 8
-$5{x} >= -20 && $5{x} >= 11 && $4{y} >= 7 && -$2{x} >= -10 && $2{x} >= 1 && $1{$1} == 1 ? 8
-$5{x} >= -30 && $5{x} >= 21 && -$4{y} >= 4 && -$2{x} >= -10 && $2{x} >= 1 && $1{$1} == 1 ? 7
-$5{x} >= -30 && $5{x} >= 21 && -$4{y} >= -5 && $4{y} >= -3 && -$2{x} >= -10 && $2{x} >= 1 && $1{$1} == 1 ? 3
-$5{x} >= -30 && $5{x} >= 21 && $4{y} == 6 && -$2{x} >= -10 && $2{x} >= 1 && $1{$1} == 1 ? 7
-$5{x} >= -30 && $5{x} >= 21 && $4{y} >= 7 && -$2{x} >= -10 && $2{x} >= 1 && $1{$1} == 1 ? 7
$5{x} >= 31 && -$4{y} >= 4 && -$2{x} >= -10 && $2{x} >= 1 && $1{$1} == 1 ? 6
$5{x} >= 31 && -$4{y} >= -5 && $4{y} >= -3 && -$2{x} >= -10 && $2{x} >= 1 && $1{$1} == 1 ? 3
$5{x} >= 31 && $4{y} == 6 && -$2{x} >= -10 && $2{x} >= 1 && $1{$1} == 1 ? 6
$5{x} >= 31 && $4{y} >= 7 && -$2{x} >= -10 && $2{x} >= 1 && $1{$1} == 1 ? 6

[42:]: -$5{x} >= -10 && $5{x} >= 1 && -$4{y} >= 5 && -$2{x} >= -10 && $2{x} >= 1 && $1{$1} == 1 ? bottom
-$5{x} >= -10 && $5{x} >= 1 && -$4{y} >= -4 && $4{y} >= -4 && -$2{x} >= -10 && $2{x} >= 1 && $1{$1} == 1 ? 2
-$5{x} >= -10 && $5{x} >= 1 && $4{y} == 5 && -$2{x} >= -10 && $2{x} >= 1 && $1{$1} == 1 ? 10
-$5{x} >= -10 && $5{x} >= 1 && $4{y} >= 6 && -$2{x} >= -10 && $2{x} >= 1 && $1{$1} == 1 ? 8$4{y}-11$5{x}+242
-$5{x} >= -20 && $5{x} >= 11 && -$4{y} >= 5 && -$2{x} >= -10 && $2{x} >= 1 && $1{$1} == 1 ? 7
-$5{x} >= -20 && $5{x} >= 11 && -$4{y} >= -4 && $4{y} >= -4 && -$2{x} >= -10 && $2{x} >= 1 && $1{$1} == 1 ? 2
-$5{x} >= -20 && $5{x} >= 11 && $4{y} == 5 && -$2{x} >= -10 && $2{x} >= 1 && $1{$1} == 1 ? 7
-$5{x} >= -20 && $5{x} >= 11 && $4{y} >= 6 && -$2{x} >= -10 && $2{x} >= 1 && $1{$1} == 1 ? 7
-$5{x} >= -30 && $5{x} >= 21 && -$4{y} >= 5 && -$2{x} >= -10 && $2{x} >= 1 && $1{$1} == 1 ? 6
-$5{x} >= -30 && $5{x} >= 21 && -$4{y} >= -4 && $4{y} >= -4 && -$2{x} >= -10 && $2{x} >= 1 && $1{$1} == 1 ? 2
-$5{x} >= -30 && $5{x} >= 21 && $4{y} == 5 && -$2{x} >= -10 && $2{x} >= 1 && $1{$1} == 1 ? 6
-$5{x} >= -30 && $5{x} >= 21 && $4{y} >= 6 && -$2{x} >= -10 && $2{x} >= 1 && $1{$1} == 1 ? 6
$5{x} >= 31 && -$4{y} >= 5 && -$2{x} >= -10 && $2{x} >= 1 && $1{$1} == 1 ? 5
$5{x} >= 31 && -$4{y} >= -4 && $4{y} >= -4 && -$2{x} >= -10 && $2{x} >= 1 && $1{$1} == 1 ? 2
$5{x} >= 31 && $4{y} == 5 && -$2{x} >= -10 && $2{x} >= 1 && $1{$1} == 1 ? 5
$5{x} >= 31 && $4{y} >= 6 && -$2{x} >= -10 && $2{x} >= 1 && $1{$1} == 1 ? 5

[43:]: -$5{x} >= 31 && -$4{y} >= 7 ? 3
-$5{x} >= 31 && $4{y} == -6 ? 3
-$5{x} >= 31 && -$4{y} >= -3 && $4{y} >= -5 ? 3
-$5{x} >= 31 && $4{y} >= 4 ? 3
-$5{x} >= 21 && $5{x} >= -30 && -$4{y} >= 7 ? 4
-$5{x} >= 21 && $5{x} >= -30 && $4{y} == -6 ? 4
-$5{x} >= 21 && $5{x} >= -30 && -$4{y} >= -3 && $4{y} >= -5 ? 4
-$5{x} >= 21 && $5{x} >= -30 && $4{y} >= 4 ? 4
-$5{x} >= 11 && $5{x} >= -20 && -$4{y} >= 7 ? 5
-$5{x} >= 11 && $5{x} >= -20 && $4{y} == -6 ? 5
-$5{x} >= 11 && $5{x} >= -20 && -$4{y} >= -3 && $4{y} >= -5 ? 5
-$5{x} >= 11 && $5{x} >= -20 && $4{y} >= 4 ? 5
-$5{x} >= 0 && $5{x} >= -10 && -$4{y} >= 7 ? -8$4{y}+11$5{x}+240
-$5{x} >= 0 && $5{x} >= -10 && $4{y} == -6 ? 16
-$5{x} >= 0 && $5{x} >= -10 && -$4{y} >= -3 && $4{y} >= -5 ? 8
-$5{x} >= 0 && $5{x} >= -10 && $4{y} >= 4 ? bottom

[44:]: -$5{x} >= 31 && -$4{y} >= 7 && -$2{x} >= -10 && $2{x} >= 0 ? 10
-$5{x} >= 31 && -$4{y} >= 7 && -$2{x} >= -20 && $2{x} >= 11 ? 4
-$5{x} >= 31 && -$4{y} >= 7 && -$2{x} >= -30 && $2{x} >= 21 ? 3
-$5{x} >= 31 && -$4{y} >= 7 && $2{x} >= 31 ? 2
-$5{x} >= 31 && $4{y} == -6 && -$2{x} >= -10 && $2{x} >= 0 ? 10
-$5{x} >= 31 && $4{y} == -6 && -$2{x} >= -20 && $2{x} >= 11 ? 4
-$5{x} >= 31 && $4{y} == -6 && -$2{x} >= -30 && $2{x} >= 21 ? 3
-$5{x} >= 31 && $4{y} == -6 && $2{x} >= 31 ? 2
-$5{x} >= 31 && -$4{y} >= -3 && $4{y} >= -5 && -$2{x} >= -10 && $2{x} >= 0 ? 7
-$5{x} >= 31 && -$4{y} >= -3 && $4{y} >= -5 && -$2{x} >= -20 && $2{x} >= 11 ? 4
-$5{x} >= 31 && -$4{y} >= -3 && $4{y} >= -5 && -$2{x} >= -30 && $2{x} >= 21 ? 3
-$5{x} >= 31 && -$4{y} >= -3 && $4{y} >= -5 && $2{x} >= 31 ? 2
-$5{x} >= 31 && $4{y} >= 4 && -$2{x} >= -10 && $2{x} >= 0 ? 10
-$5{x} >= 31 && $4{y} >= 4 && -$2{x} >= -20 && $2{x} >= 11 ? 4
-$5{x} >= 31 && $4{y} >= 4 && -$2{x} >= -30 && $2{x} >= 21 ? 3
-$5{x} >= 31 && $4{y} >= 4 && $2{x} >= 31 ? 2
-$5{x} >= 21 && $5{x} >= -30 && -$4{y} >= 7 && -$2{x} >= -10 && $2{x} >= 0 ? 11
-$5{x} >= 21 && $5{x} >= -30 && -$4{y} >= 7 && -$2{x} >= -20 && $2{x} >= 11 ? 4
-$5{x} >= 21 && $5{x} >= -30 && -$4{y} >= 7 && -$2{x} >= -30 && $2{x} >= 21 ? 3
-$5{x} >= 21 && $5{x} >= -30 && -$4{y} >= 7 && $2{x} >= 31 ? 2
-$5{x} >= 21 && $5{x} >= -30 && $4{y} == -6 && -$2{x} >= -10 && $2{x} >= 0 ? 11
-$5{x} >= 21 && $5{x} >= -30 && $4{y} == -6 && -$2{x} >= -20 && $2{x} >= 11 ? 4
-$5{x} >= 21 && $5{x} >= -30 && $4{y} == -6 && -$2{x} >= -30 && $2{x} >= 21 ? 3
-$5{x} >= 21 && $5{x} >= -30 && $4{y} == -6 && $2{x} >= 31 ? 2
-$5{x} >= 21 && $5{x} >= -30 && -$4{y} >= -3 && $4{y} >= -5 && -$2{x} >= -10 && $2{x} >= 0 ? 7
-$5{x} >= 21 && $5{x} >= -30 && -$4{y} >= -3 && $4{y} >= -5 && -$2{x} >= -20 && $2{x} >= 11 ? 4
-$5{x} >= 21 && $5{x} >= -30 && -$4{y} >= -3 && $4{y} >= -5 && -$2{x} >= -30 && $2{x} >= 21 ? 3
-$5{x} >= 21 && $5{x} >= -30 && -$4{y} >= -3 && $4{y} >= -5 && $2{x} >= 31 ? 2
-$5{x} >= 21 && $5{x} >= -30 && $4{y} >= 4 && -$2{x} >= -10 && $2{x} >= 0 ? 11
-$5{x} >= 21 && $5{x} >= -30 && $4{y} >= 4 && -$2{x} >= -20 && $2{x} >= 11 ? 4
-$5{x} >= 21 && $5{x} >= -30 && $4{y} >= 4 && -$2{x} >= -30 && $2{x} >= 21 ? 3
-$5{x} >= 21 && $5{x} >= -30 && $4{y} >= 4 && $2{x} >= 31 ? 2
-$5{x} >= 11 && $5{x} >= -20 && -$4{y} >= 7 && -$2{x} >= -10 && $2{x} >= 0 ? 12
-$5{x} >= 11 && $5{x} >= -20 && -$4{y} >= 7 && -$2{x} >= -20 && $2{x} >= 11 ? 4
-$5{x} >= 11 && $5{x} >= -20 && -$4{y} >= 7 && -$2{x} >= -30 && $2{x} >= 21 ? 3
-$5{x} >= 11 && $5{x} >= -20 && -$4{y} >= 7 && $2{x} >= 31 ? 2
-$5{x} >= 11 && $5{x} >= -20 && $4{y} == -6 && -$2{x} >= -10 && $2{x} >= 0 ? 12
-$5{x} >= 11 && $5{x} >= -20 && $4{y} == -6 && -$2{x} >= -20 && $2{x} >= 11 ? 4
-$5{x} >= 11 && $5{x} >= -20 && $4{y} == -6 && -$2{x} >= -30 && $2{x} >= 21 ? 3
-$5{x} >= 11 && $5{x} >= -20 && $4{y} == -6 && $2{x} >= 31 ? 2
-$5{x} >= 11 && $5{x} >= -20 && -$4{y} >= -3 && $4{y} >= -5 && -$2{x} >= -10 && $2{x} >= 0 ? 7
-$5{x} >= 11 && $5{x} >= -20 && -$4{y} >= -3 && $4{y} >= -5 && -$2{x} >= -20 && $2{x} >= 11 ? 4
-$5{x} >= 11 && $5{x} >= -20 && -$4{y} >= -3 && $4{y} >= -5 && -$2{x} >= -30 && $2{x} >= 21 ? 3
-$5{x} >= 11 && $5{x} >= -20 && -$4{y} >= -3 && $4{y} >= -5 && $2{x} >= 31 ? 2
-$5{x} >= 11 && $5{x} >= -20 && $4{y} >= 4 && -$2{x} >= -10 && $2{x} >= 0 ? 12
-$5{x} >= 11 && $5{x} >= -20 && $4{y} >= 4 && -$2{x} >= -20 && $2{x} >= 11 ? 4
-$5{x} >= 11 && $5{x} >= -20 && $4{y} >= 4 && -$2{x} >= -30 && $2{x} >= 21 ? 3
-$5{x} >= 11 && $5{x} >= -20 && $4{y} >= 4 && $2{x} >= 31 ? 2
-$5{x} >= 0 && $5{x} >= -10 && -$4{y} >= 7 && -$2{x} >= -10 && $2{x} >= 0 ? -8$4{y}+11$5{x}+239
-$5{x} >= 0 && $5{x} >= -10 && -$4{y} >= 7 && -$2{x} >= -20 && $2{x} >= 11 ? 4
-$5{x} >= 0 && $5{x} >= -10 && -$4{y} >= 7 && -$2{x} >= -30 && $2{x} >= 21 ? 3
-$5{x} >= 0 && $5{x} >= -10 && -$4{y} >= 7 && $2{x} >= 31 ? 2
-$5{x} >= 0 && $5{x} >= -10 && $4{y} == -6 && -$2{x} >= -10 && $2{x} >= 0 ? 15
-$5{x} >= 0 && $5{x} >= -10 && $4{y} == -6 && -$2{x} >= -20 && $2{x} >= 11 ? 4
-$5{x} >= 0 && $5{x} >= -10 && $4{y} == -6 && -$2{x} >= -30 && $2{x} >= 21 ? 3
-$5{x} >= 0 && $5{x} >= -10 && $4{y} == -6 && $2{x} >= 31 ? 2
-$5{x} >= 0 && $5{x} >= -10 && -$4{y} >= -3 && $4{y} >= -5 && -$2{x} >= -10 && $2{x} >= 0 ? 7
-$5{x} >= 0 && $5{x} >= -10 && -$4{y} >= -3 && $4{y} >= -5 && -$2{x} >= -20 && $2{x} >= 11 ? 4
-$5{x} >= 0 && $5{x} >= -10 && -$4{y} >= -3 && $4{y} >= -5 && -$2{x} >= -30 && $2{x} >= 21 ? 3
-$5{x} >= 0 && $5{x} >= -10 && -$4{y} >= -3 && $4{y} >= -5 && $2{x} >= 31 ? 2
-$5{x} >= 0 && $5{x} >= -10 && $4{y} >= 4 && -$2{x} >= -10 && $2{x} >= 0 ? bottom
-$5{x} >= 0 && $5{x} >= -10 && $4{y} >= 4 && -$2{x} >= -20 && $2{x} >= 11 ? 4
-$5{x} >= 0 && $5{x} >= -10 && $4{y} >= 4 && -$2{x} >= -30 && $2{x} >= 21 ? 3
-$5{x} >= 0 && $5{x} >= -10 && $4{y} >= 4 && $2{x} >= 31 ? 2

[45:]: -$5{x} >= 0 && $2{x} >= 31 ? 1

[46:]: -$5{x} >= 0 && $2{x} >= 31 && $1{$1} == 4 ? 0.

[47:]: 
[48:]: -$5{x} >= 31 && -$4{y} >= 7 && -$2{x} >= -10 && $2{x} >= 0 ? 9
-$5{x} >= 31 && -$4{y} >= 7 && -$2{x} >= -20 && $2{x} >= 11 ? 3
-$5{x} >= 31 && -$4{y} >= 7 && -$2{x} >= -30 && $2{x} >= 21 ? 2
-$5{x} >= 31 && $4{y} == -6 && -$2{x} >= -10 && $2{x} >= 0 ? 9
-$5{x} >= 31 && $4{y} == -6 && -$2{x} >= -20 && $2{x} >= 11 ? 3
-$5{x} >= 31 && $4{y} == -6 && -$2{x} >= -30 && $2{x} >= 21 ? 2
-$5{x} >= 31 && -$4{y} >= -3 && $4{y} >= -5 && -$2{x} >= -10 && $2{x} >= 0 ? 6
-$5{x} >= 31 && -$4{y} >= -3 && $4{y} >= -5 && -$2{x} >= -20 && $2{x} >= 11 ? 3
-$5{x} >= 31 && -$4{y} >= -3 && $4{y} >= -5 && -$2{x} >= -30 && $2{x} >= 21 ? 2
-$5{x} >= 31 && $4{y} >= 4 && -$2{x} >= -10 && $2{x} >= 0 ? 9
-$5{x} >= 31 && $4{y} >= 4 && -$2{x} >= -20 && $2{x} >= 11 ? 3
-$5{x} >= 31 && $4{y} >= 4 && -$2{x} >= -30 && $2{x} >= 21 ? 2
-$5{x} >= 21 && $5{x} >= -30 && -$4{y} >= 7 && -$2{x} >= -10 && $2{x} >= 0 ? 10
-$5{x} >= 21 && $5{x} >= -30 && -$4{y} >= 7 && -$2{x} >= -20 && $2{x} >= 11 ? 3
-$5{x} >= 21 && $5{x} >= -30 && -$4{y} >= 7 && -$2{x} >= -30 && $2{x} >= 21 ? 2
-$5{x} >= 21 && $5{x} >= -30 && $4{y} == -6 && -$2{x} >= -10 && $2{x} >= 0 ? 10
-$5{x} >= 21 && $5{x} >= -30 && $4{y} == -6 && -$2{x} >= -20 && $2{x} >= 11 ? 3
-$5{x} >= 21 && $5{x} >= -30 && $4{y} == -6 && -$2{x} >= -30 && $2{x} >= 21 ? 2
-$5{x} >= 21 && $5{x} >= -30 && -$4{y} >= -3 && $4{y} >= -5 && -$2{x} >= -10 && $2{x} >= 0 ? 6
-$5{x} >= 21 && $5{x} >= -30 && -$4{y} >= -3 && $4{y} >= -5 && -$2{x} >= -20 && $2{x} >= 11 ? 3
-$5{x} >= 21 && $5{x} >= -30 && -$4{y} >= -3 && $4{y} >= -5 && -$2{x} >= -30 && $2{x} >= 21 ? 2
-$5{x} >= 21 && $5{x} >= -30 && $4{y} >= 4 && -$2{x} >= -10 && $2{x} >= 0 ? 10
-$5{x} >= 21 && $5{x} >= -30 && $4{y} >= 4 && -$2{x} >= -20 && $2{x} >= 11 ? 3
-$5{x} >= 21 && $5{x} >= -30 && $4{y} >= 4 && -$2{x} >= -30 && $2{x} >= 21 ? 2
-$5{x} >= 11 && $5{x} >= -20 && -$4{y} >= 7 && -$2{x} >= -10 && $2{x} >= 0 ? 11
-$5{x} >= 11 && $5{x} >= -20 && -$4{y} >= 7 && -$2{x} >= -20 && $2{x} >= 11 ? 3
-$5{x} >= 11 && $5{x} >= -20 && -$4{y} >= 7 && -$2{x} >= -30 && $2{x} >= 21 ? 2
-$5{x} >= 11 && $5{x} >= -20 && $4{y} == -6 && -$2{x} >= -10 && $2{x} >= 0 ? 11
-$5{x} >= 11 && $5{x} >= -20 && $4{y} == -6 && -$2{x} >= -20 && $2{x} >= 11 ? 3
-$5{x} >= 11 && $5{x} >= -20 && $4{y} == -6 && -$2{x} >= -30 && $2{x} >= 21 ? 2
-$5{x} >= 11 && $5{x} >= -20 && -$4{y} >= -3 && $4{y} >= -5 && -$2{x} >= -10 && $2{x} >= 0 ? 6
-$5{x} >= 11 && $5{x} >= -20 && -$4{y} >= -3 && $4{y} >= -5 && -$2{x} >= -20 && $2{x} >= 11 ? 3
-$5{x} >= 11 && $5{x} >= -20 && -$4{y} >= -3 && $4{y} >= -5 && -$2{x} >= -30 && $2{x} >= 21 ? 2
-$5{x} >= 11 && $5{x} >= -20 && $4{y} >= 4 && -$2{x} >= -10 && $2{x} >= 0 ? 11
-$5{x} >= 11 && $5{x} >= -20 && $4{y} >= 4 && -$2{x} >= -20 && $2{x} >= 11 ? 3
-$5{x} >= 11 && $5{x} >= -20 && $4{y} >= 4 && -$2{x} >= -30 && $2{x} >= 21 ? 2
-$5{x} >= 0 && $5{x} >= -10 && -$4{y} >= 7 && -$2{x} >= -10 && $2{x} >= 0 ? -8$4{y}+11$5{x}+238
-$5{x} >= 0 && $5{x} >= -10 && -$4{y} >= 7 && -$2{x} >= -20 && $2{x} >= 11 ? 3
-$5{x} >= 0 && $5{x} >= -10 && -$4{y} >= 7 && -$2{x} >= -30 && $2{x} >= 21 ? 2
-$5{x} >= 0 && $5{x} >= -10 && $4{y} == -6 && -$2{x} >= -10 && $2{x} >= 0 ? 14
-$5{x} >= 0 && $5{x} >= -10 && $4{y} == -6 && -$2{x} >= -20 && $2{x} >= 11 ? 3
-$5{x} >= 0 && $5{x} >= -10 && $4{y} == -6 && -$2{x} >= -30 && $2{x} >= 21 ? 2
-$5{x} >= 0 && $5{x} >= -10 && -$4{y} >= -3 && $4{y} >= -5 && -$2{x} >= -10 && $2{x} >= 0 ? 6
-$5{x} >= 0 && $5{x} >= -10 && -$4{y} >= -3 && $4{y} >= -5 && -$2{x} >= -20 && $2{x} >= 11 ? 3
-$5{x} >= 0 && $5{x} >= -10 && -$4{y} >= -3 && $4{y} >= -5 && -$2{x} >= -30 && $2{x} >= 21 ? 2
-$5{x} >= 0 && $5{x} >= -10 && $4{y} >= 4 && -$2{x} >= -10 && $2{x} >= 0 ? bottom
-$5{x} >= 0 && $5{x} >= -10 && $4{y} >= 4 && -$2{x} >= -20 && $2{x} >= 11 ? 3
-$5{x} >= 0 && $5{x} >= -10 && $4{y} >= 4 && -$2{x} >= -30 && $2{x} >= 21 ? 2

[49:]: -$5{x} >= 0 && -$2{x} >= -30 && $2{x} >= 21 ? 1

[50:]: -$5{x} >= 0 && -$2{x} >= -30 && $2{x} >= 21 && $1{$1} == 3 ? 0.

[51:]: 
[52:]: -$5{x} >= 31 && -$4{y} >= 7 && -$2{x} >= -10 && $2{x} >= 0 ? 8
-$5{x} >= 31 && -$4{y} >= 7 && -$2{x} >= -20 && $2{x} >= 11 ? 2
-$5{x} >= 31 && $4{y} == -6 && -$2{x} >= -10 && $2{x} >= 0 ? 8
-$5{x} >= 31 && $4{y} == -6 && -$2{x} >= -20 && $2{x} >= 11 ? 2
-$5{x} >= 31 && -$4{y} >= -3 && $4{y} >= -5 && -$2{x} >= -10 && $2{x} >= 0 ? 5
-$5{x} >= 31 && -$4{y} >= -3 && $4{y} >= -5 && -$2{x} >= -20 && $2{x} >= 11 ? 2
-$5{x} >= 31 && $4{y} >= 4 && -$2{x} >= -10 && $2{x} >= 0 ? 8
-$5{x} >= 31 && $4{y} >= 4 && -$2{x} >= -20 && $2{x} >= 11 ? 2
-$5{x} >= 21 && $5{x} >= -30 && -$4{y} >= 7 && -$2{x} >= -10 && $2{x} >= 0 ? 9
-$5{x} >= 21 && $5{x} >= -30 && -$4{y} >= 7 && -$2{x} >= -20 && $2{x} >= 11 ? 2
-$5{x} >= 21 && $5{x} >= -30 && $4{y} == -6 && -$2{x} >= -10 && $2{x} >= 0 ? 9
-$5{x} >= 21 && $5{x} >= -30 && $4{y} == -6 && -$2{x} >= -20 && $2{x} >= 11 ? 2
-$5{x} >= 21 && $5{x} >= -30 && -$4{y} >= -3 && $4{y} >= -5 && -$2{x} >= -10 && $2{x} >= 0 ? 5
-$5{x} >= 21 && $5{x} >= -30 && -$4{y} >= -3 && $4{y} >= -5 && -$2{x} >= -20 && $2{x} >= 11 ? 2
-$5{x} >= 21 && $5{x} >= -30 && $4{y} >= 4 && -$2{x} >= -10 && $2{x} >= 0 ? 9
-$5{x} >= 21 && $5{x} >= -30 && $4{y} >= 4 && -$2{x} >= -20 && $2{x} >= 11 ? 2
-$5{x} >= 11 && $5{x} >= -20 && -$4{y} >= 7 && -$2{x} >= -10 && $2{x} >= 0 ? 10
-$5{x} >= 11 && $5{x} >= -20 && -$4{y} >= 7 && -$2{x} >= -20 && $2{x} >= 11 ? 2
-$5{x} >= 11 && $5{x} >= -20 && $4{y} == -6 && -$2{x} >= -10 && $2{x} >= 0 ? 10
-$5{x} >= 11 && $5{x} >= -20 && $4{y} == -6 && -$2{x} >= -20 && $2{x} >= 11 ? 2
-$5{x} >= 11 && $5{x} >= -20 && -$4{y} >= -3 && $4{y} >= -5 && -$2{x} >= -10 && $2{x} >= 0 ? 5
-$5{x} >= 11 && $5{x} >= -20 && -$4{y} >= -3 && $4{y} >= -5 && -$2{x} >= -20 && $2{x} >= 11 ? 2
-$5{x} >= 11 && $5{x} >= -20 && $4{y} >= 4 && -$2{x} >= -10 && $2{x} >= 0 ? 10
-$5{x} >= 11 && $5{x} >= -20 && $4{y} >= 4 && -$2{x} >= -20 && $2{x} >= 11 ? 2
-$5{x} >= 0 && $5{x} >= -10 && -$4{y} >= 7 && -$2{x} >= -10 && $2{x} >= 0 ? -8$4{y}+11$5{x}+237
-$5{x} >= 0 && $5{x} >= -10 && -$4{y} >= 7 && -$2{x} >= -20 && $2{x} >= 11 ? 2
-$5{x} >= 0 && $5{x} >= -10 && $4{y} == -6 && -$2{x} >= -10 && $2{x} >= 0 ? 13
-$5{x} >= 0 && $5{x} >= -10 && $4{y} == -6 && -$2{x} >= -20 && $2{x} >= 11 ? 2
-$5{x} >= 0 && $5{x} >= -10 && -$4{y} >= -3 && $4{y} >= -5 && -$2{x} >= -10 && $2{x} >= 0 ? 5
-$5{x} >= 0 && $5{x} >= -10 && -$4{y} >= -3 && $4{y} >= -5 && -$2{x} >= -20 && $2{x} >= 11 ? 2
-$5{x} >= 0 && $5{x} >= -10 && $4{y} >= 4 && -$2{x} >= -10 && $2{x} >= 0 ? bottom
-$5{x} >= 0 && $5{x} >= -10 && $4{y} >= 4 && -$2{x} >= -20 && $2{x} >= 11 ? 2

[53:]: -$5{x} >= 0 && -$2{x} >= -20 && $2{x} >= 11 ? 1

[54:]: -$5{x} >= 0 && -$2{x} >= -20 && $2{x} >= 11 && $1{$1} == 2 ? 0.

[55:]: 
[56:]: -$5{x} >= 31 && -$4{y} >= 7 && -$2{x} >= -10 && $2{x} >= 0 ? 7
-$5{x} >= 31 && $4{y} == -6 && -$2{x} >= -10 && $2{x} >= 0 ? 7
-$5{x} >= 31 && -$4{y} >= -3 && $4{y} >= -5 && -$2{x} >= -10 && $2{x} >= 0 ? 4
-$5{x} >= 31 && $4{y} >= 4 && -$2{x} >= -10 && $2{x} >= 0 ? 7
-$5{x} >= 21 && $5{x} >= -30 && -$4{y} >= 7 && -$2{x} >= -10 && $2{x} >= 0 ? 8
-$5{x} >= 21 && $5{x} >= -30 && $4{y} == -6 && -$2{x} >= -10 && $2{x} >= 0 ? 8
-$5{x} >= 21 && $5{x} >= -30 && -$4{y} >= -3 && $4{y} >= -5 && -$2{x} >= -10 && $2{x} >= 0 ? 4
-$5{x} >= 21 && $5{x} >= -30 && $4{y} >= 4 && -$2{x} >= -10 && $2{x} >= 0 ? 8
-$5{x} >= 11 && $5{x} >= -20 && -$4{y} >= 7 && -$2{x} >= -10 && $2{x} >= 0 ? 9
-$5{x} >= 11 && $5{x} >= -20 && $4{y} == -6 && -$2{x} >= -10 && $2{x} >= 0 ? 9
-$5{x} >= 11 && $5{x} >= -20 && -$4{y} >= -3 && $4{y} >= -5 && -$2{x} >= -10 && $2{x} >= 0 ? 4
-$5{x} >= 11 && $5{x} >= -20 && $4{y} >= 4 && -$2{x} >= -10 && $2{x} >= 0 ? 9
-$5{x} >= 0 && $5{x} >= -10 && -$4{y} >= 7 && -$2{x} >= -10 && $2{x} >= 0 ? -8$4{y}+11$5{x}+236
-$5{x} >= 0 && $5{x} >= -10 && $4{y} == -6 && -$2{x} >= -10 && $2{x} >= 0 ? 12
-$5{x} >= 0 && $5{x} >= -10 && -$4{y} >= -3 && $4{y} >= -5 && -$2{x} >= -10 && $2{x} >= 0 ? 4
-$5{x} >= 0 && $5{x} >= -10 && $4{y} >= 4 && -$2{x} >= -10 && $2{x} >= 0 ? bottom

[57:]: -$5{x} >= 31 && -$4{y} >= 7 && -$2{x} >= -10 && $2{x} >= 0 ? 7
-$5{x} >= 31 && $4{y} == -6 && -$2{x} >= -10 && $2{x} >= 0 ? 7
-$5{x} >= 31 && -$4{y} >= -3 && $4{y} >= -5 && -$2{x} >= -10 && $2{x} >= 0 ? 4
-$5{x} >= 31 && $4{y} >= 4 && -$2{x} >= -10 && $2{x} >= 0 ? 7
-$5{x} >= 21 && $5{x} >= -30 && -$4{y} >= 7 && -$2{x} >= -10 && $2{x} >= 0 ? 8
-$5{x} >= 21 && $5{x} >= -30 && $4{y} == -6 && -$2{x} >= -10 && $2{x} >= 0 ? 8
-$5{x} >= 21 && $5{x} >= -30 && -$4{y} >= -3 && $4{y} >= -5 && -$2{x} >= -10 && $2{x} >= 0 ? 4
-$5{x} >= 21 && $5{x} >= -30 && $4{y} >= 4 && -$2{x} >= -10 && $2{x} >= 0 ? 8
-$5{x} >= 11 && $5{x} >= -20 && -$4{y} >= 7 && -$2{x} >= -10 && $2{x} >= 0 ? 9
-$5{x} >= 11 && $5{x} >= -20 && $4{y} == -6 && -$2{x} >= -10 && $2{x} >= 0 ? 9
-$5{x} >= 11 && $5{x} >= -20 && -$4{y} >= -3 && $4{y} >= -5 && -$2{x} >= -10 && $2{x} >= 0 ? 4
-$5{x} >= 11 && $5{x} >= -20 && $4{y} >= 4 && -$2{x} >= -10 && $2{x} >= 0 ? 9
-$5{x} >= 0 && $5{x} >= -10 && -$4{y} >= 7 && -$2{x} >= -10 && $2{x} >= 0 ? -8$4{y}+11$5{x}+236
-$5{x} >= 0 && $5{x} >= -10 && $4{y} == -6 && -$2{x} >= -10 && $2{x} >= 0 ? 12
-$5{x} >= 0 && $5{x} >= -10 && -$4{y} >= -3 && $4{y} >= -5 && -$2{x} >= -10 && $2{x} >= 0 ? 4
-$5{x} >= 0 && $5{x} >= -10 && $4{y} >= 4 && -$2{x} >= -10 && $2{x} >= 0 ? bottom

[58:]: -$5{x} >= 31 && -$4{y} >= 7 && -$2{x} >= -10 && $2{x} >= 0 ? 7
-$5{x} >= 31 && $4{y} == -6 && -$2{x} >= -10 && $2{x} >= 0 ? 7
-$5{x} >= 31 && -$4{y} >= -3 && $4{y} >= -5 && -$2{x} >= -10 && $2{x} >= 0 ? 4
-$5{x} >= 31 && $4{y} >= 4 && -$2{x} >= -10 && $2{x} >= 0 ? 7
-$5{x} >= 21 && $5{x} >= -30 && -$4{y} >= 7 && -$2{x} >= -10 && $2{x} >= 0 ? 8
-$5{x} >= 21 && $5{x} >= -30 && $4{y} == -6 && -$2{x} >= -10 && $2{x} >= 0 ? 8
-$5{x} >= 21 && $5{x} >= -30 && -$4{y} >= -3 && $4{y} >= -5 && -$2{x} >= -10 && $2{x} >= 0 ? 4
-$5{x} >= 21 && $5{x} >= -30 && $4{y} >= 4 && -$2{x} >= -10 && $2{x} >= 0 ? 8
-$5{x} >= 11 && $5{x} >= -20 && -$4{y} >= 7 && -$2{x} >= -10 && $2{x} >= 0 ? 9
-$5{x} >= 11 && $5{x} >= -20 && $4{y} == -6 && -$2{x} >= -10 && $2{x} >= 0 ? 9
-$5{x} >= 11 && $5{x} >= -20 && -$4{y} >= -3 && $4{y} >= -5 && -$2{x} >= -10 && $2{x} >= 0 ? 4
-$5{x} >= 11 && $5{x} >= -20 && $4{y} >= 4 && -$2{x} >= -10 && $2{x} >= 0 ? 9
-$5{x} >= 0 && $5{x} >= -10 && -$4{y} >= 7 && -$2{x} >= -10 && $2{x} >= 0 ? -8$4{y}+11$5{x}+236
-$5{x} >= 0 && $5{x} >= -10 && $4{y} == -6 && -$2{x} >= -10 && $2{x} >= 0 ? 12
-$5{x} >= 0 && $5{x} >= -10 && -$4{y} >= -3 && $4{y} >= -5 && -$2{x} >= -10 && $2{x} >= 0 ? 4
-$5{x} >= 0 && $5{x} >= -10 && $4{y} >= 4 && -$2{x} >= -10 && $2{x} >= 0 ? bottom

[59:]: -$5{x} >= 31 && -$4{y} >= 7 && -$2{x} >= -10 && $2{x} >= 0 ? 7
-$5{x} >= 31 && $4{y} == -6 && -$2{x} >= -10 && $2{x} >= 0 ? 7
-$5{x} >= 31 && -$4{y} >= -3 && $4{y} >= -5 && -$2{x} >= -10 && $2{x} >= 0 ? 4
-$5{x} >= 31 && $4{y} >= 4 && -$2{x} >= -10 && $2{x} >= 0 ? 7
-$5{x} >= 21 && $5{x} >= -30 && -$4{y} >= 7 && -$2{x} >= -10 && $2{x} >= 0 ? 8
-$5{x} >= 21 && $5{x} >= -30 && $4{y} == -6 && -$2{x} >= -10 && $2{x} >= 0 ? 8
-$5{x} >= 21 && $5{x} >= -30 && -$4{y} >= -3 && $4{y} >= -5 && -$2{x} >= -10 && $2{x} >= 0 ? 4
-$5{x} >= 21 && $5{x} >= -30 && $4{y} >= 4 && -$2{x} >= -10 && $2{x} >= 0 ? 8
-$5{x} >= 11 && $5{x} >= -20 && -$4{y} >= 7 && -$2{x} >= -10 && $2{x} >= 0 ? 9
-$5{x} >= 11 && $5{x} >= -20 && $4{y} == -6 && -$2{x} >= -10 && $2{x} >= 0 ? 9
-$5{x} >= 11 && $5{x} >= -20 && -$4{y} >= -3 && $4{y} >= -5 && -$2{x} >= -10 && $2{x} >= 0 ? 4
-$5{x} >= 11 && $5{x} >= -20 && $4{y} >= 4 && -$2{x} >= -10 && $2{x} >= 0 ? 9
-$5{x} >= 0 && $5{x} >= -10 && -$4{y} >= 7 && -$2{x} >= -10 && $2{x} >= 0 ? -8$4{y}+11$5{x}+236
-$5{x} >= 0 && $5{x} >= -10 && $4{y} == -6 && -$2{x} >= -10 && $2{x} >= 0 ? 12
-$5{x} >= 0 && $5{x} >= -10 && -$4{y} >= -3 && $4{y} >= -5 && -$2{x} >= -10 && $2{x} >= 0 ? 4
-$5{x} >= 0 && $5{x} >= -10 && $4{y} >= 4 && -$2{x} >= -10 && $2{x} >= 0 ? bottom

[60:]: -$5{x} >= 31 && -$4{y} >= 7 && -$2{x} >= -10 && $2{x} >= 0 && $1{$1} == 1 ? 6
-$5{x} >= 31 && $4{y} == -6 && -$2{x} >= -10 && $2{x} >= 0 && $1{$1} == 1 ? 6
-$5{x} >= 31 && -$4{y} >= -3 && $4{y} >= -5 && -$2{x} >= -10 && $2{x} >= 0 && $1{$1} == 1 ? 3
-$5{x} >= 31 && $4{y} >= 4 && -$2{x} >= -10 && $2{x} >= 0 && $1{$1} == 1 ? 6
-$5{x} >= 21 && $5{x} >= -30 && -$4{y} >= 7 && -$2{x} >= -10 && $2{x} >= 0 && $1{$1} == 1 ? 7
-$5{x} >= 21 && $5{x} >= -30 && $4{y} == -6 && -$2{x} >= -10 && $2{x} >= 0 && $1{$1} == 1 ? 7
-$5{x} >= 21 && $5{x} >= -30 && -$4{y} >= -3 && $4{y} >= -5 && -$2{x} >= -10 && $2{x} >= 0 && $1{$1} == 1 ? 3
-$5{x} >= 21 && $5{x} >= -30 && $4{y} >= 4 && -$2{x} >= -10 && $2{x} >= 0 && $1{$1} == 1 ? 7
-$5{x} >= 11 && $5{x} >= -20 && -$4{y} >= 7 && -$2{x} >= -10 && $2{x} >= 0 && $1{$1} == 1 ? 8
-$5{x} >= 11 && $5{x} >= -20 && $4{y} == -6 && -$2{x} >= -10 && $2{x} >= 0 && $1{$1} == 1 ? 8
-$5{x} >= 11 && $5{x} >= -20 && -$4{y} >= -3 && $4{y} >= -5 && -$2{x} >= -10 && $2{x} >= 0 && $1{$1} == 1 ? 3
-$5{x} >= 11 && $5{x} >= -20 && $4{y} >= 4 && -$2{x} >= -10 && $2{x} >= 0 && $1{$1} == 1 ? 8
-$5{x} >= 0 && $5{x} >= -10 && -$4{y} >= 7 && -$2{x} >= -10 && $2{x} >= 0 && $1{$1} == 1 ? -8$1{$1}-8$4{y}+11$5{x}+243
-$5{x} >= 0 && $5{x} >= -10 && $4{y} == -6 && -$2{x} >= -10 && $2{x} >= 0 && $1{$1} == 1 ? 11
-$5{x} >= 0 && $5{x} >= -10 && -$4{y} >= -3 && $4{y} >= -5 && -$2{x} >= -10 && $2{x} >= 0 && $1{$1} == 1 ? 3
-$5{x} >= 0 && $5{x} >= -10 && $4{y} >= 4 && -$2{x} >= -10 && $2{x} >= 0 && $1{$1} == 1 ? bottom

[61:]: -$5{x} >= 31 && -$4{y} >= 6 && -$2{x} >= -10 && $2{x} >= 0 && $1{$1} == 1 ? 5
-$5{x} >= 31 && $4{y} == -5 && -$2{x} >= -10 && $2{x} >= 0 && $1{$1} == 1 ? 5
-$5{x} >= 31 && -$4{y} >= -4 && $4{y} >= -4 && -$2{x} >= -10 && $2{x} >= 0 && $1{$1} == 1 ? 2
-$5{x} >= 31 && $4{y} >= 5 && -$2{x} >= -10 && $2{x} >= 0 && $1{$1} == 1 ? 5
-$5{x} >= 21 && $5{x} >= -30 && -$4{y} >= 6 && -$2{x} >= -10 && $2{x} >= 0 && $1{$1} == 1 ? 6
-$5{x} >= 21 && $5{x} >= -30 && $4{y} == -5 && -$2{x} >= -10 && $2{x} >= 0 && $1{$1} == 1 ? 6
-$5{x} >= 21 && $5{x} >= -30 && -$4{y} >= -4 && $4{y} >= -4 && -$2{x} >= -10 && $2{x} >= 0 && $1{$1} == 1 ? 2
-$5{x} >= 21 && $5{x} >= -30 && $4{y} >= 5 && -$2{x} >= -10 && $2{x} >= 0 && $1{$1} == 1 ? 6
-$5{x} >= 11 && $5{x} >= -20 && -$4{y} >= 6 && -$2{x} >= -10 && $2{x} >= 0 && $1{$1} == 1 ? 7
-$5{x} >= 11 && $5{x} >= -20 && $4{y} == -5 && -$2{x} >= -10 && $2{x} >= 0 && $1{$1} == 1 ? 7
-$5{x} >= 11 && $5{x} >= -20 && -$4{y} >= -4 && $4{y} >= -4 && -$2{x} >= -10 && $2{x} >= 0 && $1{$1} == 1 ? 2
-$5{x} >= 11 && $5{x} >= -20 && $4{y} >= 5 && -$2{x} >= -10 && $2{x} >= 0 && $1{$1} == 1 ? 7
-$5{x} >= 0 && $5{x} >= -10 && -$4{y} >= 6 && -$2{x} >= -10 && $2{x} >= 0 && $1{$1} == 1 ? -8$4{y}+11$5{x}+242
-$5{x} >= 0 && $5{x} >= -10 && $4{y} == -5 && -$2{x} >= -10 && $2{x} >= 0 && $1{$1} == 1 ? 10
-$5{x} >= 0 && $5{x} >= -10 && -$4{y} >= -4 && $4{y} >= -4 && -$2{x} >= -10 && $2{x} >= 0 && $1{$1} == 1 ? 2
-$5{x} >= 0 && $5{x} >= -10 && $4{y} >= 5 && -$2{x} >= -10 && $2{x} >= 0 && $1{$1} == 1 ? bottom

[62:]: -$5{x} >= 31 && -$4{y} >= 6 && -$2{x} >= -10 && $2{x} >= 0 && $1{$1} == 1 ? 5
-$5{x} >= 31 && $4{y} == -5 && -$2{x} >= -10 && $2{x} >= 0 && $1{$1} == 1 ? 5
-$5{x} >= 31 && -$4{y} >= -4 && $4{y} >= -4 && -$2{x} >= -10 && $2{x} >= 0 && $1{$1} == 1 ? 2
-$5{x} >= 31 && $4{y} >= 5 && -$2{x} >= -10 && $2{x} >= 0 && $1{$1} == 1 ? 5
-$5{x} >= 21 && $5{x} >= -30 && -$4{y} >= 6 && -$2{x} >= -10 && $2{x} >= 0 && $1{$1} == 1 ? 6
-$5{x} >= 21 && $5{x} >= -30 && $4{y} == -5 && -$2{x} >= -10 && $2{x} >= 0 && $1{$1} == 1 ? 6
-$5{x} >= 21 && $5{x} >= -30 && -$4{y} >= -4 && $4{y} >= -4 && -$2{x} >= -10 && $2{x} >= 0 && $1{$1} == 1 ? 2
-$5{x} >= 21 && $5{x} >= -30 && $4{y} >= 5 && -$2{x} >= -10 && $2{x} >= 0 && $1{$1} == 1 ? 6
-$5{x} >= 11 && $5{x} >= -20 && -$4{y} >= 6 && -$2{x} >= -10 && $2{x} >= 0 && $1{$1} == 1 ? 7
-$5{x} >= 11 && $5{x} >= -20 && $4{y} == -5 && -$2{x} >= -10 && $2{x} >= 0 && $1{$1} == 1 ? 7
-$5{x} >= 11 && $5{x} >= -20 && -$4{y} >= -4 && $4{y} >= -4 && -$2{x} >= -10 && $2{x} >= 0 && $1{$1} == 1 ? 2
-$5{x} >= 11 && $5{x} >= -20 && $4{y} >= 5 && -$2{x} >= -10 && $2{x} >= 0 && $1{$1} == 1 ? 7
-$5{x} >= 0 && $5{x} >= -10 && -$4{y} >= 6 && -$2{x} >= -10 && $2{x} >= 0 && $1{$1} == 1 ? -8$4{y}+11$5{x}+242
-$5{x} >= 0 && $5{x} >= -10 && $4{y} == -5 && -$2{x} >= -10 && $2{x} >= 0 && $1{$1} == 1 ? 10
-$5{x} >= 0 && $5{x} >= -10 && -$4{y} >= -4 && $4{y} >= -4 && -$2{x} >= -10 && $2{x} >= 0 && $1{$1} == 1 ? 2
-$5{x} >= 0 && $5{x} >= -10 && $4{y} >= 5 && -$2{x} >= -10 && $2{x} >= 0 && $1{$1} == 1 ? bottom
-$5{x} >= -10 && $5{x} >= 1 && -$4{y} >= 5 && -$2{x} >= -10 && $2{x} >= 0 && $1{$1} == 1 ? bottom
-$5{x} >= -10 && $5{x} >= 1 && -$4{y} >= -4 && $4{y} >= -4 && -$2{x} >= -10 && $2{x} >= 0 && $1{$1} == 1 ? 2
-$5{x} >= -10 && $5{x} >= 1 && $4{y} == 5 && -$2{x} >= -10 && $2{x} >= 0 && $1{$1} == 1 ? 10
-$5{x} >= -10 && $5{x} >= 1 && $4{y} >= 6 && -$2{x} >= -10 && $2{x} >= 0 && $1{$1} == 1 ? 8$4{y}-11$5{x}+242
-$5{x} >= -20 && $5{x} >= 11 && -$4{y} >= 5 && -$2{x} >= -10 && $2{x} >= 0 && $1{$1} == 1 ? 7
-$5{x} >= -20 && $5{x} >= 11 && -$4{y} >= -4 && $4{y} >= -4 && -$2{x} >= -10 && $2{x} >= 0 && $1{$1} == 1 ? 2
-$5{x} >= -20 && $5{x} >= 11 && $4{y} == 5 && -$2{x} >= -10 && $2{x} >= 0 && $1{$1} == 1 ? 7
-$5{x} >= -20 && $5{x} >= 11 && $4{y} >= 6 && -$2{x} >= -10 && $2{x} >= 0 && $1{$1} == 1 ? 7
-$5{x} >= -30 && $5{x} >= 21 && -$4{y} >= 5 && -$2{x} >= -10 && $2{x} >= 0 && $1{$1} == 1 ? 6
-$5{x} >= -30 && $5{x} >= 21 && -$4{y} >= -4 && $4{y} >= -4 && -$2{x} >= -10 && $2{x} >= 0 && $1{$1} == 1 ? 2
-$5{x} >= -30 && $5{x} >= 21 && $4{y} == 5 && -$2{x} >= -10 && $2{x} >= 0 && $1{$1} == 1 ? 6
-$5{x} >= -30 && $5{x} >= 21 && $4{y} >= 6 && -$2{x} >= -10 && $2{x} >= 0 && $1{$1} == 1 ? 6
$5{x} >= 31 && -$4{y} >= 5 && -$2{x} >= -10 && $2{x} >= 0 && $1{$1} == 1 ? 5
$5{x} >= 31 && -$4{y} >= -4 && $4{y} >= -4 && -$2{x} >= -10 && $2{x} >= 0 && $1{$1} == 1 ? 2
$5{x} >= 31 && $4{y} == 5 && -$2{x} >= -10 && $2{x} >= 0 && $1{$1} == 1 ? 5
$5{x} >= 31 && $4{y} >= 6 && -$2{x} >= -10 && $2{x} >= 0 && $1{$1} == 1 ? 5

[63:]: -$4{y} >= -4 && $4{y} >= -4 ? 1

[64:]: -$4{y} >= -4 && $4{y} >= -4 && $3{$3} == 0 ? 0.

[65:]: 
Analysis Result: TRUE

Done.
