
Abstract Syntax:
[ 1:]
int main( ):
[ 2:] while [ 3:] ( $2{x} <= 10 ) do
[ 4:]   $2{x} := $2{x} + 1
[ 5:]
      od
[ 6:] $1{$1} := 0
[ 7:] return
[ 8:]

Forward Analysis:
[ 1:]: top
[ 2:]: top
[ 3:]: top
[ 4:]: -$2{x} >= -10
[ 5:]: -$2{x} >= -11
[ 6:]: $2{x} >= 11
[ 7:]: $2{x} >= 11 && $1{$1} == 0
[ 8:]: bottom

Backward Analysis:
[ 1:]: -$2{x} >= -9 ? -2$2{x}+24
$2{x} == 10 ? 4
$2{x} >= 11 ? 2

[ 2:]: -$2{x} >= -9 ? -2$2{x}+24
$2{x} == 10 ? 4
$2{x} >= 11 ? 2

[ 3:]: -$2{x} >= -9 ? -2$2{x}+24
$2{x} == 10 ? 4
$2{x} >= 11 ? 2

[ 4:]: -$2{x} >= -8 ? -2$2{x}+23
$2{x} == 9 ? 5
$2{x} >= 10 ? 3

[ 5:]: -$2{x} >= -9 ? -2$2{x}+24
$2{x} == 10 ? 4
$2{x} >= 11 ? 2

[ 6:]: top ? 1

[ 7:]: top ? 0.

[ 8:]: top ? 0.

Analysis Result: TRUE

Done.
