
Abstract Syntax:
[ 1:]
int get_step( int $2{x}; ):
[ 2:] if ( $2{x} > 10 ) then
[ 3:]   $1{$1} := 2
[ 4:]   return
[ 5:]
      else
[ 6:]
      endif
[ 7:] $1{$1} := 1
[ 8:] return
[ 9:]
int main( ):
[10:] $5{x} := $4{y}
[11:] while [12:] ( $4{y} < -2 || $4{y} > 2 ) do
[13:]   if ( $5{x} > 0 ) then
[14:]     $2{x} := $5{x}
[15:]     if ( $2{x} > 10 ) then
[16:]       $1{$1} := 2
[17:]       return
[18:]
          else
[19:]
          endif
[20:]     $1{$1} := 1
[21:]     $4{y} := $4{y} - $1{$1}
[22:]
        else
[23:]     $2{x} := -1 * $5{x}
[24:]     if ( $2{x} > 10 ) then
[25:]       $1{$1} := 2
[26:]       return
[27:]
          else
[28:]
          endif
[29:]     $1{$1} := 1
[30:]     $4{y} := $4{y} + $1{$1}
[31:]
        endif
[32:]
      od
[33:] $3{$3} := 0
[34:] return
[35:]

Forward Analysis:
[ 1:]: top
[10:]: top
[11:]: top
[12:]: top
[13:]: top
[14:]: $5{x} >= 1
[15:]: $5{x} >= 1 && $2{x} >= 1
[16:]: $5{x} >= 1 && $2{x} >= 11
[17:]: $5{x} >= 1 && $2{x} >= 11 && $1{$1} == 2
[18:]: bottom
[19:]: $5{x} >= 1 && -$2{x} >= -10 && $2{x} >= 1
[20:]: $5{x} >= 1 && -$2{x} >= -10 && $2{x} >= 1
[21:]: $5{x} >= 1 && -$2{x} >= -10 && $2{x} >= 1 && $1{$1} == 1
[22:]: $5{x} >= 1 && -$2{x} >= -10 && $2{x} >= 1 && $1{$1} == 1
[23:]: -$5{x} >= 0
[24:]: -$5{x} >= 0 && $2{x} >= 0
[25:]: -$5{x} >= 0 && $2{x} >= 11
[26:]: -$5{x} >= 0 && $2{x} >= 11 && $1{$1} == 2
[27:]: bottom
[28:]: -$5{x} >= 0 && -$2{x} >= -10 && $2{x} >= 0
[29:]: -$5{x} >= 0 && -$2{x} >= -10 && $2{x} >= 0
[30:]: -$5{x} >= 0 && -$2{x} >= -10 && $2{x} >= 0 && $1{$1} == 1
[31:]: -$5{x} >= 0 && -$2{x} >= -10 && $2{x} >= 0 && $1{$1} == 1
[32:]: -$2{x} >= -10 && $2{x} >= 0 && $1{$1} == 1
[33:]: -$4{y} >= -2 && $4{y} >= -2
[34:]: -$4{y} >= -2 && $4{y} >= -2 && $3{$3} == 0
[35:]: bottom

Backward Analysis:
[ 1:]: -$4{y} >= 11 ? 6
-$4{y} >= 4 && $4{y} >= -10 ? -6$4{y}-9
$4{y} == -3 ? 9
-$4{y} >= 0 && $4{y} >= -2 ? 3
-$4{y} >= -2 && $4{y} >= 1 ? 3
$4{y} == 3 ? 9
-$4{y} >= -10 && $4{y} >= 4 ? 6$4{y}-9
$4{y} >= 11 ? 6

[10:]: -$4{y} >= 11 ? 6
-$4{y} >= 4 && $4{y} >= -10 ? -6$4{y}-9
$4{y} == -3 ? 9
-$4{y} >= 0 && $4{y} >= -2 ? 3
-$4{y} >= -2 && $4{y} >= 1 ? 3
$4{y} == 3 ? 9
-$4{y} >= -10 && $4{y} >= 4 ? 6$4{y}-9
$4{y} >= 11 ? 6

[11:]: -$5{x} >= 11 && -$4{y} >= 4 ? 5
-$5{x} >= 11 && $4{y} == -3 ? 5
-$5{x} >= 11 && -$4{y} >= -2 && $4{y} >= -2 ? 2
-$5{x} >= 11 && $4{y} >= 3 ? 5
-$5{x} >= 0 && $5{x} >= -10 && -$4{y} >= 4 ? -6$4{y}-10
-$5{x} >= 0 && $5{x} >= -10 && $4{y} == -3 ? 8
-$5{x} >= 0 && $5{x} >= -10 && -$4{y} >= -2 && $4{y} >= -2 ? 2
-$5{x} >= 0 && $5{x} >= -10 && $4{y} >= 3 ? bottom
-$5{x} >= -10 && $5{x} >= 1 && -$4{y} >= 3 ? bottom
-$5{x} >= -10 && $5{x} >= 1 && -$4{y} >= -2 && $4{y} >= -2 ? 2
-$5{x} >= -10 && $5{x} >= 1 && $4{y} == 3 ? 8
-$5{x} >= -10 && $5{x} >= 1 && $4{y} >= 4 ? 6$4{y}-10
$5{x} >= 11 && -$4{y} >= 3 ? 5
$5{x} >= 11 && -$4{y} >= -2 && $4{y} >= -2 ? 2
$5{x} >= 11 && $4{y} == 3 ? 5
$5{x} >= 11 && $4{y} >= 4 ? 5

[12:]: -$5{x} >= 11 && -$4{y} >= 4 ? 5
-$5{x} >= 11 && $4{y} == -3 ? 5
-$5{x} >= 11 && -$4{y} >= -2 && $4{y} >= -2 ? 2
-$5{x} >= 11 && $4{y} >= 3 ? 5
-$5{x} >= 0 && $5{x} >= -10 && -$4{y} >= 4 ? -6$4{y}-10
-$5{x} >= 0 && $5{x} >= -10 && $4{y} == -3 ? 8
-$5{x} >= 0 && $5{x} >= -10 && -$4{y} >= -2 && $4{y} >= -2 ? 2
-$5{x} >= 0 && $5{x} >= -10 && $4{y} >= 3 ? bottom
-$5{x} >= -10 && $5{x} >= 1 && -$4{y} >= 3 ? bottom
-$5{x} >= -10 && $5{x} >= 1 && -$4{y} >= -2 && $4{y} >= -2 ? 2
-$5{x} >= -10 && $5{x} >= 1 && $4{y} == 3 ? 8
-$5{x} >= -10 && $5{x} >= 1 && $4{y} >= 4 ? 6$4{y}-10
$5{x} >= 11 && -$4{y} >= 3 ? 5
$5{x} >= 11 && -$4{y} >= -2 && $4{y} >= -2 ? 2
$5{x} >= 11 && $4{y} == 3 ? 5
$5{x} >= 11 && $4{y} >= 4 ? 5

[13:]: -$5{x} >= 11 && -$4{y} >= 5 ? 4
-$5{x} >= 11 && $4{y} == -4 ? 4
-$5{x} >= 11 && -$4{y} >= -1 && $4{y} >= -3 ? 4
-$5{x} >= 11 && $4{y} >= 2 ? 4
-$5{x} >= 0 && $5{x} >= -10 && -$4{y} >= 5 ? -6$4{y}-11
-$5{x} >= 0 && $5{x} >= -10 && $4{y} == -4 ? 13
-$5{x} >= 0 && $5{x} >= -10 && -$4{y} >= -1 && $4{y} >= -3 ? 7
-$5{x} >= 0 && $5{x} >= -10 && $4{y} >= 2 ? bottom
-$5{x} >= -10 && $5{x} >= 1 && -$4{y} >= 2 ? bottom
-$5{x} >= -10 && $5{x} >= 1 && -$4{y} >= -3 && $4{y} >= -1 ? 7
-$5{x} >= -10 && $5{x} >= 1 && $4{y} == 4 ? 13
-$5{x} >= -10 && $5{x} >= 1 && $4{y} >= 5 ? 6$4{y}-11
$5{x} >= 11 && -$4{y} >= 2 ? 4
$5{x} >= 11 && -$4{y} >= -3 && $4{y} >= -1 ? 4
$5{x} >= 11 && $4{y} == 4 ? 4
$5{x} >= 11 && $4{y} >= 5 ? 4

[14:]: -$5{x} >= -10 && $5{x} >= 1 && -$4{y} >= 2 ? bottom
-$5{x} >= -10 && $5{x} >= 1 && -$4{y} >= -3 && $4{y} >= -1 ? 6
-$5{x} >= -10 && $5{x} >= 1 && $4{y} == 4 ? 12
-$5{x} >= -10 && $5{x} >= 1 && $4{y} >= 5 ? 6$4{y}-12
$5{x} >= 11 && -$4{y} >= 2 ? 3
$5{x} >= 11 && -$4{y} >= -3 && $4{y} >= -1 ? 3
$5{x} >= 11 && $4{y} == 4 ? 3
$5{x} >= 11 && $4{y} >= 5 ? 3

[15:]: -$5{x} >= -10 && $5{x} >= 1 && -$4{y} >= 2 && -$2{x} >= -10 && $2{x} >= 1 ? bottom
-$5{x} >= -10 && $5{x} >= 1 && -$4{y} >= 2 && $2{x} >= 11 ? 2
-$5{x} >= -10 && $5{x} >= 1 && -$4{y} >= -3 && $4{y} >= -1 && -$2{x} >= -10 && $2{x} >= 1 ? 5
-$5{x} >= -10 && $5{x} >= 1 && -$4{y} >= -3 && $4{y} >= -1 && $2{x} >= 11 ? 2
-$5{x} >= -10 && $5{x} >= 1 && $4{y} == 4 && -$2{x} >= -10 && $2{x} >= 1 ? 11
-$5{x} >= -10 && $5{x} >= 1 && $4{y} == 4 && $2{x} >= 11 ? 2
-$5{x} >= -10 && $5{x} >= 1 && $4{y} >= 5 && -$2{x} >= -10 && $2{x} >= 1 ? 6$4{y}-13
-$5{x} >= -10 && $5{x} >= 1 && $4{y} >= 5 && $2{x} >= 11 ? 2
$5{x} >= 11 && -$4{y} >= 2 && -$2{x} >= -10 && $2{x} >= 1 ? 8
$5{x} >= 11 && -$4{y} >= 2 && $2{x} >= 11 ? 2
$5{x} >= 11 && -$4{y} >= -3 && $4{y} >= -1 && -$2{x} >= -10 && $2{x} >= 1 ? 5
$5{x} >= 11 && -$4{y} >= -3 && $4{y} >= -1 && $2{x} >= 11 ? 2
$5{x} >= 11 && $4{y} == 4 && -$2{x} >= -10 && $2{x} >= 1 ? 8
$5{x} >= 11 && $4{y} == 4 && $2{x} >= 11 ? 2
$5{x} >= 11 && $4{y} >= 5 && -$2{x} >= -10 && $2{x} >= 1 ? 8
$5{x} >= 11 && $4{y} >= 5 && $2{x} >= 11 ? 2

[16:]: $5{x} >= 1 && $2{x} >= 11 ? 1

[17:]: $5{x} >= 1 && $2{x} >= 11 && $1{$1} == 2 ? 0.

[18:]: 
[19:]: -$5{x} >= -10 && $5{x} >= 1 && -$4{y} >= 2 && -$2{x} >= -10 && $2{x} >= 1 ? bottom
-$5{x} >= -10 && $5{x} >= 1 && -$4{y} >= -3 && $4{y} >= -1 && -$2{x} >= -10 && $2{x} >= 1 ? 4
-$5{x} >= -10 && $5{x} >= 1 && $4{y} == 4 && -$2{x} >= -10 && $2{x} >= 1 ? 10
-$5{x} >= -10 && $5{x} >= 1 && $4{y} >= 5 && -$2{x} >= -10 && $2{x} >= 1 ? 6$4{y}-14
$5{x} >= 11 && -$4{y} >= 2 && -$2{x} >= -10 && $2{x} >= 1 ? 7
$5{x} >= 11 && -$4{y} >= -3 && $4{y} >= -1 && -$2{x} >= -10 && $2{x} >= 1 ? 4
$5{x} >= 11 && $4{y} == 4 && -$2{x} >= -10 && $2{x} >= 1 ? 7
$5{x} >= 11 && $4{y} >= 5 && -$2{x} >= -10 && $2{x} >= 1 ? 7

[20:]: -$5{x} >= -10 && $5{x} >= 1 && -$4{y} >= 2 && -$2{x} >= -10 && $2{x} >= 1 ? bottom
-$5{x} >= -10 && $5{x} >= 1 && -$4{y} >= -3 && $4{y} >= -1 && -$2{x} >= -10 && $2{x} >= 1 ? 4
-$5{x} >= -10 && $5{x} >= 1 && $4{y} == 4 && -$2{x} >= -10 && $2{x} >= 1 ? 10
-$5{x} >= -10 && $5{x} >= 1 && $4{y} >= 5 && -$2{x} >= -10 && $2{x} >= 1 ? 6$4{y}-14
$5{x} >= 11 && -$4{y} >= 2 && -$2{x} >= -10 && $2{x} >= 1 ? 7
$5{x} >= 11 && -$4{y} >= -3 && $4{y} >= -1 && -$2{x} >= -10 && $2{x} >= 1 ? 4
$5{x} >= 11 && $4{y} == 4 && -$2{x} >= -10 && $2{x} >= 1 ? 7
$5{x} >= 11 && $4{y} >= 5 && -$2{x} >= -10 && $2{x} >= 1 ? 7

[21:]: -$5{x} >= -10 && $5{x} >= 1 && -$4{y} >= 2 && -$2{x} >= -10 && $2{x} >= 1 && $1{$1} == 1 ? bottom
-$5{x} >= -10 && $5{x} >= 1 && -$4{y} >= -3 && $4{y} >= -1 && -$2{x} >= -10 && $2{x} >= 1 && $1{$1} == 1 ? 3
-$5{x} >= -10 && $5{x} >= 1 && $4{y} == 4 && -$2{x} >= -10 && $2{x} >= 1 && $1{$1} == 1 ? 9
-$5{x} >= -10 && $5{x} >= 1 && $4{y} >= 5 && -$2{x} >= -10 && $2{x} >= 1 && $1{$1} == 1 ? -6$1{$1}+6$4{y}-9
$5{x} >= 11 && -$4{y} >= 2 && -$2{x} >= -10 && $2{x} >= 1 && $1{$1} == 1 ? 6
$5{x} >= 11 && -$4{y} >= -3 && $4{y} >= -1 && -$2{x} >= -10 && $2{x} >= 1 && $1{$1} == 1 ? 3
$5{x} >= 11 && $4{y} == 4 && -$2{x} >= -10 && $2{x} >= 1 && $1{$1} == 1 ? 6
$5{x} >= 11 && $4{y} >= 5 && -$2{x} >= -10 && $2{x} >= 1 && $1{$1} == 1 ? 6

[22:]: -$5{x} >= -10 && $5{x} >= 1 && -$4{y} >= 3 && -$2{x} >= -10 && $2{x} >= 1 && $1{$1} == 1 ? bottom
-$5{x} >= -10 && $5{x} >= 1 && -$4{y} >= -2 && $4{y} >= -2 && -$2{x} >= -10 && $2{x} >= 1 && $1{$1} == 1 ? 2
-$5{x} >= -10 && $5{x} >= 1 && $4{y} == 3 && -$2{x} >= -10 && $2{x} >= 1 && $1{$1} == 1 ? 8
-$5{x} >= -10 && $5{x} >= 1 && $4{y} >= 4 && -$2{x} >= -10 && $2{x} >= 1 && $1{$1} == 1 ? 6$4{y}-10
$5{x} >= 11 && -$4{y} >= 3 && -$2{x} >= -10 && $2{x} >= 1 && $1{$1} == 1 ? 5
$5{x} >= 11 && -$4{y} >= -2 && $4{y} >= -2 && -$2{x} >= -10 && $2{x} >= 1 && $1{$1} == 1 ? 2
$5{x} >= 11 && $4{y} == 3 && -$2{x} >= -10 && $2{x} >= 1 && $1{$1} == 1 ? 5
$5{x} >= 11 && $4{y} >= 4 && -$2{x} >= -10 && $2{x} >= 1 && $1{$1} == 1 ? 5

[23:]: -$5{x} >= 11 && -$4{y} >= 5 ? 3
-$5{x} >= 11 && $4{y} == -4 ? 3
-$5{x} >= 11 && -$4{y} >= -1 && $4{y} >= -3 ? 3
-$5{x} >= 11 && $4{y} >= 2 ? 3
-$5{x} >= 0 && $5{x} >= -10 && -$4{y} >= 5 ? -6$4{y}-12
-$5{x} >= 0 && $5{x} >= -10 && $4{y} == -4 ? 12
-$5{x} >= 0 && $5{x} >= -10 && -$4{y} >= -1 && $4{y} >= -3 ? 6
-$5{x} >= 0 && $5{x} >= -10 && $4{y} >= 2 ? bottom

[24:]: -$5{x} >= 11 && -$4{y} >= 5 && -$2{x} >= -10 && $2{x} >= 0 ? 8
-$5{x} >= 11 && -$4{y} >= 5 && $2{x} >= 11 ? 2
-$5{x} >= 11 && $4{y} == -4 && -$2{x} >= -10 && $2{x} >= 0 ? 8
-$5{x} >= 11 && $4{y} == -4 && $2{x} >= 11 ? 2
-$5{x} >= 11 && -$4{y} >= -1 && $4{y} >= -3 && -$2{x} >= -10 && $2{x} >= 0 ? 5
-$5{x} >= 11 && -$4{y} >= -1 && $4{y} >= -3 && $2{x} >= 11 ? 2
-$5{x} >= 11 && $4{y} >= 2 && -$2{x} >= -10 && $2{x} >= 0 ? 8
-$5{x} >= 11 && $4{y} >= 2 && $2{x} >= 11 ? 2
-$5{x} >= 0 && $5{x} >= -10 && -$4{y} >= 5 && -$2{x} >= -10 && $2{x} >= 0 ? -6$4{y}-13
-$5{x} >= 0 && $5{x} >= -10 && -$4{y} >= 5 && $2{x} >= 11 ? 2
-$5{x} >= 0 && $5{x} >= -10 && $4{y} == -4 && -$2{x} >= -10 && $2{x} >= 0 ? 11
-$5{x} >= 0 && $5{x} >= -10 && $4{y} == -4 && $2{x} >= 11 ? 2
-$5{x} >= 0 && $5{x} >= -10 && -$4{y} >= -1 && $4{y} >= -3 && -$2{x} >= -10 && $2{x} >= 0 ? 5
-$5{x} >= 0 && $5{x} >= -10 && -$4{y} >= -1 && $4{y} >= -3 && $2{x} >= 11 ? 2
-$5{x} >= 0 && $5{x} >= -10 && $4{y} >= 2 && -$2{x} >= -10 && $2{x} >= 0 ? bottom
-$5{x} >= 0 && $5{x} >= -10 && $4{y} >= 2 && $2{x} >= 11 ? 2

[25:]: -$5{x} >= 0 && $2{x} >= 11 ? 1

[26:]: -$5{x} >= 0 && $2{x} >= 11 && $1{$1} == 2 ? 0.

[27:]: 
[28:]: -$5{x} >= 11 && -$4{y} >= 5 && -$2{x} >= -10 && $2{x} >= 0 ? 7
-$5{x} >= 11 && $4{y} == -4 && -$2{x} >= -10 && $2{x} >= 0 ? 7
-$5{x} >= 11 && -$4{y} >= -1 && $4{y} >= -3 && -$2{x} >= -10 && $2{x} >= 0 ? 4
-$5{x} >= 11 && $4{y} >= 2 && -$2{x} >= -10 && $2{x} >= 0 ? 7
-$5{x} >= 0 && $5{x} >= -10 && -$4{y} >= 5 && -$2{x} >= -10 && $2{x} >= 0 ? -6$4{y}-14
-$5{x} >= 0 && $5{x} >= -10 && $4{y} == -4 && -$2{x} >= -10 && $2{x} >= 0 ? 10
-$5{x} >= 0 && $5{x} >= -10 && -$4{y} >= -1 && $4{y} >= -3 && -$2{x} >= -10 && $2{x} >= 0 ? 4
-$5{x} >= 0 && $5{x} >= -10 && $4{y} >= 2 && -$2{x} >= -10 && $2{x} >= 0 ? bottom

[29:]: -$5{x} >= 11 && -$4{y} >= 5 && -$2{x} >= -10 && $2{x} >= 0 ? 7
-$5{x} >= 11 && $4{y} == -4 && -$2{x} >= -10 && $2{x} >= 0 ? 7
-$5{x} >= 11 && -$4{y} >= -1 && $4{y} >= -3 && -$2{x} >= -10 && $2{x} >= 0 ? 4
-$5{x} >= 11 && $4{y} >= 2 && -$2{x} >= -10 && $2{x} >= 0 ? 7
-$5{x} >= 0 && $5{x} >= -10 && -$4{y} >= 5 && -$2{x} >= -10 && $2{x} >= 0 ? -6$4{y}-14
-$5{x} >= 0 && $5{x} >= -10 && $4{y} == -4 && -$2{x} >= -10 && $2{x} >= 0 ? 10
-$5{x} >= 0 && $5{x} >= -10 && -$4{y} >= -1 && $4{y} >= -3 && -$2{x} >= -10 && $2{x} >= 0 ? 4
-$5{x} >= 0 && $5{x} >= -10 && $4{y} >= 2 && -$2{x} >= -10 && $2{x} >= 0 ? bottom

[30:]: -$5{x} >= 11 && -$4{y} >= 5 && -$2{x} >= -10 && $2{x} >= 0 && $1{$1} == 1 ? 6
-$5{x} >= 11 && $4{y} == -4 && -$2{x} >= -10 && $2{x} >= 0 && $1{$1} == 1 ? 6
-$5{x} >= 11 && -$4{y} >= -1 && $4{y} >= -3 && -$2{x} >= -10 && $2{x} >= 0 && $1{$1} == 1 ? 3
-$5{x} >= 11 && $4{y} >= 2 && -$2{x} >= -10 && $2{x} >= 0 && $1{$1} == 1 ? 6
-$5{x} >= 0 && $5{x} >= -10 && -$4{y} >= 5 && -$2{x} >= -10 && $2{x} >= 0 && $1{$1} == 1 ? -6$1{$1}-6$4{y}-9
-$5{x} >= 0 && $5{x} >= -10 && $4{y} == -4 && -$2{x} >= -10 && $2{x} >= 0 && $1{$1} == 1 ? 9
-$5{x} >= 0 && $5{x} >= -10 && -$4{y} >= -1 && $4{y} >= -3 && -$2{x} >= -10 && $2{x} >= 0 && $1{$1} == 1 ? 3
-$5{x} >= 0 && $5{x} >= -10 && $4{y} >= 2 && -$2{x} >= -10 && $2{x} >= 0 && $1{$1} == 1 ? bottom

[31:]: -$5{x} >= 11 && -$4{y} >= 4 && -$2{x} >= -10 && $2{x} >= 0 && $1{$1} == 1 ? 5
-$5{x} >= 11 && $4{y} == -3 && -$2{x} >= -10 && $2{x} >= 0 && $1{$1} == 1 ? 5
-$5{x} >= 11 && -$4{y} >= -2 && $4{y} >= -2 && -$2{x} >= -10 && $2{x} >= 0 && $1{$1} == 1 ? 2
-$5{x} >= 11 && $4{y} >= 3 && -$2{x} >= -10 && $2{x} >= 0 && $1{$1} == 1 ? 5
-$5{x} >= 0 && $5{x} >= -10 && -$4{y} >= 4 && -$2{x} >= -10 && $2{x} >= 0 && $1{$1} == 1 ? -6$4{y}-10
-$5{x} >= 0 && $5{x} >= -10 && $4{y} == -3 && -$2{x} >= -10 && $2{x} >= 0 && $1{$1} == 1 ? 8
-$5{x} >= 0 && $5{x} >= -10 && -$4{y} >= -2 && $4{y} >= -2 && -$2{x} >= -10 && $2{x} >= 0 && $1{$1} == 1 ? 2
-$5{x} >= 0 && $5{x} >= -10 && $4{y} >= 3 && -$2{x} >= -10 && $2{x} >= 0 && $1{$1} == 1 ? bottom

[32:]: -$5{x} >= 11 && -$4{y} >= 4 && -$2{x} >= -10 && $2{x} >= 0 && $1{$1} == 1 ? 5
-$5{x} >= 11 && $4{y} == -3 && -$2{x} >= -10 && $2{x} >= 0 && $1{$1} == 1 ? 5
-$5{x} >= 11 && -$4{y} >= -2 && $4{y} >= -2 && -$2{x} >= -10 && $2{x} >= 0 && $1{$1} == 1 ? 2
-$5{x} >= 11 && $4{y} >= 3 && -$2{x} >= -10 && $2{x} >= 0 && $1{$1} == 1 ? 5
-$5{x} >= 0 && $5{x} >= -10 && -$4{y} >= 4 && -$2{x} >= -10 && $2{x} >= 0 && $1{$1} == 1 ? -6$4{y}-10
-$5{x} >= 0 && $5{x} >= -10 && $4{y} == -3 && -$2{x} >= -10 && $2{x} >= 0 && $1{$1} == 1 ? 8
-$5{x} >= 0 && $5{x} >= -10 && -$4{y} >= -2 && $4{y} >= -2 && -$2{x} >= -10 && $2{x} >= 0 && $1{$1} == 1 ? 2
-$5{x} >= 0 && $5{x} >= -10 && $4{y} >= 3 && -$2{x} >= -10 && $2{x} >= 0 && $1{$1} == 1 ? bottom
-$5{x} >= -10 && $5{x} >= 1 && -$4{y} >= 3 && -$2{x} >= -10 && $2{x} >= 0 && $1{$1} == 1 ? bottom
-$5{x} >= -10 && $5{x} >= 1 && -$4{y} >= -2 && $4{y} >= -2 && -$2{x} >= -10 && $2{x} >= 0 && $1{$1} == 1 ? 2
-$5{x} >= -10 && $5{x} >= 1 && $4{y} == 3 && -$2{x} >= -10 && $2{x} >= 0 && $1{$1} == 1 ? 8
-$5{x} >= -10 && $5{x} >= 1 && $4{y} >= 4 && -$2{x} >= -10 && $2{x} >= 0 && $1{$1} == 1 ? 6$4{y}-10
$5{x} >= 11 && -$4{y} >= 3 && -$2{x} >= -10 && $2{x} >= 0 && $1{$1} == 1 ? 5
$5{x} >= 11 && -$4{y} >= -2 && $4{y} >= -2 && -$2{x} >= -10 && $2{x} >= 0 && $1{$1} == 1 ? 2
$5{x} >= 11 && $4{y} == 3 && -$2{x} >= -10 && $2{x} >= 0 && $1{$1} == 1 ? 5
$5{x} >= 11 && $4{y} >= 4 && -$2{x} >= -10 && $2{x} >= 0 && $1{$1} == 1 ? 5

[33:]: -$4{y} >= -2 && $4{y} >= -2 ? 1

[34:]: -$4{y} >= -2 && $4{y} >= -2 && $3{$3} == 0 ? 0.

[35:]: 
Analysis Result: TRUE

Done.
