
Abstract Syntax:
[ 1:]
int get_step( int $2{x}; ):
[ 2:] if ( $2{x} > 40 ) then
[ 3:]   $1{$1} := 5
[ 4:]   return
[ 5:]
      else
[ 6:]   if ( $2{x} > 30 ) then
[ 7:]     $1{$1} := 4
[ 8:]     return
[ 9:]
        else
[10:]     if ( $2{x} > 20 ) then
[11:]       $1{$1} := 3
[12:]       return
[13:]
          else
[14:]       if ( $2{x} > 10 ) then
[15:]         $1{$1} := 2
[16:]         return
[17:]
            else
[18:]
            endif
[19:]
          endif
[20:]
        endif
[21:]
      endif
[22:] $1{$1} := 1
[23:] return
[24:]
int main( ):
[25:] $5{x} := $4{y}
[26:] while [27:] ( $4{y} < -5 || $4{y} > 5 ) do
[28:]   if ( $5{x} > 0 ) then
[29:]     $2{x} := $5{x}
[30:]     if ( $2{x} > 40 ) then
[31:]       $1{$1} := 5
[32:]       return
[33:]
          else
[34:]       if ( $2{x} > 30 ) then
[35:]         $1{$1} := 4
[36:]         return
[37:]
            else
[38:]         if ( $2{x} > 20 ) then
[39:]           $1{$1} := 3
[40:]           return
[41:]
              else
[42:]           if ( $2{x} > 10 ) then
[43:]             $1{$1} := 2
[44:]             return
[45:]
                else
[46:]
                endif
[47:]
              endif
[48:]
            endif
[49:]
          endif
[50:]     $1{$1} := 1
[51:]     $4{y} := $4{y} - $1{$1}
[52:]
        else
[53:]     $2{x} := -1 * $5{x}
[54:]     if ( $2{x} > 40 ) then
[55:]       $1{$1} := 5
[56:]       return
[57:]
          else
[58:]       if ( $2{x} > 30 ) then
[59:]         $1{$1} := 4
[60:]         return
[61:]
            else
[62:]         if ( $2{x} > 20 ) then
[63:]           $1{$1} := 3
[64:]           return
[65:]
              else
[66:]           if ( $2{x} > 10 ) then
[67:]             $1{$1} := 2
[68:]             return
[69:]
                else
[70:]
                endif
[71:]
              endif
[72:]
            endif
[73:]
          endif
[74:]     $1{$1} := 1
[75:]     $4{y} := $4{y} + $1{$1}
[76:]
        endif
[77:]
      od
[78:] $3{$3} := 0
[79:] return
[80:]

Forward Analysis:
[ 1:]: top
[25:]: top
[26:]: top
[27:]: top
[28:]: top
[29:]: $5{x} >= 1
[30:]: $5{x} >= 1 && $2{x} >= 1
[31:]: $5{x} >= 1 && $2{x} >= 41
[32:]: $5{x} >= 1 && $2{x} >= 41 && $1{$1} == 5
[33:]: bottom
[34:]: $5{x} >= 1 && -$2{x} >= -40 && $2{x} >= 1
[35:]: $5{x} >= 1 && -$2{x} >= -40 && $2{x} >= 31
[36:]: $5{x} >= 1 && -$2{x} >= -40 && $2{x} >= 31 && $1{$1} == 4
[37:]: bottom
[38:]: $5{x} >= 1 && -$2{x} >= -30 && $2{x} >= 1
[39:]: $5{x} >= 1 && -$2{x} >= -30 && $2{x} >= 21
[40:]: $5{x} >= 1 && -$2{x} >= -30 && $2{x} >= 21 && $1{$1} == 3
[41:]: bottom
[42:]: $5{x} >= 1 && -$2{x} >= -20 && $2{x} >= 1
[43:]: $5{x} >= 1 && -$2{x} >= -20 && $2{x} >= 11
[44:]: $5{x} >= 1 && -$2{x} >= -20 && $2{x} >= 11 && $1{$1} == 2
[45:]: bottom
[46:]: $5{x} >= 1 && -$2{x} >= -10 && $2{x} >= 1
[47:]: $5{x} >= 1 && -$2{x} >= -10 && $2{x} >= 1
[48:]: $5{x} >= 1 && -$2{x} >= -10 && $2{x} >= 1
[49:]: $5{x} >= 1 && -$2{x} >= -10 && $2{x} >= 1
[50:]: $5{x} >= 1 && -$2{x} >= -10 && $2{x} >= 1
[51:]: $5{x} >= 1 && -$2{x} >= -10 && $2{x} >= 1 && $1{$1} == 1
[52:]: $5{x} >= 1 && -$2{x} >= -10 && $2{x} >= 1 && $1{$1} == 1
[53:]: -$5{x} >= 0
[54:]: -$5{x} >= 0 && $2{x} >= 0
[55:]: -$5{x} >= 0 && $2{x} >= 41
[56:]: -$5{x} >= 0 && $2{x} >= 41 && $1{$1} == 5
[57:]: bottom
[58:]: -$5{x} >= 0 && -$2{x} >= -40 && $2{x} >= 0
[59:]: -$5{x} >= 0 && -$2{x} >= -40 && $2{x} >= 31
[60:]: -$5{x} >= 0 && -$2{x} >= -40 && $2{x} >= 31 && $1{$1} == 4
[61:]: bottom
[62:]: -$5{x} >= 0 && -$2{x} >= -30 && $2{x} >= 0
[63:]: -$5{x} >= 0 && -$2{x} >= -30 && $2{x} >= 21
[64:]: -$5{x} >= 0 && -$2{x} >= -30 && $2{x} >= 21 && $1{$1} == 3
[65:]: bottom
[66:]: -$5{x} >= 0 && -$2{x} >= -20 && $2{x} >= 0
[67:]: -$5{x} >= 0 && -$2{x} >= -20 && $2{x} >= 11
[68:]: -$5{x} >= 0 && -$2{x} >= -20 && $2{x} >= 11 && $1{$1} == 2
[69:]: bottom
[70:]: -$5{x} >= 0 && -$2{x} >= -10 && $2{x} >= 0
[71:]: -$5{x} >= 0 && -$2{x} >= -10 && $2{x} >= 0
[72:]: -$5{x} >= 0 && -$2{x} >= -10 && $2{x} >= 0
[73:]: -$5{x} >= 0 && -$2{x} >= -10 && $2{x} >= 0
[74:]: -$5{x} >= 0 && -$2{x} >= -10 && $2{x} >= 0
[75:]: -$5{x} >= 0 && -$2{x} >= -10 && $2{x} >= 0 && $1{$1} == 1
[76:]: -$5{x} >= 0 && -$2{x} >= -10 && $2{x} >= 0 && $1{$1} == 1
[77:]: -$2{x} >= -10 && $2{x} >= 0 && $1{$1} == 1
[78:]: -$4{y} >= -5 && $4{y} >= -5
[79:]: -$4{y} >= -5 && $4{y} >= -5 && $3{$3} == 0
[80:]: bottom

Backward Analysis:
[ 1:]: -$4{y} >= 41 ? 6
-$4{y} >= 31 && $4{y} >= -40 ? 7
-$4{y} >= 21 && $4{y} >= -30 ? 8
-$4{y} >= 11 && $4{y} >= -20 ? 9
-$4{y} >= 7 && $4{y} >= -10 ? -3$4{y}+98
$4{y} == -6 ? 12
-$4{y} >= 0 && $4{y} >= -5 ? 3
-$4{y} >= -5 && $4{y} >= 1 ? 3
$4{y} == 6 ? 12
-$4{y} >= -10 && $4{y} >= 7 ? 3$4{y}+98
-$4{y} >= -20 && $4{y} >= 11 ? 9
-$4{y} >= -30 && $4{y} >= 21 ? 8
-$4{y} >= -40 && $4{y} >= 31 ? 7
$4{y} >= 41 ? 6

[25:]: -$4{y} >= 41 ? 6
-$4{y} >= 31 && $4{y} >= -40 ? 7
-$4{y} >= 21 && $4{y} >= -30 ? 8
-$4{y} >= 11 && $4{y} >= -20 ? 9
-$4{y} >= 7 && $4{y} >= -10 ? -3$4{y}+98
$4{y} == -6 ? 12
-$4{y} >= 0 && $4{y} >= -5 ? 3
-$4{y} >= -5 && $4{y} >= 1 ? 3
$4{y} == 6 ? 12
-$4{y} >= -10 && $4{y} >= 7 ? 3$4{y}+98
-$4{y} >= -20 && $4{y} >= 11 ? 9
-$4{y} >= -30 && $4{y} >= 21 ? 8
-$4{y} >= -40 && $4{y} >= 31 ? 7
$4{y} >= 41 ? 6

[26:]: -$5{x} >= 41 && -$4{y} >= 7 ? 5
-$5{x} >= 41 && $4{y} == -6 ? 5
-$5{x} >= 41 && -$4{y} >= -5 && $4{y} >= -5 ? 2
-$5{x} >= 41 && $4{y} >= 6 ? 5
-$5{x} >= 31 && $5{x} >= -40 && -$4{y} >= 7 ? 6
-$5{x} >= 31 && $5{x} >= -40 && $4{y} == -6 ? 6
-$5{x} >= 31 && $5{x} >= -40 && -$4{y} >= -5 && $4{y} >= -5 ? 2
-$5{x} >= 31 && $5{x} >= -40 && $4{y} >= 6 ? 6
-$5{x} >= 21 && $5{x} >= -30 && -$4{y} >= 7 ? 7
-$5{x} >= 21 && $5{x} >= -30 && $4{y} == -6 ? 7
-$5{x} >= 21 && $5{x} >= -30 && -$4{y} >= -5 && $4{y} >= -5 ? 2
-$5{x} >= 21 && $5{x} >= -30 && $4{y} >= 6 ? 7
-$5{x} >= 11 && $5{x} >= -20 && -$4{y} >= 7 ? 8
-$5{x} >= 11 && $5{x} >= -20 && $4{y} == -6 ? 8
-$5{x} >= 11 && $5{x} >= -20 && -$4{y} >= -5 && $4{y} >= -5 ? 2
-$5{x} >= 11 && $5{x} >= -20 && $4{y} >= 6 ? 8
-$5{x} >= 0 && $5{x} >= -10 && -$4{y} >= 7 ? -9$4{y}+6$5{x}+97
-$5{x} >= 0 && $5{x} >= -10 && $4{y} == -6 ? 11
-$5{x} >= 0 && $5{x} >= -10 && -$4{y} >= -5 && $4{y} >= -5 ? 2
-$5{x} >= 0 && $5{x} >= -10 && $4{y} >= 6 ? bottom
-$5{x} >= -10 && $5{x} >= 1 && -$4{y} >= 6 ? bottom
-$5{x} >= -10 && $5{x} >= 1 && -$4{y} >= -5 && $4{y} >= -5 ? 2
-$5{x} >= -10 && $5{x} >= 1 && $4{y} == 6 ? 11
-$5{x} >= -10 && $5{x} >= 1 && $4{y} >= 7 ? 9$4{y}-6$5{x}+97
-$5{x} >= -20 && $5{x} >= 11 && -$4{y} >= 6 ? 8
-$5{x} >= -20 && $5{x} >= 11 && -$4{y} >= -5 && $4{y} >= -5 ? 2
-$5{x} >= -20 && $5{x} >= 11 && $4{y} == 6 ? 8
-$5{x} >= -20 && $5{x} >= 11 && $4{y} >= 7 ? 8
-$5{x} >= -30 && $5{x} >= 21 && -$4{y} >= 6 ? 7
-$5{x} >= -30 && $5{x} >= 21 && -$4{y} >= -5 && $4{y} >= -5 ? 2
-$5{x} >= -30 && $5{x} >= 21 && $4{y} == 6 ? 7
-$5{x} >= -30 && $5{x} >= 21 && $4{y} >= 7 ? 7
-$5{x} >= -40 && $5{x} >= 31 && -$4{y} >= 6 ? 6
-$5{x} >= -40 && $5{x} >= 31 && -$4{y} >= -5 && $4{y} >= -5 ? 2
-$5{x} >= -40 && $5{x} >= 31 && $4{y} == 6 ? 6
-$5{x} >= -40 && $5{x} >= 31 && $4{y} >= 7 ? 6
$5{x} >= 41 && -$4{y} >= 6 ? 5
$5{x} >= 41 && -$4{y} >= -5 && $4{y} >= -5 ? 2
$5{x} >= 41 && $4{y} == 6 ? 5
$5{x} >= 41 && $4{y} >= 7 ? 5

[27:]: -$5{x} >= 41 && -$4{y} >= 7 ? 5
-$5{x} >= 41 && $4{y} == -6 ? 5
-$5{x} >= 41 && -$4{y} >= -5 && $4{y} >= -5 ? 2
-$5{x} >= 41 && $4{y} >= 6 ? 5
-$5{x} >= 31 && $5{x} >= -40 && -$4{y} >= 7 ? 6
-$5{x} >= 31 && $5{x} >= -40 && $4{y} == -6 ? 6
-$5{x} >= 31 && $5{x} >= -40 && -$4{y} >= -5 && $4{y} >= -5 ? 2
-$5{x} >= 31 && $5{x} >= -40 && $4{y} >= 6 ? 6
-$5{x} >= 21 && $5{x} >= -30 && -$4{y} >= 7 ? 7
-$5{x} >= 21 && $5{x} >= -30 && $4{y} == -6 ? 7
-$5{x} >= 21 && $5{x} >= -30 && -$4{y} >= -5 && $4{y} >= -5 ? 2
-$5{x} >= 21 && $5{x} >= -30 && $4{y} >= 6 ? 7
-$5{x} >= 11 && $5{x} >= -20 && -$4{y} >= 7 ? 8
-$5{x} >= 11 && $5{x} >= -20 && $4{y} == -6 ? 8
-$5{x} >= 11 && $5{x} >= -20 && -$4{y} >= -5 && $4{y} >= -5 ? 2
-$5{x} >= 11 && $5{x} >= -20 && $4{y} >= 6 ? 8
-$5{x} >= 0 && $5{x} >= -10 && -$4{y} >= 7 ? -9$4{y}+6$5{x}+97
-$5{x} >= 0 && $5{x} >= -10 && $4{y} == -6 ? 11
-$5{x} >= 0 && $5{x} >= -10 && -$4{y} >= -5 && $4{y} >= -5 ? 2
-$5{x} >= 0 && $5{x} >= -10 && $4{y} >= 6 ? bottom
-$5{x} >= -10 && $5{x} >= 1 && -$4{y} >= 6 ? bottom
-$5{x} >= -10 && $5{x} >= 1 && -$4{y} >= -5 && $4{y} >= -5 ? 2
-$5{x} >= -10 && $5{x} >= 1 && $4{y} == 6 ? 11
-$5{x} >= -10 && $5{x} >= 1 && $4{y} >= 7 ? 9$4{y}-6$5{x}+97
-$5{x} >= -20 && $5{x} >= 11 && -$4{y} >= 6 ? 8
-$5{x} >= -20 && $5{x} >= 11 && -$4{y} >= -5 && $4{y} >= -5 ? 2
-$5{x} >= -20 && $5{x} >= 11 && $4{y} == 6 ? 8
-$5{x} >= -20 && $5{x} >= 11 && $4{y} >= 7 ? 8
-$5{x} >= -30 && $5{x} >= 21 && -$4{y} >= 6 ? 7
-$5{x} >= -30 && $5{x} >= 21 && -$4{y} >= -5 && $4{y} >= -5 ? 2
-$5{x} >= -30 && $5{x} >= 21 && $4{y} == 6 ? 7
-$5{x} >= -30 && $5{x} >= 21 && $4{y} >= 7 ? 7
-$5{x} >= -40 && $5{x} >= 31 && -$4{y} >= 6 ? 6
-$5{x} >= -40 && $5{x} >= 31 && -$4{y} >= -5 && $4{y} >= -5 ? 2
-$5{x} >= -40 && $5{x} >= 31 && $4{y} == 6 ? 6
-$5{x} >= -40 && $5{x} >= 31 && $4{y} >= 7 ? 6
$5{x} >= 41 && -$4{y} >= 6 ? 5
$5{x} >= 41 && -$4{y} >= -5 && $4{y} >= -5 ? 2
$5{x} >= 41 && $4{y} == 6 ? 5
$5{x} >= 41 && $4{y} >= 7 ? 5

[28:]: -$5{x} >= 41 && -$4{y} >= 8 ? 4
-$5{x} >= 41 && $4{y} == -7 ? 4
-$5{x} >= 41 && -$4{y} >= -4 && $4{y} >= -6 ? 4
-$5{x} >= 41 && $4{y} >= 5 ? 4
-$5{x} >= 31 && $5{x} >= -40 && -$4{y} >= 8 ? 5
-$5{x} >= 31 && $5{x} >= -40 && $4{y} == -7 ? 5
-$5{x} >= 31 && $5{x} >= -40 && -$4{y} >= -4 && $4{y} >= -6 ? 5
-$5{x} >= 31 && $5{x} >= -40 && $4{y} >= 5 ? 5
-$5{x} >= 21 && $5{x} >= -30 && -$4{y} >= 8 ? 6
-$5{x} >= 21 && $5{x} >= -30 && $4{y} == -7 ? 6
-$5{x} >= 21 && $5{x} >= -30 && -$4{y} >= -4 && $4{y} >= -6 ? 6
-$5{x} >= 21 && $5{x} >= -30 && $4{y} >= 5 ? 6
-$5{x} >= 11 && $5{x} >= -20 && -$4{y} >= 8 ? 7
-$5{x} >= 11 && $5{x} >= -20 && $4{y} == -7 ? 7
-$5{x} >= 11 && $5{x} >= -20 && -$4{y} >= -4 && $4{y} >= -6 ? 7
-$5{x} >= 11 && $5{x} >= -20 && $4{y} >= 5 ? 7
-$5{x} >= 0 && $5{x} >= -10 && -$4{y} >= 8 ? -9$4{y}+6$5{x}+96
-$5{x} >= 0 && $5{x} >= -10 && $4{y} == -7 ? 19
-$5{x} >= 0 && $5{x} >= -10 && -$4{y} >= -4 && $4{y} >= -6 ? 10
-$5{x} >= 0 && $5{x} >= -10 && $4{y} >= 5 ? bottom
-$5{x} >= -10 && $5{x} >= 1 && -$4{y} >= 5 ? bottom
-$5{x} >= -10 && $5{x} >= 1 && -$4{y} >= -6 && $4{y} >= -4 ? 10
-$5{x} >= -10 && $5{x} >= 1 && $4{y} == 7 ? 19
-$5{x} >= -10 && $5{x} >= 1 && $4{y} >= 8 ? 9$4{y}-6$5{x}+96
-$5{x} >= -20 && $5{x} >= 11 && -$4{y} >= 5 ? 7
-$5{x} >= -20 && $5{x} >= 11 && -$4{y} >= -6 && $4{y} >= -4 ? 7
-$5{x} >= -20 && $5{x} >= 11 && $4{y} == 7 ? 7
-$5{x} >= -20 && $5{x} >= 11 && $4{y} >= 8 ? 7
-$5{x} >= -30 && $5{x} >= 21 && -$4{y} >= 5 ? 6
-$5{x} >= -30 && $5{x} >= 21 && -$4{y} >= -6 && $4{y} >= -4 ? 6
-$5{x} >= -30 && $5{x} >= 21 && $4{y} == 7 ? 6
-$5{x} >= -30 && $5{x} >= 21 && $4{y} >= 8 ? 6
-$5{x} >= -40 && $5{x} >= 31 && -$4{y} >= 5 ? 5
-$5{x} >= -40 && $5{x} >= 31 && -$4{y} >= -6 && $4{y} >= -4 ? 5
-$5{x} >= -40 && $5{x} >= 31 && $4{y} == 7 ? 5
-$5{x} >= -40 && $5{x} >= 31 && $4{y} >= 8 ? 5
$5{x} >= 41 && -$4{y} >= 5 ? 4
$5{x} >= 41 && -$4{y} >= -6 && $4{y} >= -4 ? 4
$5{x} >= 41 && $4{y} == 7 ? 4
$5{x} >= 41 && $4{y} >= 8 ? 4

[29:]: -$5{x} >= -10 && $5{x} >= 1 && -$4{y} >= 5 ? bottom
-$5{x} >= -10 && $5{x} >= 1 && -$4{y} >= -6 && $4{y} >= -4 ? 9
-$5{x} >= -10 && $5{x} >= 1 && $4{y} == 7 ? 18
-$5{x} >= -10 && $5{x} >= 1 && $4{y} >= 8 ? 9$4{y}-6$5{x}+95
-$5{x} >= -20 && $5{x} >= 11 && -$4{y} >= 5 ? 6
-$5{x} >= -20 && $5{x} >= 11 && -$4{y} >= -6 && $4{y} >= -4 ? 6
-$5{x} >= -20 && $5{x} >= 11 && $4{y} == 7 ? 6
-$5{x} >= -20 && $5{x} >= 11 && $4{y} >= 8 ? 6
-$5{x} >= -30 && $5{x} >= 21 && -$4{y} >= 5 ? 5
-$5{x} >= -30 && $5{x} >= 21 && -$4{y} >= -6 && $4{y} >= -4 ? 5
-$5{x} >= -30 && $5{x} >= 21 && $4{y} == 7 ? 5
-$5{x} >= -30 && $5{x} >= 21 && $4{y} >= 8 ? 5
-$5{x} >= -40 && $5{x} >= 31 && -$4{y} >= 5 ? 4
-$5{x} >= -40 && $5{x} >= 31 && -$4{y} >= -6 && $4{y} >= -4 ? 4
-$5{x} >= -40 && $5{x} >= 31 && $4{y} == 7 ? 4
-$5{x} >= -40 && $5{x} >= 31 && $4{y} >= 8 ? 4
$5{x} >= 41 && -$4{y} >= 5 ? 3
$5{x} >= 41 && -$4{y} >= -6 && $4{y} >= -4 ? 3
$5{x} >= 41 && $4{y} == 7 ? 3
$5{x} >= 41 && $4{y} >= 8 ? 3

[30:]: -$5{x} >= -10 && $5{x} >= 1 && -$4{y} >= 5 && -$2{x} >= -10 && $2{x} >= 1 ? bottom
-$5{x} >= -10 && $5{x} >= 1 && -$4{y} >= 5 && -$2{x} >= -20 && $2{x} >= 11 ? 5
-$5{x} >= -10 && $5{x} >= 1 && -$4{y} >= 5 && -$2{x} >= -30 && $2{x} >= 21 ? 4
-$5{x} >= -10 && $5{x} >= 1 && -$4{y} >= 5 && -$2{x} >= -40 && $2{x} >= 31 ? 3
-$5{x} >= -10 && $5{x} >= 1 && -$4{y} >= 5 && $2{x} >= 41 ? 2
-$5{x} >= -10 && $5{x} >= 1 && -$4{y} >= -6 && $4{y} >= -4 && -$2{x} >= -10 && $2{x} >= 1 ? 8
-$5{x} >= -10 && $5{x} >= 1 && -$4{y} >= -6 && $4{y} >= -4 && -$2{x} >= -20 && $2{x} >= 11 ? 5
-$5{x} >= -10 && $5{x} >= 1 && -$4{y} >= -6 && $4{y} >= -4 && -$2{x} >= -30 && $2{x} >= 21 ? 4
-$5{x} >= -10 && $5{x} >= 1 && -$4{y} >= -6 && $4{y} >= -4 && -$2{x} >= -40 && $2{x} >= 31 ? 3
-$5{x} >= -10 && $5{x} >= 1 && -$4{y} >= -6 && $4{y} >= -4 && $2{x} >= 41 ? 2
-$5{x} >= -10 && $5{x} >= 1 && $4{y} == 7 && -$2{x} >= -10 && $2{x} >= 1 ? 17
-$5{x} >= -10 && $5{x} >= 1 && $4{y} == 7 && -$2{x} >= -20 && $2{x} >= 11 ? 5
-$5{x} >= -10 && $5{x} >= 1 && $4{y} == 7 && -$2{x} >= -30 && $2{x} >= 21 ? 4
-$5{x} >= -10 && $5{x} >= 1 && $4{y} == 7 && -$2{x} >= -40 && $2{x} >= 31 ? 3
-$5{x} >= -10 && $5{x} >= 1 && $4{y} == 7 && $2{x} >= 41 ? 2
-$5{x} >= -10 && $5{x} >= 1 && $4{y} >= 8 && -$2{x} >= -10 && $2{x} >= 1 ? 9$4{y}-6$5{x}+94
-$5{x} >= -10 && $5{x} >= 1 && $4{y} >= 8 && -$2{x} >= -20 && $2{x} >= 11 ? 5
-$5{x} >= -10 && $5{x} >= 1 && $4{y} >= 8 && -$2{x} >= -30 && $2{x} >= 21 ? 4
-$5{x} >= -10 && $5{x} >= 1 && $4{y} >= 8 && -$2{x} >= -40 && $2{x} >= 31 ? 3
-$5{x} >= -10 && $5{x} >= 1 && $4{y} >= 8 && $2{x} >= 41 ? 2
-$5{x} >= -20 && $5{x} >= 11 && -$4{y} >= 5 && -$2{x} >= -10 && $2{x} >= 1 ? 14
-$5{x} >= -20 && $5{x} >= 11 && -$4{y} >= 5 && -$2{x} >= -20 && $2{x} >= 11 ? 5
-$5{x} >= -20 && $5{x} >= 11 && -$4{y} >= 5 && -$2{x} >= -30 && $2{x} >= 21 ? 4
-$5{x} >= -20 && $5{x} >= 11 && -$4{y} >= 5 && -$2{x} >= -40 && $2{x} >= 31 ? 3
-$5{x} >= -20 && $5{x} >= 11 && -$4{y} >= 5 && $2{x} >= 41 ? 2
-$5{x} >= -20 && $5{x} >= 11 && -$4{y} >= -6 && $4{y} >= -4 && -$2{x} >= -10 && $2{x} >= 1 ? 8
-$5{x} >= -20 && $5{x} >= 11 && -$4{y} >= -6 && $4{y} >= -4 && -$2{x} >= -20 && $2{x} >= 11 ? 5
-$5{x} >= -20 && $5{x} >= 11 && -$4{y} >= -6 && $4{y} >= -4 && -$2{x} >= -30 && $2{x} >= 21 ? 4
-$5{x} >= -20 && $5{x} >= 11 && -$4{y} >= -6 && $4{y} >= -4 && -$2{x} >= -40 && $2{x} >= 31 ? 3
-$5{x} >= -20 && $5{x} >= 11 && -$4{y} >= -6 && $4{y} >= -4 && $2{x} >= 41 ? 2
-$5{x} >= -20 && $5{x} >= 11 && $4{y} == 7 && -$2{x} >= -10 && $2{x} >= 1 ? 14
-$5{x} >= -20 && $5{x} >= 11 && $4{y} == 7 && -$2{x} >= -20 && $2{x} >= 11 ? 5
-$5{x} >= -20 && $5{x} >= 11 && $4{y} == 7 && -$2{x} >= -30 && $2{x} >= 21 ? 4
-$5{x} >= -20 && $5{x} >= 11 && $4{y} == 7 && -$2{x} >= -40 && $2{x} >= 31 ? 3
-$5{x} >= -20 && $5{x} >= 11 && $4{y} == 7 && $2{x} >= 41 ? 2
-$5{x} >= -20 && $5{x} >= 11 && $4{y} >= 8 && -$2{x} >= -10 && $2{x} >= 1 ? 14
-$5{x} >= -20 && $5{x} >= 11 && $4{y} >= 8 && -$2{x} >= -20 && $2{x} >= 11 ? 5
-$5{x} >= -20 && $5{x} >= 11 && $4{y} >= 8 && -$2{x} >= -30 && $2{x} >= 21 ? 4
-$5{x} >= -20 && $5{x} >= 11 && $4{y} >= 8 && -$2{x} >= -40 && $2{x} >= 31 ? 3
-$5{x} >= -20 && $5{x} >= 11 && $4{y} >= 8 && $2{x} >= 41 ? 2
-$5{x} >= -30 && $5{x} >= 21 && -$4{y} >= 5 && -$2{x} >= -10 && $2{x} >= 1 ? 13
-$5{x} >= -30 && $5{x} >= 21 && -$4{y} >= 5 && -$2{x} >= -20 && $2{x} >= 11 ? 5
-$5{x} >= -30 && $5{x} >= 21 && -$4{y} >= 5 && -$2{x} >= -30 && $2{x} >= 21 ? 4
-$5{x} >= -30 && $5{x} >= 21 && -$4{y} >= 5 && -$2{x} >= -40 && $2{x} >= 31 ? 3
-$5{x} >= -30 && $5{x} >= 21 && -$4{y} >= 5 && $2{x} >= 41 ? 2
-$5{x} >= -30 && $5{x} >= 21 && -$4{y} >= -6 && $4{y} >= -4 && -$2{x} >= -10 && $2{x} >= 1 ? 8
-$5{x} >= -30 && $5{x} >= 21 && -$4{y} >= -6 && $4{y} >= -4 && -$2{x} >= -20 && $2{x} >= 11 ? 5
-$5{x} >= -30 && $5{x} >= 21 && -$4{y} >= -6 && $4{y} >= -4 && -$2{x} >= -30 && $2{x} >= 21 ? 4
-$5{x} >= -30 && $5{x} >= 21 && -$4{y} >= -6 && $4{y} >= -4 && -$2{x} >= -40 && $2{x} >= 31 ? 3
-$5{x} >= -30 && $5{x} >= 21 && -$4{y} >= -6 && $4{y} >= -4 && $2{x} >= 41 ? 2
-$5{x} >= -30 && $5{x} >= 21 && $4{y} == 7 && -$2{x} >= -10 && $2{x} >= 1 ? 13
-$5{x} >= -30 && $5{x} >= 21 && $4{y} == 7 && -$2{x} >= -20 && $2{x} >= 11 ? 5
-$5{x} >= -30 && $5{x} >= 21 && $4{y} == 7 && -$2{x} >= -30 && $2{x} >= 21 ? 4
-$5{x} >= -30 && $5{x} >= 21 && $4{y} == 7 && -$2{x} >= -40 && $2{x} >= 31 ? 3
-$5{x} >= -30 && $5{x} >= 21 && $4{y} == 7 && $2{x} >= 41 ? 2
-$5{x} >= -30 && $5{x} >= 21 && $4{y} >= 8 && -$2{x} >= -10 && $2{x} >= 1 ? 13
-$5{x} >= -30 && $5{x} >= 21 && $4{y} >= 8 && -$2{x} >= -20 && $2{x} >= 11 ? 5
-$5{x} >= -30 && $5{x} >= 21 && $4{y} >= 8 && -$2{x} >= -30 && $2{x} >= 21 ? 4
-$5{x} >= -30 && $5{x} >= 21 && $4{y} >= 8 && -$2{x} >= -40 && $2{x} >= 31 ? 3
-$5{x} >= -30 && $5{x} >= 21 && $4{y} >= 8 && $2{x} >= 41 ? 2
-$5{x} >= -40 && $5{x} >= 31 && -$4{y} >= 5 && -$2{x} >= -10 && $2{x} >= 1 ? 12
-$5{x} >= -40 && $5{x} >= 31 && -$4{y} >= 5 && -$2{x} >= -20 && $2{x} >= 11 ? 5
-$5{x} >= -40 && $5{x} >= 31 && -$4{y} >= 5 && -$2{x} >= -30 && $2{x} >= 21 ? 4
-$5{x} >= -40 && $5{x} >= 31 && -$4{y} >= 5 && -$2{x} >= -40 && $2{x} >= 31 ? 3
-$5{x} >= -40 && $5{x} >= 31 && -$4{y} >= 5 && $2{x} >= 41 ? 2
-$5{x} >= -40 && $5{x} >= 31 && -$4{y} >= -6 && $4{y} >= -4 && -$2{x} >= -10 && $2{x} >= 1 ? 8
-$5{x} >= -40 && $5{x} >= 31 && -$4{y} >= -6 && $4{y} >= -4 && -$2{x} >= -20 && $2{x} >= 11 ? 5
-$5{x} >= -40 && $5{x} >= 31 && -$4{y} >= -6 && $4{y} >= -4 && -$2{x} >= -30 && $2{x} >= 21 ? 4
-$5{x} >= -40 && $5{x} >= 31 && -$4{y} >= -6 && $4{y} >= -4 && -$2{x} >= -40 && $2{x} >= 31 ? 3
-$5{x} >= -40 && $5{x} >= 31 && -$4{y} >= -6 && $4{y} >= -4 && $2{x} >= 41 ? 2
-$5{x} >= -40 && $5{x} >= 31 && $4{y} == 7 && -$2{x} >= -10 && $2{x} >= 1 ? 12
-$5{x} >= -40 && $5{x} >= 31 && $4{y} == 7 && -$2{x} >= -20 && $2{x} >= 11 ? 5
-$5{x} >= -40 && $5{x} >= 31 && $4{y} == 7 && -$2{x} >= -30 && $2{x} >= 21 ? 4
-$5{x} >= -40 && $5{x} >= 31 && $4{y} == 7 && -$2{x} >= -40 && $2{x} >= 31 ? 3
-$5{x} >= -40 && $5{x} >= 31 && $4{y} == 7 && $2{x} >= 41 ? 2
-$5{x} >= -40 && $5{x} >= 31 && $4{y} >= 8 && -$2{x} >= -10 && $2{x} >= 1 ? 12
-$5{x} >= -40 && $5{x} >= 31 && $4{y} >= 8 && -$2{x} >= -20 && $2{x} >= 11 ? 5
-$5{x} >= -40 && $5{x} >= 31 && $4{y} >= 8 && -$2{x} >= -30 && $2{x} >= 21 ? 4
-$5{x} >= -40 && $5{x} >= 31 && $4{y} >= 8 && -$2{x} >= -40 && $2{x} >= 31 ? 3
-$5{x} >= -40 && $5{x} >= 31 && $4{y} >= 8 && $2{x} >= 41 ? 2
$5{x} >= 41 && -$4{y} >= 5 && -$2{x} >= -10 && $2{x} >= 1 ? 11
$5{x} >= 41 && -$4{y} >= 5 && -$2{x} >= -20 && $2{x} >= 11 ? 5
$5{x} >= 41 && -$4{y} >= 5 && -$2{x} >= -30 && $2{x} >= 21 ? 4
$5{x} >= 41 && -$4{y} >= 5 && -$2{x} >= -40 && $2{x} >= 31 ? 3
$5{x} >= 41 && -$4{y} >= 5 && $2{x} >= 41 ? 2
$5{x} >= 41 && -$4{y} >= -6 && $4{y} >= -4 && -$2{x} >= -10 && $2{x} >= 1 ? 8
$5{x} >= 41 && -$4{y} >= -6 && $4{y} >= -4 && -$2{x} >= -20 && $2{x} >= 11 ? 5
$5{x} >= 41 && -$4{y} >= -6 && $4{y} >= -4 && -$2{x} >= -30 && $2{x} >= 21 ? 4
$5{x} >= 41 && -$4{y} >= -6 && $4{y} >= -4 && -$2{x} >= -40 && $2{x} >= 31 ? 3
$5{x} >= 41 && -$4{y} >= -6 && $4{y} >= -4 && $2{x} >= 41 ? 2
$5{x} >= 41 && $4{y} == 7 && -$2{x} >= -10 && $2{x} >= 1 ? 11
$5{x} >= 41 && $4{y} == 7 && -$2{x} >= -20 && $2{x} >= 11 ? 5
$5{x} >= 41 && $4{y} == 7 && -$2{x} >= -30 && $2{x} >= 21 ? 4
$5{x} >= 41 && $4{y} == 7 && -$2{x} >= -40 && $2{x} >= 31 ? 3
$5{x} >= 41 && $4{y} == 7 && $2{x} >= 41 ? 2
$5{x} >= 41 && $4{y} >= 8 && -$2{x} >= -10 && $2{x} >= 1 ? 11
$5{x} >= 41 && $4{y} >= 8 && -$2{x} >= -20 && $2{x} >= 11 ? 5
$5{x} >= 41 && $4{y} >= 8 && -$2{x} >= -30 && $2{x} >= 21 ? 4
$5{x} >= 41 && $4{y} >= 8 && -$2{x} >= -40 && $2{x} >= 31 ? 3
$5{x} >= 41 && $4{y} >= 8 && $2{x} >= 41 ? 2

[31:]: $5{x} >= 1 && $2{x} >= 41 ? 1

[32:]: $5{x} >= 1 && $2{x} >= 41 && $1{$1} == 5 ? 0.

[33:]: 
[34:]: -$5{x} >= -10 && $5{x} >= 1 && -$4{y} >= 5 && -$2{x} >= -10 && $2{x} >= 1 ? bottom
-$5{x} >= -10 && $5{x} >= 1 && -$4{y} >= 5 && -$2{x} >= -20 && $2{x} >= 11 ? 4
-$5{x} >= -10 && $5{x} >= 1 && -$4{y} >= 5 && -$2{x} >= -30 && $2{x} >= 21 ? 3
-$5{x} >= -10 && $5{x} >= 1 && -$4{y} >= 5 && -$2{x} >= -40 && $2{x} >= 31 ? 2
-$5{x} >= -10 && $5{x} >= 1 && -$4{y} >= -6 && $4{y} >= -4 && -$2{x} >= -10 && $2{x} >= 1 ? 7
-$5{x} >= -10 && $5{x} >= 1 && -$4{y} >= -6 && $4{y} >= -4 && -$2{x} >= -20 && $2{x} >= 11 ? 4
-$5{x} >= -10 && $5{x} >= 1 && -$4{y} >= -6 && $4{y} >= -4 && -$2{x} >= -30 && $2{x} >= 21 ? 3
-$5{x} >= -10 && $5{x} >= 1 && -$4{y} >= -6 && $4{y} >= -4 && -$2{x} >= -40 && $2{x} >= 31 ? 2
-$5{x} >= -10 && $5{x} >= 1 && $4{y} == 7 && -$2{x} >= -10 && $2{x} >= 1 ? 16
-$5{x} >= -10 && $5{x} >= 1 && $4{y} == 7 && -$2{x} >= -20 && $2{x} >= 11 ? 4
-$5{x} >= -10 && $5{x} >= 1 && $4{y} == 7 && -$2{x} >= -30 && $2{x} >= 21 ? 3
-$5{x} >= -10 && $5{x} >= 1 && $4{y} == 7 && -$2{x} >= -40 && $2{x} >= 31 ? 2
-$5{x} >= -10 && $5{x} >= 1 && $4{y} >= 8 && -$2{x} >= -10 && $2{x} >= 1 ? 9$4{y}-6$5{x}+93
-$5{x} >= -10 && $5{x} >= 1 && $4{y} >= 8 && -$2{x} >= -20 && $2{x} >= 11 ? 4
-$5{x} >= -10 && $5{x} >= 1 && $4{y} >= 8 && -$2{x} >= -30 && $2{x} >= 21 ? 3
-$5{x} >= -10 && $5{x} >= 1 && $4{y} >= 8 && -$2{x} >= -40 && $2{x} >= 31 ? 2
-$5{x} >= -20 && $5{x} >= 11 && -$4{y} >= 5 && -$2{x} >= -10 && $2{x} >= 1 ? 13
-$5{x} >= -20 && $5{x} >= 11 && -$4{y} >= 5 && -$2{x} >= -20 && $2{x} >= 11 ? 4
-$5{x} >= -20 && $5{x} >= 11 && -$4{y} >= 5 && -$2{x} >= -30 && $2{x} >= 21 ? 3
-$5{x} >= -20 && $5{x} >= 11 && -$4{y} >= 5 && -$2{x} >= -40 && $2{x} >= 31 ? 2
-$5{x} >= -20 && $5{x} >= 11 && -$4{y} >= -6 && $4{y} >= -4 && -$2{x} >= -10 && $2{x} >= 1 ? 7
-$5{x} >= -20 && $5{x} >= 11 && -$4{y} >= -6 && $4{y} >= -4 && -$2{x} >= -20 && $2{x} >= 11 ? 4
-$5{x} >= -20 && $5{x} >= 11 && -$4{y} >= -6 && $4{y} >= -4 && -$2{x} >= -30 && $2{x} >= 21 ? 3
-$5{x} >= -20 && $5{x} >= 11 && -$4{y} >= -6 && $4{y} >= -4 && -$2{x} >= -40 && $2{x} >= 31 ? 2
-$5{x} >= -20 && $5{x} >= 11 && $4{y} == 7 && -$2{x} >= -10 && $2{x} >= 1 ? 13
-$5{x} >= -20 && $5{x} >= 11 && $4{y} == 7 && -$2{x} >= -20 && $2{x} >= 11 ? 4
-$5{x} >= -20 && $5{x} >= 11 && $4{y} == 7 && -$2{x} >= -30 && $2{x} >= 21 ? 3
-$5{x} >= -20 && $5{x} >= 11 && $4{y} == 7 && -$2{x} >= -40 && $2{x} >= 31 ? 2
-$5{x} >= -20 && $5{x} >= 11 && $4{y} >= 8 && -$2{x} >= -10 && $2{x} >= 1 ? 13
-$5{x} >= -20 && $5{x} >= 11 && $4{y} >= 8 && -$2{x} >= -20 && $2{x} >= 11 ? 4
-$5{x} >= -20 && $5{x} >= 11 && $4{y} >= 8 && -$2{x} >= -30 && $2{x} >= 21 ? 3
-$5{x} >= -20 && $5{x} >= 11 && $4{y} >= 8 && -$2{x} >= -40 && $2{x} >= 31 ? 2
-$5{x} >= -30 && $5{x} >= 21 && -$4{y} >= 5 && -$2{x} >= -10 && $2{x} >= 1 ? 12
-$5{x} >= -30 && $5{x} >= 21 && -$4{y} >= 5 && -$2{x} >= -20 && $2{x} >= 11 ? 4
-$5{x} >= -30 && $5{x} >= 21 && -$4{y} >= 5 && -$2{x} >= -30 && $2{x} >= 21 ? 3
-$5{x} >= -30 && $5{x} >= 21 && -$4{y} >= 5 && -$2{x} >= -40 && $2{x} >= 31 ? 2
-$5{x} >= -30 && $5{x} >= 21 && -$4{y} >= -6 && $4{y} >= -4 && -$2{x} >= -10 && $2{x} >= 1 ? 7
-$5{x} >= -30 && $5{x} >= 21 && -$4{y} >= -6 && $4{y} >= -4 && -$2{x} >= -20 && $2{x} >= 11 ? 4
-$5{x} >= -30 && $5{x} >= 21 && -$4{y} >= -6 && $4{y} >= -4 && -$2{x} >= -30 && $2{x} >= 21 ? 3
-$5{x} >= -30 && $5{x} >= 21 && -$4{y} >= -6 && $4{y} >= -4 && -$2{x} >= -40 && $2{x} >= 31 ? 2
-$5{x} >= -30 && $5{x} >= 21 && $4{y} == 7 && -$2{x} >= -10 && $2{x} >= 1 ? 12
-$5{x} >= -30 && $5{x} >= 21 && $4{y} == 7 && -$2{x} >= -20 && $2{x} >= 11 ? 4
-$5{x} >= -30 && $5{x} >= 21 && $4{y} == 7 && -$2{x} >= -30 && $2{x} >= 21 ? 3
-$5{x} >= -30 && $5{x} >= 21 && $4{y} == 7 && -$2{x} >= -40 && $2{x} >= 31 ? 2
-$5{x} >= -30 && $5{x} >= 21 && $4{y} >= 8 && -$2{x} >= -10 && $2{x} >= 1 ? 12
-$5{x} >= -30 && $5{x} >= 21 && $4{y} >= 8 && -$2{x} >= -20 && $2{x} >= 11 ? 4
-$5{x} >= -30 && $5{x} >= 21 && $4{y} >= 8 && -$2{x} >= -30 && $2{x} >= 21 ? 3
-$5{x} >= -30 && $5{x} >= 21 && $4{y} >= 8 && -$2{x} >= -40 && $2{x} >= 31 ? 2
-$5{x} >= -40 && $5{x} >= 31 && -$4{y} >= 5 && -$2{x} >= -10 && $2{x} >= 1 ? 11
-$5{x} >= -40 && $5{x} >= 31 && -$4{y} >= 5 && -$2{x} >= -20 && $2{x} >= 11 ? 4
-$5{x} >= -40 && $5{x} >= 31 && -$4{y} >= 5 && -$2{x} >= -30 && $2{x} >= 21 ? 3
-$5{x} >= -40 && $5{x} >= 31 && -$4{y} >= 5 && -$2{x} >= -40 && $2{x} >= 31 ? 2
-$5{x} >= -40 && $5{x} >= 31 && -$4{y} >= -6 && $4{y} >= -4 && -$2{x} >= -10 && $2{x} >= 1 ? 7
-$5{x} >= -40 && $5{x} >= 31 && -$4{y} >= -6 && $4{y} >= -4 && -$2{x} >= -20 && $2{x} >= 11 ? 4
-$5{x} >= -40 && $5{x} >= 31 && -$4{y} >= -6 && $4{y} >= -4 && -$2{x} >= -30 && $2{x} >= 21 ? 3
-$5{x} >= -40 && $5{x} >= 31 && -$4{y} >= -6 && $4{y} >= -4 && -$2{x} >= -40 && $2{x} >= 31 ? 2
-$5{x} >= -40 && $5{x} >= 31 && $4{y} == 7 && -$2{x} >= -10 && $2{x} >= 1 ? 11
-$5{x} >= -40 && $5{x} >= 31 && $4{y} == 7 && -$2{x} >= -20 && $2{x} >= 11 ? 4
-$5{x} >= -40 && $5{x} >= 31 && $4{y} == 7 && -$2{x} >= -30 && $2{x} >= 21 ? 3
-$5{x} >= -40 && $5{x} >= 31 && $4{y} == 7 && -$2{x} >= -40 && $2{x} >= 31 ? 2
-$5{x} >= -40 && $5{x} >= 31 && $4{y} >= 8 && -$2{x} >= -10 && $2{x} >= 1 ? 11
-$5{x} >= -40 && $5{x} >= 31 && $4{y} >= 8 && -$2{x} >= -20 && $2{x} >= 11 ? 4
-$5{x} >= -40 && $5{x} >= 31 && $4{y} >= 8 && -$2{x} >= -30 && $2{x} >= 21 ? 3
-$5{x} >= -40 && $5{x} >= 31 && $4{y} >= 8 && -$2{x} >= -40 && $2{x} >= 31 ? 2
$5{x} >= 41 && -$4{y} >= 5 && -$2{x} >= -10 && $2{x} >= 1 ? 10
$5{x} >= 41 && -$4{y} >= 5 && -$2{x} >= -20 && $2{x} >= 11 ? 4
$5{x} >= 41 && -$4{y} >= 5 && -$2{x} >= -30 && $2{x} >= 21 ? 3
$5{x} >= 41 && -$4{y} >= 5 && -$2{x} >= -40 && $2{x} >= 31 ? 2
$5{x} >= 41 && -$4{y} >= -6 && $4{y} >= -4 && -$2{x} >= -10 && $2{x} >= 1 ? 7
$5{x} >= 41 && -$4{y} >= -6 && $4{y} >= -4 && -$2{x} >= -20 && $2{x} >= 11 ? 4
$5{x} >= 41 && -$4{y} >= -6 && $4{y} >= -4 && -$2{x} >= -30 && $2{x} >= 21 ? 3
$5{x} >= 41 && -$4{y} >= -6 && $4{y} >= -4 && -$2{x} >= -40 && $2{x} >= 31 ? 2
$5{x} >= 41 && $4{y} == 7 && -$2{x} >= -10 && $2{x} >= 1 ? 10
$5{x} >= 41 && $4{y} == 7 && -$2{x} >= -20 && $2{x} >= 11 ? 4
$5{x} >= 41 && $4{y} == 7 && -$2{x} >= -30 && $2{x} >= 21 ? 3
$5{x} >= 41 && $4{y} == 7 && -$2{x} >= -40 && $2{x} >= 31 ? 2
$5{x} >= 41 && $4{y} >= 8 && -$2{x} >= -10 && $2{x} >= 1 ? 10
$5{x} >= 41 && $4{y} >= 8 && -$2{x} >= -20 && $2{x} >= 11 ? 4
$5{x} >= 41 && $4{y} >= 8 && -$2{x} >= -30 && $2{x} >= 21 ? 3
$5{x} >= 41 && $4{y} >= 8 && -$2{x} >= -40 && $2{x} >= 31 ? 2

[35:]: $5{x} >= 1 && -$2{x} >= -40 && $2{x} >= 31 ? 1

[36:]: $5{x} >= 1 && -$2{x} >= -40 && $2{x} >= 31 && $1{$1} == 4 ? 0.

[37:]: 
[38:]: -$5{x} >= -10 && $5{x} >= 1 && -$4{y} >= 5 && -$2{x} >= -10 && $2{x} >= 1 ? bottom
-$5{x} >= -10 && $5{x} >= 1 && -$4{y} >= 5 && -$2{x} >= -20 && $2{x} >= 11 ? 3
-$5{x} >= -10 && $5{x} >= 1 && -$4{y} >= 5 && -$2{x} >= -30 && $2{x} >= 21 ? 2
-$5{x} >= -10 && $5{x} >= 1 && -$4{y} >= -6 && $4{y} >= -4 && -$2{x} >= -10 && $2{x} >= 1 ? 6
-$5{x} >= -10 && $5{x} >= 1 && -$4{y} >= -6 && $4{y} >= -4 && -$2{x} >= -20 && $2{x} >= 11 ? 3
-$5{x} >= -10 && $5{x} >= 1 && -$4{y} >= -6 && $4{y} >= -4 && -$2{x} >= -30 && $2{x} >= 21 ? 2
-$5{x} >= -10 && $5{x} >= 1 && $4{y} == 7 && -$2{x} >= -10 && $2{x} >= 1 ? 15
-$5{x} >= -10 && $5{x} >= 1 && $4{y} == 7 && -$2{x} >= -20 && $2{x} >= 11 ? 3
-$5{x} >= -10 && $5{x} >= 1 && $4{y} == 7 && -$2{x} >= -30 && $2{x} >= 21 ? 2
-$5{x} >= -10 && $5{x} >= 1 && $4{y} >= 8 && -$2{x} >= -10 && $2{x} >= 1 ? 9$4{y}-6$5{x}+92
-$5{x} >= -10 && $5{x} >= 1 && $4{y} >= 8 && -$2{x} >= -20 && $2{x} >= 11 ? 3
-$5{x} >= -10 && $5{x} >= 1 && $4{y} >= 8 && -$2{x} >= -30 && $2{x} >= 21 ? 2
-$5{x} >= -20 && $5{x} >= 11 && -$4{y} >= 5 && -$2{x} >= -10 && $2{x} >= 1 ? 12
-$5{x} >= -20 && $5{x} >= 11 && -$4{y} >= 5 && -$2{x} >= -20 && $2{x} >= 11 ? 3
-$5{x} >= -20 && $5{x} >= 11 && -$4{y} >= 5 && -$2{x} >= -30 && $2{x} >= 21 ? 2
-$5{x} >= -20 && $5{x} >= 11 && -$4{y} >= -6 && $4{y} >= -4 && -$2{x} >= -10 && $2{x} >= 1 ? 6
-$5{x} >= -20 && $5{x} >= 11 && -$4{y} >= -6 && $4{y} >= -4 && -$2{x} >= -20 && $2{x} >= 11 ? 3
-$5{x} >= -20 && $5{x} >= 11 && -$4{y} >= -6 && $4{y} >= -4 && -$2{x} >= -30 && $2{x} >= 21 ? 2
-$5{x} >= -20 && $5{x} >= 11 && $4{y} == 7 && -$2{x} >= -10 && $2{x} >= 1 ? 12
-$5{x} >= -20 && $5{x} >= 11 && $4{y} == 7 && -$2{x} >= -20 && $2{x} >= 11 ? 3
-$5{x} >= -20 && $5{x} >= 11 && $4{y} == 7 && -$2{x} >= -30 && $2{x} >= 21 ? 2
-$5{x} >= -20 && $5{x} >= 11 && $4{y} >= 8 && -$2{x} >= -10 && $2{x} >= 1 ? 12
-$5{x} >= -20 && $5{x} >= 11 && $4{y} >= 8 && -$2{x} >= -20 && $2{x} >= 11 ? 3
-$5{x} >= -20 && $5{x} >= 11 && $4{y} >= 8 && -$2{x} >= -30 && $2{x} >= 21 ? 2
-$5{x} >= -30 && $5{x} >= 21 && -$4{y} >= 5 && -$2{x} >= -10 && $2{x} >= 1 ? 11
-$5{x} >= -30 && $5{x} >= 21 && -$4{y} >= 5 && -$2{x} >= -20 && $2{x} >= 11 ? 3
-$5{x} >= -30 && $5{x} >= 21 && -$4{y} >= 5 && -$2{x} >= -30 && $2{x} >= 21 ? 2
-$5{x} >= -30 && $5{x} >= 21 && -$4{y} >= -6 && $4{y} >= -4 && -$2{x} >= -10 && $2{x} >= 1 ? 6
-$5{x} >= -30 && $5{x} >= 21 && -$4{y} >= -6 && $4{y} >= -4 && -$2{x} >= -20 && $2{x} >= 11 ? 3
-$5{x} >= -30 && $5{x} >= 21 && -$4{y} >= -6 && $4{y} >= -4 && -$2{x} >= -30 && $2{x} >= 21 ? 2
-$5{x} >= -30 && $5{x} >= 21 && $4{y} == 7 && -$2{x} >= -10 && $2{x} >= 1 ? 11
-$5{x} >= -30 && $5{x} >= 21 && $4{y} == 7 && -$2{x} >= -20 && $2{x} >= 11 ? 3
-$5{x} >= -30 && $5{x} >= 21 && $4{y} == 7 && -$2{x} >= -30 && $2{x} >= 21 ? 2
-$5{x} >= -30 && $5{x} >= 21 && $4{y} >= 8 && -$2{x} >= -10 && $2{x} >= 1 ? 11
-$5{x} >= -30 && $5{x} >= 21 && $4{y} >= 8 && -$2{x} >= -20 && $2{x} >= 11 ? 3
-$5{x} >= -30 && $5{x} >= 21 && $4{y} >= 8 && -$2{x} >= -30 && $2{x} >= 21 ? 2
-$5{x} >= -40 && $5{x} >= 31 && -$4{y} >= 5 && -$2{x} >= -10 && $2{x} >= 1 ? 10
-$5{x} >= -40 && $5{x} >= 31 && -$4{y} >= 5 && -$2{x} >= -20 && $2{x} >= 11 ? 3
-$5{x} >= -40 && $5{x} >= 31 && -$4{y} >= 5 && -$2{x} >= -30 && $2{x} >= 21 ? 2
-$5{x} >= -40 && $5{x} >= 31 && -$4{y} >= -6 && $4{y} >= -4 && -$2{x} >= -10 && $2{x} >= 1 ? 6
-$5{x} >= -40 && $5{x} >= 31 && -$4{y} >= -6 && $4{y} >= -4 && -$2{x} >= -20 && $2{x} >= 11 ? 3
-$5{x} >= -40 && $5{x} >= 31 && -$4{y} >= -6 && $4{y} >= -4 && -$2{x} >= -30 && $2{x} >= 21 ? 2
-$5{x} >= -40 && $5{x} >= 31 && $4{y} == 7 && -$2{x} >= -10 && $2{x} >= 1 ? 10
-$5{x} >= -40 && $5{x} >= 31 && $4{y} == 7 && -$2{x} >= -20 && $2{x} >= 11 ? 3
-$5{x} >= -40 && $5{x} >= 31 && $4{y} == 7 && -$2{x} >= -30 && $2{x} >= 21 ? 2
-$5{x} >= -40 && $5{x} >= 31 && $4{y} >= 8 && -$2{x} >= -10 && $2{x} >= 1 ? 10
-$5{x} >= -40 && $5{x} >= 31 && $4{y} >= 8 && -$2{x} >= -20 && $2{x} >= 11 ? 3
-$5{x} >= -40 && $5{x} >= 31 && $4{y} >= 8 && -$2{x} >= -30 && $2{x} >= 21 ? 2
$5{x} >= 41 && -$4{y} >= 5 && -$2{x} >= -10 && $2{x} >= 1 ? 9
$5{x} >= 41 && -$4{y} >= 5 && -$2{x} >= -20 && $2{x} >= 11 ? 3
$5{x} >= 41 && -$4{y} >= 5 && -$2{x} >= -30 && $2{x} >= 21 ? 2
$5{x} >= 41 && -$4{y} >= -6 && $4{y} >= -4 && -$2{x} >= -10 && $2{x} >= 1 ? 6
$5{x} >= 41 && -$4{y} >= -6 && $4{y} >= -4 && -$2{x} >= -20 && $2{x} >= 11 ? 3
$5{x} >= 41 && -$4{y} >= -6 && $4{y} >= -4 && -$2{x} >= -30 && $2{x} >= 21 ? 2
$5{x} >= 41 && $4{y} == 7 && -$2{x} >= -10 && $2{x} >= 1 ? 9
$5{x} >= 41 && $4{y} == 7 && -$2{x} >= -20 && $2{x} >= 11 ? 3
$5{x} >= 41 && $4{y} == 7 && -$2{x} >= -30 && $2{x} >= 21 ? 2
$5{x} >= 41 && $4{y} >= 8 && -$2{x} >= -10 && $2{x} >= 1 ? 9
$5{x} >= 41 && $4{y} >= 8 && -$2{x} >= -20 && $2{x} >= 11 ? 3
$5{x} >= 41 && $4{y} >= 8 && -$2{x} >= -30 && $2{x} >= 21 ? 2

[39:]: $5{x} >= 1 && -$2{x} >= -30 && $2{x} >= 21 ? 1

[40:]: $5{x} >= 1 && -$2{x} >= -30 && $2{x} >= 21 && $1{$1} == 3 ? 0.

[41:]: 
[42:]: -$5{x} >= -10 && $5{x} >= 1 && -$4{y} >= 5 && -$2{x} >= -10 && $2{x} >= 1 ? bottom
-$5{x} >= -10 && $5{x} >= 1 && -$4{y} >= 5 && -$2{x} >= -20 && $2{x} >= 11 ? 2
-$5{x} >= -10 && $5{x} >= 1 && -$4{y} >= -6 && $4{y} >= -4 && -$2{x} >= -10 && $2{x} >= 1 ? 5
-$5{x} >= -10 && $5{x} >= 1 && -$4{y} >= -6 && $4{y} >= -4 && -$2{x} >= -20 && $2{x} >= 11 ? 2
-$5{x} >= -10 && $5{x} >= 1 && $4{y} == 7 && -$2{x} >= -10 && $2{x} >= 1 ? 14
-$5{x} >= -10 && $5{x} >= 1 && $4{y} == 7 && -$2{x} >= -20 && $2{x} >= 11 ? 2
-$5{x} >= -10 && $5{x} >= 1 && $4{y} >= 8 && -$2{x} >= -10 && $2{x} >= 1 ? 9$4{y}-6$5{x}+91
-$5{x} >= -10 && $5{x} >= 1 && $4{y} >= 8 && -$2{x} >= -20 && $2{x} >= 11 ? 2
-$5{x} >= -20 && $5{x} >= 11 && -$4{y} >= 5 && -$2{x} >= -10 && $2{x} >= 1 ? 11
-$5{x} >= -20 && $5{x} >= 11 && -$4{y} >= 5 && -$2{x} >= -20 && $2{x} >= 11 ? 2
-$5{x} >= -20 && $5{x} >= 11 && -$4{y} >= -6 && $4{y} >= -4 && -$2{x} >= -10 && $2{x} >= 1 ? 5
-$5{x} >= -20 && $5{x} >= 11 && -$4{y} >= -6 && $4{y} >= -4 && -$2{x} >= -20 && $2{x} >= 11 ? 2
-$5{x} >= -20 && $5{x} >= 11 && $4{y} == 7 && -$2{x} >= -10 && $2{x} >= 1 ? 11
-$5{x} >= -20 && $5{x} >= 11 && $4{y} == 7 && -$2{x} >= -20 && $2{x} >= 11 ? 2
-$5{x} >= -20 && $5{x} >= 11 && $4{y} >= 8 && -$2{x} >= -10 && $2{x} >= 1 ? 11
-$5{x} >= -20 && $5{x} >= 11 && $4{y} >= 8 && -$2{x} >= -20 && $2{x} >= 11 ? 2
-$5{x} >= -30 && $5{x} >= 21 && -$4{y} >= 5 && -$2{x} >= -10 && $2{x} >= 1 ? 10
-$5{x} >= -30 && $5{x} >= 21 && -$4{y} >= 5 && -$2{x} >= -20 && $2{x} >= 11 ? 2
-$5{x} >= -30 && $5{x} >= 21 && -$4{y} >= -6 && $4{y} >= -4 && -$2{x} >= -10 && $2{x} >= 1 ? 5
-$5{x} >= -30 && $5{x} >= 21 && -$4{y} >= -6 && $4{y} >= -4 && -$2{x} >= -20 && $2{x} >= 11 ? 2
-$5{x} >= -30 && $5{x} >= 21 && $4{y} == 7 && -$2{x} >= -10 && $2{x} >= 1 ? 10
-$5{x} >= -30 && $5{x} >= 21 && $4{y} == 7 && -$2{x} >= -20 && $2{x} >= 11 ? 2
-$5{x} >= -30 && $5{x} >= 21 && $4{y} >= 8 && -$2{x} >= -10 && $2{x} >= 1 ? 10
-$5{x} >= -30 && $5{x} >= 21 && $4{y} >= 8 && -$2{x} >= -20 && $2{x} >= 11 ? 2
-$5{x} >= -40 && $5{x} >= 31 && -$4{y} >= 5 && -$2{x} >= -10 && $2{x} >= 1 ? 9
-$5{x} >= -40 && $5{x} >= 31 && -$4{y} >= 5 && -$2{x} >= -20 && $2{x} >= 11 ? 2
-$5{x} >= -40 && $5{x} >= 31 && -$4{y} >= -6 && $4{y} >= -4 && -$2{x} >= -10 && $2{x} >= 1 ? 5
-$5{x} >= -40 && $5{x} >= 31 && -$4{y} >= -6 && $4{y} >= -4 && -$2{x} >= -20 && $2{x} >= 11 ? 2
-$5{x} >= -40 && $5{x} >= 31 && $4{y} == 7 && -$2{x} >= -10 && $2{x} >= 1 ? 9
-$5{x} >= -40 && $5{x} >= 31 && $4{y} == 7 && -$2{x} >= -20 && $2{x} >= 11 ? 2
-$5{x} >= -40 && $5{x} >= 31 && $4{y} >= 8 && -$2{x} >= -10 && $2{x} >= 1 ? 9
-$5{x} >= -40 && $5{x} >= 31 && $4{y} >= 8 && -$2{x} >= -20 && $2{x} >= 11 ? 2
$5{x} >= 41 && -$4{y} >= 5 && -$2{x} >= -10 && $2{x} >= 1 ? 8
$5{x} >= 41 && -$4{y} >= 5 && -$2{x} >= -20 && $2{x} >= 11 ? 2
$5{x} >= 41 && -$4{y} >= -6 && $4{y} >= -4 && -$2{x} >= -10 && $2{x} >= 1 ? 5
$5{x} >= 41 && -$4{y} >= -6 && $4{y} >= -4 && -$2{x} >= -20 && $2{x} >= 11 ? 2
$5{x} >= 41 && $4{y} == 7 && -$2{x} >= -10 && $2{x} >= 1 ? 8
$5{x} >= 41 && $4{y} == 7 && -$2{x} >= -20 && $2{x} >= 11 ? 2
$5{x} >= 41 && $4{y} >= 8 && -$2{x} >= -10 && $2{x} >= 1 ? 8
$5{x} >= 41 && $4{y} >= 8 && -$2{x} >= -20 && $2{x} >= 11 ? 2

[43:]: $5{x} >= 1 && -$2{x} >= -20 && $2{x} >= 11 ? 1

[44:]: $5{x} >= 1 && -$2{x} >= -20 && $2{x} >= 11 && $1{$1} == 2 ? 0.

[45:]: 
[46:]: -$5{x} >= -10 && $5{x} >= 1 && -$4{y} >= 5 && -$2{x} >= -10 && $2{x} >= 1 ? bottom
-$5{x} >= -10 && $5{x} >= 1 && -$4{y} >= -6 && $4{y} >= -4 && -$2{x} >= -10 && $2{x} >= 1 ? 4
-$5{x} >= -10 && $5{x} >= 1 && $4{y} == 7 && -$2{x} >= -10 && $2{x} >= 1 ? 13
-$5{x} >= -10 && $5{x} >= 1 && $4{y} >= 8 && -$2{x} >= -10 && $2{x} >= 1 ? 9$4{y}-6$5{x}+90
-$5{x} >= -20 && $5{x} >= 11 && -$4{y} >= 5 && -$2{x} >= -10 && $2{x} >= 1 ? 10
-$5{x} >= -20 && $5{x} >= 11 && -$4{y} >= -6 && $4{y} >= -4 && -$2{x} >= -10 && $2{x} >= 1 ? 4
-$5{x} >= -20 && $5{x} >= 11 && $4{y} == 7 && -$2{x} >= -10 && $2{x} >= 1 ? 10
-$5{x} >= -20 && $5{x} >= 11 && $4{y} >= 8 && -$2{x} >= -10 && $2{x} >= 1 ? 10
-$5{x} >= -30 && $5{x} >= 21 && -$4{y} >= 5 && -$2{x} >= -10 && $2{x} >= 1 ? 9
-$5{x} >= -30 && $5{x} >= 21 && -$4{y} >= -6 && $4{y} >= -4 && -$2{x} >= -10 && $2{x} >= 1 ? 4
-$5{x} >= -30 && $5{x} >= 21 && $4{y} == 7 && -$2{x} >= -10 && $2{x} >= 1 ? 9
-$5{x} >= -30 && $5{x} >= 21 && $4{y} >= 8 && -$2{x} >= -10 && $2{x} >= 1 ? 9
-$5{x} >= -40 && $5{x} >= 31 && -$4{y} >= 5 && -$2{x} >= -10 && $2{x} >= 1 ? 8
-$5{x} >= -40 && $5{x} >= 31 && -$4{y} >= -6 && $4{y} >= -4 && -$2{x} >= -10 && $2{x} >= 1 ? 4
-$5{x} >= -40 && $5{x} >= 31 && $4{y} == 7 && -$2{x} >= -10 && $2{x} >= 1 ? 8
-$5{x} >= -40 && $5{x} >= 31 && $4{y} >= 8 && -$2{x} >= -10 && $2{x} >= 1 ? 8
$5{x} >= 41 && -$4{y} >= 5 && -$2{x} >= -10 && $2{x} >= 1 ? 7
$5{x} >= 41 && -$4{y} >= -6 && $4{y} >= -4 && -$2{x} >= -10 && $2{x} >= 1 ? 4
$5{x} >= 41 && $4{y} == 7 && -$2{x} >= -10 && $2{x} >= 1 ? 7
$5{x} >= 41 && $4{y} >= 8 && -$2{x} >= -10 && $2{x} >= 1 ? 7

[47:]: -$5{x} >= -10 && $5{x} >= 1 && -$4{y} >= 5 && -$2{x} >= -10 && $2{x} >= 1 ? bottom
-$5{x} >= -10 && $5{x} >= 1 && -$4{y} >= -6 && $4{y} >= -4 && -$2{x} >= -10 && $2{x} >= 1 ? 4
-$5{x} >= -10 && $5{x} >= 1 && $4{y} == 7 && -$2{x} >= -10 && $2{x} >= 1 ? 13
-$5{x} >= -10 && $5{x} >= 1 && $4{y} >= 8 && -$2{x} >= -10 && $2{x} >= 1 ? 9$4{y}-6$5{x}+90
-$5{x} >= -20 && $5{x} >= 11 && -$4{y} >= 5 && -$2{x} >= -10 && $2{x} >= 1 ? 10
-$5{x} >= -20 && $5{x} >= 11 && -$4{y} >= -6 && $4{y} >= -4 && -$2{x} >= -10 && $2{x} >= 1 ? 4
-$5{x} >= -20 && $5{x} >= 11 && $4{y} == 7 && -$2{x} >= -10 && $2{x} >= 1 ? 10
-$5{x} >= -20 && $5{x} >= 11 && $4{y} >= 8 && -$2{x} >= -10 && $2{x} >= 1 ? 10
-$5{x} >= -30 && $5{x} >= 21 && -$4{y} >= 5 && -$2{x} >= -10 && $2{x} >= 1 ? 9
-$5{x} >= -30 && $5{x} >= 21 && -$4{y} >= -6 && $4{y} >= -4 && -$2{x} >= -10 && $2{x} >= 1 ? 4
-$5{x} >= -30 && $5{x} >= 21 && $4{y} == 7 && -$2{x} >= -10 && $2{x} >= 1 ? 9
-$5{x} >= -30 && $5{x} >= 21 && $4{y} >= 8 && -$2{x} >= -10 && $2{x} >= 1 ? 9
-$5{x} >= -40 && $5{x} >= 31 && -$4{y} >= 5 && -$2{x} >= -10 && $2{x} >= 1 ? 8
-$5{x} >= -40 && $5{x} >= 31 && -$4{y} >= -6 && $4{y} >= -4 && -$2{x} >= -10 && $2{x} >= 1 ? 4
-$5{x} >= -40 && $5{x} >= 31 && $4{y} == 7 && -$2{x} >= -10 && $2{x} >= 1 ? 8
-$5{x} >= -40 && $5{x} >= 31 && $4{y} >= 8 && -$2{x} >= -10 && $2{x} >= 1 ? 8
$5{x} >= 41 && -$4{y} >= 5 && -$2{x} >= -10 && $2{x} >= 1 ? 7
$5{x} >= 41 && -$4{y} >= -6 && $4{y} >= -4 && -$2{x} >= -10 && $2{x} >= 1 ? 4
$5{x} >= 41 && $4{y} == 7 && -$2{x} >= -10 && $2{x} >= 1 ? 7
$5{x} >= 41 && $4{y} >= 8 && -$2{x} >= -10 && $2{x} >= 1 ? 7

[48:]: -$5{x} >= -10 && $5{x} >= 1 && -$4{y} >= 5 && -$2{x} >= -10 && $2{x} >= 1 ? bottom
-$5{x} >= -10 && $5{x} >= 1 && -$4{y} >= -6 && $4{y} >= -4 && -$2{x} >= -10 && $2{x} >= 1 ? 4
-$5{x} >= -10 && $5{x} >= 1 && $4{y} == 7 && -$2{x} >= -10 && $2{x} >= 1 ? 13
-$5{x} >= -10 && $5{x} >= 1 && $4{y} >= 8 && -$2{x} >= -10 && $2{x} >= 1 ? 9$4{y}-6$5{x}+90
-$5{x} >= -20 && $5{x} >= 11 && -$4{y} >= 5 && -$2{x} >= -10 && $2{x} >= 1 ? 10
-$5{x} >= -20 && $5{x} >= 11 && -$4{y} >= -6 && $4{y} >= -4 && -$2{x} >= -10 && $2{x} >= 1 ? 4
-$5{x} >= -20 && $5{x} >= 11 && $4{y} == 7 && -$2{x} >= -10 && $2{x} >= 1 ? 10
-$5{x} >= -20 && $5{x} >= 11 && $4{y} >= 8 && -$2{x} >= -10 && $2{x} >= 1 ? 10
-$5{x} >= -30 && $5{x} >= 21 && -$4{y} >= 5 && -$2{x} >= -10 && $2{x} >= 1 ? 9
-$5{x} >= -30 && $5{x} >= 21 && -$4{y} >= -6 && $4{y} >= -4 && -$2{x} >= -10 && $2{x} >= 1 ? 4
-$5{x} >= -30 && $5{x} >= 21 && $4{y} == 7 && -$2{x} >= -10 && $2{x} >= 1 ? 9
-$5{x} >= -30 && $5{x} >= 21 && $4{y} >= 8 && -$2{x} >= -10 && $2{x} >= 1 ? 9
-$5{x} >= -40 && $5{x} >= 31 && -$4{y} >= 5 && -$2{x} >= -10 && $2{x} >= 1 ? 8
-$5{x} >= -40 && $5{x} >= 31 && -$4{y} >= -6 && $4{y} >= -4 && -$2{x} >= -10 && $2{x} >= 1 ? 4
-$5{x} >= -40 && $5{x} >= 31 && $4{y} == 7 && -$2{x} >= -10 && $2{x} >= 1 ? 8
-$5{x} >= -40 && $5{x} >= 31 && $4{y} >= 8 && -$2{x} >= -10 && $2{x} >= 1 ? 8
$5{x} >= 41 && -$4{y} >= 5 && -$2{x} >= -10 && $2{x} >= 1 ? 7
$5{x} >= 41 && -$4{y} >= -6 && $4{y} >= -4 && -$2{x} >= -10 && $2{x} >= 1 ? 4
$5{x} >= 41 && $4{y} == 7 && -$2{x} >= -10 && $2{x} >= 1 ? 7
$5{x} >= 41 && $4{y} >= 8 && -$2{x} >= -10 && $2{x} >= 1 ? 7

[49:]: -$5{x} >= -10 && $5{x} >= 1 && -$4{y} >= 5 && -$2{x} >= -10 && $2{x} >= 1 ? bottom
-$5{x} >= -10 && $5{x} >= 1 && -$4{y} >= -6 && $4{y} >= -4 && -$2{x} >= -10 && $2{x} >= 1 ? 4
-$5{x} >= -10 && $5{x} >= 1 && $4{y} == 7 && -$2{x} >= -10 && $2{x} >= 1 ? 13
-$5{x} >= -10 && $5{x} >= 1 && $4{y} >= 8 && -$2{x} >= -10 && $2{x} >= 1 ? 9$4{y}-6$5{x}+90
-$5{x} >= -20 && $5{x} >= 11 && -$4{y} >= 5 && -$2{x} >= -10 && $2{x} >= 1 ? 10
-$5{x} >= -20 && $5{x} >= 11 && -$4{y} >= -6 && $4{y} >= -4 && -$2{x} >= -10 && $2{x} >= 1 ? 4
-$5{x} >= -20 && $5{x} >= 11 && $4{y} == 7 && -$2{x} >= -10 && $2{x} >= 1 ? 10
-$5{x} >= -20 && $5{x} >= 11 && $4{y} >= 8 && -$2{x} >= -10 && $2{x} >= 1 ? 10
-$5{x} >= -30 && $5{x} >= 21 && -$4{y} >= 5 && -$2{x} >= -10 && $2{x} >= 1 ? 9
-$5{x} >= -30 && $5{x} >= 21 && -$4{y} >= -6 && $4{y} >= -4 && -$2{x} >= -10 && $2{x} >= 1 ? 4
-$5{x} >= -30 && $5{x} >= 21 && $4{y} == 7 && -$2{x} >= -10 && $2{x} >= 1 ? 9
-$5{x} >= -30 && $5{x} >= 21 && $4{y} >= 8 && -$2{x} >= -10 && $2{x} >= 1 ? 9
-$5{x} >= -40 && $5{x} >= 31 && -$4{y} >= 5 && -$2{x} >= -10 && $2{x} >= 1 ? 8
-$5{x} >= -40 && $5{x} >= 31 && -$4{y} >= -6 && $4{y} >= -4 && -$2{x} >= -10 && $2{x} >= 1 ? 4
-$5{x} >= -40 && $5{x} >= 31 && $4{y} == 7 && -$2{x} >= -10 && $2{x} >= 1 ? 8
-$5{x} >= -40 && $5{x} >= 31 && $4{y} >= 8 && -$2{x} >= -10 && $2{x} >= 1 ? 8
$5{x} >= 41 && -$4{y} >= 5 && -$2{x} >= -10 && $2{x} >= 1 ? 7
$5{x} >= 41 && -$4{y} >= -6 && $4{y} >= -4 && -$2{x} >= -10 && $2{x} >= 1 ? 4
$5{x} >= 41 && $4{y} == 7 && -$2{x} >= -10 && $2{x} >= 1 ? 7
$5{x} >= 41 && $4{y} >= 8 && -$2{x} >= -10 && $2{x} >= 1 ? 7

[50:]: -$5{x} >= -10 && $5{x} >= 1 && -$4{y} >= 5 && -$2{x} >= -10 && $2{x} >= 1 ? bottom
-$5{x} >= -10 && $5{x} >= 1 && -$4{y} >= -6 && $4{y} >= -4 && -$2{x} >= -10 && $2{x} >= 1 ? 4
-$5{x} >= -10 && $5{x} >= 1 && $4{y} == 7 && -$2{x} >= -10 && $2{x} >= 1 ? 13
-$5{x} >= -10 && $5{x} >= 1 && $4{y} >= 8 && -$2{x} >= -10 && $2{x} >= 1 ? 9$4{y}-6$5{x}+90
-$5{x} >= -20 && $5{x} >= 11 && -$4{y} >= 5 && -$2{x} >= -10 && $2{x} >= 1 ? 10
-$5{x} >= -20 && $5{x} >= 11 && -$4{y} >= -6 && $4{y} >= -4 && -$2{x} >= -10 && $2{x} >= 1 ? 4
-$5{x} >= -20 && $5{x} >= 11 && $4{y} == 7 && -$2{x} >= -10 && $2{x} >= 1 ? 10
-$5{x} >= -20 && $5{x} >= 11 && $4{y} >= 8 && -$2{x} >= -10 && $2{x} >= 1 ? 10
-$5{x} >= -30 && $5{x} >= 21 && -$4{y} >= 5 && -$2{x} >= -10 && $2{x} >= 1 ? 9
-$5{x} >= -30 && $5{x} >= 21 && -$4{y} >= -6 && $4{y} >= -4 && -$2{x} >= -10 && $2{x} >= 1 ? 4
-$5{x} >= -30 && $5{x} >= 21 && $4{y} == 7 && -$2{x} >= -10 && $2{x} >= 1 ? 9
-$5{x} >= -30 && $5{x} >= 21 && $4{y} >= 8 && -$2{x} >= -10 && $2{x} >= 1 ? 9
-$5{x} >= -40 && $5{x} >= 31 && -$4{y} >= 5 && -$2{x} >= -10 && $2{x} >= 1 ? 8
-$5{x} >= -40 && $5{x} >= 31 && -$4{y} >= -6 && $4{y} >= -4 && -$2{x} >= -10 && $2{x} >= 1 ? 4
-$5{x} >= -40 && $5{x} >= 31 && $4{y} == 7 && -$2{x} >= -10 && $2{x} >= 1 ? 8
-$5{x} >= -40 && $5{x} >= 31 && $4{y} >= 8 && -$2{x} >= -10 && $2{x} >= 1 ? 8
$5{x} >= 41 && -$4{y} >= 5 && -$2{x} >= -10 && $2{x} >= 1 ? 7
$5{x} >= 41 && -$4{y} >= -6 && $4{y} >= -4 && -$2{x} >= -10 && $2{x} >= 1 ? 4
$5{x} >= 41 && $4{y} == 7 && -$2{x} >= -10 && $2{x} >= 1 ? 7
$5{x} >= 41 && $4{y} >= 8 && -$2{x} >= -10 && $2{x} >= 1 ? 7

[51:]: -$5{x} >= -10 && $5{x} >= 1 && -$4{y} >= 5 && -$2{x} >= -10 && $2{x} >= 1 && $1{$1} == 1 ? bottom
-$5{x} >= -10 && $5{x} >= 1 && -$4{y} >= -6 && $4{y} >= -4 && -$2{x} >= -10 && $2{x} >= 1 && $1{$1} == 1 ? 3
-$5{x} >= -10 && $5{x} >= 1 && $4{y} == 7 && -$2{x} >= -10 && $2{x} >= 1 && $1{$1} == 1 ? 12
-$5{x} >= -10 && $5{x} >= 1 && $4{y} >= 8 && -$2{x} >= -10 && $2{x} >= 1 && $1{$1} == 1 ? -9$1{$1}+9$4{y}-6$5{x}+98
-$5{x} >= -20 && $5{x} >= 11 && -$4{y} >= 5 && -$2{x} >= -10 && $2{x} >= 1 && $1{$1} == 1 ? 9
-$5{x} >= -20 && $5{x} >= 11 && -$4{y} >= -6 && $4{y} >= -4 && -$2{x} >= -10 && $2{x} >= 1 && $1{$1} == 1 ? 3
-$5{x} >= -20 && $5{x} >= 11 && $4{y} == 7 && -$2{x} >= -10 && $2{x} >= 1 && $1{$1} == 1 ? 9
-$5{x} >= -20 && $5{x} >= 11 && $4{y} >= 8 && -$2{x} >= -10 && $2{x} >= 1 && $1{$1} == 1 ? 9
-$5{x} >= -30 && $5{x} >= 21 && -$4{y} >= 5 && -$2{x} >= -10 && $2{x} >= 1 && $1{$1} == 1 ? 8
-$5{x} >= -30 && $5{x} >= 21 && -$4{y} >= -6 && $4{y} >= -4 && -$2{x} >= -10 && $2{x} >= 1 && $1{$1} == 1 ? 3
-$5{x} >= -30 && $5{x} >= 21 && $4{y} == 7 && -$2{x} >= -10 && $2{x} >= 1 && $1{$1} == 1 ? 8
-$5{x} >= -30 && $5{x} >= 21 && $4{y} >= 8 && -$2{x} >= -10 && $2{x} >= 1 && $1{$1} == 1 ? 8
-$5{x} >= -40 && $5{x} >= 31 && -$4{y} >= 5 && -$2{x} >= -10 && $2{x} >= 1 && $1{$1} == 1 ? 7
-$5{x} >= -40 && $5{x} >= 31 && -$4{y} >= -6 && $4{y} >= -4 && -$2{x} >= -10 && $2{x} >= 1 && $1{$1} == 1 ? 3
-$5{x} >= -40 && $5{x} >= 31 && $4{y} == 7 && -$2{x} >= -10 && $2{x} >= 1 && $1{$1} == 1 ? 7
-$5{x} >= -40 && $5{x} >= 31 && $4{y} >= 8 && -$2{x} >= -10 && $2{x} >= 1 && $1{$1} == 1 ? 7
$5{x} >= 41 && -$4{y} >= 5 && -$2{x} >= -10 && $2{x} >= 1 && $1{$1} == 1 ? 6
$5{x} >= 41 && -$4{y} >= -6 && $4{y} >= -4 && -$2{x} >= -10 && $2{x} >= 1 && $1{$1} == 1 ? 3
$5{x} >= 41 && $4{y} == 7 && -$2{x} >= -10 && $2{x} >= 1 && $1{$1} == 1 ? 6
$5{x} >= 41 && $4{y} >= 8 && -$2{x} >= -10 && $2{x} >= 1 && $1{$1} == 1 ? 6

[52:]: -$5{x} >= -10 && $5{x} >= 1 && -$4{y} >= 6 && -$2{x} >= -10 && $2{x} >= 1 && $1{$1} == 1 ? bottom
-$5{x} >= -10 && $5{x} >= 1 && -$4{y} >= -5 && $4{y} >= -5 && -$2{x} >= -10 && $2{x} >= 1 && $1{$1} == 1 ? 2
-$5{x} >= -10 && $5{x} >= 1 && $4{y} == 6 && -$2{x} >= -10 && $2{x} >= 1 && $1{$1} == 1 ? 11
-$5{x} >= -10 && $5{x} >= 1 && $4{y} >= 7 && -$2{x} >= -10 && $2{x} >= 1 && $1{$1} == 1 ? 9$4{y}-6$5{x}+97
-$5{x} >= -20 && $5{x} >= 11 && -$4{y} >= 6 && -$2{x} >= -10 && $2{x} >= 1 && $1{$1} == 1 ? 8
-$5{x} >= -20 && $5{x} >= 11 && -$4{y} >= -5 && $4{y} >= -5 && -$2{x} >= -10 && $2{x} >= 1 && $1{$1} == 1 ? 2
-$5{x} >= -20 && $5{x} >= 11 && $4{y} == 6 && -$2{x} >= -10 && $2{x} >= 1 && $1{$1} == 1 ? 8
-$5{x} >= -20 && $5{x} >= 11 && $4{y} >= 7 && -$2{x} >= -10 && $2{x} >= 1 && $1{$1} == 1 ? 8
-$5{x} >= -30 && $5{x} >= 21 && -$4{y} >= 6 && -$2{x} >= -10 && $2{x} >= 1 && $1{$1} == 1 ? 7
-$5{x} >= -30 && $5{x} >= 21 && -$4{y} >= -5 && $4{y} >= -5 && -$2{x} >= -10 && $2{x} >= 1 && $1{$1} == 1 ? 2
-$5{x} >= -30 && $5{x} >= 21 && $4{y} == 6 && -$2{x} >= -10 && $2{x} >= 1 && $1{$1} == 1 ? 7
-$5{x} >= -30 && $5{x} >= 21 && $4{y} >= 7 && -$2{x} >= -10 && $2{x} >= 1 && $1{$1} == 1 ? 7
-$5{x} >= -40 && $5{x} >= 31 && -$4{y} >= 6 && -$2{x} >= -10 && $2{x} >= 1 && $1{$1} == 1 ? 6
-$5{x} >= -40 && $5{x} >= 31 && -$4{y} >= -5 && $4{y} >= -5 && -$2{x} >= -10 && $2{x} >= 1 && $1{$1} == 1 ? 2
-$5{x} >= -40 && $5{x} >= 31 && $4{y} == 6 && -$2{x} >= -10 && $2{x} >= 1 && $1{$1} == 1 ? 6
-$5{x} >= -40 && $5{x} >= 31 && $4{y} >= 7 && -$2{x} >= -10 && $2{x} >= 1 && $1{$1} == 1 ? 6
$5{x} >= 41 && -$4{y} >= 6 && -$2{x} >= -10 && $2{x} >= 1 && $1{$1} == 1 ? 5
$5{x} >= 41 && -$4{y} >= -5 && $4{y} >= -5 && -$2{x} >= -10 && $2{x} >= 1 && $1{$1} == 1 ? 2
$5{x} >= 41 && $4{y} == 6 && -$2{x} >= -10 && $2{x} >= 1 && $1{$1} == 1 ? 5
$5{x} >= 41 && $4{y} >= 7 && -$2{x} >= -10 && $2{x} >= 1 && $1{$1} == 1 ? 5

[53:]: -$5{x} >= 41 && -$4{y} >= 8 ? 3
-$5{x} >= 41 && $4{y} == -7 ? 3
-$5{x} >= 41 && -$4{y} >= -4 && $4{y} >= -6 ? 3
-$5{x} >= 41 && $4{y} >= 5 ? 3
-$5{x} >= 31 && $5{x} >= -40 && -$4{y} >= 8 ? 4
-$5{x} >= 31 && $5{x} >= -40 && $4{y} == -7 ? 4
-$5{x} >= 31 && $5{x} >= -40 && -$4{y} >= -4 && $4{y} >= -6 ? 4
-$5{x} >= 31 && $5{x} >= -40 && $4{y} >= 5 ? 4
-$5{x} >= 21 && $5{x} >= -30 && -$4{y} >= 8 ? 5
-$5{x} >= 21 && $5{x} >= -30 && $4{y} == -7 ? 5
-$5{x} >= 21 && $5{x} >= -30 && -$4{y} >= -4 && $4{y} >= -6 ? 5
-$5{x} >= 21 && $5{x} >= -30 && $4{y} >= 5 ? 5
-$5{x} >= 11 && $5{x} >= -20 && -$4{y} >= 8 ? 6
-$5{x} >= 11 && $5{x} >= -20 && $4{y} == -7 ? 6
-$5{x} >= 11 && $5{x} >= -20 && -$4{y} >= -4 && $4{y} >= -6 ? 6
-$5{x} >= 11 && $5{x} >= -20 && $4{y} >= 5 ? 6
-$5{x} >= 0 && $5{x} >= -10 && -$4{y} >= 8 ? -9$4{y}+6$5{x}+95
-$5{x} >= 0 && $5{x} >= -10 && $4{y} == -7 ? 18
-$5{x} >= 0 && $5{x} >= -10 && -$4{y} >= -4 && $4{y} >= -6 ? 9
-$5{x} >= 0 && $5{x} >= -10 && $4{y} >= 5 ? bottom

[54:]: -$5{x} >= 41 && -$4{y} >= 8 && -$2{x} >= -10 && $2{x} >= 0 ? 11
-$5{x} >= 41 && -$4{y} >= 8 && -$2{x} >= -20 && $2{x} >= 11 ? 5
-$5{x} >= 41 && -$4{y} >= 8 && -$2{x} >= -30 && $2{x} >= 21 ? 4
-$5{x} >= 41 && -$4{y} >= 8 && -$2{x} >= -40 && $2{x} >= 31 ? 3
-$5{x} >= 41 && -$4{y} >= 8 && $2{x} >= 41 ? 2
-$5{x} >= 41 && $4{y} == -7 && -$2{x} >= -10 && $2{x} >= 0 ? 11
-$5{x} >= 41 && $4{y} == -7 && -$2{x} >= -20 && $2{x} >= 11 ? 5
-$5{x} >= 41 && $4{y} == -7 && -$2{x} >= -30 && $2{x} >= 21 ? 4
-$5{x} >= 41 && $4{y} == -7 && -$2{x} >= -40 && $2{x} >= 31 ? 3
-$5{x} >= 41 && $4{y} == -7 && $2{x} >= 41 ? 2
-$5{x} >= 41 && -$4{y} >= -4 && $4{y} >= -6 && -$2{x} >= -10 && $2{x} >= 0 ? 8
-$5{x} >= 41 && -$4{y} >= -4 && $4{y} >= -6 && -$2{x} >= -20 && $2{x} >= 11 ? 5
-$5{x} >= 41 && -$4{y} >= -4 && $4{y} >= -6 && -$2{x} >= -30 && $2{x} >= 21 ? 4
-$5{x} >= 41 && -$4{y} >= -4 && $4{y} >= -6 && -$2{x} >= -40 && $2{x} >= 31 ? 3
-$5{x} >= 41 && -$4{y} >= -4 && $4{y} >= -6 && $2{x} >= 41 ? 2
-$5{x} >= 41 && $4{y} >= 5 && -$2{x} >= -10 && $2{x} >= 0 ? 11
-$5{x} >= 41 && $4{y} >= 5 && -$2{x} >= -20 && $2{x} >= 11 ? 5
-$5{x} >= 41 && $4{y} >= 5 && -$2{x} >= -30 && $2{x} >= 21 ? 4
-$5{x} >= 41 && $4{y} >= 5 && -$2{x} >= -40 && $2{x} >= 31 ? 3
-$5{x} >= 41 && $4{y} >= 5 && $2{x} >= 41 ? 2
-$5{x} >= 31 && $5{x} >= -40 && -$4{y} >= 8 && -$2{x} >= -10 && $2{x} >= 0 ? 12
-$5{x} >= 31 && $5{x} >= -40 && -$4{y} >= 8 && -$2{x} >= -20 && $2{x} >= 11 ? 5
-$5{x} >= 31 && $5{x} >= -40 && -$4{y} >= 8 && -$2{x} >= -30 && $2{x} >= 21 ? 4
-$5{x} >= 31 && $5{x} >= -40 && -$4{y} >= 8 && -$2{x} >= -40 && $2{x} >= 31 ? 3
-$5{x} >= 31 && $5{x} >= -40 && -$4{y} >= 8 && $2{x} >= 41 ? 2
-$5{x} >= 31 && $5{x} >= -40 && $4{y} == -7 && -$2{x} >= -10 && $2{x} >= 0 ? 12
-$5{x} >= 31 && $5{x} >= -40 && $4{y} == -7 && -$2{x} >= -20 && $2{x} >= 11 ? 5
-$5{x} >= 31 && $5{x} >= -40 && $4{y} == -7 && -$2{x} >= -30 && $2{x} >= 21 ? 4
-$5{x} >= 31 && $5{x} >= -40 && $4{y} == -7 && -$2{x} >= -40 && $2{x} >= 31 ? 3
-$5{x} >= 31 && $5{x} >= -40 && $4{y} == -7 && $2{x} >= 41 ? 2
-$5{x} >= 31 && $5{x} >= -40 && -$4{y} >= -4 && $4{y} >= -6 && -$2{x} >= -10 && $2{x} >= 0 ? 8
-$5{x} >= 31 && $5{x} >= -40 && -$4{y} >= -4 && $4{y} >= -6 && -$2{x} >= -20 && $2{x} >= 11 ? 5
-$5{x} >= 31 && $5{x} >= -40 && -$4{y} >= -4 && $4{y} >= -6 && -$2{x} >= -30 && $2{x} >= 21 ? 4
-$5{x} >= 31 && $5{x} >= -40 && -$4{y} >= -4 && $4{y} >= -6 && -$2{x} >= -40 && $2{x} >= 31 ? 3
-$5{x} >= 31 && $5{x} >= -40 && -$4{y} >= -4 && $4{y} >= -6 && $2{x} >= 41 ? 2
-$5{x} >= 31 && $5{x} >= -40 && $4{y} >= 5 && -$2{x} >= -10 && $2{x} >= 0 ? 12
-$5{x} >= 31 && $5{x} >= -40 && $4{y} >= 5 && -$2{x} >= -20 && $2{x} >= 11 ? 5
-$5{x} >= 31 && $5{x} >= -40 && $4{y} >= 5 && -$2{x} >= -30 && $2{x} >= 21 ? 4
-$5{x} >= 31 && $5{x} >= -40 && $4{y} >= 5 && -$2{x} >= -40 && $2{x} >= 31 ? 3
-$5{x} >= 31 && $5{x} >= -40 && $4{y} >= 5 && $2{x} >= 41 ? 2
-$5{x} >= 21 && $5{x} >= -30 && -$4{y} >= 8 && -$2{x} >= -10 && $2{x} >= 0 ? 13
-$5{x} >= 21 && $5{x} >= -30 && -$4{y} >= 8 && -$2{x} >= -20 && $2{x} >= 11 ? 5
-$5{x} >= 21 && $5{x} >= -30 && -$4{y} >= 8 && -$2{x} >= -30 && $2{x} >= 21 ? 4
-$5{x} >= 21 && $5{x} >= -30 && -$4{y} >= 8 && -$2{x} >= -40 && $2{x} >= 31 ? 3
-$5{x} >= 21 && $5{x} >= -30 && -$4{y} >= 8 && $2{x} >= 41 ? 2
-$5{x} >= 21 && $5{x} >= -30 && $4{y} == -7 && -$2{x} >= -10 && $2{x} >= 0 ? 13
-$5{x} >= 21 && $5{x} >= -30 && $4{y} == -7 && -$2{x} >= -20 && $2{x} >= 11 ? 5
-$5{x} >= 21 && $5{x} >= -30 && $4{y} == -7 && -$2{x} >= -30 && $2{x} >= 21 ? 4
-$5{x} >= 21 && $5{x} >= -30 && $4{y} == -7 && -$2{x} >= -40 && $2{x} >= 31 ? 3
-$5{x} >= 21 && $5{x} >= -30 && $4{y} == -7 && $2{x} >= 41 ? 2
-$5{x} >= 21 && $5{x} >= -30 && -$4{y} >= -4 && $4{y} >= -6 && -$2{x} >= -10 && $2{x} >= 0 ? 8
-$5{x} >= 21 && $5{x} >= -30 && -$4{y} >= -4 && $4{y} >= -6 && -$2{x} >= -20 && $2{x} >= 11 ? 5
-$5{x} >= 21 && $5{x} >= -30 && -$4{y} >= -4 && $4{y} >= -6 && -$2{x} >= -30 && $2{x} >= 21 ? 4
-$5{x} >= 21 && $5{x} >= -30 && -$4{y} >= -4 && $4{y} >= -6 && -$2{x} >= -40 && $2{x} >= 31 ? 3
-$5{x} >= 21 && $5{x} >= -30 && -$4{y} >= -4 && $4{y} >= -6 && $2{x} >= 41 ? 2
-$5{x} >= 21 && $5{x} >= -30 && $4{y} >= 5 && -$2{x} >= -10 && $2{x} >= 0 ? 13
-$5{x} >= 21 && $5{x} >= -30 && $4{y} >= 5 && -$2{x} >= -20 && $2{x} >= 11 ? 5
-$5{x} >= 21 && $5{x} >= -30 && $4{y} >= 5 && -$2{x} >= -30 && $2{x} >= 21 ? 4
-$5{x} >= 21 && $5{x} >= -30 && $4{y} >= 5 && -$2{x} >= -40 && $2{x} >= 31 ? 3
-$5{x} >= 21 && $5{x} >= -30 && $4{y} >= 5 && $2{x} >= 41 ? 2
-$5{x} >= 11 && $5{x} >= -20 && -$4{y} >= 8 && -$2{x} >= -10 && $2{x} >= 0 ? 14
-$5{x} >= 11 && $5{x} >= -20 && -$4{y} >= 8 && -$2{x} >= -20 && $2{x} >= 11 ? 5
-$5{x} >= 11 && $5{x} >= -20 && -$4{y} >= 8 && -$2{x} >= -30 && $2{x} >= 21 ? 4
-$5{x} >= 11 && $5{x} >= -20 && -$4{y} >= 8 && -$2{x} >= -40 && $2{x} >= 31 ? 3
-$5{x} >= 11 && $5{x} >= -20 && -$4{y} >= 8 && $2{x} >= 41 ? 2
-$5{x} >= 11 && $5{x} >= -20 && $4{y} == -7 && -$2{x} >= -10 && $2{x} >= 0 ? 14
-$5{x} >= 11 && $5{x} >= -20 && $4{y} == -7 && -$2{x} >= -20 && $2{x} >= 11 ? 5
-$5{x} >= 11 && $5{x} >= -20 && $4{y} == -7 && -$2{x} >= -30 && $2{x} >= 21 ? 4
-$5{x} >= 11 && $5{x} >= -20 && $4{y} == -7 && -$2{x} >= -40 && $2{x} >= 31 ? 3
-$5{x} >= 11 && $5{x} >= -20 && $4{y} == -7 && $2{x} >= 41 ? 2
-$5{x} >= 11 && $5{x} >= -20 && -$4{y} >= -4 && $4{y} >= -6 && -$2{x} >= -10 && $2{x} >= 0 ? 8
-$5{x} >= 11 && $5{x} >= -20 && -$4{y} >= -4 && $4{y} >= -6 && -$2{x} >= -20 && $2{x} >= 11 ? 5
-$5{x} >= 11 && $5{x} >= -20 && -$4{y} >= -4 && $4{y} >= -6 && -$2{x} >= -30 && $2{x} >= 21 ? 4
-$5{x} >= 11 && $5{x} >= -20 && -$4{y} >= -4 && $4{y} >= -6 && -$2{x} >= -40 && $2{x} >= 31 ? 3
-$5{x} >= 11 && $5{x} >= -20 && -$4{y} >= -4 && $4{y} >= -6 && $2{x} >= 41 ? 2
-$5{x} >= 11 && $5{x} >= -20 && $4{y} >= 5 && -$2{x} >= -10 && $2{x} >= 0 ? 14
-$5{x} >= 11 && $5{x} >= -20 && $4{y} >= 5 && -$2{x} >= -20 && $2{x} >= 11 ? 5
-$5{x} >= 11 && $5{x} >= -20 && $4{y} >= 5 && -$2{x} >= -30 && $2{x} >= 21 ? 4
-$5{x} >= 11 && $5{x} >= -20 && $4{y} >= 5 && -$2{x} >= -40 && $2{x} >= 31 ? 3
-$5{x} >= 11 && $5{x} >= -20 && $4{y} >= 5 && $2{x} >= 41 ? 2
-$5{x} >= 0 && $5{x} >= -10 && -$4{y} >= 8 && -$2{x} >= -10 && $2{x} >= 0 ? -9$4{y}+6$5{x}+94
-$5{x} >= 0 && $5{x} >= -10 && -$4{y} >= 8 && -$2{x} >= -20 && $2{x} >= 11 ? 5
-$5{x} >= 0 && $5{x} >= -10 && -$4{y} >= 8 && -$2{x} >= -30 && $2{x} >= 21 ? 4
-$5{x} >= 0 && $5{x} >= -10 && -$4{y} >= 8 && -$2{x} >= -40 && $2{x} >= 31 ? 3
-$5{x} >= 0 && $5{x} >= -10 && -$4{y} >= 8 && $2{x} >= 41 ? 2
-$5{x} >= 0 && $5{x} >= -10 && $4{y} == -7 && -$2{x} >= -10 && $2{x} >= 0 ? 17
-$5{x} >= 0 && $5{x} >= -10 && $4{y} == -7 && -$2{x} >= -20 && $2{x} >= 11 ? 5
-$5{x} >= 0 && $5{x} >= -10 && $4{y} == -7 && -$2{x} >= -30 && $2{x} >= 21 ? 4
-$5{x} >= 0 && $5{x} >= -10 && $4{y} == -7 && -$2{x} >= -40 && $2{x} >= 31 ? 3
-$5{x} >= 0 && $5{x} >= -10 && $4{y} == -7 && $2{x} >= 41 ? 2
-$5{x} >= 0 && $5{x} >= -10 && -$4{y} >= -4 && $4{y} >= -6 && -$2{x} >= -10 && $2{x} >= 0 ? 8
-$5{x} >= 0 && $5{x} >= -10 && -$4{y} >= -4 && $4{y} >= -6 && -$2{x} >= -20 && $2{x} >= 11 ? 5
-$5{x} >= 0 && $5{x} >= -10 && -$4{y} >= -4 && $4{y} >= -6 && -$2{x} >= -30 && $2{x} >= 21 ? 4
-$5{x} >= 0 && $5{x} >= -10 && -$4{y} >= -4 && $4{y} >= -6 && -$2{x} >= -40 && $2{x} >= 31 ? 3
-$5{x} >= 0 && $5{x} >= -10 && -$4{y} >= -4 && $4{y} >= -6 && $2{x} >= 41 ? 2
-$5{x} >= 0 && $5{x} >= -10 && $4{y} >= 5 && -$2{x} >= -10 && $2{x} >= 0 ? bottom
-$5{x} >= 0 && $5{x} >= -10 && $4{y} >= 5 && -$2{x} >= -20 && $2{x} >= 11 ? 5
-$5{x} >= 0 && $5{x} >= -10 && $4{y} >= 5 && -$2{x} >= -30 && $2{x} >= 21 ? 4
-$5{x} >= 0 && $5{x} >= -10 && $4{y} >= 5 && -$2{x} >= -40 && $2{x} >= 31 ? 3
-$5{x} >= 0 && $5{x} >= -10 && $4{y} >= 5 && $2{x} >= 41 ? 2

[55:]: -$5{x} >= 0 && $2{x} >= 41 ? 1

[56:]: -$5{x} >= 0 && $2{x} >= 41 && $1{$1} == 5 ? 0.

[57:]: 
[58:]: -$5{x} >= 41 && -$4{y} >= 8 && -$2{x} >= -10 && $2{x} >= 0 ? 10
-$5{x} >= 41 && -$4{y} >= 8 && -$2{x} >= -20 && $2{x} >= 11 ? 4
-$5{x} >= 41 && -$4{y} >= 8 && -$2{x} >= -30 && $2{x} >= 21 ? 3
-$5{x} >= 41 && -$4{y} >= 8 && -$2{x} >= -40 && $2{x} >= 31 ? 2
-$5{x} >= 41 && $4{y} == -7 && -$2{x} >= -10 && $2{x} >= 0 ? 10
-$5{x} >= 41 && $4{y} == -7 && -$2{x} >= -20 && $2{x} >= 11 ? 4
-$5{x} >= 41 && $4{y} == -7 && -$2{x} >= -30 && $2{x} >= 21 ? 3
-$5{x} >= 41 && $4{y} == -7 && -$2{x} >= -40 && $2{x} >= 31 ? 2
-$5{x} >= 41 && -$4{y} >= -4 && $4{y} >= -6 && -$2{x} >= -10 && $2{x} >= 0 ? 7
-$5{x} >= 41 && -$4{y} >= -4 && $4{y} >= -6 && -$2{x} >= -20 && $2{x} >= 11 ? 4
-$5{x} >= 41 && -$4{y} >= -4 && $4{y} >= -6 && -$2{x} >= -30 && $2{x} >= 21 ? 3
-$5{x} >= 41 && -$4{y} >= -4 && $4{y} >= -6 && -$2{x} >= -40 && $2{x} >= 31 ? 2
-$5{x} >= 41 && $4{y} >= 5 && -$2{x} >= -10 && $2{x} >= 0 ? 10
-$5{x} >= 41 && $4{y} >= 5 && -$2{x} >= -20 && $2{x} >= 11 ? 4
-$5{x} >= 41 && $4{y} >= 5 && -$2{x} >= -30 && $2{x} >= 21 ? 3
-$5{x} >= 41 && $4{y} >= 5 && -$2{x} >= -40 && $2{x} >= 31 ? 2
-$5{x} >= 31 && $5{x} >= -40 && -$4{y} >= 8 && -$2{x} >= -10 && $2{x} >= 0 ? 11
-$5{x} >= 31 && $5{x} >= -40 && -$4{y} >= 8 && -$2{x} >= -20 && $2{x} >= 11 ? 4
-$5{x} >= 31 && $5{x} >= -40 && -$4{y} >= 8 && -$2{x} >= -30 && $2{x} >= 21 ? 3
-$5{x} >= 31 && $5{x} >= -40 && -$4{y} >= 8 && -$2{x} >= -40 && $2{x} >= 31 ? 2
-$5{x} >= 31 && $5{x} >= -40 && $4{y} == -7 && -$2{x} >= -10 && $2{x} >= 0 ? 11
-$5{x} >= 31 && $5{x} >= -40 && $4{y} == -7 && -$2{x} >= -20 && $2{x} >= 11 ? 4
-$5{x} >= 31 && $5{x} >= -40 && $4{y} == -7 && -$2{x} >= -30 && $2{x} >= 21 ? 3
-$5{x} >= 31 && $5{x} >= -40 && $4{y} == -7 && -$2{x} >= -40 && $2{x} >= 31 ? 2
-$5{x} >= 31 && $5{x} >= -40 && -$4{y} >= -4 && $4{y} >= -6 && -$2{x} >= -10 && $2{x} >= 0 ? 7
-$5{x} >= 31 && $5{x} >= -40 && -$4{y} >= -4 && $4{y} >= -6 && -$2{x} >= -20 && $2{x} >= 11 ? 4
-$5{x} >= 31 && $5{x} >= -40 && -$4{y} >= -4 && $4{y} >= -6 && -$2{x} >= -30 && $2{x} >= 21 ? 3
-$5{x} >= 31 && $5{x} >= -40 && -$4{y} >= -4 && $4{y} >= -6 && -$2{x} >= -40 && $2{x} >= 31 ? 2
-$5{x} >= 31 && $5{x} >= -40 && $4{y} >= 5 && -$2{x} >= -10 && $2{x} >= 0 ? 11
-$5{x} >= 31 && $5{x} >= -40 && $4{y} >= 5 && -$2{x} >= -20 && $2{x} >= 11 ? 4
-$5{x} >= 31 && $5{x} >= -40 && $4{y} >= 5 && -$2{x} >= -30 && $2{x} >= 21 ? 3
-$5{x} >= 31 && $5{x} >= -40 && $4{y} >= 5 && -$2{x} >= -40 && $2{x} >= 31 ? 2
-$5{x} >= 21 && $5{x} >= -30 && -$4{y} >= 8 && -$2{x} >= -10 && $2{x} >= 0 ? 12
-$5{x} >= 21 && $5{x} >= -30 && -$4{y} >= 8 && -$2{x} >= -20 && $2{x} >= 11 ? 4
-$5{x} >= 21 && $5{x} >= -30 && -$4{y} >= 8 && -$2{x} >= -30 && $2{x} >= 21 ? 3
-$5{x} >= 21 && $5{x} >= -30 && -$4{y} >= 8 && -$2{x} >= -40 && $2{x} >= 31 ? 2
-$5{x} >= 21 && $5{x} >= -30 && $4{y} == -7 && -$2{x} >= -10 && $2{x} >= 0 ? 12
-$5{x} >= 21 && $5{x} >= -30 && $4{y} == -7 && -$2{x} >= -20 && $2{x} >= 11 ? 4
-$5{x} >= 21 && $5{x} >= -30 && $4{y} == -7 && -$2{x} >= -30 && $2{x} >= 21 ? 3
-$5{x} >= 21 && $5{x} >= -30 && $4{y} == -7 && -$2{x} >= -40 && $2{x} >= 31 ? 2
-$5{x} >= 21 && $5{x} >= -30 && -$4{y} >= -4 && $4{y} >= -6 && -$2{x} >= -10 && $2{x} >= 0 ? 7
-$5{x} >= 21 && $5{x} >= -30 && -$4{y} >= -4 && $4{y} >= -6 && -$2{x} >= -20 && $2{x} >= 11 ? 4
-$5{x} >= 21 && $5{x} >= -30 && -$4{y} >= -4 && $4{y} >= -6 && -$2{x} >= -30 && $2{x} >= 21 ? 3
-$5{x} >= 21 && $5{x} >= -30 && -$4{y} >= -4 && $4{y} >= -6 && -$2{x} >= -40 && $2{x} >= 31 ? 2
-$5{x} >= 21 && $5{x} >= -30 && $4{y} >= 5 && -$2{x} >= -10 && $2{x} >= 0 ? 12
-$5{x} >= 21 && $5{x} >= -30 && $4{y} >= 5 && -$2{x} >= -20 && $2{x} >= 11 ? 4
-$5{x} >= 21 && $5{x} >= -30 && $4{y} >= 5 && -$2{x} >= -30 && $2{x} >= 21 ? 3
-$5{x} >= 21 && $5{x} >= -30 && $4{y} >= 5 && -$2{x} >= -40 && $2{x} >= 31 ? 2
-$5{x} >= 11 && $5{x} >= -20 && -$4{y} >= 8 && -$2{x} >= -10 && $2{x} >= 0 ? 13
-$5{x} >= 11 && $5{x} >= -20 && -$4{y} >= 8 && -$2{x} >= -20 && $2{x} >= 11 ? 4
-$5{x} >= 11 && $5{x} >= -20 && -$4{y} >= 8 && -$2{x} >= -30 && $2{x} >= 21 ? 3
-$5{x} >= 11 && $5{x} >= -20 && -$4{y} >= 8 && -$2{x} >= -40 && $2{x} >= 31 ? 2
-$5{x} >= 11 && $5{x} >= -20 && $4{y} == -7 && -$2{x} >= -10 && $2{x} >= 0 ? 13
-$5{x} >= 11 && $5{x} >= -20 && $4{y} == -7 && -$2{x} >= -20 && $2{x} >= 11 ? 4
-$5{x} >= 11 && $5{x} >= -20 && $4{y} == -7 && -$2{x} >= -30 && $2{x} >= 21 ? 3
-$5{x} >= 11 && $5{x} >= -20 && $4{y} == -7 && -$2{x} >= -40 && $2{x} >= 31 ? 2
-$5{x} >= 11 && $5{x} >= -20 && -$4{y} >= -4 && $4{y} >= -6 && -$2{x} >= -10 && $2{x} >= 0 ? 7
-$5{x} >= 11 && $5{x} >= -20 && -$4{y} >= -4 && $4{y} >= -6 && -$2{x} >= -20 && $2{x} >= 11 ? 4
-$5{x} >= 11 && $5{x} >= -20 && -$4{y} >= -4 && $4{y} >= -6 && -$2{x} >= -30 && $2{x} >= 21 ? 3
-$5{x} >= 11 && $5{x} >= -20 && -$4{y} >= -4 && $4{y} >= -6 && -$2{x} >= -40 && $2{x} >= 31 ? 2
-$5{x} >= 11 && $5{x} >= -20 && $4{y} >= 5 && -$2{x} >= -10 && $2{x} >= 0 ? 13
-$5{x} >= 11 && $5{x} >= -20 && $4{y} >= 5 && -$2{x} >= -20 && $2{x} >= 11 ? 4
-$5{x} >= 11 && $5{x} >= -20 && $4{y} >= 5 && -$2{x} >= -30 && $2{x} >= 21 ? 3
-$5{x} >= 11 && $5{x} >= -20 && $4{y} >= 5 && -$2{x} >= -40 && $2{x} >= 31 ? 2
-$5{x} >= 0 && $5{x} >= -10 && -$4{y} >= 8 && -$2{x} >= -10 && $2{x} >= 0 ? -9$4{y}+6$5{x}+93
-$5{x} >= 0 && $5{x} >= -10 && -$4{y} >= 8 && -$2{x} >= -20 && $2{x} >= 11 ? 4
-$5{x} >= 0 && $5{x} >= -10 && -$4{y} >= 8 && -$2{x} >= -30 && $2{x} >= 21 ? 3
-$5{x} >= 0 && $5{x} >= -10 && -$4{y} >= 8 && -$2{x} >= -40 && $2{x} >= 31 ? 2
-$5{x} >= 0 && $5{x} >= -10 && $4{y} == -7 && -$2{x} >= -10 && $2{x} >= 0 ? 16
-$5{x} >= 0 && $5{x} >= -10 && $4{y} == -7 && -$2{x} >= -20 && $2{x} >= 11 ? 4
-$5{x} >= 0 && $5{x} >= -10 && $4{y} == -7 && -$2{x} >= -30 && $2{x} >= 21 ? 3
-$5{x} >= 0 && $5{x} >= -10 && $4{y} == -7 && -$2{x} >= -40 && $2{x} >= 31 ? 2
-$5{x} >= 0 && $5{x} >= -10 && -$4{y} >= -4 && $4{y} >= -6 && -$2{x} >= -10 && $2{x} >= 0 ? 7
-$5{x} >= 0 && $5{x} >= -10 && -$4{y} >= -4 && $4{y} >= -6 && -$2{x} >= -20 && $2{x} >= 11 ? 4
-$5{x} >= 0 && $5{x} >= -10 && -$4{y} >= -4 && $4{y} >= -6 && -$2{x} >= -30 && $2{x} >= 21 ? 3
-$5{x} >= 0 && $5{x} >= -10 && -$4{y} >= -4 && $4{y} >= -6 && -$2{x} >= -40 && $2{x} >= 31 ? 2
-$5{x} >= 0 && $5{x} >= -10 && $4{y} >= 5 && -$2{x} >= -10 && $2{x} >= 0 ? bottom
-$5{x} >= 0 && $5{x} >= -10 && $4{y} >= 5 && -$2{x} >= -20 && $2{x} >= 11 ? 4
-$5{x} >= 0 && $5{x} >= -10 && $4{y} >= 5 && -$2{x} >= -30 && $2{x} >= 21 ? 3
-$5{x} >= 0 && $5{x} >= -10 && $4{y} >= 5 && -$2{x} >= -40 && $2{x} >= 31 ? 2

[59:]: -$5{x} >= 0 && -$2{x} >= -40 && $2{x} >= 31 ? 1

[60:]: -$5{x} >= 0 && -$2{x} >= -40 && $2{x} >= 31 && $1{$1} == 4 ? 0.

[61:]: 
[62:]: -$5{x} >= 41 && -$4{y} >= 8 && -$2{x} >= -10 && $2{x} >= 0 ? 9
-$5{x} >= 41 && -$4{y} >= 8 && -$2{x} >= -20 && $2{x} >= 11 ? 3
-$5{x} >= 41 && -$4{y} >= 8 && -$2{x} >= -30 && $2{x} >= 21 ? 2
-$5{x} >= 41 && $4{y} == -7 && -$2{x} >= -10 && $2{x} >= 0 ? 9
-$5{x} >= 41 && $4{y} == -7 && -$2{x} >= -20 && $2{x} >= 11 ? 3
-$5{x} >= 41 && $4{y} == -7 && -$2{x} >= -30 && $2{x} >= 21 ? 2
-$5{x} >= 41 && -$4{y} >= -4 && $4{y} >= -6 && -$2{x} >= -10 && $2{x} >= 0 ? 6
-$5{x} >= 41 && -$4{y} >= -4 && $4{y} >= -6 && -$2{x} >= -20 && $2{x} >= 11 ? 3
-$5{x} >= 41 && -$4{y} >= -4 && $4{y} >= -6 && -$2{x} >= -30 && $2{x} >= 21 ? 2
-$5{x} >= 41 && $4{y} >= 5 && -$2{x} >= -10 && $2{x} >= 0 ? 9
-$5{x} >= 41 && $4{y} >= 5 && -$2{x} >= -20 && $2{x} >= 11 ? 3
-$5{x} >= 41 && $4{y} >= 5 && -$2{x} >= -30 && $2{x} >= 21 ? 2
-$5{x} >= 31 && $5{x} >= -40 && -$4{y} >= 8 && -$2{x} >= -10 && $2{x} >= 0 ? 10
-$5{x} >= 31 && $5{x} >= -40 && -$4{y} >= 8 && -$2{x} >= -20 && $2{x} >= 11 ? 3
-$5{x} >= 31 && $5{x} >= -40 && -$4{y} >= 8 && -$2{x} >= -30 && $2{x} >= 21 ? 2
-$5{x} >= 31 && $5{x} >= -40 && $4{y} == -7 && -$2{x} >= -10 && $2{x} >= 0 ? 10
-$5{x} >= 31 && $5{x} >= -40 && $4{y} == -7 && -$2{x} >= -20 && $2{x} >= 11 ? 3
-$5{x} >= 31 && $5{x} >= -40 && $4{y} == -7 && -$2{x} >= -30 && $2{x} >= 21 ? 2
-$5{x} >= 31 && $5{x} >= -40 && -$4{y} >= -4 && $4{y} >= -6 && -$2{x} >= -10 && $2{x} >= 0 ? 6
-$5{x} >= 31 && $5{x} >= -40 && -$4{y} >= -4 && $4{y} >= -6 && -$2{x} >= -20 && $2{x} >= 11 ? 3
-$5{x} >= 31 && $5{x} >= -40 && -$4{y} >= -4 && $4{y} >= -6 && -$2{x} >= -30 && $2{x} >= 21 ? 2
-$5{x} >= 31 && $5{x} >= -40 && $4{y} >= 5 && -$2{x} >= -10 && $2{x} >= 0 ? 10
-$5{x} >= 31 && $5{x} >= -40 && $4{y} >= 5 && -$2{x} >= -20 && $2{x} >= 11 ? 3
-$5{x} >= 31 && $5{x} >= -40 && $4{y} >= 5 && -$2{x} >= -30 && $2{x} >= 21 ? 2
-$5{x} >= 21 && $5{x} >= -30 && -$4{y} >= 8 && -$2{x} >= -10 && $2{x} >= 0 ? 11
-$5{x} >= 21 && $5{x} >= -30 && -$4{y} >= 8 && -$2{x} >= -20 && $2{x} >= 11 ? 3
-$5{x} >= 21 && $5{x} >= -30 && -$4{y} >= 8 && -$2{x} >= -30 && $2{x} >= 21 ? 2
-$5{x} >= 21 && $5{x} >= -30 && $4{y} == -7 && -$2{x} >= -10 && $2{x} >= 0 ? 11
-$5{x} >= 21 && $5{x} >= -30 && $4{y} == -7 && -$2{x} >= -20 && $2{x} >= 11 ? 3
-$5{x} >= 21 && $5{x} >= -30 && $4{y} == -7 && -$2{x} >= -30 && $2{x} >= 21 ? 2
-$5{x} >= 21 && $5{x} >= -30 && -$4{y} >= -4 && $4{y} >= -6 && -$2{x} >= -10 && $2{x} >= 0 ? 6
-$5{x} >= 21 && $5{x} >= -30 && -$4{y} >= -4 && $4{y} >= -6 && -$2{x} >= -20 && $2{x} >= 11 ? 3
-$5{x} >= 21 && $5{x} >= -30 && -$4{y} >= -4 && $4{y} >= -6 && -$2{x} >= -30 && $2{x} >= 21 ? 2
-$5{x} >= 21 && $5{x} >= -30 && $4{y} >= 5 && -$2{x} >= -10 && $2{x} >= 0 ? 11
-$5{x} >= 21 && $5{x} >= -30 && $4{y} >= 5 && -$2{x} >= -20 && $2{x} >= 11 ? 3
-$5{x} >= 21 && $5{x} >= -30 && $4{y} >= 5 && -$2{x} >= -30 && $2{x} >= 21 ? 2
-$5{x} >= 11 && $5{x} >= -20 && -$4{y} >= 8 && -$2{x} >= -10 && $2{x} >= 0 ? 12
-$5{x} >= 11 && $5{x} >= -20 && -$4{y} >= 8 && -$2{x} >= -20 && $2{x} >= 11 ? 3
-$5{x} >= 11 && $5{x} >= -20 && -$4{y} >= 8 && -$2{x} >= -30 && $2{x} >= 21 ? 2
-$5{x} >= 11 && $5{x} >= -20 && $4{y} == -7 && -$2{x} >= -10 && $2{x} >= 0 ? 12
-$5{x} >= 11 && $5{x} >= -20 && $4{y} == -7 && -$2{x} >= -20 && $2{x} >= 11 ? 3
-$5{x} >= 11 && $5{x} >= -20 && $4{y} == -7 && -$2{x} >= -30 && $2{x} >= 21 ? 2
-$5{x} >= 11 && $5{x} >= -20 && -$4{y} >= -4 && $4{y} >= -6 && -$2{x} >= -10 && $2{x} >= 0 ? 6
-$5{x} >= 11 && $5{x} >= -20 && -$4{y} >= -4 && $4{y} >= -6 && -$2{x} >= -20 && $2{x} >= 11 ? 3
-$5{x} >= 11 && $5{x} >= -20 && -$4{y} >= -4 && $4{y} >= -6 && -$2{x} >= -30 && $2{x} >= 21 ? 2
-$5{x} >= 11 && $5{x} >= -20 && $4{y} >= 5 && -$2{x} >= -10 && $2{x} >= 0 ? 12
-$5{x} >= 11 && $5{x} >= -20 && $4{y} >= 5 && -$2{x} >= -20 && $2{x} >= 11 ? 3
-$5{x} >= 11 && $5{x} >= -20 && $4{y} >= 5 && -$2{x} >= -30 && $2{x} >= 21 ? 2
-$5{x} >= 0 && $5{x} >= -10 && -$4{y} >= 8 && -$2{x} >= -10 && $2{x} >= 0 ? -9$4{y}+6$5{x}+92
-$5{x} >= 0 && $5{x} >= -10 && -$4{y} >= 8 && -$2{x} >= -20 && $2{x} >= 11 ? 3
-$5{x} >= 0 && $5{x} >= -10 && -$4{y} >= 8 && -$2{x} >= -30 && $2{x} >= 21 ? 2
-$5{x} >= 0 && $5{x} >= -10 && $4{y} == -7 && -$2{x} >= -10 && $2{x} >= 0 ? 15
-$5{x} >= 0 && $5{x} >= -10 && $4{y} == -7 && -$2{x} >= -20 && $2{x} >= 11 ? 3
-$5{x} >= 0 && $5{x} >= -10 && $4{y} == -7 && -$2{x} >= -30 && $2{x} >= 21 ? 2
-$5{x} >= 0 && $5{x} >= -10 && -$4{y} >= -4 && $4{y} >= -6 && -$2{x} >= -10 && $2{x} >= 0 ? 6
-$5{x} >= 0 && $5{x} >= -10 && -$4{y} >= -4 && $4{y} >= -6 && -$2{x} >= -20 && $2{x} >= 11 ? 3
-$5{x} >= 0 && $5{x} >= -10 && -$4{y} >= -4 && $4{y} >= -6 && -$2{x} >= -30 && $2{x} >= 21 ? 2
-$5{x} >= 0 && $5{x} >= -10 && $4{y} >= 5 && -$2{x} >= -10 && $2{x} >= 0 ? bottom
-$5{x} >= 0 && $5{x} >= -10 && $4{y} >= 5 && -$2{x} >= -20 && $2{x} >= 11 ? 3
-$5{x} >= 0 && $5{x} >= -10 && $4{y} >= 5 && -$2{x} >= -30 && $2{x} >= 21 ? 2

[63:]: -$5{x} >= 0 && -$2{x} >= -30 && $2{x} >= 21 ? 1

[64:]: -$5{x} >= 0 && -$2{x} >= -30 && $2{x} >= 21 && $1{$1} == 3 ? 0.

[65:]: 
[66:]: -$5{x} >= 41 && -$4{y} >= 8 && -$2{x} >= -10 && $2{x} >= 0 ? 8
-$5{x} >= 41 && -$4{y} >= 8 && -$2{x} >= -20 && $2{x} >= 11 ? 2
-$5{x} >= 41 && $4{y} == -7 && -$2{x} >= -10 && $2{x} >= 0 ? 8
-$5{x} >= 41 && $4{y} == -7 && -$2{x} >= -20 && $2{x} >= 11 ? 2
-$5{x} >= 41 && -$4{y} >= -4 && $4{y} >= -6 && -$2{x} >= -10 && $2{x} >= 0 ? 5
-$5{x} >= 41 && -$4{y} >= -4 && $4{y} >= -6 && -$2{x} >= -20 && $2{x} >= 11 ? 2
-$5{x} >= 41 && $4{y} >= 5 && -$2{x} >= -10 && $2{x} >= 0 ? 8
-$5{x} >= 41 && $4{y} >= 5 && -$2{x} >= -20 && $2{x} >= 11 ? 2
-$5{x} >= 31 && $5{x} >= -40 && -$4{y} >= 8 && -$2{x} >= -10 && $2{x} >= 0 ? 9
-$5{x} >= 31 && $5{x} >= -40 && -$4{y} >= 8 && -$2{x} >= -20 && $2{x} >= 11 ? 2
-$5{x} >= 31 && $5{x} >= -40 && $4{y} == -7 && -$2{x} >= -10 && $2{x} >= 0 ? 9
-$5{x} >= 31 && $5{x} >= -40 && $4{y} == -7 && -$2{x} >= -20 && $2{x} >= 11 ? 2
-$5{x} >= 31 && $5{x} >= -40 && -$4{y} >= -4 && $4{y} >= -6 && -$2{x} >= -10 && $2{x} >= 0 ? 5
-$5{x} >= 31 && $5{x} >= -40 && -$4{y} >= -4 && $4{y} >= -6 && -$2{x} >= -20 && $2{x} >= 11 ? 2
-$5{x} >= 31 && $5{x} >= -40 && $4{y} >= 5 && -$2{x} >= -10 && $2{x} >= 0 ? 9
-$5{x} >= 31 && $5{x} >= -40 && $4{y} >= 5 && -$2{x} >= -20 && $2{x} >= 11 ? 2
-$5{x} >= 21 && $5{x} >= -30 && -$4{y} >= 8 && -$2{x} >= -10 && $2{x} >= 0 ? 10
-$5{x} >= 21 && $5{x} >= -30 && -$4{y} >= 8 && -$2{x} >= -20 && $2{x} >= 11 ? 2
-$5{x} >= 21 && $5{x} >= -30 && $4{y} == -7 && -$2{x} >= -10 && $2{x} >= 0 ? 10
-$5{x} >= 21 && $5{x} >= -30 && $4{y} == -7 && -$2{x} >= -20 && $2{x} >= 11 ? 2
-$5{x} >= 21 && $5{x} >= -30 && -$4{y} >= -4 && $4{y} >= -6 && -$2{x} >= -10 && $2{x} >= 0 ? 5
-$5{x} >= 21 && $5{x} >= -30 && -$4{y} >= -4 && $4{y} >= -6 && -$2{x} >= -20 && $2{x} >= 11 ? 2
-$5{x} >= 21 && $5{x} >= -30 && $4{y} >= 5 && -$2{x} >= -10 && $2{x} >= 0 ? 10
-$5{x} >= 21 && $5{x} >= -30 && $4{y} >= 5 && -$2{x} >= -20 && $2{x} >= 11 ? 2
-$5{x} >= 11 && $5{x} >= -20 && -$4{y} >= 8 && -$2{x} >= -10 && $2{x} >= 0 ? 11
-$5{x} >= 11 && $5{x} >= -20 && -$4{y} >= 8 && -$2{x} >= -20 && $2{x} >= 11 ? 2
-$5{x} >= 11 && $5{x} >= -20 && $4{y} == -7 && -$2{x} >= -10 && $2{x} >= 0 ? 11
-$5{x} >= 11 && $5{x} >= -20 && $4{y} == -7 && -$2{x} >= -20 && $2{x} >= 11 ? 2
-$5{x} >= 11 && $5{x} >= -20 && -$4{y} >= -4 && $4{y} >= -6 && -$2{x} >= -10 && $2{x} >= 0 ? 5
-$5{x} >= 11 && $5{x} >= -20 && -$4{y} >= -4 && $4{y} >= -6 && -$2{x} >= -20 && $2{x} >= 11 ? 2
-$5{x} >= 11 && $5{x} >= -20 && $4{y} >= 5 && -$2{x} >= -10 && $2{x} >= 0 ? 11
-$5{x} >= 11 && $5{x} >= -20 && $4{y} >= 5 && -$2{x} >= -20 && $2{x} >= 11 ? 2
-$5{x} >= 0 && $5{x} >= -10 && -$4{y} >= 8 && -$2{x} >= -10 && $2{x} >= 0 ? -9$4{y}+6$5{x}+91
-$5{x} >= 0 && $5{x} >= -10 && -$4{y} >= 8 && -$2{x} >= -20 && $2{x} >= 11 ? 2
-$5{x} >= 0 && $5{x} >= -10 && $4{y} == -7 && -$2{x} >= -10 && $2{x} >= 0 ? 14
-$5{x} >= 0 && $5{x} >= -10 && $4{y} == -7 && -$2{x} >= -20 && $2{x} >= 11 ? 2
-$5{x} >= 0 && $5{x} >= -10 && -$4{y} >= -4 && $4{y} >= -6 && -$2{x} >= -10 && $2{x} >= 0 ? 5
-$5{x} >= 0 && $5{x} >= -10 && -$4{y} >= -4 && $4{y} >= -6 && -$2{x} >= -20 && $2{x} >= 11 ? 2
-$5{x} >= 0 && $5{x} >= -10 && $4{y} >= 5 && -$2{x} >= -10 && $2{x} >= 0 ? bottom
-$5{x} >= 0 && $5{x} >= -10 && $4{y} >= 5 && -$2{x} >= -20 && $2{x} >= 11 ? 2

[67:]: -$5{x} >= 0 && -$2{x} >= -20 && $2{x} >= 11 ? 1

[68:]: -$5{x} >= 0 && -$2{x} >= -20 && $2{x} >= 11 && $1{$1} == 2 ? 0.

[69:]: 
[70:]: -$5{x} >= 41 && -$4{y} >= 8 && -$2{x} >= -10 && $2{x} >= 0 ? 7
-$5{x} >= 41 && $4{y} == -7 && -$2{x} >= -10 && $2{x} >= 0 ? 7
-$5{x} >= 41 && -$4{y} >= -4 && $4{y} >= -6 && -$2{x} >= -10 && $2{x} >= 0 ? 4
-$5{x} >= 41 && $4{y} >= 5 && -$2{x} >= -10 && $2{x} >= 0 ? 7
-$5{x} >= 31 && $5{x} >= -40 && -$4{y} >= 8 && -$2{x} >= -10 && $2{x} >= 0 ? 8
-$5{x} >= 31 && $5{x} >= -40 && $4{y} == -7 && -$2{x} >= -10 && $2{x} >= 0 ? 8
-$5{x} >= 31 && $5{x} >= -40 && -$4{y} >= -4 && $4{y} >= -6 && -$2{x} >= -10 && $2{x} >= 0 ? 4
-$5{x} >= 31 && $5{x} >= -40 && $4{y} >= 5 && -$2{x} >= -10 && $2{x} >= 0 ? 8
-$5{x} >= 21 && $5{x} >= -30 && -$4{y} >= 8 && -$2{x} >= -10 && $2{x} >= 0 ? 9
-$5{x} >= 21 && $5{x} >= -30 && $4{y} == -7 && -$2{x} >= -10 && $2{x} >= 0 ? 9
-$5{x} >= 21 && $5{x} >= -30 && -$4{y} >= -4 && $4{y} >= -6 && -$2{x} >= -10 && $2{x} >= 0 ? 4
-$5{x} >= 21 && $5{x} >= -30 && $4{y} >= 5 && -$2{x} >= -10 && $2{x} >= 0 ? 9
-$5{x} >= 11 && $5{x} >= -20 && -$4{y} >= 8 && -$2{x} >= -10 && $2{x} >= 0 ? 10
-$5{x} >= 11 && $5{x} >= -20 && $4{y} == -7 && -$2{x} >= -10 && $2{x} >= 0 ? 10
-$5{x} >= 11 && $5{x} >= -20 && -$4{y} >= -4 && $4{y} >= -6 && -$2{x} >= -10 && $2{x} >= 0 ? 4
-$5{x} >= 11 && $5{x} >= -20 && $4{y} >= 5 && -$2{x} >= -10 && $2{x} >= 0 ? 10
-$5{x} >= 0 && $5{x} >= -10 && -$4{y} >= 8 && -$2{x} >= -10 && $2{x} >= 0 ? -9$4{y}+6$5{x}+90
-$5{x} >= 0 && $5{x} >= -10 && $4{y} == -7 && -$2{x} >= -10 && $2{x} >= 0 ? 13
-$5{x} >= 0 && $5{x} >= -10 && -$4{y} >= -4 && $4{y} >= -6 && -$2{x} >= -10 && $2{x} >= 0 ? 4
-$5{x} >= 0 && $5{x} >= -10 && $4{y} >= 5 && -$2{x} >= -10 && $2{x} >= 0 ? bottom

[71:]: -$5{x} >= 41 && -$4{y} >= 8 && -$2{x} >= -10 && $2{x} >= 0 ? 7
-$5{x} >= 41 && $4{y} == -7 && -$2{x} >= -10 && $2{x} >= 0 ? 7
-$5{x} >= 41 && -$4{y} >= -4 && $4{y} >= -6 && -$2{x} >= -10 && $2{x} >= 0 ? 4
-$5{x} >= 41 && $4{y} >= 5 && -$2{x} >= -10 && $2{x} >= 0 ? 7
-$5{x} >= 31 && $5{x} >= -40 && -$4{y} >= 8 && -$2{x} >= -10 && $2{x} >= 0 ? 8
-$5{x} >= 31 && $5{x} >= -40 && $4{y} == -7 && -$2{x} >= -10 && $2{x} >= 0 ? 8
-$5{x} >= 31 && $5{x} >= -40 && -$4{y} >= -4 && $4{y} >= -6 && -$2{x} >= -10 && $2{x} >= 0 ? 4
-$5{x} >= 31 && $5{x} >= -40 && $4{y} >= 5 && -$2{x} >= -10 && $2{x} >= 0 ? 8
-$5{x} >= 21 && $5{x} >= -30 && -$4{y} >= 8 && -$2{x} >= -10 && $2{x} >= 0 ? 9
-$5{x} >= 21 && $5{x} >= -30 && $4{y} == -7 && -$2{x} >= -10 && $2{x} >= 0 ? 9
-$5{x} >= 21 && $5{x} >= -30 && -$4{y} >= -4 && $4{y} >= -6 && -$2{x} >= -10 && $2{x} >= 0 ? 4
-$5{x} >= 21 && $5{x} >= -30 && $4{y} >= 5 && -$2{x} >= -10 && $2{x} >= 0 ? 9
-$5{x} >= 11 && $5{x} >= -20 && -$4{y} >= 8 && -$2{x} >= -10 && $2{x} >= 0 ? 10
-$5{x} >= 11 && $5{x} >= -20 && $4{y} == -7 && -$2{x} >= -10 && $2{x} >= 0 ? 10
-$5{x} >= 11 && $5{x} >= -20 && -$4{y} >= -4 && $4{y} >= -6 && -$2{x} >= -10 && $2{x} >= 0 ? 4
-$5{x} >= 11 && $5{x} >= -20 && $4{y} >= 5 && -$2{x} >= -10 && $2{x} >= 0 ? 10
-$5{x} >= 0 && $5{x} >= -10 && -$4{y} >= 8 && -$2{x} >= -10 && $2{x} >= 0 ? -9$4{y}+6$5{x}+90
-$5{x} >= 0 && $5{x} >= -10 && $4{y} == -7 && -$2{x} >= -10 && $2{x} >= 0 ? 13
-$5{x} >= 0 && $5{x} >= -10 && -$4{y} >= -4 && $4{y} >= -6 && -$2{x} >= -10 && $2{x} >= 0 ? 4
-$5{x} >= 0 && $5{x} >= -10 && $4{y} >= 5 && -$2{x} >= -10 && $2{x} >= 0 ? bottom

[72:]: -$5{x} >= 41 && -$4{y} >= 8 && -$2{x} >= -10 && $2{x} >= 0 ? 7
-$5{x} >= 41 && $4{y} == -7 && -$2{x} >= -10 && $2{x} >= 0 ? 7
-$5{x} >= 41 && -$4{y} >= -4 && $4{y} >= -6 && -$2{x} >= -10 && $2{x} >= 0 ? 4
-$5{x} >= 41 && $4{y} >= 5 && -$2{x} >= -10 && $2{x} >= 0 ? 7
-$5{x} >= 31 && $5{x} >= -40 && -$4{y} >= 8 && -$2{x} >= -10 && $2{x} >= 0 ? 8
-$5{x} >= 31 && $5{x} >= -40 && $4{y} == -7 && -$2{x} >= -10 && $2{x} >= 0 ? 8
-$5{x} >= 31 && $5{x} >= -40 && -$4{y} >= -4 && $4{y} >= -6 && -$2{x} >= -10 && $2{x} >= 0 ? 4
-$5{x} >= 31 && $5{x} >= -40 && $4{y} >= 5 && -$2{x} >= -10 && $2{x} >= 0 ? 8
-$5{x} >= 21 && $5{x} >= -30 && -$4{y} >= 8 && -$2{x} >= -10 && $2{x} >= 0 ? 9
-$5{x} >= 21 && $5{x} >= -30 && $4{y} == -7 && -$2{x} >= -10 && $2{x} >= 0 ? 9
-$5{x} >= 21 && $5{x} >= -30 && -$4{y} >= -4 && $4{y} >= -6 && -$2{x} >= -10 && $2{x} >= 0 ? 4
-$5{x} >= 21 && $5{x} >= -30 && $4{y} >= 5 && -$2{x} >= -10 && $2{x} >= 0 ? 9
-$5{x} >= 11 && $5{x} >= -20 && -$4{y} >= 8 && -$2{x} >= -10 && $2{x} >= 0 ? 10
-$5{x} >= 11 && $5{x} >= -20 && $4{y} == -7 && -$2{x} >= -10 && $2{x} >= 0 ? 10
-$5{x} >= 11 && $5{x} >= -20 && -$4{y} >= -4 && $4{y} >= -6 && -$2{x} >= -10 && $2{x} >= 0 ? 4
-$5{x} >= 11 && $5{x} >= -20 && $4{y} >= 5 && -$2{x} >= -10 && $2{x} >= 0 ? 10
-$5{x} >= 0 && $5{x} >= -10 && -$4{y} >= 8 && -$2{x} >= -10 && $2{x} >= 0 ? -9$4{y}+6$5{x}+90
-$5{x} >= 0 && $5{x} >= -10 && $4{y} == -7 && -$2{x} >= -10 && $2{x} >= 0 ? 13
-$5{x} >= 0 && $5{x} >= -10 && -$4{y} >= -4 && $4{y} >= -6 && -$2{x} >= -10 && $2{x} >= 0 ? 4
-$5{x} >= 0 && $5{x} >= -10 && $4{y} >= 5 && -$2{x} >= -10 && $2{x} >= 0 ? bottom

[73:]: -$5{x} >= 41 && -$4{y} >= 8 && -$2{x} >= -10 && $2{x} >= 0 ? 7
-$5{x} >= 41 && $4{y} == -7 && -$2{x} >= -10 && $2{x} >= 0 ? 7
-$5{x} >= 41 && -$4{y} >= -4 && $4{y} >= -6 && -$2{x} >= -10 && $2{x} >= 0 ? 4
-$5{x} >= 41 && $4{y} >= 5 && -$2{x} >= -10 && $2{x} >= 0 ? 7
-$5{x} >= 31 && $5{x} >= -40 && -$4{y} >= 8 && -$2{x} >= -10 && $2{x} >= 0 ? 8
-$5{x} >= 31 && $5{x} >= -40 && $4{y} == -7 && -$2{x} >= -10 && $2{x} >= 0 ? 8
-$5{x} >= 31 && $5{x} >= -40 && -$4{y} >= -4 && $4{y} >= -6 && -$2{x} >= -10 && $2{x} >= 0 ? 4
-$5{x} >= 31 && $5{x} >= -40 && $4{y} >= 5 && -$2{x} >= -10 && $2{x} >= 0 ? 8
-$5{x} >= 21 && $5{x} >= -30 && -$4{y} >= 8 && -$2{x} >= -10 && $2{x} >= 0 ? 9
-$5{x} >= 21 && $5{x} >= -30 && $4{y} == -7 && -$2{x} >= -10 && $2{x} >= 0 ? 9
-$5{x} >= 21 && $5{x} >= -30 && -$4{y} >= -4 && $4{y} >= -6 && -$2{x} >= -10 && $2{x} >= 0 ? 4
-$5{x} >= 21 && $5{x} >= -30 && $4{y} >= 5 && -$2{x} >= -10 && $2{x} >= 0 ? 9
-$5{x} >= 11 && $5{x} >= -20 && -$4{y} >= 8 && -$2{x} >= -10 && $2{x} >= 0 ? 10
-$5{x} >= 11 && $5{x} >= -20 && $4{y} == -7 && -$2{x} >= -10 && $2{x} >= 0 ? 10
-$5{x} >= 11 && $5{x} >= -20 && -$4{y} >= -4 && $4{y} >= -6 && -$2{x} >= -10 && $2{x} >= 0 ? 4
-$5{x} >= 11 && $5{x} >= -20 && $4{y} >= 5 && -$2{x} >= -10 && $2{x} >= 0 ? 10
-$5{x} >= 0 && $5{x} >= -10 && -$4{y} >= 8 && -$2{x} >= -10 && $2{x} >= 0 ? -9$4{y}+6$5{x}+90
-$5{x} >= 0 && $5{x} >= -10 && $4{y} == -7 && -$2{x} >= -10 && $2{x} >= 0 ? 13
-$5{x} >= 0 && $5{x} >= -10 && -$4{y} >= -4 && $4{y} >= -6 && -$2{x} >= -10 && $2{x} >= 0 ? 4
-$5{x} >= 0 && $5{x} >= -10 && $4{y} >= 5 && -$2{x} >= -10 && $2{x} >= 0 ? bottom

[74:]: -$5{x} >= 41 && -$4{y} >= 8 && -$2{x} >= -10 && $2{x} >= 0 ? 7
-$5{x} >= 41 && $4{y} == -7 && -$2{x} >= -10 && $2{x} >= 0 ? 7
-$5{x} >= 41 && -$4{y} >= -4 && $4{y} >= -6 && -$2{x} >= -10 && $2{x} >= 0 ? 4
-$5{x} >= 41 && $4{y} >= 5 && -$2{x} >= -10 && $2{x} >= 0 ? 7
-$5{x} >= 31 && $5{x} >= -40 && -$4{y} >= 8 && -$2{x} >= -10 && $2{x} >= 0 ? 8
-$5{x} >= 31 && $5{x} >= -40 && $4{y} == -7 && -$2{x} >= -10 && $2{x} >= 0 ? 8
-$5{x} >= 31 && $5{x} >= -40 && -$4{y} >= -4 && $4{y} >= -6 && -$2{x} >= -10 && $2{x} >= 0 ? 4
-$5{x} >= 31 && $5{x} >= -40 && $4{y} >= 5 && -$2{x} >= -10 && $2{x} >= 0 ? 8
-$5{x} >= 21 && $5{x} >= -30 && -$4{y} >= 8 && -$2{x} >= -10 && $2{x} >= 0 ? 9
-$5{x} >= 21 && $5{x} >= -30 && $4{y} == -7 && -$2{x} >= -10 && $2{x} >= 0 ? 9
-$5{x} >= 21 && $5{x} >= -30 && -$4{y} >= -4 && $4{y} >= -6 && -$2{x} >= -10 && $2{x} >= 0 ? 4
-$5{x} >= 21 && $5{x} >= -30 && $4{y} >= 5 && -$2{x} >= -10 && $2{x} >= 0 ? 9
-$5{x} >= 11 && $5{x} >= -20 && -$4{y} >= 8 && -$2{x} >= -10 && $2{x} >= 0 ? 10
-$5{x} >= 11 && $5{x} >= -20 && $4{y} == -7 && -$2{x} >= -10 && $2{x} >= 0 ? 10
-$5{x} >= 11 && $5{x} >= -20 && -$4{y} >= -4 && $4{y} >= -6 && -$2{x} >= -10 && $2{x} >= 0 ? 4
-$5{x} >= 11 && $5{x} >= -20 && $4{y} >= 5 && -$2{x} >= -10 && $2{x} >= 0 ? 10
-$5{x} >= 0 && $5{x} >= -10 && -$4{y} >= 8 && -$2{x} >= -10 && $2{x} >= 0 ? -9$4{y}+6$5{x}+90
-$5{x} >= 0 && $5{x} >= -10 && $4{y} == -7 && -$2{x} >= -10 && $2{x} >= 0 ? 13
-$5{x} >= 0 && $5{x} >= -10 && -$4{y} >= -4 && $4{y} >= -6 && -$2{x} >= -10 && $2{x} >= 0 ? 4
-$5{x} >= 0 && $5{x} >= -10 && $4{y} >= 5 && -$2{x} >= -10 && $2{x} >= 0 ? bottom

[75:]: -$5{x} >= 41 && -$4{y} >= 8 && -$2{x} >= -10 && $2{x} >= 0 && $1{$1} == 1 ? 6
-$5{x} >= 41 && $4{y} == -7 && -$2{x} >= -10 && $2{x} >= 0 && $1{$1} == 1 ? 6
-$5{x} >= 41 && -$4{y} >= -4 && $4{y} >= -6 && -$2{x} >= -10 && $2{x} >= 0 && $1{$1} == 1 ? 3
-$5{x} >= 41 && $4{y} >= 5 && -$2{x} >= -10 && $2{x} >= 0 && $1{$1} == 1 ? 6
-$5{x} >= 31 && $5{x} >= -40 && -$4{y} >= 8 && -$2{x} >= -10 && $2{x} >= 0 && $1{$1} == 1 ? 7
-$5{x} >= 31 && $5{x} >= -40 && $4{y} == -7 && -$2{x} >= -10 && $2{x} >= 0 && $1{$1} == 1 ? 7
-$5{x} >= 31 && $5{x} >= -40 && -$4{y} >= -4 && $4{y} >= -6 && -$2{x} >= -10 && $2{x} >= 0 && $1{$1} == 1 ? 3
-$5{x} >= 31 && $5{x} >= -40 && $4{y} >= 5 && -$2{x} >= -10 && $2{x} >= 0 && $1{$1} == 1 ? 7
-$5{x} >= 21 && $5{x} >= -30 && -$4{y} >= 8 && -$2{x} >= -10 && $2{x} >= 0 && $1{$1} == 1 ? 8
-$5{x} >= 21 && $5{x} >= -30 && $4{y} == -7 && -$2{x} >= -10 && $2{x} >= 0 && $1{$1} == 1 ? 8
-$5{x} >= 21 && $5{x} >= -30 && -$4{y} >= -4 && $4{y} >= -6 && -$2{x} >= -10 && $2{x} >= 0 && $1{$1} == 1 ? 3
-$5{x} >= 21 && $5{x} >= -30 && $4{y} >= 5 && -$2{x} >= -10 && $2{x} >= 0 && $1{$1} == 1 ? 8
-$5{x} >= 11 && $5{x} >= -20 && -$4{y} >= 8 && -$2{x} >= -10 && $2{x} >= 0 && $1{$1} == 1 ? 9
-$5{x} >= 11 && $5{x} >= -20 && $4{y} == -7 && -$2{x} >= -10 && $2{x} >= 0 && $1{$1} == 1 ? 9
-$5{x} >= 11 && $5{x} >= -20 && -$4{y} >= -4 && $4{y} >= -6 && -$2{x} >= -10 && $2{x} >= 0 && $1{$1} == 1 ? 3
-$5{x} >= 11 && $5{x} >= -20 && $4{y} >= 5 && -$2{x} >= -10 && $2{x} >= 0 && $1{$1} == 1 ? 9
-$5{x} >= 0 && $5{x} >= -10 && -$4{y} >= 8 && -$2{x} >= -10 && $2{x} >= 0 && $1{$1} == 1 ? -9$1{$1}-9$4{y}+6$5{x}+98
-$5{x} >= 0 && $5{x} >= -10 && $4{y} == -7 && -$2{x} >= -10 && $2{x} >= 0 && $1{$1} == 1 ? 12
-$5{x} >= 0 && $5{x} >= -10 && -$4{y} >= -4 && $4{y} >= -6 && -$2{x} >= -10 && $2{x} >= 0 && $1{$1} == 1 ? 3
-$5{x} >= 0 && $5{x} >= -10 && $4{y} >= 5 && -$2{x} >= -10 && $2{x} >= 0 && $1{$1} == 1 ? bottom

[76:]: -$5{x} >= 41 && -$4{y} >= 7 && -$2{x} >= -10 && $2{x} >= 0 && $1{$1} == 1 ? 5
-$5{x} >= 41 && $4{y} == -6 && -$2{x} >= -10 && $2{x} >= 0 && $1{$1} == 1 ? 5
-$5{x} >= 41 && -$4{y} >= -5 && $4{y} >= -5 && -$2{x} >= -10 && $2{x} >= 0 && $1{$1} == 1 ? 2
-$5{x} >= 41 && $4{y} >= 6 && -$2{x} >= -10 && $2{x} >= 0 && $1{$1} == 1 ? 5
-$5{x} >= 31 && $5{x} >= -40 && -$4{y} >= 7 && -$2{x} >= -10 && $2{x} >= 0 && $1{$1} == 1 ? 6
-$5{x} >= 31 && $5{x} >= -40 && $4{y} == -6 && -$2{x} >= -10 && $2{x} >= 0 && $1{$1} == 1 ? 6
-$5{x} >= 31 && $5{x} >= -40 && -$4{y} >= -5 && $4{y} >= -5 && -$2{x} >= -10 && $2{x} >= 0 && $1{$1} == 1 ? 2
-$5{x} >= 31 && $5{x} >= -40 && $4{y} >= 6 && -$2{x} >= -10 && $2{x} >= 0 && $1{$1} == 1 ? 6
-$5{x} >= 21 && $5{x} >= -30 && -$4{y} >= 7 && -$2{x} >= -10 && $2{x} >= 0 && $1{$1} == 1 ? 7
-$5{x} >= 21 && $5{x} >= -30 && $4{y} == -6 && -$2{x} >= -10 && $2{x} >= 0 && $1{$1} == 1 ? 7
-$5{x} >= 21 && $5{x} >= -30 && -$4{y} >= -5 && $4{y} >= -5 && -$2{x} >= -10 && $2{x} >= 0 && $1{$1} == 1 ? 2
-$5{x} >= 21 && $5{x} >= -30 && $4{y} >= 6 && -$2{x} >= -10 && $2{x} >= 0 && $1{$1} == 1 ? 7
-$5{x} >= 11 && $5{x} >= -20 && -$4{y} >= 7 && -$2{x} >= -10 && $2{x} >= 0 && $1{$1} == 1 ? 8
-$5{x} >= 11 && $5{x} >= -20 && $4{y} == -6 && -$2{x} >= -10 && $2{x} >= 0 && $1{$1} == 1 ? 8
-$5{x} >= 11 && $5{x} >= -20 && -$4{y} >= -5 && $4{y} >= -5 && -$2{x} >= -10 && $2{x} >= 0 && $1{$1} == 1 ? 2
-$5{x} >= 11 && $5{x} >= -20 && $4{y} >= 6 && -$2{x} >= -10 && $2{x} >= 0 && $1{$1} == 1 ? 8
-$5{x} >= 0 && $5{x} >= -10 && -$4{y} >= 7 && -$2{x} >= -10 && $2{x} >= 0 && $1{$1} == 1 ? -9$4{y}+6$5{x}+97
-$5{x} >= 0 && $5{x} >= -10 && $4{y} == -6 && -$2{x} >= -10 && $2{x} >= 0 && $1{$1} == 1 ? 11
-$5{x} >= 0 && $5{x} >= -10 && -$4{y} >= -5 && $4{y} >= -5 && -$2{x} >= -10 && $2{x} >= 0 && $1{$1} == 1 ? 2
-$5{x} >= 0 && $5{x} >= -10 && $4{y} >= 6 && -$2{x} >= -10 && $2{x} >= 0 && $1{$1} == 1 ? bottom

[77:]: -$5{x} >= 41 && -$4{y} >= 7 && -$2{x} >= -10 && $2{x} >= 0 && $1{$1} == 1 ? 5
-$5{x} >= 41 && $4{y} == -6 && -$2{x} >= -10 && $2{x} >= 0 && $1{$1} == 1 ? 5
-$5{x} >= 41 && -$4{y} >= -5 && $4{y} >= -5 && -$2{x} >= -10 && $2{x} >= 0 && $1{$1} == 1 ? 2
-$5{x} >= 41 && $4{y} >= 6 && -$2{x} >= -10 && $2{x} >= 0 && $1{$1} == 1 ? 5
-$5{x} >= 31 && $5{x} >= -40 && -$4{y} >= 7 && -$2{x} >= -10 && $2{x} >= 0 && $1{$1} == 1 ? 6
-$5{x} >= 31 && $5{x} >= -40 && $4{y} == -6 && -$2{x} >= -10 && $2{x} >= 0 && $1{$1} == 1 ? 6
-$5{x} >= 31 && $5{x} >= -40 && -$4{y} >= -5 && $4{y} >= -5 && -$2{x} >= -10 && $2{x} >= 0 && $1{$1} == 1 ? 2
-$5{x} >= 31 && $5{x} >= -40 && $4{y} >= 6 && -$2{x} >= -10 && $2{x} >= 0 && $1{$1} == 1 ? 6
-$5{x} >= 21 && $5{x} >= -30 && -$4{y} >= 7 && -$2{x} >= -10 && $2{x} >= 0 && $1{$1} == 1 ? 7
-$5{x} >= 21 && $5{x} >= -30 && $4{y} == -6 && -$2{x} >= -10 && $2{x} >= 0 && $1{$1} == 1 ? 7
-$5{x} >= 21 && $5{x} >= -30 && -$4{y} >= -5 && $4{y} >= -5 && -$2{x} >= -10 && $2{x} >= 0 && $1{$1} == 1 ? 2
-$5{x} >= 21 && $5{x} >= -30 && $4{y} >= 6 && -$2{x} >= -10 && $2{x} >= 0 && $1{$1} == 1 ? 7
-$5{x} >= 11 && $5{x} >= -20 && -$4{y} >= 7 && -$2{x} >= -10 && $2{x} >= 0 && $1{$1} == 1 ? 8
-$5{x} >= 11 && $5{x} >= -20 && $4{y} == -6 && -$2{x} >= -10 && $2{x} >= 0 && $1{$1} == 1 ? 8
-$5{x} >= 11 && $5{x} >= -20 && -$4{y} >= -5 && $4{y} >= -5 && -$2{x} >= -10 && $2{x} >= 0 && $1{$1} == 1 ? 2
-$5{x} >= 11 && $5{x} >= -20 && $4{y} >= 6 && -$2{x} >= -10 && $2{x} >= 0 && $1{$1} == 1 ? 8
-$5{x} >= 0 && $5{x} >= -10 && -$4{y} >= 7 && -$2{x} >= -10 && $2{x} >= 0 && $1{$1} == 1 ? -9$4{y}+6$5{x}+97
-$5{x} >= 0 && $5{x} >= -10 && $4{y} == -6 && -$2{x} >= -10 && $2{x} >= 0 && $1{$1} == 1 ? 11
-$5{x} >= 0 && $5{x} >= -10 && -$4{y} >= -5 && $4{y} >= -5 && -$2{x} >= -10 && $2{x} >= 0 && $1{$1} == 1 ? 2
-$5{x} >= 0 && $5{x} >= -10 && $4{y} >= 6 && -$2{x} >= -10 && $2{x} >= 0 && $1{$1} == 1 ? bottom
-$5{x} >= -10 && $5{x} >= 1 && -$4{y} >= 6 && -$2{x} >= -10 && $2{x} >= 0 && $1{$1} == 1 ? bottom
-$5{x} >= -10 && $5{x} >= 1 && -$4{y} >= -5 && $4{y} >= -5 && -$2{x} >= -10 && $2{x} >= 0 && $1{$1} == 1 ? 2
-$5{x} >= -10 && $5{x} >= 1 && $4{y} == 6 && -$2{x} >= -10 && $2{x} >= 0 && $1{$1} == 1 ? 11
-$5{x} >= -10 && $5{x} >= 1 && $4{y} >= 7 && -$2{x} >= -10 && $2{x} >= 0 && $1{$1} == 1 ? 9$4{y}-6$5{x}+97
-$5{x} >= -20 && $5{x} >= 11 && -$4{y} >= 6 && -$2{x} >= -10 && $2{x} >= 0 && $1{$1} == 1 ? 8
-$5{x} >= -20 && $5{x} >= 11 && -$4{y} >= -5 && $4{y} >= -5 && -$2{x} >= -10 && $2{x} >= 0 && $1{$1} == 1 ? 2
-$5{x} >= -20 && $5{x} >= 11 && $4{y} == 6 && -$2{x} >= -10 && $2{x} >= 0 && $1{$1} == 1 ? 8
-$5{x} >= -20 && $5{x} >= 11 && $4{y} >= 7 && -$2{x} >= -10 && $2{x} >= 0 && $1{$1} == 1 ? 8
-$5{x} >= -30 && $5{x} >= 21 && -$4{y} >= 6 && -$2{x} >= -10 && $2{x} >= 0 && $1{$1} == 1 ? 7
-$5{x} >= -30 && $5{x} >= 21 && -$4{y} >= -5 && $4{y} >= -5 && -$2{x} >= -10 && $2{x} >= 0 && $1{$1} == 1 ? 2
-$5{x} >= -30 && $5{x} >= 21 && $4{y} == 6 && -$2{x} >= -10 && $2{x} >= 0 && $1{$1} == 1 ? 7
-$5{x} >= -30 && $5{x} >= 21 && $4{y} >= 7 && -$2{x} >= -10 && $2{x} >= 0 && $1{$1} == 1 ? 7
-$5{x} >= -40 && $5{x} >= 31 && -$4{y} >= 6 && -$2{x} >= -10 && $2{x} >= 0 && $1{$1} == 1 ? 6
-$5{x} >= -40 && $5{x} >= 31 && -$4{y} >= -5 && $4{y} >= -5 && -$2{x} >= -10 && $2{x} >= 0 && $1{$1} == 1 ? 2
-$5{x} >= -40 && $5{x} >= 31 && $4{y} == 6 && -$2{x} >= -10 && $2{x} >= 0 && $1{$1} == 1 ? 6
-$5{x} >= -40 && $5{x} >= 31 && $4{y} >= 7 && -$2{x} >= -10 && $2{x} >= 0 && $1{$1} == 1 ? 6
$5{x} >= 41 && -$4{y} >= 6 && -$2{x} >= -10 && $2{x} >= 0 && $1{$1} == 1 ? 5
$5{x} >= 41 && -$4{y} >= -5 && $4{y} >= -5 && -$2{x} >= -10 && $2{x} >= 0 && $1{$1} == 1 ? 2
$5{x} >= 41 && $4{y} == 6 && -$2{x} >= -10 && $2{x} >= 0 && $1{$1} == 1 ? 5
$5{x} >= 41 && $4{y} >= 7 && -$2{x} >= -10 && $2{x} >= 0 && $1{$1} == 1 ? 5

[78:]: -$4{y} >= -5 && $4{y} >= -5 ? 1

[79:]: -$4{y} >= -5 && $4{y} >= -5 && $3{$3} == 0 ? 0.

[80:]: 
Analysis Result: TRUE

Done.
