
CFG:
List of variables:
  $1{x}:int at tests/termination/example2b.c:11.17-18
  $2{__return_get_step}:int at tests/termination/example2b.c:11.0-16.1
  $3{__return_main}:int at tests/termination/example2b.c:18.0-29.1
  $4{y}:int at tests/termination/example2b.c:19.6-7
  $5{x}:int at tests/termination/example2b.c:19.9-10
  $6{step}:int at tests/termination/example2b.c:19.12-16
  $7{__ret_get_step}:int at tests/termination/example2b.c:23.14-22
  $8{__ret_get_step}:int at tests/termination/example2b.c:25.14-22

List of functions:
  1: get_step($1{x}:int) -> $2{__return_get_step}:int at tests/termination/example2b.c:11.0-16.1, entry: 1, exit: 2, calls: 16->17 13->14
  2: main() -> $3{__return_main}:int at tests/termination/example2b.c:18.0-29.1, entry: 22, exit: 21, calls:

List of nodes:
  22: at :0:-1, in: out:5 
  21: at :0:-1, in: 6 out:
  1: at tests/termination/example2b.c:11:0, in: out:3 4 
  2: at tests/termination/example2b.c:16:1, in: 3 4 out:
  3: at tests/termination/example2b.c:14:3, in: 1 out:2 
  4: at tests/termination/example2b.c:12:14, in: 1 out:2 
  5: at tests/termination/example2b.c:18:0, in: 22 out:7 
  6: at tests/termination/example2b.c:29:1, in: 9 out:21 
  7: at tests/termination/example2b.c:19:17, in: 5 out:8 
  8: at tests/termination/example2b.c:20:8, in: 18 15 7 out:9 10 
  9: at tests/termination/example2b.c:27:3, in: 8 out:6 
  10: at tests/termination/example2b.c:21:25, in: 8 out:11 12 
  11: at tests/termination/example2b.c:24:11, in: 10 out:16 
  12: at tests/termination/example2b.c:22:15, in: 10 out:13 
  13: at tests/termination/example2b.c:23:24, in: 12 out:23 
  14: at tests/termination/example2b.c:23:22, in: 24 out:15 
  15: at tests/termination/example2b.c:23:22, in: 14 out:8 
  16: at tests/termination/example2b.c:25:25, in: 11 out:27 
  17: at tests/termination/example2b.c:25:22, in: 28 out:18 
  18: at tests/termination/example2b.c:25:22, in: 17 out:8 
  19: at tests/termination/example2b.c:11:0, in: out:20 
  20: at tests/termination/example2b.c:29:1, in: 19 out:
  23: at tests/termination/example2b.c:11:0, in: 13 out:25 26 
  24: at tests/termination/example2b.c:16:1, in: 25 26 out:14 
  25: at tests/termination/example2b.c:14:3, in: 23 out:24 
  26: at tests/termination/example2b.c:12:14, in: 23 out:24 
  27: at tests/termination/example2b.c:11:0, in: 16 out:29 30 
  28: at tests/termination/example2b.c:16:1, in: 29 30 out:17 
  29: at tests/termination/example2b.c:14:3, in: 27 out:28 
  30: at tests/termination/example2b.c:12:14, in: 27 out:28 

List of arcs:
  28 -> 17: return: get_step
  16 -> 27: call: get_step
  24 -> 14: return: get_step
  13 -> 23: call: get_step
  22 -> 5: label entry
  6 -> 21: label exit
  1 -> 4: $1{x} > 10 ?
  1 -> 3: ! ($1{x} > 10) ?
  4 -> 2: $2{__return_get_step} = 2
  3 -> 2: $2{__return_get_step} = 1
  5 -> 7: skip
  7 -> 8: $5{x} = $4{y}
  8 -> 10: $4{y} < - 2 || $4{y} > 2 ?
  8 -> 9: ! ($4{y} < - 2 || $4{y} > 2) ?
  10 -> 12: $5{x} > 0 ?
  10 -> 11: ! ($5{x} > 0) ?
  12 -> 13: $1{x} = $5{x}
  14 -> 15: $7{__ret_get_step} = $2{__return_get_step}
  15 -> 8: $4{y} = $4{y} - $7{__ret_get_step}
  11 -> 16: $1{x} = - $5{x}
  17 -> 18: $8{__ret_get_step} = $2{__return_get_step}
  18 -> 8: $4{y} = $4{y} + $8{__ret_get_step}
  9 -> 6: $3{__return_main} = 0
  19 -> 20: skip
  23 -> 25: ! ($1{x} > 10) ?
  23 -> 26: $1{x} > 10 ?
  25 -> 24: $2{__return_get_step} = 1
  26 -> 24: $2{__return_get_step} = 2
  27 -> 29: ! ($1{x} > 10) ?
  27 -> 30: $1{x} > 10 ?
  29 -> 28: $2{__return_get_step} = 1
  30 -> 28: $2{__return_get_step} = 2


Forwad Analysis: 
[1]: bottom
[2]: bottom
[3]: bottom
[4]: bottom
[5]: top
[6]: -$4{y} >= -2 && $4{y} >= -2 && $3{__return_main} == 0
[7]: top
[8]: top
[9]: -$4{y} >= -2 && $4{y} >= -2
[10]: top
[11]: -$5{x} >= 0
[12]: $5{x} >= 1
[13]: $5{x} >= 1 && $1{x} >= 1
[14]: $5{x} >= 1 && -$2{__return_get_step} >= -2 && $2{__return_get_step} >= 1 && $1{x} >= 1
[15]: -$7{__ret_get_step} >= -2 && $7{__ret_get_step} >= 1 && $5{x} >= 1 && -$2{__return_get_step} >= -2 && $2{__return_get_step} >= 1 && $1{x} >= 1
[16]: -$5{x} >= 0 && $1{x} >= 0
[17]: -$5{x} >= 0 && -$2{__return_get_step} >= -2 && $2{__return_get_step} >= 1 && $1{x} >= 0
[18]: -$8{__ret_get_step} >= -2 && $8{__ret_get_step} >= 1 && -$5{x} >= 0 && -$2{__return_get_step} >= -2 && $2{__return_get_step} >= 1 && $1{x} >= 0
[19]: top
[20]: top
[21]: -$4{y} >= -2 && $4{y} >= -2 && $3{__return_main} == 0
[22]: top
[23]: $5{x} >= 1 && $1{x} >= 1
[24]: $5{x} >= 1 && -$2{__return_get_step} >= -2 && $2{__return_get_step} >= 1 && $1{x} >= 1
[25]: $5{x} >= 1 && -$1{x} >= -10 && $1{x} >= 1
[26]: $5{x} >= 1 && $1{x} >= 11
[27]: -$5{x} >= 0 && $1{x} >= 0
[28]: -$5{x} >= 0 && -$2{__return_get_step} >= -2 && $2{__return_get_step} >= 1 && $1{x} >= 0
[29]: -$5{x} >= 0 && -$1{x} >= -10 && $1{x} >= 0
[30]: -$5{x} >= 0 && $1{x} >= 11
 
Property: exit: true

[1:]:
top ? bottom

[2:]:
top ? bottom

[3:]:
top ? bottom

[4:]:
top ? bottom

[5:]:
top ? bottom

[6:]:
top ? bottom

[7:]:
top ? bottom

[8:]:
top ? bottom

[9:]:
top ? bottom

[10:]:
top ? bottom

[11:]:
top ? bottom

[12:]:
top ? bottom

[13:]:
top ? bottom

[14:]:
top ? bottom

[15:]:
top ? bottom

[16:]:
top ? bottom

[17:]:
top ? bottom

[18:]:
top ? bottom

[19:]:
top ? bottom

[20:]:
top ? bottom

[21:]:
top ? 0.

[22:]:
top ? bottom

[23:]:
top ? bottom

[24:]:
top ? bottom

[25:]:
top ? bottom

[26:]:
top ? bottom

[27:]:
top ? bottom

[28:]:
top ? bottom

[29:]:
top ? bottom

[30:]:
top ? bottom

Property: AF{exit: true}

[1:]:
top ? bottom

[2:]:
top ? bottom

[3:]:
top ? bottom

[4:]:
top ? bottom

[5:]:
-$4{y} >= 3 ? bottom
-$4{y} >= -2 && $4{y} >= -2 ? 3
$4{y} >= 3 ? bottom

[6:]:
-$4{y} >= -2 && $4{y} >= -2 && $3{__return_main} == 0 ? 0.

[7:]:
-$4{y} >= 3 ? bottom
-$4{y} >= -2 && $4{y} >= -2 ? 3
$4{y} >= 3 ? bottom

[8:]:
-$5{x} >= 11 && -$4{y} >= 3 ? bottom
-$5{x} >= 11 && -$4{y} >= -2 && $4{y} >= -2 ? 2
-$5{x} >= 11 && $4{y} >= 3 ? bottom
-$5{x} >= 0 && $5{x} >= -10 && -$4{y} >= 3 ? bottom
-$5{x} >= 0 && $5{x} >= -10 && -$4{y} >= -2 && $4{y} >= -2 ? 2
-$5{x} >= 0 && $5{x} >= -10 && $4{y} >= 3 ? bottom
-$5{x} >= -10 && $5{x} >= 1 && -$4{y} >= 3 ? bottom
-$5{x} >= -10 && $5{x} >= 1 && -$4{y} >= -2 && $4{y} >= -2 ? 2
-$5{x} >= -10 && $5{x} >= 1 && $4{y} >= 3 ? bottom
$5{x} >= 11 && -$4{y} >= 3 ? bottom
$5{x} >= 11 && -$4{y} >= -2 && $4{y} >= -2 ? 2
$5{x} >= 11 && $4{y} >= 3 ? bottom

[9:]:
-$4{y} >= -2 && $4{y} >= -2 ? 1

[10:]:
top ? bottom

[11:]:
-$5{x} >= 0 ? bottom

[12:]:
$5{x} >= 1 ? bottom

[13:]:
$5{x} >= 1 && $1{x} >= 1 ? bottom

[14:]:
$5{x} >= 1 && -$2{__return_get_step} >= -2 && $2{__return_get_step} >= 1 && $1{x} >= 1 ? bottom

[15:]:
-$7{__ret_get_step} >= -2 && $7{__ret_get_step} >= 1 && $5{x} >= 1 && -$2{__return_get_step} >= -2 && $2{__return_get_step} >= 1 && $1{x} >= 1 ? bottom

[16:]:
-$5{x} >= 0 && $1{x} >= 0 ? bottom

[17:]:
-$5{x} >= 0 && -$2{__return_get_step} >= -2 && $2{__return_get_step} >= 1 && $1{x} >= 0 ? bottom

[18:]:
-$8{__ret_get_step} >= -2 && $8{__ret_get_step} >= 1 && -$5{x} >= 0 && -$2{__return_get_step} >= -2 && $2{__return_get_step} >= 1 && $1{x} >= 0 ? bottom

[19:]:
top ? bottom

[20:]:
top ? bottom

[21:]:
-$4{y} >= -2 && $4{y} >= -2 && $3{__return_main} == 0 ? 0.

[22:]:
-$4{y} >= 3 ? bottom
-$4{y} >= -2 && $4{y} >= -2 ? 3
$4{y} >= 3 ? bottom

[23:]:
$5{x} >= 1 && $1{x} >= 1 ? bottom

[24:]:
$5{x} >= 1 && -$2{__return_get_step} >= -2 && $2{__return_get_step} >= 1 && $1{x} >= 1 ? bottom

[25:]:
$5{x} >= 1 && -$1{x} >= -10 && $1{x} >= 1 ? bottom

[26:]:
$5{x} >= 1 && $1{x} >= 11 ? bottom

[27:]:
-$5{x} >= 0 && $1{x} >= 0 ? bottom

[28:]:
-$5{x} >= 0 && -$2{__return_get_step} >= -2 && $2{__return_get_step} >= 1 && $1{x} >= 0 ? bottom

[29:]:
-$5{x} >= 0 && -$1{x} >= -10 && $1{x} >= 0 ? bottom

[30:]:
-$5{x} >= 0 && $1{x} >= 11 ? bottom


Analysis Result: UNKNOWN
