
CFG:
List of variables:
  $1{x}:int at tests/example2c.c:11.17-18
  $2{__return_get_step}:int at tests/example2c.c:11.0-18.1
  $3{__return_main}:int at tests/example2c.c:20.0-31.1
  $4{y}:int at tests/example2c.c:21.6-7
  $5{x}:int at tests/example2c.c:21.9-10
  $6{step}:int at tests/example2c.c:21.12-16
  $7{__ret_get_step}:int at tests/example2c.c:25.14-22
  $8{__ret_get_step}:int at tests/example2c.c:27.14-22

List of functions:
  1: get_step($1{x}:int) -> $2{__return_get_step}:int at tests/example2c.c:11.0-18.1, entry: 1, exit: 2, calls: 18->19 15->16
  2: main() -> $3{__return_main}:int at tests/example2c.c:20.0-31.1, entry: 24, exit: 23, calls:

List of nodes:
  24: at :0:-1, in: out:7 
  23: at :0:-1, in: 8 out:
  1: at tests/example2c.c:11:0, in: out:4 5 
  2: at tests/example2c.c:18:1, in: 3 6 5 out:
  3: at tests/example2c.c:16:3, in: 4 out:2 
  4: at tests/example2c.c:14:9, in: 1 out:3 6 
  5: at tests/example2c.c:12:14, in: 1 out:2 
  6: at tests/example2c.c:14:21, in: 4 out:2 
  7: at tests/example2c.c:20:0, in: 24 out:9 
  8: at tests/example2c.c:31:1, in: 11 out:23 
  9: at tests/example2c.c:21:17, in: 7 out:10 
  10: at tests/example2c.c:22:8, in: 20 17 9 out:11 12 
  11: at tests/example2c.c:29:3, in: 10 out:8 
  12: at tests/example2c.c:23:25, in: 10 out:13 14 
  13: at tests/example2c.c:26:11, in: 12 out:18 
  14: at tests/example2c.c:24:15, in: 12 out:15 
  15: at tests/example2c.c:25:24, in: 14 out:25 
  16: at tests/example2c.c:25:22, in: 26 out:17 
  17: at tests/example2c.c:25:22, in: 16 out:10 
  18: at tests/example2c.c:27:25, in: 13 out:31 
  19: at tests/example2c.c:27:22, in: 32 out:20 
  20: at tests/example2c.c:27:22, in: 19 out:10 
  21: at tests/example2c.c:11:0, in: out:22 
  22: at tests/example2c.c:31:1, in: 21 out:
  25: at tests/example2c.c:11:0, in: 15 out:28 29 
  26: at tests/example2c.c:18:1, in: 27 30 29 out:16 
  27: at tests/example2c.c:16:3, in: 28 out:26 
  28: at tests/example2c.c:14:9, in: 25 out:27 30 
  29: at tests/example2c.c:12:14, in: 25 out:26 
  30: at tests/example2c.c:14:21, in: 28 out:26 
  31: at tests/example2c.c:11:0, in: 18 out:34 35 
  32: at tests/example2c.c:18:1, in: 33 36 35 out:19 
  33: at tests/example2c.c:16:3, in: 34 out:32 
  34: at tests/example2c.c:14:9, in: 31 out:33 36 
  35: at tests/example2c.c:12:14, in: 31 out:32 
  36: at tests/example2c.c:14:21, in: 34 out:32 

List of arcs:
  32 -> 19: return: get_step
  18 -> 31: call: get_step
  26 -> 16: return: get_step
  15 -> 25: call: get_step
  24 -> 7: label entry
  8 -> 23: label exit
  1 -> 5: $1{x} > 20 ?
  1 -> 4: ! ($1{x} > 20) ?
  5 -> 2: $2{__return_get_step} = 3
  4 -> 6: $1{x} > 10 ?
  4 -> 3: ! ($1{x} > 10) ?
  6 -> 2: $2{__return_get_step} = 2
  3 -> 2: $2{__return_get_step} = 1
  7 -> 9: skip
  9 -> 10: $5{x} = $4{y}
  10 -> 12: $4{y} < - 3 || $4{y} > 3 ?
  10 -> 11: ! ($4{y} < - 3 || $4{y} > 3) ?
  12 -> 14: $5{x} > 0 ?
  12 -> 13: ! ($5{x} > 0) ?
  14 -> 15: $1{x} = $5{x}
  16 -> 17: $7{__ret_get_step} = $2{__return_get_step}
  17 -> 10: $4{y} = $4{y} - $7{__ret_get_step}
  13 -> 18: $1{x} = - $5{x}
  19 -> 20: $8{__ret_get_step} = $2{__return_get_step}
  20 -> 10: $4{y} = $4{y} + $8{__ret_get_step}
  11 -> 8: $3{__return_main} = 0
  21 -> 22: skip
  25 -> 28: ! ($1{x} > 20) ?
  25 -> 29: $1{x} > 20 ?
  27 -> 26: $2{__return_get_step} = 1
  28 -> 27: ! ($1{x} > 10) ?
  28 -> 30: $1{x} > 10 ?
  29 -> 26: $2{__return_get_step} = 3
  30 -> 26: $2{__return_get_step} = 2
  31 -> 34: ! ($1{x} > 20) ?
  31 -> 35: $1{x} > 20 ?
  33 -> 32: $2{__return_get_step} = 1
  34 -> 33: ! ($1{x} > 10) ?
  34 -> 36: $1{x} > 10 ?
  35 -> 32: $2{__return_get_step} = 3
  36 -> 32: $2{__return_get_step} = 2


Forwad Analysis: 
[1]: bottom
[2]: bottom
[3]: bottom
[4]: bottom
[5]: bottom
[6]: bottom
[7]: top
[8]: -$4{y} >= -3 && $4{y} >= -3 && $3{__return_main} == 0
[9]: top
[10]: top
[11]: -$4{y} >= -3 && $4{y} >= -3
[12]: top
[13]: -$5{x} >= 0
[14]: $5{x} >= 1
[15]: $5{x} >= 1 && $1{x} >= 1
[16]: $5{x} >= 1 && -$2{__return_get_step} >= -3 && $2{__return_get_step} >= 1 && $1{x} >= 1
[17]: -$7{__ret_get_step} >= -3 && $7{__ret_get_step} >= 1 && $5{x} >= 1 && -$2{__return_get_step} >= -3 && $2{__return_get_step} >= 1 && $1{x} >= 1
[18]: -$5{x} >= 0 && $1{x} >= 0
[19]: -$5{x} >= 0 && -$2{__return_get_step} >= -3 && $2{__return_get_step} >= 1 && $1{x} >= 0
[20]: -$8{__ret_get_step} >= -3 && $8{__ret_get_step} >= 1 && -$5{x} >= 0 && -$2{__return_get_step} >= -3 && $2{__return_get_step} >= 1 && $1{x} >= 0
[21]: top
[22]: top
[23]: -$4{y} >= -3 && $4{y} >= -3 && $3{__return_main} == 0
[24]: top
[25]: $5{x} >= 1 && $1{x} >= 1
[26]: $5{x} >= 1 && -$2{__return_get_step} >= -3 && $2{__return_get_step} >= 1 && $1{x} >= 1
[27]: $5{x} >= 1 && -$1{x} >= -10 && $1{x} >= 1
[28]: $5{x} >= 1 && -$1{x} >= -20 && $1{x} >= 1
[29]: $5{x} >= 1 && $1{x} >= 21
[30]: $5{x} >= 1 && -$1{x} >= -20 && $1{x} >= 11
[31]: -$5{x} >= 0 && $1{x} >= 0
[32]: -$5{x} >= 0 && -$2{__return_get_step} >= -3 && $2{__return_get_step} >= 1 && $1{x} >= 0
[33]: -$5{x} >= 0 && -$1{x} >= -10 && $1{x} >= 0
[34]: -$5{x} >= 0 && -$1{x} >= -20 && $1{x} >= 0
[35]: -$5{x} >= 0 && $1{x} >= 21
[36]: -$5{x} >= 0 && -$1{x} >= -20 && $1{x} >= 11
 
Property: exit: true

[1:]:
top ? bottom

[2:]:
top ? bottom

[3:]:
top ? bottom

[4:]:
top ? bottom

[5:]:
top ? bottom

[6:]:
top ? bottom

[7:]:
top ? bottom

[8:]:
top ? bottom

[9:]:
top ? bottom

[10:]:
top ? bottom

[11:]:
top ? bottom

[12:]:
top ? bottom

[13:]:
top ? bottom

[14:]:
top ? bottom

[15:]:
top ? bottom

[16:]:
top ? bottom

[17:]:
top ? bottom

[18:]:
top ? bottom

[19:]:
top ? bottom

[20:]:
top ? bottom

[21:]:
top ? bottom

[22:]:
top ? bottom

[23:]:
top ? 0.

[24:]:
top ? bottom

[25:]:
top ? bottom

[26:]:
top ? bottom

[27:]:
top ? bottom

[28:]:
top ? bottom

[29:]:
top ? bottom

[30:]:
top ? bottom

[31:]:
top ? bottom

[32:]:
top ? bottom

[33:]:
top ? bottom

[34:]:
top ? bottom

[35:]:
top ? bottom

[36:]:
top ? bottom

Property: AF{exit: true}

[1:]:
top ? bottom

[2:]:
top ? bottom

[3:]:
top ? bottom

[4:]:
top ? bottom

[5:]:
top ? bottom

[6:]:
top ? bottom

[7:]:
-$4{y} >= 4 ? bottom
-$4{y} >= -3 && $4{y} >= -3 ? 3
$4{y} >= 4 ? bottom

[8:]:
-$4{y} >= -3 && $4{y} >= -3 && $3{__return_main} == 0 ? 0.

[9:]:
-$4{y} >= 4 ? bottom
-$4{y} >= -3 && $4{y} >= -3 ? 3
$4{y} >= 4 ? bottom

[10:]:
-$5{x} >= 21 && -$4{y} >= 4 ? bottom
-$5{x} >= 21 && -$4{y} >= -3 && $4{y} >= -3 ? 2
-$5{x} >= 21 && $4{y} >= 4 ? bottom
-$5{x} >= 11 && $5{x} >= -20 && -$4{y} >= 4 ? bottom
-$5{x} >= 11 && $5{x} >= -20 && -$4{y} >= -3 && $4{y} >= -3 ? 2
-$5{x} >= 11 && $5{x} >= -20 && $4{y} >= 4 ? bottom
-$5{x} >= 0 && $5{x} >= -10 && -$4{y} >= 4 ? bottom
-$5{x} >= 0 && $5{x} >= -10 && -$4{y} >= -3 && $4{y} >= -3 ? 2
-$5{x} >= 0 && $5{x} >= -10 && $4{y} >= 4 ? bottom
-$5{x} >= -10 && $5{x} >= 1 && -$4{y} >= 4 ? bottom
-$5{x} >= -10 && $5{x} >= 1 && -$4{y} >= -3 && $4{y} >= -3 ? 2
-$5{x} >= -10 && $5{x} >= 1 && $4{y} >= 4 ? bottom
-$5{x} >= -20 && $5{x} >= 11 && -$4{y} >= 4 ? bottom
-$5{x} >= -20 && $5{x} >= 11 && -$4{y} >= -3 && $4{y} >= -3 ? 2
-$5{x} >= -20 && $5{x} >= 11 && $4{y} >= 4 ? bottom
$5{x} >= 21 && -$4{y} >= 4 ? bottom
$5{x} >= 21 && -$4{y} >= -3 && $4{y} >= -3 ? 2
$5{x} >= 21 && $4{y} >= 4 ? bottom

[11:]:
-$4{y} >= -3 && $4{y} >= -3 ? 1

[12:]:
top ? bottom

[13:]:
-$5{x} >= 0 ? bottom

[14:]:
$5{x} >= 1 ? bottom

[15:]:
$5{x} >= 1 && $1{x} >= 1 ? bottom

[16:]:
$5{x} >= 1 && -$2{__return_get_step} >= -3 && $2{__return_get_step} >= 1 && $1{x} >= 1 ? bottom

[17:]:
-$7{__ret_get_step} >= -3 && $7{__ret_get_step} >= 1 && $5{x} >= 1 && -$2{__return_get_step} >= -3 && $2{__return_get_step} >= 1 && $1{x} >= 1 ? bottom

[18:]:
-$5{x} >= 0 && $1{x} >= 0 ? bottom

[19:]:
-$5{x} >= 0 && -$2{__return_get_step} >= -3 && $2{__return_get_step} >= 1 && $1{x} >= 0 ? bottom

[20:]:
-$8{__ret_get_step} >= -3 && $8{__ret_get_step} >= 1 && -$5{x} >= 0 && -$2{__return_get_step} >= -3 && $2{__return_get_step} >= 1 && $1{x} >= 0 ? bottom

[21:]:
top ? bottom

[22:]:
top ? bottom

[23:]:
-$4{y} >= -3 && $4{y} >= -3 && $3{__return_main} == 0 ? 0.

[24:]:
-$4{y} >= 4 ? bottom
-$4{y} >= -3 && $4{y} >= -3 ? 3
$4{y} >= 4 ? bottom

[25:]:
$5{x} >= 1 && $1{x} >= 1 ? bottom

[26:]:
$5{x} >= 1 && -$2{__return_get_step} >= -3 && $2{__return_get_step} >= 1 && $1{x} >= 1 ? bottom

[27:]:
$5{x} >= 1 && -$1{x} >= -10 && $1{x} >= 1 ? bottom

[28:]:
$5{x} >= 1 && -$1{x} >= -20 && $1{x} >= 1 ? bottom

[29:]:
$5{x} >= 1 && $1{x} >= 21 ? bottom

[30:]:
$5{x} >= 1 && -$1{x} >= -20 && $1{x} >= 11 ? bottom

[31:]:
-$5{x} >= 0 && $1{x} >= 0 ? bottom

[32:]:
-$5{x} >= 0 && -$2{__return_get_step} >= -3 && $2{__return_get_step} >= 1 && $1{x} >= 0 ? bottom

[33:]:
-$5{x} >= 0 && -$1{x} >= -10 && $1{x} >= 0 ? bottom

[34:]:
-$5{x} >= 0 && -$1{x} >= -20 && $1{x} >= 0 ? bottom

[35:]:
-$5{x} >= 0 && $1{x} >= 21 ? bottom

[36:]:
-$5{x} >= 0 && -$1{x} >= -20 && $1{x} >= 11 ? bottom


Analysis Result: UNKNOWN
