
Abstract Syntax:
[ 1:]
int main( ):
[ 2:] while [ 3:] ( $2{x} >= 0 ) do
[ 4:]   $3{y} := $3{y} - $2{x}
[ 5:]   $2{x} := $2{x} - 1
[ 6:]
      od
[ 7:] $1{$1} := 0
[ 8:] return
[ 9:]

Forward Analysis:
[ 1:]: top
[ 2:]: top
[ 3:]: top
[ 4:]: $2{x} >= 0
[ 5:]: $2{x} >= 0
[ 6:]: $2{x} >= -1
[ 7:]: -$2{x} >= 1
[ 8:]: -$2{x} >= 1 && $1{$1} == 0
[ 9:]: bottom

Backward Analysis:
[ 1:]: -$2{x} >= 1 ? 2
$2{x} == 0 ? 5
$2{x} >= 1 ? 3$2{x}+5

[ 2:]: -$2{x} >= 1 ? 2
$2{x} == 0 ? 5
$2{x} >= 1 ? 3$2{x}+5

[ 3:]: -$2{x} >= 1 ? 2
$2{x} == 0 ? 5
$2{x} >= 1 ? 3$2{x}+5

[ 4:]: -$2{x} >= 0 ? 4
$2{x} == 1 ? 7
$2{x} >= 2 ? 3$2{x}+4

[ 5:]: -$2{x} >= 0 ? 3
$2{x} == 1 ? 6
$2{x} >= 2 ? 3$2{x}+3

[ 6:]: -$2{x} >= 1 ? 2
$2{x} == 0 ? 5
$2{x} >= 1 ? 3$2{x}+5

[ 7:]: top ? 1

[ 8:]: top ? 0.

[ 9:]: top ? 0.

Analysis Result: TRUE

Done.
