
Abstract Syntax:
[ 1:]
int main( ):
[ 2:] while [ 3:] ( $2{x} <= 10 ) do
[ 4:]   $2{x} := $2{x} + 1
[ 5:]   $3{y} := $3{y} + $2{x}
[ 6:]
      od
[ 7:] $1{$1} := 0
[ 8:] return
[ 9:]

Forward Analysis:
[ 1:]: top
[ 2:]: top
[ 3:]: top
[ 4:]: -$2{x} >= -10
[ 5:]: -$2{x} >= -11
[ 6:]: -$2{x} >= -11
[ 7:]: $2{x} >= 11
[ 8:]: $2{x} >= 11 && $1{$1} == 0
[ 9:]: bottom

Backward Analysis:
[ 1:]: -$2{x} >= -9 ? -3$2{x}+35
$2{x} == 10 ? 5
$2{x} >= 11 ? 2

[ 2:]: -$2{x} >= -9 ? -3$2{x}+35
$2{x} == 10 ? 5
$2{x} >= 11 ? 2

[ 3:]: -$2{x} >= -9 ? -3$2{x}+35
$2{x} == 10 ? 5
$2{x} >= 11 ? 2

[ 4:]: -$2{x} >= -8 ? -3$2{x}+34
$2{x} == 9 ? 7
$2{x} >= 10 ? 4

[ 5:]: -$2{x} >= -9 ? -3$2{x}+36
$2{x} == 10 ? 6
$2{x} >= 11 ? 3

[ 6:]: -$2{x} >= -9 ? -3$2{x}+35
$2{x} == 10 ? 5
$2{x} >= 11 ? 2

[ 7:]: top ? 1

[ 8:]: top ? 0.

[ 9:]: top ? 0.

Analysis Result: TRUE

Done.
