
CFG:
List of variables:
  $1{__return_main}:int at tests/sas2010.c:10.0-22.1
  $2{x1}:int at tests/sas2010.c:11.6-8
  $3{x2}:int at tests/sas2010.c:11.10-12

List of functions:
  1: main() -> $1{__return_main}:int at tests/sas2010.c:10.0-22.1, entry: 13, exit: 12, calls:

List of nodes:
  13: at :0:-1, in: out:1 
  12: at :0:-1, in: 2 out:
  1: at tests/sas2010.c:10:0, in: 13 out:3 
  2: at tests/sas2010.c:22:1, in: 4 out:12 
  3: at tests/sas2010.c:11:13, in: 6 1 out:4 5 
  4: at tests/sas2010.c:20:3, in: 3 out:2 
  5: at tests/sas2010.c:12:29, in: 3 out:6 7 
  6: at tests/sas2010.c:18:5, in: 8 5 out:3 
  7: at tests/sas2010.c:13:11, in: 9 5 out:8 9 
  8: at tests/sas2010.c:16:7, in: 7 out:6 
  9: at tests/sas2010.c:14:28, in: 7 out:7 
  10: at tests/sas2010.c:10:0, in: out:11 
  11: at tests/sas2010.c:22:1, in: 10 out:

List of arcs:
  13 -> 1: label entry
  2 -> 12: label exit
  1 -> 3: skip
  3 -> 5: $2{x1} >= 0 && $3{x2} >= 0 ?
  3 -> 4: ! ($2{x1} >= 0 && $3{x2} >= 0) ?
  5 -> 7: brand ?
  5 -> 6: ! (brand) ?
  7 -> 9: $3{x2} <= 10 && brand ?
  7 -> 8: ! ($3{x2} <= 10 && brand) ?
  9 -> 7: $3{x2} = $3{x2} + 1
  8 -> 6: $2{x1} = $2{x1} - 1
  6 -> 3: $3{x2} = $3{x2} - 1
  4 -> 2: $1{__return_main} = 0
  10 -> 11: skip


Property: exit: true

[1:]:
top ? bottom

[2:]:
top ? bottom

[3:]:
top ? bottom

[4:]:
top ? bottom

[5:]:
top ? bottom

[6:]:
top ? bottom

[7:]:
top ? bottom

[8:]:
top ? bottom

[9:]:
top ? bottom

[10:]:
top ? bottom

[11:]:
top ? bottom

[12:]:
top ? 0.

[13:]:
top ? bottom

Property: AF{exit: true}

[1:]:
-$3{x2} >= 1 ? 2
$3{x2} >= 0 && -$2{x1} >= 1 ? 2
$3{x2} >= 0 && $2{x1} >= 0 ? bottom

[2:]:
top ? 0.

[3:]:
-$3{x2} >= 1 ? 2
$3{x2} >= 0 && -$2{x1} >= 1 ? 2
$3{x2} >= 0 && $2{x1} >= 0 ? bottom

[4:]:
top ? 1

[5:]:
-$3{x2} >= 2 && -$2{x1} >= 0 ? -2$3{x2}+28
-$3{x2} >= 2 && $2{x1} >= 1 ? bottom
$3{x2} == -1 && -$2{x1} >= 0 ? 30
$3{x2} == -1 && $2{x1} >= 1 ? bottom
$3{x2} == 0 && -$2{x1} >= 0 ? 28
$3{x2} == 0 && $2{x1} >= 1 ? bottom
-$3{x2} >= -8 && $3{x2} >= 1 && -$2{x1} >= 1 ? -2$3{x2}+28
-$3{x2} >= -8 && $3{x2} >= 1 && $2{x1} >= 0 ? bottom
$3{x2} == 9 && -$2{x1} >= 1 ? 10
$3{x2} == 9 && $2{x1} >= 0 ? bottom
$3{x2} == 10 && -$2{x1} >= 1 ? 8
$3{x2} == 10 && $2{x1} >= 0 ? bottom
$3{x2} >= 11 && -$2{x1} >= 1 ? 6
$3{x2} >= 11 && $2{x1} >= 0 ? bottom

[6:]:
-$3{x2} >= 0 ? 3
$3{x2} >= 1 && -$2{x1} >= 1 ? 3
$3{x2} >= 1 && $2{x1} >= 0 ? bottom

[7:]:
-$3{x2} >= 3 && -$2{x1} >= 0 ? -2$3{x2}+27
-$3{x2} >= 3 && $2{x1} >= 1 ? bottom
$3{x2} == -2 && -$2{x1} >= 0 ? 31
$3{x2} == -2 && $2{x1} >= 1 ? bottom
$3{x2} == -1 && -$2{x1} >= 0 ? 29
$3{x2} == -1 && $2{x1} >= 1 ? bottom
$3{x2} == 0 && -$2{x1} >= 0 ? 27
$3{x2} == 0 && $2{x1} >= 1 ? bottom
-$3{x2} >= -7 && $3{x2} >= 1 && -$2{x1} >= 0 ? -2$3{x2}+27
-$3{x2} >= -7 && $3{x2} >= 1 && $2{x1} >= 1 ? bottom
$3{x2} == 8 && -$2{x1} >= 0 ? 11
$3{x2} == 8 && $2{x1} >= 1 ? bottom
$3{x2} == 9 && -$2{x1} >= 0 ? 9
$3{x2} == 9 && $2{x1} >= 1 ? bottom
$3{x2} == 10 && -$2{x1} >= 0 ? 7
$3{x2} == 10 && $2{x1} >= 1 ? bottom
$3{x2} >= 11 && -$2{x1} >= 0 ? 5
$3{x2} >= 11 && $2{x1} >= 1 ? bottom

[8:]:
-$3{x2} >= 0 ? 4
$3{x2} >= 1 && -$2{x1} >= 0 ? 4
$3{x2} >= 1 && $2{x1} >= 1 ? bottom

[9:]:
-$3{x2} >= 3 && -$2{x1} >= 0 ? -2$3{x2}+26
-$3{x2} >= 3 && $2{x1} >= 1 ? bottom
$3{x2} == -2 && -$2{x1} >= 0 ? 30
$3{x2} == -2 && $2{x1} >= 1 ? bottom
$3{x2} == -1 && -$2{x1} >= 0 ? 28
$3{x2} == -1 && $2{x1} >= 1 ? bottom
-$3{x2} >= -7 && $3{x2} >= 0 && -$2{x1} >= 0 ? -2$3{x2}+26
-$3{x2} >= -7 && $3{x2} >= 0 && $2{x1} >= 1 ? bottom
$3{x2} == 8 && -$2{x1} >= 0 ? 10
$3{x2} == 8 && $2{x1} >= 1 ? bottom
$3{x2} == 9 && -$2{x1} >= 0 ? 8
$3{x2} == 9 && $2{x1} >= 1 ? bottom
$3{x2} >= 10 && -$2{x1} >= 0 ? 6
$3{x2} >= 10 && $2{x1} >= 1 ? bottom

[10:]:
top ? bottom

[11:]:
top ? bottom

[12:]:
top ? 0.

[13:]:
-$3{x2} >= 1 ? 2
$3{x2} >= 0 && -$2{x1} >= 1 ? 2
$3{x2} >= 0 && $2{x1} >= 0 ? bottom


Analysis Result: UNKNOWN
