
Abstract Syntax:
[ 1:]
int main( ):
[ 2:] while [ 3:] ( $2{x1} >= 0 && $3{x2} >= 0 ) do
[ 4:]   if ( ? ) then
[ 5:]     while [ 6:] ( $3{x2} <= 10 ) do
[ 7:]       $3{x2} := $3{x2} + 1
[ 8:]
          od
[ 9:]     $2{x1} := $2{x1} - 1
[10:]
        else
[11:]
        endif
[12:]   $3{x2} := $3{x2} - 1
[13:]
      od
[14:] $1{$1} := 0
[15:] return
[16:]

Forward Analysis:
[ 1:]: top
[ 2:]: top
[ 3:]: top
[ 4:]: $3{x2} >= 0 && $2{x1} >= 0
[ 5:]: $3{x2} >= 0 && $2{x1} >= 0
[ 6:]: $3{x2} >= 0 && $2{x1} >= 0
[ 7:]: -$3{x2} >= -10 && $3{x2} >= 0 && $2{x1} >= 0
[ 8:]: -$3{x2} >= -11 && $3{x2} >= 1 && $2{x1} >= 0
[ 9:]: $3{x2} >= 11 && $2{x1} >= 0
[10:]: $3{x2} >= 11 && $2{x1} >= -1
[11:]: $3{x2} >= 0 && $2{x1} >= 0
[12:]: $3{x2} >= 0 && $2{x1} >= -1
[13:]: $3{x2} >= -1 && $2{x1} >= -1
[14:]: top
[15:]: $1{$1} == 0
[16:]: bottom

Backward Analysis:
[ 1:]: -$3{x2} >= 1 && -$2{x1} >= 1 ? 2
-$3{x2} >= 1 && $2{x1} == 0 ? 2
-$3{x2} >= 1 && $2{x1} >= 1 ? 2
$3{x2} == 0 && -$2{x1} >= 1 ? 2
$3{x2} == 0 && $2{x1} == 0 ? 29
$3{x2} == 0 && $2{x1} >= 1 ? 57$2{x1}+29
-$3{x2} >= -9 && $3{x2} >= 1 && -$2{x1} >= 1 ? 2
-$3{x2} >= -9 && $3{x2} >= 1 && $2{x1} == 0 ? 3$3{x2}+29
-$3{x2} >= -9 && $3{x2} >= 1 && $2{x1} >= 1 ? 57$2{x1}+3$3{x2}+29
$3{x2} == 10 && -$2{x1} >= 1 ? 2
$3{x2} == 10 && $2{x1} == 0 ? 59
$3{x2} == 10 && $2{x1} >= 1 ? 57$2{x1}+59
$3{x2} >= 11 && -$2{x1} >= 1 ? 2
$3{x2} >= 11 && $2{x1} == 0 ? 3$3{x2}+29
$3{x2} >= 11 && $2{x1} >= 1 ? 57$2{x1}+3$3{x2}+29

[ 2:]: -$3{x2} >= 1 && -$2{x1} >= 1 ? 2
-$3{x2} >= 1 && $2{x1} == 0 ? 2
-$3{x2} >= 1 && $2{x1} >= 1 ? 2
$3{x2} == 0 && -$2{x1} >= 1 ? 2
$3{x2} == 0 && $2{x1} == 0 ? 29
$3{x2} == 0 && $2{x1} >= 1 ? 57$2{x1}+29
-$3{x2} >= -9 && $3{x2} >= 1 && -$2{x1} >= 1 ? 2
-$3{x2} >= -9 && $3{x2} >= 1 && $2{x1} == 0 ? 3$3{x2}+29
-$3{x2} >= -9 && $3{x2} >= 1 && $2{x1} >= 1 ? 57$2{x1}+3$3{x2}+29
$3{x2} == 10 && -$2{x1} >= 1 ? 2
$3{x2} == 10 && $2{x1} == 0 ? 59
$3{x2} == 10 && $2{x1} >= 1 ? 57$2{x1}+59
$3{x2} >= 11 && -$2{x1} >= 1 ? 2
$3{x2} >= 11 && $2{x1} == 0 ? 3$3{x2}+29
$3{x2} >= 11 && $2{x1} >= 1 ? 57$2{x1}+3$3{x2}+29

[ 3:]: -$3{x2} >= 1 && -$2{x1} >= 1 ? 2
-$3{x2} >= 1 && $2{x1} == 0 ? 2
-$3{x2} >= 1 && $2{x1} >= 1 ? 2
$3{x2} == 0 && -$2{x1} >= 1 ? 2
$3{x2} == 0 && $2{x1} == 0 ? 29
$3{x2} == 0 && $2{x1} >= 1 ? 57$2{x1}+29
-$3{x2} >= -9 && $3{x2} >= 1 && -$2{x1} >= 1 ? 2
-$3{x2} >= -9 && $3{x2} >= 1 && $2{x1} == 0 ? 3$3{x2}+29
-$3{x2} >= -9 && $3{x2} >= 1 && $2{x1} >= 1 ? 57$2{x1}+3$3{x2}+29
$3{x2} == 10 && -$2{x1} >= 1 ? 2
$3{x2} == 10 && $2{x1} == 0 ? 59
$3{x2} == 10 && $2{x1} >= 1 ? 57$2{x1}+59
$3{x2} >= 11 && -$2{x1} >= 1 ? 2
$3{x2} >= 11 && $2{x1} == 0 ? 3$3{x2}+29
$3{x2} >= 11 && $2{x1} >= 1 ? 57$2{x1}+3$3{x2}+29

[ 4:]: -$3{x2} >= 0 && -$2{x1} >= 1 ? -2$3{x2}+28
-$3{x2} >= 0 && $2{x1} == 0 ? -2$3{x2}+28
-$3{x2} >= 0 && $2{x1} == 1 ? -2$3{x2}+85
-$3{x2} >= 0 && $2{x1} >= 2 ? 57$2{x1}-2$3{x2}+28
$3{x2} == 1 && -$2{x1} >= 1 ? 26
$3{x2} == 1 && $2{x1} == 0 ? 31
$3{x2} == 1 && $2{x1} == 1 ? 88
$3{x2} == 1 && $2{x1} >= 2 ? 57$2{x1}+31
-$3{x2} >= -9 && $3{x2} >= 2 && -$2{x1} >= 1 ? -2$3{x2}+28
-$3{x2} >= -9 && $3{x2} >= 2 && $2{x1} == 0 ? 3$3{x2}+28
-$3{x2} >= -9 && $3{x2} >= 2 && $2{x1} == 1 ? 3$3{x2}+85
-$3{x2} >= -9 && $3{x2} >= 2 && $2{x1} >= 2 ? 57$2{x1}+3$3{x2}+28
$3{x2} == 10 && -$2{x1} >= 1 ? 8
$3{x2} == 10 && $2{x1} == 0 ? 58
$3{x2} == 10 && $2{x1} == 1 ? 115
$3{x2} == 10 && $2{x1} >= 2 ? 57$2{x1}+58
$3{x2} == 11 && -$2{x1} >= 1 ? 6
$3{x2} == 11 && $2{x1} == 0 ? 61
$3{x2} == 11 && $2{x1} == 1 ? 118
$3{x2} == 11 && $2{x1} >= 2 ? 57$2{x1}+61
$3{x2} >= 12 && -$2{x1} >= 1 ? 6
$3{x2} >= 12 && $2{x1} == 0 ? 3$3{x2}+28
$3{x2} >= 12 && $2{x1} == 1 ? 3$3{x2}+85
$3{x2} >= 12 && $2{x1} >= 2 ? 57$2{x1}+3$3{x2}+28

[ 5:]: -$3{x2} >= -9 && -$2{x1} >= 0 ? -2$3{x2}+27
-$3{x2} >= -9 && $2{x1} == 1 ? -2$3{x2}+84
-$3{x2} >= -9 && $2{x1} >= 2 ? 57$2{x1}-2$3{x2}+27
$3{x2} == 10 && -$2{x1} >= 0 ? 7
$3{x2} == 10 && $2{x1} == 1 ? 64
$3{x2} == 10 && $2{x1} >= 2 ? 57$2{x1}+7
$3{x2} == 11 && -$2{x1} >= 0 ? 5
$3{x2} == 11 && $2{x1} == 1 ? 62
$3{x2} == 11 && $2{x1} >= 2 ? 57$2{x1}+5
$3{x2} >= 12 && -$2{x1} >= 0 ? 5
$3{x2} >= 12 && $2{x1} == 1 ? 3$3{x2}+29
$3{x2} >= 12 && $2{x1} >= 2 ? 57$2{x1}+3$3{x2}-28

[ 6:]: -$3{x2} >= -9 && -$2{x1} >= 0 ? -2$3{x2}+27
-$3{x2} >= -9 && $2{x1} == 1 ? -2$3{x2}+84
-$3{x2} >= -9 && $2{x1} >= 2 ? 57$2{x1}-2$3{x2}+27
$3{x2} == 10 && -$2{x1} >= 0 ? 7
$3{x2} == 10 && $2{x1} == 1 ? 64
$3{x2} == 10 && $2{x1} >= 2 ? 57$2{x1}+7
$3{x2} == 11 && -$2{x1} >= 0 ? 5
$3{x2} == 11 && $2{x1} == 1 ? 62
$3{x2} == 11 && $2{x1} >= 2 ? 57$2{x1}+5
$3{x2} >= 12 && -$2{x1} >= 0 ? 5
$3{x2} >= 12 && $2{x1} == 1 ? 3$3{x2}+29
$3{x2} >= 12 && $2{x1} >= 2 ? 57$2{x1}+3$3{x2}-28

[ 7:]: -$3{x2} >= -8 && -$2{x1} >= 0 ? -2$3{x2}+26
-$3{x2} >= -8 && $2{x1} == 1 ? -2$3{x2}+83
-$3{x2} >= -8 && $2{x1} >= 2 ? 57$2{x1}-2$3{x2}+26
$3{x2} == 9 && -$2{x1} >= 0 ? 8
$3{x2} == 9 && $2{x1} == 1 ? 65
$3{x2} == 9 && $2{x1} >= 2 ? 57$2{x1}+8
$3{x2} == 10 && -$2{x1} >= 0 ? 6
$3{x2} == 10 && $2{x1} == 1 ? 63
$3{x2} == 10 && $2{x1} >= 2 ? 57$2{x1}+6
$3{x2} >= 11 && -$2{x1} >= 0 ? 6
$3{x2} >= 11 && $2{x1} == 1 ? 3$3{x2}+33
$3{x2} >= 11 && $2{x1} >= 2 ? 57$2{x1}+3$3{x2}-24

[ 8:]: -$3{x2} >= -9 && -$2{x1} >= 0 ? -2$3{x2}+27
-$3{x2} >= -9 && $2{x1} == 1 ? -2$3{x2}+84
-$3{x2} >= -9 && $2{x1} >= 2 ? 57$2{x1}-2$3{x2}+27
$3{x2} == 10 && -$2{x1} >= 0 ? 7
$3{x2} == 10 && $2{x1} == 1 ? 64
$3{x2} == 10 && $2{x1} >= 2 ? 57$2{x1}+7
$3{x2} == 11 && -$2{x1} >= 0 ? 5
$3{x2} == 11 && $2{x1} == 1 ? 62
$3{x2} == 11 && $2{x1} >= 2 ? 57$2{x1}+5
$3{x2} >= 12 && -$2{x1} >= 0 ? 5
$3{x2} >= 12 && $2{x1} == 1 ? 3$3{x2}+29
$3{x2} >= 12 && $2{x1} >= 2 ? 57$2{x1}+3$3{x2}-28

[ 9:]: -$3{x2} >= 0 && -$2{x1} >= 0 ? 4
-$3{x2} >= 0 && $2{x1} == 1 ? 4
-$3{x2} >= 0 && $2{x1} >= 2 ? 4
$3{x2} == 1 && -$2{x1} >= 0 ? 4
$3{x2} == 1 && $2{x1} == 1 ? 31
$3{x2} == 1 && $2{x1} >= 2 ? 57$2{x1}-26
-$3{x2} >= -10 && $3{x2} >= 2 && -$2{x1} >= 0 ? 4
-$3{x2} >= -10 && $3{x2} >= 2 && $2{x1} == 1 ? 3$3{x2}+28
-$3{x2} >= -10 && $3{x2} >= 2 && $2{x1} >= 2 ? 57$2{x1}+3$3{x2}-29
$3{x2} == 11 && -$2{x1} >= 0 ? 4
$3{x2} == 11 && $2{x1} == 1 ? 61
$3{x2} == 11 && $2{x1} >= 2 ? 57$2{x1}+4
$3{x2} >= 12 && -$2{x1} >= 0 ? 4
$3{x2} >= 12 && $2{x1} == 1 ? 3$3{x2}+28
$3{x2} >= 12 && $2{x1} >= 2 ? 57$2{x1}+3$3{x2}-29

[10:]: -$3{x2} >= 0 && -$2{x1} >= 1 ? 3
-$3{x2} >= 0 && $2{x1} == 0 ? 3
-$3{x2} >= 0 && $2{x1} >= 1 ? 3
$3{x2} == 1 && -$2{x1} >= 1 ? 3
$3{x2} == 1 && $2{x1} == 0 ? 30
$3{x2} == 1 && $2{x1} >= 1 ? 57$2{x1}+30
-$3{x2} >= -10 && $3{x2} >= 2 && -$2{x1} >= 1 ? 3
-$3{x2} >= -10 && $3{x2} >= 2 && $2{x1} == 0 ? 3$3{x2}+27
-$3{x2} >= -10 && $3{x2} >= 2 && $2{x1} >= 1 ? 57$2{x1}+3$3{x2}+27
$3{x2} == 11 && -$2{x1} >= 1 ? 3
$3{x2} == 11 && $2{x1} == 0 ? 60
$3{x2} == 11 && $2{x1} >= 1 ? 57$2{x1}+60
$3{x2} >= 12 && -$2{x1} >= 1 ? 3
$3{x2} >= 12 && $2{x1} == 0 ? 3$3{x2}+27
$3{x2} >= 12 && $2{x1} >= 1 ? 57$2{x1}+3$3{x2}+27

[11:]: -$3{x2} >= 0 && -$2{x1} >= 1 ? 3
-$3{x2} >= 0 && $2{x1} == 0 ? 3
-$3{x2} >= 0 && $2{x1} >= 1 ? 3
$3{x2} == 1 && -$2{x1} >= 1 ? 3
$3{x2} == 1 && $2{x1} == 0 ? 30
$3{x2} == 1 && $2{x1} >= 1 ? 57$2{x1}+30
-$3{x2} >= -10 && $3{x2} >= 2 && -$2{x1} >= 1 ? 3
-$3{x2} >= -10 && $3{x2} >= 2 && $2{x1} == 0 ? 3$3{x2}+27
-$3{x2} >= -10 && $3{x2} >= 2 && $2{x1} >= 1 ? 57$2{x1}+3$3{x2}+27
$3{x2} == 11 && -$2{x1} >= 1 ? 3
$3{x2} == 11 && $2{x1} == 0 ? 60
$3{x2} == 11 && $2{x1} >= 1 ? 57$2{x1}+60
$3{x2} >= 12 && -$2{x1} >= 1 ? 3
$3{x2} >= 12 && $2{x1} == 0 ? 3$3{x2}+27
$3{x2} >= 12 && $2{x1} >= 1 ? 57$2{x1}+3$3{x2}+27

[12:]: -$3{x2} >= 0 && -$2{x1} >= 1 ? 3
-$3{x2} >= 0 && $2{x1} == 0 ? 3
-$3{x2} >= 0 && $2{x1} >= 1 ? 3
$3{x2} == 1 && -$2{x1} >= 1 ? 3
$3{x2} == 1 && $2{x1} == 0 ? 30
$3{x2} == 1 && $2{x1} >= 1 ? 57$2{x1}+30
-$3{x2} >= -10 && $3{x2} >= 2 && -$2{x1} >= 1 ? 3
-$3{x2} >= -10 && $3{x2} >= 2 && $2{x1} == 0 ? 3$3{x2}+27
-$3{x2} >= -10 && $3{x2} >= 2 && $2{x1} >= 1 ? 57$2{x1}+3$3{x2}+27
$3{x2} == 11 && -$2{x1} >= 1 ? 3
$3{x2} == 11 && $2{x1} == 0 ? 60
$3{x2} == 11 && $2{x1} >= 1 ? 57$2{x1}+60
$3{x2} >= 12 && -$2{x1} >= 1 ? 3
$3{x2} >= 12 && $2{x1} == 0 ? 3$3{x2}+27
$3{x2} >= 12 && $2{x1} >= 1 ? 57$2{x1}+3$3{x2}+27

[13:]: -$3{x2} >= 1 && -$2{x1} >= 1 ? 2
-$3{x2} >= 1 && $2{x1} == 0 ? 2
-$3{x2} >= 1 && $2{x1} >= 1 ? 2
$3{x2} == 0 && -$2{x1} >= 1 ? 2
$3{x2} == 0 && $2{x1} == 0 ? 29
$3{x2} == 0 && $2{x1} >= 1 ? 57$2{x1}+29
-$3{x2} >= -9 && $3{x2} >= 1 && -$2{x1} >= 1 ? 2
-$3{x2} >= -9 && $3{x2} >= 1 && $2{x1} == 0 ? 3$3{x2}+29
-$3{x2} >= -9 && $3{x2} >= 1 && $2{x1} >= 1 ? 57$2{x1}+3$3{x2}+29
$3{x2} == 10 && -$2{x1} >= 1 ? 2
$3{x2} == 10 && $2{x1} == 0 ? 59
$3{x2} == 10 && $2{x1} >= 1 ? 57$2{x1}+59
$3{x2} >= 11 && -$2{x1} >= 1 ? 2
$3{x2} >= 11 && $2{x1} == 0 ? 3$3{x2}+29
$3{x2} >= 11 && $2{x1} >= 1 ? 57$2{x1}+3$3{x2}+29

[14:]: top ? 1

[15:]: top ? 0.

[16:]: top ? 0.

Analysis Result: TRUE

Done.
