
CFG:
List of variables:
  $1{__return_main}:int at tests/termination/sorting4.c:10.0-25.1
  $2{x1}:int at tests/termination/sorting4.c:11.5-7
  $3{x2}:int at tests/termination/sorting4.c:11.9-11
  $4{x3}:int at tests/termination/sorting4.c:11.13-15
  $5{x4}:int at tests/termination/sorting4.c:11.17-19

List of functions:
  1: main() -> $1{__return_main}:int at tests/termination/sorting4.c:10.0-25.1, entry: 17, exit: 16, calls:

List of nodes:
  17: at :0:-1, in: out:1 
  16: at :0:-1, in: 2 out:
  1: at tests/termination/sorting4.c:10:0, in: 17 out:3 
  2: at tests/termination/sorting4.c:25:1, in: 4 out:16 
  3: at tests/termination/sorting4.c:11:20, in: 13 9 11 8 1 out:4 5 
  4: at tests/termination/sorting4.c:23:2, in: 3 out:2 
  5: at tests/termination/sorting4.c:12:39, in: 3 out:6 7 
  6: at tests/termination/sorting4.c:16:9, in: 5 out:9 10 
  7: at tests/termination/sorting4.c:13:15, in: 5 out:8 
  8: at tests/termination/sorting4.c:14:11, in: 7 out:3 
  9: at tests/termination/sorting4.c:19:9, in: 6 out:3 12 
  10: at tests/termination/sorting4.c:16:22, in: 6 out:11 
  11: at tests/termination/sorting4.c:17:11, in: 10 out:3 
  12: at tests/termination/sorting4.c:19:22, in: 9 out:13 
  13: at tests/termination/sorting4.c:20:11, in: 12 out:3 
  14: at tests/termination/sorting4.c:10:0, in: out:15 
  15: at tests/termination/sorting4.c:25:1, in: 14 out:

List of arcs:
  17 -> 1: label entry
  2 -> 16: label exit
  1 -> 3: skip
  3 -> 5: $2{x1} > $3{x2} || $3{x2} > $4{x3} || $4{x3} > $5{x4} ?
  3 -> 4: ! ($2{x1} > $3{x2} || $3{x2} > $4{x3} || $4{x3} > $5{x4}) ?
  5 -> 7: $2{x1} > $3{x2} ?
  5 -> 6: ! ($2{x1} > $3{x2}) ?
  7 -> 8: $2{x1} = $3{x2}
  8 -> 3: $3{x2} = $2{x1}
  6 -> 10: $3{x2} > $4{x3} ?
  6 -> 9: ! ($3{x2} > $4{x3}) ?
  10 -> 11: $3{x2} = $4{x3}
  11 -> 3: $4{x3} = $3{x2}
  9 -> 12: $4{x3} > $5{x4} ?
  9 -> 3: ! ($4{x3} > $5{x4}) ?
  12 -> 13: $5{x4} = $4{x3}
  13 -> 3: $4{x3} = $5{x4}
  4 -> 2: $1{__return_main} = 0
  14 -> 15: skip


Property: exit: true

[1:]:
top ? bottom

[2:]:
top ? bottom

[3:]:
top ? bottom

[4:]:
top ? bottom

[5:]:
top ? bottom

[6:]:
top ? bottom

[7:]:
top ? bottom

[8:]:
top ? bottom

[9:]:
top ? bottom

[10:]:
top ? bottom

[11:]:
top ? bottom

[12:]:
top ? bottom

[13:]:
top ? bottom

[14:]:
top ? bottom

[15:]:
top ? bottom

[16:]:
top ? 0.

[17:]:
top ? bottom

Property: AF{exit: true}

[1:]:
-$4{x3}+$5{x4} >= 0 && -$3{x2}+$4{x3} >= 0 && -$2{x1}+$3{x2} >= 0 ? 2
$2{x1}-$3{x2} >= 1 && -$4{x3}+$5{x4} >= 0 && -$3{x2}+$4{x3} >= 0 ? 6
$3{x2}-$4{x3} >= 1 && -$4{x3}+$5{x4} >= 0 && -$2{x1}+$4{x3} >= 0 ? 7
$2{x1}-$4{x3} >= 1 && -$4{x3}+$5{x4} >= 0 && -$2{x1}+$3{x2} >= 0 ? 11
$2{x1}-$3{x2} >= 1 && $3{x2}-$4{x3} >= 1 && -$4{x3}+$5{x4} >= 0 ? 4$2{x1}-4$4{x3}+7
$4{x3}-$5{x4} >= 1 && -$3{x2}+$4{x3} >= 0 && -$2{x1}+$3{x2} >= 0 ? 8
$2{x1}-$3{x2} >= 1 && $4{x3}-$5{x4} >= 1 && -$3{x2}+$4{x3} >= 0 ? 12
$3{x2}-$4{x3} >= 1 && $4{x3}-$5{x4} >= 1 && -$2{x1}+$4{x3} >= 0 ? 13
$2{x1}-$4{x3} >= 1 && $4{x3}-$5{x4} >= 1 && -$2{x1}+$3{x2} >= 0 ? 17
$2{x1}-$3{x2} >= 1 && $3{x2}-$4{x3} >= 1 && $4{x3}-$5{x4} >= 1 ? 4$2{x1}-4$4{x3}+13

[2:]:
top ? 0.

[3:]:
-$4{x3}+$5{x4} >= 0 && -$3{x2}+$4{x3} >= 0 && -$2{x1}+$3{x2} >= 0 ? 2
$2{x1}-$3{x2} >= 1 && -$4{x3}+$5{x4} >= 0 && -$3{x2}+$4{x3} >= 0 ? 6
$3{x2}-$4{x3} >= 1 && -$4{x3}+$5{x4} >= 0 && -$2{x1}+$4{x3} >= 0 ? 7
$2{x1}-$4{x3} >= 1 && -$4{x3}+$5{x4} >= 0 && -$2{x1}+$3{x2} >= 0 ? 11
$2{x1}-$3{x2} >= 1 && $3{x2}-$4{x3} >= 1 && -$4{x3}+$5{x4} >= 0 ? 15
$4{x3}-$5{x4} >= 1 && -$3{x2}+$4{x3} >= 0 && -$2{x1}+$3{x2} >= 0 ? 8
$2{x1}-$3{x2} >= 1 && $4{x3}-$5{x4} >= 1 && -$3{x2}+$4{x3} >= 0 ? 12
$3{x2}-$4{x3} >= 1 && $4{x3}-$5{x4} >= 1 && -$2{x1}+$4{x3} >= 0 ? 13
$2{x1}-$4{x3} >= 1 && $4{x3}-$5{x4} >= 1 && -$2{x1}+$3{x2} >= 0 ? 17
$2{x1}-$3{x2} >= 1 && $3{x2}-$4{x3} >= 1 && $4{x3}-$5{x4} >= 1 ? 21

[4:]:
top ? 1

[5:]:
-$4{x3}+$5{x4} >= 0 && -$3{x2}+$4{x3} >= 0 ? 5
$3{x2}-$4{x3} >= 1 && -$4{x3}+$5{x4} >= 0 && -$2{x1}+$4{x3} >= 0 ? 6
$2{x1}-$4{x3} >= 1 && -$4{x3}+$5{x4} >= 0 && -$2{x1}+$3{x2} >= 0 ? 10
$2{x1}-$3{x2} >= 1 && $3{x2}-$4{x3} >= 1 && -$4{x3}+$5{x4} >= 0 ? 14
$4{x3}-$5{x4} >= 1 && -$3{x2}+$4{x3} >= 0 && -$2{x1}+$3{x2} >= 0 ? 7
$2{x1}-$3{x2} >= 1 && $4{x3}-$5{x4} >= 1 && -$3{x2}+$4{x3} >= 0 ? 11
$3{x2}-$4{x3} >= 1 && $4{x3}-$5{x4} >= 1 && -$2{x1}+$4{x3} >= 0 ? 12
$2{x1}-$4{x3} >= 1 && $4{x3}-$5{x4} >= 1 && -$2{x1}+$3{x2} >= 0 ? 16
$2{x1}-$3{x2} >= 1 && $3{x2}-$4{x3} >= 1 && $4{x3}-$5{x4} >= 1 ? 20

[6:]:
-$4{x3}+$5{x4} >= 0 && -$3{x2}+$4{x3} >= 0 && -$2{x1}+$3{x2} >= 0 ? 4
$2{x1}-$3{x2} >= 1 && -$4{x3}+$5{x4} >= 0 && -$3{x2}+$4{x3} >= 0 ? 8
$3{x2}-$4{x3} >= 1 && -$4{x3}+$5{x4} >= 0 && -$2{x1}+$4{x3} >= 0 ? 5
$2{x1}-$4{x3} >= 1 && $3{x2}-$4{x3} >= 1 && -$4{x3}+$5{x4} >= 0 ? 9
$4{x3}-$5{x4} >= 1 && -$3{x2}+$4{x3} >= 0 && -$2{x1}+$3{x2} >= 0 ? 6
$2{x1}-$3{x2} >= 1 && $4{x3}-$5{x4} >= 1 && -$3{x2}+$4{x3} >= 0 ? 10
$3{x2}-$4{x3} >= 1 && $4{x3}-$5{x4} >= 1 && -$2{x1}+$4{x3} >= 0 ? 11
$2{x1}-$4{x3} >= 1 && $3{x2}-$4{x3} >= 1 && $4{x3}-$5{x4} >= 1 ? 15

[7:]:
-$4{x3}+$5{x4} >= 0 && -$3{x2}+$4{x3} >= 0 ? 4
$3{x2}-$4{x3} >= 1 && -$4{x3}+$5{x4} >= 0 ? 13
$4{x3}-$5{x4} >= 1 && -$3{x2}+$4{x3} >= 0 ? 10
$3{x2}-$4{x3} >= 1 && $4{x3}-$5{x4} >= 1 ? 19

[8:]:
-$4{x3}+$5{x4} >= 0 && -$2{x1}+$4{x3} >= 0 ? 3
$2{x1}-$4{x3} >= 1 && -$4{x3}+$5{x4} >= 0 ? 12
$4{x3}-$5{x4} >= 1 && -$2{x1}+$4{x3} >= 0 ? 9
$2{x1}-$4{x3} >= 1 && $4{x3}-$5{x4} >= 1 ? 18

[9:]:
-$4{x3}+$5{x4} >= 0 && -$3{x2}+$4{x3} >= 0 && -$2{x1}+$3{x2} >= 0 ? 3
$2{x1}-$3{x2} >= 1 && -$4{x3}+$5{x4} >= 0 && -$3{x2}+$4{x3} >= 0 ? 7
$3{x2}-$4{x3} >= 1 && -$4{x3}+$5{x4} >= 0 && -$2{x1}+$4{x3} >= 0 ? 8
$2{x1}-$4{x3} >= 1 && -$4{x3}+$5{x4} >= 0 && -$2{x1}+$3{x2} >= 0 ? 12
$2{x1}-$3{x2} >= 1 && $3{x2}-$4{x3} >= 1 && -$4{x3}+$5{x4} >= 0 ? 4$2{x1}-4$4{x3}+8
$4{x3}-$5{x4} >= 1 && -$3{x2}+$4{x3} >= 0 && -$2{x1}+$3{x2} >= 0 ? 5
$2{x1}-$3{x2} >= 1 && $4{x3}-$5{x4} >= 1 && -$3{x2}+$4{x3} >= 0 ? 9
$3{x2}-$4{x3} >= 1 && $4{x3}-$5{x4} >= 1 && -$2{x1}+$4{x3} >= 0 ? 10
$2{x1}-$4{x3} >= 1 && $4{x3}-$5{x4} >= 1 && -$2{x1}+$3{x2} >= 0 ? 14
$2{x1}-$3{x2} >= 1 && $3{x2}-$4{x3} >= 1 && $4{x3}-$5{x4} >= 1 ? 4$2{x1}-4$4{x3}+10

[10:]:
-$4{x3}+$5{x4} >= 0 && -$2{x1}+$4{x3} >= 0 ? 4
$2{x1}-$4{x3} >= 1 && -$4{x3}+$5{x4} >= 0 ? 8
$4{x3}-$5{x4} >= 1 && -$2{x1}+$4{x3} >= 0 ? 10
$2{x1}-$4{x3} >= 1 && $4{x3}-$5{x4} >= 1 ? 14

[11:]:
-$3{x2}+$5{x4} >= 0 && -$2{x1}+$3{x2} >= 0 ? 3
$2{x1}-$3{x2} >= 1 && -$3{x2}+$5{x4} >= 0 ? 7
$3{x2}-$5{x4} >= 1 && -$2{x1}+$3{x2} >= 0 ? 9
$2{x1}-$3{x2} >= 1 && $3{x2}-$5{x4} >= 1 ? 13

[12:]:
-$3{x2}+$4{x3} >= 0 && -$2{x1}+$3{x2} >= 0 ? 4
$2{x1}-$3{x2} >= 1 && -$3{x2}+$4{x3} >= 0 ? 8
$3{x2}-$4{x3} >= 1 && -$2{x1}+$4{x3} >= 0 ? 9
$2{x1}-$4{x3} >= 1 && -$2{x1}+$3{x2} >= 0 ? 13
$2{x1}-$3{x2} >= 1 && $3{x2}-$4{x3} >= 1 ? 4$2{x1}-4$4{x3}+9

[13:]:
-$3{x2}+$5{x4} >= 0 && -$2{x1}+$3{x2} >= 0 ? 3
$2{x1}-$3{x2} >= 1 && -$3{x2}+$5{x4} >= 0 ? 7
$3{x2}-$5{x4} >= 1 && -$2{x1}+$5{x4} >= 0 ? 8
$2{x1}-$5{x4} >= 1 && -$2{x1}+$3{x2} >= 0 ? 12
$2{x1}-$3{x2} >= 1 && $3{x2}-$5{x4} >= 1 ? 4$2{x1}-4$5{x4}+8

[14:]:
top ? bottom

[15:]:
top ? bottom

[16:]:
top ? 0.

[17:]:
-$4{x3}+$5{x4} >= 0 && -$3{x2}+$4{x3} >= 0 && -$2{x1}+$3{x2} >= 0 ? 2
$2{x1}-$3{x2} >= 1 && -$4{x3}+$5{x4} >= 0 && -$3{x2}+$4{x3} >= 0 ? 6
$3{x2}-$4{x3} >= 1 && -$4{x3}+$5{x4} >= 0 && -$2{x1}+$4{x3} >= 0 ? 7
$2{x1}-$4{x3} >= 1 && -$4{x3}+$5{x4} >= 0 && -$2{x1}+$3{x2} >= 0 ? 11
$2{x1}-$3{x2} >= 1 && $3{x2}-$4{x3} >= 1 && -$4{x3}+$5{x4} >= 0 ? 4$2{x1}-4$4{x3}+7
$4{x3}-$5{x4} >= 1 && -$3{x2}+$4{x3} >= 0 && -$2{x1}+$3{x2} >= 0 ? 8
$2{x1}-$3{x2} >= 1 && $4{x3}-$5{x4} >= 1 && -$3{x2}+$4{x3} >= 0 ? 12
$3{x2}-$4{x3} >= 1 && $4{x3}-$5{x4} >= 1 && -$2{x1}+$4{x3} >= 0 ? 13
$2{x1}-$4{x3} >= 1 && $4{x3}-$5{x4} >= 1 && -$2{x1}+$3{x2} >= 0 ? 17
$2{x1}-$3{x2} >= 1 && $3{x2}-$4{x3} >= 1 && $4{x3}-$5{x4} >= 1 ? 4$2{x1}-4$4{x3}+13


Analysis Result: TRUE
