
Abstract Syntax:
[ 1:]
int main( ):
[ 2:] while [ 3:] ( ($2{x1} > $3{x2} || $3{x2} > $4{x3}) || $4{x3} > $5{x4} ) do
[ 4:]   if ( $2{x1} > $3{x2} ) then
[ 5:]     $2{x1} := $3{x2}
[ 6:]     $3{x2} := $2{x1}
[ 7:]
        else
[ 8:]     if ( $3{x2} > $4{x3} ) then
[ 9:]       $3{x2} := $4{x3}
[10:]       $4{x3} := $3{x2}
[11:]
          else
[12:]       if ( $4{x3} > $5{x4} ) then
[13:]         $5{x4} := $4{x3}
[14:]         $4{x3} := $5{x4}
[15:]
            else
[16:]
            endif
[17:]
          endif
[18:]
        endif
[19:]
      od
[20:] $1{$1} := 0
[21:] return
[22:]

Forward Analysis:
[ 1:]: top
[ 2:]: top
[ 3:]: top
[ 4:]: top
[ 5:]: $2{x1}-$3{x2} >= 1
[ 6:]: -$2{x1}+$3{x2} == 0
[ 7:]: -$2{x1}+$3{x2} == 0
[ 8:]: -$2{x1}+$3{x2} >= 0
[ 9:]: $3{x2}-$4{x3} >= 1 && -$2{x1}+$3{x2} >= 0
[10:]: -$3{x2}+$4{x3} == 0
[11:]: -$3{x2}+$4{x3} == 0
[12:]: -$3{x2}+$4{x3} >= 0 && -$2{x1}+$3{x2} >= 0
[13:]: $4{x3}-$5{x4} >= 1 && -$3{x2}+$4{x3} >= 0 && -$2{x1}+$3{x2} >= 0
[14:]: -$3{x2}+$4{x3} >= 0 && -$2{x1}+$3{x2} >= 0 && -$4{x3}+$5{x4} == 0
[15:]: -$3{x2}+$4{x3} >= 0 && -$2{x1}+$3{x2} >= 0 && -$4{x3}+$5{x4} == 0
[16:]: -$4{x3}+$5{x4} >= 0 && -$3{x2}+$4{x3} >= 0 && -$2{x1}+$3{x2} >= 0
[17:]: -$4{x3}+$5{x4} >= 0 && -$3{x2}+$4{x3} >= 0 && -$2{x1}+$3{x2} >= 0
[18:]: -$3{x2}+$4{x3} >= 0
[19:]: top
[20:]: -$4{x3}+$5{x4} >= 0 && -$3{x2}+$4{x3} >= 0 && -$2{x1}+$3{x2} >= 0
[21:]: -$4{x3}+$5{x4} >= 0 && -$3{x2}+$4{x3} >= 0 && -$2{x1}+$3{x2} >= 0 && $1{$1} == 0
[22:]: bottom

Backward Analysis:
[ 1:]: -$4{x3}+$5{x4} >= 0 && -$3{x2}+$4{x3} >= 0 && -$2{x1}+$3{x2} >= 0 ? 2
$2{x1}-$3{x2} >= 1 && -$4{x3}+$5{x4} >= 0 && -$3{x2}+$4{x3} >= 0 ? 6
$3{x2}-$4{x3} >= 1 && -$4{x3}+$5{x4} >= 0 && -$2{x1}+$4{x3} >= 0 ? 7
$2{x1}-$4{x3} >= 1 && -$4{x3}+$5{x4} >= 0 && -$2{x1}+$3{x2} >= 0 ? 11
$2{x1}-$3{x2} >= 1 && $3{x2}-$4{x3} >= 1 && -$4{x3}+$5{x4} >= 0 ? 4$2{x1}-4$4{x3}+7
$4{x3}-$5{x4} >= 1 && -$3{x2}+$4{x3} >= 0 && -$2{x1}+$3{x2} >= 0 ? 8
$2{x1}-$3{x2} >= 1 && $4{x3}-$5{x4} >= 1 && -$3{x2}+$4{x3} >= 0 ? 12
$3{x2}-$4{x3} >= 1 && $4{x3}-$5{x4} >= 1 && -$2{x1}+$4{x3} >= 0 ? -5$2{x1}+5$3{x2}+8
$2{x1}-$4{x3} >= 1 && $4{x3}-$5{x4} >= 1 && -$2{x1}+$3{x2} >= 0 ? -5$2{x1}+5$3{x2}+17
$2{x1}-$3{x2} >= 1 && $3{x2}-$4{x3} >= 1 && $4{x3}-$5{x4} >= 1 ? 4$2{x1}+5$3{x2}-9$4{x3}+8

[ 2:]: -$4{x3}+$5{x4} >= 0 && -$3{x2}+$4{x3} >= 0 && -$2{x1}+$3{x2} >= 0 ? 2
$2{x1}-$3{x2} >= 1 && -$4{x3}+$5{x4} >= 0 && -$3{x2}+$4{x3} >= 0 ? 6
$3{x2}-$4{x3} >= 1 && -$4{x3}+$5{x4} >= 0 && -$2{x1}+$4{x3} >= 0 ? 7
$2{x1}-$4{x3} >= 1 && -$4{x3}+$5{x4} >= 0 && -$2{x1}+$3{x2} >= 0 ? 11
$2{x1}-$3{x2} >= 1 && $3{x2}-$4{x3} >= 1 && -$4{x3}+$5{x4} >= 0 ? 4$2{x1}-4$4{x3}+7
$4{x3}-$5{x4} >= 1 && -$3{x2}+$4{x3} >= 0 && -$2{x1}+$3{x2} >= 0 ? 8
$2{x1}-$3{x2} >= 1 && $4{x3}-$5{x4} >= 1 && -$3{x2}+$4{x3} >= 0 ? 12
$3{x2}-$4{x3} >= 1 && $4{x3}-$5{x4} >= 1 && -$2{x1}+$4{x3} >= 0 ? -5$2{x1}+5$3{x2}+8
$2{x1}-$4{x3} >= 1 && $4{x3}-$5{x4} >= 1 && -$2{x1}+$3{x2} >= 0 ? -5$2{x1}+5$3{x2}+17
$2{x1}-$3{x2} >= 1 && $3{x2}-$4{x3} >= 1 && $4{x3}-$5{x4} >= 1 ? 4$2{x1}+5$3{x2}-9$4{x3}+8

[ 3:]: -$4{x3}+$5{x4} >= 0 && -$3{x2}+$4{x3} >= 0 && -$2{x1}+$3{x2} >= 0 ? 2
$2{x1}-$3{x2} >= 1 && -$4{x3}+$5{x4} >= 0 && -$3{x2}+$4{x3} >= 0 ? 6
$3{x2}-$4{x3} >= 1 && -$4{x3}+$5{x4} >= 0 && -$2{x1}+$4{x3} >= 0 ? 7
$2{x1}-$4{x3} >= 1 && -$4{x3}+$5{x4} >= 0 && -$2{x1}+$3{x2} >= 0 ? 11
$2{x1}-$3{x2} >= 1 && $3{x2}-$4{x3} >= 1 && -$4{x3}+$5{x4} >= 0 ? 4$2{x1}-4$4{x3}+7
$4{x3}-$5{x4} >= 1 && -$3{x2}+$4{x3} >= 0 && -$2{x1}+$3{x2} >= 0 ? 8
$2{x1}-$3{x2} >= 1 && $4{x3}-$5{x4} >= 1 && -$3{x2}+$4{x3} >= 0 ? 12
$3{x2}-$4{x3} >= 1 && $4{x3}-$5{x4} >= 1 && -$2{x1}+$4{x3} >= 0 ? -5$2{x1}+5$3{x2}+8
$2{x1}-$4{x3} >= 1 && $4{x3}-$5{x4} >= 1 && -$2{x1}+$3{x2} >= 0 ? -5$2{x1}+5$3{x2}+17
$2{x1}-$3{x2} >= 1 && $3{x2}-$4{x3} >= 1 && $4{x3}-$5{x4} >= 1 ? 4$2{x1}+5$3{x2}-9$4{x3}+8

[ 4:]: -$4{x3}+$5{x4} >= 0 && -$3{x2}+$4{x3} >= 0 && -$2{x1}+$3{x2} >= 0 ? 5
$2{x1}-$3{x2} >= 1 && -$4{x3}+$5{x4} >= 0 && -$3{x2}+$4{x3} >= 0 ? 5
$3{x2}-$4{x3} >= 1 && -$4{x3}+$5{x4} >= 0 && -$2{x1}+$4{x3} >= 0 ? 6
$2{x1}-$4{x3} >= 1 && -$4{x3}+$5{x4} >= 0 && -$2{x1}+$3{x2} >= 0 ? 10
$2{x1}-$3{x2} >= 1 && $3{x2}-$4{x3} >= 1 && -$4{x3}+$5{x4} >= 0 ? 14
$4{x3}-$5{x4} >= 1 && -$3{x2}+$4{x3} >= 0 && -$2{x1}+$3{x2} >= 0 ? 7
$2{x1}-$3{x2} >= 1 && $4{x3}-$5{x4} >= 1 && -$3{x2}+$4{x3} >= 0 ? 11
$3{x2}-$4{x3} >= 1 && $4{x3}-$5{x4} >= 1 && -$2{x1}+$4{x3} >= 0 ? 12
$2{x1}-$4{x3} >= 1 && $4{x3}-$5{x4} >= 1 && -$2{x1}+$3{x2} >= 0 ? 16
$2{x1}-$3{x2} >= 1 && $3{x2}-$4{x3} >= 1 && $4{x3}-$5{x4} >= 1 ? 20

[ 5:]: -$4{x3}+$5{x4} >= 0 && -$3{x2}+$4{x3} >= 0 ? 4
$3{x2}-$4{x3} >= 1 && -$4{x3}+$5{x4} >= 0 ? 13
$4{x3}-$5{x4} >= 1 && -$3{x2}+$4{x3} >= 0 ? 10
$3{x2}-$4{x3} >= 1 && $4{x3}-$5{x4} >= 1 ? 19

[ 6:]: -$4{x3}+$5{x4} >= 0 && -$2{x1}+$4{x3} >= 0 ? 3
$2{x1}-$4{x3} >= 1 && -$4{x3}+$5{x4} >= 0 ? 12
$4{x3}-$5{x4} >= 1 && -$2{x1}+$4{x3} >= 0 ? 9
$2{x1}-$4{x3} >= 1 && $4{x3}-$5{x4} >= 1 ? 18

[ 7:]: -$4{x3}+$5{x4} >= 0 && -$3{x2}+$4{x3} >= 0 && -$2{x1}+$3{x2} >= 0 ? 2
$2{x1}-$3{x2} >= 1 && -$4{x3}+$5{x4} >= 0 && -$3{x2}+$4{x3} >= 0 ? 6
$3{x2}-$4{x3} >= 1 && -$4{x3}+$5{x4} >= 0 && -$2{x1}+$4{x3} >= 0 ? 7
$2{x1}-$4{x3} >= 1 && -$4{x3}+$5{x4} >= 0 && -$2{x1}+$3{x2} >= 0 ? 11
$2{x1}-$3{x2} >= 1 && $3{x2}-$4{x3} >= 1 && -$4{x3}+$5{x4} >= 0 ? 4$2{x1}-4$4{x3}+7
$4{x3}-$5{x4} >= 1 && -$3{x2}+$4{x3} >= 0 && -$2{x1}+$3{x2} >= 0 ? 8
$2{x1}-$3{x2} >= 1 && $4{x3}-$5{x4} >= 1 && -$3{x2}+$4{x3} >= 0 ? 12
$3{x2}-$4{x3} >= 1 && $4{x3}-$5{x4} >= 1 && -$2{x1}+$4{x3} >= 0 ? -5$2{x1}+5$3{x2}+8
$2{x1}-$4{x3} >= 1 && $4{x3}-$5{x4} >= 1 && -$2{x1}+$3{x2} >= 0 ? -5$2{x1}+5$3{x2}+17
$2{x1}-$3{x2} >= 1 && $3{x2}-$4{x3} >= 1 && $4{x3}-$5{x4} >= 1 ? 4$2{x1}+5$3{x2}-9$4{x3}+8

[ 8:]: -$4{x3}+$5{x4} >= 0 && -$3{x2}+$4{x3} >= 0 && -$2{x1}+$3{x2} >= 0 ? 4
$2{x1}-$3{x2} >= 1 && -$4{x3}+$5{x4} >= 0 && -$3{x2}+$4{x3} >= 0 ? 8
$3{x2}-$4{x3} >= 1 && -$4{x3}+$5{x4} >= 0 && -$2{x1}+$4{x3} >= 0 ? 5
$2{x1}-$4{x3} >= 1 && $3{x2}-$4{x3} >= 1 && -$4{x3}+$5{x4} >= 0 ? 9
$4{x3}-$5{x4} >= 1 && -$3{x2}+$4{x3} >= 0 && -$2{x1}+$3{x2} >= 0 ? 6
$2{x1}-$3{x2} >= 1 && $4{x3}-$5{x4} >= 1 && -$3{x2}+$4{x3} >= 0 ? 10
$3{x2}-$4{x3} >= 1 && $4{x3}-$5{x4} >= 1 && -$2{x1}+$4{x3} >= 0 ? 11
$2{x1}-$4{x3} >= 1 && $3{x2}-$4{x3} >= 1 && $4{x3}-$5{x4} >= 1 ? 15

[ 9:]: -$4{x3}+$5{x4} >= 0 && -$2{x1}+$4{x3} >= 0 ? 4
$2{x1}-$4{x3} >= 1 && -$4{x3}+$5{x4} >= 0 ? 8
$4{x3}-$5{x4} >= 1 && -$2{x1}+$4{x3} >= 0 ? 10
$2{x1}-$4{x3} >= 1 && $4{x3}-$5{x4} >= 1 ? 14

[10:]: -$3{x2}+$5{x4} >= 0 && -$2{x1}+$3{x2} >= 0 ? 3
$2{x1}-$3{x2} >= 1 && -$3{x2}+$5{x4} >= 0 ? 7
$3{x2}-$5{x4} >= 1 && -$2{x1}+$3{x2} >= 0 ? 9
$2{x1}-$3{x2} >= 1 && $3{x2}-$5{x4} >= 1 ? 13

[11:]: -$4{x3}+$5{x4} >= 0 && -$3{x2}+$4{x3} >= 0 && -$2{x1}+$3{x2} >= 0 ? 2
$2{x1}-$3{x2} >= 1 && -$4{x3}+$5{x4} >= 0 && -$3{x2}+$4{x3} >= 0 ? 6
$3{x2}-$4{x3} >= 1 && -$4{x3}+$5{x4} >= 0 && -$2{x1}+$4{x3} >= 0 ? 7
$2{x1}-$4{x3} >= 1 && -$4{x3}+$5{x4} >= 0 && -$2{x1}+$3{x2} >= 0 ? 11
$2{x1}-$3{x2} >= 1 && $3{x2}-$4{x3} >= 1 && -$4{x3}+$5{x4} >= 0 ? 4$2{x1}-4$4{x3}+7
$4{x3}-$5{x4} >= 1 && -$3{x2}+$4{x3} >= 0 && -$2{x1}+$3{x2} >= 0 ? 8
$2{x1}-$3{x2} >= 1 && $4{x3}-$5{x4} >= 1 && -$3{x2}+$4{x3} >= 0 ? 12
$3{x2}-$4{x3} >= 1 && $4{x3}-$5{x4} >= 1 && -$2{x1}+$4{x3} >= 0 ? -5$2{x1}+5$3{x2}+8
$2{x1}-$4{x3} >= 1 && $4{x3}-$5{x4} >= 1 && -$2{x1}+$3{x2} >= 0 ? -5$2{x1}+5$3{x2}+17
$2{x1}-$3{x2} >= 1 && $3{x2}-$4{x3} >= 1 && $4{x3}-$5{x4} >= 1 ? 4$2{x1}+5$3{x2}-9$4{x3}+8

[12:]: -$4{x3}+$5{x4} >= 0 && -$3{x2}+$4{x3} >= 0 && -$2{x1}+$3{x2} >= 0 ? 3
$2{x1}-$3{x2} >= 1 && -$4{x3}+$5{x4} >= 0 && -$3{x2}+$4{x3} >= 0 ? 7
$3{x2}-$4{x3} >= 1 && -$4{x3}+$5{x4} >= 0 && -$2{x1}+$4{x3} >= 0 ? 8
$2{x1}-$4{x3} >= 1 && -$4{x3}+$5{x4} >= 0 && -$2{x1}+$3{x2} >= 0 ? 12
$2{x1}-$3{x2} >= 1 && $3{x2}-$4{x3} >= 1 && -$4{x3}+$5{x4} >= 0 ? 4$2{x1}-4$4{x3}+8
$4{x3}-$5{x4} >= 1 && -$3{x2}+$4{x3} >= 0 && -$2{x1}+$3{x2} >= 0 ? 5
$2{x1}-$3{x2} >= 1 && $4{x3}-$5{x4} >= 1 && -$3{x2}+$4{x3} >= 0 ? 9
$3{x2}-$4{x3} >= 1 && $4{x3}-$5{x4} >= 1 && -$2{x1}+$4{x3} >= 0 ? 10
$2{x1}-$4{x3} >= 1 && $4{x3}-$5{x4} >= 1 && -$2{x1}+$3{x2} >= 0 ? 14
$2{x1}-$3{x2} >= 1 && $3{x2}-$4{x3} >= 1 && $4{x3}-$5{x4} >= 1 ? 4$2{x1}-4$4{x3}+10

[13:]: -$3{x2}+$4{x3} >= 0 && -$2{x1}+$3{x2} >= 0 ? 4
$2{x1}-$3{x2} >= 1 && -$3{x2}+$4{x3} >= 0 ? 8
$3{x2}-$4{x3} >= 1 && -$2{x1}+$4{x3} >= 0 ? 9
$2{x1}-$4{x3} >= 1 && -$2{x1}+$3{x2} >= 0 ? 13
$2{x1}-$3{x2} >= 1 && $3{x2}-$4{x3} >= 1 ? 4$2{x1}-4$4{x3}+9

[14:]: -$3{x2}+$5{x4} >= 0 && -$2{x1}+$3{x2} >= 0 ? 3
$2{x1}-$3{x2} >= 1 && -$3{x2}+$5{x4} >= 0 ? 7
$3{x2}-$5{x4} >= 1 && -$2{x1}+$5{x4} >= 0 ? 8
$2{x1}-$5{x4} >= 1 && -$2{x1}+$3{x2} >= 0 ? 12
$2{x1}-$3{x2} >= 1 && $3{x2}-$5{x4} >= 1 ? 4$2{x1}-4$5{x4}+8

[15:]: -$4{x3}+$5{x4} >= 0 && -$3{x2}+$4{x3} >= 0 && -$2{x1}+$3{x2} >= 0 ? 2
$2{x1}-$3{x2} >= 1 && -$4{x3}+$5{x4} >= 0 && -$3{x2}+$4{x3} >= 0 ? 6
$3{x2}-$4{x3} >= 1 && -$4{x3}+$5{x4} >= 0 && -$2{x1}+$4{x3} >= 0 ? 7
$2{x1}-$4{x3} >= 1 && -$4{x3}+$5{x4} >= 0 && -$2{x1}+$3{x2} >= 0 ? 11
$2{x1}-$3{x2} >= 1 && $3{x2}-$4{x3} >= 1 && -$4{x3}+$5{x4} >= 0 ? 4$2{x1}-4$4{x3}+7
$4{x3}-$5{x4} >= 1 && -$3{x2}+$4{x3} >= 0 && -$2{x1}+$3{x2} >= 0 ? 8
$2{x1}-$3{x2} >= 1 && $4{x3}-$5{x4} >= 1 && -$3{x2}+$4{x3} >= 0 ? 12
$3{x2}-$4{x3} >= 1 && $4{x3}-$5{x4} >= 1 && -$2{x1}+$4{x3} >= 0 ? -5$2{x1}+5$3{x2}+8
$2{x1}-$4{x3} >= 1 && $4{x3}-$5{x4} >= 1 && -$2{x1}+$3{x2} >= 0 ? -5$2{x1}+5$3{x2}+17
$2{x1}-$3{x2} >= 1 && $3{x2}-$4{x3} >= 1 && $4{x3}-$5{x4} >= 1 ? 4$2{x1}+5$3{x2}-9$4{x3}+8

[16:]: -$4{x3}+$5{x4} >= 0 && -$3{x2}+$4{x3} >= 0 && -$2{x1}+$3{x2} >= 0 ? 2
$2{x1}-$3{x2} >= 1 && -$4{x3}+$5{x4} >= 0 && -$3{x2}+$4{x3} >= 0 ? 6
$3{x2}-$4{x3} >= 1 && -$4{x3}+$5{x4} >= 0 && -$2{x1}+$4{x3} >= 0 ? 7
$2{x1}-$4{x3} >= 1 && -$4{x3}+$5{x4} >= 0 && -$2{x1}+$3{x2} >= 0 ? 11
$2{x1}-$3{x2} >= 1 && $3{x2}-$4{x3} >= 1 && -$4{x3}+$5{x4} >= 0 ? 4$2{x1}-4$4{x3}+7
$4{x3}-$5{x4} >= 1 && -$3{x2}+$4{x3} >= 0 && -$2{x1}+$3{x2} >= 0 ? 8
$2{x1}-$3{x2} >= 1 && $4{x3}-$5{x4} >= 1 && -$3{x2}+$4{x3} >= 0 ? 12
$3{x2}-$4{x3} >= 1 && $4{x3}-$5{x4} >= 1 && -$2{x1}+$4{x3} >= 0 ? -5$2{x1}+5$3{x2}+8
$2{x1}-$4{x3} >= 1 && $4{x3}-$5{x4} >= 1 && -$2{x1}+$3{x2} >= 0 ? -5$2{x1}+5$3{x2}+17
$2{x1}-$3{x2} >= 1 && $3{x2}-$4{x3} >= 1 && $4{x3}-$5{x4} >= 1 ? 4$2{x1}+5$3{x2}-9$4{x3}+8

[17:]: -$4{x3}+$5{x4} >= 0 && -$3{x2}+$4{x3} >= 0 && -$2{x1}+$3{x2} >= 0 ? 2
$2{x1}-$3{x2} >= 1 && -$4{x3}+$5{x4} >= 0 && -$3{x2}+$4{x3} >= 0 ? 6
$3{x2}-$4{x3} >= 1 && -$4{x3}+$5{x4} >= 0 && -$2{x1}+$4{x3} >= 0 ? 7
$2{x1}-$4{x3} >= 1 && -$4{x3}+$5{x4} >= 0 && -$2{x1}+$3{x2} >= 0 ? 11
$2{x1}-$3{x2} >= 1 && $3{x2}-$4{x3} >= 1 && -$4{x3}+$5{x4} >= 0 ? 4$2{x1}-4$4{x3}+7
$4{x3}-$5{x4} >= 1 && -$3{x2}+$4{x3} >= 0 && -$2{x1}+$3{x2} >= 0 ? 8
$2{x1}-$3{x2} >= 1 && $4{x3}-$5{x4} >= 1 && -$3{x2}+$4{x3} >= 0 ? 12
$3{x2}-$4{x3} >= 1 && $4{x3}-$5{x4} >= 1 && -$2{x1}+$4{x3} >= 0 ? -5$2{x1}+5$3{x2}+8
$2{x1}-$4{x3} >= 1 && $4{x3}-$5{x4} >= 1 && -$2{x1}+$3{x2} >= 0 ? -5$2{x1}+5$3{x2}+17
$2{x1}-$3{x2} >= 1 && $3{x2}-$4{x3} >= 1 && $4{x3}-$5{x4} >= 1 ? 4$2{x1}+5$3{x2}-9$4{x3}+8

[18:]: -$4{x3}+$5{x4} >= 0 && -$3{x2}+$4{x3} >= 0 && -$2{x1}+$3{x2} >= 0 ? 2
$2{x1}-$3{x2} >= 1 && -$4{x3}+$5{x4} >= 0 && -$3{x2}+$4{x3} >= 0 ? 6
$3{x2}-$4{x3} >= 1 && -$4{x3}+$5{x4} >= 0 && -$2{x1}+$4{x3} >= 0 ? 7
$2{x1}-$4{x3} >= 1 && -$4{x3}+$5{x4} >= 0 && -$2{x1}+$3{x2} >= 0 ? 11
$2{x1}-$3{x2} >= 1 && $3{x2}-$4{x3} >= 1 && -$4{x3}+$5{x4} >= 0 ? 4$2{x1}-4$4{x3}+7
$4{x3}-$5{x4} >= 1 && -$3{x2}+$4{x3} >= 0 && -$2{x1}+$3{x2} >= 0 ? 8
$2{x1}-$3{x2} >= 1 && $4{x3}-$5{x4} >= 1 && -$3{x2}+$4{x3} >= 0 ? 12
$3{x2}-$4{x3} >= 1 && $4{x3}-$5{x4} >= 1 && -$2{x1}+$4{x3} >= 0 ? -5$2{x1}+5$3{x2}+8
$2{x1}-$4{x3} >= 1 && $4{x3}-$5{x4} >= 1 && -$2{x1}+$3{x2} >= 0 ? -5$2{x1}+5$3{x2}+17
$2{x1}-$3{x2} >= 1 && $3{x2}-$4{x3} >= 1 && $4{x3}-$5{x4} >= 1 ? 4$2{x1}+5$3{x2}-9$4{x3}+8

[19:]: -$4{x3}+$5{x4} >= 0 && -$3{x2}+$4{x3} >= 0 && -$2{x1}+$3{x2} >= 0 ? 2
$2{x1}-$3{x2} >= 1 && -$4{x3}+$5{x4} >= 0 && -$3{x2}+$4{x3} >= 0 ? 6
$3{x2}-$4{x3} >= 1 && -$4{x3}+$5{x4} >= 0 && -$2{x1}+$4{x3} >= 0 ? 7
$2{x1}-$4{x3} >= 1 && -$4{x3}+$5{x4} >= 0 && -$2{x1}+$3{x2} >= 0 ? 11
$2{x1}-$3{x2} >= 1 && $3{x2}-$4{x3} >= 1 && -$4{x3}+$5{x4} >= 0 ? 4$2{x1}-4$4{x3}+7
$4{x3}-$5{x4} >= 1 && -$3{x2}+$4{x3} >= 0 && -$2{x1}+$3{x2} >= 0 ? 8
$2{x1}-$3{x2} >= 1 && $4{x3}-$5{x4} >= 1 && -$3{x2}+$4{x3} >= 0 ? 12
$3{x2}-$4{x3} >= 1 && $4{x3}-$5{x4} >= 1 && -$2{x1}+$4{x3} >= 0 ? -5$2{x1}+5$3{x2}+8
$2{x1}-$4{x3} >= 1 && $4{x3}-$5{x4} >= 1 && -$2{x1}+$3{x2} >= 0 ? -5$2{x1}+5$3{x2}+17
$2{x1}-$3{x2} >= 1 && $3{x2}-$4{x3} >= 1 && $4{x3}-$5{x4} >= 1 ? 4$2{x1}+5$3{x2}-9$4{x3}+8

[20:]: top ? 1

[21:]: top ? 0.

[22:]: top ? 0.

Analysis Result: TRUE

Done.
