
CFG:
List of variables:
  $1{__return_main}:int at tests/tacas2013c.c:10.0-22.1
  $2{x1}:int at tests/tacas2013c.c:11.6-8
  $3{x2}:int at tests/tacas2013c.c:11.10-12
  $4{x3}:int at tests/tacas2013c.c:11.14-16

List of functions:
  1: main() -> $1{__return_main}:int at tests/tacas2013c.c:10.0-22.1, entry: 14, exit: 13, calls:

List of nodes:
  14: at :0:-1, in: out:1 
  13: at :0:-1, in: 2 out:
  1: at tests/tacas2013c.c:10:0, in: 14 out:3 
  2: at tests/tacas2013c.c:22:1, in: 4 out:13 
  3: at tests/tacas2013c.c:11:17, in: 10 8 1 out:4 5 
  4: at tests/tacas2013c.c:20:5, in: 3 out:2 
  5: at tests/tacas2013c.c:13:4, in: 3 out:6 7 
  6: at tests/tacas2013c.c:16:11, in: 5 out:9 
  7: at tests/tacas2013c.c:13:11, in: 5 out:8 
  8: at tests/tacas2013c.c:14:18, in: 7 out:3 
  9: at tests/tacas2013c.c:17:13, in: 6 out:10 
  10: at tests/tacas2013c.c:18:18, in: 9 out:3 
  11: at tests/tacas2013c.c:10:0, in: out:12 
  12: at tests/tacas2013c.c:22:1, in: 11 out:

List of arcs:
  14 -> 1: label entry
  2 -> 13: label exit
  1 -> 3: skip
  3 -> 5: $2{x1} > 0 && $3{x2} > 0 && $4{x3} > 0 ?
  3 -> 4: ! ($2{x1} > 0 && $3{x2} > 0 && $4{x3} > 0) ?
  5 -> 7: brand ?
  5 -> 6: ! (brand) ?
  7 -> 8: $2{x1} = $2{x1} - 1
  8 -> 3: $4{x3} = ?
  6 -> 9: $2{x1} = ?
  9 -> 10: $3{x2} = $3{x2} - 1
  10 -> 3: $4{x3} = $4{x3} - 1
  4 -> 2: $1{__return_main} = 0
  11 -> 12: skip


Property: exit: true

[1:]:
top ? bottom

[2:]:
top ? bottom

[3:]:
top ? bottom

[4:]:
top ? bottom

[5:]:
top ? bottom

[6:]:
top ? bottom

[7:]:
top ? bottom

[8:]:
top ? bottom

[9:]:
top ? bottom

[10:]:
top ? bottom

[11:]:
top ? bottom

[12:]:
top ? bottom

[13:]:
top ? 0.

[14:]:
top ? bottom

Property: AF{exit: true}

[1:]:
-$4{x3} >= 0 ? 2
$4{x3} == 1 && -$3{x2} >= 0 ? 2
$4{x3} == 1 && $3{x2} == 1 && -$2{x1} >= 0 ? 2
$4{x3} == 1 && $3{x2} == 1 && $2{x1} >= 1 ? 4$2{x1}+3
$4{x3} == 1 && $3{x2} == 2 && -$2{x1} >= 0 ? 2
$4{x3} == 1 && $3{x2} == 2 && $2{x1} == 1 ? 7
$4{x3} == 1 && $3{x2} == 2 && $2{x1} >= 2 ?  (1)⍵ + 4$2{x1}+16
$4{x3} == 1 && $3{x2} == 3 && -$2{x1} >= 0 ? 2
$4{x3} == 1 && $3{x2} == 3 && $2{x1} == 1 ? 7
$4{x3} == 1 && $3{x2} == 3 && $2{x1} >= 2 ?  (2)⍵ + 4$2{x1}+29
$4{x3} == 1 && $3{x2} >= 4 && -$2{x1} >= 0 ? 2
$4{x3} == 1 && $3{x2} >= 4 && $2{x1} == 1 ? 7
$4{x3} == 1 && $3{x2} >= 4 && $2{x1} >= 2 ?  ($3{x2}-1)⍵ + 4$2{x1}+13$3{x2}-10
$4{x3} == 2 && -$3{x2} >= 0 ? 2
$4{x3} == 2 && $3{x2} >= 1 && -$2{x1} >= 0 ? 2
$4{x3} == 2 && $3{x2} >= 1 && $2{x1} >= 1 ?  ($3{x2}-1)⍵ + 4$2{x1}+13$3{x2}-10
$4{x3} == 3 && -$3{x2} >= 0 ? 2
$4{x3} == 3 && $3{x2} >= 1 && -$2{x1} >= 0 ? 2
$4{x3} == 3 && $3{x2} >= 1 && $2{x1} >= 1 ?  ($3{x2}-1)⍵ + 4$2{x1}+13$3{x2}-10
$4{x3} >= 4 && -$3{x2} >= 0 ? 2
$4{x3} >= 4 && $3{x2} >= 1 && -$2{x1} >= 0 ? 2
$4{x3} >= 4 && $3{x2} >= 1 && $2{x1} >= 1 ?  ($3{x2}-1)⍵ + 4$2{x1}+13$3{x2}-10

[2:]:
top ? 0.

[3:]:
-$4{x3} >= 0 ? 2
$4{x3} == 1 && -$3{x2} >= 0 ? 2
$4{x3} == 1 && $3{x2} == 1 && -$2{x1} >= 0 ? 2
$4{x3} == 1 && $3{x2} == 1 && $2{x1} >= 1 ? 4$2{x1}+3
$4{x3} == 1 && $3{x2} == 2 && -$2{x1} >= 0 ? 2
$4{x3} == 1 && $3{x2} == 2 && $2{x1} == 1 ? 7
$4{x3} == 1 && $3{x2} == 2 && $2{x1} >= 2 ?  (1)⍵ + 4$2{x1}+16
$4{x3} == 1 && $3{x2} == 3 && -$2{x1} >= 0 ? 2
$4{x3} == 1 && $3{x2} == 3 && $2{x1} == 1 ? 7
$4{x3} == 1 && $3{x2} == 3 && $2{x1} >= 2 ?  (2)⍵ + 4$2{x1}+29
$4{x3} == 1 && $3{x2} == 4 && -$2{x1} >= 0 ? 2
$4{x3} == 1 && $3{x2} == 4 && $2{x1} == 1 ? 7
$4{x3} == 1 && $3{x2} == 4 && $2{x1} >= 2 ?  (3)⍵ + 4$2{x1}+42
$4{x3} == 1 && $3{x2} >= 5 && -$2{x1} >= 0 ? 2
$4{x3} == 1 && $3{x2} >= 5 && $2{x1} == 1 ? 7
$4{x3} == 1 && $3{x2} >= 5 && $2{x1} >= 2 ?  ($3{x2}-1)⍵ + 4$2{x1}+13$3{x2}-10
$4{x3} == 2 && -$3{x2} >= 0 ? 2
$4{x3} == 2 && $3{x2} >= 1 && -$2{x1} >= 0 ? 2
$4{x3} == 2 && $3{x2} >= 1 && $2{x1} >= 1 ?  ($3{x2}-1)⍵ + 4$2{x1}+13$3{x2}-10
$4{x3} == 3 && -$3{x2} >= 0 ? 2
$4{x3} == 3 && $3{x2} >= 1 && -$2{x1} >= 0 ? 2
$4{x3} == 3 && $3{x2} >= 1 && $2{x1} >= 1 ?  ($3{x2}-1)⍵ + 4$2{x1}+13$3{x2}-10
$4{x3} == 4 && -$3{x2} >= 0 ? 2
$4{x3} == 4 && $3{x2} >= 1 && -$2{x1} >= 0 ? 2
$4{x3} == 4 && $3{x2} >= 1 && $2{x1} >= 1 ?  ($3{x2}-1)⍵ + 4$2{x1}+13$3{x2}-10
$4{x3} >= 5 && -$3{x2} >= 0 ? 2
$4{x3} >= 5 && $3{x2} >= 1 && -$2{x1} >= 0 ? 2
$4{x3} >= 5 && $3{x2} >= 1 && $2{x1} >= 1 ?  ($3{x2}-1)⍵ + 4$2{x1}+13$3{x2}-10

[4:]:
top ? 1

[5:]:
-$4{x3} >= -1 && -$3{x2} >= 0 ? 6
-$4{x3} >= -1 && $3{x2} >= 1 && -$2{x1} >= -1 ? 6
-$4{x3} >= -1 && $3{x2} >= 1 && $2{x1} >= 2 ?  ($3{x2}-1)⍵ + 4$2{x1}+13$3{x2}-11
$4{x3} == 2 && -$3{x2} >= 0 ? 6
$4{x3} == 2 && $3{x2} >= 1 && -$2{x1} >= -1 ?  ($3{x2}-1)⍵ + 13$3{x2}-7
$4{x3} == 2 && $3{x2} >= 1 && $2{x1} >= 2 ?  ($3{x2}-1)⍵ + 4$2{x1}+13$3{x2}-11
$4{x3} == 3 && -$3{x2} >= 0 ? 6
$4{x3} == 3 && $3{x2} >= 1 && -$2{x1} >= -1 ?  ($3{x2}-1)⍵ + 13$3{x2}-7
$4{x3} == 3 && $3{x2} >= 1 && $2{x1} >= 2 ?  ($3{x2}-1)⍵ + 4$2{x1}+13$3{x2}-11
$4{x3} == 4 && -$3{x2} >= 0 ? 6
$4{x3} == 4 && $3{x2} >= 1 && -$2{x1} >= -1 ?  ($3{x2}-1)⍵ + 13$3{x2}-7
$4{x3} == 4 && $3{x2} >= 1 && $2{x1} >= 2 ?  ($3{x2}-1)⍵ + 4$2{x1}+13$3{x2}-11
$4{x3} >= 5 && -$3{x2} >= 0 ? 6
$4{x3} >= 5 && $3{x2} >= 1 && -$2{x1} >= -1 ?  ($3{x2}-1)⍵ + 13$3{x2}-7
$4{x3} >= 5 && $3{x2} >= 1 && $2{x1} >= 2 ?  ($3{x2}-1)⍵ + 4$2{x1}+13$3{x2}-11

[6:]:
-$4{x3} >= -1 ? 5
$4{x3} >= 2 && -$3{x2} >= -1 ? 5
$4{x3} >= 2 && $3{x2} >= 2 ?  ($3{x2}-1)⍵ + 13$3{x2}-8

[7:]:
-$3{x2} >= 0 ? 4
$3{x2} >= 1 && -$2{x1} >= -1 ? 4
$3{x2} >= 1 && $2{x1} >= 2 ?  ($3{x2}-1)⍵ + 4$2{x1}+13$3{x2}-12

[8:]:
-$3{x2} >= 0 ? 3
$3{x2} >= 1 && -$2{x1} >= 0 ? 3
$3{x2} >= 1 && $2{x1} >= 1 ?  ($3{x2}-1)⍵ + 4$2{x1}+13$3{x2}-9

[9:]:
-$4{x3} >= -1 ? 4
$4{x3} == 2 && -$3{x2} >= -1 ? 4
$4{x3} == 2 && $3{x2} == 2 && -$2{x1} >= 0 ? 4
$4{x3} == 2 && $3{x2} == 2 && $2{x1} >= 1 ? 4$2{x1}+5
$4{x3} == 2 && $3{x2} == 3 && -$2{x1} >= 0 ? 4
$4{x3} == 2 && $3{x2} == 3 && $2{x1} == 1 ? 9
$4{x3} == 2 && $3{x2} == 3 && $2{x1} >= 2 ?  (1)⍵ + 4$2{x1}+18
$4{x3} == 2 && $3{x2} == 4 && -$2{x1} >= 0 ? 4
$4{x3} == 2 && $3{x2} == 4 && $2{x1} == 1 ? 9
$4{x3} == 2 && $3{x2} == 4 && $2{x1} >= 2 ?  (2)⍵ + 4$2{x1}+31
$4{x3} == 2 && $3{x2} >= 5 && -$2{x1} >= 0 ? 4
$4{x3} == 2 && $3{x2} >= 5 && $2{x1} == 1 ? 9
$4{x3} == 2 && $3{x2} >= 5 && $2{x1} >= 2 ?  ($3{x2}-2)⍵ + 4$2{x1}+13$3{x2}-21
$4{x3} == 3 && -$3{x2} >= -1 ? 4
$4{x3} == 3 && $3{x2} >= 2 && -$2{x1} >= 0 ? 4
$4{x3} == 3 && $3{x2} >= 2 && $2{x1} >= 1 ?  ($3{x2}-2)⍵ + 4$2{x1}+13$3{x2}-21
$4{x3} == 4 && -$3{x2} >= -1 ? 4
$4{x3} == 4 && $3{x2} >= 2 && -$2{x1} >= 0 ? 4
$4{x3} == 4 && $3{x2} >= 2 && $2{x1} >= 1 ?  ($3{x2}-2)⍵ + 4$2{x1}+13$3{x2}-21
$4{x3} >= 5 && -$3{x2} >= -1 ? 4
$4{x3} >= 5 && $3{x2} >= 2 && -$2{x1} >= 0 ? 4
$4{x3} >= 5 && $3{x2} >= 2 && $2{x1} >= 1 ?  ($3{x2}-2)⍵ + 4$2{x1}+13$3{x2}-21

[10:]:
-$4{x3} >= -1 ? 3
$4{x3} == 2 && -$3{x2} >= 0 ? 3
$4{x3} == 2 && $3{x2} == 1 && -$2{x1} >= 0 ? 3
$4{x3} == 2 && $3{x2} == 1 && $2{x1} >= 1 ? 4$2{x1}+4
$4{x3} == 2 && $3{x2} == 2 && -$2{x1} >= 0 ? 3
$4{x3} == 2 && $3{x2} == 2 && $2{x1} == 1 ? 8
$4{x3} == 2 && $3{x2} == 2 && $2{x1} >= 2 ?  (1)⍵ + 4$2{x1}+17
$4{x3} == 2 && $3{x2} == 3 && -$2{x1} >= 0 ? 3
$4{x3} == 2 && $3{x2} == 3 && $2{x1} == 1 ? 8
$4{x3} == 2 && $3{x2} == 3 && $2{x1} >= 2 ?  (2)⍵ + 4$2{x1}+30
$4{x3} == 2 && $3{x2} >= 4 && -$2{x1} >= 0 ? 3
$4{x3} == 2 && $3{x2} >= 4 && $2{x1} == 1 ? 8
$4{x3} == 2 && $3{x2} >= 4 && $2{x1} >= 2 ?  ($3{x2}-1)⍵ + 4$2{x1}+13$3{x2}-9
$4{x3} == 3 && -$3{x2} >= 0 ? 3
$4{x3} == 3 && $3{x2} >= 1 && -$2{x1} >= 0 ? 3
$4{x3} == 3 && $3{x2} >= 1 && $2{x1} >= 1 ?  ($3{x2}-1)⍵ + 4$2{x1}+13$3{x2}-9
$4{x3} == 4 && -$3{x2} >= 0 ? 3
$4{x3} == 4 && $3{x2} >= 1 && -$2{x1} >= 0 ? 3
$4{x3} == 4 && $3{x2} >= 1 && $2{x1} >= 1 ?  ($3{x2}-1)⍵ + 4$2{x1}+13$3{x2}-9
$4{x3} >= 5 && -$3{x2} >= 0 ? 3
$4{x3} >= 5 && $3{x2} >= 1 && -$2{x1} >= 0 ? 3
$4{x3} >= 5 && $3{x2} >= 1 && $2{x1} >= 1 ?  ($3{x2}-1)⍵ + 4$2{x1}+13$3{x2}-9

[11:]:
top ? bottom

[12:]:
top ? bottom

[13:]:
top ? 0.

[14:]:
-$4{x3} >= 0 ? 2
$4{x3} == 1 && -$3{x2} >= 0 ? 2
$4{x3} == 1 && $3{x2} == 1 && -$2{x1} >= 0 ? 2
$4{x3} == 1 && $3{x2} == 1 && $2{x1} >= 1 ? 4$2{x1}+3
$4{x3} == 1 && $3{x2} == 2 && -$2{x1} >= 0 ? 2
$4{x3} == 1 && $3{x2} == 2 && $2{x1} == 1 ? 7
$4{x3} == 1 && $3{x2} == 2 && $2{x1} >= 2 ?  (1)⍵ + 4$2{x1}+16
$4{x3} == 1 && $3{x2} == 3 && -$2{x1} >= 0 ? 2
$4{x3} == 1 && $3{x2} == 3 && $2{x1} == 1 ? 7
$4{x3} == 1 && $3{x2} == 3 && $2{x1} >= 2 ?  (2)⍵ + 4$2{x1}+29
$4{x3} == 1 && $3{x2} >= 4 && -$2{x1} >= 0 ? 2
$4{x3} == 1 && $3{x2} >= 4 && $2{x1} == 1 ? 7
$4{x3} == 1 && $3{x2} >= 4 && $2{x1} >= 2 ?  ($3{x2}-1)⍵ + 4$2{x1}+13$3{x2}-10
$4{x3} == 2 && -$3{x2} >= 0 ? 2
$4{x3} == 2 && $3{x2} >= 1 && -$2{x1} >= 0 ? 2
$4{x3} == 2 && $3{x2} >= 1 && $2{x1} >= 1 ?  ($3{x2}-1)⍵ + 4$2{x1}+13$3{x2}-10
$4{x3} == 3 && -$3{x2} >= 0 ? 2
$4{x3} == 3 && $3{x2} >= 1 && -$2{x1} >= 0 ? 2
$4{x3} == 3 && $3{x2} >= 1 && $2{x1} >= 1 ?  ($3{x2}-1)⍵ + 4$2{x1}+13$3{x2}-10
$4{x3} >= 4 && -$3{x2} >= 0 ? 2
$4{x3} >= 4 && $3{x2} >= 1 && -$2{x1} >= 0 ? 2
$4{x3} >= 4 && $3{x2} >= 1 && $2{x1} >= 1 ?  ($3{x2}-1)⍵ + 4$2{x1}+13$3{x2}-10


Analysis Result: TRUE
