
Abstract Syntax:
[ 1:]
int main( ):
[ 2:] while [ 3:] ( $2{x} < $3{K} || $2{x} > $3{K} ) do
[ 4:]   if ( $2{x} > $3{K} ) then
[ 5:]     $2{x} := $2{x} - 1
[ 6:]
        else
[ 7:]     $2{x} := $2{x} + 1
[ 8:]
        endif
[ 9:]
      od
[10:] $1{$1} := 0
[11:] return
[12:]

Forward Analysis:
[ 1:]: top
[ 2:]: top
[ 3:]: top
[ 4:]: top
[ 5:]: $2{x}-$3{K} >= 1
[ 6:]: $2{x}-$3{K} >= 0
[ 7:]: -$2{x}+$3{K} >= 0
[ 8:]: -$2{x}+$3{K} >= -1
[ 9:]: top
[10:]: -$2{x}+$3{K} == 0
[11:]: $1{$1} == 0 && -$2{x}+$3{K} == 0
[12:]: bottom

Backward Analysis:
[ 1:]: -$2{x}+$3{K} >= 2 ? -3$2{x}+3$3{K}+2
-$2{x}+$3{K} == 1 ? 5
-$2{x}+$3{K} == 0 ? 2
-$2{x}+$3{K} == -1 ? 5
$2{x}-$3{K} >= 2 ? 3$2{x}-3$3{K}+2

[ 2:]: -$2{x}+$3{K} >= 2 ? -3$2{x}+3$3{K}+2
-$2{x}+$3{K} == 1 ? 5
-$2{x}+$3{K} == 0 ? 2
-$2{x}+$3{K} == -1 ? 5
$2{x}-$3{K} >= 2 ? 3$2{x}-3$3{K}+2

[ 3:]: -$2{x}+$3{K} >= 2 ? -3$2{x}+3$3{K}+2
-$2{x}+$3{K} == 1 ? 5
-$2{x}+$3{K} == 0 ? 2
-$2{x}+$3{K} == -1 ? 5
$2{x}-$3{K} >= 2 ? 3$2{x}-3$3{K}+2

[ 4:]: -$2{x}+$3{K} >= 3 ? -3$2{x}+3$3{K}+1
-$2{x}+$3{K} == 2 ? 7
-$2{x}+$3{K} == 1 ? 4
-$2{x}+$3{K} == 0 ? 7
-$2{x}+$3{K} == -1 ? 4
-$2{x}+$3{K} == -2 ? 7
$2{x}-$3{K} >= 3 ? 3$2{x}-3$3{K}+1

[ 5:]: -$2{x}+$3{K} >= 1 ? -3$2{x}+3$3{K}+6
-$2{x}+$3{K} == 0 ? 6
-$2{x}+$3{K} == -1 ? 3
-$2{x}+$3{K} == -2 ? 6
$2{x}-$3{K} >= 3 ? 3$2{x}-3$3{K}+0

[ 6:]: -$2{x}+$3{K} >= 2 ? -3$2{x}+3$3{K}+2
-$2{x}+$3{K} == 1 ? 5
-$2{x}+$3{K} == 0 ? 2
-$2{x}+$3{K} == -1 ? 5
$2{x}-$3{K} >= 2 ? 3$2{x}-3$3{K}+2

[ 7:]: -$2{x}+$3{K} >= 3 ? -3$2{x}+3$3{K}+0
-$2{x}+$3{K} == 2 ? 6
-$2{x}+$3{K} == 1 ? 3
-$2{x}+$3{K} == 0 ? 6
$2{x}-$3{K} >= 1 ? 3$2{x}-3$3{K}+6

[ 8:]: -$2{x}+$3{K} >= 2 ? -3$2{x}+3$3{K}+2
-$2{x}+$3{K} == 1 ? 5
-$2{x}+$3{K} == 0 ? 2
-$2{x}+$3{K} == -1 ? 5
$2{x}-$3{K} >= 2 ? 3$2{x}-3$3{K}+2

[ 9:]: -$2{x}+$3{K} >= 2 ? -3$2{x}+3$3{K}+2
-$2{x}+$3{K} == 1 ? 5
-$2{x}+$3{K} == 0 ? 2
-$2{x}+$3{K} == -1 ? 5
$2{x}-$3{K} >= 2 ? 3$2{x}-3$3{K}+2

[10:]: top ? 1

[11:]: top ? 0.

[12:]: top ? 0.

Analysis Result: TRUE

Done.
