
Abstract Syntax:
[ 1:]
int main( ):
[ 2:] while [ 3:] ( ($2{x1} > 0 && $3{x2} > 0) && $4{x3} > 0 ) do
[ 4:]   if ( ? ) then
[ 5:]     $2{x1} := $2{x1} - 1
[ 6:]     $4{x3} := ?
[ 7:]
        else
[ 8:]     $2{x1} := ?
[ 9:]     $3{x2} := $3{x2} - 1
[10:]     $4{x3} := $4{x3} - 1
[11:]
        endif
[12:]
      od
[13:] $1{$1} := 0
[14:] return
[15:]

Forward Analysis:
[ 1:]: top
[ 2:]: top
[ 3:]: top
[ 4:]: $4{x3} >= 1 && $3{x2} >= 1 && $2{x1} >= 1
[ 5:]: $4{x3} >= 1 && $3{x2} >= 1 && $2{x1} >= 1
[ 6:]: $4{x3} >= 1 && $3{x2} >= 1 && $2{x1} >= 0
[ 7:]: $3{x2} >= 1 && $2{x1} >= 0
[ 8:]: $4{x3} >= 1 && $3{x2} >= 1 && $2{x1} >= 1
[ 9:]: $4{x3} >= 1 && $3{x2} >= 1
[10:]: $4{x3} >= 1 && $3{x2} >= 0
[11:]: $4{x3} >= 0 && $3{x2} >= 0
[12:]: $3{x2} >= 0
[13:]: top
[14:]: $1{$1} == 0
[15:]: bottom

Backward Analysis:
[ 1:]: -$4{x3} >= 0 && -$3{x2} >= 0 && -$2{x1} >= 0 ? 2
-$4{x3} >= 0 && -$3{x2} >= 0 && $2{x1} == 1 ? 2
-$4{x3} >= 0 && -$3{x2} >= 0 && $2{x1} == 2 ? 2
-$4{x3} >= 0 && -$3{x2} >= 0 && $2{x1} >= 3 ? 2
-$4{x3} >= 0 && $3{x2} == 1 && -$2{x1} >= 0 ? 2
-$4{x3} >= 0 && $3{x2} == 1 && $2{x1} == 1 ? 2
-$4{x3} >= 0 && $3{x2} == 1 && $2{x1} == 2 ? 2
-$4{x3} >= 0 && $3{x2} == 1 && $2{x1} >= 3 ? 2
-$4{x3} >= 0 && $3{x2} == 2 && -$2{x1} >= 0 ? 2
-$4{x3} >= 0 && $3{x2} == 2 && $2{x1} == 1 ? 2
-$4{x3} >= 0 && $3{x2} == 2 && $2{x1} == 2 ? 2
-$4{x3} >= 0 && $3{x2} == 2 && $2{x1} >= 3 ? 2
-$4{x3} >= 0 && $3{x2} >= 3 && -$2{x1} >= 0 ? 2
-$4{x3} >= 0 && $3{x2} >= 3 && $2{x1} == 1 ? 2
-$4{x3} >= 0 && $3{x2} >= 3 && $2{x1} == 2 ? 2
-$4{x3} >= 0 && $3{x2} >= 3 && $2{x1} >= 3 ? 2
$4{x3} == 1 && -$3{x2} >= 0 && -$2{x1} >= 0 ? 2
$4{x3} == 1 && -$3{x2} >= 0 && $2{x1} == 1 ? 2
$4{x3} == 1 && -$3{x2} >= 0 && $2{x1} == 2 ? 2
$4{x3} == 1 && -$3{x2} >= 0 && $2{x1} >= 3 ? 2
$4{x3} == 1 && $3{x2} == 1 && -$2{x1} >= 0 ? 2
$4{x3} == 1 && $3{x2} == 1 && $2{x1} == 1 ? 7
$4{x3} == 1 && $3{x2} == 1 && $2{x1} == 2 ? 11
$4{x3} == 1 && $3{x2} == 1 && $2{x1} >= 3 ? 4$2{x1}+3
$4{x3} == 1 && $3{x2} == 2 && -$2{x1} >= 0 ? 2
$4{x3} == 1 && $3{x2} == 2 && $2{x1} == 1 ? 7
$4{x3} == 1 && $3{x2} == 2 && $2{x1} == 2 ?  (1)⍵ + 20
$4{x3} == 1 && $3{x2} == 2 && $2{x1} >= 3 ?  (1)⍵ + 4$2{x1}+12
$4{x3} == 1 && $3{x2} >= 3 && -$2{x1} >= 0 ? 2
$4{x3} == 1 && $3{x2} >= 3 && $2{x1} == 1 ? 7
$4{x3} == 1 && $3{x2} >= 3 && $2{x1} == 2 ?  ($3{x2}-1)⍵ + 9$3{x2}+2
$4{x3} == 1 && $3{x2} >= 3 && $2{x1} >= 3 ?  ($3{x2}-1)⍵ + 4$2{x1}+9$3{x2}-6
$4{x3} == 2 && -$3{x2} >= 0 && -$2{x1} >= 0 ? 2
$4{x3} == 2 && -$3{x2} >= 0 && $2{x1} == 1 ? 2
$4{x3} == 2 && -$3{x2} >= 0 && $2{x1} == 2 ? 2
$4{x3} == 2 && -$3{x2} >= 0 && $2{x1} >= 3 ? 2
$4{x3} == 2 && $3{x2} == 1 && -$2{x1} >= 0 ? 2
$4{x3} == 2 && $3{x2} == 1 && $2{x1} == 1 ? 7
$4{x3} == 2 && $3{x2} == 1 && $2{x1} == 2 ? 11
$4{x3} == 2 && $3{x2} == 1 && $2{x1} >= 3 ? 4$2{x1}+3
$4{x3} == 2 && $3{x2} == 2 && -$2{x1} >= 0 ? 2
$4{x3} == 2 && $3{x2} == 2 && $2{x1} == 1 ?  (1)⍵ + 16
$4{x3} == 2 && $3{x2} == 2 && $2{x1} == 2 ?  (1)⍵ + 20
$4{x3} == 2 && $3{x2} == 2 && $2{x1} >= 3 ?  (1)⍵ + 4$2{x1}+12
$4{x3} == 2 && $3{x2} >= 3 && -$2{x1} >= 0 ? 2
$4{x3} == 2 && $3{x2} >= 3 && $2{x1} == 1 ?  ($3{x2}-1)⍵ + 9$3{x2}-2
$4{x3} == 2 && $3{x2} >= 3 && $2{x1} == 2 ?  ($3{x2}-1)⍵ + 9$3{x2}+2
$4{x3} == 2 && $3{x2} >= 3 && $2{x1} >= 3 ?  ($3{x2}-1)⍵ + 4$2{x1}+9$3{x2}-6
$4{x3} >= 3 && -$3{x2} >= 0 && -$2{x1} >= 0 ? 2
$4{x3} >= 3 && -$3{x2} >= 0 && $2{x1} == 1 ? 2
$4{x3} >= 3 && -$3{x2} >= 0 && $2{x1} == 2 ? 2
$4{x3} >= 3 && -$3{x2} >= 0 && $2{x1} >= 3 ? 2
$4{x3} >= 3 && $3{x2} == 1 && -$2{x1} >= 0 ? 2
$4{x3} >= 3 && $3{x2} == 1 && $2{x1} == 1 ? 7
$4{x3} >= 3 && $3{x2} == 1 && $2{x1} == 2 ? 11
$4{x3} >= 3 && $3{x2} == 1 && $2{x1} >= 3 ? 4$2{x1}+3
$4{x3} >= 3 && $3{x2} == 2 && -$2{x1} >= 0 ? 2
$4{x3} >= 3 && $3{x2} == 2 && $2{x1} == 1 ?  (1)⍵ + 16
$4{x3} >= 3 && $3{x2} == 2 && $2{x1} == 2 ?  (1)⍵ + 20
$4{x3} >= 3 && $3{x2} == 2 && $2{x1} >= 3 ?  (1)⍵ + 4$2{x1}+12
$4{x3} >= 3 && $3{x2} >= 3 && -$2{x1} >= 0 ? 2
$4{x3} >= 3 && $3{x2} >= 3 && $2{x1} == 1 ?  ($3{x2}-1)⍵ + 9$3{x2}-2
$4{x3} >= 3 && $3{x2} >= 3 && $2{x1} == 2 ?  ($3{x2}-1)⍵ + 9$3{x2}+2
$4{x3} >= 3 && $3{x2} >= 3 && $2{x1} >= 3 ?  ($3{x2}-1)⍵ + 4$2{x1}+9$3{x2}-6

[ 2:]: -$4{x3} >= 0 && -$3{x2} >= 0 && -$2{x1} >= 0 ? 2
-$4{x3} >= 0 && -$3{x2} >= 0 && $2{x1} == 1 ? 2
-$4{x3} >= 0 && -$3{x2} >= 0 && $2{x1} == 2 ? 2
-$4{x3} >= 0 && -$3{x2} >= 0 && $2{x1} >= 3 ? 2
-$4{x3} >= 0 && $3{x2} == 1 && -$2{x1} >= 0 ? 2
-$4{x3} >= 0 && $3{x2} == 1 && $2{x1} == 1 ? 2
-$4{x3} >= 0 && $3{x2} == 1 && $2{x1} == 2 ? 2
-$4{x3} >= 0 && $3{x2} == 1 && $2{x1} >= 3 ? 2
-$4{x3} >= 0 && $3{x2} == 2 && -$2{x1} >= 0 ? 2
-$4{x3} >= 0 && $3{x2} == 2 && $2{x1} == 1 ? 2
-$4{x3} >= 0 && $3{x2} == 2 && $2{x1} == 2 ? 2
-$4{x3} >= 0 && $3{x2} == 2 && $2{x1} >= 3 ? 2
-$4{x3} >= 0 && $3{x2} >= 3 && -$2{x1} >= 0 ? 2
-$4{x3} >= 0 && $3{x2} >= 3 && $2{x1} == 1 ? 2
-$4{x3} >= 0 && $3{x2} >= 3 && $2{x1} == 2 ? 2
-$4{x3} >= 0 && $3{x2} >= 3 && $2{x1} >= 3 ? 2
$4{x3} == 1 && -$3{x2} >= 0 && -$2{x1} >= 0 ? 2
$4{x3} == 1 && -$3{x2} >= 0 && $2{x1} == 1 ? 2
$4{x3} == 1 && -$3{x2} >= 0 && $2{x1} == 2 ? 2
$4{x3} == 1 && -$3{x2} >= 0 && $2{x1} >= 3 ? 2
$4{x3} == 1 && $3{x2} == 1 && -$2{x1} >= 0 ? 2
$4{x3} == 1 && $3{x2} == 1 && $2{x1} == 1 ? 7
$4{x3} == 1 && $3{x2} == 1 && $2{x1} == 2 ? 11
$4{x3} == 1 && $3{x2} == 1 && $2{x1} >= 3 ? 4$2{x1}+3
$4{x3} == 1 && $3{x2} == 2 && -$2{x1} >= 0 ? 2
$4{x3} == 1 && $3{x2} == 2 && $2{x1} == 1 ? 7
$4{x3} == 1 && $3{x2} == 2 && $2{x1} == 2 ?  (1)⍵ + 20
$4{x3} == 1 && $3{x2} == 2 && $2{x1} >= 3 ?  (1)⍵ + 4$2{x1}+12
$4{x3} == 1 && $3{x2} >= 3 && -$2{x1} >= 0 ? 2
$4{x3} == 1 && $3{x2} >= 3 && $2{x1} == 1 ? 7
$4{x3} == 1 && $3{x2} >= 3 && $2{x1} == 2 ?  ($3{x2}-1)⍵ + 9$3{x2}+2
$4{x3} == 1 && $3{x2} >= 3 && $2{x1} >= 3 ?  ($3{x2}-1)⍵ + 4$2{x1}+9$3{x2}-6
$4{x3} == 2 && -$3{x2} >= 0 && -$2{x1} >= 0 ? 2
$4{x3} == 2 && -$3{x2} >= 0 && $2{x1} == 1 ? 2
$4{x3} == 2 && -$3{x2} >= 0 && $2{x1} == 2 ? 2
$4{x3} == 2 && -$3{x2} >= 0 && $2{x1} >= 3 ? 2
$4{x3} == 2 && $3{x2} == 1 && -$2{x1} >= 0 ? 2
$4{x3} == 2 && $3{x2} == 1 && $2{x1} == 1 ? 7
$4{x3} == 2 && $3{x2} == 1 && $2{x1} == 2 ? 11
$4{x3} == 2 && $3{x2} == 1 && $2{x1} >= 3 ? 4$2{x1}+3
$4{x3} == 2 && $3{x2} == 2 && -$2{x1} >= 0 ? 2
$4{x3} == 2 && $3{x2} == 2 && $2{x1} == 1 ?  (1)⍵ + 16
$4{x3} == 2 && $3{x2} == 2 && $2{x1} == 2 ?  (1)⍵ + 20
$4{x3} == 2 && $3{x2} == 2 && $2{x1} >= 3 ?  (1)⍵ + 4$2{x1}+12
$4{x3} == 2 && $3{x2} >= 3 && -$2{x1} >= 0 ? 2
$4{x3} == 2 && $3{x2} >= 3 && $2{x1} == 1 ?  ($3{x2}-1)⍵ + 9$3{x2}-2
$4{x3} == 2 && $3{x2} >= 3 && $2{x1} == 2 ?  ($3{x2}-1)⍵ + 9$3{x2}+2
$4{x3} == 2 && $3{x2} >= 3 && $2{x1} >= 3 ?  ($3{x2}-1)⍵ + 4$2{x1}+9$3{x2}-6
$4{x3} >= 3 && -$3{x2} >= 0 && -$2{x1} >= 0 ? 2
$4{x3} >= 3 && -$3{x2} >= 0 && $2{x1} == 1 ? 2
$4{x3} >= 3 && -$3{x2} >= 0 && $2{x1} == 2 ? 2
$4{x3} >= 3 && -$3{x2} >= 0 && $2{x1} >= 3 ? 2
$4{x3} >= 3 && $3{x2} == 1 && -$2{x1} >= 0 ? 2
$4{x3} >= 3 && $3{x2} == 1 && $2{x1} == 1 ? 7
$4{x3} >= 3 && $3{x2} == 1 && $2{x1} == 2 ? 11
$4{x3} >= 3 && $3{x2} == 1 && $2{x1} >= 3 ? 4$2{x1}+3
$4{x3} >= 3 && $3{x2} == 2 && -$2{x1} >= 0 ? 2
$4{x3} >= 3 && $3{x2} == 2 && $2{x1} == 1 ?  (1)⍵ + 16
$4{x3} >= 3 && $3{x2} == 2 && $2{x1} == 2 ?  (1)⍵ + 20
$4{x3} >= 3 && $3{x2} == 2 && $2{x1} >= 3 ?  (1)⍵ + 4$2{x1}+12
$4{x3} >= 3 && $3{x2} >= 3 && -$2{x1} >= 0 ? 2
$4{x3} >= 3 && $3{x2} >= 3 && $2{x1} == 1 ?  ($3{x2}-1)⍵ + 9$3{x2}-2
$4{x3} >= 3 && $3{x2} >= 3 && $2{x1} == 2 ?  ($3{x2}-1)⍵ + 9$3{x2}+2
$4{x3} >= 3 && $3{x2} >= 3 && $2{x1} >= 3 ?  ($3{x2}-1)⍵ + 4$2{x1}+9$3{x2}-6

[ 3:]: -$4{x3} >= 0 && -$3{x2} >= 0 && -$2{x1} >= 0 ? 2
-$4{x3} >= 0 && -$3{x2} >= 0 && $2{x1} == 1 ? 2
-$4{x3} >= 0 && -$3{x2} >= 0 && $2{x1} == 2 ? 2
-$4{x3} >= 0 && -$3{x2} >= 0 && $2{x1} >= 3 ? 2
-$4{x3} >= 0 && $3{x2} == 1 && -$2{x1} >= 0 ? 2
-$4{x3} >= 0 && $3{x2} == 1 && $2{x1} == 1 ? 2
-$4{x3} >= 0 && $3{x2} == 1 && $2{x1} == 2 ? 2
-$4{x3} >= 0 && $3{x2} == 1 && $2{x1} >= 3 ? 2
-$4{x3} >= 0 && $3{x2} == 2 && -$2{x1} >= 0 ? 2
-$4{x3} >= 0 && $3{x2} == 2 && $2{x1} == 1 ? 2
-$4{x3} >= 0 && $3{x2} == 2 && $2{x1} == 2 ? 2
-$4{x3} >= 0 && $3{x2} == 2 && $2{x1} >= 3 ? 2
-$4{x3} >= 0 && $3{x2} >= 3 && -$2{x1} >= 0 ? 2
-$4{x3} >= 0 && $3{x2} >= 3 && $2{x1} == 1 ? 2
-$4{x3} >= 0 && $3{x2} >= 3 && $2{x1} == 2 ? 2
-$4{x3} >= 0 && $3{x2} >= 3 && $2{x1} >= 3 ? 2
$4{x3} == 1 && -$3{x2} >= 0 && -$2{x1} >= 0 ? 2
$4{x3} == 1 && -$3{x2} >= 0 && $2{x1} == 1 ? 2
$4{x3} == 1 && -$3{x2} >= 0 && $2{x1} == 2 ? 2
$4{x3} == 1 && -$3{x2} >= 0 && $2{x1} >= 3 ? 2
$4{x3} == 1 && $3{x2} == 1 && -$2{x1} >= 0 ? 2
$4{x3} == 1 && $3{x2} == 1 && $2{x1} == 1 ? 7
$4{x3} == 1 && $3{x2} == 1 && $2{x1} == 2 ? 11
$4{x3} == 1 && $3{x2} == 1 && $2{x1} >= 3 ? 4$2{x1}+3
$4{x3} == 1 && $3{x2} == 2 && -$2{x1} >= 0 ? 2
$4{x3} == 1 && $3{x2} == 2 && $2{x1} == 1 ? 7
$4{x3} == 1 && $3{x2} == 2 && $2{x1} == 2 ?  (1)⍵ + 20
$4{x3} == 1 && $3{x2} == 2 && $2{x1} >= 3 ?  (1)⍵ + 4$2{x1}+12
$4{x3} == 1 && $3{x2} >= 3 && -$2{x1} >= 0 ? 2
$4{x3} == 1 && $3{x2} >= 3 && $2{x1} == 1 ? 7
$4{x3} == 1 && $3{x2} >= 3 && $2{x1} == 2 ?  ($3{x2}-1)⍵ + 9$3{x2}+2
$4{x3} == 1 && $3{x2} >= 3 && $2{x1} >= 3 ?  ($3{x2}-1)⍵ + 4$2{x1}+9$3{x2}-6
$4{x3} == 2 && -$3{x2} >= 0 && -$2{x1} >= 0 ? 2
$4{x3} == 2 && -$3{x2} >= 0 && $2{x1} == 1 ? 2
$4{x3} == 2 && -$3{x2} >= 0 && $2{x1} == 2 ? 2
$4{x3} == 2 && -$3{x2} >= 0 && $2{x1} >= 3 ? 2
$4{x3} == 2 && $3{x2} == 1 && -$2{x1} >= 0 ? 2
$4{x3} == 2 && $3{x2} == 1 && $2{x1} == 1 ? 7
$4{x3} == 2 && $3{x2} == 1 && $2{x1} == 2 ? 11
$4{x3} == 2 && $3{x2} == 1 && $2{x1} >= 3 ? 4$2{x1}+3
$4{x3} == 2 && $3{x2} == 2 && -$2{x1} >= 0 ? 2
$4{x3} == 2 && $3{x2} == 2 && $2{x1} == 1 ?  (1)⍵ + 16
$4{x3} == 2 && $3{x2} == 2 && $2{x1} == 2 ?  (1)⍵ + 20
$4{x3} == 2 && $3{x2} == 2 && $2{x1} >= 3 ?  (1)⍵ + 4$2{x1}+12
$4{x3} == 2 && $3{x2} >= 3 && -$2{x1} >= 0 ? 2
$4{x3} == 2 && $3{x2} >= 3 && $2{x1} == 1 ?  ($3{x2}-1)⍵ + 9$3{x2}-2
$4{x3} == 2 && $3{x2} >= 3 && $2{x1} == 2 ?  ($3{x2}-1)⍵ + 9$3{x2}+2
$4{x3} == 2 && $3{x2} >= 3 && $2{x1} >= 3 ?  ($3{x2}-1)⍵ + 4$2{x1}+9$3{x2}-6
$4{x3} >= 3 && -$3{x2} >= 0 && -$2{x1} >= 0 ? 2
$4{x3} >= 3 && -$3{x2} >= 0 && $2{x1} == 1 ? 2
$4{x3} >= 3 && -$3{x2} >= 0 && $2{x1} == 2 ? 2
$4{x3} >= 3 && -$3{x2} >= 0 && $2{x1} >= 3 ? 2
$4{x3} >= 3 && $3{x2} == 1 && -$2{x1} >= 0 ? 2
$4{x3} >= 3 && $3{x2} == 1 && $2{x1} == 1 ? 7
$4{x3} >= 3 && $3{x2} == 1 && $2{x1} == 2 ? 11
$4{x3} >= 3 && $3{x2} == 1 && $2{x1} >= 3 ? 4$2{x1}+3
$4{x3} >= 3 && $3{x2} == 2 && -$2{x1} >= 0 ? 2
$4{x3} >= 3 && $3{x2} == 2 && $2{x1} == 1 ?  (1)⍵ + 16
$4{x3} >= 3 && $3{x2} == 2 && $2{x1} == 2 ?  (1)⍵ + 20
$4{x3} >= 3 && $3{x2} == 2 && $2{x1} >= 3 ?  (1)⍵ + 4$2{x1}+12
$4{x3} >= 3 && $3{x2} >= 3 && -$2{x1} >= 0 ? 2
$4{x3} >= 3 && $3{x2} >= 3 && $2{x1} == 1 ?  ($3{x2}-1)⍵ + 9$3{x2}-2
$4{x3} >= 3 && $3{x2} >= 3 && $2{x1} == 2 ?  ($3{x2}-1)⍵ + 9$3{x2}+2
$4{x3} >= 3 && $3{x2} >= 3 && $2{x1} >= 3 ?  ($3{x2}-1)⍵ + 4$2{x1}+9$3{x2}-6

[ 4:]: -$4{x3} >= -1 && -$3{x2} >= 0 && -$2{x1} >= -1 ? 6
-$4{x3} >= -1 && -$3{x2} >= 0 && $2{x1} == 2 ? 6
-$4{x3} >= -1 && -$3{x2} >= 0 && $2{x1} == 3 ? 6
-$4{x3} >= -1 && -$3{x2} >= 0 && $2{x1} >= 4 ? 6
-$4{x3} >= -1 && $3{x2} == 1 && -$2{x1} >= -1 ? 6
-$4{x3} >= -1 && $3{x2} == 1 && $2{x1} == 2 ? 10
-$4{x3} >= -1 && $3{x2} == 1 && $2{x1} == 3 ? 14
-$4{x3} >= -1 && $3{x2} == 1 && $2{x1} >= 4 ? 4$2{x1}+2
-$4{x3} >= -1 && $3{x2} == 2 && -$2{x1} >= -1 ? 6
-$4{x3} >= -1 && $3{x2} == 2 && $2{x1} == 2 ?  (1)⍵ + 19
-$4{x3} >= -1 && $3{x2} == 2 && $2{x1} == 3 ?  (1)⍵ + 23
-$4{x3} >= -1 && $3{x2} == 2 && $2{x1} >= 4 ?  (1)⍵ + 4$2{x1}+11
-$4{x3} >= -1 && $3{x2} == 3 && -$2{x1} >= -1 ? 6
-$4{x3} >= -1 && $3{x2} == 3 && $2{x1} == 2 ?  (2)⍵ + 28
-$4{x3} >= -1 && $3{x2} == 3 && $2{x1} == 3 ?  (2)⍵ + 32
-$4{x3} >= -1 && $3{x2} == 3 && $2{x1} >= 4 ?  (2)⍵ + 4$2{x1}+20
-$4{x3} >= -1 && $3{x2} >= 4 && -$2{x1} >= -1 ? 6
-$4{x3} >= -1 && $3{x2} >= 4 && $2{x1} == 2 ?  ($3{x2}-1)⍵ + 9$3{x2}+1
-$4{x3} >= -1 && $3{x2} >= 4 && $2{x1} == 3 ?  ($3{x2}-1)⍵ + 9$3{x2}+5
-$4{x3} >= -1 && $3{x2} >= 4 && $2{x1} >= 4 ?  ($3{x2}-1)⍵ + 4$2{x1}+9$3{x2}-7
$4{x3} == 2 && -$3{x2} >= 0 && -$2{x1} >= -1 ? 6
$4{x3} == 2 && -$3{x2} >= 0 && $2{x1} == 2 ? 6
$4{x3} == 2 && -$3{x2} >= 0 && $2{x1} == 3 ? 6
$4{x3} == 2 && -$3{x2} >= 0 && $2{x1} >= 4 ? 6
$4{x3} == 2 && $3{x2} == 1 && -$2{x1} >= -1 ? 6
$4{x3} == 2 && $3{x2} == 1 && $2{x1} == 2 ? 10
$4{x3} == 2 && $3{x2} == 1 && $2{x1} == 3 ? 14
$4{x3} == 2 && $3{x2} == 1 && $2{x1} >= 4 ? 4$2{x1}+2
$4{x3} == 2 && $3{x2} == 2 && -$2{x1} >= -1 ?  (1)⍵ + 15
$4{x3} == 2 && $3{x2} == 2 && $2{x1} == 2 ?  (1)⍵ + 19
$4{x3} == 2 && $3{x2} == 2 && $2{x1} == 3 ?  (1)⍵ + 23
$4{x3} == 2 && $3{x2} == 2 && $2{x1} >= 4 ?  (1)⍵ + 4$2{x1}+11
$4{x3} == 2 && $3{x2} == 3 && -$2{x1} >= -1 ?  (2)⍵ + 24
$4{x3} == 2 && $3{x2} == 3 && $2{x1} == 2 ?  (2)⍵ + 28
$4{x3} == 2 && $3{x2} == 3 && $2{x1} == 3 ?  (2)⍵ + 32
$4{x3} == 2 && $3{x2} == 3 && $2{x1} >= 4 ?  (2)⍵ + 4$2{x1}+20
$4{x3} == 2 && $3{x2} >= 4 && -$2{x1} >= -1 ?  ($3{x2}-1)⍵ + 9$3{x2}-3
$4{x3} == 2 && $3{x2} >= 4 && $2{x1} == 2 ?  ($3{x2}-1)⍵ + 9$3{x2}+1
$4{x3} == 2 && $3{x2} >= 4 && $2{x1} == 3 ?  ($3{x2}-1)⍵ + 9$3{x2}+5
$4{x3} == 2 && $3{x2} >= 4 && $2{x1} >= 4 ?  ($3{x2}-1)⍵ + 4$2{x1}+9$3{x2}-7
$4{x3} == 3 && -$3{x2} >= 0 && -$2{x1} >= -1 ? 6
$4{x3} == 3 && -$3{x2} >= 0 && $2{x1} == 2 ? 6
$4{x3} == 3 && -$3{x2} >= 0 && $2{x1} == 3 ? 6
$4{x3} == 3 && -$3{x2} >= 0 && $2{x1} >= 4 ? 6
$4{x3} == 3 && $3{x2} == 1 && -$2{x1} >= -1 ? 6
$4{x3} == 3 && $3{x2} == 1 && $2{x1} == 2 ? 10
$4{x3} == 3 && $3{x2} == 1 && $2{x1} == 3 ? 14
$4{x3} == 3 && $3{x2} == 1 && $2{x1} >= 4 ? 4$2{x1}+2
$4{x3} == 3 && $3{x2} == 2 && -$2{x1} >= -1 ?  (1)⍵ + 15
$4{x3} == 3 && $3{x2} == 2 && $2{x1} == 2 ?  (1)⍵ + 19
$4{x3} == 3 && $3{x2} == 2 && $2{x1} == 3 ?  (1)⍵ + 23
$4{x3} == 3 && $3{x2} == 2 && $2{x1} >= 4 ?  (1)⍵ + 4$2{x1}+11
$4{x3} == 3 && $3{x2} == 3 && -$2{x1} >= -1 ?  (2)⍵ + 24
$4{x3} == 3 && $3{x2} == 3 && $2{x1} == 2 ?  (2)⍵ + 28
$4{x3} == 3 && $3{x2} == 3 && $2{x1} == 3 ?  (2)⍵ + 32
$4{x3} == 3 && $3{x2} == 3 && $2{x1} >= 4 ?  (2)⍵ + 4$2{x1}+20
$4{x3} == 3 && $3{x2} >= 4 && -$2{x1} >= -1 ?  ($3{x2}-1)⍵ + 9$3{x2}-3
$4{x3} == 3 && $3{x2} >= 4 && $2{x1} == 2 ?  ($3{x2}-1)⍵ + 9$3{x2}+1
$4{x3} == 3 && $3{x2} >= 4 && $2{x1} == 3 ?  ($3{x2}-1)⍵ + 9$3{x2}+5
$4{x3} == 3 && $3{x2} >= 4 && $2{x1} >= 4 ?  ($3{x2}-1)⍵ + 4$2{x1}+9$3{x2}-7
$4{x3} >= 4 && -$3{x2} >= 0 && -$2{x1} >= -1 ? 6
$4{x3} >= 4 && -$3{x2} >= 0 && $2{x1} == 2 ? 6
$4{x3} >= 4 && -$3{x2} >= 0 && $2{x1} == 3 ? 6
$4{x3} >= 4 && -$3{x2} >= 0 && $2{x1} >= 4 ? 6
$4{x3} >= 4 && $3{x2} == 1 && -$2{x1} >= -1 ? 6
$4{x3} >= 4 && $3{x2} == 1 && $2{x1} == 2 ? 10
$4{x3} >= 4 && $3{x2} == 1 && $2{x1} == 3 ? 14
$4{x3} >= 4 && $3{x2} == 1 && $2{x1} >= 4 ? 4$2{x1}+2
$4{x3} >= 4 && $3{x2} == 2 && -$2{x1} >= -1 ?  (1)⍵ + 15
$4{x3} >= 4 && $3{x2} == 2 && $2{x1} == 2 ?  (1)⍵ + 19
$4{x3} >= 4 && $3{x2} == 2 && $2{x1} == 3 ?  (1)⍵ + 23
$4{x3} >= 4 && $3{x2} == 2 && $2{x1} >= 4 ?  (1)⍵ + 4$2{x1}+11
$4{x3} >= 4 && $3{x2} == 3 && -$2{x1} >= -1 ?  (2)⍵ + 24
$4{x3} >= 4 && $3{x2} == 3 && $2{x1} == 2 ?  (2)⍵ + 28
$4{x3} >= 4 && $3{x2} == 3 && $2{x1} == 3 ?  (2)⍵ + 32
$4{x3} >= 4 && $3{x2} == 3 && $2{x1} >= 4 ?  (2)⍵ + 4$2{x1}+20
$4{x3} >= 4 && $3{x2} >= 4 && -$2{x1} >= -1 ?  ($3{x2}-1)⍵ + 9$3{x2}-3
$4{x3} >= 4 && $3{x2} >= 4 && $2{x1} == 2 ?  ($3{x2}-1)⍵ + 9$3{x2}+1
$4{x3} >= 4 && $3{x2} >= 4 && $2{x1} == 3 ?  ($3{x2}-1)⍵ + 9$3{x2}+5
$4{x3} >= 4 && $3{x2} >= 4 && $2{x1} >= 4 ?  ($3{x2}-1)⍵ + 4$2{x1}+9$3{x2}-7

[ 5:]: -$3{x2} >= 0 && -$2{x1} >= -1 ? 4
-$3{x2} >= 0 && $2{x1} == 2 ? 4
-$3{x2} >= 0 && $2{x1} == 3 ? 4
-$3{x2} >= 0 && $2{x1} >= 4 ? 4
$3{x2} == 1 && -$2{x1} >= -1 ? 4
$3{x2} == 1 && $2{x1} == 2 ? 9
$3{x2} == 1 && $2{x1} == 3 ? 13
$3{x2} == 1 && $2{x1} >= 4 ? 4$2{x1}+1
$3{x2} == 2 && -$2{x1} >= -1 ? 4
$3{x2} == 2 && $2{x1} == 2 ?  (1)⍵ + 18
$3{x2} == 2 && $2{x1} == 3 ?  (1)⍵ + 22
$3{x2} == 2 && $2{x1} >= 4 ?  (1)⍵ + 4$2{x1}+10
$3{x2} >= 3 && -$2{x1} >= -1 ? 4
$3{x2} >= 3 && $2{x1} == 2 ?  ($3{x2}-1)⍵ + 9$3{x2}+0
$3{x2} >= 3 && $2{x1} == 3 ?  ($3{x2}-1)⍵ + 9$3{x2}+4
$3{x2} >= 3 && $2{x1} >= 4 ?  ($3{x2}-1)⍵ + 4$2{x1}+9$3{x2}-8

[ 6:]: -$3{x2} >= 0 && -$2{x1} >= 0 ? 3
-$3{x2} >= 0 && $2{x1} == 1 ? 3
-$3{x2} >= 0 && $2{x1} == 2 ? 3
-$3{x2} >= 0 && $2{x1} >= 3 ? 3
$3{x2} == 1 && -$2{x1} >= 0 ? 3
$3{x2} == 1 && $2{x1} == 1 ? 8
$3{x2} == 1 && $2{x1} == 2 ? 12
$3{x2} == 1 && $2{x1} >= 3 ? 4$2{x1}+4
$3{x2} == 2 && -$2{x1} >= 0 ? 3
$3{x2} == 2 && $2{x1} == 1 ?  (1)⍵ + 17
$3{x2} == 2 && $2{x1} == 2 ?  (1)⍵ + 21
$3{x2} == 2 && $2{x1} >= 3 ?  (1)⍵ + 4$2{x1}+13
$3{x2} >= 3 && -$2{x1} >= 0 ? 3
$3{x2} >= 3 && $2{x1} == 1 ?  ($3{x2}-1)⍵ + 9$3{x2}-1
$3{x2} >= 3 && $2{x1} == 2 ?  ($3{x2}-1)⍵ + 9$3{x2}+3
$3{x2} >= 3 && $2{x1} >= 3 ?  ($3{x2}-1)⍵ + 4$2{x1}+9$3{x2}-5

[ 7:]: -$4{x3} >= 0 && -$3{x2} >= 0 && -$2{x1} >= 0 ? 2
-$4{x3} >= 0 && -$3{x2} >= 0 && $2{x1} == 1 ? 2
-$4{x3} >= 0 && -$3{x2} >= 0 && $2{x1} == 2 ? 2
-$4{x3} >= 0 && -$3{x2} >= 0 && $2{x1} >= 3 ? 2
-$4{x3} >= 0 && $3{x2} == 1 && -$2{x1} >= 0 ? 2
-$4{x3} >= 0 && $3{x2} == 1 && $2{x1} == 1 ? 2
-$4{x3} >= 0 && $3{x2} == 1 && $2{x1} == 2 ? 2
-$4{x3} >= 0 && $3{x2} == 1 && $2{x1} >= 3 ? 2
-$4{x3} >= 0 && $3{x2} == 2 && -$2{x1} >= 0 ? 2
-$4{x3} >= 0 && $3{x2} == 2 && $2{x1} == 1 ? 2
-$4{x3} >= 0 && $3{x2} == 2 && $2{x1} == 2 ? 2
-$4{x3} >= 0 && $3{x2} == 2 && $2{x1} >= 3 ? 2
-$4{x3} >= 0 && $3{x2} >= 3 && -$2{x1} >= 0 ? 2
-$4{x3} >= 0 && $3{x2} >= 3 && $2{x1} == 1 ? 2
-$4{x3} >= 0 && $3{x2} >= 3 && $2{x1} == 2 ? 2
-$4{x3} >= 0 && $3{x2} >= 3 && $2{x1} >= 3 ? 2
$4{x3} == 1 && -$3{x2} >= 0 && -$2{x1} >= 0 ? 2
$4{x3} == 1 && -$3{x2} >= 0 && $2{x1} == 1 ? 2
$4{x3} == 1 && -$3{x2} >= 0 && $2{x1} == 2 ? 2
$4{x3} == 1 && -$3{x2} >= 0 && $2{x1} >= 3 ? 2
$4{x3} == 1 && $3{x2} == 1 && -$2{x1} >= 0 ? 2
$4{x3} == 1 && $3{x2} == 1 && $2{x1} == 1 ? 7
$4{x3} == 1 && $3{x2} == 1 && $2{x1} == 2 ? 11
$4{x3} == 1 && $3{x2} == 1 && $2{x1} >= 3 ? 4$2{x1}+3
$4{x3} == 1 && $3{x2} == 2 && -$2{x1} >= 0 ? 2
$4{x3} == 1 && $3{x2} == 2 && $2{x1} == 1 ? 7
$4{x3} == 1 && $3{x2} == 2 && $2{x1} == 2 ?  (1)⍵ + 20
$4{x3} == 1 && $3{x2} == 2 && $2{x1} >= 3 ?  (1)⍵ + 4$2{x1}+12
$4{x3} == 1 && $3{x2} >= 3 && -$2{x1} >= 0 ? 2
$4{x3} == 1 && $3{x2} >= 3 && $2{x1} == 1 ? 7
$4{x3} == 1 && $3{x2} >= 3 && $2{x1} == 2 ?  ($3{x2}-1)⍵ + 9$3{x2}+2
$4{x3} == 1 && $3{x2} >= 3 && $2{x1} >= 3 ?  ($3{x2}-1)⍵ + 4$2{x1}+9$3{x2}-6
$4{x3} == 2 && -$3{x2} >= 0 && -$2{x1} >= 0 ? 2
$4{x3} == 2 && -$3{x2} >= 0 && $2{x1} == 1 ? 2
$4{x3} == 2 && -$3{x2} >= 0 && $2{x1} == 2 ? 2
$4{x3} == 2 && -$3{x2} >= 0 && $2{x1} >= 3 ? 2
$4{x3} == 2 && $3{x2} == 1 && -$2{x1} >= 0 ? 2
$4{x3} == 2 && $3{x2} == 1 && $2{x1} == 1 ? 7
$4{x3} == 2 && $3{x2} == 1 && $2{x1} == 2 ? 11
$4{x3} == 2 && $3{x2} == 1 && $2{x1} >= 3 ? 4$2{x1}+3
$4{x3} == 2 && $3{x2} == 2 && -$2{x1} >= 0 ? 2
$4{x3} == 2 && $3{x2} == 2 && $2{x1} == 1 ?  (1)⍵ + 16
$4{x3} == 2 && $3{x2} == 2 && $2{x1} == 2 ?  (1)⍵ + 20
$4{x3} == 2 && $3{x2} == 2 && $2{x1} >= 3 ?  (1)⍵ + 4$2{x1}+12
$4{x3} == 2 && $3{x2} >= 3 && -$2{x1} >= 0 ? 2
$4{x3} == 2 && $3{x2} >= 3 && $2{x1} == 1 ?  ($3{x2}-1)⍵ + 9$3{x2}-2
$4{x3} == 2 && $3{x2} >= 3 && $2{x1} == 2 ?  ($3{x2}-1)⍵ + 9$3{x2}+2
$4{x3} == 2 && $3{x2} >= 3 && $2{x1} >= 3 ?  ($3{x2}-1)⍵ + 4$2{x1}+9$3{x2}-6
$4{x3} >= 3 && -$3{x2} >= 0 && -$2{x1} >= 0 ? 2
$4{x3} >= 3 && -$3{x2} >= 0 && $2{x1} == 1 ? 2
$4{x3} >= 3 && -$3{x2} >= 0 && $2{x1} == 2 ? 2
$4{x3} >= 3 && -$3{x2} >= 0 && $2{x1} >= 3 ? 2
$4{x3} >= 3 && $3{x2} == 1 && -$2{x1} >= 0 ? 2
$4{x3} >= 3 && $3{x2} == 1 && $2{x1} == 1 ? 7
$4{x3} >= 3 && $3{x2} == 1 && $2{x1} == 2 ? 11
$4{x3} >= 3 && $3{x2} == 1 && $2{x1} >= 3 ? 4$2{x1}+3
$4{x3} >= 3 && $3{x2} == 2 && -$2{x1} >= 0 ? 2
$4{x3} >= 3 && $3{x2} == 2 && $2{x1} == 1 ?  (1)⍵ + 16
$4{x3} >= 3 && $3{x2} == 2 && $2{x1} == 2 ?  (1)⍵ + 20
$4{x3} >= 3 && $3{x2} == 2 && $2{x1} >= 3 ?  (1)⍵ + 4$2{x1}+12
$4{x3} >= 3 && $3{x2} >= 3 && -$2{x1} >= 0 ? 2
$4{x3} >= 3 && $3{x2} >= 3 && $2{x1} == 1 ?  ($3{x2}-1)⍵ + 9$3{x2}-2
$4{x3} >= 3 && $3{x2} >= 3 && $2{x1} == 2 ?  ($3{x2}-1)⍵ + 9$3{x2}+2
$4{x3} >= 3 && $3{x2} >= 3 && $2{x1} >= 3 ?  ($3{x2}-1)⍵ + 4$2{x1}+9$3{x2}-6

[ 8:]: -$4{x3} >= -1 && -$3{x2} >= -1 ? 5
-$4{x3} >= -1 && $3{x2} == 2 ? 5
-$4{x3} >= -1 && $3{x2} == 3 ? 5
-$4{x3} >= -1 && $3{x2} >= 4 ? 5
$4{x3} == 2 && -$3{x2} >= -1 ? 5
$4{x3} == 2 && $3{x2} == 2 ?  (1)⍵ + 14
$4{x3} == 2 && $3{x2} == 3 ?  (2)⍵ + 23
$4{x3} == 2 && $3{x2} >= 4 ?  ($3{x2}-1)⍵ + 9$3{x2}-4
$4{x3} == 3 && -$3{x2} >= -1 ? 5
$4{x3} == 3 && $3{x2} == 2 ?  (1)⍵ + 14
$4{x3} == 3 && $3{x2} == 3 ?  (2)⍵ + 23
$4{x3} == 3 && $3{x2} >= 4 ?  ($3{x2}-1)⍵ + 9$3{x2}-4
$4{x3} >= 4 && -$3{x2} >= -1 ? 5
$4{x3} >= 4 && $3{x2} == 2 ?  (1)⍵ + 14
$4{x3} >= 4 && $3{x2} == 3 ?  (2)⍵ + 23
$4{x3} >= 4 && $3{x2} >= 4 ?  ($3{x2}-1)⍵ + 9$3{x2}-4

[ 9:]: -$4{x3} >= -1 && -$3{x2} >= -1 && -$2{x1} >= 0 ? 4
-$4{x3} >= -1 && -$3{x2} >= -1 && $2{x1} == 1 ? 4
-$4{x3} >= -1 && -$3{x2} >= -1 && $2{x1} == 2 ? 4
-$4{x3} >= -1 && -$3{x2} >= -1 && $2{x1} >= 3 ? 4
-$4{x3} >= -1 && $3{x2} == 2 && -$2{x1} >= 0 ? 4
-$4{x3} >= -1 && $3{x2} == 2 && $2{x1} == 1 ? 4
-$4{x3} >= -1 && $3{x2} == 2 && $2{x1} == 2 ? 4
-$4{x3} >= -1 && $3{x2} == 2 && $2{x1} >= 3 ? 4
-$4{x3} >= -1 && $3{x2} == 3 && -$2{x1} >= 0 ? 4
-$4{x3} >= -1 && $3{x2} == 3 && $2{x1} == 1 ? 4
-$4{x3} >= -1 && $3{x2} == 3 && $2{x1} == 2 ? 4
-$4{x3} >= -1 && $3{x2} == 3 && $2{x1} >= 3 ? 4
-$4{x3} >= -1 && $3{x2} >= 4 && -$2{x1} >= 0 ? 4
-$4{x3} >= -1 && $3{x2} >= 4 && $2{x1} == 1 ? 4
-$4{x3} >= -1 && $3{x2} >= 4 && $2{x1} == 2 ? 4
-$4{x3} >= -1 && $3{x2} >= 4 && $2{x1} >= 3 ? 4
$4{x3} == 2 && -$3{x2} >= -1 && -$2{x1} >= 0 ? 4
$4{x3} == 2 && -$3{x2} >= -1 && $2{x1} == 1 ? 4
$4{x3} == 2 && -$3{x2} >= -1 && $2{x1} == 2 ? 4
$4{x3} == 2 && -$3{x2} >= -1 && $2{x1} >= 3 ? 4
$4{x3} == 2 && $3{x2} == 2 && -$2{x1} >= 0 ? 4
$4{x3} == 2 && $3{x2} == 2 && $2{x1} == 1 ? 9
$4{x3} == 2 && $3{x2} == 2 && $2{x1} == 2 ? 13
$4{x3} == 2 && $3{x2} == 2 && $2{x1} >= 3 ? 4$2{x1}+5
$4{x3} == 2 && $3{x2} == 3 && -$2{x1} >= 0 ? 4
$4{x3} == 2 && $3{x2} == 3 && $2{x1} == 1 ? 9
$4{x3} == 2 && $3{x2} == 3 && $2{x1} == 2 ?  (1)⍵ + 22
$4{x3} == 2 && $3{x2} == 3 && $2{x1} >= 3 ?  (1)⍵ + 4$2{x1}+14
$4{x3} == 2 && $3{x2} >= 4 && -$2{x1} >= 0 ? 4
$4{x3} == 2 && $3{x2} >= 4 && $2{x1} == 1 ? 9
$4{x3} == 2 && $3{x2} >= 4 && $2{x1} == 2 ?  ($3{x2}-2)⍵ + 9$3{x2}-5
$4{x3} == 2 && $3{x2} >= 4 && $2{x1} >= 3 ?  ($3{x2}-2)⍵ + 4$2{x1}+9$3{x2}-13
$4{x3} == 3 && -$3{x2} >= -1 && -$2{x1} >= 0 ? 4
$4{x3} == 3 && -$3{x2} >= -1 && $2{x1} == 1 ? 4
$4{x3} == 3 && -$3{x2} >= -1 && $2{x1} == 2 ? 4
$4{x3} == 3 && -$3{x2} >= -1 && $2{x1} >= 3 ? 4
$4{x3} == 3 && $3{x2} == 2 && -$2{x1} >= 0 ? 4
$4{x3} == 3 && $3{x2} == 2 && $2{x1} == 1 ? 9
$4{x3} == 3 && $3{x2} == 2 && $2{x1} == 2 ? 13
$4{x3} == 3 && $3{x2} == 2 && $2{x1} >= 3 ? 4$2{x1}+5
$4{x3} == 3 && $3{x2} == 3 && -$2{x1} >= 0 ? 4
$4{x3} == 3 && $3{x2} == 3 && $2{x1} == 1 ?  (1)⍵ + 18
$4{x3} == 3 && $3{x2} == 3 && $2{x1} == 2 ?  (1)⍵ + 22
$4{x3} == 3 && $3{x2} == 3 && $2{x1} >= 3 ?  (1)⍵ + 4$2{x1}+14
$4{x3} == 3 && $3{x2} >= 4 && -$2{x1} >= 0 ? 4
$4{x3} == 3 && $3{x2} >= 4 && $2{x1} == 1 ?  ($3{x2}-2)⍵ + 9$3{x2}-9
$4{x3} == 3 && $3{x2} >= 4 && $2{x1} == 2 ?  ($3{x2}-2)⍵ + 9$3{x2}-5
$4{x3} == 3 && $3{x2} >= 4 && $2{x1} >= 3 ?  ($3{x2}-2)⍵ + 4$2{x1}+9$3{x2}-13
$4{x3} >= 4 && -$3{x2} >= -1 && -$2{x1} >= 0 ? 4
$4{x3} >= 4 && -$3{x2} >= -1 && $2{x1} == 1 ? 4
$4{x3} >= 4 && -$3{x2} >= -1 && $2{x1} == 2 ? 4
$4{x3} >= 4 && -$3{x2} >= -1 && $2{x1} >= 3 ? 4
$4{x3} >= 4 && $3{x2} == 2 && -$2{x1} >= 0 ? 4
$4{x3} >= 4 && $3{x2} == 2 && $2{x1} == 1 ? 9
$4{x3} >= 4 && $3{x2} == 2 && $2{x1} == 2 ? 13
$4{x3} >= 4 && $3{x2} == 2 && $2{x1} >= 3 ? 4$2{x1}+5
$4{x3} >= 4 && $3{x2} == 3 && -$2{x1} >= 0 ? 4
$4{x3} >= 4 && $3{x2} == 3 && $2{x1} == 1 ?  (1)⍵ + 18
$4{x3} >= 4 && $3{x2} == 3 && $2{x1} == 2 ?  (1)⍵ + 22
$4{x3} >= 4 && $3{x2} == 3 && $2{x1} >= 3 ?  (1)⍵ + 4$2{x1}+14
$4{x3} >= 4 && $3{x2} >= 4 && -$2{x1} >= 0 ? 4
$4{x3} >= 4 && $3{x2} >= 4 && $2{x1} == 1 ?  ($3{x2}-2)⍵ + 9$3{x2}-9
$4{x3} >= 4 && $3{x2} >= 4 && $2{x1} == 2 ?  ($3{x2}-2)⍵ + 9$3{x2}-5
$4{x3} >= 4 && $3{x2} >= 4 && $2{x1} >= 3 ?  ($3{x2}-2)⍵ + 4$2{x1}+9$3{x2}-13

[10:]: -$4{x3} >= -1 && -$3{x2} >= 0 && -$2{x1} >= 0 ? 3
-$4{x3} >= -1 && -$3{x2} >= 0 && $2{x1} == 1 ? 3
-$4{x3} >= -1 && -$3{x2} >= 0 && $2{x1} == 2 ? 3
-$4{x3} >= -1 && -$3{x2} >= 0 && $2{x1} >= 3 ? 3
-$4{x3} >= -1 && $3{x2} == 1 && -$2{x1} >= 0 ? 3
-$4{x3} >= -1 && $3{x2} == 1 && $2{x1} == 1 ? 3
-$4{x3} >= -1 && $3{x2} == 1 && $2{x1} == 2 ? 3
-$4{x3} >= -1 && $3{x2} == 1 && $2{x1} >= 3 ? 3
-$4{x3} >= -1 && $3{x2} == 2 && -$2{x1} >= 0 ? 3
-$4{x3} >= -1 && $3{x2} == 2 && $2{x1} == 1 ? 3
-$4{x3} >= -1 && $3{x2} == 2 && $2{x1} == 2 ? 3
-$4{x3} >= -1 && $3{x2} == 2 && $2{x1} >= 3 ? 3
-$4{x3} >= -1 && $3{x2} >= 3 && -$2{x1} >= 0 ? 3
-$4{x3} >= -1 && $3{x2} >= 3 && $2{x1} == 1 ? 3
-$4{x3} >= -1 && $3{x2} >= 3 && $2{x1} == 2 ? 3
-$4{x3} >= -1 && $3{x2} >= 3 && $2{x1} >= 3 ? 3
$4{x3} == 2 && -$3{x2} >= 0 && -$2{x1} >= 0 ? 3
$4{x3} == 2 && -$3{x2} >= 0 && $2{x1} == 1 ? 3
$4{x3} == 2 && -$3{x2} >= 0 && $2{x1} == 2 ? 3
$4{x3} == 2 && -$3{x2} >= 0 && $2{x1} >= 3 ? 3
$4{x3} == 2 && $3{x2} == 1 && -$2{x1} >= 0 ? 3
$4{x3} == 2 && $3{x2} == 1 && $2{x1} == 1 ? 8
$4{x3} == 2 && $3{x2} == 1 && $2{x1} == 2 ? 12
$4{x3} == 2 && $3{x2} == 1 && $2{x1} >= 3 ? 4$2{x1}+4
$4{x3} == 2 && $3{x2} == 2 && -$2{x1} >= 0 ? 3
$4{x3} == 2 && $3{x2} == 2 && $2{x1} == 1 ? 8
$4{x3} == 2 && $3{x2} == 2 && $2{x1} == 2 ?  (1)⍵ + 21
$4{x3} == 2 && $3{x2} == 2 && $2{x1} >= 3 ?  (1)⍵ + 4$2{x1}+13
$4{x3} == 2 && $3{x2} >= 3 && -$2{x1} >= 0 ? 3
$4{x3} == 2 && $3{x2} >= 3 && $2{x1} == 1 ? 8
$4{x3} == 2 && $3{x2} >= 3 && $2{x1} == 2 ?  ($3{x2}-1)⍵ + 9$3{x2}+3
$4{x3} == 2 && $3{x2} >= 3 && $2{x1} >= 3 ?  ($3{x2}-1)⍵ + 4$2{x1}+9$3{x2}-5
$4{x3} == 3 && -$3{x2} >= 0 && -$2{x1} >= 0 ? 3
$4{x3} == 3 && -$3{x2} >= 0 && $2{x1} == 1 ? 3
$4{x3} == 3 && -$3{x2} >= 0 && $2{x1} == 2 ? 3
$4{x3} == 3 && -$3{x2} >= 0 && $2{x1} >= 3 ? 3
$4{x3} == 3 && $3{x2} == 1 && -$2{x1} >= 0 ? 3
$4{x3} == 3 && $3{x2} == 1 && $2{x1} == 1 ? 8
$4{x3} == 3 && $3{x2} == 1 && $2{x1} == 2 ? 12
$4{x3} == 3 && $3{x2} == 1 && $2{x1} >= 3 ? 4$2{x1}+4
$4{x3} == 3 && $3{x2} == 2 && -$2{x1} >= 0 ? 3
$4{x3} == 3 && $3{x2} == 2 && $2{x1} == 1 ?  (1)⍵ + 17
$4{x3} == 3 && $3{x2} == 2 && $2{x1} == 2 ?  (1)⍵ + 21
$4{x3} == 3 && $3{x2} == 2 && $2{x1} >= 3 ?  (1)⍵ + 4$2{x1}+13
$4{x3} == 3 && $3{x2} >= 3 && -$2{x1} >= 0 ? 3
$4{x3} == 3 && $3{x2} >= 3 && $2{x1} == 1 ?  ($3{x2}-1)⍵ + 9$3{x2}-1
$4{x3} == 3 && $3{x2} >= 3 && $2{x1} == 2 ?  ($3{x2}-1)⍵ + 9$3{x2}+3
$4{x3} == 3 && $3{x2} >= 3 && $2{x1} >= 3 ?  ($3{x2}-1)⍵ + 4$2{x1}+9$3{x2}-5
$4{x3} >= 4 && -$3{x2} >= 0 && -$2{x1} >= 0 ? 3
$4{x3} >= 4 && -$3{x2} >= 0 && $2{x1} == 1 ? 3
$4{x3} >= 4 && -$3{x2} >= 0 && $2{x1} == 2 ? 3
$4{x3} >= 4 && -$3{x2} >= 0 && $2{x1} >= 3 ? 3
$4{x3} >= 4 && $3{x2} == 1 && -$2{x1} >= 0 ? 3
$4{x3} >= 4 && $3{x2} == 1 && $2{x1} == 1 ? 8
$4{x3} >= 4 && $3{x2} == 1 && $2{x1} == 2 ? 12
$4{x3} >= 4 && $3{x2} == 1 && $2{x1} >= 3 ? 4$2{x1}+4
$4{x3} >= 4 && $3{x2} == 2 && -$2{x1} >= 0 ? 3
$4{x3} >= 4 && $3{x2} == 2 && $2{x1} == 1 ?  (1)⍵ + 17
$4{x3} >= 4 && $3{x2} == 2 && $2{x1} == 2 ?  (1)⍵ + 21
$4{x3} >= 4 && $3{x2} == 2 && $2{x1} >= 3 ?  (1)⍵ + 4$2{x1}+13
$4{x3} >= 4 && $3{x2} >= 3 && -$2{x1} >= 0 ? 3
$4{x3} >= 4 && $3{x2} >= 3 && $2{x1} == 1 ?  ($3{x2}-1)⍵ + 9$3{x2}-1
$4{x3} >= 4 && $3{x2} >= 3 && $2{x1} == 2 ?  ($3{x2}-1)⍵ + 9$3{x2}+3
$4{x3} >= 4 && $3{x2} >= 3 && $2{x1} >= 3 ?  ($3{x2}-1)⍵ + 4$2{x1}+9$3{x2}-5

[11:]: -$4{x3} >= 0 && -$3{x2} >= 0 && -$2{x1} >= 0 ? 2
-$4{x3} >= 0 && -$3{x2} >= 0 && $2{x1} == 1 ? 2
-$4{x3} >= 0 && -$3{x2} >= 0 && $2{x1} == 2 ? 2
-$4{x3} >= 0 && -$3{x2} >= 0 && $2{x1} >= 3 ? 2
-$4{x3} >= 0 && $3{x2} == 1 && -$2{x1} >= 0 ? 2
-$4{x3} >= 0 && $3{x2} == 1 && $2{x1} == 1 ? 2
-$4{x3} >= 0 && $3{x2} == 1 && $2{x1} == 2 ? 2
-$4{x3} >= 0 && $3{x2} == 1 && $2{x1} >= 3 ? 2
-$4{x3} >= 0 && $3{x2} == 2 && -$2{x1} >= 0 ? 2
-$4{x3} >= 0 && $3{x2} == 2 && $2{x1} == 1 ? 2
-$4{x3} >= 0 && $3{x2} == 2 && $2{x1} == 2 ? 2
-$4{x3} >= 0 && $3{x2} == 2 && $2{x1} >= 3 ? 2
-$4{x3} >= 0 && $3{x2} >= 3 && -$2{x1} >= 0 ? 2
-$4{x3} >= 0 && $3{x2} >= 3 && $2{x1} == 1 ? 2
-$4{x3} >= 0 && $3{x2} >= 3 && $2{x1} == 2 ? 2
-$4{x3} >= 0 && $3{x2} >= 3 && $2{x1} >= 3 ? 2
$4{x3} == 1 && -$3{x2} >= 0 && -$2{x1} >= 0 ? 2
$4{x3} == 1 && -$3{x2} >= 0 && $2{x1} == 1 ? 2
$4{x3} == 1 && -$3{x2} >= 0 && $2{x1} == 2 ? 2
$4{x3} == 1 && -$3{x2} >= 0 && $2{x1} >= 3 ? 2
$4{x3} == 1 && $3{x2} == 1 && -$2{x1} >= 0 ? 2
$4{x3} == 1 && $3{x2} == 1 && $2{x1} == 1 ? 7
$4{x3} == 1 && $3{x2} == 1 && $2{x1} == 2 ? 11
$4{x3} == 1 && $3{x2} == 1 && $2{x1} >= 3 ? 4$2{x1}+3
$4{x3} == 1 && $3{x2} == 2 && -$2{x1} >= 0 ? 2
$4{x3} == 1 && $3{x2} == 2 && $2{x1} == 1 ? 7
$4{x3} == 1 && $3{x2} == 2 && $2{x1} == 2 ?  (1)⍵ + 20
$4{x3} == 1 && $3{x2} == 2 && $2{x1} >= 3 ?  (1)⍵ + 4$2{x1}+12
$4{x3} == 1 && $3{x2} >= 3 && -$2{x1} >= 0 ? 2
$4{x3} == 1 && $3{x2} >= 3 && $2{x1} == 1 ? 7
$4{x3} == 1 && $3{x2} >= 3 && $2{x1} == 2 ?  ($3{x2}-1)⍵ + 9$3{x2}+2
$4{x3} == 1 && $3{x2} >= 3 && $2{x1} >= 3 ?  ($3{x2}-1)⍵ + 4$2{x1}+9$3{x2}-6
$4{x3} == 2 && -$3{x2} >= 0 && -$2{x1} >= 0 ? 2
$4{x3} == 2 && -$3{x2} >= 0 && $2{x1} == 1 ? 2
$4{x3} == 2 && -$3{x2} >= 0 && $2{x1} == 2 ? 2
$4{x3} == 2 && -$3{x2} >= 0 && $2{x1} >= 3 ? 2
$4{x3} == 2 && $3{x2} == 1 && -$2{x1} >= 0 ? 2
$4{x3} == 2 && $3{x2} == 1 && $2{x1} == 1 ? 7
$4{x3} == 2 && $3{x2} == 1 && $2{x1} == 2 ? 11
$4{x3} == 2 && $3{x2} == 1 && $2{x1} >= 3 ? 4$2{x1}+3
$4{x3} == 2 && $3{x2} == 2 && -$2{x1} >= 0 ? 2
$4{x3} == 2 && $3{x2} == 2 && $2{x1} == 1 ?  (1)⍵ + 16
$4{x3} == 2 && $3{x2} == 2 && $2{x1} == 2 ?  (1)⍵ + 20
$4{x3} == 2 && $3{x2} == 2 && $2{x1} >= 3 ?  (1)⍵ + 4$2{x1}+12
$4{x3} == 2 && $3{x2} >= 3 && -$2{x1} >= 0 ? 2
$4{x3} == 2 && $3{x2} >= 3 && $2{x1} == 1 ?  ($3{x2}-1)⍵ + 9$3{x2}-2
$4{x3} == 2 && $3{x2} >= 3 && $2{x1} == 2 ?  ($3{x2}-1)⍵ + 9$3{x2}+2
$4{x3} == 2 && $3{x2} >= 3 && $2{x1} >= 3 ?  ($3{x2}-1)⍵ + 4$2{x1}+9$3{x2}-6
$4{x3} >= 3 && -$3{x2} >= 0 && -$2{x1} >= 0 ? 2
$4{x3} >= 3 && -$3{x2} >= 0 && $2{x1} == 1 ? 2
$4{x3} >= 3 && -$3{x2} >= 0 && $2{x1} == 2 ? 2
$4{x3} >= 3 && -$3{x2} >= 0 && $2{x1} >= 3 ? 2
$4{x3} >= 3 && $3{x2} == 1 && -$2{x1} >= 0 ? 2
$4{x3} >= 3 && $3{x2} == 1 && $2{x1} == 1 ? 7
$4{x3} >= 3 && $3{x2} == 1 && $2{x1} == 2 ? 11
$4{x3} >= 3 && $3{x2} == 1 && $2{x1} >= 3 ? 4$2{x1}+3
$4{x3} >= 3 && $3{x2} == 2 && -$2{x1} >= 0 ? 2
$4{x3} >= 3 && $3{x2} == 2 && $2{x1} == 1 ?  (1)⍵ + 16
$4{x3} >= 3 && $3{x2} == 2 && $2{x1} == 2 ?  (1)⍵ + 20
$4{x3} >= 3 && $3{x2} == 2 && $2{x1} >= 3 ?  (1)⍵ + 4$2{x1}+12
$4{x3} >= 3 && $3{x2} >= 3 && -$2{x1} >= 0 ? 2
$4{x3} >= 3 && $3{x2} >= 3 && $2{x1} == 1 ?  ($3{x2}-1)⍵ + 9$3{x2}-2
$4{x3} >= 3 && $3{x2} >= 3 && $2{x1} == 2 ?  ($3{x2}-1)⍵ + 9$3{x2}+2
$4{x3} >= 3 && $3{x2} >= 3 && $2{x1} >= 3 ?  ($3{x2}-1)⍵ + 4$2{x1}+9$3{x2}-6

[12:]: -$4{x3} >= 0 && -$3{x2} >= 0 && -$2{x1} >= 0 ? 2
-$4{x3} >= 0 && -$3{x2} >= 0 && $2{x1} == 1 ? 2
-$4{x3} >= 0 && -$3{x2} >= 0 && $2{x1} == 2 ? 2
-$4{x3} >= 0 && -$3{x2} >= 0 && $2{x1} >= 3 ? 2
-$4{x3} >= 0 && $3{x2} == 1 && -$2{x1} >= 0 ? 2
-$4{x3} >= 0 && $3{x2} == 1 && $2{x1} == 1 ? 2
-$4{x3} >= 0 && $3{x2} == 1 && $2{x1} == 2 ? 2
-$4{x3} >= 0 && $3{x2} == 1 && $2{x1} >= 3 ? 2
-$4{x3} >= 0 && $3{x2} == 2 && -$2{x1} >= 0 ? 2
-$4{x3} >= 0 && $3{x2} == 2 && $2{x1} == 1 ? 2
-$4{x3} >= 0 && $3{x2} == 2 && $2{x1} == 2 ? 2
-$4{x3} >= 0 && $3{x2} == 2 && $2{x1} >= 3 ? 2
-$4{x3} >= 0 && $3{x2} >= 3 && -$2{x1} >= 0 ? 2
-$4{x3} >= 0 && $3{x2} >= 3 && $2{x1} == 1 ? 2
-$4{x3} >= 0 && $3{x2} >= 3 && $2{x1} == 2 ? 2
-$4{x3} >= 0 && $3{x2} >= 3 && $2{x1} >= 3 ? 2
$4{x3} == 1 && -$3{x2} >= 0 && -$2{x1} >= 0 ? 2
$4{x3} == 1 && -$3{x2} >= 0 && $2{x1} == 1 ? 2
$4{x3} == 1 && -$3{x2} >= 0 && $2{x1} == 2 ? 2
$4{x3} == 1 && -$3{x2} >= 0 && $2{x1} >= 3 ? 2
$4{x3} == 1 && $3{x2} == 1 && -$2{x1} >= 0 ? 2
$4{x3} == 1 && $3{x2} == 1 && $2{x1} == 1 ? 7
$4{x3} == 1 && $3{x2} == 1 && $2{x1} == 2 ? 11
$4{x3} == 1 && $3{x2} == 1 && $2{x1} >= 3 ? 4$2{x1}+3
$4{x3} == 1 && $3{x2} == 2 && -$2{x1} >= 0 ? 2
$4{x3} == 1 && $3{x2} == 2 && $2{x1} == 1 ? 7
$4{x3} == 1 && $3{x2} == 2 && $2{x1} == 2 ?  (1)⍵ + 20
$4{x3} == 1 && $3{x2} == 2 && $2{x1} >= 3 ?  (1)⍵ + 4$2{x1}+12
$4{x3} == 1 && $3{x2} >= 3 && -$2{x1} >= 0 ? 2
$4{x3} == 1 && $3{x2} >= 3 && $2{x1} == 1 ? 7
$4{x3} == 1 && $3{x2} >= 3 && $2{x1} == 2 ?  ($3{x2}-1)⍵ + 9$3{x2}+2
$4{x3} == 1 && $3{x2} >= 3 && $2{x1} >= 3 ?  ($3{x2}-1)⍵ + 4$2{x1}+9$3{x2}-6
$4{x3} == 2 && -$3{x2} >= 0 && -$2{x1} >= 0 ? 2
$4{x3} == 2 && -$3{x2} >= 0 && $2{x1} == 1 ? 2
$4{x3} == 2 && -$3{x2} >= 0 && $2{x1} == 2 ? 2
$4{x3} == 2 && -$3{x2} >= 0 && $2{x1} >= 3 ? 2
$4{x3} == 2 && $3{x2} == 1 && -$2{x1} >= 0 ? 2
$4{x3} == 2 && $3{x2} == 1 && $2{x1} == 1 ? 7
$4{x3} == 2 && $3{x2} == 1 && $2{x1} == 2 ? 11
$4{x3} == 2 && $3{x2} == 1 && $2{x1} >= 3 ? 4$2{x1}+3
$4{x3} == 2 && $3{x2} == 2 && -$2{x1} >= 0 ? 2
$4{x3} == 2 && $3{x2} == 2 && $2{x1} == 1 ?  (1)⍵ + 16
$4{x3} == 2 && $3{x2} == 2 && $2{x1} == 2 ?  (1)⍵ + 20
$4{x3} == 2 && $3{x2} == 2 && $2{x1} >= 3 ?  (1)⍵ + 4$2{x1}+12
$4{x3} == 2 && $3{x2} >= 3 && -$2{x1} >= 0 ? 2
$4{x3} == 2 && $3{x2} >= 3 && $2{x1} == 1 ?  ($3{x2}-1)⍵ + 9$3{x2}-2
$4{x3} == 2 && $3{x2} >= 3 && $2{x1} == 2 ?  ($3{x2}-1)⍵ + 9$3{x2}+2
$4{x3} == 2 && $3{x2} >= 3 && $2{x1} >= 3 ?  ($3{x2}-1)⍵ + 4$2{x1}+9$3{x2}-6
$4{x3} >= 3 && -$3{x2} >= 0 && -$2{x1} >= 0 ? 2
$4{x3} >= 3 && -$3{x2} >= 0 && $2{x1} == 1 ? 2
$4{x3} >= 3 && -$3{x2} >= 0 && $2{x1} == 2 ? 2
$4{x3} >= 3 && -$3{x2} >= 0 && $2{x1} >= 3 ? 2
$4{x3} >= 3 && $3{x2} == 1 && -$2{x1} >= 0 ? 2
$4{x3} >= 3 && $3{x2} == 1 && $2{x1} == 1 ? 7
$4{x3} >= 3 && $3{x2} == 1 && $2{x1} == 2 ? 11
$4{x3} >= 3 && $3{x2} == 1 && $2{x1} >= 3 ? 4$2{x1}+3
$4{x3} >= 3 && $3{x2} == 2 && -$2{x1} >= 0 ? 2
$4{x3} >= 3 && $3{x2} == 2 && $2{x1} == 1 ?  (1)⍵ + 16
$4{x3} >= 3 && $3{x2} == 2 && $2{x1} == 2 ?  (1)⍵ + 20
$4{x3} >= 3 && $3{x2} == 2 && $2{x1} >= 3 ?  (1)⍵ + 4$2{x1}+12
$4{x3} >= 3 && $3{x2} >= 3 && -$2{x1} >= 0 ? 2
$4{x3} >= 3 && $3{x2} >= 3 && $2{x1} == 1 ?  ($3{x2}-1)⍵ + 9$3{x2}-2
$4{x3} >= 3 && $3{x2} >= 3 && $2{x1} == 2 ?  ($3{x2}-1)⍵ + 9$3{x2}+2
$4{x3} >= 3 && $3{x2} >= 3 && $2{x1} >= 3 ?  ($3{x2}-1)⍵ + 4$2{x1}+9$3{x2}-6

[13:]: top ? 1

[14:]: top ? 0.

[15:]: top ? 0.

Analysis Result: TRUE

Done.
