
CFG:
List of variables:
  $1{__return_main}:int at tests/termination/tacas2013d.c:10.0-23.1
  $2{x1}:int at tests/termination/tacas2013d.c:11.6-8
  $3{x2}:int at tests/termination/tacas2013d.c:11.10-12
  $4{x3}:int at tests/termination/tacas2013d.c:11.14-16

List of functions:
  1: main() -> $1{__return_main}:int at tests/termination/tacas2013d.c:10.0-23.1, entry: 15, exit: 14, calls:

List of nodes:
  15: at :0:-1, in: out:1 
  14: at :0:-1, in: 2 out:
  1: at tests/termination/tacas2013d.c:10:0, in: 15 out:3 
  2: at tests/termination/tacas2013d.c:23:1, in: 4 out:14 
  3: at tests/termination/tacas2013d.c:11:17, in: 11 10 7 1 out:4 5 
  4: at tests/termination/tacas2013d.c:21:5, in: 3 out:2 
  5: at tests/termination/tacas2013d.c:13:4, in: 3 out:6 7 
  6: at tests/termination/tacas2013d.c:15:11, in: 5 out:8 9 
  7: at tests/termination/tacas2013d.c:13:11, in: 5 out:3 
  8: at tests/termination/tacas2013d.c:18:11, in: 6 out:11 
  9: at tests/termination/tacas2013d.c:15:18, in: 6 out:10 
  10: at tests/termination/tacas2013d.c:16:18, in: 9 out:3 
  11: at tests/termination/tacas2013d.c:19:18, in: 8 out:3 
  12: at tests/termination/tacas2013d.c:10:0, in: out:13 
  13: at tests/termination/tacas2013d.c:23:1, in: 12 out:

List of arcs:
  15 -> 1: label entry
  2 -> 14: label exit
  1 -> 3: skip
  3 -> 5: $2{x1} > 0 && $3{x2} > 0 && $4{x3} > 0 ?
  3 -> 4: ! ($2{x1} > 0 && $3{x2} > 0 && $4{x3} > 0) ?
  5 -> 7: brand ?
  5 -> 6: ! (brand) ?
  7 -> 3: $2{x1} = $2{x1} - 1
  6 -> 9: brand ?
  6 -> 8: ! (brand) ?
  9 -> 10: $3{x2} = $3{x2} - 1
  10 -> 3: $4{x3} = ?
  8 -> 11: $4{x3} = $4{x3} - 1
  11 -> 3: $2{x1} = ?
  4 -> 2: $1{__return_main} = 0
  12 -> 13: skip


Property: exit: true

[1:]:
top ? bottom

[2:]:
top ? bottom

[3:]:
top ? bottom

[4:]:
top ? bottom

[5:]:
top ? bottom

[6:]:
top ? bottom

[7:]:
top ? bottom

[8:]:
top ? bottom

[9:]:
top ? bottom

[10:]:
top ? bottom

[11:]:
top ? bottom

[12:]:
top ? bottom

[13:]:
top ? bottom

[14:]:
top ? 0.

[15:]:
top ? bottom

Property: AF{exit: true}

[1:]:
-$4{x3} >= 0 ? 2
$4{x3} == 1 && -$3{x2} >= 0 ? 2
$4{x3} == 1 && $3{x2} >= 1 && -$2{x1} >= 0 ? 2
$4{x3} == 1 && $3{x2} >= 1 && $2{x1} >= 1 ?  ($3{x2}-1)⍵^2 +  ($3{x2}-1)⍵ + 3$2{x1}+13$3{x2}-9
$4{x3} == 2 && -$3{x2} >= 0 ? 2
$4{x3} == 2 && $3{x2} >= 1 && -$2{x1} >= 0 ? 2
$4{x3} == 2 && $3{x2} >= 1 && $2{x1} >= 1 ?  ($3{x2}-1)⍵^2 +  ($3{x2}+0)⍵ + 3$2{x1}+13$3{x2}-1
$4{x3} >= 3 && -$3{x2} >= 0 ? 2
$4{x3} >= 3 && $3{x2} >= 1 && -$2{x1} >= 0 ? 2
$4{x3} >= 3 && $3{x2} >= 1 && $2{x1} >= 1 ?  ($3{x2}-1)⍵^2 +  ($3{x2}+$4{x3}-2)⍵ + 3$2{x1}+13$3{x2}+8$4{x3}-17

[2:]:
top ? 0.

[3:]:
-$4{x3} >= 0 ? 2
$4{x3} == 1 && -$3{x2} >= 0 ? 2
$4{x3} == 1 && $3{x2} >= 1 && -$2{x1} >= 0 ? 2
$4{x3} == 1 && $3{x2} >= 1 && $2{x1} >= 1 ?  ($3{x2}-1)⍵^2 +  ($3{x2}-1)⍵ + 3$2{x1}+13$3{x2}-9
$4{x3} == 2 && -$3{x2} >= 0 ? 2
$4{x3} == 2 && $3{x2} >= 1 && -$2{x1} >= 0 ? 2
$4{x3} == 2 && $3{x2} >= 1 && $2{x1} >= 1 ?  ($3{x2}-1)⍵^2 +  ($3{x2}+0)⍵ + 3$2{x1}+13$3{x2}-1
$4{x3} == 3 && -$3{x2} >= 0 ? 2
$4{x3} == 3 && $3{x2} >= 1 && -$2{x1} >= 0 ? 2
$4{x3} == 3 && $3{x2} >= 1 && $2{x1} >= 1 ?  ($3{x2}-1)⍵^2 +  ($3{x2}+1)⍵ + 3$2{x1}+13$3{x2}+7
$4{x3} >= 4 && -$3{x2} >= 0 ? 2
$4{x3} >= 4 && $3{x2} >= 1 && -$2{x1} >= 0 ? 2
$4{x3} >= 4 && $3{x2} >= 1 && $2{x1} >= 1 ?  ($3{x2}-1)⍵^2 +  ($3{x2}+$4{x3}-2)⍵ + 3$2{x1}+13$3{x2}+8$4{x3}-17

[4:]:
top ? 1

[5:]:
-$4{x3} >= 0 && -$3{x2} >= -1 ? 6
-$4{x3} >= 0 && $3{x2} >= 2 && -$2{x1} >= 0 ? 6
-$4{x3} >= 0 && $3{x2} >= 2 && $2{x1} >= 1 ?  ($3{x2}-1)⍵^2 +  ($3{x2}-1)⍵ + 3$2{x1}+13$3{x2}-10
$4{x3} == 1 && -$3{x2} >= 0 ? 6
$4{x3} == 1 && $3{x2} == 1 && -$2{x1} >= -1 ? 6
$4{x3} == 1 && $3{x2} == 1 && $2{x1} >= 2 ? 3$2{x1}+3
$4{x3} == 1 && $3{x2} >= 2 && -$2{x1} >= 0 ? 6
$4{x3} == 1 && $3{x2} >= 2 && $2{x1} >= 1 ?  ($3{x2}-1)⍵^2 +  ($3{x2}-1)⍵ + 3$2{x1}+13$3{x2}-10
$4{x3} == 2 && -$3{x2} >= 0 ? 6
$4{x3} == 2 && $3{x2} >= 1 && -$2{x1} >= -1 ?  ($3{x2}-1)⍵^2 +  ($3{x2}+0)⍵ + 13$3{x2}+1
$4{x3} == 2 && $3{x2} >= 1 && $2{x1} >= 2 ?  ($3{x2}-1)⍵^2 +  ($3{x2}+0)⍵ + 3$2{x1}+13$3{x2}-2
$4{x3} == 3 && -$3{x2} >= 0 ? 6
$4{x3} == 3 && $3{x2} >= 1 && -$2{x1} >= -1 ?  ($3{x2}-1)⍵^2 +  ($3{x2}+1)⍵ + 13$3{x2}+9
$4{x3} == 3 && $3{x2} >= 1 && $2{x1} >= 2 ?  ($3{x2}-1)⍵^2 +  ($3{x2}+1)⍵ + 3$2{x1}+13$3{x2}+6
$4{x3} >= 4 && -$3{x2} >= 0 ? 6
$4{x3} >= 4 && $3{x2} >= 1 && -$2{x1} >= -1 ?  ($3{x2}-1)⍵^2 +  ($3{x2}+$4{x3}-2)⍵ + 13$3{x2}+8$4{x3}-15
$4{x3} >= 4 && $3{x2} >= 1 && $2{x1} >= 2 ?  ($3{x2}-1)⍵^2 +  ($3{x2}+$4{x3}-2)⍵ + 3$2{x1}+13$3{x2}+8$4{x3}-18

[6:]:
-$4{x3} >= -1 && -$3{x2} >= -1 ? 5
-$4{x3} >= -1 && $3{x2} >= 2 && -$2{x1} >= 0 ? 5
-$4{x3} >= -1 && $3{x2} >= 2 && $2{x1} >= 1 ?  ($3{x2}-1)⍵^2 +  ($3{x2}-1)⍵ + 3$2{x1}+13$3{x2}-11
$4{x3} == 2 && -$3{x2} >= 0 ? 5
$4{x3} == 2 && $3{x2} == 1 ?  (1)⍵ + 13
$4{x3} == 2 && $3{x2} >= 2 && -$2{x1} >= -2 ?  ($3{x2}-1)⍵^2 +  ($3{x2}+0)⍵ + 13$3{x2}+0
$4{x3} == 2 && $3{x2} >= 2 && $2{x1} >= 3 ?  ($3{x2}-1)⍵^2 +  ($3{x2}+0)⍵ + 3$2{x1}+13$3{x2}-9
$4{x3} == 3 && -$3{x2} >= 0 ? 5
$4{x3} == 3 && $3{x2} == 1 ?  (2)⍵ + 21
$4{x3} == 3 && $3{x2} >= 2 && -$2{x1} >= -2 ?  ($3{x2}-1)⍵^2 +  ($3{x2}+1)⍵ + 13$3{x2}+8
$4{x3} == 3 && $3{x2} >= 2 && $2{x1} >= 3 ?  ($3{x2}-1)⍵^2 +  ($3{x2}+1)⍵ + 3$2{x1}+13$3{x2}-1
$4{x3} >= 4 && -$3{x2} >= 0 ? 5
$4{x3} >= 4 && $3{x2} == 1 ?  ($4{x3}-1)⍵ + 8$4{x3}-3
$4{x3} >= 4 && $3{x2} >= 2 && -$2{x1} >= -2 ?  ($3{x2}-1)⍵^2 +  ($3{x2}+$4{x3}-2)⍵ + 13$3{x2}+8$4{x3}-16
$4{x3} >= 4 && $3{x2} >= 2 && $2{x1} >= 3 ?  ($3{x2}-1)⍵^2 +  ($3{x2}+$4{x3}-2)⍵ + 3$2{x1}+13$3{x2}+8$4{x3}-25

[7:]:
-$4{x3} >= 0 ? 3
$4{x3} == 1 && -$3{x2} >= 0 ? 3
$4{x3} == 1 && $3{x2} >= 1 && -$2{x1} >= -1 ? 3
$4{x3} == 1 && $3{x2} >= 1 && $2{x1} >= 2 ?  ($3{x2}-1)⍵^2 +  ($3{x2}-1)⍵ + 3$2{x1}+13$3{x2}-11
$4{x3} == 2 && -$3{x2} >= 0 ? 3
$4{x3} == 2 && $3{x2} >= 1 && -$2{x1} >= -1 ? 3
$4{x3} == 2 && $3{x2} >= 1 && $2{x1} >= 2 ?  ($3{x2}-1)⍵^2 +  ($3{x2}+0)⍵ + 3$2{x1}+13$3{x2}-3
$4{x3} >= 3 && -$3{x2} >= 0 ? 3
$4{x3} >= 3 && $3{x2} >= 1 && -$2{x1} >= -1 ? 3
$4{x3} >= 3 && $3{x2} >= 1 && $2{x1} >= 2 ?  ($3{x2}-1)⍵^2 +  ($3{x2}+$4{x3}-2)⍵ + 3$2{x1}+13$3{x2}+8$4{x3}-19

[8:]:
-$4{x3} >= -1 ? 4
$4{x3} >= 2 && -$3{x2} >= 0 ? 4
$4{x3} >= 2 && $3{x2} >= 1 ?  ($3{x2}-1)⍵^2 +  ($3{x2}+$4{x3}-2)⍵ + 13$3{x2}+8$4{x3}-17

[9:]:
-$3{x2} >= -1 ? 4
$3{x2} >= 2 && -$2{x1} >= 0 ? 4
$3{x2} >= 2 && $2{x1} >= 1 ?  ($3{x2}-1)⍵^2 +  ($3{x2}-1)⍵ + 3$2{x1}+13$3{x2}-12

[10:]:
-$3{x2} >= 0 ? 3
$3{x2} >= 1 && -$2{x1} >= 0 ? 3
$3{x2} >= 1 && $2{x1} >= 1 ?  ($3{x2}+0)⍵^2 +  ($3{x2}+0)⍵ + 3$2{x1}+13$3{x2}+0

[11:]:
-$4{x3} >= 0 ? 3
$4{x3} >= 1 && -$3{x2} >= 0 ? 3
$4{x3} >= 1 && $3{x2} >= 1 ?  ($3{x2}-1)⍵^2 +  ($3{x2}+$4{x3}-1)⍵ + 13$3{x2}+8$4{x3}-10

[12:]:
top ? bottom

[13:]:
top ? bottom

[14:]:
top ? 0.

[15:]:
-$4{x3} >= 0 ? 2
$4{x3} == 1 && -$3{x2} >= 0 ? 2
$4{x3} == 1 && $3{x2} >= 1 && -$2{x1} >= 0 ? 2
$4{x3} == 1 && $3{x2} >= 1 && $2{x1} >= 1 ?  ($3{x2}-1)⍵^2 +  ($3{x2}-1)⍵ + 3$2{x1}+13$3{x2}-9
$4{x3} == 2 && -$3{x2} >= 0 ? 2
$4{x3} == 2 && $3{x2} >= 1 && -$2{x1} >= 0 ? 2
$4{x3} == 2 && $3{x2} >= 1 && $2{x1} >= 1 ?  ($3{x2}-1)⍵^2 +  ($3{x2}+0)⍵ + 3$2{x1}+13$3{x2}-1
$4{x3} >= 3 && -$3{x2} >= 0 ? 2
$4{x3} >= 3 && $3{x2} >= 1 && -$2{x1} >= 0 ? 2
$4{x3} >= 3 && $3{x2} >= 1 && $2{x1} >= 1 ?  ($3{x2}-1)⍵^2 +  ($3{x2}+$4{x3}-2)⍵ + 3$2{x1}+13$3{x2}+8$4{x3}-17


Analysis Result: TRUE
