
Abstract Syntax:
[ 1:]
void main( ):
[ 2:] while [ 3:] ( $1{x} >= 0 ) do
[ 4:]   $1{x} := -2 * $1{x} + 10
[ 5:]
      od
[ 6:]

Forward Analysis:
[ 1:]: top
[ 2:]: top
[ 3:]: top
[ 4:]: $1{x} >= 0
[ 5:]: -$1{x} >= -10
[ 6:]: -$1{x} >= 1

Backward Analysis:
[ 1:]: -$1{x} >= 1 ? 1.
-$1{x} >= -2 && $1{x} >= 0 ? 5
$1{x} == 3 ? 9
-$1{x} >= -5 && $1{x} >= 4 ? 7
$1{x} >= 6 ? 3

[ 2:]: -$1{x} >= 1 ? 1.
-$1{x} >= -2 && $1{x} >= 0 ? 5
$1{x} == 3 ? 9
-$1{x} >= -5 && $1{x} >= 4 ? 7
$1{x} >= 6 ? 3

[ 3:]: -$1{x} >= 1 ? 1.
-$1{x} >= -2 && $1{x} >= 0 ? 5
$1{x} == 3 ? 9
-$1{x} >= -5 && $1{x} >= 4 ? 7
$1{x} >= 6 ? 3

[ 4:]: -$1{x} >= -2 ? 4
$1{x} == 3 ? 8
-$1{x} >= -5 && $1{x} >= 4 ? 6
$1{x} >= 6 ? 2

[ 5:]: -$1{x} >= 1 ? 1.
-$1{x} >= -2 && $1{x} >= 0 ? 5
$1{x} == 3 ? 9
-$1{x} >= -5 && $1{x} >= 4 ? 7
$1{x} >= 6 ? 3

[ 6:]: top ? 0.

Analysis Result: TRUE

Done.
