
Abstract Syntax:
[ 1:]
void main( ):
[ 2:] while [ 3:] ( $1{y} >= 0 || $2{z} >= 0 ) do
[ 4:]   $1{y} := $1{y} - 1
[ 5:]   $2{z} := $2{z} - 1
[ 6:]
      od
[ 7:]

Forward Analysis:
[ 1:]: top
[ 2:]: top
[ 3:]: top
[ 4:]: top
[ 5:]: top
[ 6:]: top
[ 7:]: -$2{z} >= 1 && -$1{y} >= 1

Backward Analysis:
[ 1:]: -$2{z} >= 1 && -$1{y} >= 1 ? 1
-$2{z} >= 1 && $1{y} == 0 ? 4
-$2{z} >= 1 && $1{y} >= 1 ? 3$1{y}+4
$2{z} == 0 && -$1{y} >= 1 ? 4
$2{z} == 0 && $1{y} == 0 ? 4
$2{z} == 0 && $1{y} >= 1 ? 3$1{y}+4
$2{z} >= 1 && -$1{y} >= 1 ? 3$2{z}+4
$2{z} >= 1 && $1{y} == 0 ? 3$2{z}+4
$2{z} >= 1 && $1{y} >= 1 ? 3$1{y}+3$2{z}+4

[ 2:]: -$2{z} >= 1 && -$1{y} >= 1 ? 1
-$2{z} >= 1 && $1{y} == 0 ? 4
-$2{z} >= 1 && $1{y} >= 1 ? 3$1{y}+4
$2{z} == 0 && -$1{y} >= 1 ? 4
$2{z} == 0 && $1{y} == 0 ? 4
$2{z} == 0 && $1{y} >= 1 ? 3$1{y}+4
$2{z} >= 1 && -$1{y} >= 1 ? 3$2{z}+4
$2{z} >= 1 && $1{y} == 0 ? 3$2{z}+4
$2{z} >= 1 && $1{y} >= 1 ? 3$1{y}+3$2{z}+4

[ 3:]: -$2{z} >= 1 && -$1{y} >= 1 ? 1
-$2{z} >= 1 && $1{y} == 0 ? 4
-$2{z} >= 1 && $1{y} >= 1 ? 3$1{y}+4
$2{z} == 0 && -$1{y} >= 1 ? 4
$2{z} == 0 && $1{y} == 0 ? 4
$2{z} == 0 && $1{y} >= 1 ? 3$1{y}+4
$2{z} >= 1 && -$1{y} >= 1 ? 3$2{z}+4
$2{z} >= 1 && $1{y} == 0 ? 3$2{z}+4
$2{z} >= 1 && $1{y} >= 1 ? 3$1{y}+3$2{z}+4

[ 4:]: -$2{z} >= 0 && -$1{y} >= 0 ? 3
-$2{z} >= 0 && $1{y} == 1 ? 6
-$2{z} >= 0 && $1{y} >= 2 ? 3$1{y}+3
$2{z} == 1 && -$1{y} >= 0 ? 6
$2{z} == 1 && $1{y} == 1 ? 6
$2{z} == 1 && $1{y} >= 2 ? 3$1{y}+3
$2{z} >= 2 && -$1{y} >= 0 ? 3$2{z}+3
$2{z} >= 2 && $1{y} == 1 ? 3$2{z}+3
$2{z} >= 2 && $1{y} >= 2 ? 3$1{y}+3$2{z}+0

[ 5:]: -$2{z} >= 0 && -$1{y} >= 1 ? 2
-$2{z} >= 0 && $1{y} == 0 ? 5
-$2{z} >= 0 && $1{y} >= 1 ? 3$1{y}+5
$2{z} == 1 && -$1{y} >= 1 ? 5
$2{z} == 1 && $1{y} == 0 ? 5
$2{z} == 1 && $1{y} >= 1 ? 3$1{y}+5
$2{z} >= 2 && -$1{y} >= 1 ? 3$2{z}+2
$2{z} >= 2 && $1{y} == 0 ? 3$2{z}+2
$2{z} >= 2 && $1{y} >= 1 ? 3$1{y}+3$2{z}+2

[ 6:]: -$2{z} >= 1 && -$1{y} >= 1 ? 1
-$2{z} >= 1 && $1{y} == 0 ? 4
-$2{z} >= 1 && $1{y} >= 1 ? 3$1{y}+4
$2{z} == 0 && -$1{y} >= 1 ? 4
$2{z} == 0 && $1{y} == 0 ? 4
$2{z} == 0 && $1{y} >= 1 ? 3$1{y}+4
$2{z} >= 1 && -$1{y} >= 1 ? 3$2{z}+4
$2{z} >= 1 && $1{y} == 0 ? 3$2{z}+4
$2{z} >= 1 && $1{y} >= 1 ? 3$1{y}+3$2{z}+4

[ 7:]: top ? 0.

Analysis Result: TRUE

Done.
