
CFG:
List of variables:
  $1{x}:int at tests/widening2.c:12.6-7

List of functions:
  1: main() -> void at tests/widening2.c:11.0-19.1, entry: 10, exit: 9, calls:

List of nodes:
  10: at :0:-1, in: out:1 
  9: at :0:-1, in: 2 out:
  1: at tests/widening2.c:11:0, in: 10 out:3 
  2: at tests/widening2.c:19:1, in: 3 out:9 
  3: at tests/widening2.c:12:8, in: 5 6 1 out:2 4 
  4: at tests/widening2.c:13:17, in: 3 out:5 6 
  5: at tests/widening2.c:17:6, in: 4 out:3 
  6: at tests/widening2.c:15:6, in: 4 out:3 
  7: at tests/widening2.c:11:0, in: out:8 
  8: at tests/widening2.c:19:1, in: 7 out:

List of arcs:
  10 -> 1: label entry
  2 -> 9: label exit
  1 -> 3: skip
  3 -> 4: $1{x} != 0 ?
  3 -> 2: ! ($1{x} != 0) ?
  4 -> 6: $1{x} > 0 ?
  4 -> 5: ! ($1{x} > 0) ?
  6 -> 3: $1{x} = $1{x} - 2
  5 -> 3: $1{x} = $1{x} + 1
  7 -> 8: skip


Property: exit: true

[1:]:
top ? bottom

[2:]:
top ? bottom

[3:]:
top ? bottom

[4:]:
top ? bottom

[5:]:
top ? bottom

[6:]:
top ? bottom

[7:]:
top ? bottom

[8:]:
top ? bottom

[9:]:
top ? 0.

[10:]:
top ? bottom

Property: AF{exit: true}

[1:]:
-$1{x} >= 0 ? -3$1{x}+1
$1{x} == 1 ? 7
$1{x} == 2 ? 4
$1{x} == 3 ? 10
$1{x} >= 4 ?  ($1{x}-4)⍵ + 3$1{x}-5

[2:]:
top ? 0.

[3:]:
-$1{x} >= 0 ? -3$1{x}+1
$1{x} == 1 ? 7
$1{x} == 2 ? 4
$1{x} == 3 ? 10
$1{x} == 4 ? 7
$1{x} == 5 ? 13
$1{x} >= 6 ?  ($1{x}-6)⍵ + 3$1{x}-8

[4:]:
-$1{x} >= 1 ? -3$1{x}+0
$1{x} == 0 ? 9
$1{x} == 1 ? 6
$1{x} == 2 ? 3
$1{x} == 3 ? 9
$1{x} == 4 ? 6
$1{x} == 5 ? 12
$1{x} >= 6 ?  ($1{x}-6)⍵ + 3$1{x}-9

[5:]:
-$1{x} >= 1 ? -3$1{x}-1
$1{x} == 0 ? 8
$1{x} == 1 ? 5
$1{x} == 2 ? 11
$1{x} >= 3 ?  ($1{x}-3)⍵ + 3$1{x}-1

[6:]:
-$1{x} >= -2 ? -3$1{x}+8
$1{x} == 3 ? 8
$1{x} == 4 ? 5
$1{x} == 5 ? 11
$1{x} >= 6 ?  ($1{x}-6)⍵ + 3$1{x}-10

[7:]:
top ? bottom

[8:]:
top ? bottom

[9:]:
top ? 0.

[10:]:
-$1{x} >= 0 ? -3$1{x}+1
$1{x} == 1 ? 7
$1{x} == 2 ? 4
$1{x} == 3 ? 10
$1{x} >= 4 ?  ($1{x}-4)⍵ + 3$1{x}-5


Analysis Result: TRUE
