
CFG:
List of variables:
  $1{y}:int at tests/termination/widening1.c:12.6-7
  $2{z}:int at tests/termination/widening1.c:12.9-10

List of functions:
  1: main() -> void at tests/termination/widening1.c:11.0-17.1, entry: 9, exit: 8, calls:

List of nodes:
  9: at :0:-1, in: out:1 
  8: at :0:-1, in: 2 out:
  1: at tests/termination/widening1.c:11:0, in: 9 out:3 
  2: at tests/termination/widening1.c:17:1, in: 3 out:8 
  3: at tests/termination/widening1.c:12:11, in: 5 1 out:2 4 
  4: at tests/termination/widening1.c:13:27, in: 3 out:5 
  5: at tests/termination/widening1.c:14:8, in: 4 out:3 
  6: at tests/termination/widening1.c:11:0, in: out:7 
  7: at tests/termination/widening1.c:17:1, in: 6 out:

List of arcs:
  9 -> 1: label entry
  2 -> 8: label exit
  1 -> 3: skip
  3 -> 4: $1{y} >= 0 || $2{z} >= 0 ?
  3 -> 2: ! ($1{y} >= 0 || $2{z} >= 0) ?
  4 -> 5: $1{y} = $1{y} + -1
  5 -> 3: $2{z} = $2{z} + -1
  6 -> 7: skip


Property: exit: true

[1:]:
top ? bottom

[2:]:
top ? bottom

[3:]:
top ? bottom

[4:]:
top ? bottom

[5:]:
top ? bottom

[6:]:
top ? bottom

[7:]:
top ? bottom

[8:]:
top ? 0.

[9:]:
top ? bottom

Property: AF{exit: true}

[1:]:
-$2{z} >= 1 && -$1{y} >= 1 ? 1
-$2{z} >= 1 && $1{y} >= 0 ? 3$1{y}+4
$2{z} == 0 && -$1{y} >= 0 ? 4
$2{z} == 0 && $1{y} >= 1 ? 3$1{y}+4
$2{z} == 1 && -$1{y} >= -1 ? 7
$2{z} == 1 && $1{y} >= 2 ? 3$1{y}+4
$2{z} >= 2 && -$1{y} >= -1 ? 3$2{z}+4
$2{z} >= 2 && $1{y} >= 2 ?  ($1{y}+$2{z}-3)⍵ + 3$1{y}+3$2{z}-2

[2:]:
top ? 0.

[3:]:
-$2{z} >= 1 && -$1{y} >= 1 ? 1
-$2{z} >= 1 && $1{y} >= 0 ? 3$1{y}+4
$2{z} == 0 && -$1{y} >= 0 ? 4
$2{z} == 0 && $1{y} >= 1 ? 3$1{y}+4
$2{z} == 1 && -$1{y} >= -1 ? 7
$2{z} == 1 && $1{y} >= 2 ? 3$1{y}+4
$2{z} == 2 && -$1{y} >= -2 ? 10
$2{z} == 2 && $1{y} >= 3 ? 3$1{y}+4
$2{z} >= 3 && -$1{y} >= -2 ? 3$2{z}+4
$2{z} >= 3 && $1{y} >= 3 ?  ($1{y}+$2{z}-5)⍵ + 3$1{y}+3$2{z}-5

[4:]:
-$2{z} >= 0 && -$1{y} >= 0 ? 3
-$2{z} >= 0 && $1{y} >= 1 ? 3$1{y}+3
$2{z} == 1 && -$1{y} >= -1 ? 6
$2{z} == 1 && $1{y} >= 2 ? 3$1{y}+3
$2{z} == 2 && -$1{y} >= -2 ? 9
$2{z} == 2 && $1{y} >= 3 ? 3$1{y}+3
$2{z} >= 3 && -$1{y} >= -2 ? 3$2{z}+3
$2{z} >= 3 && $1{y} >= 3 ?  ($1{y}+$2{z}-5)⍵ + 3$1{y}+3$2{z}-6

[5:]:
-$2{z} >= 0 && -$1{y} >= 1 ? 2
-$2{z} >= 0 && $1{y} >= 0 ? 3$1{y}+5
$2{z} == 1 && -$1{y} >= 0 ? 5
$2{z} == 1 && $1{y} >= 1 ? 3$1{y}+5
$2{z} == 2 && -$1{y} >= -1 ? 8
$2{z} == 2 && $1{y} >= 2 ? 3$1{y}+5
$2{z} >= 3 && -$1{y} >= -1 ? 3$2{z}+2
$2{z} >= 3 && $1{y} >= 2 ?  ($1{y}+$2{z}-4)⍵ + 3$1{y}+3$2{z}-4

[6:]:
top ? bottom

[7:]:
top ? bottom

[8:]:
top ? 0.

[9:]:
-$2{z} >= 1 && -$1{y} >= 1 ? 1
-$2{z} >= 1 && $1{y} >= 0 ? 3$1{y}+4
$2{z} == 0 && -$1{y} >= 0 ? 4
$2{z} == 0 && $1{y} >= 1 ? 3$1{y}+4
$2{z} == 1 && -$1{y} >= -1 ? 7
$2{z} == 1 && $1{y} >= 2 ? 3$1{y}+4
$2{z} >= 2 && -$1{y} >= -1 ? 3$2{z}+4
$2{z} >= 2 && $1{y} >= 2 ?  ($1{y}+$2{z}-3)⍵ + 3$1{y}+3$2{z}-2


Analysis Result: TRUE
