
Abstract Syntax:
[ 1:]
void main( ):
[ 2:] $2{c} := 1
[ 3:] while [ 4:] ( true ) do
[ 5:]   $1{x} := $2{c}
[ 6:]   while [ 7:] ( $1{x} > 0 ) do
[ 8:]     $1{x} := $1{x} - 1
[ 9:]     $2{c} := $2{c} + 1
[10:]
        od
[11:]
      od
[12:]

Property: $1{x} <= 0 && $1{x} >= 0

Forward Analysis:
[ 1:]: top
[ 2:]: top
[ 3:]: $2{c} == 1
[ 4:]: $2{c} >= 1
[ 5:]: $2{c} >= 1
[ 6:]: $1{x} >= 1 && -$1{x}+$2{c} == 0
[ 7:]: $1{x}+$2{c} >= 2 && -$1{x}+$2{c} >= 0
[ 8:]: $1{x} >= 1 && -$1{x}+$2{c} >= 0
[ 9:]: $1{x} >= 0 && -$1{x}+$2{c} >= 1
[10:]: $1{x} >= 0 && -$1{x}+$2{c} >= 2
[11:]: $1{x}+$2{c} >= 2 && -$1{x} >= 0
[12:]: bottom

Backward Analysis:
[ 1:]:
-$1{x} >= 1 ? 5
$1{x} == 0 ? 0.
$1{x} >= 1 ? 5

[ 2:]:
-$1{x} >= 1 ? 5
$1{x} == 0 ? 0.
$1{x} >= 1 ? 5

[ 3:]:
-$2{c} >= 1 ? bottom
-$1{x} >= 1 && $2{c} == 0 ? 2
$1{x} == 0 && $2{c} == 0 ? 0.
$1{x} >= 1 && $2{c} == 0 ? 2
-$1{x} >= 1 && $2{c} == 1 ? 4
$1{x} == 0 && $2{c} == 1 ? 0.
$1{x} >= 1 && $2{c} == 1 ? 4
-$1{x} >= 1 && $2{c} == 2 ? 7
$1{x} == 0 && $2{c} == 2 ? 0.
$1{x} >= 1 && $2{c} == 2 ? 7
-$1{x} >= 1 && $2{c} == 3 ? 10
$1{x} == 0 && $2{c} == 3 ? 0.
$1{x} >= 1 && $2{c} == 3 ? 10
-$1{x} >= 1 && $2{c} == 4 ? 13
$1{x} == 0 && $2{c} == 4 ? 0.
$1{x} >= 1 && $2{c} == 4 ? 13
-$1{x} >= 1 && $2{c} == 5 ? 16
$1{x} == 0 && $2{c} == 5 ? 0.
$1{x} >= 1 && $2{c} == 5 ? 16
-$1{x} >= 1 && $2{c} == 6 ? 19
$1{x} == 0 && $2{c} == 6 ? 0.
$1{x} >= 1 && $2{c} == 6 ? 19
$2{c} >= 7 && -$1{x} >= 1 ? 3$2{c}+1
$2{c} >= 7 && $1{x} == 0 ? 0.
$1{x} >= 1 && $2{c} >= 7 ? 3$2{c}+1

[ 4:]:
-$2{c} >= 1 ? bottom
-$1{x} >= 1 && $2{c} == 0 ? 2
$1{x} == 0 && $2{c} == 0 ? 1.
$1{x} >= 1 && $2{c} == 0 ? 2
-$1{x} >= 1 && $2{c} == 1 ? 4
$1{x} == 0 && $2{c} == 1 ? 1.
$1{x} >= 1 && $2{c} == 1 ? 4
-$1{x} >= 1 && $2{c} == 2 ? 7
$1{x} == 0 && $2{c} == 2 ? 1.
$1{x} >= 1 && $2{c} == 2 ? 7
-$1{x} >= 1 && $2{c} == 3 ? 10
$1{x} == 0 && $2{c} == 3 ? 1.
$1{x} >= 1 && $2{c} == 3 ? 10
-$1{x} >= 1 && $2{c} == 4 ? 13
$1{x} == 0 && $2{c} == 4 ? 1.
$1{x} >= 1 && $2{c} == 4 ? 13
-$1{x} >= 1 && $2{c} == 5 ? 16
$1{x} == 0 && $2{c} == 5 ? 1.
$1{x} >= 1 && $2{c} == 5 ? 16
-$1{x} >= 1 && $2{c} == 6 ? 19
$1{x} == 0 && $2{c} == 6 ? 1.
$1{x} >= 1 && $2{c} == 6 ? 19
$2{c} >= 7 && -$1{x} >= 1 ? 3$2{c}+1
$2{c} >= 7 && $1{x} == 0 ? 1.
$1{x} >= 1 && $2{c} >= 7 ? 3$2{c}+1

[ 5:]:
-$2{c} >= 1 ? bottom
-$1{x} >= 1 && $2{c} == 0 ? 1
$1{x} == 0 && $2{c} == 0 ? 0.
$1{x} >= 1 && $2{c} == 0 ? 1
-$1{x} >= 1 && $2{c} == 1 ? 3
$1{x} == 0 && $2{c} == 1 ? 0.
$1{x} >= 1 && $2{c} == 1 ? 3
-$1{x} >= 1 && $2{c} == 2 ? 6
$1{x} == 0 && $2{c} == 2 ? 0.
$1{x} >= 1 && $2{c} == 2 ? 6
-$1{x} >= 1 && $2{c} == 3 ? 9
$1{x} == 0 && $2{c} == 3 ? 0.
$1{x} >= 1 && $2{c} == 3 ? 9
-$1{x} >= 1 && $2{c} == 4 ? 12
$1{x} == 0 && $2{c} == 4 ? 0.
$1{x} >= 1 && $2{c} == 4 ? 12
-$1{x} >= 1 && $2{c} == 5 ? 15
$1{x} == 0 && $2{c} == 5 ? 0.
$1{x} >= 1 && $2{c} == 5 ? 15
-$1{x} >= 1 && $2{c} == 6 ? 18
$1{x} == 0 && $2{c} == 6 ? 0.
$1{x} >= 1 && $2{c} == 6 ? 18
$2{c} >= 7 && -$1{x} >= 1 ? 3$2{c}+0
$2{c} >= 7 && $1{x} == 0 ? 0.
$1{x} >= 1 && $2{c} >= 7 ? 3$2{c}+0

[ 6:]:
-$2{c} >= 17 && -$1{x} >= -6 ? bottom
$1{x} >= 7 && -$2{c} >= 17 ? top
-$1{x} >= -6 && $2{c} == -16 ? bottom
$1{x} >= 7 && $2{c} == -16 ? top
-$1{x} >= -6 && $2{c} == -15 ? bottom
$1{x} >= 7 && $2{c} == -15 ? top
-$1{x} >= -6 && $2{c} == -14 ? bottom
$1{x} >= 7 && $2{c} == -14 ? top
-$1{x} >= -6 && $2{c} == -13 ? bottom
$1{x} >= 7 && $2{c} == -13 ? top
-$1{x} >= -6 && $2{c} == -12 ? bottom
$1{x} >= 7 && $2{c} == -12 ? top
-$1{x} >= -6 && $2{c} == -11 ? bottom
$1{x} >= 7 && $2{c} == -11 ? top
-$1{x} >= -6 && $2{c} == -10 ? bottom
$1{x} >= 7 && $2{c} == -10 ? top
-$1{x} >= -6 && $2{c} == -9 ? bottom
$1{x} >= 7 && $2{c} == -9 ? top
-$1{x} >= -6 && $2{c} == -8 ? bottom
$1{x} >= 7 && $2{c} == -8 ? top
-$1{x} >= -6 && $2{c} == -7 ? bottom
$1{x} >= 7 && $2{c} == -7 ? top
-$1{x} >= -5 && $2{c} == -6 ? bottom
$1{x} >= 6 && $2{c} == -6 ? 3$1{x}-1
-$1{x} >= -4 && $2{c} == -5 ? bottom
$1{x} >= 5 && $2{c} == -5 ? 3$1{x}-1
-$1{x} >= -3 && $2{c} == -4 ? bottom
$1{x} >= 4 && $2{c} == -4 ? 3$1{x}-1
-$1{x} >= -2 && $2{c} == -3 ? bottom
$1{x} >= 3 && $2{c} == -3 ? 3$1{x}-1
-$1{x} >= -1 && $2{c} == -2 ? bottom
$1{x} >= 2 && $2{c} == -2 ? 3$1{x}-1
-$1{x} >= 0 && $2{c} == -1 ? bottom
$1{x} >= 1 && $2{c} == -1 ? 3$1{x}-1
-$1{x} >= 1 && $2{c} == 0 ? 3
$1{x} == 0 && $2{c} == 0 ? 0.
$1{x} >= 1 && $2{c} == 0 ? 3$1{x}-1
-$1{x} >= 1 && $2{c} == 1 ? 5
$1{x} == 0 && $2{c} == 1 ? 0.
$1{x} >= 1 && $2{c} == 1 ? 3$1{x}-1
-$1{x} >= 1 && $2{c} == 2 ? 8
$1{x} == 0 && $2{c} == 2 ? 0.
$1{x} >= 1 && $2{c} == 2 ? 3$1{x}-1
-$1{x} >= 1 && $2{c} == 3 ? 11
$1{x} == 0 && $2{c} == 3 ? 0.
$1{x} >= 1 && $2{c} == 3 ? 3$1{x}-1
-$1{x} >= 1 && $2{c} == 4 ? 14
$1{x} == 0 && $2{c} == 4 ? 0.
$1{x} >= 1 && $2{c} == 4 ? 3$1{x}-1
-$1{x} >= 1 && $2{c} == 5 ? 17
$1{x} == 0 && $2{c} == 5 ? 0.
$1{x} >= 1 && $2{c} == 5 ? 3$1{x}-1
-$1{x} >= 1 && $2{c} == 6 ? 20
$1{x} == 0 && $2{c} == 6 ? 0.
$1{x} >= 1 && $2{c} == 6 ? 3$1{x}-1
$2{c} >= 7 && -$1{x} >= 1 ? 3$2{c}+2
$2{c} >= 7 && $1{x} == 0 ? 0.
$1{x} >= 1 && $2{c} >= 7 ? 3$1{x}-1

[ 7:]:
-$2{c} >= 17 && -$1{x} >= -6 ? bottom
$1{x} >= 7 && -$2{c} >= 17 ? top
-$1{x} >= -6 && $2{c} == -16 ? bottom
$1{x} >= 7 && $2{c} == -16 ? top
-$1{x} >= -6 && $2{c} == -15 ? bottom
$1{x} >= 7 && $2{c} == -15 ? top
-$1{x} >= -6 && $2{c} == -14 ? bottom
$1{x} >= 7 && $2{c} == -14 ? top
-$1{x} >= -6 && $2{c} == -13 ? bottom
$1{x} >= 7 && $2{c} == -13 ? top
-$1{x} >= -6 && $2{c} == -12 ? bottom
$1{x} >= 7 && $2{c} == -12 ? top
-$1{x} >= -6 && $2{c} == -11 ? bottom
$1{x} >= 7 && $2{c} == -11 ? top
-$1{x} >= -6 && $2{c} == -10 ? bottom
$1{x} >= 7 && $2{c} == -10 ? top
-$1{x} >= -6 && $2{c} == -9 ? bottom
$1{x} >= 7 && $2{c} == -9 ? top
-$1{x} >= -6 && $2{c} == -8 ? bottom
$1{x} >= 7 && $2{c} == -8 ? top
-$1{x} >= -6 && $2{c} == -7 ? bottom
$1{x} >= 7 && $2{c} == -7 ? top
-$1{x} >= -5 && $2{c} == -6 ? bottom
$1{x} >= 6 && $2{c} == -6 ? 3$1{x}-1
-$1{x} >= -4 && $2{c} == -5 ? bottom
$1{x} >= 5 && $2{c} == -5 ? 3$1{x}-1
-$1{x} >= -3 && $2{c} == -4 ? bottom
$1{x} >= 4 && $2{c} == -4 ? 3$1{x}-1
-$1{x} >= -2 && $2{c} == -3 ? bottom
$1{x} >= 3 && $2{c} == -3 ? 3$1{x}-1
-$1{x} >= -1 && $2{c} == -2 ? bottom
$1{x} >= 2 && $2{c} == -2 ? 3$1{x}-1
-$1{x} >= 0 && $2{c} == -1 ? bottom
$1{x} >= 1 && $2{c} == -1 ? 3$1{x}-1
-$1{x} >= 1 && $2{c} == 0 ? 3
$1{x} == 0 && $2{c} == 0 ? 1.
$1{x} >= 1 && $2{c} == 0 ? 3$1{x}-1
-$1{x} >= 1 && $2{c} == 1 ? 5
$1{x} == 0 && $2{c} == 1 ? 1.
$1{x} >= 1 && $2{c} == 1 ? 3$1{x}-1
-$1{x} >= 1 && $2{c} == 2 ? 8
$1{x} == 0 && $2{c} == 2 ? 1.
$1{x} >= 1 && $2{c} == 2 ? 3$1{x}-1
-$1{x} >= 1 && $2{c} == 3 ? 11
$1{x} == 0 && $2{c} == 3 ? 1.
$1{x} >= 1 && $2{c} == 3 ? 3$1{x}-1
-$1{x} >= 1 && $2{c} == 4 ? 14
$1{x} == 0 && $2{c} == 4 ? 1.
$1{x} >= 1 && $2{c} == 4 ? 3$1{x}-1
-$1{x} >= 1 && $2{c} == 5 ? 17
$1{x} == 0 && $2{c} == 5 ? 1.
$1{x} >= 1 && $2{c} == 5 ? 3$1{x}-1
-$1{x} >= 1 && $2{c} == 6 ? 20
$1{x} == 0 && $2{c} == 6 ? 1.
$1{x} >= 1 && $2{c} == 6 ? 3$1{x}-1
$2{c} >= 7 && -$1{x} >= 1 ? 3$2{c}+2
$2{c} >= 7 && $1{x} == 0 ? 1.
$1{x} >= 1 && $2{c} >= 7 ? 3$1{x}-1

[ 8:]:
-$2{c} >= 17 && -$1{x} >= -6 ? bottom
$1{x} >= 7 && -$2{c} >= 17 ? top
-$1{x} >= -6 && $2{c} == -16 ? bottom
$1{x} >= 7 && $2{c} == -16 ? top
-$1{x} >= -6 && $2{c} == -15 ? bottom
$1{x} >= 7 && $2{c} == -15 ? top
-$1{x} >= -6 && $2{c} == -14 ? bottom
$1{x} >= 7 && $2{c} == -14 ? top
-$1{x} >= -6 && $2{c} == -13 ? bottom
$1{x} >= 7 && $2{c} == -13 ? top
-$1{x} >= -6 && $2{c} == -12 ? bottom
$1{x} >= 7 && $2{c} == -12 ? top
-$1{x} >= -6 && $2{c} == -11 ? bottom
$1{x} >= 7 && $2{c} == -11 ? top
-$1{x} >= -6 && $2{c} == -10 ? bottom
$1{x} >= 7 && $2{c} == -10 ? top
-$1{x} >= -6 && $2{c} == -9 ? bottom
$1{x} >= 7 && $2{c} == -9 ? top
-$1{x} >= -6 && $2{c} == -8 ? bottom
$1{x} >= 7 && $2{c} == -8 ? top
-$1{x} >= -6 && $2{c} == -7 ? bottom
$1{x} >= 7 && $2{c} == -7 ? top
-$1{x} >= -5 && $2{c} == -6 ? bottom
$1{x} >= 6 && $2{c} == -6 ? 3$1{x}-2
-$1{x} >= -4 && $2{c} == -5 ? bottom
$1{x} >= 5 && $2{c} == -5 ? 3$1{x}-2
-$1{x} >= -3 && $2{c} == -4 ? bottom
$1{x} >= 4 && $2{c} == -4 ? 3$1{x}-2
-$1{x} >= -2 && $2{c} == -3 ? bottom
$1{x} >= 3 && $2{c} == -3 ? 3$1{x}-2
-$1{x} >= -1 && $2{c} == -2 ? bottom
$1{x} >= 2 && $2{c} == -2 ? 3$1{x}-2
-$1{x} >= 1 && $2{c} == -1 ? 5
$1{x} == 0 && $2{c} == -1 ? 0.
$1{x} >= 1 && $2{c} == -1 ? 3$1{x}-2
-$1{x} >= 1 && $2{c} == 0 ? 7
$1{x} == 0 && $2{c} == 0 ? 0.
$1{x} >= 1 && $2{c} == 0 ? 3$1{x}-2
-$1{x} >= 1 && $2{c} == 1 ? 10
$1{x} == 0 && $2{c} == 1 ? 0.
$1{x} >= 1 && $2{c} == 1 ? 3$1{x}-2
-$1{x} >= 1 && $2{c} == 2 ? 13
$1{x} == 0 && $2{c} == 2 ? 0.
$1{x} >= 1 && $2{c} == 2 ? 3$1{x}-2
-$1{x} >= 1 && $2{c} == 3 ? 16
$1{x} == 0 && $2{c} == 3 ? 0.
$1{x} >= 1 && $2{c} == 3 ? 3$1{x}-2
-$1{x} >= 1 && $2{c} == 4 ? 19
$1{x} == 0 && $2{c} == 4 ? 0.
$1{x} >= 1 && $2{c} == 4 ? 3$1{x}-2
-$1{x} >= 1 && $2{c} == 5 ? 22
$1{x} == 0 && $2{c} == 5 ? 0.
$1{x} >= 1 && $2{c} == 5 ? 3$1{x}-2
$2{c} >= 6 && -$1{x} >= 1 ? 3$2{c}+7
$2{c} >= 6 && $1{x} == 0 ? 0.
$1{x} >= 1 && $2{c} >= 6 ? 3$1{x}-2

[ 9:]:
-$2{c} >= 17 && -$1{x} >= -5 ? bottom
$1{x} >= 6 && -$2{c} >= 17 ? top
-$1{x} >= -5 && $2{c} == -16 ? bottom
$1{x} >= 6 && $2{c} == -16 ? top
-$1{x} >= -5 && $2{c} == -15 ? bottom
$1{x} >= 6 && $2{c} == -15 ? top
-$1{x} >= -5 && $2{c} == -14 ? bottom
$1{x} >= 6 && $2{c} == -14 ? top
-$1{x} >= -5 && $2{c} == -13 ? bottom
$1{x} >= 6 && $2{c} == -13 ? top
-$1{x} >= -5 && $2{c} == -12 ? bottom
$1{x} >= 6 && $2{c} == -12 ? top
-$1{x} >= -5 && $2{c} == -11 ? bottom
$1{x} >= 6 && $2{c} == -11 ? top
-$1{x} >= -5 && $2{c} == -10 ? bottom
$1{x} >= 6 && $2{c} == -10 ? top
-$1{x} >= -5 && $2{c} == -9 ? bottom
$1{x} >= 6 && $2{c} == -9 ? top
-$1{x} >= -5 && $2{c} == -8 ? bottom
$1{x} >= 6 && $2{c} == -8 ? top
-$1{x} >= -5 && $2{c} == -7 ? bottom
$1{x} >= 6 && $2{c} == -7 ? top
-$1{x} >= -4 && $2{c} == -6 ? bottom
$1{x} >= 5 && $2{c} == -6 ? 3$1{x}+0
-$1{x} >= -3 && $2{c} == -5 ? bottom
$1{x} >= 4 && $2{c} == -5 ? 3$1{x}+0
-$1{x} >= -2 && $2{c} == -4 ? bottom
$1{x} >= 3 && $2{c} == -4 ? 3$1{x}+0
-$1{x} >= -1 && $2{c} == -3 ? bottom
$1{x} >= 2 && $2{c} == -3 ? 3$1{x}+0
-$1{x} >= 0 && $2{c} == -2 ? bottom
$1{x} >= 1 && $2{c} == -2 ? 3$1{x}+0
-$1{x} >= 1 && $2{c} == -1 ? 4
$1{x} >= 0 && $2{c} == -1 ? 3$1{x}+0
$2{c} >= 0 && -$1{x} >= 1 ? 3$2{c}+6
$1{x} >= 0 && $2{c} >= 0 ? 3$1{x}+0

[10:]:
-$2{c} >= 16 && -$1{x} >= -5 ? bottom
$1{x} >= 6 && -$2{c} >= 16 ? top
-$1{x} >= -5 && $2{c} == -15 ? bottom
$1{x} >= 6 && $2{c} == -15 ? top
-$1{x} >= -5 && $2{c} == -14 ? bottom
$1{x} >= 6 && $2{c} == -14 ? top
-$1{x} >= -5 && $2{c} == -13 ? bottom
$1{x} >= 6 && $2{c} == -13 ? top
-$1{x} >= -5 && $2{c} == -12 ? bottom
$1{x} >= 6 && $2{c} == -12 ? top
-$1{x} >= -5 && $2{c} == -11 ? bottom
$1{x} >= 6 && $2{c} == -11 ? top
-$1{x} >= -5 && $2{c} == -10 ? bottom
$1{x} >= 6 && $2{c} == -10 ? top
-$1{x} >= -5 && $2{c} == -9 ? bottom
$1{x} >= 6 && $2{c} == -9 ? top
-$1{x} >= -5 && $2{c} == -8 ? bottom
$1{x} >= 6 && $2{c} == -8 ? top
-$1{x} >= -5 && $2{c} == -7 ? bottom
$1{x} >= 6 && $2{c} == -7 ? top
-$1{x} >= -5 && $2{c} == -6 ? bottom
$1{x} >= 6 && $2{c} == -6 ? top
-$1{x} >= -4 && $2{c} == -5 ? bottom
$1{x} >= 5 && $2{c} == -5 ? 3$1{x}-1
-$1{x} >= -3 && $2{c} == -4 ? bottom
$1{x} >= 4 && $2{c} == -4 ? 3$1{x}-1
-$1{x} >= -2 && $2{c} == -3 ? bottom
$1{x} >= 3 && $2{c} == -3 ? 3$1{x}-1
-$1{x} >= -1 && $2{c} == -2 ? bottom
$1{x} >= 2 && $2{c} == -2 ? 3$1{x}-1
-$1{x} >= 0 && $2{c} == -1 ? bottom
$1{x} >= 1 && $2{c} == -1 ? 3$1{x}-1
-$1{x} >= 1 && $2{c} == 0 ? 3
$1{x} == 0 && $2{c} == 0 ? 0.
$1{x} >= 1 && $2{c} == 0 ? 3$1{x}-1
-$1{x} >= 1 && $2{c} == 1 ? 5
$1{x} == 0 && $2{c} == 1 ? 0.
$1{x} >= 1 && $2{c} == 1 ? 3$1{x}-1
-$1{x} >= 1 && $2{c} == 2 ? 8
$1{x} == 0 && $2{c} == 2 ? 0.
$1{x} >= 1 && $2{c} == 2 ? 3$1{x}-1
-$1{x} >= 1 && $2{c} == 3 ? 11
$1{x} == 0 && $2{c} == 3 ? 0.
$1{x} >= 1 && $2{c} == 3 ? 3$1{x}-1
-$1{x} >= 1 && $2{c} == 4 ? 14
$1{x} == 0 && $2{c} == 4 ? 0.
$1{x} >= 1 && $2{c} == 4 ? 3$1{x}-1
-$1{x} >= 1 && $2{c} == 5 ? 17
$1{x} == 0 && $2{c} == 5 ? 0.
$1{x} >= 1 && $2{c} == 5 ? 3$1{x}-1
-$1{x} >= 1 && $2{c} == 6 ? 20
$1{x} == 0 && $2{c} == 6 ? 0.
$1{x} >= 1 && $2{c} == 6 ? 3$1{x}-1
$2{c} >= 7 && -$1{x} >= 1 ? 3$2{c}+2
$2{c} >= 7 && $1{x} == 0 ? 0.
$1{x} >= 1 && $2{c} >= 7 ? 3$1{x}-1

[11:]:
-$2{c} >= 1 ? bottom
-$1{x} >= 1 && $2{c} == 0 ? 2
$1{x} == 0 && $2{c} == 0 ? 0.
$1{x} >= 1 && $2{c} == 0 ? 2
-$1{x} >= 1 && $2{c} == 1 ? 4
$1{x} == 0 && $2{c} == 1 ? 0.
$1{x} >= 1 && $2{c} == 1 ? 4
-$1{x} >= 1 && $2{c} == 2 ? 7
$1{x} == 0 && $2{c} == 2 ? 0.
$1{x} >= 1 && $2{c} == 2 ? 7
-$1{x} >= 1 && $2{c} == 3 ? 10
$1{x} == 0 && $2{c} == 3 ? 0.
$1{x} >= 1 && $2{c} == 3 ? 10
-$1{x} >= 1 && $2{c} == 4 ? 13
$1{x} == 0 && $2{c} == 4 ? 0.
$1{x} >= 1 && $2{c} == 4 ? 13
-$1{x} >= 1 && $2{c} == 5 ? 16
$1{x} == 0 && $2{c} == 5 ? 0.
$1{x} >= 1 && $2{c} == 5 ? 16
-$1{x} >= 1 && $2{c} == 6 ? 19
$1{x} == 0 && $2{c} == 6 ? 0.
$1{x} >= 1 && $2{c} == 6 ? 19
$2{c} >= 7 && -$1{x} >= 1 ? 3$2{c}+1
$2{c} >= 7 && $1{x} == 0 ? 0.
$1{x} >= 1 && $2{c} >= 7 ? 3$2{c}+1

[12:]:
top ? bottom

Analysis Result: TRUE

Done.
