
Abstract Syntax:
[ 1:]
void main( ):
[ 2:] while [ 3:] ( true ) do
[ 4:]   $1{x} := ?
[ 5:]   while [ 6:] ( $1{x} < 0 || $1{x} > 0 ) do
[ 7:]     if ( $1{x} > 0 ) then
[ 8:]       $1{x} := $1{x} - 1
[ 9:]
          else
[10:]       $1{x} := $1{x} + 1
[11:]
          endif
[12:]
        od
[13:]
      od
[14:]

Property: $1{x} <= 0 && $1{x} >= 0

[ -1:]:
-$1{x} >= 1 ? bottom
$1{x} == 0 ? 0.
$1{x} >= 1 ? bottom

[ 2:]:
-$1{x} >= 1 ? bottom
$1{x} == 0 ? 0.
$1{x} >= 1 ? bottom

[ 3:]:
-$1{x} >= 1 ? bottom
$1{x} == 0 ? 0.
$1{x} >= 1 ? bottom

[ 4:]:
-$1{x} >= 1 ? bottom
$1{x} == 0 ? 0.
$1{x} >= 1 ? bottom

[ 5:]:
-$1{x} >= 1 ? bottom
$1{x} == 0 ? 0.
$1{x} >= 1 ? bottom

[ 6:]:
-$1{x} >= 1 ? bottom
$1{x} == 0 ? 0.
$1{x} >= 1 ? bottom

[ 7:]:
-$1{x} >= 1 ? bottom
$1{x} == 0 ? 0.
$1{x} >= 1 ? bottom

[ 8:]:
-$1{x} >= 1 ? bottom
$1{x} == 0 ? 0.
$1{x} >= 1 ? bottom

[ 9:]:
-$1{x} >= 1 ? bottom
$1{x} == 0 ? 0.
$1{x} >= 1 ? bottom

[10:]:
-$1{x} >= 1 ? bottom
$1{x} == 0 ? 0.
$1{x} >= 1 ? bottom

[11:]:
-$1{x} >= 1 ? bottom
$1{x} == 0 ? 0.
$1{x} >= 1 ? bottom

[12:]:
-$1{x} >= 1 ? bottom
$1{x} == 0 ? 0.
$1{x} >= 1 ? bottom

[13:]:
-$1{x} >= 1 ? bottom
$1{x} == 0 ? 0.
$1{x} >= 1 ? bottom

[14:]:
-$1{x} >= 1 ? bottom
$1{x} == 0 ? 0.
$1{x} >= 1 ? bottom

Property: AF{$1{x} <= 0 && $1{x} >= 0}

[ -1:]:
-$1{x} >= 1 ? bottom
$1{x} == 0 ? 0.
$1{x} >= 1 ? bottom

[ 2:]:
-$1{x} >= 1 ?  (1)⍵ + 8
$1{x} == 0 ? 0.
$1{x} >= 1 ?  (1)⍵ + 8

[ 3:]:
-$1{x} >= 1 ?  (1)⍵ + 8
$1{x} == 0 ? 0.
$1{x} >= 1 ?  (1)⍵ + 8

[ 4:]:
-$1{x} >= 1 ?  (1)⍵ + 7
$1{x} == 0 ? 0.
$1{x} >= 1 ?  (1)⍵ + 7

[ 5:]:
-$1{x} >= 0 ? -3$1{x}+0
$1{x} >= 1 ? 3$1{x}+0

[ 6:]:
-$1{x} >= 0 ? -3$1{x}+0
$1{x} >= 1 ? 3$1{x}+0

[ 7:]:
-$1{x} >= 1 ? -3$1{x}-1
$1{x} == 0 ? 0.
$1{x} >= 1 ? 3$1{x}-1

[ 8:]:
-$1{x} >= 1 ? -3$1{x}+4
$1{x} == 0 ? 0.
$1{x} >= 1 ? 3$1{x}-2

[ 9:]:
-$1{x} >= 0 ? -3$1{x}+0
$1{x} >= 1 ? 3$1{x}+0

[10:]:
-$1{x} >= 1 ? -3$1{x}-2
$1{x} == 0 ? 0.
$1{x} >= 1 ? 3$1{x}+4

[11:]:
-$1{x} >= 0 ? -3$1{x}+0
$1{x} >= 1 ? 3$1{x}+0

[12:]:
-$1{x} >= 0 ? -3$1{x}+0
$1{x} >= 1 ? 3$1{x}+0

[13:]:
-$1{x} >= 1 ?  (1)⍵ + 8
$1{x} == 0 ? 0.
$1{x} >= 1 ?  (1)⍵ + 8

[14:]:
-$1{x} >= 1 ? bottom
$1{x} == 0 ? 0.
$1{x} >= 1 ? bottom

Property: AG{AF{$1{x} <= 0 && $1{x} >= 0}}

[ -1:]:
top ? bottom

[ 2:]:
-$1{x} >= 1 ?  (1)⍵ + 8
$1{x} == 0 ? 0.
$1{x} >= 1 ?  (1)⍵ + 8

[ 3:]:
-$1{x} >= 1 ?  (1)⍵ + 8
$1{x} == 0 ? 0.
$1{x} >= 1 ?  (1)⍵ + 8

[ 4:]:
-$1{x} >= 1 ?  (1)⍵ + 7
$1{x} == 0 ? 0.
$1{x} >= 1 ?  (1)⍵ + 7

[ 5:]:
-$1{x} >= 0 ? -3$1{x}+0
$1{x} >= 1 ? 3$1{x}+0

[ 6:]:
-$1{x} >= 0 ? -3$1{x}+0
$1{x} >= 1 ? 3$1{x}+0

[ 7:]:
-$1{x} >= 1 ? -3$1{x}-1
$1{x} == 0 ? 0.
$1{x} >= 1 ? 3$1{x}-1

[ 8:]:
-$1{x} >= 1 ? -3$1{x}+4
$1{x} == 0 ? 0.
$1{x} >= 1 ? 3$1{x}-2

[ 9:]:
-$1{x} >= 0 ? -3$1{x}+0
$1{x} >= 1 ? 3$1{x}+0

[10:]:
-$1{x} >= 1 ? -3$1{x}-2
$1{x} == 0 ? 0.
$1{x} >= 1 ? 3$1{x}+4

[11:]:
-$1{x} >= 0 ? -3$1{x}+0
$1{x} >= 1 ? 3$1{x}+0

[12:]:
-$1{x} >= 0 ? -3$1{x}+0
$1{x} >= 1 ? 3$1{x}+0

[13:]:
-$1{x} >= 1 ?  (1)⍵ + 8
$1{x} == 0 ? 0.
$1{x} >= 1 ?  (1)⍵ + 8

[14:]:
top ? bottom


Analysis Result: TRUE
